parameters: n=9 l=4 k=1 p=5 q=2 m=10
TOTAL 1000 solutions found
SOLN: CORRECT | POS/NEG | INT/FRA | OBJ-SCORE | TRUE-ANS | ANS | INFIX | POSTFIX | TYPED-POSTFIX
EXPR: 0 | POS | FRA | 0 | 36.78 | 33.6 | x=((10.62*2)-(1.59-13.95)) | x 10.62 2 * 1.59 13.95 - - = | x:dollar 10.62:dollar 2:ticket *:dollar 1.59:dollar 13.95:dollar -:dollar -:dollar =:dollar
EXPR: 0 | POS | FRA | 0 | 36.78 | 27.75 | ((10.62+(2*1.59))+13.95)=x | 10.62 2 1.59 * + 13.95 + x = | 10.62:dollar 2:ticket 1.59:dollar *:dollar +:dollar 13.95:dollar +:dollar x:dollar =:dollar
EXPR: 0 | POS | FRA | 0 | 36.78 | 8.88 | x=((10.62*2)+(1.59-13.95)) | x 10.62 2 * 1.59 13.95 - + = | x:dollar 10.62:dollar 2:ticket *:dollar 1.59:dollar 13.95:dollar -:dollar +:dollar =:dollar
EXPR: 0 | POS | FRA | 0 | 36.78 | 27.75 | x=((10.62+(2*1.59))+13.95) | x 10.62 2 1.59 * + 13.95 + = | x:dollar 10.62:dollar 2:ticket 1.59:dollar *:dollar +:dollar 13.95:dollar +:dollar =:dollar
EXPR: 0 | POS | FRA | 0 | 36.78 | 17.67 | x=(((10.62/2)-1.59)+13.95) | x 10.62 2 / 1.59 - 13.95 + = | x:dollar 10.62:dollar 2:ticket /:dollar 1.59:dollar -:dollar 13.95:dollar +:dollar =:dollar
EXPR: 0 | POS | FRA | 0 | 36.78 | 41.7 | (10.62+(2*(1.59+13.95)))=x | 10.62 2 1.59 13.95 + * + x = | 10.62:dollar 2:ticket 1.59:dollar 13.95:dollar +:dollar *:dollar +:dollar x:dollar =:dollar
EXPR: 0 | POS | FRA | 0 | 36.78 | 21.39 | ((10.62-(2*1.59))+13.95)=x | 10.62 2 1.59 * - 13.95 + x = | 10.62:dollar 2:ticket 1.59:dollar *:dollar -:dollar 13.95:dollar +:dollar x:dollar =:dollar
EXPR: 0 | POS | FRA | 0 | 36.78 | 21.39 | x=((10.62-(2*1.59))+13.95) | x 10.62 2 1.59 * - 13.95 + = | x:dollar 10.62:dollar 2:ticket 1.59:dollar *:dollar -:dollar 13.95:dollar +:dollar =:dollar
EXPR: 0 | POS | FRA | 0 | 36.78 | 17.67 | x=((10.62/2)-(1.59-13.95)) | x 10.62 2 / 1.59 13.95 - - = | x:dollar 10.62:dollar 2:ticket /:dollar 1.59:dollar 13.95:dollar -:dollar -:dollar =:dollar
EXPR: 0 | POS | FRA | 0 | 36.78 | 20.85 | x=(((10.62/2)+1.59)+13.95) | x 10.62 2 / 1.59 + 13.95 + = | x:dollar 10.62:dollar 2:ticket /:dollar 1.59:dollar +:dollar 13.95:dollar +:dollar =:dollar
EXPR: 0 | POS | FRA | 0 | 36.78 | 27.75 | (10.62+((2*1.59)+13.95))=x | 10.62 2 1.59 * 13.95 + + x = | 10.62:dollar 2:ticket 1.59:dollar *:dollar 13.95:dollar +:dollar +:dollar x:dollar =:dollar
EXPR: 1 | POS | FRA | 0 | 36.78 | 36.78 | x=((10.62*2)+(1.59+13.95)) | x 10.62 2 * 1.59 13.95 + + = | x:dollar 10.62:dollar 2:ticket *:dollar 1.59:dollar 13.95:dollar +:dollar +:dollar =:dollar
EXPR: 0 | POS | FRA | 0 | 36.78 | 5.7 | x=((10.62*2)-(1.59+13.95)) | x 10.62 2 * 1.59 13.95 + - = | x:dollar 10.62:dollar 2:ticket *:dollar 1.59:dollar 13.95:dollar +:dollar -:dollar =:dollar
EXPR: 0 | POS | FRA | 0 | 36.78 | 8.88 | (((10.62*2)+1.59)-13.95)=x | 10.62 2 * 1.59 + 13.95 - x = | 10.62:dollar 2:ticket *:dollar 1.59:dollar +:dollar 13.95:dollar -:dollar x:dollar =:dollar
EXPR: 0 | POS | FRA | 0 | 36.78 | 8.88 | ((10.62*2)+(1.59-13.95))=x | 10.62 2 * 1.59 13.95 - + x = | 10.62:dollar 2:ticket *:dollar 1.59:dollar 13.95:dollar -:dollar +:dollar x:dollar =:dollar
EXPR: 0 | POS | FRA | 0 | 36.78 | 41.7 | x=(10.62+(2*(1.59+13.95))) | x 10.62 2 1.59 13.95 + * + = | x:dollar 10.62:dollar 2:ticket 1.59:dollar 13.95:dollar +:dollar *:dollar +:dollar =:dollar
EXPR: 0 | POS | FRA | 0 | 36.78 | 20.85 | x=((10.62/2)+(1.59+13.95)) | x 10.62 2 / 1.59 13.95 + + = | x:dollar 10.62:dollar 2:ticket /:dollar 1.59:dollar 13.95:dollar +:dollar +:dollar =:dollar
EXPR: 0 | POS | FRA | 0 | 36.78 | 5.7 | (((10.62*2)-1.59)-13.95)=x | 10.62 2 * 1.59 - 13.95 - x = | 10.62:dollar 2:ticket *:dollar 1.59:dollar -:dollar 13.95:dollar -:dollar x:dollar =:dollar
EXPR: 0 | POS | FRA | 0 | 36.78 | 35.34 | (10.62-(2*(1.59-13.95)))=x | 10.62 2 1.59 13.95 - * - x = | 10.62:dollar 2:ticket 1.59:dollar 13.95:dollar -:dollar *:dollar -:dollar x:dollar =:dollar
EXPR: 0 | POS | FRA | 0 | 36.78 | 330.0696 | x=((10.62*2)*(1.59+13.95)) | x 10.62 2 * 1.59 13.95 + * = | x:dollar 10.62:dollar 2:ticket *:ticket 1.59:dollar 13.95:dollar +:dollar *:dollar =:dollar
EXPR: 0 | POS | FRA | 0 | 36.78 | 35.34 | x=(10.62-(2*(1.59-13.95))) | x 10.62 2 1.59 13.95 - * - = | x:dollar 10.62:dollar 2:ticket 1.59:dollar 13.95:dollar -:dollar *:dollar -:dollar =:dollar
EXPR: 0 | POS | FRA | 0 | 36.78 | 21.39 | (10.62-((2*1.59)-13.95))=x | 10.62 2 1.59 * 13.95 - - x = | 10.62:dollar 2:ticket 1.59:dollar *:dollar 13.95:dollar -:dollar -:dollar x:dollar =:dollar
EXPR: 1 | POS | FRA | 0 | 36.78 | 36.78 | (((10.62*2)+1.59)+13.95)=x | 10.62 2 * 1.59 + 13.95 + x = | 10.62:dollar 2:ticket *:dollar 1.59:dollar +:dollar 13.95:dollar +:dollar x:dollar =:dollar
EXPR: 0 | POS | FRA | 0 | 36.78 | 33.6 | (((10.62*2)-1.59)+13.95)=x | 10.62 2 * 1.59 - 13.95 + x = | 10.62:dollar 2:ticket *:dollar 1.59:dollar -:dollar 13.95:dollar +:dollar x:dollar =:dollar
EXPR: 0 | POS | FRA | 0 | 36.78 | 17.67 | (((10.62/2)-1.59)+13.95)=x | 10.62 2 / 1.59 - 13.95 + x = | 10.62:dollar 2:ticket /:dollar 1.59:dollar -:dollar 13.95:dollar +:dollar x:dollar =:dollar
EXPR: 0 | POS | FRA | 0 | 36.78 | 5.7 | ((10.62*2)-(1.59+13.95))=x | 10.62 2 * 1.59 13.95 + - x = | 10.62:dollar 2:ticket *:dollar 1.59:dollar 13.95:dollar +:dollar -:dollar x:dollar =:dollar
EXPR: 1 | POS | FRA | 0 | 36.78 | 36.78 | ((10.62*2)+(1.59+13.95))=x | 10.62 2 * 1.59 13.95 + + x = | 10.62:dollar 2:ticket *:dollar 1.59:dollar 13.95:dollar +:dollar +:dollar x:dollar =:dollar
EXPR: 0 | POS | FRA | 0 | 36.78 | 20.85 | (((10.62/2)+1.59)+13.95)=x | 10.62 2 / 1.59 + 13.95 + x = | 10.62:dollar 2:ticket /:dollar 1.59:dollar +:dollar 13.95:dollar +:dollar x:dollar =:dollar
EXPR: 0 | POS | FRA | 0 | 36.78 | 27.75 | x=(10.62+((2*1.59)+13.95)) | x 10.62 2 1.59 * 13.95 + + = | x:dollar 10.62:dollar 2:ticket 1.59:dollar *:dollar 13.95:dollar +:dollar +:dollar =:dollar
EXPR: 0 | POS | FRA | 0 | 36.78 | 20.85 | ((10.62/2)+(1.59+13.95))=x | 10.62 2 / 1.59 13.95 + + x = | 10.62:dollar 2:ticket /:dollar 1.59:dollar 13.95:dollar +:dollar +:dollar x:dollar =:dollar
EXPR: 0 | POS | FRA | 0 | 36.78 | 21.39 | x=(10.62-((2*1.59)-13.95)) | x 10.62 2 1.59 * 13.95 - - = | x:dollar 10.62:dollar 2:ticket 1.59:dollar *:dollar 13.95:dollar -:dollar -:dollar =:dollar
EXPR: 0 | POS | FRA | 0 | 36.78 | 8.88 | x=(((10.62*2)+1.59)-13.95) | x 10.62 2 * 1.59 + 13.95 - = | x:dollar 10.62:dollar 2:ticket *:dollar 1.59:dollar +:dollar 13.95:dollar -:dollar =:dollar
EXPR: 0 | POS | FRA | 0 | 36.78 | 33.6 | ((10.62*2)-(1.59-13.95))=x | 10.62 2 * 1.59 13.95 - - x = | 10.62:dollar 2:ticket *:dollar 1.59:dollar 13.95:dollar -:dollar -:dollar x:dollar =:dollar
EXPR: 0 | POS | FRA | 0 | 36.78 | 17.67 | ((10.62/2)-(1.59-13.95))=x | 10.62 2 / 1.59 13.95 - - x = | 10.62:dollar 2:ticket /:dollar 1.59:dollar 13.95:dollar -:dollar -:dollar x:dollar =:dollar
EXPR: 0 | POS | FRA | 0 | 36.78 | 33.6 | x=(((10.62*2)-1.59)+13.95) | x 10.62 2 * 1.59 - 13.95 + = | x:dollar 10.62:dollar 2:ticket *:dollar 1.59:dollar -:dollar 13.95:dollar +:dollar =:dollar
EXPR: 0 | POS | FRA | 0 | 36.78 | 330.0696 | ((10.62*2)*(1.59+13.95))=x | 10.62 2 * 1.59 13.95 + * x = | 10.62:dollar 2:ticket *:ticket 1.59:dollar 13.95:dollar +:dollar *:dollar x:dollar =:dollar
EXPR: 1 | POS | FRA | 0 | 36.78 | 36.78 | x=(((10.62*2)+1.59)+13.95) | x 10.62 2 * 1.59 + 13.95 + = | x:dollar 10.62:dollar 2:ticket *:dollar 1.59:dollar +:dollar 13.95:dollar +:dollar =:dollar
EXPR: 0 | POS | FRA | 0 | 36.78 | 5.7 | x=(((10.62*2)-1.59)-13.95) | x 10.62 2 * 1.59 - 13.95 - = | x:dollar 10.62:dollar 2:ticket *:dollar 1.59:dollar -:dollar 13.95:dollar -:dollar =:dollar
EXPR: 0 | POS | FRA | 2 | 36.78 | 0.15 | ((10.62+(2*1.59))+x)=13.95 | 10.62 2 1.59 * + x + 13.95 = | 10.62:dollar 2:ticket 1.59:dollar *:dollar +:dollar x:dollar +:dollar 13.95:dollar =:dollar
EXPR: 0 | POS | FRA | 2 | 36.78 | 35.34 | (10.62+(2*(13.95-1.59)))=x | 10.62 2 13.95 1.59 - * + x = | 10.62:dollar 2:ticket 13.95:dollar 1.59:dollar -:dollar *:dollar +:dollar x:dollar =:dollar
EXPR: 0 | POS | FRA | 2 | 36.78 | 10.23 | ((10.62/2)+(x-1.59))=13.95 | 10.62 2 / x 1.59 - + 13.95 = | 10.62:dollar 2:ticket /:dollar x:dollar 1.59:dollar -:dollar +:dollar 13.95:dollar =:dollar
EXPR: 0 | POS | FRA | 2 | 36.78 | 5.7 | (((10.62*2)-13.95)-1.59)=x | 10.62 2 * 13.95 - 1.59 - x = | 10.62:dollar 2:ticket *:dollar 13.95:dollar -:dollar 1.59:dollar -:dollar x:dollar =:dollar
EXPR: 0 | POS | FRA | 2 | 36.78 | 20.85 | x=(((10.62/2)+13.95)+1.59) | x 10.62 2 / 13.95 + 1.59 + = | x:dollar 10.62:dollar 2:ticket /:dollar 13.95:dollar +:dollar 1.59:dollar +:dollar =:dollar
EXPR: 0 | POS | FRA | 2 | 36.78 | 0.075 | (10.62+(2*(1.59+x)))=13.95 | 10.62 2 1.59 x + * + 13.95 = | 10.62:dollar 2:ticket 1.59:dollar x:dollar +:dollar *:dollar +:dollar 13.95:dollar =:dollar
EXPR: 0 | POS | FRA | 2 | 36.78 | 8.88 | ((10.62*2)+(1.59-x))=13.95 | 10.62 2 * 1.59 x - + 13.95 = | 10.62:dollar 2:ticket *:dollar 1.59:dollar x:dollar -:dollar +:dollar 13.95:dollar =:dollar
EXPR: 0 | POS | FRA | 2 | 36.78 | 36.93 | x=(10.62+((2*13.95)-1.59)) | x 10.62 2 13.95 * 1.59 - + = | x:dollar 10.62:dollar 2:ticket 13.95:dollar *:dollar 1.59:dollar -:dollar +:dollar =:dollar
EXPR: 0 | POS | FRA | 2 | 36.78 | 3.255 | (10.62-(2*(1.59-x)))=13.95 | 10.62 2 1.59 x - * - 13.95 = | 10.62:dollar 2:ticket 1.59:dollar x:dollar -:dollar *:dollar -:dollar 13.95:dollar =:dollar
EXPR: 0 | POS | FRA | 2 | 36.78 | 5.7 | (((10.62*2)-1.59)-x)=13.95 | 10.62 2 * 1.59 - x - 13.95 = | 10.62:dollar 2:ticket *:dollar 1.59:dollar -:dollar x:dollar -:dollar 13.95:dollar =:dollar
EXPR: 0 | POS | FRA | 2 | 36.78 | 33.6 | x=(((10.62*2)+13.95)-1.59) | x 10.62 2 * 13.95 + 1.59 - = | x:dollar 10.62:dollar 2:ticket *:dollar 13.95:dollar +:dollar 1.59:dollar -:dollar =:dollar
EXPR: 1 | POS | FRA | 2 | 36.78 | 36.78 | x=(((10.62*2)+13.95)+1.59) | x 10.62 2 * 13.95 + 1.59 + = | x:dollar 10.62:dollar 2:ticket *:dollar 13.95:dollar +:dollar 1.59:dollar +:dollar =:dollar
EXPR: 0 | POS | FRA | 2 | 36.78 | 7.05 | (((10.62/2)+1.59)+x)=13.95 | 10.62 2 / 1.59 + x + 13.95 = | 10.62:dollar 2:ticket /:dollar 1.59:dollar +:dollar x:dollar +:dollar 13.95:dollar =:dollar
EXPR: 0 | POS | FRA | 2 | 36.78 | 6.51 | (10.62-((2*1.59)-x))=13.95 | 10.62 2 1.59 * x - - 13.95 = | 10.62:dollar 2:ticket 1.59:dollar *:dollar x:dollar -:dollar -:dollar 13.95:dollar =:dollar
EXPR: 0 | POS | FRA | 4 | 36.78 | 5.7 | (((10.62*2)-x)-13.95)=1.59 | 10.62 2 * x - 13.95 - 1.59 = | 10.62:dollar 2:ticket *:dollar x:dollar -:dollar 13.95:dollar -:dollar 1.59:dollar =:dollar
EXPR: 0 | POS | FRA | 4 | 36.78 | 33.6 | ((10.62*2)+(13.95-x))=1.59 | 10.62 2 * 13.95 x - + 1.59 = | 10.62:dollar 2:ticket *:dollar 13.95:dollar x:dollar -:dollar +:dollar 1.59:dollar =:dollar
EXPR: 0 | POS | FRA | 4 | 36.78 | 41.7 | (((x-10.62)/2)-13.95)=1.59 | x 10.62 - 2 / 13.95 - 1.59 = | x:dollar 10.62:dollar -:dollar 2:ticket /:dollar 13.95:dollar -:dollar 1.59:dollar =:dollar
EXPR: 0 | POS | FRA | 4 | 36.78 | 18.39 | (((x-10.62)*2)-13.95)=1.59 | x 10.62 - 2 * 13.95 - 1.59 = | x:dollar 10.62:dollar -:dollar 2:ticket *:dollar 13.95:dollar -:dollar 1.59:dollar =:dollar
EXPR: 0 | POS | FRA | 4 | 36.78 | 18.465 | (10.62-(2*(x-13.95)))=1.59 | 10.62 2 x 13.95 - * - 1.59 = | 10.62:dollar 2:ticket x:dollar 13.95:dollar -:dollar *:dollar -:dollar 1.59:dollar =:dollar
EXPR: 0 | POS | FRA | 4 | 36.78 | 5.7 | ((10.62*2)-(x+13.95))=1.59 | 10.62 2 * x 13.95 + - 1.59 = | 10.62:dollar 2:ticket *:dollar x:dollar 13.95:dollar +:dollar -:dollar 1.59:dollar =:dollar
EXPR: 0 | POS | FRA | 4 | 36.78 | 18.87 | (10.62-((2*13.95)-x))=1.59 | 10.62 2 13.95 * x - - 1.59 = | 10.62:dollar 2:ticket 13.95:dollar *:dollar x:dollar -:dollar -:dollar 1.59:dollar =:dollar
EXPR: 1 | POS | FRA | 4 | 36.78 | 36.78 | (x-((10.62*2)+13.95))=1.59 | x 10.62 2 * 13.95 + - 1.59 = | x:dollar 10.62:dollar 2:ticket *:dollar 13.95:dollar +:dollar -:dollar 1.59:dollar =:dollar
EXPR: 0 | POS | FRA | 4 | 36.78 | 17.67 | ((10.62/2)+(13.95-x))=1.59 | 10.62 2 / 13.95 x - + 1.59 = | 10.62:dollar 2:ticket /:dollar 13.95:dollar x:dollar -:dollar +:dollar 1.59:dollar =:dollar
EXPR: 0 | POS | FRA | 4 | 36.78 | 2.46 | (10.62-(1.59-(x*2)))=13.95 | 10.62 1.59 x 2 * - - 13.95 = | 10.62:dollar 1.59:dollar x:dollar 2:ticket *:dollar -:dollar -:dollar 13.95:dollar =:dollar
EXPR: 0 | POS | FRA | 5 | 36.78 | 52.32 | x=(2*(1.59+(10.62+13.95))) | x 2 1.59 10.62 13.95 + + * = | x:dollar 2:ticket 1.59:dollar 10.62:dollar 13.95:dollar +:dollar +:dollar *:dollar =:dollar
EXPR: 0 | POS | FRA | 6 | 36.78 | 8.25 | (x+(2*(10.62-13.95)))=1.59 | x 2 10.62 13.95 - * + 1.59 = | x:dollar 2:ticket 10.62:dollar 13.95:dollar -:dollar *:dollar +:dollar 1.59:dollar =:dollar
EXPR: 0 | POS | FRA | 6 | 36.78 | 2.46 | ((x*2)+(10.62-13.95))=1.59 | x 2 * 10.62 13.95 - + 1.59 = | x:dollar 2:ticket *:dollar 10.62:dollar 13.95:dollar -:dollar +:dollar 1.59:dollar =:dollar
EXPR: 0 | POS | FRA | 6 | 36.78 | 23.775 | (2*(10.62-(x-13.95)))=1.59 | 2 10.62 x 13.95 - - * 1.59 = | 2:ticket 10.62:dollar x:dollar 13.95:dollar -:dollar -:dollar *:dollar 1.59:dollar =:dollar
EXPR: 0 | POS | FRA | 6 | 36.78 | 0.0323565323565324 | ((2*x)*(10.62+13.95))=1.59 | 2 x * 10.62 13.95 + * 1.59 = | 2:ticket x:dollar *:ticket 10.62:dollar 13.95:dollar +:dollar *:dollar 1.59:dollar =:dollar
EXPR: 0 | POS | FRA | 7 | 36.78 | 50.73 | x=(1.59+(2*(10.62+13.95))) | x 1.59 2 10.62 13.95 + * + = | x:dollar 1.59:dollar 2:ticket 10.62:dollar 13.95:dollar +:dollar *:dollar +:dollar =:dollar
EXPR: 0 | POS | FRA | 7 | 36.78 | 11.49 | (((x*2)+1.59)-10.62)=13.95 | x 2 * 1.59 + 10.62 - 13.95 = | x:dollar 2:ticket *:dollar 1.59:dollar +:dollar 10.62:dollar -:dollar 13.95:dollar =:dollar
EXPR: 0 | POS | FRA | 7 | 36.78 | 45.96 | (((x/2)+1.59)-10.62)=13.95 | x 2 / 1.59 + 10.62 - 13.95 = | x:dollar 2:ticket /:dollar 1.59:dollar +:dollar 10.62:dollar -:dollar 13.95:dollar =:dollar
EXPR: 0 | POS | FRA | 7 | 36.78 | 11.49 | ((x*2)+(1.59-10.62))=13.95 | x 2 * 1.59 10.62 - + 13.95 = | x:dollar 2:ticket *:dollar 1.59:dollar 10.62:dollar -:dollar +:dollar 13.95:dollar =:dollar
EXPR: 0 | POS | FRA | 7 | 36.78 | 4.125 | ((1.59/2)-(10.62-13.95))=x | 1.59 2 / 10.62 13.95 - - x = | 1.59:dollar 2:ticket /:dollar 10.62:dollar 13.95:dollar -:dollar -:dollar x:dollar =:dollar
EXPR: 0 | POS | FRA | 7 | 36.78 | 2.46 | (10.62-(13.95-(x*2)))=1.59 | 10.62 13.95 x 2 * - - 1.59 = | 10.62:dollar 13.95:dollar x:dollar 2:ticket *:dollar -:dollar -:dollar 1.59:dollar =:dollar
EXPR: 0 | POS | FRA | 10 | 36.78 | 0.989247311827957 | x=((10.62+(2*1.59))/13.95) | x 10.62 2 1.59 * + 13.95 / = | x:dollar 10.62:dollar 2:ticket 1.59:dollar *:dollar +:dollar 13.95:ticket /:dollar =:dollar
EXPR: 0 | POS | FRA | 10 | 36.78 | 0.533333333333333 | x=((10.62-(2*1.59))/13.95) | x 10.62 2 1.59 * - 13.95 / = | x:dollar 10.62:dollar 2:ticket 1.59:dollar *:dollar -:dollar 13.95:ticket /:dollar =:dollar
EXPR: 0 | POS | FRA | 10 | 36.78 | 6.1158 | x=(((10.62+2)*1.59)-13.95) | x 10.62 2 + 1.59 * 13.95 - = | x:dollar 10.62:ticket 2:ticket +:ticket 1.59:dollar *:dollar 13.95:dollar -:dollar =:dollar
EXPR: 0 | POS | FRA | 10 | 36.78 | 318.4785 | x=(((10.62*2)+1.59)*13.95) | x 10.62 2 * 1.59 + 13.95 * = | x:dollar 10.62:dollar 2:ticket *:ticket 1.59:ticket +:ticket 13.95:dollar *:dollar =:dollar
EXPR: 0 | POS | FRA | 10 | 36.78 | 274.1175 | x=(((10.62*2)-1.59)*13.95) | x 10.62 2 * 1.59 - 13.95 * = | x:dollar 10.62:dollar 2:ticket *:ticket 1.59:ticket -:ticket 13.95:dollar *:dollar =:dollar
EXPR: 0 | POS | FRA | 10 | 36.78 | 2.46 | (((x*2)-13.95)+10.62)=1.59 | x 2 * 13.95 - 10.62 + 1.59 = | x:dollar 2:ticket *:dollar 13.95:dollar -:dollar 10.62:dollar +:dollar 1.59:dollar =:dollar
EXPR: 0 | POS | FRA | 10 | 36.78 | 9.84 | (((x/2)-13.95)+10.62)=1.59 | x 2 / 13.95 - 10.62 + 1.59 = | x:dollar 2:ticket /:dollar 13.95:dollar -:dollar 10.62:dollar +:dollar 1.59:dollar =:dollar
EXPR: 0 | POS | FRA | 10 | 36.78 | 133.9548 | x=((10.62-2)*(1.59+13.95)) | x 10.62 2 - 1.59 13.95 + * = | x:dollar 10.62:ticket 2:ticket -:ticket 1.59:dollar 13.95:dollar +:dollar *:dollar =:dollar
EXPR: 0 | POS | FRA | 10 | 36.78 | 16.3395 | x=(10.62+((2-1.59)*13.95)) | x 10.62 2 1.59 - 13.95 * + = | x:dollar 10.62:dollar 2:ticket 1.59:ticket -:ticket 13.95:dollar *:dollar +:dollar =:dollar
EXPR: 0 | POS | FRA | 10 | 36.78 | 24.16 | x=(10.62-(2-(1.59+13.95))) | x 10.62 2 1.59 13.95 + - - = | x:dollar 10.62:dollar 2:dollar 1.59:dollar 13.95:dollar +:dollar -:dollar -:dollar =:dollar
EXPR: 0 | POS | FRA | 10 | 36.78 | 27.4905 | ((10.62/2)+(1.59*13.95))=x | 10.62 2 / 1.59 13.95 * + x = | 10.62:dollar 2:ticket /:dollar 1.59:ticket 13.95:dollar *:dollar +:dollar x:dollar =:dollar
EXPR: 0 | POS | FRA | 10 | 36.78 | 51.894 | (((10.62/2)-1.59)*13.95)=x | 10.62 2 / 1.59 - 13.95 * x = | 10.62:dollar 2:ticket /:dollar 1.59:dollar -:dollar 13.95:ticket *:dollar x:dollar =:dollar
EXPR: 0 | POS | FRA | 10 | 36.78 | 60.7005 | x=(10.62+((2+1.59)*13.95)) | x 10.62 2 1.59 + 13.95 * + = | x:dollar 10.62:dollar 2:ticket 1.59:ticket +:ticket 13.95:dollar *:dollar +:dollar =:dollar
EXPR: 0 | POS | FRA | 10 | 36.78 | 4.9005 | x=(10.62-((2-1.59)*13.95)) | x 10.62 2 1.59 - 13.95 * - = | x:dollar 10.62:dollar 2:ticket 1.59:ticket -:ticket 13.95:dollar *:dollar -:dollar =:dollar
EXPR: 0 | POS | FRA | 10 | 36.78 | 27.6558 | x=(((10.62-2)*1.59)+13.95) | x 10.62 2 - 1.59 * 13.95 + = | x:dollar 10.62:ticket 2:ticket -:ticket 1.59:dollar *:dollar 13.95:dollar +:dollar =:dollar
EXPR: 0 | POS | FRA | 11 | 36.78 | 45.96 | ((x/2)+(1.59-13.95))=10.62 | x 2 / 1.59 13.95 - + 10.62 = | x:dollar 2:ticket /:dollar 1.59:dollar 13.95:dollar -:dollar +:dollar 10.62:dollar =:dollar
EXPR: 0 | POS | FRA | 11 | 36.78 | 19.185 | x=(((13.95/2)+10.62)+1.59) | x 13.95 2 / 10.62 + 1.59 + = | x:dollar 13.95:dollar 2:ticket /:dollar 10.62:dollar +:dollar 1.59:dollar +:dollar =:dollar
EXPR: 0 | POS | FRA | 11 | 36.78 | 11.49 | ((x*2)+(1.59-13.95))=10.62 | x 2 * 1.59 13.95 - + 10.62 = | x:dollar 2:ticket *:dollar 1.59:dollar 13.95:dollar -:dollar +:dollar 10.62:dollar =:dollar
EXPR: 0 | POS | FRA | 11 | 36.78 | 3.255 | (x-((13.95-10.62)/2))=1.59 | x 13.95 10.62 - 2 / - 1.59 = | x:dollar 13.95:dollar 10.62:dollar -:dollar 2:ticket /:dollar -:dollar 1.59:dollar =:dollar
EXPR: 0 | POS | FRA | 12 | 36.78 | 10.7196865203762 | (10.62+(1.59/(2+13.95)))=x | 10.62 1.59 2 13.95 + / + x = | 10.62:dollar 1.59:dollar 2:ticket 13.95:ticket +:ticket /:dollar +:dollar x:dollar =:dollar
EXPR: 0 | POS | FRA | 12 | 36.78 | 33.6 | (10.62*2)=(x+(1.59-13.95)) | 10.62 2 * x 1.59 13.95 - + = | 10.62:dollar 2:ticket *:dollar x:dollar 1.59:dollar 13.95:dollar -:dollar +:dollar =:dollar
EXPR: 0 | POS | FRA | 12 | 36.78 | 106.5432 | x=((2-10.62)*(1.59-13.95)) | x 2 10.62 - 1.59 13.95 - * = | x:dollar 2:ticket 10.62:ticket -:ticket 1.59:dollar 13.95:dollar -:dollar *:dollar =:dollar
EXPR: 0 | POS | FRA | 12 | 36.78 | 0.611038107752957 | (((10.62*2)+1.59)*x)=13.95 | 10.62 2 * 1.59 + x * 13.95 = | 10.62:dollar 2:ticket *:dollar 1.59:dollar +:dollar x:ticket *:dollar 13.95:dollar =:dollar
EXPR: 0 | POS | FRA | 12 | 36.78 | 1.63655913978495 | (((10.62*2)+1.59)/x)=13.95 | 10.62 2 * 1.59 + x / 13.95 = | 10.62:dollar 2:ticket *:dollar 1.59:dollar +:dollar x:ticket /:dollar 13.95:dollar =:dollar
EXPR: 0 | POS | FRA | 12 | 36.78 | 1.40860215053763 | (((10.62*2)-1.59)/x)=13.95 | 10.62 2 * 1.59 - x / 13.95 = | 10.62:dollar 2:ticket *:dollar 1.59:dollar -:dollar x:ticket /:dollar 13.95:dollar =:dollar
EXPR: 0 | POS | FRA | 12 | 36.78 | 52.32 | (2*(10.62+(1.59+13.95)))=x | 2 10.62 1.59 13.95 + + * x = | 2:ticket 10.62:dollar 1.59:dollar 13.95:dollar +:dollar +:dollar *:ticket x:ticket =:ticket
EXPR: 0 | POS | FRA | 12 | 36.78 | 5.43396226415094 | ((10.62/2)+(1.59*x))=13.95 | 10.62 2 / 1.59 x * + 13.95 = | 10.62:dollar 2:ticket /:dollar 1.59:ticket x:dollar *:dollar +:dollar 13.95:dollar =:dollar
EXPR: 0 | POS | FRA | 12 | 36.78 | 55.9521 | x=(((10.62*2)+13.95)*1.59) | x 10.62 2 * 13.95 + 1.59 * = | x:dollar 10.62:dollar 2:ticket *:dollar 13.95:dollar +:dollar 1.59:ticket *:dollar =:dollar
EXPR: 0 | POS | FRA | 12 | 36.78 | 263.45691 | (((10.62*1.59)+2)*13.95)=x | 10.62 1.59 * 2 + 13.95 * x = | 10.62:dollar 1.59:ticket *:ticket 2:ticket +:ticket 13.95:dollar *:dollar x:dollar =:dollar
EXPR: 0 | POS | FRA | 12 | 36.78 | 0.709923664122137 | (x*((10.62*2)-1.59))=13.95 | x 10.62 2 * 1.59 - * 13.95 = | x:dollar 10.62:dollar 2:ticket *:ticket 1.59:ticket -:ticket *:dollar 13.95:dollar =:dollar
EXPR: 0 | POS | FRA | 12 | 36.78 | 0.611038107752957 | (x*((10.62*2)+1.59))=13.95 | x 10.62 2 * 1.59 + * 13.95 = | x:dollar 10.62:dollar 2:ticket *:ticket 1.59:ticket +:ticket *:dollar 13.95:dollar =:dollar
EXPR: 0 | POS | FRA | 12 | 36.78 | 118.659 | (((10.62-2)*13.95)-1.59)=x | 10.62 2 - 13.95 * 1.59 - x = | 10.62:ticket 2:ticket -:ticket 13.95:dollar *:dollar 1.59:dollar -:dollar x:dollar =:dollar
EXPR: 0 | POS | FRA | 12 | 36.78 | 121.839 | (((10.62-2)*13.95)+1.59)=x | 10.62 2 - 13.95 * 1.59 + x = | 10.62:ticket 2:ticket -:ticket 13.95:dollar *:dollar 1.59:dollar +:dollar x:dollar =:dollar
EXPR: 0 | POS | FRA | 12 | 36.78 | 24.16 | ((10.62+(1.59-2))+13.95)=x | 10.62 1.59 2 - + 13.95 + x = | 10.62:dollar 1.59:dollar 2:dollar -:dollar +:dollar 13.95:dollar +:dollar x:dollar =:dollar
EXPR: 0 | POS | FRA | 12 | 36.78 | 24.98 | ((10.62-(1.59-2))+13.95)=x | 10.62 1.59 2 - - 13.95 + x = | 10.62:dollar 1.59:dollar 2:dollar -:dollar -:dollar 13.95:dollar +:dollar x:dollar =:dollar
EXPR: 0 | POS | FRA | 13 | 36.78 | 4.125 | (((1.59/2)+13.95)-x)=10.62 | 1.59 2 / 13.95 + x - 10.62 = | 1.59:dollar 2:ticket /:dollar 13.95:dollar +:dollar x:dollar -:dollar 10.62:dollar =:dollar
EXPR: 0 | POS | FRA | 14 | 36.78 | 21.39 | x=((13.95-(2*1.59))+10.62) | x 13.95 2 1.59 * - 10.62 + = | x:dollar 13.95:dollar 2:ticket 1.59:dollar *:dollar -:dollar 10.62:dollar +:dollar =:dollar
EXPR: 0 | POS | FRA | 14 | 36.78 | 16.005 | x=(((13.95/2)-1.59)+10.62) | x 13.95 2 / 1.59 - 10.62 + = | x:dollar 13.95:dollar 2:ticket /:dollar 1.59:dollar -:dollar 10.62:dollar +:dollar =:dollar
EXPR: 0 | POS | FRA | 14 | 36.78 | 6.92 | (((x+10.62)-2)-13.95)=1.59 | x 10.62 + 2 - 13.95 - 1.59 = | x:dollar 10.62:dollar +:dollar 2:dollar -:dollar 13.95:dollar -:dollar 1.59:dollar =:dollar
EXPR: 0 | POS | FRA | 14 | 36.78 | 2.77683615819209 | (((x*10.62)-1.59)/2)=13.95 | x 10.62 * 1.59 - 2 / 13.95 = | x:dollar 10.62:ticket *:dollar 1.59:dollar -:dollar 2:ticket /:dollar 13.95:dollar =:dollar
EXPR: 0 | POS | FRA | 14 | 36.78 | 19.185 | x=(((13.95/2)+1.59)+10.62) | x 13.95 2 / 1.59 + 10.62 + = | x:dollar 13.95:dollar 2:ticket /:dollar 1.59:dollar +:dollar 10.62:dollar +:dollar =:dollar
EXPR: 0 | POS | FRA | 14 | 36.78 | 24.98 | (((10.62-x)+2)+13.95)=1.59 | 10.62 x - 2 + 13.95 + 1.59 = | 10.62:dollar x:dollar -:dollar 2:dollar +:dollar 13.95:dollar +:dollar 1.59:dollar =:dollar
EXPR: 0 | POS | FRA | 14 | 36.78 | 10.23 | (10.62/2)=(13.95-(x-1.59)) | 10.62 2 / 13.95 x 1.59 - - = | 10.62:dollar 2:ticket /:dollar 13.95:dollar x:dollar 1.59:dollar -:dollar -:dollar =:dollar
EXPR: 0 | POS | FRA | 14 | 36.78 | 22.4799350282486 | (((2/10.62)+13.95)*1.59)=x | 2 10.62 / 13.95 + 1.59 * x = | 2:ticket 10.62:dollar /:ticket 13.95:ticket +:ticket 1.59:dollar *:dollar x:dollar =:dollar
EXPR: 0 | POS | FRA | 14 | 36.78 | 0.266666666666667 | ((10.62/2)-(x*13.95))=1.59 | 10.62 2 / x 13.95 * - 1.59 = | 10.62:dollar 2:ticket /:dollar x:ticket 13.95:dollar *:dollar -:dollar 1.59:dollar =:dollar
EXPR: 0 | POS | FRA | 14 | 36.78 | 1.40860215053763 | ((10.62*2)-(x*13.95))=1.59 | 10.62 2 * x 13.95 * - 1.59 = | 10.62:dollar 2:ticket *:dollar x:ticket 13.95:dollar *:dollar -:dollar 1.59:dollar =:dollar
EXPR: 0 | POS | FRA | 14 | 36.78 | 0.536723163841808 | (((2-x)*10.62)-1.59)=13.95 | 2 x - 10.62 * 1.59 - 13.95 = | 2:ticket x:ticket -:ticket 10.62:dollar *:dollar 1.59:dollar -:dollar 13.95:dollar =:dollar
EXPR: 0 | POS | FRA | 14 | 36.78 | 0.836158192090395 | (((2-x)*10.62)+1.59)=13.95 | 2 x - 10.62 * 1.59 + 13.95 = | 2:ticket x:ticket -:ticket 10.62:dollar *:dollar 1.59:dollar +:dollar 13.95:dollar =:dollar
EXPR: 0 | POS | FRA | 14 | 36.78 | 1.4679 | ((10.62*1.59)-(2*x))=13.95 | 10.62 1.59 * 2 x * - 13.95 = | 10.62:ticket 1.59:dollar *:dollar 2:ticket x:dollar *:dollar -:dollar 13.95:dollar =:dollar
EXPR: 0 | POS | FRA | 14 | 36.78 | 2.92 | ((10.62-(1.59-2))+x)=13.95 | 10.62 1.59 2 - - x + 13.95 = | 10.62:dollar 1.59:dollar 2:dollar -:dollar -:dollar x:dollar +:dollar 13.95:dollar =:dollar
EXPR: 0 | POS | FRA | 14 | 36.78 | 0.937134718993941 | (x*((10.62*1.59)-2))=13.95 | x 10.62 1.59 * 2 - * 13.95 = | x:dollar 10.62:dollar 1.59:ticket *:ticket 2:ticket -:ticket *:dollar 13.95:dollar =:dollar
EXPR: 0 | POS | FRA | 15 | 36.78 | 20.98 | (((10.62+13.95)-2)-1.59)=x | 10.62 13.95 + 2 - 1.59 - x = | 10.62:dollar 13.95:dollar +:dollar 2:dollar -:dollar 1.59:dollar -:dollar x:dollar =:dollar
EXPR: 0 | POS | FRA | 15 | 36.78 | 3.94129032258065 | ((10.62/13.95)+(2*1.59))=x | 10.62 13.95 / 2 1.59 * + x = | 10.62:dollar 13.95:ticket /:dollar 2:ticket 1.59:dollar *:dollar +:dollar x:dollar =:dollar
EXPR: 0 | POS | FRA | 15 | 36.78 | 144.969 | ((10.62*13.95)-(2*1.59))=x | 10.62 13.95 * 2 1.59 * - x = | 10.62:dollar 13.95:ticket *:dollar 2:ticket 1.59:dollar *:dollar -:dollar x:dollar =:dollar
EXPR: 0 | POS | FRA | 15 | 36.78 | 0.26 | x=(10.62-(13.95-(2+1.59))) | x 10.62 13.95 2 1.59 + - - = | x:dollar 10.62:dollar 13.95:dollar 2:dollar 1.59:dollar +:dollar -:dollar -:dollar =:dollar
EXPR: 0 | POS | FRA | 15 | 36.78 | 232.37691 | (((10.62*13.95)-2)*1.59)=x | 10.62 13.95 * 2 - 1.59 * x = | 10.62:dollar 13.95:ticket *:ticket 2:ticket -:ticket 1.59:dollar *:dollar x:dollar =:dollar
EXPR: 0 | POS | FRA | 15 | 36.78 | 24.16 | x=(10.62+((1.59+13.95)-2)) | x 10.62 1.59 13.95 + 2 - + = | x:dollar 10.62:dollar 1.59:dollar 13.95:dollar +:dollar 2:dollar -:dollar +:dollar =:dollar
EXPR: 0 | POS | FRA | 15 | 36.78 | 20.98 | x=(10.62-((1.59-13.95)+2)) | x 10.62 1.59 13.95 - 2 + - = | x:dollar 10.62:dollar 1.59:dollar 13.95:dollar -:dollar 2:dollar +:dollar -:dollar =:dollar
EXPR: 0 | POS | FRA | 15 | 36.78 | 0.526250588439335 | (10.62/((1.59*13.95)-2))=x | 10.62 1.59 13.95 * 2 - / x = | 10.62:dollar 1.59:dollar 13.95:ticket *:ticket 2:ticket -:ticket /:dollar x:dollar =:dollar
EXPR: 0 | POS | FRA | 15 | 36.78 | 0.439196873513782 | (10.62/((1.59*13.95)+2))=x | 10.62 1.59 13.95 * 2 + / x = | 10.62:dollar 1.59:dollar 13.95:ticket *:ticket 2:ticket +:ticket /:dollar x:dollar =:dollar
EXPR: 0 | POS | FRA | 15 | 36.78 | 18.3042 | (((2-1.59)*10.62)+13.95)=x | 2 1.59 - 10.62 * 13.95 + x = | 2:ticket 1.59:ticket -:ticket 10.62:dollar *:dollar 13.95:dollar +:dollar x:dollar =:dollar
EXPR: 0 | POS | FRA | 15 | 36.78 | 2.92 | ((1.59-10.62)-(2-13.95))=x | 1.59 10.62 - 2 13.95 - - x = | 1.59:dollar 10.62:dollar -:dollar 2:dollar 13.95:dollar -:dollar -:dollar x:dollar =:dollar
EXPR: 0 | POS | FRA | 16 | 36.78 | 0.302302411761133 | ((x-(2/10.62))*13.95)=1.59 | x 2 10.62 / - 13.95 * 1.59 = | x:ticket 2:ticket 10.62:dollar /:ticket -:ticket 13.95:dollar *:dollar 1.59:dollar =:dollar
EXPR: 0 | POS | FRA | 16 | 36.78 | 5.235 | ((13.95/2)+(x-1.59))=10.62 | 13.95 2 / x 1.59 - + 10.62 = | 13.95:dollar 2:ticket /:dollar x:dollar 1.59:dollar -:dollar +:dollar 10.62:dollar =:dollar
EXPR: 0 | POS | FRA | 16 | 36.78 | 74.8695 | ((x*2)-(10.62*13.95))=1.59 | x 2 * 10.62 13.95 * - 1.59 = | x:dollar 2:ticket *:dollar 10.62:ticket 13.95:dollar *:dollar -:dollar 1.59:dollar =:dollar
EXPR: 0 | POS | FRA | 16 | 36.78 | 23.3121383647799 | (2/(10.62-(x-13.95)))=1.59 | 2 10.62 x 13.95 - - / 1.59 = | 2:ticket 10.62:dollar x:dollar 13.95:dollar -:dollar -:dollar /:ticket 1.59:ticket =:ticket
EXPR: 0 | POS | FRA | 17 | 36.78 | 28.16 | ((x-1.59)-(10.62+2))=13.95 | x 1.59 - 10.62 2 + - 13.95 = | x:dollar 1.59:dollar -:dollar 10.62:dollar 2:dollar +:dollar -:dollar 13.95:dollar =:dollar
EXPR: 0 | POS | FRA | 17 | 36.78 | 24.16 | ((x-10.62)-(13.95-2))=1.59 | x 10.62 - 13.95 2 - - 1.59 = | x:dollar 10.62:dollar -:dollar 13.95:dollar 2:dollar -:dollar -:dollar 1.59:dollar =:dollar
EXPR: 0 | POS | FRA | 17 | 36.78 | 0.010879308103374 | (((10.62*13.95)-2)*x)=1.59 | 10.62 13.95 * 2 - x * 1.59 = | 10.62:dollar 13.95:ticket *:ticket 2:ticket -:ticket x:dollar *:dollar 1.59:dollar =:dollar
EXPR: 0 | POS | FRA | 17 | 36.78 | 3.54485049833887 | (10.62-(13.95/(x-2)))=1.59 | 10.62 13.95 x 2 - / - 1.59 = | 10.62:dollar 13.95:dollar x:ticket 2:ticket -:ticket /:dollar -:dollar 1.59:dollar =:dollar
EXPR: 0 | POS | FRA | 17 | 36.78 | 2.64731182795699 | (10.62-(13.95*(x-2)))=1.59 | 10.62 13.95 x 2 - * - 1.59 = | 10.62:dollar 13.95:dollar x:ticket 2:ticket -:ticket *:dollar -:dollar 1.59:dollar =:dollar
EXPR: 0 | POS | FRA | 17 | 36.78 | 1.35268817204301 | (10.62-(13.95*(2-x)))=1.59 | 10.62 13.95 2 x - * - 1.59 = | 10.62:dollar 13.95:dollar 2:ticket x:ticket -:ticket *:dollar -:dollar 1.59:dollar =:dollar
EXPR: 0 | POS | FRA | 17 | 36.78 | 0.622168120646514 | (10.62/((13.95*x)-2))=1.59 | 10.62 13.95 x * 2 - / 1.59 = | 10.62:dollar 13.95:dollar x:ticket *:ticket 2:ticket -:ticket /:dollar 1.59:dollar =:dollar
EXPR: 0 | POS | FRA | 17 | 36.78 | 0.335429769392034 | (10.62/((13.95*x)+2))=1.59 | 10.62 13.95 x * 2 + / 1.59 = | 10.62:dollar 13.95:dollar x:ticket *:ticket 2:ticket +:ticket /:dollar 1.59:dollar =:dollar
EXPR: 0 | POS | FRA | 18 | 36.78 | 74.8695 | x=((1.59+(10.62*13.95))/2) | x 1.59 10.62 13.95 * + 2 / = | x:dollar 1.59:dollar 10.62:dollar 13.95:ticket *:dollar +:dollar 2:ticket /:dollar =:dollar
EXPR: 0 | POS | FRA | 18 | 36.78 | 4.39045161290323 | x=(1.59*((10.62/13.95)+2)) | x 1.59 10.62 13.95 / 2 + * = | x:dollar 1.59:dollar 10.62:ticket 13.95:dollar /:ticket 2:ticket +:ticket *:dollar =:dollar
EXPR: 0 | POS | FRA | 18 | 36.78 | 20.85 | (((x-13.95)-1.59)*2)=10.62 | x 13.95 - 1.59 - 2 * 10.62 = | x:dollar 13.95:dollar -:dollar 1.59:dollar -:dollar 2:ticket *:dollar 10.62:dollar =:dollar
EXPR: 1 | POS | FRA | 18 | 36.78 | 36.78 | (((x-13.95)-1.59)/2)=10.62 | x 13.95 - 1.59 - 2 / 10.62 = | x:dollar 13.95:dollar -:dollar 1.59:dollar -:dollar 2:ticket /:dollar 10.62:dollar =:dollar
EXPR: 0 | POS | FRA | 19 | 36.78 | 6.92 | (10.62-(13.95+(1.59-x)))=2 | 10.62 13.95 1.59 x - + - 2 = | 10.62:dollar 13.95:dollar 1.59:dollar x:dollar -:dollar +:dollar -:dollar 2:dollar =:dollar
EXPR: 0 | POS | FRA | 19 | 36.78 | 24.98 | ((1.59-2)-(10.62-x))=13.95 | 1.59 2 - 10.62 x - - 13.95 = | 1.59:dollar 2:dollar -:dollar 10.62:dollar x:dollar -:dollar -:dollar 13.95:dollar =:dollar
EXPR: 0 | POS | FRA | 19 | 36.78 | 16.3395 | (((2-1.59)*13.95)+10.62)=x | 2 1.59 - 13.95 * 10.62 + x = | 2:ticket 1.59:ticket -:ticket 13.95:dollar *:dollar 10.62:dollar +:dollar x:dollar =:dollar
EXPR: 0 | POS | FRA | 20 | 36.78 | 153.8685 | (((10.62+2)-1.59)*13.95)=x | 10.62 2 + 1.59 - 13.95 * x = | 10.62:dollar 2:dollar +:dollar 1.59:dollar -:dollar 13.95:ticket *:dollar x:dollar =:dollar
EXPR: 0 | POS | FRA | 20 | 36.78 | 98.0685 | (((10.62-2)-1.59)*13.95)=x | 10.62 2 - 1.59 - 13.95 * x = | 10.62:dollar 2:dollar -:dollar 1.59:dollar -:dollar 13.95:ticket *:dollar x:dollar =:dollar
EXPR: 0 | POS | FRA | 20 | 36.78 | 198.2295 | x=((10.62+(2+1.59))*13.95) | x 10.62 2 1.59 + + 13.95 * = | x:dollar 10.62:ticket 2:ticket 1.59:ticket +:ticket +:ticket 13.95:dollar *:dollar =:dollar
EXPR: 0 | POS | FRA | 20 | 36.78 | 98.0685 | x=((10.62-(2+1.59))*13.95) | x 10.62 2 1.59 + - 13.95 * = | x:dollar 10.62:ticket 2:ticket 1.59:ticket +:ticket -:ticket 13.95:dollar *:dollar =:dollar
EXPR: 0 | POS | FRA | 20 | 36.78 | 30.8005 | x=(10.62-(2-(1.59*13.95))) | x 10.62 2 1.59 13.95 * - - = | x:dollar 10.62:dollar 2:dollar 1.59:ticket 13.95:dollar *:dollar -:dollar -:dollar =:dollar
EXPR: 0 | POS | FRA | 20 | 36.78 | 1.1247311827957 | (((2-x)*13.95)-10.62)=1.59 | 2 x - 13.95 * 10.62 - 1.59 = | 2:ticket x:ticket -:ticket 13.95:dollar *:dollar 10.62:dollar -:dollar 1.59:dollar =:dollar
EXPR: 0 | POS | FRA | 20 | 36.78 | 30.8005 | ((10.62-2)+(1.59*13.95))=x | 10.62 2 - 1.59 13.95 * + x = | 10.62:dollar 2:dollar -:dollar 1.59:ticket 13.95:dollar *:dollar +:dollar x:dollar =:dollar
EXPR: 0 | POS | FRA | 20 | 36.78 | 0.0511950197484789 | ((1.59*x)*(10.62+13.95))=2 | 1.59 x * 10.62 13.95 + * 2 = | 1.59:ticket x:dollar *:ticket 10.62:dollar 13.95:dollar +:dollar *:ticket 2:ticket =:ticket
EXPR: 0 | POS | FRA | 20 | 36.78 | 52.0758 | ((10.62*(2+1.59))+13.95)=x | 10.62 2 1.59 + * 13.95 + x = | 10.62:ticket 2:dollar 1.59:dollar +:dollar *:dollar 13.95:dollar +:dollar x:dollar =:dollar
EXPR: 0 | POS | FRA | 20 | 36.78 | 2.92 | ((1.59-10.62)-(x-13.95))=2 | 1.59 10.62 - x 13.95 - - 2 = | 1.59:dollar 10.62:dollar -:dollar x:dollar 13.95:dollar -:dollar -:dollar 2:dollar =:dollar
EXPR: 0 | POS | FRA | 20 | 36.78 | 15.4179 | (((2*x)-13.95)/10.62)=1.59 | 2 x * 13.95 - 10.62 / 1.59 = | 2:ticket x:dollar *:dollar 13.95:dollar -:dollar 10.62:ticket /:dollar 1.59:dollar =:dollar
EXPR: 0 | POS | FRA | 21 | 36.78 | 11.0660377358491 | x=(((13.95/2)+10.62)/1.59) | x 13.95 2 / 10.62 + 1.59 / = | x:dollar 13.95:dollar 2:ticket /:dollar 10.62:dollar +:dollar 1.59:ticket /:dollar =:dollar
EXPR: 0 | POS | FRA | 21 | 36.78 | 6.84401114206128 | ((x*(2+1.59))-13.95)=10.62 | x 2 1.59 + * 13.95 - 10.62 = | x:dollar 2:ticket 1.59:ticket +:ticket *:dollar 13.95:dollar -:dollar 10.62:dollar =:dollar
EXPR: 0 | POS | FRA | 21 | 36.78 | 20.98 | ((2+(1.59-13.95))+x)=10.62 | 2 1.59 13.95 - + x + 10.62 = | 2:dollar 1.59:dollar 13.95:dollar -:dollar +:dollar x:dollar +:dollar 10.62:dollar =:dollar
EXPR: 0 | POS | FRA | 22 | 36.78 | 0.538559322033899 | ((x*10.62)/(2-1.59))=13.95 | x 10.62 * 2 1.59 - / 13.95 = | x:ticket 10.62:dollar *:dollar 2:ticket 1.59:ticket -:ticket /:dollar 13.95:dollar =:dollar
EXPR: 0 | POS | FRA | 22 | 36.78 | 1.35216572504708 | ((x*10.62)-(2-1.59))=13.95 | x 10.62 * 2 1.59 - - 13.95 = | x:ticket 10.62:dollar *:dollar 2:dollar 1.59:dollar -:dollar -:dollar 13.95:dollar =:dollar
EXPR: 0 | POS | FRA | 22 | 36.78 | 0.15 | (10.62+((2*1.59)+x))=13.95 | 10.62 2 1.59 * x + + 13.95 = | 10.62:dollar 2:dollar 1.59:ticket *:dollar x:dollar +:dollar +:dollar 13.95:dollar =:dollar
EXPR: 0 | POS | FRA | 22 | 36.78 | 0.403648802736602 | x=(10.62/((2*13.95)-1.59)) | x 10.62 2 13.95 * 1.59 - / = | x:ticket 10.62:ticket 2:ticket 13.95:dollar *:dollar 1.59:dollar -:dollar /:ticket =:ticket
EXPR: 0 | POS | FRA | 22 | 36.78 | 0.360122075279756 | x=(10.62/((2*13.95)+1.59)) | x 10.62 2 13.95 * 1.59 + / = | x:ticket 10.62:ticket 2:ticket 13.95:dollar *:dollar 1.59:dollar +:dollar /:ticket =:ticket
EXPR: 0 | POS | FRA | 22 | 36.78 | 269.32851 | x=((10.62*1.59)*(2+13.95)) | x 10.62 1.59 * 2 13.95 + * = | x:dollar 10.62:dollar 1.59:ticket *:dollar 2:ticket 13.95:ticket +:ticket *:dollar =:dollar
EXPR: 0 | POS | FRA | 22 | 36.78 | 133.2632 | (2-(10.62*(1.59-13.95)))=x | 2 10.62 1.59 13.95 - * - x = | 2:dollar 10.62:ticket 1.59:dollar 13.95:dollar -:dollar *:dollar -:dollar x:dollar =:dollar
EXPR: 0 | POS | FRA | 22 | 36.78 | 127.9685 | x=(2+((10.62-1.59)*13.95)) | x 2 10.62 1.59 - 13.95 * + = | x:dollar 2:dollar 10.62:dollar 1.59:dollar -:dollar 13.95:ticket *:dollar +:dollar =:dollar
EXPR: 0 | POS | FRA | 22 | 36.78 | 1.01446185552358 | (((x*10.62)-2)*1.59)=13.95 | x 10.62 * 2 - 1.59 * 13.95 = | x:dollar 10.62:ticket *:ticket 2:ticket -:ticket 1.59:dollar *:ticket 13.95:ticket =:ticket
EXPR: 0 | POS | FRA | 22 | 36.78 | 4.9358 | x=(2+((10.62*1.59)-13.95)) | x 2 10.62 1.59 * 13.95 - + = | x:dollar 2:dollar 10.62:ticket 1.59:dollar *:dollar 13.95:dollar -:dollar +:dollar =:dollar
EXPR: 0 | POS | FRA | 22 | 36.78 | 12.5483239171375 | x=((2/10.62)-(1.59-13.95)) | x 2 10.62 / 1.59 13.95 - - = | x:dollar 2:dollar 10.62:ticket /:dollar 1.59:dollar 13.95:dollar -:dollar -:dollar =:dollar
EXPR: 0 | POS | FRA | 23 | 36.78 | 28.16 | ((x-1.59)-(2+13.95))=10.62 | x 1.59 - 2 13.95 + - 10.62 = | x:dollar 1.59:dollar -:dollar 2:dollar 13.95:dollar +:dollar -:dollar 10.62:dollar =:dollar
EXPR: 0 | POS | FRA | 23 | 36.78 | 24.2264150943396 | ((x*1.59)-(2*13.95))=10.62 | x 1.59 * 2 13.95 * - 10.62 = | x:dollar 1.59:ticket *:dollar 2:ticket 13.95:dollar *:dollar -:dollar 10.62:dollar =:dollar
EXPR: 0 | POS | FRA | 23 | 36.78 | 2.92 | (1.59-(2+(x-13.95)))=10.62 | 1.59 2 x 13.95 - + - 10.62 = | 1.59:dollar 2:dollar x:dollar 13.95:dollar -:dollar +:dollar -:dollar 10.62:dollar =:dollar
EXPR: 0 | POS | FRA | 23 | 36.78 | 23.775 | (1.59/2)=(13.95-(x-10.62)) | 1.59 2 / 13.95 x 10.62 - - = | 1.59:dollar 2:ticket /:dollar 13.95:dollar x:dollar 10.62:dollar -:dollar -:dollar =:dollar
EXPR: 0 | POS | FRA | 23 | 36.78 | 0.0412772585669782 | ((1.59/x)-(2*13.95))=10.62 | 1.59 x / 2 13.95 * - 10.62 = | 1.59:dollar x:ticket /:dollar 2:ticket 13.95:dollar *:dollar -:dollar 10.62:dollar =:dollar
EXPR: 0 | POS | FRA | 23 | 36.78 | 0.15410161391572 | (((x*13.95)-2)*10.62)=1.59 | x 13.95 * 2 - 10.62 * 1.59 = | x:dollar 13.95:ticket *:ticket 2:ticket -:ticket 10.62:dollar *:dollar 1.59:dollar =:dollar
EXPR: 0 | POS | FRA | 24 | 36.78 | 4.9358 | (2+((10.62*1.59)-x))=13.95 | 2 10.62 1.59 * x - + 13.95 = | 2:dollar 10.62:dollar 1.59:ticket *:dollar x:dollar -:dollar +:dollar 13.95:dollar =:dollar
EXPR: 0 | POS | FRA | 24 | 36.78 | 44.6443902439024 | ((13.95/(2-1.59))+10.62)=x | 13.95 2 1.59 - / 10.62 + x = | 13.95:dollar 2:ticket 1.59:ticket -:ticket /:dollar 10.62:dollar +:dollar x:dollar =:dollar
EXPR: 0 | POS | FRA | 24 | 36.78 | 38.7871698113208 | (((x/2)-10.62)*1.59)=13.95 | x 2 / 10.62 - 1.59 * 13.95 = | x:dollar 2:ticket /:dollar 10.62:dollar -:dollar 1.59:ticket *:ticket 13.95:ticket =:ticket
EXPR: 0 | POS | FRA | 24 | 36.78 | 0.0451832907075874 | (((10.62*2)+13.95)*x)=1.59 | 10.62 2 * 13.95 + x * 1.59 = | 10.62:dollar 2:ticket *:dollar 13.95:dollar +:dollar x:ticket *:ticket 1.59:ticket =:ticket
EXPR: 0 | POS | FRA | 24 | 36.78 | 57.1887 | (((13.95/2)-1.59)*10.62)=x | 13.95 2 / 1.59 - 10.62 * x = | 13.95:dollar 2:ticket /:dollar 1.59:dollar -:dollar 10.62:ticket *:dollar x:dollar =:dollar
EXPR: 0 | POS | FRA | 24 | 36.78 | 10.5894 | ((x/1.59)/(13.95-10.62))=2 | x 1.59 / 13.95 10.62 - / 2 = | x:ticket 1.59:dollar /:ticket 13.95:dollar 10.62:dollar -:dollar /:ticket 2:ticket =:ticket
EXPR: 0 | POS | FRA | 24 | 36.78 | 8.4747 | (((2-10.62)+13.95)*1.59)=x | 2 10.62 - 13.95 + 1.59 * x = | 2:ticket 10.62:ticket -:ticket 13.95:ticket +:ticket 1.59:dollar *:dollar x:dollar =:dollar
EXPR: 0 | POS | FRA | 24 | 36.78 | 0.937134718993941 | (((10.62*1.59)-2)*x)=13.95 | 10.62 1.59 * 2 - x * 13.95 = | 10.62:dollar 1.59:ticket *:ticket 2:ticket -:ticket x:dollar *:ticket 13.95:ticket =:ticket
EXPR: 0 | POS | FRA | 24 | 36.78 | 32.8358 | ((x-2)-(10.62*1.59))=13.95 | x 2 - 10.62 1.59 * - 13.95 = | x:dollar 2:dollar -:dollar 10.62:ticket 1.59:dollar *:dollar -:dollar 13.95:dollar =:dollar
EXPR: 0 | POS | FRA | 24 | 36.78 | 0.738650202797869 | (((10.62*1.59)+2)*x)=13.95 | 10.62 1.59 * 2 + x * 13.95 = | 10.62:dollar 1.59:ticket *:ticket 2:ticket +:ticket x:dollar *:ticket 13.95:ticket =:ticket
EXPR: 0 | POS | FRA | 24 | 36.78 | 0.0598419269853218 | (((10.62+2)+13.95)*x)=1.59 | 10.62 2 + 13.95 + x * 1.59 = | 10.62:ticket 2:ticket +:ticket 13.95:ticket +:ticket x:dollar *:dollar 1.59:dollar =:dollar
EXPR: 0 | POS | FRA | 24 | 36.78 | 9.69679245283019 | (((x*2)-10.62)*1.59)=13.95 | x 2 * 10.62 - 1.59 * 13.95 = | x:dollar 2:ticket *:ticket 10.62:ticket -:ticket 1.59:dollar *:ticket 13.95:ticket =:ticket
EXPR: 0 | POS | FRA | 24 | 36.78 | 1.35216572504708 | 2=(((10.62*x)+1.59)-13.95) | 2 10.62 x * 1.59 + 13.95 - = | 2:dollar 10.62:ticket x:dollar *:dollar 1.59:dollar +:dollar 13.95:dollar -:dollar =:dollar
EXPR: 0 | POS | FRA | 24 | 36.78 | 29.6205 | x=(((13.95-2)*1.59)+10.62) | x 13.95 2 - 1.59 * 10.62 + = | x:dollar 13.95:ticket 2:ticket -:ticket 1.59:dollar *:dollar 10.62:dollar +:dollar =:dollar
EXPR: 0 | POS | FRA | 24 | 36.78 | 0.978705978705979 | ((x*(10.62+1.59))+2)=13.95 | x 10.62 1.59 + * 2 + 13.95 = | x:ticket 10.62:dollar 1.59:dollar +:dollar *:dollar 2:dollar +:dollar 13.95:dollar =:dollar
EXPR: 0 | POS | FRA | 24 | 36.78 | 1.3233665559247 | ((x*(10.62-1.59))+2)=13.95 | x 10.62 1.59 - * 2 + 13.95 = | x:ticket 10.62:dollar 1.59:dollar -:dollar *:dollar 2:dollar +:dollar 13.95:dollar =:dollar
EXPR: 0 | POS | FRA | 25 | 36.78 | 30.8005 | ((10.62+(1.59*13.95))-2)=x | 10.62 1.59 13.95 * + 2 - x = | 10.62:dollar 1.59:dollar 13.95:ticket *:dollar +:dollar 2:dollar -:dollar x:dollar =:dollar
EXPR: 0 | POS | FRA | 25 | 36.78 | 318.4785 | ((1.59+(10.62*2))*13.95)=x | 1.59 10.62 2 * + 13.95 * x = | 1.59:ticket 10.62:dollar 2:ticket *:ticket +:ticket 13.95:dollar *:ticket x:ticket =:ticket
EXPR: 0 | POS | FRA | 25 | 36.78 | 148.559 | ((10.62*13.95)+(2-1.59))=x | 10.62 13.95 * 2 1.59 - + x = | 10.62:dollar 13.95:ticket *:dollar 2:dollar 1.59:dollar -:dollar +:dollar x:dollar =:dollar
EXPR: 0 | POS | FRA | 25 | 36.78 | 1.02509652509653 | (10.62/(13.95-(2+1.59)))=x | 10.62 13.95 2 1.59 + - / x = | 10.62:dollar 13.95:ticket 2:ticket 1.59:ticket +:ticket -:ticket /:dollar x:dollar =:dollar
EXPR: 0 | POS | FRA | 25 | 36.78 | 12.0997175141243 | ((1.59/10.62)-(2-13.95))=x | 1.59 10.62 / 2 13.95 - - x = | 1.59:dollar 10.62:ticket /:dollar 2:dollar 13.95:dollar -:dollar -:dollar x:dollar =:dollar
EXPR: 0 | POS | FRA | 25 | 36.78 | 0.784342688330872 | (10.62/(13.95-(2-1.59)))=x | 10.62 13.95 2 1.59 - - / x = | 10.62:dollar 13.95:ticket 2:ticket 1.59:ticket -:ticket -:ticket /:dollar x:dollar =:dollar
EXPR: 0 | POS | FRA | 25 | 36.78 | 148.559 | x=(2-(1.59-(10.62*13.95))) | x 2 1.59 10.62 13.95 * - - = | x:dollar 2:dollar 1.59:dollar 10.62:dollar 13.95:ticket *:dollar -:dollar -:dollar =:dollar
EXPR: 0 | POS | FRA | 25 | 36.78 | 214.31691 | (10.62*((1.59*13.95)-2))=x | 10.62 1.59 13.95 * 2 - * x = | 10.62:dollar 1.59:dollar 13.95:ticket *:ticket 2:ticket -:ticket *:ticket x:ticket =:ticket
EXPR: 0 | POS | FRA | 25 | 36.78 | 256.79691 | (10.62*((1.59*13.95)+2))=x | 10.62 1.59 13.95 * 2 + * x = | 10.62:dollar 1.59:dollar 13.95:ticket *:ticket 2:ticket +:ticket *:ticket x:ticket =:ticket
EXPR: 0 | POS | FRA | 26 | 36.78 | 8.47470000000002 | (x/(2-(10.62-13.95)))=1.59 | x 2 10.62 13.95 - - / 1.59 = | x:dollar 2:ticket 10.62:ticket 13.95:ticket -:ticket -:ticket /:dollar 1.59:dollar =:dollar
EXPR: 0 | POS | FRA | 26 | 36.78 | 20.98 | ((13.95-x)-(1.59-10.62))=2 | 13.95 x - 1.59 10.62 - - 2 = | 13.95:dollar x:dollar -:dollar 1.59:dollar 10.62:dollar -:dollar -:dollar 2:dollar =:dollar
EXPR: 0 | POS | FRA | 26 | 36.78 | 8.73397849462366 | (((2-10.62)+x)*13.95)=1.59 | 2 10.62 - x + 13.95 * 1.59 = | 2:ticket 10.62:ticket -:ticket x:ticket +:ticket 13.95:dollar *:dollar 1.59:dollar =:dollar
EXPR: 0 | POS | FRA | 26 | 36.78 | 5.36698924731183 | (((x*2)-10.62)*13.95)=1.59 | x 2 * 10.62 - 13.95 * 1.59 = | x:dollar 2:ticket *:ticket 10.62:ticket -:ticket 13.95:dollar *:ticket 1.59:ticket =:ticket
EXPR: 0 | POS | FRA | 26 | 36.78 | 0.731899641577061 | (2-(10.62-(x*13.95)))=1.59 | 2 10.62 x 13.95 * - - 1.59 = | 2:dollar 10.62:dollar x:ticket 13.95:dollar *:dollar -:dollar -:dollar 1.59:dollar =:dollar
EXPR: 0 | POS | FRA | 26 | 36.78 | 1.01086956521739 | ((13.95/x)-(2*1.59))=10.62 | 13.95 x / 2 1.59 * - 10.62 = | 13.95:dollar x:ticket /:dollar 2:ticket 1.59:dollar *:dollar -:dollar 10.62:dollar =:dollar
EXPR: 0 | POS | FRA | 26 | 36.78 | 151.739 | ((x-2)-(10.62*13.95))=1.59 | x 2 - 10.62 13.95 * - 1.59 = | x:dollar 2:dollar -:dollar 10.62:ticket 13.95:dollar *:dollar -:dollar 1.59:dollar =:dollar
EXPR: 0 | POS | FRA | 26 | 36.78 | 6.92 | ((x-13.95)-(1.59-10.62))=2 | x 13.95 - 1.59 10.62 - - 2 = | x:dollar 13.95:dollar -:dollar 1.59:dollar 10.62:dollar -:dollar -:dollar 2:dollar =:dollar
EXPR: 0 | POS | FRA | 26 | 36.78 | 3.74 | ((13.95-1.59)+(2-10.62))=x | 13.95 1.59 - 2 10.62 - + x = | 13.95:dollar 1.59:dollar -:dollar 2:dollar 10.62:dollar -:dollar +:dollar x:dollar =:dollar
EXPR: 0 | POS | FRA | 26 | 36.78 | 20.85 | (((x-1.59)-13.95)*2)=10.62 | x 1.59 - 13.95 - 2 * 10.62 = | x:dollar 1.59:dollar -:dollar 13.95:dollar -:dollar 2:ticket *:ticket 10.62:ticket =:ticket
EXPR: 0 | POS | FRA | 27 | 36.78 | 1.17564516129032 | ((x*2)-1.59)=(10.62/13.95) | x 2 * 1.59 - 10.62 13.95 / = | x:dollar 2:ticket *:dollar 1.59:dollar -:dollar 10.62:dollar 13.95:ticket /:dollar =:dollar
EXPR: 0 | POS | FRA | 27 | 36.78 | 16.0997175141243 | 1.59=(10.62*(x-(2+13.95))) | 1.59 10.62 x 2 13.95 + - * = | 1.59:dollar 10.62:ticket x:dollar 2:dollar 13.95:dollar +:dollar -:dollar *:dollar =:dollar
EXPR: 0 | POS | FRA | 27 | 36.78 | 15.8002824858757 | (10.62*(13.95+(2-x)))=1.59 | 10.62 13.95 2 x - + * 1.59 = | 10.62:dollar 13.95:ticket 2:ticket x:ticket -:ticket +:ticket *:dollar 1.59:dollar =:dollar
EXPR: 0 | POS | FRA | 27 | 36.78 | 0.739554317548746 | (10.62/(13.95-(1.59-2)))=x | 10.62 13.95 1.59 2 - - / x = | 10.62:dollar 13.95:ticket 1.59:ticket 2:ticket -:ticket -:ticket /:dollar x:dollar =:dollar
EXPR: 0 | POS | FRA | 27 | 36.78 | 144.559 | ((10.62*13.95)-(x+2))=1.59 | 10.62 13.95 * x 2 + - 1.59 = | 10.62:ticket 13.95:dollar *:dollar x:dollar 2:dollar +:dollar -:dollar 1.59:dollar =:dollar
EXPR: 0 | POS | FRA | 27 | 36.78 | 0.0943396226415094 | (((x+2)*1.59)+10.62)=13.95 | x 2 + 1.59 * 10.62 + 13.95 = | x:dollar 2:dollar +:dollar 1.59:ticket *:dollar 10.62:dollar +:dollar 13.95:dollar =:dollar
EXPR: 0 | POS | FRA | 27 | 36.78 | 16.3395 | (10.62-(13.95*(1.59-2)))=x | 10.62 13.95 1.59 2 - * - x = | 10.62:dollar 13.95:ticket 1.59:dollar 2:dollar -:dollar *:dollar -:dollar x:dollar =:dollar
EXPR: 0 | POS | FRA | 27 | 36.78 | 11.8002824858757 | (10.62*(13.95-(x+2)))=1.59 | 10.62 13.95 x 2 + - * 1.59 = | 10.62:dollar 13.95:ticket x:ticket 2:ticket +:ticket -:ticket *:dollar 1.59:dollar =:dollar
EXPR: 0 | POS | FRA | 27 | 36.78 | 19.3713836477987 | (10.62-(1.59*(x-13.95)))=2 | 10.62 1.59 x 13.95 - * - 2 = | 10.62:dollar 1.59:ticket x:dollar 13.95:dollar -:dollar *:dollar -:dollar 2:dollar =:dollar
EXPR: 0 | POS | FRA | 27 | 36.78 | 11.8002824858757 | (10.62*(13.95-(2+x)))=1.59 | 10.62 13.95 2 x + - * 1.59 = | 10.62:dollar 13.95:ticket 2:ticket x:ticket +:ticket -:ticket *:dollar 1.59:dollar =:dollar
EXPR: 0 | POS | FRA | 27 | 36.78 | 18.87 | (((x+10.62)-1.59)/13.95)=2 | x 10.62 + 1.59 - 13.95 / 2 = | x:dollar 10.62:dollar +:dollar 1.59:dollar -:dollar 13.95:ticket /:dollar 2:dollar =:dollar
EXPR: 0 | POS | FRA | 27 | 36.78 | 0.681245316438449 | (x*((10.62*1.59)-13.95))=2 | x 10.62 1.59 * 13.95 - * 2 = | x:dollar 10.62:dollar 1.59:ticket *:ticket 13.95:ticket -:ticket *:ticket 2:ticket =:ticket
EXPR: 0 | POS | FRA | 27 | 36.78 | 0.0648596760907776 | (x*((10.62*1.59)+13.95))=2 | x 10.62 1.59 * 13.95 + * 2 = | x:dollar 10.62:dollar 1.59:ticket *:ticket 13.95:ticket +:ticket *:ticket 2:ticket =:ticket
EXPR: 0 | POS | FRA | 27 | 36.78 | 32.8358 | (x-((10.62*1.59)+13.95))=2 | x 10.62 1.59 * 13.95 + - 2 = | x:dollar 10.62:dollar 1.59:ticket *:dollar 13.95:dollar +:dollar -:dollar 2:dollar =:dollar
EXPR: 0 | POS | FRA | 27 | 36.78 | 0.010879308103374 | (x*((10.62*13.95)-2))=1.59 | x 10.62 13.95 * 2 - * 1.59 = | x:dollar 10.62:dollar 13.95:ticket *:ticket 2:ticket -:ticket *:ticket 1.59:ticket =:ticket
EXPR: 0 | POS | FRA | 27 | 36.78 | 3.74 | (10.62-(13.95-x))=(2-1.59) | 10.62 13.95 x - - 2 1.59 - = | 10.62:dollar 13.95:dollar x:dollar -:dollar -:dollar 2:dollar 1.59:dollar -:dollar =:dollar
EXPR: 0 | POS | FRA | 27 | 36.78 | 0.0105894811154253 | (((10.62*13.95)+2)*x)=1.59 | 10.62 13.95 * 2 + x * 1.59 = | 10.62:dollar 13.95:ticket *:ticket 2:ticket +:ticket x:dollar *:ticket 1.59:ticket =:ticket
EXPR: 0 | POS | FRA | 27 | 36.78 | 2.46 | (((2*x)-1.59)+10.62)=13.95 | 2 x * 1.59 - 10.62 + 13.95 = | 2:dollar x:ticket *:dollar 1.59:dollar -:dollar 10.62:dollar +:dollar 13.95:dollar =:dollar
EXPR: 0 | POS | FRA | 27 | 36.78 | 0.40650406504065 | (((2/x)-1.59)+10.62)=13.95 | 2 x / 1.59 - 10.62 + 13.95 = | 2:dollar x:ticket /:dollar 1.59:dollar -:dollar 10.62:dollar +:dollar 13.95:dollar =:dollar
EXPR: 0 | POS | FRA | 27 | 36.78 | 0.15 | ((2*1.59)+(x+10.62))=13.95 | 2 1.59 * x 10.62 + + 13.95 = | 2:dollar 1.59:ticket *:dollar x:dollar 10.62:dollar +:dollar +:dollar 13.95:dollar =:dollar
EXPR: 0 | POS | FRA | 28 | 36.78 | 4.70258064516129 | x=((1.59+(10.62/13.95))*2) | x 1.59 10.62 13.95 / + 2 * = | x:ticket 1.59:dollar 10.62:dollar 13.95:ticket /:dollar +:dollar 2:ticket *:ticket =:ticket
EXPR: 0 | POS | FRA | 28 | 36.78 | 35.8863 | x=(1.59*(10.62+(13.95-2))) | x 1.59 10.62 13.95 2 - + * = | x:dollar 1.59:dollar 10.62:ticket 13.95:ticket 2:ticket -:ticket +:ticket *:dollar =:dollar
EXPR: 0 | POS | FRA | 28 | 36.78 | 7.05 | (((13.95-1.59)-x)*2)=10.62 | 13.95 1.59 - x - 2 * 10.62 = | 13.95:dollar 1.59:dollar -:dollar x:dollar -:dollar 2:ticket *:ticket 10.62:ticket =:ticket
EXPR: 0 | POS | FRA | 28 | 36.78 | 0.0704474966770049 | x=(1.59/(10.62+(13.95-2))) | x 1.59 10.62 13.95 2 - + / = | x:dollar 1.59:dollar 10.62:ticket 13.95:ticket 2:ticket -:ticket +:ticket /:dollar =:dollar
EXPR: 0 | POS | FRA | 28 | 36.78 | 0.218106995884774 | ((13.95+(1.59/x))/2)=10.62 | 13.95 1.59 x / + 2 / 10.62 = | 13.95:dollar 1.59:dollar x:ticket /:dollar +:dollar 2:ticket /:dollar 10.62:dollar =:dollar
EXPR: 0 | POS | FRA | 29 | 36.78 | 13.5605 | ((2+(1.59*13.95))-10.62)=x | 2 1.59 13.95 * + 10.62 - x = | 2:dollar 1.59:dollar 13.95:ticket *:dollar +:dollar 10.62:dollar -:dollar x:dollar =:dollar
EXPR: 0 | POS | FRA | 29 | 36.78 | 1.35216572504708 | ((x*10.62)-(13.95-1.59))=2 | x 10.62 * 13.95 1.59 - - 2 = | x:dollar 10.62:ticket *:dollar 13.95:dollar 1.59:dollar -:dollar -:dollar 2:dollar =:dollar
EXPR: 0 | POS | FRA | 29 | 36.78 | 34.8005 | x=(2+((1.59*13.95)+10.62)) | x 2 1.59 13.95 * 10.62 + + = | x:dollar 2:dollar 1.59:ticket 13.95:dollar *:dollar 10.62:dollar +:dollar +:dollar =:dollar
EXPR: 0 | POS | FRA | 29 | 36.78 | 0.351290322580645 | ((10.62/13.95)+(1.59-x))=2 | 10.62 13.95 / 1.59 x - + 2 = | 10.62:dollar 13.95:ticket /:dollar 1.59:dollar x:dollar -:dollar +:dollar 2:dollar =:dollar
EXPR: 0 | POS | FRA | 29 | 36.78 | 3.35220125786164 | (10.62-(13.95-(x*1.59)))=2 | 10.62 13.95 x 1.59 * - - 2 = | 10.62:dollar 13.95:dollar x:ticket 1.59:dollar *:dollar -:dollar -:dollar 2:dollar =:dollar
EXPR: 0 | POS | FRA | 29 | 36.78 | 21.39 | x=(13.95+(10.62-(2*1.59))) | x 13.95 10.62 2 1.59 * - + = | x:dollar 13.95:dollar 10.62:dollar 2:dollar 1.59:ticket *:dollar -:dollar +:dollar =:dollar
EXPR: 0 | POS | FRA | 29 | 36.78 | 144.559 | (((10.62*13.95)-1.59)-x)=2 | 10.62 13.95 * 1.59 - x - 2 = | 10.62:dollar 13.95:ticket *:dollar 1.59:dollar -:dollar x:dollar -:dollar 2:dollar =:dollar
EXPR: 0 | POS | FRA | 30 | 36.78 | 10.6493906810036 | (10.62+((2-1.59)/13.95))=x | 10.62 2 1.59 - 13.95 / + x = | 10.62:ticket 2:ticket 1.59:ticket -:ticket 13.95:dollar /:ticket +:ticket x:ticket =:ticket
EXPR: 0 | POS | FRA | 30 | 36.78 | 17.1137569892473 | (((x/1.59)-10.62)*13.95)=2 | x 1.59 / 10.62 - 13.95 * 2 = | x:dollar 1.59:ticket /:dollar 10.62:dollar -:dollar 13.95:ticket *:ticket 2:ticket =:ticket
EXPR: 0 | POS | FRA | 30 | 36.78 | 82.5174 | x=((10.62/2)*(1.59+13.95)) | x 10.62 2 / 1.59 13.95 + * = | x:ticket 10.62:ticket 2:dollar /:ticket 1.59:dollar 13.95:dollar +:dollar *:ticket =:ticket
EXPR: 0 | POS | FRA | 30 | 36.78 | 27.7502824858757 | (((2*13.95)-x)*10.62)=1.59 | 2 13.95 * x - 10.62 * 1.59 = | 2:ticket 13.95:dollar *:dollar x:dollar -:dollar 10.62:ticket *:ticket 1.59:ticket =:ticket
EXPR: 0 | POS | FRA | 30 | 36.78 | 181.9206 | x=(10.62*((2*1.59)+13.95)) | x 10.62 2 1.59 * 13.95 + * = | x:dollar 10.62:dollar 2:dollar 1.59:ticket *:ticket 13.95:ticket +:ticket *:dollar =:dollar
EXPR: 0 | POS | FRA | 30 | 36.78 | 238.73691 | ((x/1.59)-(10.62*13.95))=2 | x 1.59 / 10.62 13.95 * - 2 = | x:ticket 1.59:dollar /:ticket 10.62:ticket 13.95:dollar *:ticket -:ticket 2:ticket =:ticket
EXPR: 0 | POS | FRA | 30 | 36.78 | 0.790681003584229 | (1.59-(10.62-(13.95*x)))=2 | 1.59 10.62 13.95 x * - - 2 = | 1.59:dollar 10.62:dollar 13.95:dollar x:ticket *:dollar -:dollar -:dollar 2:dollar =:dollar
EXPR: 0 | POS | FRA | 30 | 36.78 | 9.17336917562724 | ((2/13.95)-(x-10.62))=1.59 | 2 13.95 / x 10.62 - - 1.59 = | 2:dollar 13.95:ticket /:dollar x:dollar 10.62:dollar -:dollar -:dollar 1.59:dollar =:dollar
EXPR: 0 | POS | FRA | 31 | 36.78 | 13.08 | ((x*2)-(1.59+13.95))=10.62 | x 2 * 1.59 13.95 + - 10.62 = | x:ticket 2:dollar *:dollar 1.59:dollar 13.95:dollar +:dollar -:dollar 10.62:dollar =:dollar
EXPR: 0 | POS | FRA | 31 | 36.78 | 2.4774011299435 | x=(((2*13.95)-1.59)/10.62) | x 2 13.95 * 1.59 - 10.62 / = | x:ticket 2:ticket 13.95:dollar *:ticket 1.59:ticket -:ticket 10.62:dollar /:ticket =:ticket
EXPR: 0 | POS | FRA | 31 | 36.78 | 0.351290322580645 | (((x+2)-1.59)*13.95)=10.62 | x 2 + 1.59 - 13.95 * 10.62 = | x:dollar 2:dollar +:dollar 1.59:dollar -:dollar 13.95:ticket *:dollar 10.62:dollar =:dollar
EXPR: 0 | POS | FRA | 31 | 36.78 | 4.58786163522013 | ((2/1.59)+(13.95-x))=10.62 | 2 1.59 / 13.95 x - + 10.62 = | 2:dollar 1.59:ticket /:dollar 13.95:dollar x:dollar -:dollar +:dollar 10.62:dollar =:dollar
EXPR: 0 | POS | FRA | 31 | 36.78 | 4.35129032258065 | 13.95=(10.62/(x-(2+1.59))) | 13.95 10.62 x 2 1.59 + - / = | 13.95:dollar 10.62:dollar x:ticket 2:ticket 1.59:ticket +:ticket -:ticket /:dollar =:dollar
EXPR: 0 | POS | FRA | 31 | 36.78 | 8.52861635220126 | (2-(1.59*(x-13.95)))=10.62 | 2 1.59 x 13.95 - * - 10.62 = | 2:dollar 1.59:ticket x:dollar 13.95:dollar -:dollar *:dollar -:dollar 10.62:dollar =:dollar
EXPR: 1 | POS | FRA | 31 | 36.78 | 36.78 | ((x-13.95)-(10.62*2))=1.59 | x 13.95 - 10.62 2 * - 1.59 = | x:dollar 13.95:dollar -:dollar 10.62:ticket 2:dollar *:dollar -:dollar 1.59:dollar =:dollar
EXPR: 0 | POS | FRA | 31 | 36.78 | 0.731899641577061 | (2-(1.59-(x*13.95)))=10.62 | 2 1.59 x 13.95 * - - 10.62 = | 2:dollar 1.59:dollar x:ticket 13.95:dollar *:dollar -:dollar -:dollar 10.62:dollar =:dollar
EXPR: 0 | POS | FRA | 31 | 36.78 | 2.2764406779661 | ((13.95/10.62)+(x-2))=1.59 | 13.95 10.62 / x 2 - + 1.59 = | 13.95:dollar 10.62:ticket /:dollar x:dollar 2:dollar -:dollar +:dollar 1.59:dollar =:dollar
EXPR: 0 | POS | FRA | 32 | 36.78 | 1.0210355987055 | ((10.62+2)/(13.95-1.59))=x | 10.62 2 + 13.95 1.59 - / x = | 10.62:dollar 2:dollar +:dollar 13.95:ticket 1.59:ticket -:ticket /:dollar x:dollar =:dollar
EXPR: 0 | POS | FRA | 32 | 36.78 | 12.4664150943396 | ((10.62*2)-(13.95/1.59))=x | 10.62 2 * 13.95 1.59 / - x = | 10.62:ticket 2:dollar *:dollar 13.95:dollar 1.59:ticket /:dollar -:dollar x:dollar =:dollar
EXPR: 0 | POS | FRA | 32 | 36.78 | 12.5060215053763 | (2+(10.62-(1.59/13.95)))=x | 2 10.62 1.59 13.95 / - + x = | 2:ticket 10.62:ticket 1.59:ticket 13.95:dollar /:ticket -:ticket +:ticket x:ticket =:ticket
EXPR: 0 | POS | FRA | 32 | 36.78 | 13.5605 | ((1.59*13.95)-(10.62-2))=x | 1.59 13.95 * 10.62 2 - - x = | 1.59:ticket 13.95:dollar *:dollar 10.62:dollar 2:dollar -:dollar -:dollar x:dollar =:dollar
EXPR: 0 | POS | FRA | 32 | 36.78 | 0.365893961569331 | ((x*10.62)*(2+1.59))=13.95 | x 10.62 * 2 1.59 + * 13.95 = | x:ticket 10.62:dollar *:ticket 2:dollar 1.59:dollar +:dollar *:ticket 13.95:ticket =:ticket
EXPR: 0 | POS | FRA | 32 | 36.78 | 4.58490566037736 | (10.62*2)=((1.59*x)+13.95) | 10.62 2 * 1.59 x * 13.95 + = | 10.62:dollar 2:ticket *:ticket 1.59:dollar x:ticket *:ticket 13.95:ticket +:ticket =:ticket
EXPR: 0 | POS | FRA | 32 | 36.78 | 22.1320754716981 | (10.62*2)=((1.59*x)-13.95) | 10.62 2 * 1.59 x * 13.95 - = | 10.62:dollar 2:ticket *:ticket 1.59:dollar x:ticket *:ticket 13.95:ticket -:ticket =:ticket
EXPR: 0 | POS | FRA | 32 | 36.78 | 0.403648802736602 | (10.62/((2*13.95)-1.59))=x | 10.62 2 13.95 * 1.59 - / x = | 10.62:dollar 2:dollar 13.95:ticket *:ticket 1.59:ticket -:ticket /:dollar x:dollar =:dollar
EXPR: 0 | POS | FRA | 32 | 36.78 | 0.360122075279756 | (10.62/((2*13.95)+1.59))=x | 10.62 2 13.95 * 1.59 + / x = | 10.62:dollar 2:dollar 13.95:ticket *:ticket 1.59:ticket +:ticket /:dollar x:dollar =:dollar
EXPR: 0 | POS | FRA | 32 | 36.78 | 4.58490566037736 | (10.62*2)=((x*1.59)+13.95) | 10.62 2 * x 1.59 * 13.95 + = | 10.62:dollar 2:ticket *:ticket x:dollar 1.59:ticket *:ticket 13.95:ticket +:ticket =:ticket
EXPR: 0 | POS | FRA | 33 | 36.78 | 0.238738738738739 | (1.59/2)=(x*(13.95-10.62)) | 1.59 2 / x 13.95 10.62 - * = | 1.59:dollar 2:ticket /:dollar x:ticket 13.95:dollar 10.62:dollar -:dollar *:dollar =:dollar
EXPR: 0 | POS | FRA | 33 | 36.78 | 17.3935849056604 | (2-((13.95/1.59)-x))=10.62 | 2 13.95 1.59 / x - - 10.62 = | 2:dollar 13.95:dollar 1.59:ticket /:dollar x:dollar -:dollar -:dollar 10.62:dollar =:dollar
EXPR: 0 | POS | FRA | 33 | 36.78 | 27.3084905660377 | ((1.59/2)*(x-13.95))=10.62 | 1.59 2 / x 13.95 - * 10.62 = | 1.59:ticket 2:dollar /:ticket x:dollar 13.95:dollar -:dollar *:dollar 10.62:dollar =:dollar
EXPR: 0 | POS | FRA | 33 | 36.78 | 1.01446185552358 | ((2+(13.95/1.59))/x)=10.62 | 2 13.95 1.59 / + x / 10.62 = | 2:ticket 13.95:ticket 1.59:dollar /:ticket +:ticket x:dollar /:ticket 10.62:ticket =:ticket
EXPR: 0 | POS | FRA | 33 | 36.78 | 18.6292452830189 | (1.59*(2+(x-13.95)))=10.62 | 1.59 2 x 13.95 - + * 10.62 = | 1.59:dollar 2:ticket x:ticket 13.95:ticket -:ticket +:ticket *:dollar 10.62:dollar =:dollar
EXPR: 0 | POS | FRA | 33 | 36.78 | 14.1949685534591 | (2-(13.95-(x*1.59)))=10.62 | 2 13.95 x 1.59 * - - 10.62 = | 2:dollar 13.95:dollar x:ticket 1.59:dollar *:dollar -:dollar -:dollar 10.62:dollar =:dollar
EXPR: 0 | POS | FRA | 33 | 36.78 | 0.978705978705979 | 13.95=(2+(x*(10.62+1.59))) | 13.95 2 x 10.62 1.59 + * + = | 13.95:dollar 2:dollar x:ticket 10.62:dollar 1.59:dollar +:dollar *:dollar +:dollar =:dollar
EXPR: 0 | POS | FRA | 33 | 36.78 | 2.2764406779661 | ((13.95/10.62)+(x-1.59))=2 | 13.95 10.62 / x 1.59 - + 2 = | 13.95:dollar 10.62:ticket /:dollar x:dollar 1.59:dollar -:dollar +:dollar 2:dollar =:dollar
EXPR: 0 | POS | FRA | 33 | 36.78 | 0.418761459750399 | ((1.59*x)*(2+13.95))=10.62 | 1.59 x * 2 13.95 + * 10.62 = | 1.59:ticket x:dollar *:ticket 2:dollar 13.95:dollar +:dollar *:dollar 10.62:dollar =:dollar
EXPR: 0 | POS | FRA | 34 | 36.78 | 60.7005 | ((13.95*(2+1.59))+10.62)=x | 13.95 2 1.59 + * 10.62 + x = | 13.95:ticket 2:dollar 1.59:dollar +:dollar *:dollar 10.62:dollar +:dollar x:dollar =:dollar
EXPR: 0 | POS | FRA | 34 | 36.78 | 3.35220125786164 | ((x*1.59)-(13.95-10.62))=2 | x 1.59 * 13.95 10.62 - - 2 = | x:ticket 1.59:dollar *:dollar 13.95:dollar 10.62:dollar -:dollar -:dollar 2:dollar =:dollar
EXPR: 0 | POS | FRA | 34 | 36.78 | 110.0232 | (((13.95-2)-1.59)*10.62)=x | 13.95 2 - 1.59 - 10.62 * x = | 13.95:dollar 2:dollar -:dollar 1.59:dollar -:dollar 10.62:ticket *:dollar x:dollar =:dollar
EXPR: 0 | POS | FRA | 34 | 36.78 | 0.975517890772128 | (((13.95-2)-1.59)/10.62)=x | 13.95 2 - 1.59 - 10.62 / x = | 13.95:dollar 2:dollar -:dollar 1.59:dollar -:dollar 10.62:ticket /:dollar x:dollar =:dollar
EXPR: 0 | POS | FRA | 34 | 36.78 | 151.739 | x=(2+((10.62*13.95)+1.59)) | x 2 10.62 13.95 * 1.59 + + = | x:ticket 2:ticket 10.62:dollar 13.95:ticket *:ticket 1.59:ticket +:ticket +:ticket =:ticket
EXPR: 0 | POS | FRA | 34 | 36.78 | 12.0997175141243 | (10.62*((2-13.95)+x))=1.59 | 10.62 2 13.95 - x + * 1.59 = | 10.62:dollar 2:ticket 13.95:ticket -:ticket x:ticket +:ticket *:ticket 1.59:ticket =:ticket
EXPR: 0 | POS | FRA | 34 | 36.78 | 5.78025 | ((10.62+(x*2))/13.95)=1.59 | 10.62 x 2 * + 13.95 / 1.59 = | 10.62:dollar x:ticket 2:dollar *:dollar +:dollar 13.95:ticket /:dollar 1.59:dollar =:dollar
EXPR: 0 | POS | FRA | 34 | 36.78 | 2.47870292887029 | (2-(10.62/(1.59-x)))=13.95 | 2 10.62 1.59 x - / - 13.95 = | 2:dollar 10.62:dollar 1.59:ticket x:ticket -:ticket /:dollar -:dollar 13.95:dollar =:dollar
EXPR: 0 | POS | FRA | 34 | 36.78 | 0.00938667800152312 | ((10.62*x)*(2+13.95))=1.59 | 10.62 x * 2 13.95 + * 1.59 = | 10.62:ticket x:dollar *:ticket 2:dollar 13.95:dollar +:dollar *:ticket 1.59:ticket =:ticket
EXPR: 0 | POS | FRA | 34 | 36.78 | 0.0609746802640204 | (((1.59*13.95)+10.62)*x)=2 | 1.59 13.95 * 10.62 + x * 2 = | 1.59:dollar 13.95:ticket *:ticket 10.62:ticket +:ticket x:dollar *:ticket 2:ticket =:ticket
EXPR: 0 | POS | FRA | 34 | 36.78 | 0.173002897798538 | (((1.59*13.95)-10.62)*x)=2 | 1.59 13.95 * 10.62 - x * 2 = | 1.59:dollar 13.95:ticket *:ticket 10.62:ticket -:ticket x:dollar *:ticket 2:ticket =:ticket
EXPR: 0 | POS | FRA | 34 | 36.78 | 33.6 | (((10.62*2)-x)+13.95)=1.59 | 10.62 2 * x - 13.95 + 1.59 = | 10.62:dollar 2:ticket *:ticket x:ticket -:ticket 13.95:ticket +:ticket 1.59:ticket =:ticket
EXPR: 0 | POS | FRA | 34 | 36.78 | 0.0648596760907776 | (10.62*1.59)=((2/x)-13.95) | 10.62 1.59 * 2 x / 13.95 - = | 10.62:ticket 1.59:dollar *:ticket 2:ticket x:dollar /:ticket 13.95:ticket -:ticket =:ticket
EXPR: 0 | POS | FRA | 34 | 36.78 | 16.7424308243728 | (10.62*1.59)=((2/13.95)+x) | 10.62 1.59 * 2 13.95 / x + = | 10.62:ticket 1.59:dollar *:ticket 2:ticket 13.95:dollar /:ticket x:ticket +:ticket =:ticket
EXPR: 0 | POS | FRA | 34 | 36.78 | 0.554697554697555 | (((10.62-2)/x)-13.95)=1.59 | 10.62 2 - x / 13.95 - 1.59 = | 10.62:ticket 2:ticket -:ticket x:dollar /:ticket 13.95:ticket -:ticket 1.59:ticket =:ticket
EXPR: 0 | POS | FRA | 34 | 36.78 | 9.435 | (10.62-(2*(13.95-x)))=1.59 | 10.62 2 13.95 x - * - 1.59 = | 10.62:dollar 2:dollar 13.95:ticket x:ticket -:ticket *:dollar -:dollar 1.59:dollar =:dollar
EXPR: 0 | POS | FRA | 34 | 36.78 | 214.31691 | (((1.59*13.95)-2)*10.62)=x | 1.59 13.95 * 2 - 10.62 * x = | 1.59:dollar 13.95:ticket *:ticket 2:ticket -:ticket 10.62:dollar *:ticket x:ticket =:ticket
EXPR: 0 | POS | FRA | 34 | 36.78 | 151.739 | (2+((10.62*13.95)+1.59))=x | 2 10.62 13.95 * 1.59 + + x = | 2:ticket 10.62:dollar 13.95:ticket *:ticket 1.59:ticket +:ticket +:ticket x:ticket =:ticket
EXPR: 0 | POS | FRA | 34 | 36.78 | 1.40860215053763 | (10.62*2)=((13.95*x)+1.59) | 10.62 2 * 13.95 x * 1.59 + = | 10.62:dollar 2:ticket *:ticket 13.95:dollar x:ticket *:ticket 1.59:ticket +:ticket =:ticket
EXPR: 0 | POS | FRA | 34 | 36.78 | 1.65160075329567 | (((x*10.62)-2)-13.95)=1.59 | x 10.62 * 2 - 13.95 - 1.59 = | x:dollar 10.62:ticket *:ticket 2:ticket -:ticket 13.95:ticket -:ticket 1.59:ticket =:ticket
EXPR: 0 | POS | FRA | 34 | 36.78 | 1.27495291902072 | (((x*10.62)+2)-13.95)=1.59 | x 10.62 * 2 + 13.95 - 1.59 = | x:dollar 10.62:ticket *:ticket 2:ticket +:ticket 13.95:ticket -:ticket 1.59:ticket =:ticket
EXPR: 0 | POS | FRA | 34 | 36.78 | 18.87 | (x+10.62)=((2*13.95)+1.59) | x 10.62 + 2 13.95 * 1.59 + = | x:dollar 10.62:dollar +:dollar 2:dollar 13.95:ticket *:dollar 1.59:dollar +:dollar =:dollar
EXPR: 0 | POS | FRA | 35 | 36.78 | 0.293086689751534 | x=((1.59/10.62)+(2/13.95)) | x 1.59 10.62 / 2 13.95 / + = | x:dollar 1.59:dollar 10.62:ticket /:dollar 2:dollar 13.95:ticket /:dollar +:dollar =:dollar
EXPR: 0 | POS | FRA | 35 | 36.78 | 163.0348 | x=((10.62*(1.59+13.95))-2) | x 10.62 1.59 13.95 + * 2 - = | x:dollar 10.62:dollar 1.59:ticket 13.95:ticket +:ticket *:dollar 2:dollar -:dollar =:dollar
EXPR: 0 | POS | FRA | 35 | 36.78 | 2.06471306471306 | x=(2+(1.59/(10.62+13.95))) | x 2 1.59 10.62 13.95 + / + = | x:dollar 2:dollar 1.59:dollar 10.62:ticket 13.95:ticket +:ticket /:dollar +:dollar =:dollar
EXPR: 0 | POS | FRA | 35 | 36.78 | 1.52252252252252 | x=(2+(1.59/(10.62-13.95))) | x 2 1.59 10.62 13.95 - / + = | x:dollar 2:dollar 1.59:dollar 10.62:ticket 13.95:ticket -:ticket /:dollar +:dollar =:dollar
EXPR: 0 | POS | FRA | 35 | 36.78 | 2.47747747747748 | x=(2-(1.59/(10.62-13.95))) | x 2 1.59 10.62 13.95 - / - = | x:dollar 2:dollar 1.59:dollar 10.62:ticket 13.95:ticket -:ticket /:dollar -:dollar =:dollar
EXPR: 0 | POS | FRA | 35 | 36.78 | 29.6205 | x=(10.62+(1.59*(13.95-2))) | x 10.62 1.59 13.95 2 - * + = | x:ticket 10.62:ticket 1.59:dollar 13.95:ticket 2:ticket -:ticket *:ticket +:ticket =:ticket
EXPR: 0 | POS | FRA | 36 | 36.78 | 0.153584905660377 | (((13.95/1.59)+2)-10.62)=x | 13.95 1.59 / 2 + 10.62 - x = | 13.95:dollar 1.59:ticket /:dollar 2:dollar +:dollar 10.62:dollar -:dollar x:dollar =:dollar
EXPR: 0 | POS | FRA | 36 | 36.78 | 0.975517890772128 | ((13.95-1.59)-(x*10.62))=2 | 13.95 1.59 - x 10.62 * - 2 = | 13.95:dollar 1.59:dollar -:dollar x:ticket 10.62:dollar *:dollar -:dollar 2:dollar =:dollar
EXPR: 0 | POS | FRA | 36 | 36.78 | 18.1357232704403 | (13.95-(1.59*(x-10.62)))=2 | 13.95 1.59 x 10.62 - * - 2 = | 13.95:dollar 1.59:ticket x:dollar 10.62:dollar -:dollar *:dollar -:dollar 2:dollar =:dollar
EXPR: 0 | POS | FRA | 36 | 36.78 | 13.9886064030132 | (2-(10.62*(x-13.95)))=1.59 | 2 10.62 x 13.95 - * - 1.59 = | 2:ticket 10.62:dollar x:ticket 13.95:ticket -:ticket *:ticket -:ticket 1.59:ticket =:ticket
EXPR: 0 | POS | FRA | 36 | 36.78 | 0.127478416999103 | (2/10.62)=((13.95*x)-1.59) | 2 10.62 / 13.95 x * 1.59 - = | 2:ticket 10.62:dollar /:ticket 13.95:ticket x:dollar *:ticket 1.59:ticket -:ticket =:ticket
EXPR: 0 | POS | FRA | 36 | 36.78 | 12.1716760828625 | (((13.95-1.59)-x)*10.62)=2 | 13.95 1.59 - x - 10.62 * 2 = | 13.95:dollar 1.59:dollar -:dollar x:dollar -:dollar 10.62:ticket *:dollar 2:dollar =:dollar
EXPR: 0 | POS | FRA | 36 | 36.78 | 15.7283239171375 | (((x-13.95)-1.59)*10.62)=2 | x 13.95 - 1.59 - 10.62 * 2 = | x:dollar 13.95:dollar -:dollar 1.59:dollar -:dollar 10.62:ticket *:dollar 2:dollar =:dollar
EXPR: 1 | POS | FRA | 36 | 36.78 | 36.78 | (((x-13.95)-1.59)/10.62)=2 | x 13.95 - 1.59 - 10.62 / 2 = | x:dollar 13.95:dollar -:dollar 1.59:dollar -:dollar 10.62:ticket /:dollar 2:dollar =:dollar
EXPR: 0 | POS | FRA | 37 | 36.78 | 0.937134718993941 | ((10.62*1.59)-(13.95/x))=2 | 10.62 1.59 * 13.95 x / - 2 = | 10.62:ticket 1.59:dollar *:dollar 13.95:dollar x:ticket /:dollar -:dollar 2:dollar =:dollar
EXPR: 0 | POS | FRA | 37 | 36.78 | 1.06708243727599 | ((10.62*1.59)-(13.95*x))=2 | 10.62 1.59 * 13.95 x * - 2 = | 10.62:ticket 1.59:dollar *:dollar 13.95:ticket x:dollar *:dollar -:dollar 2:dollar =:dollar
EXPR: 0 | POS | FRA | 37 | 36.78 | 2.27688323917137 | ((x*10.62)-(1.59*13.95))=2 | x 10.62 * 1.59 13.95 * - 2 = | x:dollar 10.62:ticket *:dollar 1.59:ticket 13.95:dollar *:dollar -:dollar 2:dollar =:dollar
EXPR: 0 | POS | FRA | 37 | 36.78 | 163.0348 | ((10.62*(1.59+13.95))-x)=2 | 10.62 1.59 13.95 + * x - 2 = | 10.62:dollar 1.59:ticket 13.95:ticket +:ticket *:dollar x:dollar -:dollar 2:dollar =:dollar
EXPR: 0 | POS | FRA | 37 | 36.78 | 0.9358 | (((10.62*1.59)-x)-13.95)=2 | 10.62 1.59 * x - 13.95 - 2 = | 10.62:dollar 1.59:ticket *:ticket x:ticket -:ticket 13.95:ticket -:ticket 2:ticket =:ticket
EXPR: 0 | POS | FRA | 37 | 36.78 | 28.8358 | (((10.62*1.59)-x)+13.95)=2 | 10.62 1.59 * x - 13.95 + 2 = | 10.62:dollar 1.59:ticket *:ticket x:ticket -:ticket 13.95:ticket +:ticket 2:ticket =:ticket
EXPR: 0 | POS | FRA | 37 | 36.78 | 1.61299435028249 | (x*10.62)=(13.95+(2*1.59)) | x 10.62 * 13.95 2 1.59 * + = | x:dollar 10.62:ticket *:ticket 13.95:ticket 2:ticket 1.59:dollar *:ticket +:ticket =:ticket
EXPR: 0 | POS | FRA | 37 | 36.78 | 21.9921760828625 | (10.62*((1.59*13.95)-x))=2 | 10.62 1.59 13.95 * x - * 2 = | 10.62:dollar 1.59:dollar 13.95:ticket *:ticket x:ticket -:ticket *:dollar 2:dollar =:dollar
EXPR: 0 | POS | FRA | 37 | 36.78 | 1.35268817204301 | (((10.62-1.59)/13.95)+x)=2 | 10.62 1.59 - 13.95 / x + 2 = | 10.62:ticket 1.59:ticket -:ticket 13.95:dollar /:ticket x:ticket +:ticket 2:ticket =:ticket
EXPR: 0 | POS | FRA | 37 | 36.78 | 9.435 | (10.62-((13.95-x)*2))=1.59 | 10.62 13.95 x - 2 * - 1.59 = | 10.62:dollar 13.95:ticket x:ticket -:ticket 2:dollar *:dollar -:dollar 1.59:dollar =:dollar
EXPR: 0 | POS | FRA | 37 | 36.78 | 1.01412429378531 | (x*10.62)=(13.95-(2*1.59)) | x 10.62 * 13.95 2 1.59 * - = | x:dollar 10.62:ticket *:ticket 13.95:ticket 2:ticket 1.59:dollar *:ticket -:ticket =:ticket
EXPR: 0 | POS | FRA | 37 | 36.78 | 0.972078853046595 | (10.62-((1.59-x)*13.95))=2 | 10.62 1.59 x - 13.95 * - 2 = | 10.62:dollar 1.59:ticket x:ticket -:ticket 13.95:dollar *:dollar -:dollar 2:dollar =:dollar
EXPR: 0 | POS | FRA | 37 | 36.78 | 9.5605 | (x+10.62)=((1.59*13.95)-2) | x 10.62 + 1.59 13.95 * 2 - = | x:dollar 10.62:dollar +:dollar 1.59:dollar 13.95:ticket *:dollar 2:dollar -:dollar =:dollar
EXPR: 0 | POS | FRA | 37 | 36.78 | 13.9113935969868 | (((2-1.59)/10.62)+x)=13.95 | 2 1.59 - 10.62 / x + 13.95 = | 2:ticket 1.59:ticket -:ticket 10.62:dollar /:ticket x:ticket +:ticket 13.95:ticket =:ticket
EXPR: 0 | POS | FRA | 38 | 36.78 | 1.0210355987055 | (((13.95-1.59)*x)-2)=10.62 | 13.95 1.59 - x * 2 - 10.62 = | 13.95:dollar 1.59:dollar -:dollar x:ticket *:dollar 2:dollar -:dollar 10.62:dollar =:dollar
EXPR: 0 | POS | FRA | 38 | 36.78 | 0.979397781299525 | (((13.95-1.59)/x)-2)=10.62 | 13.95 1.59 - x / 2 - 10.62 = | 13.95:dollar 1.59:dollar -:dollar x:ticket /:dollar 2:dollar -:dollar 10.62:dollar =:dollar
EXPR: 0 | POS | FRA | 38 | 36.78 | 110.0232 | (x/((13.95-1.59)-2))=10.62 | x 13.95 1.59 - 2 - / 10.62 = | x:dollar 13.95:ticket 1.59:ticket -:ticket 2:ticket -:ticket /:dollar 10.62:dollar =:dollar
EXPR: 0 | POS | FRA | 38 | 36.78 | 152.5032 | (x/((13.95-1.59)+2))=10.62 | x 13.95 1.59 - 2 + / 10.62 = | x:dollar 13.95:ticket 1.59:ticket -:ticket 2:ticket +:ticket /:dollar 10.62:dollar =:dollar
EXPR: 0 | POS | FRA | 39 | 36.78 | 12.5060215053763 | x=((2-(1.59/13.95))+10.62) | x 2 1.59 13.95 / - 10.62 + = | x:ticket 2:ticket 1.59:ticket 13.95:dollar /:ticket -:ticket 10.62:ticket +:ticket =:ticket
EXPR: 0 | POS | FRA | 39 | 36.78 | 7.2947 | (x+((10.62-13.95)*1.59))=2 | x 10.62 13.95 - 1.59 * + 2 = | x:dollar 10.62:ticket 13.95:ticket -:ticket 1.59:dollar *:dollar +:dollar 2:dollar =:dollar
EXPR: 0 | POS | FRA | 39 | 36.78 | 0.779062690200852 | ((10.62/13.95)+(1.59*x))=2 | 10.62 13.95 / 1.59 x * + 2 = | 10.62:dollar 13.95:ticket /:dollar 1.59:ticket x:dollar *:dollar +:dollar 2:dollar =:dollar
EXPR: 0 | POS | FRA | 39 | 36.78 | 0.0136463813208332 | (((10.62*13.95)-1.59)*x)=2 | 10.62 13.95 * 1.59 - x * 2 = | 10.62:dollar 13.95:ticket *:ticket 1.59:ticket -:ticket x:dollar *:dollar 2:dollar =:dollar
EXPR: 0 | POS | FRA | 39 | 36.78 | 19.53315 | ((10.62+13.95)*1.59)=(2*x) | 10.62 13.95 + 1.59 * 2 x * = | 10.62:ticket 13.95:ticket +:ticket 1.59:dollar *:dollar 2:ticket x:dollar *:dollar =:dollar
EXPR: 0 | POS | FRA | 39 | 36.78 | 1.4338747099768 | (1.59-((2-10.62)*x))=13.95 | 1.59 2 10.62 - x * - 13.95 = | 1.59:ticket 2:ticket 10.62:ticket -:ticket x:dollar *:ticket -:ticket 13.95:ticket =:ticket
EXPR: 0 | POS | FRA | 39 | 36.78 | 4.9005 | (((10.62-x)/13.95)+1.59)=2 | 10.62 x - 13.95 / 1.59 + 2 = | 10.62:ticket x:ticket -:ticket 13.95:dollar /:ticket 1.59:ticket +:ticket 2:ticket =:ticket
EXPR: 0 | POS | FRA | 39 | 36.78 | 0.697411003236246 | (1.59-((2-10.62)/x))=13.95 | 1.59 2 10.62 - x / - 13.95 = | 1.59:ticket 2:ticket 10.62:ticket -:ticket x:dollar /:ticket -:ticket 13.95:ticket =:ticket
EXPR: 0 | POS | FRA | 39 | 36.78 | 8.52861635220126 | (10.62-((13.95-x)*1.59))=2 | 10.62 13.95 x - 1.59 * - 2 = | 10.62:dollar 13.95:ticket x:ticket -:ticket 1.59:dollar *:dollar -:dollar 2:dollar =:dollar
EXPR: 0 | POS | FRA | 39 | 36.78 | 19.3713836477987 | (10.62+((13.95-x)*1.59))=2 | 10.62 13.95 x - 1.59 * + 2 = | 10.62:dollar 13.95:ticket x:ticket -:ticket 1.59:dollar *:dollar +:dollar 2:dollar =:dollar
EXPR: 0 | POS | FRA | 39 | 36.78 | 0.903559322033898 | x=(((13.95/10.62)-2)+1.59) | x 13.95 10.62 / 2 - 1.59 + = | x:ticket 13.95:ticket 10.62:dollar /:ticket 2:ticket -:ticket 1.59:ticket +:ticket =:ticket
EXPR: 0 | POS | FRA | 39 | 36.78 | 1.35216572504708 | (((10.62*x)-13.95)+1.59)=2 | 10.62 x * 13.95 - 1.59 + 2 = | 10.62:dollar x:ticket *:ticket 13.95:ticket -:ticket 1.59:ticket +:ticket 2:ticket =:ticket
EXPR: 0 | POS | FRA | 39 | 36.78 | 1.01446185552358 | ((x*10.62)-(13.95/1.59))=2 | x 10.62 * 13.95 1.59 / - 2 = | x:ticket 10.62:dollar *:dollar 13.95:dollar 1.59:ticket /:dollar -:dollar 2:dollar =:dollar
EXPR: 0 | POS | FRA | 40 | 36.78 | 20.98 | ((10.62-(2+1.59))+13.95)=x | 10.62 2 1.59 + - 13.95 + x = | 10.62:ticket 2:ticket 1.59:ticket +:ticket -:ticket 13.95:ticket +:ticket x:ticket =:ticket
EXPR: 0 | POS | FRA | 40 | 36.78 | 24.98 | x=((10.62+(2-1.59))+13.95) | x 10.62 2 1.59 - + 13.95 + = | x:ticket 10.62:ticket 2:ticket 1.59:ticket -:ticket +:ticket 13.95:ticket +:ticket =:ticket
EXPR: 0 | POS | FRA | 40 | 36.78 | 0.26 | x=((10.62+(2+1.59))-13.95) | x 10.62 2 1.59 + + 13.95 - = | x:ticket 10.62:ticket 2:ticket 1.59:ticket +:ticket +:ticket 13.95:ticket -:ticket =:ticket
EXPR: 0 | POS | FRA | 40 | 36.78 | 24.98 | ((10.62+(2-1.59))+13.95)=x | 10.62 2 1.59 - + 13.95 + x = | 10.62:ticket 2:ticket 1.59:ticket -:ticket +:ticket 13.95:ticket +:ticket x:ticket =:ticket
EXPR: 0 | POS | FRA | 40 | 36.78 | 20.98 | x=((10.62-2)-(1.59-13.95)) | x 10.62 2 - 1.59 13.95 - - = | x:ticket 10.62:ticket 2:ticket -:ticket 1.59:ticket 13.95:ticket -:ticket -:ticket =:ticket
EXPR: 0 | POS | FRA | 40 | 36.78 | 24.98 | (10.62+(2-(1.59-13.95)))=x | 10.62 2 1.59 13.95 - - + x = | 10.62:ticket 2:ticket 1.59:ticket 13.95:ticket -:ticket -:ticket +:ticket x:ticket =:ticket
EXPR: 0 | POS | FRA | 40 | 36.78 | 24.16 | ((10.62-(2-1.59))+13.95)=x | 10.62 2 1.59 - - 13.95 + x = | 10.62:ticket 2:ticket 1.59:ticket -:ticket -:ticket 13.95:ticket +:ticket x:ticket =:ticket
EXPR: 0 | POS | FRA | 40 | 36.78 | 0.26 | x=((10.62+2)+(1.59-13.95)) | x 10.62 2 + 1.59 13.95 - + = | x:ticket 10.62:ticket 2:ticket +:ticket 1.59:ticket 13.95:ticket -:ticket +:ticket =:ticket
EXPR: 0 | POS | FRA | 40 | 36.78 | 24.98 | x=((10.62+2)-(1.59-13.95)) | x 10.62 2 + 1.59 13.95 - - = | x:ticket 10.62:ticket 2:ticket +:ticket 1.59:ticket 13.95:ticket -:ticket -:ticket =:ticket
EXPR: 0 | POS | FRA | 40 | 36.78 | 28.16 | x=((10.62+(2+1.59))+13.95) | x 10.62 2 1.59 + + 13.95 + = | x:ticket 10.62:ticket 2:ticket 1.59:ticket +:ticket +:ticket 13.95:ticket +:ticket =:ticket
EXPR: 0 | POS | FRA | 40 | 36.78 | 0.0920138888888889 | (((2*13.95)-10.62)*x)=1.59 | 2 13.95 * 10.62 - x * 1.59 = | 2:dollar 13.95:ticket *:ticket 10.62:ticket -:ticket x:dollar *:dollar 1.59:dollar =:dollar
EXPR: 0 | POS | FRA | 40 | 36.78 | 0.0412772585669782 | (((2*13.95)+10.62)*x)=1.59 | 2 13.95 * 10.62 + x * 1.59 = | 2:dollar 13.95:ticket *:ticket 10.62:ticket +:ticket x:dollar *:dollar 1.59:dollar =:dollar
EXPR: 0 | POS | FRA | 40 | 36.78 | 147.354 | (1.59/((10.62*13.95)-x))=2 | 1.59 10.62 13.95 * x - / 2 = | 1.59:dollar 10.62:dollar 13.95:ticket *:ticket x:ticket -:ticket /:dollar 2:dollar =:dollar
EXPR: 0 | POS | FRA | 40 | 36.78 | 15.8002824858757 | (1.59/10.62)=(13.95-(x-2)) | 1.59 10.62 / 13.95 x 2 - - = | 1.59:dollar 10.62:ticket /:dollar 13.95:dollar x:dollar 2:dollar -:dollar -:dollar =:dollar
EXPR: 0 | POS | FRA | 40 | 36.78 | 15.4179 | (x*2)=(13.95+(10.62*1.59)) | x 2 * 13.95 10.62 1.59 * + = | x:dollar 2:ticket *:ticket 13.95:ticket 10.62:ticket 1.59:dollar *:ticket +:ticket =:ticket
EXPR: 0 | POS | FRA | 40 | 36.78 | 4.58786163522013 | (1.59*(10.62+(x-13.95)))=2 | 1.59 10.62 x 13.95 - + * 2 = | 1.59:dollar 10.62:ticket x:ticket 13.95:ticket -:ticket +:ticket *:ticket 2:ticket =:ticket
EXPR: 0 | POS | FRA | 40 | 36.78 | 13.9113935969868 | (2-((13.95-x)*10.62))=1.59 | 2 13.95 x - 10.62 * - 1.59 = | 2:dollar 13.95:ticket x:ticket -:ticket 10.62:dollar *:dollar -:dollar 1.59:dollar =:dollar
EXPR: 0 | POS | FRA | 41 | 36.78 | 174.459 | ((13.95*(10.62+2))-x)=1.59 | 13.95 10.62 2 + * x - 1.59 = | 13.95:dollar 10.62:ticket 2:ticket +:ticket *:ticket x:ticket -:ticket 1.59:ticket =:ticket
EXPR: 0 | POS | FRA | 41 | 36.78 | 9.27075471698113 | x=((13.95-(10.62/1.59))+2) | x 13.95 10.62 1.59 / - 2 + = | x:ticket 13.95:ticket 10.62:ticket 1.59:dollar /:ticket -:ticket 2:ticket +:ticket =:ticket
EXPR: 0 | POS | FRA | 41 | 36.78 | 0.671121029733324 | ((2/1.59)+(13.95*x))=10.62 | 2 1.59 / 13.95 x * + 10.62 = | 2:dollar 1.59:ticket /:dollar 13.95:ticket x:dollar *:dollar +:dollar 10.62:dollar =:dollar
EXPR: 0 | POS | FRA | 41 | 36.78 | 1.01863799283154 | (2+1.59)=((13.95*x)-10.62) | 2 1.59 + 13.95 x * 10.62 - = | 2:dollar 1.59:dollar +:dollar 13.95:ticket x:dollar *:dollar 10.62:dollar -:dollar =:dollar
EXPR: 0 | POS | FRA | 41 | 36.78 | 0.605473204104903 | (((2+1.59)+13.95)*x)=10.62 | 2 1.59 + 13.95 + x * 10.62 = | 2:ticket 1.59:ticket +:ticket 13.95:ticket +:ticket x:dollar *:ticket 10.62:ticket =:ticket
EXPR: 0 | POS | FRA | 41 | 36.78 | 0.00903157643610586 | ((x*13.95)*(10.62+2))=1.59 | x 13.95 * 10.62 2 + * 1.59 = | x:ticket 13.95:dollar *:ticket 10.62:dollar 2:dollar +:dollar *:ticket 1.59:ticket =:ticket
EXPR: 0 | POS | FRA | 41 | 36.78 | 0.0166870166870167 | (((2-1.59)/x)-13.95)=10.62 | 2 1.59 - x / 13.95 - 10.62 = | 2:ticket 1.59:ticket -:ticket x:dollar /:ticket 13.95:ticket -:ticket 10.62:ticket =:ticket
EXPR: 0 | POS | FRA | 41 | 36.78 | 0.341698841698842 | ((x*2)*(1.59+13.95))=10.62 | x 2 * 1.59 13.95 + * 10.62 = | x:ticket 2:dollar *:ticket 1.59:dollar 13.95:dollar +:dollar *:ticket 10.62:ticket =:ticket
EXPR: 0 | POS | FRA | 41 | 36.78 | 0.851459615427964 | ((x*13.95)-10.62)=(2/1.59) | x 13.95 * 10.62 - 2 1.59 / = | x:ticket 13.95:dollar *:ticket 10.62:ticket -:ticket 2:ticket 1.59:dollar /:ticket =:ticket
EXPR: 0 | POS | FRA | 41 | 36.78 | 7.2947 | x=(((13.95-10.62)*1.59)+2) | x 13.95 10.62 - 1.59 * 2 + = | x:dollar 13.95:ticket 10.62:ticket -:ticket 1.59:dollar *:dollar 2:dollar +:dollar =:dollar
EXPR: 0 | POS | FRA | 42 | 36.78 | 0.26 | (10.62+(2-(13.95-1.59)))=x | 10.62 2 13.95 1.59 - - + x = | 10.62:ticket 2:ticket 13.95:ticket 1.59:ticket -:ticket -:ticket +:ticket x:ticket =:ticket
EXPR: 0 | POS | FRA | 42 | 36.78 | 2.92 | (x+(10.62+(2-1.59)))=13.95 | x 10.62 2 1.59 - + + 13.95 = | x:ticket 10.62:ticket 2:ticket 1.59:ticket -:ticket +:ticket +:ticket 13.95:ticket =:ticket
EXPR: 0 | POS | FRA | 42 | 36.78 | 24.98 | (2+(10.62-(1.59-13.95)))=x | 2 10.62 1.59 13.95 - - + x = | 2:ticket 10.62:ticket 1.59:ticket 13.95:ticket -:ticket -:ticket +:ticket x:ticket =:ticket
EXPR: 0 | POS | FRA | 42 | 36.78 | 0.927576601671309 | (10.62+((2+1.59)*x))=13.95 | 10.62 2 1.59 + x * + 13.95 = | 10.62:ticket 2:dollar 1.59:dollar +:dollar x:ticket *:ticket +:ticket 13.95:ticket =:ticket
EXPR: 0 | POS | FRA | 42 | 36.78 | 10.4869456066946 | x=(10.62+(1.59/(2-13.95))) | x 10.62 1.59 2 13.95 - / + = | x:ticket 10.62:ticket 1.59:ticket 2:dollar 13.95:dollar -:dollar /:ticket +:ticket =:ticket
EXPR: 0 | POS | FRA | 42 | 36.78 | 3.74 | (((10.62-2)+1.59)+x)=13.95 | 10.62 2 - 1.59 + x + 13.95 = | 10.62:ticket 2:ticket -:ticket 1.59:ticket +:ticket x:ticket +:ticket 13.95:ticket =:ticket
EXPR: 0 | POS | FRA | 42 | 36.78 | 3.74 | (((10.62-2)+x)+1.59)=13.95 | 10.62 2 - x + 1.59 + 13.95 = | 10.62:ticket 2:ticket -:ticket x:ticket +:ticket 1.59:ticket +:ticket 13.95:ticket =:ticket
EXPR: 0 | POS | FRA | 42 | 36.78 | 0.554697554697555 | ((10.62-2)/x)=(1.59+13.95) | 10.62 2 - x / 1.59 13.95 + = | 10.62:ticket 2:ticket -:ticket x:dollar /:ticket 1.59:ticket 13.95:ticket +:ticket =:ticket
EXPR: 0 | POS | FRA | 42 | 36.78 | 1.8664406779661 | (10.62*((2*1.59)-x))=13.95 | 10.62 2 1.59 * x - * 13.95 = | 10.62:dollar 2:dollar 1.59:ticket *:ticket x:ticket -:ticket *:ticket 13.95:ticket =:ticket
EXPR: 0 | POS | FRA | 43 | 36.78 | 9.6967924528302 | ((x*2)-(13.95/1.59))=10.62 | x 2 * 13.95 1.59 / - 10.62 = | x:ticket 2:dollar *:dollar 13.95:dollar 1.59:ticket /:dollar -:dollar 10.62:dollar =:dollar
EXPR: 0 | POS | FRA | 43 | 36.78 | 0.790681003584229 | (1.59-(2-(x*13.95)))=10.62 | 1.59 2 x 13.95 * - - 10.62 = | 1.59:ticket 2:ticket x:ticket 13.95:dollar *:ticket -:ticket -:ticket 10.62:ticket =:ticket
EXPR: 0 | POS | FRA | 43 | 36.78 | 0.403648802736602 | (((2*13.95)-1.59)*x)=10.62 | 2 13.95 * 1.59 - x * 10.62 = | 2:dollar 13.95:ticket *:ticket 1.59:ticket -:ticket x:dollar *:dollar 10.62:dollar =:dollar
EXPR: 0 | POS | FRA | 43 | 36.78 | 5.07 | (x+1.59)=(2*(13.95-10.62)) | x 1.59 + 2 13.95 10.62 - * = | x:ticket 1.59:ticket +:ticket 2:ticket 13.95:dollar 10.62:dollar -:dollar *:ticket =:ticket
EXPR: 0 | POS | FRA | 43 | 36.78 | 262.5264 | ((x/2)/(13.95-1.59))=10.62 | x 2 / 13.95 1.59 - / 10.62 = | x:ticket 2:dollar /:ticket 13.95:dollar 1.59:dollar -:dollar /:ticket 10.62:ticket =:ticket
EXPR: 0 | POS | FRA | 43 | 36.78 | 65.2754716981132 | ((x/13.95)+2)=(10.62/1.59) | x 13.95 / 2 + 10.62 1.59 / = | x:ticket 13.95:dollar /:ticket 2:ticket +:ticket 10.62:ticket 1.59:dollar /:ticket =:ticket
EXPR: 0 | POS | FRA | 43 | 36.78 | 27.7502824858757 | (1.59/((2*13.95)-x))=10.62 | 1.59 2 13.95 * x - / 10.62 = | 1.59:dollar 2:dollar 13.95:ticket *:ticket x:ticket -:ticket /:dollar 10.62:dollar =:dollar
EXPR: 0 | POS | FRA | 43 | 36.78 | 121.075471698113 | ((x/13.95)-2)=(10.62/1.59) | x 13.95 / 2 - 10.62 1.59 / = | x:ticket 13.95:dollar /:ticket 2:ticket -:ticket 10.62:ticket 1.59:dollar /:ticket =:ticket
EXPR: 0 | POS | FRA | 43 | 36.78 | 0.360122075279756 | (((2*13.95)+1.59)*x)=10.62 | 2 13.95 * 1.59 + x * 10.62 = | 2:dollar 13.95:ticket *:ticket 1.59:ticket +:ticket x:dollar *:dollar 10.62:dollar =:dollar
EXPR: 0 | POS | FRA | 43 | 36.78 | 22.6292452830189 | (((x-2)-13.95)*1.59)=10.62 | x 2 - 13.95 - 1.59 * 10.62 = | x:dollar 2:dollar -:dollar 13.95:dollar -:dollar 1.59:ticket *:ticket 10.62:ticket =:ticket
EXPR: 0 | POS | FRA | 43 | 36.78 | 13.08 | (((x*2)-13.95)-1.59)=10.62 | x 2 * 13.95 - 1.59 - 10.62 = | x:dollar 2:ticket *:ticket 13.95:ticket -:ticket 1.59:ticket -:ticket 10.62:ticket =:ticket
EXPR: 0 | POS | FRA | 44 | 36.78 | 12.0997175141243 | x=((13.95-2)+(1.59/10.62)) | x 13.95 2 - 1.59 10.62 / + = | x:ticket 13.95:ticket 2:ticket -:ticket 1.59:ticket 10.62:dollar /:ticket +:ticket =:ticket
EXPR: 0 | POS | FRA | 44 | 36.78 | 15.7283239171375 | ((2/10.62)+1.59)=(x-13.95) | 2 10.62 / 1.59 + x 13.95 - = | 2:ticket 10.62:dollar /:ticket 1.59:ticket +:ticket x:ticket 13.95:ticket -:ticket =:ticket
EXPR: 0 | POS | FRA | 44 | 36.78 | 2.92 | (((10.62-1.59)+x)+2)=13.95 | 10.62 1.59 - x + 2 + 13.95 = | 10.62:ticket 1.59:ticket -:ticket x:ticket +:ticket 2:ticket +:ticket 13.95:ticket =:ticket
EXPR: 0 | POS | FRA | 44 | 36.78 | 0.26 | (((2-x)+10.62)+1.59)=13.95 | 2 x - 10.62 + 1.59 + 13.95 = | 2:ticket x:ticket -:ticket 10.62:ticket +:ticket 1.59:ticket +:ticket 13.95:ticket =:ticket
EXPR: 0 | POS | FRA | 44 | 36.78 | 13.9886064030132 | (1.59-((13.95-x)*10.62))=2 | 1.59 13.95 x - 10.62 * - 2 = | 1.59:dollar 13.95:ticket x:ticket -:ticket 10.62:dollar *:dollar -:dollar 2:dollar =:dollar
EXPR: 0 | POS | FRA | 44 | 36.78 | 27.6558 | ((2-10.62)*1.59)=(13.95-x) | 2 10.62 - 1.59 * 13.95 x - = | 2:ticket 10.62:ticket -:ticket 1.59:dollar *:ticket 13.95:ticket x:ticket -:ticket =:ticket
EXPR: 0 | POS | FRA | 44 | 36.78 | 19.3713836477987 | ((2-10.62)/1.59)=(13.95-x) | 2 10.62 - 1.59 / 13.95 x - = | 2:ticket 10.62:ticket -:ticket 1.59:dollar /:ticket 13.95:ticket x:ticket -:ticket =:ticket
EXPR: 0 | POS | FRA | 44 | 36.78 | 28.8358 | (10.62*1.59)=((2+x)-13.95) | 10.62 1.59 * 2 x + 13.95 - = | 10.62:dollar 1.59:ticket *:ticket 2:ticket x:ticket +:ticket 13.95:ticket -:ticket =:ticket
EXPR: 0 | POS | FRA | 45 | 36.78 | 6.92 | x=(2+(1.59-(10.62-13.95))) | x 2 1.59 10.62 13.95 - - + = | x:ticket 2:ticket 1.59:ticket 10.62:ticket 13.95:ticket -:ticket -:ticket +:ticket =:ticket
EXPR: 0 | POS | FRA | 45 | 36.78 | 24.98 | (((10.62-1.59)+13.95)+2)=x | 10.62 1.59 - 13.95 + 2 + x = | 10.62:ticket 1.59:ticket -:ticket 13.95:ticket +:ticket 2:ticket +:ticket x:ticket =:ticket
EXPR: 0 | POS | FRA | 46 | 36.78 | 156.5919 | x=((13.95+(1.59/2))*10.62) | x 13.95 1.59 2 / + 10.62 * = | x:dollar 13.95:ticket 1.59:ticket 2:dollar /:ticket +:ticket 10.62:dollar *:dollar =:dollar
EXPR: 0 | POS | FRA | 46 | 36.78 | 139.7061 | x=((13.95-(1.59/2))*10.62) | x 13.95 1.59 2 / - 10.62 * = | x:dollar 13.95:ticket 1.59:ticket 2:dollar /:ticket -:ticket 10.62:dollar *:dollar =:dollar
EXPR: 0 | POS | FRA | 46 | 36.78 | 71.9354716981132 | (((13.95/1.59)-2)*10.62)=x | 13.95 1.59 / 2 - 10.62 * x = | 13.95:dollar 1.59:ticket /:dollar 2:dollar -:dollar 10.62:ticket *:dollar x:dollar =:dollar
EXPR: 0 | POS | FRA | 46 | 36.78 | 3.74 | (2-((10.62-13.95)+x))=1.59 | 2 10.62 13.95 - x + - 1.59 = | 2:ticket 10.62:ticket 13.95:ticket -:ticket x:ticket +:ticket -:ticket 1.59:ticket =:ticket
EXPR: 0 | POS | FRA | 46 | 36.78 | 24.16 | (2-(10.62-(x-13.95)))=1.59 | 2 10.62 x 13.95 - - - 1.59 = | 2:ticket 10.62:ticket x:ticket 13.95:ticket -:ticket -:ticket -:ticket 1.59:ticket =:ticket
EXPR: 0 | POS | FRA | 46 | 36.78 | 15.7283239171375 | ((2/10.62)+13.95)=(x-1.59) | 2 10.62 / 13.95 + x 1.59 - = | 2:ticket 10.62:dollar /:ticket 13.95:ticket +:ticket x:ticket 1.59:ticket -:ticket =:ticket
EXPR: 0 | POS | FRA | 46 | 36.78 | 16.7106918238994 | (((1.59*x)-13.95)-2)=10.62 | 1.59 x * 13.95 - 2 - 10.62 = | 1.59:dollar x:ticket *:ticket 13.95:ticket -:ticket 2:ticket -:ticket 10.62:ticket =:ticket
EXPR: 0 | POS | FRA | 46 | 36.78 | 12.1716760828625 | ((2/10.62)+x)=(13.95-1.59) | 2 10.62 / x + 13.95 1.59 - = | 2:ticket 10.62:dollar /:ticket x:ticket +:ticket 13.95:ticket 1.59:ticket -:ticket =:ticket
EXPR: 0 | POS | FRA | 46 | 36.78 | 299.478 | ((x/2)-(10.62*13.95))=1.59 | x 2 / 10.62 13.95 * - 1.59 = | x:ticket 2:dollar /:ticket 10.62:ticket 13.95:dollar *:ticket -:ticket 1.59:ticket =:ticket
EXPR: 0 | POS | FRA | 46 | 36.78 | 2.92 | (x+(2+(10.62-13.95)))=1.59 | x 2 10.62 13.95 - + + 1.59 = | x:ticket 2:ticket 10.62:ticket 13.95:ticket -:ticket +:ticket +:ticket 1.59:ticket =:ticket
EXPR: 0 | POS | FRA | 47 | 36.78 | 0.566144200626959 | 1.59=(10.62-(x*(2+13.95))) | 1.59 10.62 x 2 13.95 + * - = | 1.59:ticket 10.62:ticket x:ticket 2:dollar 13.95:dollar +:dollar *:ticket -:ticket =:ticket
EXPR: 0 | POS | FRA | 47 | 36.78 | 144.0285 | 1.59=(10.62-(x/(2+13.95))) | 1.59 10.62 x 2 13.95 + / - = | 1.59:ticket 10.62:ticket x:ticket 2:dollar 13.95:dollar +:dollar /:ticket -:ticket =:ticket
EXPR: 0 | POS | FRA | 47 | 36.78 | 2.92 | (((2-1.59)+x)+10.62)=13.95 | 2 1.59 - x + 10.62 + 13.95 = | 2:ticket 1.59:ticket -:ticket x:ticket +:ticket 10.62:ticket +:ticket 13.95:ticket =:ticket
EXPR: 0 | POS | FRA | 47 | 36.78 | 147.354 | (((10.62*13.95)-x)*2)=1.59 | 10.62 13.95 * x - 2 * 1.59 = | 10.62:dollar 13.95:ticket *:ticket x:ticket -:ticket 2:dollar *:ticket 1.59:ticket =:ticket
EXPR: 0 | POS | FRA | 47 | 36.78 | 20.98 | (((10.62-1.59)+13.95)-x)=2 | 10.62 1.59 - 13.95 + x - 2 = | 10.62:ticket 1.59:ticket -:ticket 13.95:ticket +:ticket x:ticket -:ticket 2:ticket =:ticket
EXPR: 0 | POS | FRA | 47 | 36.78 | 11.0660377358491 | (((x*1.59)-10.62)*2)=13.95 | x 1.59 * 10.62 - 2 * 13.95 = | x:dollar 1.59:ticket *:ticket 10.62:ticket -:ticket 2:dollar *:ticket 13.95:ticket =:ticket
EXPR: 0 | POS | FRA | 47 | 36.78 | 6.92 | (((10.62-1.59)-13.95)+x)=2 | 10.62 1.59 - 13.95 - x + 2 = | 10.62:ticket 1.59:ticket -:ticket 13.95:ticket -:ticket x:ticket +:ticket 2:ticket =:ticket
EXPR: 0 | POS | FRA | 47 | 36.78 | 21.39 | (2*1.59)=((10.62+13.95)-x) | 2 1.59 * 10.62 13.95 + x - = | 2:ticket 1.59:dollar *:ticket 10.62:ticket 13.95:ticket +:ticket x:ticket -:ticket =:ticket
EXPR: 0 | POS | FRA | 48 | 36.78 | 35.34 | (x-((13.95-1.59)*2))=10.62 | x 13.95 1.59 - 2 * - 10.62 = | x:dollar 13.95:ticket 1.59:ticket -:ticket 2:dollar *:dollar -:dollar 10.62:dollar =:dollar
EXPR: 0 | POS | FRA | 48 | 36.78 | 24.16 | (1.59+((10.62+13.95)-2))=x | 1.59 10.62 13.95 + 2 - + x = | 1.59:ticket 10.62:ticket 13.95:ticket +:ticket 2:ticket -:ticket +:ticket x:ticket =:ticket
EXPR: 0 | POS | FRA | 48 | 36.78 | 0.731899641577061 | (((13.95*x)-1.59)+2)=10.62 | 13.95 x * 1.59 - 2 + 10.62 = | 13.95:dollar x:ticket *:ticket 1.59:ticket -:ticket 2:ticket +:ticket 10.62:ticket =:ticket
EXPR: 0 | POS | FRA | 48 | 36.78 | 8.5852609885229 | (13.95/1.59)=((2/10.62)+x) | 13.95 1.59 / 2 10.62 / x + = | 13.95:ticket 1.59:dollar /:ticket 2:ticket 10.62:dollar /:ticket x:ticket +:ticket =:ticket
EXPR: 0 | POS | FRA | 49 | 36.78 | 25.8278616352201 | 1.59=(2/(x-(10.62+13.95))) | 1.59 2 x 10.62 13.95 + - / = | 1.59:dollar 2:dollar x:ticket 10.62:ticket 13.95:ticket +:ticket -:ticket /:dollar =:dollar
EXPR: 0 | POS | FRA | 49 | 36.78 | 24.98 | (((2-1.59)+13.95)+10.62)=x | 2 1.59 - 13.95 + 10.62 + x = | 2:ticket 1.59:ticket -:ticket 13.95:ticket +:ticket 10.62:ticket +:ticket x:ticket =:ticket
EXPR: 0 | POS | FRA | 50 | 36.78 | 9.84 | (x/(1.59-(10.62-13.95)))=2 | x 1.59 10.62 13.95 - - / 2 = | x:dollar 1.59:ticket 10.62:ticket 13.95:ticket -:ticket -:ticket /:dollar 2:dollar =:dollar
EXPR: 0 | POS | FRA | 50 | 36.78 | 3.74 | (((2-x)+13.95)-10.62)=1.59 | 2 x - 13.95 + 10.62 - 1.59 = | 2:ticket x:ticket -:ticket 13.95:ticket +:ticket 10.62:ticket -:ticket 1.59:ticket =:ticket
EXPR: 0 | POS | FRA | 50 | 36.78 | 24.98 | (((2-x)+13.95)+10.62)=1.59 | 2 x - 13.95 + 10.62 + 1.59 = | 2:ticket x:ticket -:ticket 13.95:ticket +:ticket 10.62:ticket +:ticket 1.59:ticket =:ticket
EXPR: 0 | POS | FRA | 50 | 36.78 | 2.92 | ((2-(13.95-x))+10.62)=1.59 | 2 13.95 x - - 10.62 + 1.59 = | 2:ticket 13.95:ticket x:ticket -:ticket -:ticket 10.62:ticket +:ticket 1.59:ticket =:ticket
EXPR: 0 | POS | FRA | 50 | 36.78 | 24.98 | ((2+(13.95-x))+10.62)=1.59 | 2 13.95 x - + 10.62 + 1.59 = | 2:ticket 13.95:ticket x:ticket -:ticket +:ticket 10.62:ticket +:ticket 1.59:ticket =:ticket
EXPR: 0 | POS | FRA | 51 | 36.78 | 0.0870322019147085 | (2/(13.95-(1.59-10.62)))=x | 2 13.95 1.59 10.62 - - / x = | 2:dollar 13.95:ticket 1.59:ticket 10.62:ticket -:ticket -:ticket /:dollar x:dollar =:dollar
EXPR: 0 | POS | FRA | 51 | 36.78 | 313.1838 | (((2*13.95)+1.59)*10.62)=x | 2 13.95 * 1.59 + 10.62 * x = | 2:dollar 13.95:ticket *:dollar 1.59:dollar +:dollar 10.62:ticket *:ticket x:ticket =:ticket
EXPR: 0 | POS | FRA | 51 | 36.78 | 11.9547 | 13.95=(10.62+(x/(2+1.59))) | 13.95 10.62 x 2 1.59 + / + = | 13.95:ticket 10.62:ticket x:ticket 2:dollar 1.59:dollar +:dollar /:ticket +:ticket =:ticket
EXPR: 0 | POS | FRA | 51 | 36.78 | 3.74 | (((2-1.59)+13.95)-x)=10.62 | 2 1.59 - 13.95 + x - 10.62 = | 2:ticket 1.59:ticket -:ticket 13.95:ticket +:ticket x:ticket -:ticket 10.62:ticket =:ticket
EXPR: 0 | POS | FRA | 51 | 36.78 | 1.35216572504708 | ((2-1.59)+13.95)=(10.62*x) | 2 1.59 - 13.95 + 10.62 x * = | 2:ticket 1.59:ticket -:ticket 13.95:ticket +:ticket 10.62:ticket x:dollar *:ticket =:ticket
EXPR: 0 | POS | FRA | 51 | 36.78 | 4.58786163522013 | ((x-13.95)+10.62)=(2/1.59) | x 13.95 - 10.62 + 2 1.59 / = | x:ticket 13.95:ticket -:ticket 10.62:ticket +:ticket 2:ticket 1.59:dollar /:ticket =:ticket
EXPR: 0 | POS | FRA | 51 | 36.78 | 0.818279569892473 | (((x*13.95)-10.62)*2)=1.59 | x 13.95 * 10.62 - 2 * 1.59 = | x:dollar 13.95:ticket *:ticket 10.62:ticket -:ticket 2:dollar *:ticket 1.59:ticket =:ticket
EXPR: 0 | POS | FRA | 53 | 36.78 | 15.3516760828625 | (2/(13.95+(1.59-x)))=10.62 | 2 13.95 1.59 x - + / 10.62 = | 2:dollar 13.95:ticket 1.59:ticket x:ticket -:ticket +:ticket /:dollar 10.62:dollar =:dollar
EXPR: 0 | POS | FRA | 53 | 36.78 | 0.9358 | ((x+13.95)+2)=(10.62*1.59) | x 13.95 + 2 + 10.62 1.59 * = | x:ticket 13.95:ticket +:ticket 2:ticket +:ticket 10.62:ticket 1.59:dollar *:ticket =:ticket
EXPR: 0 | POS | FRA | 53 | 36.78 | 18.6292452830189 | ((x-13.95)+2)=(10.62/1.59) | x 13.95 - 2 + 10.62 1.59 / = | x:ticket 13.95:ticket -:ticket 2:ticket +:ticket 10.62:ticket 1.59:dollar /:ticket =:ticket
EXPR: 0 | POS | FRA | 53 | 36.78 | 0.704301075268817 | ((1.59/2)+(x*13.95))=10.62 | 1.59 2 / x 13.95 * + 10.62 = | 1.59:ticket 2:dollar /:ticket x:dollar 13.95:ticket *:ticket +:ticket 10.62:ticket =:ticket
EXPR: 0 | POS | FRA | 53 | 36.78 | 22.6292452830189 | ((x-13.95)-2)=(10.62/1.59) | x 13.95 - 2 - 10.62 1.59 / = | x:ticket 13.95:ticket -:ticket 2:ticket -:ticket 10.62:ticket 1.59:dollar /:ticket =:ticket
EXPR: 0 | POS | FRA | 54 | 36.78 | 21.71025 | ((1.59*13.95)/(x-10.62))=2 | 1.59 13.95 * x 10.62 - / 2 = | 1.59:ticket 13.95:dollar *:dollar x:ticket 10.62:ticket -:ticket /:dollar 2:dollar =:dollar
EXPR: 0 | POS | FRA | 54 | 36.78 | 0.47025 | ((1.59*13.95)/(x+10.62))=2 | 1.59 13.95 * x 10.62 + / 2 = | 1.59:ticket 13.95:dollar *:dollar x:ticket 10.62:ticket +:ticket /:dollar 2:dollar =:dollar
EXPR: 0 | POS | FRA | 54 | 36.78 | 24.16 | (((1.59-x)+13.95)+10.62)=2 | 1.59 x - 13.95 + 10.62 + 2 = | 1.59:ticket x:ticket -:ticket 13.95:ticket +:ticket 10.62:ticket +:ticket 2:ticket =:ticket
EXPR: 0 | POS | FRA | 54 | 36.78 | 0.403648802736602 | (10.62/x)=((2*13.95)-1.59) | 10.62 x / 2 13.95 * 1.59 - = | 10.62:ticket x:dollar /:ticket 2:dollar 13.95:ticket *:ticket 1.59:ticket -:ticket =:ticket
EXPR: 0 | POS | FRA | 54 | 36.78 | 9.435 | (((10.62-1.59)/2)+x)=13.95 | 10.62 1.59 - 2 / x + 13.95 = | 10.62:ticket 1.59:ticket -:ticket 2:dollar /:ticket x:ticket +:ticket 13.95:ticket =:ticket
EXPR: 0 | POS | FRA | 54 | 36.78 | 10.3146226415094 | (10.62/1.59)=((2*x)-13.95) | 10.62 1.59 / 2 x * 13.95 - = | 10.62:ticket 1.59:dollar /:ticket 2:dollar x:ticket *:ticket 13.95:ticket -:ticket =:ticket
EXPR: 0 | POS | FRA | 54 | 36.78 | 6.92 | ((2-10.62)+1.59)=(x-13.95) | 2 10.62 - 1.59 + x 13.95 - = | 2:ticket 10.62:ticket -:ticket 1.59:ticket +:ticket x:ticket 13.95:ticket -:ticket =:ticket
EXPR: 0 | POS | FRA | 54 | 36.78 | 10.3146226415094 | (x*2)=((10.62/1.59)+13.95) | x 2 * 10.62 1.59 / 13.95 + = | x:ticket 2:dollar *:ticket 10.62:ticket 1.59:dollar /:ticket 13.95:ticket +:ticket =:ticket
EXPR: 0 | POS | FRA | 54 | 36.78 | 15.4179 | (10.62*1.59)=((2*x)-13.95) | 10.62 1.59 * 2 x * 13.95 - = | 10.62:ticket 1.59:dollar *:ticket 2:dollar x:ticket *:ticket 13.95:ticket -:ticket =:ticket
EXPR: 0 | POS | FRA | 56 | 36.78 | 121.839 | ((1.59-x)/13.95)=(2-10.62) | 1.59 x - 13.95 / 2 10.62 - = | 1.59:ticket x:ticket -:ticket 13.95:dollar /:ticket 2:ticket 10.62:ticket -:ticket =:ticket
EXPR: 0 | POS | FRA | 56 | 36.78 | 0.836477987421384 | (1.59*x)=((13.95-2)-10.62) | 1.59 x * 13.95 2 - 10.62 - = | 1.59:ticket x:dollar *:ticket 13.95:ticket 2:ticket -:ticket 10.62:ticket -:ticket =:ticket
EXPR: 0 | POS | FRA | 56 | 36.78 | 1.19548872180451 | (1.59/x)=((13.95-2)-10.62) | 1.59 x / 13.95 2 - 10.62 - = | 1.59:ticket x:dollar /:ticket 13.95:ticket 2:ticket -:ticket 10.62:ticket -:ticket =:ticket
EXPR: 0 | POS | FRA | 57 | 36.78 | 20.98 | (10.62+13.95)=((2+x)+1.59) | 10.62 13.95 + 2 x + 1.59 + = | 10.62:ticket 13.95:ticket +:ticket 2:ticket x:ticket +:ticket 1.59:ticket +:ticket =:ticket
EXPR: 1 | POS | FRA | 57 | 36.78 | 36.78 | ((x-1.59)-(10.62*2))=13.95 | x 1.59 - 10.62 2 * - 13.95 = | x:ticket 1.59:ticket -:ticket 10.62:ticket 2:dollar *:ticket -:ticket 13.95:ticket =:ticket
EXPR: 0 | POS | FRA | 57 | 36.78 | 12.1132075471698 | (x*1.59)=((10.62/2)+13.95) | x 1.59 * 10.62 2 / 13.95 + = | x:ticket 1.59:dollar *:ticket 10.62:ticket 2:dollar /:ticket 13.95:ticket +:ticket =:ticket
EXPR: 0 | POS | FRA | 58 | 36.78 | 1.56785515320334 | (((13.95/1.59)-2)*x)=10.62 | 13.95 1.59 / 2 - x * 10.62 = | 13.95:dollar 1.59:ticket /:dollar 2:dollar -:dollar x:ticket *:ticket 10.62:ticket =:ticket
EXPR: 0 | POS | FRA | 59 | 36.78 | 4.9005 | (x-10.62)=(13.95*(1.59-2)) | x 10.62 - 13.95 1.59 2 - * = | x:ticket 10.62:ticket -:ticket 13.95:ticket 1.59:dollar 2:dollar -:dollar *:ticket =:ticket
EXPR: 0 | POS | FRA | 60 | 36.78 | 10.8679245283019 | (2*13.95)=(10.62+(1.59*x)) | 2 13.95 * 10.62 1.59 x * + = | 2:dollar 13.95:ticket *:ticket 10.62:ticket 1.59:dollar x:ticket *:ticket +:ticket =:ticket
EXPR: 0 | POS | FRA | 60 | 36.78 | 125.319 | (x+1.59)=(10.62*(13.95-2)) | x 1.59 + 10.62 13.95 2 - * = | x:ticket 1.59:ticket +:ticket 10.62:ticket 13.95:dollar 2:dollar -:dollar *:ticket =:ticket
EXPR: 0 | POS | FRA | 61 | 36.78 | 2.92 | ((2-1.59)+x)=(13.95-10.62) | 2 1.59 - x + 13.95 10.62 - = | 2:ticket 1.59:ticket -:ticket x:ticket +:ticket 13.95:ticket 10.62:ticket -:ticket =:ticket
EXPR: 0 | POS | FRA | 61 | 36.78 | 21.39 | (((2*1.59)+x)-13.95)=10.62 | 2 1.59 * x + 13.95 - 10.62 = | 2:dollar 1.59:ticket *:ticket x:ticket +:ticket 13.95:ticket -:ticket 10.62:ticket =:ticket
EXPR: 0 | POS | FRA | 61 | 36.78 | 2.92 | (x+2)=((1.59+13.95)-10.62) | x 2 + 1.59 13.95 + 10.62 - = | x:ticket 2:ticket +:ticket 1.59:ticket 13.95:ticket +:ticket 10.62:ticket -:ticket =:ticket
EXPR: 0 | POS | FRA | 61 | 36.78 | 40.11 | (1.59+((2*13.95)+10.62))=x | 1.59 2 13.95 * 10.62 + + x = | 1.59:ticket 2:dollar 13.95:ticket *:ticket 10.62:ticket +:ticket +:ticket x:ticket =:ticket
EXPR: 0 | POS | FRA | 63 | 36.78 | 3.74 | (2+13.95)=((1.59+x)+10.62) | 2 13.95 + 1.59 x + 10.62 + = | 2:ticket 13.95:ticket +:ticket 1.59:ticket x:ticket +:ticket 10.62:ticket +:ticket =:ticket
EXPR: 0 | POS | FRA | 63 | 36.78 | 20.98 | (x+2)=(13.95-(1.59-10.62)) | x 2 + 13.95 1.59 10.62 - - = | x:ticket 2:ticket +:ticket 13.95:ticket 1.59:ticket 10.62:ticket -:ticket -:ticket =:ticket
EXPR: 0 | POS | FRA | 63 | 36.78 | 0.295754716981133 | (13.95/2)=((10.62/1.59)+x) | 13.95 2 / 10.62 1.59 / x + = | 13.95:ticket 2:dollar /:ticket 10.62:ticket 1.59:dollar /:ticket x:ticket +:ticket =:ticket
EXPR: 0 | POS | FRA | 63 | 36.78 | 11.49 | (((2*x)-13.95)+1.59)=10.62 | 2 x * 13.95 - 1.59 + 10.62 = | 2:dollar x:ticket *:ticket 13.95:ticket -:ticket 1.59:ticket +:ticket 10.62:ticket =:ticket
NET 480 unique, non-negative solutions found out of 1000 total solutions
