parameters: n=9 l=4 k=1 p=5 q=1 m=10
TOTAL 1000 solutions found
SOLN: CORRECT | POS/NEG | INT/FRA | OBJ-SCORE | TRUE-ANS | ANS | INFIX | POSTFIX | TYPED-POSTFIX
EXPR: 0 | POS | INT | 0 | 159 | 399 | (((25.0+20.0)+75.0)+279.0)=x | 25.0 20.0 + 75.0 + 279.0 + x = | 25.0:money 20.0:money +:money 75.0:money +:money 279.0:money +:money x:money =:money
EXPR: 0 | POS | INT | 0 | 159 | 209 | (25.0-((20.0+75.0)-279.0))=x | 25.0 20.0 75.0 + 279.0 - - x = | 25.0:money 20.0:money 75.0:money +:money 279.0:money -:money -:money x:money =:money
EXPR: 0 | POS | INT | 0 | 159 | 359 | (25.0-(20.0-(75.0+279.0)))=x | 25.0 20.0 75.0 279.0 + - - x = | 25.0:money 20.0:money 75.0:money 279.0:money +:money -:money -:money x:money =:money
EXPR: 0 | POS | INT | 0 | 159 | 249 | x=(25.0+(20.0-(75.0-279.0))) | x 25.0 20.0 75.0 279.0 - - + = | x:money 25.0:money 20.0:money 75.0:money 279.0:money -:money -:money +:money =:money
EXPR: 0 | POS | INT | 0 | 159 | 209 | x=((25.0-20.0)-(75.0-279.0)) | x 25.0 20.0 - 75.0 279.0 - - = | x:money 25.0:money 20.0:money -:money 75.0:money 279.0:money -:money -:money =:money
EXPR: 0 | POS | INT | 0 | 159 | 209 | (((25.0-20.0)-75.0)+279.0)=x | 25.0 20.0 - 75.0 - 279.0 + x = | 25.0:money 20.0:money -:money 75.0:money -:money 279.0:money +:money x:money =:money
EXPR: 0 | POS | INT | 0 | 159 | 209 | x=(((25.0-20.0)-75.0)+279.0) | x 25.0 20.0 - 75.0 - 279.0 + = | x:money 25.0:money 20.0:money -:money 75.0:money -:money 279.0:money +:money =:money
EXPR: 0 | POS | INT | 0 | 159 | 209 | x=((25.0-(20.0+75.0))+279.0) | x 25.0 20.0 75.0 + - 279.0 + = | x:money 25.0:money 20.0:money 75.0:money +:money -:money 279.0:money +:money =:money
EXPR: 0 | POS | INT | 0 | 159 | 249 | x=((25.0+(20.0-75.0))+279.0) | x 25.0 20.0 75.0 - + 279.0 + = | x:money 25.0:money 20.0:money 75.0:money -:money +:money 279.0:money +:money =:money
EXPR: 0 | POS | INT | 0 | 159 | 249 | x=(25.0+((20.0-75.0)+279.0)) | x 25.0 20.0 75.0 - 279.0 + + = | x:money 25.0:money 20.0:money 75.0:money -:money 279.0:money +:money +:money =:money
EXPR: 0 | POS | INT | 0 | 159 | 359 | x=(25.0-(20.0-(75.0+279.0))) | x 25.0 20.0 75.0 279.0 + - - = | x:money 25.0:money 20.0:money 75.0:money 279.0:money +:money -:money -:money =:money
EXPR: 0 | POS | INT | 0 | 159 | 209 | ((25.0-20.0)-(75.0-279.0))=x | 25.0 20.0 - 75.0 279.0 - - x = | 25.0:money 20.0:money -:money 75.0:money 279.0:money -:money -:money x:money =:money
EXPR: 0 | POS | INT | 0 | 159 | 359 | x=((25.0-(20.0-75.0))+279.0) | x 25.0 20.0 75.0 - - 279.0 + = | x:money 25.0:money 20.0:money 75.0:money -:money -:money 279.0:money +:money =:money
EXPR: 0 | POS | INT | 0 | 159 | 359 | x=((25.0-20.0)+(75.0+279.0)) | x 25.0 20.0 - 75.0 279.0 + + = | x:money 25.0:money 20.0:money -:money 75.0:money 279.0:money +:money +:money =:money
EXPR: 0 | POS | INT | 0 | 159 | 249 | (25.0+((20.0-75.0)+279.0))=x | 25.0 20.0 75.0 - 279.0 + + x = | 25.0:money 20.0:money 75.0:money -:money 279.0:money +:money +:money x:money =:money
EXPR: 0 | POS | INT | 0 | 159 | 399 | x=((25.0+(20.0+75.0))+279.0) | x 25.0 20.0 75.0 + + 279.0 + = | x:money 25.0:money 20.0:money 75.0:money +:money +:money 279.0:money +:money =:money
EXPR: 0 | POS | INT | 0 | 159 | 209 | ((25.0-(20.0+75.0))+279.0)=x | 25.0 20.0 75.0 + - 279.0 + x = | 25.0:money 20.0:money 75.0:money +:money -:money 279.0:money +:money x:money =:money
EXPR: 0 | POS | INT | 0 | 159 | 399 | ((25.0+(20.0+75.0))+279.0)=x | 25.0 20.0 75.0 + + 279.0 + x = | 25.0:money 20.0:money 75.0:money +:money +:money 279.0:money +:money x:money =:money
EXPR: 0 | POS | INT | 0 | 159 | 249 | x=((25.0+20.0)-(75.0-279.0)) | x 25.0 20.0 + 75.0 279.0 - - = | x:money 25.0:money 20.0:money +:money 75.0:money 279.0:money -:money -:money =:money
EXPR: 0 | POS | INT | 0 | 159 | 399 | x=(25.0+(20.0+(75.0+279.0))) | x 25.0 20.0 75.0 279.0 + + + = | x:money 25.0:money 20.0:money 75.0:money 279.0:money +:money +:money +:money =:money
EXPR: 0 | POS | INT | 0 | 159 | 359 | x=(25.0-((20.0-75.0)-279.0)) | x 25.0 20.0 75.0 - 279.0 - - = | x:money 25.0:money 20.0:money 75.0:money -:money 279.0:money -:money -:money =:money
EXPR: 0 | POS | INT | 0 | 159 | 399 | x=(25.0+((20.0+75.0)+279.0)) | x 25.0 20.0 75.0 + 279.0 + + = | x:money 25.0:money 20.0:money 75.0:money +:money 279.0:money +:money +:money =:money
EXPR: 0 | POS | INT | 0 | 159 | 249 | ((25.0+20.0)-(75.0-279.0))=x | 25.0 20.0 + 75.0 279.0 - - x = | 25.0:money 20.0:money +:money 75.0:money 279.0:money -:money -:money x:money =:money
EXPR: 0 | POS | INT | 0 | 159 | 359 | (((25.0-20.0)+75.0)+279.0)=x | 25.0 20.0 - 75.0 + 279.0 + x = | 25.0:money 20.0:money -:money 75.0:money +:money 279.0:money +:money x:money =:money
EXPR: 0 | POS | INT | 0 | 159 | 249 | (((25.0+20.0)-75.0)+279.0)=x | 25.0 20.0 + 75.0 - 279.0 + x = | 25.0:money 20.0:money +:money 75.0:money -:money 279.0:money +:money x:money =:money
EXPR: 0 | POS | INT | 0 | 159 | 209 | x=(25.0-(20.0+(75.0-279.0))) | x 25.0 20.0 75.0 279.0 - + - = | x:money 25.0:money 20.0:money 75.0:money 279.0:money -:money +:money -:money =:money
EXPR: 0 | POS | INT | 0 | 159 | 359 | x=(((25.0-20.0)+75.0)+279.0) | x 25.0 20.0 - 75.0 + 279.0 + = | x:money 25.0:money 20.0:money -:money 75.0:money +:money 279.0:money +:money =:money
EXPR: 0 | POS | INT | 0 | 159 | 209 | x=(25.0-((20.0+75.0)-279.0)) | x 25.0 20.0 75.0 + 279.0 - - = | x:money 25.0:money 20.0:money 75.0:money +:money 279.0:money -:money -:money =:money
EXPR: 0 | POS | INT | 0 | 159 | 399 | x=((25.0+20.0)+(75.0+279.0)) | x 25.0 20.0 + 75.0 279.0 + + = | x:money 25.0:money 20.0:money +:money 75.0:money 279.0:money +:money +:money =:money
EXPR: 0 | POS | INT | 0 | 159 | 249 | x=(((25.0+20.0)-75.0)+279.0) | x 25.0 20.0 + 75.0 - 279.0 + = | x:money 25.0:money 20.0:money +:money 75.0:money -:money 279.0:money +:money =:money
EXPR: 0 | POS | INT | 0 | 159 | 399 | ((25.0+20.0)+(75.0+279.0))=x | 25.0 20.0 + 75.0 279.0 + + x = | 25.0:money 20.0:money +:money 75.0:money 279.0:money +:money +:money x:money =:money
EXPR: 0 | POS | INT | 0 | 159 | 359 | ((25.0-20.0)+(75.0+279.0))=x | 25.0 20.0 - 75.0 279.0 + + x = | 25.0:money 20.0:money -:money 75.0:money 279.0:money +:money +:money x:money =:money
EXPR: 0 | POS | INT | 0 | 159 | 359 | (25.0-((20.0-75.0)-279.0))=x | 25.0 20.0 75.0 - 279.0 - - x = | 25.0:money 20.0:money 75.0:money -:money 279.0:money -:money -:money x:money =:money
EXPR: 0 | POS | INT | 0 | 159 | 399 | x=(((25.0+20.0)+75.0)+279.0) | x 25.0 20.0 + 75.0 + 279.0 + = | x:money 25.0:money 20.0:money +:money 75.0:money +:money 279.0:money +:money =:money
EXPR: 0 | POS | INT | 0 | 159 | 399 | (25.0+((20.0+75.0)+279.0))=x | 25.0 20.0 75.0 + 279.0 + + x = | 25.0:money 20.0:money 75.0:money +:money 279.0:money +:money +:money x:money =:money
EXPR: 0 | POS | INT | 0 | 159 | 209 | (25.0-(20.0+(75.0-279.0)))=x | 25.0 20.0 75.0 279.0 - + - x = | 25.0:money 20.0:money 75.0:money 279.0:money -:money +:money -:money x:money =:money
EXPR: 0 | POS | INT | 0 | 159 | 249 | (25.0+(20.0-(75.0-279.0)))=x | 25.0 20.0 75.0 279.0 - - + x = | 25.0:money 20.0:money 75.0:money 279.0:money -:money -:money +:money x:money =:money
EXPR: 0 | POS | INT | 0 | 159 | 399 | (25.0+(20.0+(75.0+279.0)))=x | 25.0 20.0 75.0 279.0 + + + x = | 25.0:money 20.0:money 75.0:money 279.0:money +:money +:money +:money x:money =:money
EXPR: 0 | POS | INT | 0 | 159 | 249 | ((25.0+(20.0-75.0))+279.0)=x | 25.0 20.0 75.0 - + 279.0 + x = | 25.0:money 20.0:money 75.0:money -:money +:money 279.0:money +:money x:money =:money
EXPR: 0 | POS | INT | 0 | 159 | 359 | ((25.0-(20.0-75.0))+279.0)=x | 25.0 20.0 75.0 - - 279.0 + x = | 25.0:money 20.0:money 75.0:money -:money -:money 279.0:money +:money x:money =:money
EXPR: 0 | POS | INT | 2 | 159 | 209 | ((25.0-20.0)+(279.0-75.0))=x | 25.0 20.0 - 279.0 75.0 - + x = | 25.0:money 20.0:money -:money 279.0:money 75.0:money -:money +:money x:money =:money
EXPR: 0 | POS | INT | 2 | 159 | 209 | x=(25.0-(20.0-(279.0-75.0))) | x 25.0 20.0 279.0 75.0 - - - = | x:money 25.0:money 20.0:money 279.0:money 75.0:money -:money -:money -:money =:money
EXPR: 0 | POS | INT | 2 | 159 | 249 | (25.0+((20.0+279.0)-75.0))=x | 25.0 20.0 279.0 + 75.0 - + x = | 25.0:money 20.0:money 279.0:money +:money 75.0:money -:money +:money x:money =:money
EXPR: 0 | POS | INT | 2 | 159 | 349 | (((25.0-20.0)-75.0)+x)=279.0 | 25.0 20.0 - 75.0 - x + 279.0 = | 25.0:money 20.0:money -:money 75.0:money -:money x:money +:money 279.0:money =:money
EXPR: 0 | POS | INT | 2 | 159 | 209 | (25.0-((20.0-279.0)+75.0))=x | 25.0 20.0 279.0 - 75.0 + - x = | 25.0:money 20.0:money 279.0:money -:money 75.0:money +:money -:money x:money =:money
EXPR: 0 | POS | INT | 2 | 159 | 209 | (((25.0-75.0)-20.0)+279.0)=x | 25.0 75.0 - 20.0 - 279.0 + x = | 25.0:money 75.0:money -:money 20.0:money -:money 279.0:money +:money x:money =:money
EXPR: 0 | POS | INT | 2 | 159 | 309 | (25.0+((x+20.0)-75.0))=279.0 | 25.0 x 20.0 + 75.0 - + 279.0 = | 25.0:money x:money 20.0:money +:money 75.0:money -:money +:money 279.0:money =:money
EXPR: 0 | POS | INT | 2 | 159 | 399 | (((25.0+75.0)+20.0)+279.0)=x | 25.0 75.0 + 20.0 + 279.0 + x = | 25.0:money 75.0:money +:money 20.0:money +:money 279.0:money +:money x:money =:money
EXPR: 0 | POS | INT | 2 | 159 | 349 | ((25.0+x)-(20.0+75.0))=279.0 | 25.0 x + 20.0 75.0 + - 279.0 = | 25.0:money x:money +:money 20.0:money 75.0:money +:money -:money 279.0:money =:money
EXPR: 0 | POS | INT | 2 | 159 | 249 | (((25.0-75.0)+20.0)+279.0)=x | 25.0 75.0 - 20.0 + 279.0 + x = | 25.0:money 75.0:money -:money 20.0:money +:money 279.0:money +:money x:money =:money
EXPR: 0 | POS | INT | 2 | 159 | 359 | (((25.0+75.0)-20.0)+279.0)=x | 25.0 75.0 + 20.0 - 279.0 + x = | 25.0:money 75.0:money +:money 20.0:money -:money 279.0:money +:money x:money =:money
EXPR: 0 | POS | INT | 2 | 159 | 199 | ((25.0+x)-(20.0-75.0))=279.0 | 25.0 x + 20.0 75.0 - - 279.0 = | 25.0:money x:money +:money 20.0:money 75.0:money -:money -:money 279.0:money =:money
EXPR: 0 | POS | INT | 2 | 159 | 399 | ((25.0+75.0)+(20.0+279.0))=x | 25.0 75.0 + 20.0 279.0 + + x = | 25.0:money 75.0:money +:money 20.0:money 279.0:money +:money +:money x:money =:money
EXPR: 0 | POS | INT | 2 | 159 | 249 | ((25.0-75.0)+(20.0+279.0))=x | 25.0 75.0 - 20.0 279.0 + + x = | 25.0:money 75.0:money -:money 20.0:money 279.0:money +:money +:money x:money =:money
EXPR: 0 | POS | INT | 2 | 159 | 309 | ((25.0+20.0)-(75.0-x))=279.0 | 25.0 20.0 + 75.0 x - - 279.0 = | 25.0:money 20.0:money +:money 75.0:money x:money -:money -:money 279.0:money =:money
EXPR: 0 | POS | INT | 2 | 159 | 209 | (25.0-(20.0-(279.0-75.0)))=x | 25.0 20.0 279.0 75.0 - - - x = | 25.0:money 20.0:money 279.0:money 75.0:money -:money -:money -:money x:money =:money
EXPR: 0 | POS | INT | 2 | 159 | 209 | x=((25.0-75.0)-(20.0-279.0)) | x 25.0 75.0 - 20.0 279.0 - - = | x:money 25.0:money 75.0:money -:money 20.0:money 279.0:money -:money -:money =:money
EXPR: 0 | POS | INT | 2 | 159 | 359 | (25.0-((20.0-279.0)-75.0))=x | 25.0 20.0 279.0 - 75.0 - - x = | 25.0:money 20.0:money 279.0:money -:money 75.0:money -:money -:money x:money =:money
EXPR: 0 | POS | INT | 2 | 159 | 359 | 25.0=((x+(20.0-75.0))-279.0) | 25.0 x 20.0 75.0 - + 279.0 - = | 25.0:money x:money 20.0:money 75.0:money -:money +:money 279.0:money -:money =:money
EXPR: 0 | POS | INT | 2 | 159 | 399 | 25.0=((x-(20.0+75.0))-279.0) | 25.0 x 20.0 75.0 + - 279.0 - = | 25.0:money x:money 20.0:money 75.0:money +:money -:money 279.0:money -:money =:money
EXPR: 0 | POS | INT | 2 | 159 | 199 | 25.0=(((20.0-75.0)-x)+279.0) | 25.0 20.0 75.0 - x - 279.0 + = | 25.0:money 20.0:money 75.0:money -:money x:money -:money 279.0:money +:money =:money
EXPR: 0 | POS | INT | 2 | 159 | 349 | (25.0-(20.0+(75.0-x)))=279.0 | 25.0 20.0 75.0 x - + - 279.0 = | 25.0:money 20.0:money 75.0:money x:money -:money +:money -:money 279.0:money =:money
EXPR: 0 | POS | INT | 2 | 159 | 209 | 25.0=(20.0+((x+75.0)-279.0)) | 25.0 20.0 x 75.0 + 279.0 - + = | 25.0:money 20.0:money x:money 75.0:money +:money 279.0:money -:money +:money =:money
EXPR: 0 | POS | INT | 2 | 159 | 209 | (((25.0-20.0)+279.0)-75.0)=x | 25.0 20.0 - 279.0 + 75.0 - x = | 25.0:money 20.0:money -:money 279.0:money +:money 75.0:money -:money x:money =:money
EXPR: 0 | POS | INT | 2 | 159 | 249 | (25.0-((75.0-20.0)-279.0))=x | 25.0 75.0 20.0 - 279.0 - - x = | 25.0:money 75.0:money 20.0:money -:money 279.0:money -:money -:money x:money =:money
EXPR: 0 | POS | INT | 2 | 159 | 199 | ((25.0-20.0)+(75.0+x))=279.0 | 25.0 20.0 - 75.0 x + + 279.0 = | 25.0:money 20.0:money -:money 75.0:money x:money +:money +:money 279.0:money =:money
EXPR: 0 | POS | INT | 2 | 159 | 309 | (((25.0+x)+20.0)-75.0)=279.0 | 25.0 x + 20.0 + 75.0 - 279.0 = | 25.0:money x:money +:money 20.0:money +:money 75.0:money -:money 279.0:money =:money
EXPR: 0 | POS | INT | 2 | 159 | 199 | 25.0=(20.0-((x+75.0)-279.0)) | 25.0 20.0 x 75.0 + 279.0 - - = | 25.0:money 20.0:money x:money 75.0:money +:money 279.0:money -:money -:money =:money
EXPR: 0 | POS | INT | 2 | 159 | 209 | ((25.0-75.0)-(20.0-279.0))=x | 25.0 75.0 - 20.0 279.0 - - x = | 25.0:money 75.0:money -:money 20.0:money 279.0:money -:money -:money x:money =:money
EXPR: 0 | POS | INT | 2 | 159 | 309 | (25.0+(20.0-(75.0-x)))=279.0 | 25.0 20.0 75.0 x - - + 279.0 = | 25.0:money 20.0:money 75.0:money x:money -:money -:money +:money 279.0:money =:money
EXPR: 0 | POS | INT | 2 | 159 | 249 | x=(20.0+((25.0-75.0)+279.0)) | x 20.0 25.0 75.0 - 279.0 + + = | x:money 20.0:money 25.0:money 75.0:money -:money 279.0:money +:money +:money =:money
EXPR: 0 | POS | INT | 2 | 159 | 199 | x=(((20.0-25.0)-75.0)+279.0) | x 20.0 25.0 - 75.0 - 279.0 + = | x:money 20.0:money 25.0:money -:money 75.0:money -:money 279.0:money +:money =:money
EXPR: 1 | POS | INT | 2 | 159 | 159 | (((25.0+x)+20.0)+75.0)=279.0 | 25.0 x + 20.0 + 75.0 + 279.0 = | 25.0:money x:money +:money 20.0:money +:money 75.0:money +:money 279.0:money =:money
EXPR: 0 | POS | INT | 2 | 159 | 309 | (((25.0+20.0)-75.0)+x)=279.0 | 25.0 20.0 + 75.0 - x + 279.0 = | 25.0:money 20.0:money +:money 75.0:money -:money x:money +:money 279.0:money =:money
EXPR: 0 | POS | INT | 2 | 159 | 349 | x=(20.0-(25.0-(75.0+279.0))) | x 20.0 25.0 75.0 279.0 + - - = | x:money 20.0:money 25.0:money 75.0:money 279.0:money +:money -:money -:money =:money
EXPR: 0 | POS | INT | 2 | 159 | 249 | ((25.0+(20.0+279.0))-75.0)=x | 25.0 20.0 279.0 + + 75.0 - x = | 25.0:money 20.0:money 279.0:money +:money +:money 75.0:money -:money x:money =:money
EXPR: 0 | POS | INT | 2 | 159 | 399 | (25.0+((20.0+279.0)+75.0))=x | 25.0 20.0 279.0 + 75.0 + + x = | 25.0:money 20.0:money 279.0:money +:money 75.0:money +:money +:money x:money =:money
EXPR: 0 | POS | INT | 2 | 159 | 349 | 25.0=(20.0-((x-75.0)-279.0)) | 25.0 20.0 x 75.0 - 279.0 - - = | 25.0:money 20.0:money x:money 75.0:money -:money 279.0:money -:money -:money =:money
EXPR: 0 | POS | INT | 2 | 159 | 359 | 25.0=((20.0+(x-75.0))-279.0) | 25.0 20.0 x 75.0 - + 279.0 - = | 25.0:money 20.0:money x:money 75.0:money -:money +:money 279.0:money -:money =:money
EXPR: 0 | POS | INT | 2 | 159 | 349 | ((25.0-20.0)+(x-75.0))=279.0 | 25.0 20.0 - x 75.0 - + 279.0 = | 25.0:money 20.0:money -:money x:money 75.0:money -:money +:money 279.0:money =:money
EXPR: 0 | POS | INT | 2 | 159 | 199 | (25.0-(20.0-(75.0+x)))=279.0 | 25.0 20.0 75.0 x + - - 279.0 = | 25.0:money 20.0:money 75.0:money x:money +:money -:money -:money 279.0:money =:money
EXPR: 0 | POS | INT | 2 | 159 | 199 | (25.0+((x-20.0)+75.0))=279.0 | 25.0 x 20.0 - 75.0 + + 279.0 = | 25.0:money x:money 20.0:money -:money 75.0:money +:money +:money 279.0:money =:money
EXPR: 0 | POS | INT | 2 | 159 | 249 | x=(20.0+(25.0-(75.0-279.0))) | x 20.0 25.0 75.0 279.0 - - + = | x:money 20.0:money 25.0:money 75.0:money 279.0:money -:money -:money +:money =:money
EXPR: 0 | POS | INT | 2 | 159 | 349 | 25.0=((20.0-(x-75.0))+279.0) | 25.0 20.0 x 75.0 - - 279.0 + = | 25.0:money 20.0:money x:money 75.0:money -:money -:money 279.0:money +:money =:money
EXPR: 0 | POS | INT | 2 | 159 | 359 | x=(25.0+((75.0-20.0)+279.0)) | x 25.0 75.0 20.0 - 279.0 + + = | x:money 25.0:money 75.0:money 20.0:money -:money 279.0:money +:money +:money =:money
EXPR: 0 | POS | INT | 2 | 159 | 209 | 25.0=((x+(20.0+75.0))-279.0) | 25.0 x 20.0 75.0 + + 279.0 - = | 25.0:money x:money 20.0:money 75.0:money +:money +:money 279.0:money -:money =:money
EXPR: 1 | POS | INT | 2 | 159 | 159 | ((25.0+x)+(20.0+75.0))=279.0 | 25.0 x + 20.0 75.0 + + 279.0 = | 25.0:money x:money +:money 20.0:money 75.0:money +:money +:money 279.0:money =:money
EXPR: 0 | POS | INT | 2 | 159 | 199 | (20.0-(25.0+(75.0-279.0)))=x | 20.0 25.0 75.0 279.0 - + - x = | 20.0:money 25.0:money 75.0:money 279.0:money -:money +:money -:money x:money =:money
EXPR: 0 | POS | INT | 2 | 159 | 199 | 25.0=((20.0-(x+75.0))+279.0) | 25.0 20.0 x 75.0 + - 279.0 + = | 25.0:money 20.0:money x:money 75.0:money +:money -:money 279.0:money +:money =:money
EXPR: 0 | POS | INT | 2 | 159 | 349 | ((25.0-20.0)-(75.0-x))=279.0 | 25.0 20.0 - 75.0 x - - 279.0 = | 25.0:money 20.0:money -:money 75.0:money x:money -:money -:money 279.0:money =:money
EXPR: 0 | POS | INT | 2 | 159 | 359 | 25.0=(x+(20.0-(75.0+279.0))) | 25.0 x 20.0 75.0 279.0 + - + = | 25.0:money x:money 20.0:money 75.0:money 279.0:money +:money -:money +:money =:money
EXPR: 0 | POS | INT | 2 | 159 | 249 | ((20.0+(25.0-75.0))+279.0)=x | 20.0 25.0 75.0 - + 279.0 + x = | 20.0:money 25.0:money 75.0:money -:money +:money 279.0:money +:money x:money =:money
EXPR: 0 | POS | INT | 2 | 159 | 199 | (((25.0-20.0)+75.0)+x)=279.0 | 25.0 20.0 - 75.0 + x + 279.0 = | 25.0:money 20.0:money -:money 75.0:money +:money x:money +:money 279.0:money =:money
EXPR: 0 | POS | INT | 2 | 159 | 199 | 25.0=(((20.0-x)-75.0)+279.0) | 25.0 20.0 x - 75.0 - 279.0 + = | 25.0:money 20.0:money x:money -:money 75.0:money -:money 279.0:money +:money =:money
EXPR: 0 | POS | INT | 2 | 159 | 349 | ((25.0-(20.0+75.0))+x)=279.0 | 25.0 20.0 75.0 + - x + 279.0 = | 25.0:money 20.0:money 75.0:money +:money -:money x:money +:money 279.0:money =:money
EXPR: 0 | POS | INT | 2 | 159 | 349 | 25.0=(((20.0-x)+75.0)+279.0) | 25.0 20.0 x - 75.0 + 279.0 + = | 25.0:money 20.0:money x:money -:money 75.0:money +:money 279.0:money +:money =:money
EXPR: 0 | POS | INT | 2 | 159 | 309 | (25.0+((20.0+x)-75.0))=279.0 | 25.0 20.0 x + 75.0 - + 279.0 = | 25.0:money 20.0:money x:money +:money 75.0:money -:money +:money 279.0:money =:money
EXPR: 0 | POS | INT | 2 | 159 | 249 | ((25.0+20.0)+(279.0-75.0))=x | 25.0 20.0 + 279.0 75.0 - + x = | 25.0:money 20.0:money +:money 279.0:money 75.0:money -:money +:money x:money =:money
EXPR: 0 | POS | INT | 2 | 159 | 249 | x=(25.0-((75.0-20.0)-279.0)) | x 25.0 75.0 20.0 - 279.0 - - = | x:money 25.0:money 75.0:money 20.0:money -:money 279.0:money -:money -:money =:money
EXPR: 0 | POS | INT | 2 | 159 | 199 | ((20.0-(25.0+75.0))+279.0)=x | 20.0 25.0 75.0 + - 279.0 + x = | 20.0:money 25.0:money 75.0:money +:money -:money 279.0:money +:money x:money =:money
EXPR: 0 | POS | INT | 2 | 159 | 209 | 25.0=(((20.0+x)+75.0)-279.0) | 25.0 20.0 x + 75.0 + 279.0 - = | 25.0:money 20.0:money x:money +:money 75.0:money +:money 279.0:money -:money =:money
EXPR: 0 | POS | INT | 2 | 159 | 209 | (x-(25.0-(20.0+75.0)))=279.0 | x 25.0 20.0 75.0 + - - 279.0 = | x:money 25.0:money 20.0:money 75.0:money +:money -:money -:money 279.0:money =:money
EXPR: 0 | POS | INT | 2 | 159 | 249 | (((25.0+20.0)+279.0)-75.0)=x | 25.0 20.0 + 279.0 + 75.0 - x = | 25.0:money 20.0:money +:money 279.0:money +:money 75.0:money -:money x:money =:money
EXPR: 0 | POS | INT | 2 | 159 | 199 | x=(20.0-((25.0+75.0)-279.0)) | x 20.0 25.0 75.0 + 279.0 - - = | x:money 20.0:money 25.0:money 75.0:money +:money 279.0:money -:money -:money =:money
EXPR: 0 | POS | INT | 2 | 159 | 249 | x=(25.0+((20.0+279.0)-75.0)) | x 25.0 20.0 279.0 + 75.0 - + = | x:money 25.0:money 20.0:money 279.0:money +:money 75.0:money -:money +:money =:money
EXPR: 0 | POS | INT | 2 | 159 | 249 | (x-((25.0+20.0)-75.0))=279.0 | x 25.0 20.0 + 75.0 - - 279.0 = | x:money 25.0:money 20.0:money +:money 75.0:money -:money -:money 279.0:money =:money
EXPR: 0 | POS | INT | 2 | 159 | 249 | (x-(25.0+(20.0-75.0)))=279.0 | x 25.0 20.0 75.0 - + - 279.0 = | x:money 25.0:money 20.0:money 75.0:money -:money +:money -:money 279.0:money =:money
EXPR: 0 | POS | INT | 2 | 159 | 359 | (25.0+((75.0-20.0)+279.0))=x | 25.0 75.0 20.0 - 279.0 + + x = | 25.0:money 75.0:money 20.0:money -:money 279.0:money +:money +:money x:money =:money
EXPR: 0 | POS | INT | 2 | 159 | 309 | (x+((25.0+20.0)-75.0))=279.0 | x 25.0 20.0 + 75.0 - + 279.0 = | x:money 25.0:money 20.0:money +:money 75.0:money -:money +:money 279.0:money =:money
EXPR: 0 | POS | INT | 2 | 159 | 209 | x=(25.0-((20.0-279.0)+75.0)) | x 25.0 20.0 279.0 - 75.0 + - = | x:money 25.0:money 20.0:money 279.0:money -:money 75.0:money +:money -:money =:money
EXPR: 0 | POS | INT | 2 | 159 | 359 | (x-(25.0-(20.0-75.0)))=279.0 | x 25.0 20.0 75.0 - - - 279.0 = | x:money 25.0:money 20.0:money 75.0:money -:money -:money -:money 279.0:money =:money
EXPR: 0 | POS | INT | 2 | 159 | 309 | ((25.0+(20.0-75.0))+x)=279.0 | 25.0 20.0 75.0 - + x + 279.0 = | 25.0:money 20.0:money 75.0:money -:money +:money x:money +:money 279.0:money =:money
EXPR: 0 | POS | INT | 2 | 159 | 209 | x=(((25.0-20.0)+279.0)-75.0) | x 25.0 20.0 - 279.0 + 75.0 - = | x:money 25.0:money 20.0:money -:money 279.0:money +:money 75.0:money -:money =:money
EXPR: 0 | POS | INT | 2 | 159 | 399 | x=(((25.0+20.0)+279.0)+75.0) | x 25.0 20.0 + 279.0 + 75.0 + = | x:money 25.0:money 20.0:money +:money 279.0:money +:money 75.0:money +:money =:money
EXPR: 0 | POS | INT | 2 | 159 | 359 | 25.0=((20.0-(75.0+279.0))+x) | 25.0 20.0 75.0 279.0 + - x + = | 25.0:money 20.0:money 75.0:money 279.0:money +:money -:money x:money +:money =:money
EXPR: 0 | POS | INT | 2 | 159 | 199 | ((25.0-(20.0-75.0))+x)=279.0 | 25.0 20.0 75.0 - - x + 279.0 = | 25.0:money 20.0:money 75.0:money -:money -:money x:money +:money 279.0:money =:money
EXPR: 0 | POS | INT | 2 | 159 | 249 | (25.0+(20.0+(279.0-75.0)))=x | 25.0 20.0 279.0 75.0 - + + x = | 25.0:money 20.0:money 279.0:money 75.0:money -:money +:money +:money x:money =:money
EXPR: 0 | POS | INT | 2 | 159 | 359 | ((25.0+(75.0-20.0))+279.0)=x | 25.0 75.0 20.0 - + 279.0 + x = | 25.0:money 75.0:money 20.0:money -:money +:money 279.0:money +:money x:money =:money
EXPR: 0 | POS | INT | 2 | 159 | 399 | ((20.0+(25.0+75.0))+279.0)=x | 20.0 25.0 75.0 + + 279.0 + x = | 20.0:money 25.0:money 75.0:money +:money +:money 279.0:money +:money x:money =:money
EXPR: 0 | POS | INT | 2 | 159 | 199 | ((25.0-(20.0-x))+75.0)=279.0 | 25.0 20.0 x - - 75.0 + 279.0 = | 25.0:money 20.0:money x:money -:money -:money 75.0:money +:money 279.0:money =:money
EXPR: 0 | POS | INT | 2 | 159 | 399 | (x-(25.0+(20.0+75.0)))=279.0 | x 25.0 20.0 75.0 + + - 279.0 = | x:money 25.0:money 20.0:money 75.0:money +:money +:money -:money 279.0:money =:money
EXPR: 0 | POS | INT | 2 | 159 | 309 | ((25.0+(20.0+x))-75.0)=279.0 | 25.0 20.0 x + + 75.0 - 279.0 = | 25.0:money 20.0:money x:money +:money +:money 75.0:money -:money 279.0:money =:money
EXPR: 0 | POS | INT | 2 | 159 | 359 | x=(25.0-((20.0-279.0)-75.0)) | x 25.0 20.0 279.0 - 75.0 - - = | x:money 25.0:money 20.0:money 279.0:money -:money 75.0:money -:money -:money =:money
EXPR: 1 | POS | INT | 2 | 159 | 159 | (x+(25.0+(20.0+75.0)))=279.0 | x 25.0 20.0 75.0 + + + 279.0 = | x:money 25.0:money 20.0:money 75.0:money +:money +:money +:money 279.0:money =:money
EXPR: 0 | POS | INT | 2 | 159 | 349 | ((20.0-(25.0-75.0))+279.0)=x | 20.0 25.0 75.0 - - 279.0 + x = | 20.0:money 25.0:money 75.0:money -:money -:money 279.0:money +:money x:money =:money
EXPR: 0 | POS | INT | 2 | 159 | 199 | (x+(25.0-(20.0-75.0)))=279.0 | x 25.0 20.0 75.0 - - + 279.0 = | x:money 25.0:money 20.0:money 75.0:money -:money -:money +:money 279.0:money =:money
EXPR: 0 | POS | INT | 2 | 159 | 349 | (x+(25.0-(20.0+75.0)))=279.0 | x 25.0 20.0 75.0 + - + 279.0 = | x:money 25.0:money 20.0:money 75.0:money +:money -:money +:money 279.0:money =:money
EXPR: 0 | POS | INT | 2 | 159 | 359 | 25.0=(((x+20.0)-75.0)-279.0) | 25.0 x 20.0 + 75.0 - 279.0 - = | 25.0:money x:money 20.0:money +:money 75.0:money -:money 279.0:money -:money =:money
EXPR: 0 | POS | INT | 2 | 159 | 349 | (20.0-(25.0-(75.0+279.0)))=x | 20.0 25.0 75.0 279.0 + - - x = | 20.0:money 25.0:money 75.0:money 279.0:money +:money -:money -:money x:money =:money
EXPR: 0 | POS | INT | 2 | 159 | 349 | (25.0-(20.0-(x-75.0)))=279.0 | 25.0 20.0 x 75.0 - - - 279.0 = | 25.0:money 20.0:money x:money 75.0:money -:money -:money -:money 279.0:money =:money
EXPR: 0 | POS | INT | 2 | 159 | 359 | 25.0=(((20.0-75.0)-279.0)+x) | 25.0 20.0 75.0 - 279.0 - x + = | 25.0:money 20.0:money 75.0:money -:money 279.0:money -:money x:money +:money =:money
EXPR: 0 | POS | INT | 2 | 159 | 249 | x=(25.0+(20.0+(279.0-75.0))) | x 25.0 20.0 279.0 75.0 - + + = | x:money 25.0:money 20.0:money 279.0:money 75.0:money -:money +:money +:money =:money
EXPR: 0 | POS | INT | 2 | 159 | 199 | 25.0=(((20.0-75.0)+279.0)-x) | 25.0 20.0 75.0 - 279.0 + x - = | 25.0:money 20.0:money 75.0:money -:money 279.0:money +:money x:money -:money =:money
EXPR: 0 | POS | INT | 2 | 159 | 349 | 25.0=(((20.0+75.0)+279.0)-x) | 25.0 20.0 75.0 + 279.0 + x - = | 25.0:money 20.0:money 75.0:money +:money 279.0:money +:money x:money -:money =:money
EXPR: 0 | POS | INT | 2 | 159 | 249 | (20.0+(25.0-(75.0-279.0)))=x | 20.0 25.0 75.0 279.0 - - + x = | 20.0:money 25.0:money 75.0:money 279.0:money -:money -:money +:money x:money =:money
EXPR: 0 | POS | INT | 2 | 159 | 359 | (((25.0-20.0)+279.0)+75.0)=x | 25.0 20.0 - 279.0 + 75.0 + x = | 25.0:money 20.0:money -:money 279.0:money +:money 75.0:money +:money x:money =:money
EXPR: 0 | POS | INT | 2 | 159 | 209 | 25.0=(((20.0+75.0)-279.0)+x) | 25.0 20.0 75.0 + 279.0 - x + = | 25.0:money 20.0:money 75.0:money +:money 279.0:money -:money x:money +:money =:money
EXPR: 0 | POS | INT | 2 | 159 | 249 | x=((25.0+(20.0+279.0))-75.0) | x 25.0 20.0 279.0 + + 75.0 - = | x:money 25.0:money 20.0:money 279.0:money +:money +:money 75.0:money -:money =:money
EXPR: 0 | POS | INT | 2 | 159 | 399 | (((25.0+20.0)+279.0)+75.0)=x | 25.0 20.0 + 279.0 + 75.0 + x = | 25.0:money 20.0:money +:money 279.0:money +:money 75.0:money +:money x:money =:money
EXPR: 0 | POS | INT | 2 | 159 | 209 | 25.0=(20.0+(x+(75.0-279.0))) | 25.0 20.0 x 75.0 279.0 - + + = | 25.0:money 20.0:money x:money 75.0:money 279.0:money -:money +:money +:money =:money
EXPR: 0 | POS | INT | 2 | 159 | 399 | x=(20.0+(25.0+(75.0+279.0))) | x 20.0 25.0 75.0 279.0 + + + = | x:money 20.0:money 25.0:money 75.0:money 279.0:money +:money +:money +:money =:money
EXPR: 0 | POS | INT | 2 | 159 | 399 | x=((25.0+(20.0+279.0))+75.0) | x 25.0 20.0 279.0 + + 75.0 + = | x:money 25.0:money 20.0:money 279.0:money +:money +:money 75.0:money +:money =:money
EXPR: 0 | POS | INT | 2 | 159 | 199 | (((25.0+x)-20.0)+75.0)=279.0 | 25.0 x + 20.0 - 75.0 + 279.0 = | 25.0:money x:money +:money 20.0:money -:money 75.0:money +:money 279.0:money =:money
EXPR: 0 | POS | INT | 2 | 159 | 209 | 25.0=(((x+20.0)+75.0)-279.0) | 25.0 x 20.0 + 75.0 + 279.0 - = | 25.0:money x:money 20.0:money +:money 75.0:money +:money 279.0:money -:money =:money
EXPR: 0 | POS | INT | 2 | 159 | 359 | x=((25.0-(20.0-279.0))+75.0) | x 25.0 20.0 279.0 - - 75.0 + = | x:money 25.0:money 20.0:money 279.0:money -:money -:money 75.0:money +:money =:money
EXPR: 0 | POS | INT | 2 | 159 | 199 | x=((20.0-25.0)-(75.0-279.0)) | x 20.0 25.0 - 75.0 279.0 - - = | x:money 20.0:money 25.0:money -:money 75.0:money 279.0:money -:money -:money =:money
EXPR: 0 | POS | INT | 2 | 159 | 349 | (20.0-((25.0-75.0)-279.0))=x | 20.0 25.0 75.0 - 279.0 - - x = | 20.0:money 25.0:money 75.0:money -:money 279.0:money -:money -:money x:money =:money
EXPR: 0 | POS | INT | 2 | 159 | 399 | (20.0+((25.0+75.0)+279.0))=x | 20.0 25.0 75.0 + 279.0 + + x = | 20.0:money 25.0:money 75.0:money +:money 279.0:money +:money +:money x:money =:money
EXPR: 0 | POS | INT | 2 | 159 | 349 | (25.0+((x-20.0)-75.0))=279.0 | 25.0 x 20.0 - 75.0 - + 279.0 = | 25.0:money x:money 20.0:money -:money 75.0:money -:money +:money 279.0:money =:money
EXPR: 0 | POS | INT | 2 | 159 | 199 | 25.0=(20.0-(x+(75.0-279.0))) | 25.0 20.0 x 75.0 279.0 - + - = | 25.0:money 20.0:money x:money 75.0:money 279.0:money -:money +:money -:money =:money
EXPR: 0 | POS | INT | 2 | 159 | 209 | x=((25.0-(20.0-279.0))-75.0) | x 25.0 20.0 279.0 - - 75.0 - = | x:money 25.0:money 20.0:money 279.0:money -:money -:money 75.0:money -:money =:money
EXPR: 0 | POS | INT | 2 | 159 | 399 | ((25.0+(20.0+279.0))+75.0)=x | 25.0 20.0 279.0 + + 75.0 + x = | 25.0:money 20.0:money 279.0:money +:money +:money 75.0:money +:money x:money =:money
EXPR: 0 | POS | INT | 2 | 159 | 209 | ((25.0-(20.0-279.0))-75.0)=x | 25.0 20.0 279.0 - - 75.0 - x = | 25.0:money 20.0:money 279.0:money -:money -:money 75.0:money -:money x:money =:money
EXPR: 0 | POS | INT | 2 | 159 | 349 | x=((20.0-25.0)+(75.0+279.0)) | x 20.0 25.0 - 75.0 279.0 + + = | x:money 20.0:money 25.0:money -:money 75.0:money 279.0:money +:money +:money =:money
EXPR: 0 | POS | INT | 2 | 159 | 199 | (25.0-(20.0-(x+75.0)))=279.0 | 25.0 20.0 x 75.0 + - - 279.0 = | 25.0:money 20.0:money x:money 75.0:money +:money -:money -:money 279.0:money =:money
EXPR: 0 | POS | INT | 2 | 159 | 309 | (25.0+(20.0+(x-75.0)))=279.0 | 25.0 20.0 x 75.0 - + + 279.0 = | 25.0:money 20.0:money x:money 75.0:money -:money +:money +:money 279.0:money =:money
EXPR: 0 | POS | INT | 2 | 159 | 359 | 25.0=(20.0+((x-75.0)-279.0)) | 25.0 20.0 x 75.0 - 279.0 - + = | 25.0:money 20.0:money x:money 75.0:money -:money 279.0:money -:money +:money =:money
EXPR: 0 | POS | INT | 2 | 159 | 349 | 25.0=(20.0+(75.0-(x-279.0))) | 25.0 20.0 75.0 x 279.0 - - + = | 25.0:money 20.0:money 75.0:money x:money 279.0:money -:money -:money +:money =:money
EXPR: 0 | POS | INT | 2 | 159 | 209 | 25.0=((20.0+(x+75.0))-279.0) | 25.0 20.0 x 75.0 + + 279.0 - = | 25.0:money 20.0:money x:money 75.0:money +:money +:money 279.0:money -:money =:money
EXPR: 1 | POS | INT | 2 | 159 | 159 | (((25.0+20.0)+75.0)+x)=279.0 | 25.0 20.0 + 75.0 + x + 279.0 = | 25.0:money 20.0:money +:money 75.0:money +:money x:money +:money 279.0:money =:money
EXPR: 0 | POS | INT | 2 | 159 | 359 | 25.0=(20.0-(75.0-(x-279.0))) | 25.0 20.0 75.0 x 279.0 - - - = | 25.0:money 20.0:money 75.0:money x:money 279.0:money -:money -:money -:money =:money
EXPR: 0 | POS | INT | 2 | 159 | 249 | 25.0=(((x-20.0)+75.0)-279.0) | 25.0 x 20.0 - 75.0 + 279.0 - = | 25.0:money x:money 20.0:money -:money 75.0:money +:money 279.0:money -:money =:money
EXPR: 0 | POS | INT | 2 | 159 | 209 | 25.0=(20.0+(75.0+(x-279.0))) | 25.0 20.0 75.0 x 279.0 - + + = | 25.0:money 20.0:money 75.0:money x:money 279.0:money -:money +:money +:money =:money
EXPR: 0 | POS | INT | 2 | 159 | 399 | 25.0=(((x-20.0)-75.0)-279.0) | 25.0 x 20.0 - 75.0 - 279.0 - = | 25.0:money x:money 20.0:money -:money 75.0:money -:money 279.0:money -:money =:money
EXPR: 0 | POS | INT | 2 | 159 | 359 | ((x-25.0)+(20.0-75.0))=279.0 | x 25.0 - 20.0 75.0 - + 279.0 = | x:money 25.0:money -:money 20.0:money 75.0:money -:money +:money 279.0:money =:money
EXPR: 0 | POS | INT | 2 | 159 | 209 | 25.0=(((20.0+75.0)+x)-279.0) | 25.0 20.0 75.0 + x + 279.0 - = | 25.0:money 20.0:money 75.0:money +:money x:money +:money 279.0:money -:money =:money
EXPR: 0 | POS | INT | 2 | 159 | 399 | (x-((25.0+20.0)+75.0))=279.0 | x 25.0 20.0 + 75.0 + - 279.0 = | x:money 25.0:money 20.0:money +:money 75.0:money +:money -:money 279.0:money =:money
EXPR: 0 | POS | INT | 2 | 159 | 399 | x=(20.0+((25.0+75.0)+279.0)) | x 20.0 25.0 75.0 + 279.0 + + = | x:money 20.0:money 25.0:money 75.0:money +:money 279.0:money +:money +:money =:money
EXPR: 0 | POS | INT | 2 | 159 | 309 | ((x+25.0)+(20.0-75.0))=279.0 | x 25.0 + 20.0 75.0 - + 279.0 = | x:money 25.0:money +:money 20.0:money 75.0:money -:money +:money 279.0:money =:money
EXPR: 0 | POS | INT | 2 | 159 | 359 | (x-((25.0-20.0)+75.0))=279.0 | x 25.0 20.0 - 75.0 + - 279.0 = | x:money 25.0:money 20.0:money -:money 75.0:money +:money -:money 279.0:money =:money
EXPR: 0 | POS | INT | 2 | 159 | 349 | (x+((25.0-20.0)-75.0))=279.0 | x 25.0 20.0 - 75.0 - + 279.0 = | x:money 25.0:money 20.0:money -:money 75.0:money -:money +:money 279.0:money =:money
EXPR: 0 | POS | INT | 2 | 159 | 199 | (x+((25.0-20.0)+75.0))=279.0 | x 25.0 20.0 - 75.0 + + 279.0 = | x:money 25.0:money 20.0:money -:money 75.0:money +:money +:money 279.0:money =:money
EXPR: 0 | POS | INT | 2 | 159 | 249 | (20.0+((25.0-75.0)+279.0))=x | 20.0 25.0 75.0 - 279.0 + + x = | 20.0:money 25.0:money 75.0:money -:money 279.0:money +:money +:money x:money =:money
EXPR: 0 | POS | INT | 2 | 159 | 349 | 25.0=(20.0-(x-(75.0+279.0))) | 25.0 20.0 x 75.0 279.0 + - - = | 25.0:money 20.0:money x:money 75.0:money 279.0:money +:money -:money -:money =:money
EXPR: 0 | POS | INT | 2 | 159 | 209 | (x-((25.0-20.0)-75.0))=279.0 | x 25.0 20.0 - 75.0 - - 279.0 = | x:money 25.0:money 20.0:money -:money 75.0:money -:money -:money 279.0:money =:money
EXPR: 0 | POS | INT | 2 | 159 | 359 | 25.0=(20.0+(x-(75.0+279.0))) | 25.0 20.0 x 75.0 279.0 + - + = | 25.0:money 20.0:money x:money 75.0:money 279.0:money +:money -:money +:money =:money
EXPR: 0 | POS | INT | 2 | 159 | 199 | 25.0=(20.0-(75.0+(x-279.0))) | 25.0 20.0 75.0 x 279.0 - + - = | 25.0:money 20.0:money 75.0:money x:money 279.0:money -:money +:money -:money =:money
EXPR: 1 | POS | INT | 2 | 159 | 159 | ((25.0+(20.0+75.0))+x)=279.0 | 25.0 20.0 75.0 + + x + 279.0 = | 25.0:money 20.0:money 75.0:money +:money +:money x:money +:money 279.0:money =:money
EXPR: 1 | POS | INT | 2 | 159 | 159 | (x+((25.0+20.0)+75.0))=279.0 | x 25.0 20.0 + 75.0 + + 279.0 = | x:money 25.0:money 20.0:money +:money 75.0:money +:money +:money 279.0:money =:money
EXPR: 0 | POS | INT | 2 | 159 | 359 | x=(25.0+(75.0-(20.0-279.0))) | x 25.0 75.0 20.0 279.0 - - + = | x:money 25.0:money 75.0:money 20.0:money 279.0:money -:money -:money +:money =:money
EXPR: 0 | POS | INT | 2 | 159 | 249 | x=(((25.0+20.0)+279.0)-75.0) | x 25.0 20.0 + 279.0 + 75.0 - = | x:money 25.0:money 20.0:money +:money 279.0:money +:money 75.0:money -:money =:money
EXPR: 0 | POS | INT | 2 | 159 | 249 | x=((25.0+20.0)+(279.0-75.0)) | x 25.0 20.0 + 279.0 75.0 - + = | x:money 25.0:money 20.0:money +:money 279.0:money 75.0:money -:money +:money =:money
EXPR: 0 | POS | INT | 2 | 159 | 399 | x=(25.0+(75.0+(20.0+279.0))) | x 25.0 75.0 20.0 279.0 + + + = | x:money 25.0:money 75.0:money 20.0:money 279.0:money +:money +:money +:money =:money
EXPR: 0 | POS | INT | 2 | 159 | 209 | x=(25.0-(75.0+(20.0-279.0))) | x 25.0 75.0 20.0 279.0 - + - = | x:money 25.0:money 75.0:money 20.0:money 279.0:money -:money +:money -:money =:money
EXPR: 0 | POS | INT | 2 | 159 | 249 | x=(25.0-(75.0-(20.0+279.0))) | x 25.0 75.0 20.0 279.0 + - - = | x:money 25.0:money 75.0:money 20.0:money 279.0:money +:money -:money -:money =:money
EXPR: 0 | POS | INT | 2 | 159 | 359 | x=(((25.0-20.0)+279.0)+75.0) | x 25.0 20.0 - 279.0 + 75.0 + = | x:money 25.0:money 20.0:money -:money 279.0:money +:money 75.0:money +:money =:money
EXPR: 1 | POS | INT | 2 | 159 | 159 | (25.0+((x+20.0)+75.0))=279.0 | 25.0 x 20.0 + 75.0 + + 279.0 = | 25.0:money x:money 20.0:money +:money 75.0:money +:money +:money 279.0:money =:money
EXPR: 0 | POS | INT | 2 | 159 | 349 | ((25.0+(x-20.0))-75.0)=279.0 | 25.0 x 20.0 - + 75.0 - 279.0 = | 25.0:money x:money 20.0:money -:money +:money 75.0:money -:money 279.0:money =:money
EXPR: 0 | POS | INT | 2 | 159 | 199 | (25.0-((20.0-x)-75.0))=279.0 | 25.0 20.0 x - 75.0 - - 279.0 = | 25.0:money 20.0:money x:money -:money 75.0:money -:money -:money 279.0:money =:money
EXPR: 1 | POS | INT | 2 | 159 | 159 | (25.0+((20.0+x)+75.0))=279.0 | 25.0 20.0 x + 75.0 + + 279.0 = | 25.0:money 20.0:money x:money +:money 75.0:money +:money +:money 279.0:money =:money
EXPR: 0 | POS | INT | 2 | 159 | 399 | (20.0+(25.0+(75.0+279.0)))=x | 20.0 25.0 75.0 279.0 + + + x = | 20.0:money 25.0:money 75.0:money 279.0:money +:money +:money +:money x:money =:money
EXPR: 0 | POS | INT | 2 | 159 | 209 | 25.0=(x+((20.0+75.0)-279.0)) | 25.0 x 20.0 75.0 + 279.0 - + = | 25.0:money x:money 20.0:money 75.0:money +:money 279.0:money -:money +:money =:money
EXPR: 0 | POS | INT | 2 | 159 | 249 | 25.0=(x-((20.0-75.0)+279.0)) | 25.0 x 20.0 75.0 - 279.0 + - = | 25.0:money x:money 20.0:money 75.0:money -:money 279.0:money +:money -:money =:money
EXPR: 0 | POS | INT | 2 | 159 | 399 | 25.0=(x-((20.0+75.0)+279.0)) | 25.0 x 20.0 75.0 + 279.0 + - = | 25.0:money x:money 20.0:money 75.0:money +:money 279.0:money +:money -:money =:money
EXPR: 0 | POS | INT | 2 | 159 | 359 | 25.0=(((20.0+x)-75.0)-279.0) | 25.0 20.0 x + 75.0 - 279.0 - = | 25.0:money 20.0:money x:money +:money 75.0:money -:money 279.0:money -:money =:money
EXPR: 0 | POS | INT | 2 | 159 | 349 | (25.0-((20.0+75.0)-x))=279.0 | 25.0 20.0 75.0 + x - - 279.0 = | 25.0:money 20.0:money 75.0:money +:money x:money -:money -:money 279.0:money =:money
EXPR: 1 | POS | INT | 2 | 159 | 159 | ((25.0+20.0)+(x+75.0))=279.0 | 25.0 20.0 + x 75.0 + + 279.0 = | 25.0:money 20.0:money +:money x:money 75.0:money +:money +:money 279.0:money =:money
EXPR: 0 | POS | INT | 2 | 159 | 359 | x=((25.0+(75.0-20.0))+279.0) | x 25.0 75.0 20.0 - + 279.0 + = | x:money 25.0:money 75.0:money 20.0:money -:money +:money 279.0:money +:money =:money
EXPR: 0 | POS | INT | 2 | 159 | 359 | 25.0=(x+((20.0-75.0)-279.0)) | 25.0 x 20.0 75.0 - 279.0 - + = | 25.0:money x:money 20.0:money 75.0:money -:money 279.0:money -:money +:money =:money
EXPR: 0 | POS | INT | 2 | 159 | 399 | ((x-(25.0+20.0))-75.0)=279.0 | x 25.0 20.0 + - 75.0 - 279.0 = | x:money 25.0:money 20.0:money +:money -:money 75.0:money -:money 279.0:money =:money
EXPR: 0 | POS | INT | 2 | 159 | 349 | (((20.0-25.0)+75.0)+279.0)=x | 20.0 25.0 - 75.0 + 279.0 + x = | 20.0:money 25.0:money -:money 75.0:money +:money 279.0:money +:money x:money =:money
EXPR: 0 | POS | INT | 2 | 159 | 199 | (25.0-((20.0-75.0)-x))=279.0 | 25.0 20.0 75.0 - x - - 279.0 = | 25.0:money 20.0:money 75.0:money -:money x:money -:money -:money 279.0:money =:money
EXPR: 0 | POS | INT | 2 | 159 | 349 | ((x+(25.0-20.0))-75.0)=279.0 | x 25.0 20.0 - + 75.0 - 279.0 = | x:money 25.0:money 20.0:money -:money +:money 75.0:money -:money 279.0:money =:money
EXPR: 0 | POS | INT | 2 | 159 | 249 | x=((25.0-(75.0-20.0))+279.0) | x 25.0 75.0 20.0 - - 279.0 + = | x:money 25.0:money 75.0:money 20.0:money -:money -:money 279.0:money +:money =:money
EXPR: 0 | POS | INT | 2 | 159 | 209 | x=(((25.0-75.0)-20.0)+279.0) | x 25.0 75.0 - 20.0 - 279.0 + = | x:money 25.0:money 75.0:money -:money 20.0:money -:money 279.0:money +:money =:money
EXPR: 0 | POS | INT | 2 | 159 | 249 | x=(((25.0-75.0)+20.0)+279.0) | x 25.0 75.0 - 20.0 + 279.0 + = | x:money 25.0:money 75.0:money -:money 20.0:money +:money 279.0:money +:money =:money
EXPR: 0 | POS | INT | 2 | 159 | 399 | x=(((25.0+75.0)+20.0)+279.0) | x 25.0 75.0 + 20.0 + 279.0 + = | x:money 25.0:money 75.0:money +:money 20.0:money +:money 279.0:money +:money =:money
EXPR: 0 | POS | INT | 2 | 159 | 399 | x=((25.0+75.0)+(20.0+279.0)) | x 25.0 75.0 + 20.0 279.0 + + = | x:money 25.0:money 75.0:money +:money 20.0:money 279.0:money +:money +:money =:money
EXPR: 0 | POS | INT | 4 | 159 | 199 | (25.0+((x+75.0)-20.0))=279.0 | 25.0 x 75.0 + 20.0 - + 279.0 = | 25.0:money x:money 75.0:money +:money 20.0:money -:money +:money 279.0:money =:money
EXPR: 0 | POS | INT | 4 | 159 | 349 | (25.0+((x-75.0)-20.0))=279.0 | 25.0 x 75.0 - 20.0 - + 279.0 = | 25.0:money x:money 75.0:money -:money 20.0:money -:money +:money 279.0:money =:money
EXPR: 0 | POS | INT | 4 | 159 | 309 | (25.0+((x-75.0)+20.0))=279.0 | 25.0 x 75.0 - 20.0 + + 279.0 = | 25.0:money x:money 75.0:money -:money 20.0:money +:money +:money 279.0:money =:money
EXPR: 0 | POS | INT | 4 | 159 | 209 | ((25.0-20.0)+(279.0-x))=75.0 | 25.0 20.0 - 279.0 x - + 75.0 = | 25.0:money 20.0:money -:money 279.0:money x:money -:money +:money 75.0:money =:money
EXPR: 0 | POS | INT | 4 | 159 | 359 | 25.0=((x+(20.0-279.0))-75.0) | 25.0 x 20.0 279.0 - + 75.0 - = | 25.0:money x:money 20.0:money 279.0:money -:money +:money 75.0:money -:money =:money
EXPR: 0 | POS | INT | 4 | 159 | 309 | ((25.0+20.0)-(279.0-x))=75.0 | 25.0 20.0 + 279.0 x - - 75.0 = | 25.0:money 20.0:money +:money 279.0:money x:money -:money -:money 75.0:money =:money
EXPR: 0 | POS | INT | 4 | 159 | 209 | (25.0-(20.0+(x-279.0)))=75.0 | 25.0 20.0 x 279.0 - + - 75.0 = | 25.0:money 20.0:money x:money 279.0:money -:money +:money -:money 75.0:money =:money
EXPR: 0 | POS | INT | 4 | 159 | 249 | ((25.0-x)+(20.0+279.0))=75.0 | 25.0 x - 20.0 279.0 + + 75.0 = | 25.0:money x:money -:money 20.0:money 279.0:money +:money +:money 75.0:money =:money
EXPR: 1 | POS | INT | 4 | 159 | 159 | (25.0+((x+75.0)+20.0))=279.0 | 25.0 x 75.0 + 20.0 + + 279.0 = | 25.0:money x:money 75.0:money +:money 20.0:money +:money +:money 279.0:money =:money
EXPR: 0 | POS | INT | 4 | 159 | 349 | (((25.0-75.0)-20.0)+x)=279.0 | 25.0 75.0 - 20.0 - x + 279.0 = | 25.0:money 75.0:money -:money 20.0:money -:money x:money +:money 279.0:money =:money
EXPR: 0 | POS | INT | 4 | 159 | 349 | (((x+25.0)-20.0)-279.0)=75.0 | x 25.0 + 20.0 - 279.0 - 75.0 = | x:money 25.0:money +:money 20.0:money -:money 279.0:money -:money 75.0:money =:money
EXPR: 0 | POS | INT | 4 | 159 | 349 | (25.0-(75.0+(20.0-x)))=279.0 | 25.0 75.0 20.0 x - + - 279.0 = | 25.0:money 75.0:money 20.0:money x:money -:money +:money -:money 279.0:money =:money
EXPR: 0 | POS | INT | 4 | 159 | 209 | 25.0=(75.0+((x+20.0)-279.0)) | 25.0 75.0 x 20.0 + 279.0 - + = | 25.0:money 75.0:money x:money 20.0:money +:money 279.0:money -:money +:money =:money
EXPR: 0 | POS | INT | 4 | 159 | 249 | (25.0-((x-20.0)-279.0))=75.0 | 25.0 x 20.0 - 279.0 - - 75.0 = | 25.0:money x:money 20.0:money -:money 279.0:money -:money -:money 75.0:money =:money
EXPR: 0 | POS | INT | 4 | 159 | 349 | (25.0+((x-20.0)-279.0))=75.0 | 25.0 x 20.0 - 279.0 - + 75.0 = | 25.0:money x:money 20.0:money -:money 279.0:money -:money +:money 75.0:money =:money
EXPR: 0 | POS | INT | 4 | 159 | 309 | ((25.0+(x-75.0))+20.0)=279.0 | 25.0 x 75.0 - + 20.0 + 279.0 = | 25.0:money x:money 75.0:money -:money +:money 20.0:money +:money 279.0:money =:money
EXPR: 0 | POS | INT | 4 | 159 | 309 | (25.0-(75.0-(20.0+x)))=279.0 | 25.0 75.0 20.0 x + - - 279.0 = | 25.0:money 75.0:money 20.0:money x:money +:money -:money -:money 279.0:money =:money
EXPR: 0 | POS | INT | 4 | 159 | 249 | x=(20.0+(25.0+(279.0-75.0))) | x 20.0 25.0 279.0 75.0 - + + = | x:money 20.0:money 25.0:money 279.0:money 75.0:money -:money +:money +:money =:money
EXPR: 0 | POS | INT | 4 | 159 | 309 | 25.0=(75.0-((x+20.0)-279.0)) | 25.0 75.0 x 20.0 + 279.0 - - = | 25.0:money 75.0:money x:money 20.0:money +:money 279.0:money -:money -:money =:money
EXPR: 0 | POS | INT | 4 | 159 | 309 | 25.0=((75.0-(20.0+x))+279.0) | 25.0 75.0 20.0 x + - 279.0 + = | 25.0:money 75.0:money 20.0:money x:money +:money -:money 279.0:money +:money =:money
EXPR: 0 | POS | INT | 4 | 159 | 199 | x=(20.0-(25.0-(279.0-75.0))) | x 20.0 25.0 279.0 75.0 - - - = | x:money 20.0:money 25.0:money 279.0:money 75.0:money -:money -:money -:money =:money
EXPR: 0 | POS | INT | 4 | 159 | 209 | ((20.0+x)-(25.0-75.0))=279.0 | 20.0 x + 25.0 75.0 - - 279.0 = | 20.0:money x:money +:money 25.0:money 75.0:money -:money -:money 279.0:money =:money
EXPR: 0 | POS | INT | 4 | 159 | 199 | 25.0=(((20.0+279.0)-x)-75.0) | 25.0 20.0 279.0 + x - 75.0 - = | 25.0:money 20.0:money 279.0:money +:money x:money -:money 75.0:money -:money =:money
EXPR: 0 | POS | INT | 4 | 159 | 209 | 25.0=(20.0+(x-(279.0-75.0))) | 25.0 20.0 x 279.0 75.0 - - + = | 25.0:money 20.0:money x:money 279.0:money 75.0:money -:money -:money +:money =:money
EXPR: 1 | POS | INT | 4 | 159 | 159 | ((20.0+x)+(25.0+75.0))=279.0 | 20.0 x + 25.0 75.0 + + 279.0 = | 20.0:money x:money +:money 25.0:money 75.0:money +:money +:money 279.0:money =:money
EXPR: 1 | POS | INT | 4 | 159 | 159 | (((25.0+x)+75.0)+20.0)=279.0 | 25.0 x + 75.0 + 20.0 + 279.0 = | 25.0:money x:money +:money 75.0:money +:money 20.0:money +:money 279.0:money =:money
EXPR: 0 | POS | INT | 4 | 159 | 199 | (((25.0+x)+75.0)-20.0)=279.0 | 25.0 x + 75.0 + 20.0 - 279.0 = | 25.0:money x:money +:money 75.0:money +:money 20.0:money -:money 279.0:money =:money
EXPR: 0 | POS | INT | 4 | 159 | 349 | (((25.0-20.0)+x)-279.0)=75.0 | 25.0 20.0 - x + 279.0 - 75.0 = | 25.0:money 20.0:money -:money x:money +:money 279.0:money -:money 75.0:money =:money
EXPR: 0 | POS | INT | 4 | 159 | 249 | (25.0+(20.0-(x-279.0)))=75.0 | 25.0 20.0 x 279.0 - - + 75.0 = | 25.0:money 20.0:money x:money 279.0:money -:money -:money +:money 75.0:money =:money
EXPR: 0 | POS | INT | 4 | 159 | 309 | (((25.0+20.0)+x)-279.0)=75.0 | 25.0 20.0 + x + 279.0 - 75.0 = | 25.0:money 20.0:money +:money x:money +:money 279.0:money -:money 75.0:money =:money
EXPR: 0 | POS | INT | 4 | 159 | 349 | ((25.0-20.0)+(x-279.0))=75.0 | 25.0 20.0 - x 279.0 - + 75.0 = | 25.0:money 20.0:money -:money x:money 279.0:money -:money +:money 75.0:money =:money
EXPR: 0 | POS | INT | 4 | 159 | 249 | (x-(20.0+(25.0-75.0)))=279.0 | x 20.0 25.0 75.0 - + - 279.0 = | x:money 20.0:money 25.0:money 75.0:money -:money +:money -:money 279.0:money =:money
EXPR: 0 | POS | INT | 4 | 159 | 199 | 20.0=(x+((25.0+75.0)-279.0)) | 20.0 x 25.0 75.0 + 279.0 - + = | 20.0:money x:money 25.0:money 75.0:money +:money 279.0:money -:money +:money =:money
EXPR: 0 | POS | INT | 4 | 159 | 209 | 25.0=((20.0+(x-279.0))+75.0) | 25.0 20.0 x 279.0 - + 75.0 + = | 25.0:money 20.0:money x:money 279.0:money -:money +:money 75.0:money +:money =:money
EXPR: 0 | POS | INT | 4 | 159 | 349 | 25.0=((75.0+(20.0-x))+279.0) | 25.0 75.0 20.0 x - + 279.0 + = | 25.0:money 75.0:money 20.0:money x:money -:money +:money 279.0:money +:money =:money
EXPR: 0 | POS | INT | 4 | 159 | 209 | (25.0-((x+20.0)-279.0))=75.0 | 25.0 x 20.0 + 279.0 - - 75.0 = | 25.0:money x:money 20.0:money +:money 279.0:money -:money -:money 75.0:money =:money
EXPR: 0 | POS | INT | 4 | 159 | 349 | (x-(20.0-(25.0-75.0)))=279.0 | x 20.0 25.0 75.0 - - - 279.0 = | x:money 20.0:money 25.0:money 75.0:money -:money -:money -:money 279.0:money =:money
EXPR: 0 | POS | INT | 4 | 159 | 359 | (20.0-((25.0-x)+75.0))=279.0 | 20.0 25.0 x - 75.0 + - 279.0 = | 20.0:money 25.0:money x:money -:money 75.0:money +:money -:money 279.0:money =:money
EXPR: 0 | POS | INT | 4 | 159 | 349 | 25.0=(75.0-((x-20.0)-279.0)) | 25.0 75.0 x 20.0 - 279.0 - - = | 25.0:money 75.0:money x:money 20.0:money -:money 279.0:money -:money -:money =:money
EXPR: 0 | POS | INT | 4 | 159 | 349 | 20.0=(x+(25.0-(75.0+279.0))) | 20.0 x 25.0 75.0 279.0 + - + = | 20.0:money x:money 25.0:money 75.0:money 279.0:money +:money -:money +:money =:money
EXPR: 0 | POS | INT | 4 | 159 | 309 | ((25.0+x)+(20.0-279.0))=75.0 | 25.0 x + 20.0 279.0 - + 75.0 = | 25.0:money x:money +:money 20.0:money 279.0:money -:money +:money 75.0:money =:money
EXPR: 0 | POS | INT | 4 | 159 | 309 | ((20.0+(25.0+x))-75.0)=279.0 | 20.0 25.0 x + + 75.0 - 279.0 = | 20.0:money 25.0:money x:money +:money +:money 75.0:money -:money 279.0:money =:money
EXPR: 0 | POS | INT | 4 | 159 | 349 | 20.0=(((25.0+x)-75.0)-279.0) | 20.0 25.0 x + 75.0 - 279.0 - = | 20.0:money 25.0:money x:money +:money 75.0:money -:money 279.0:money -:money =:money
EXPR: 0 | POS | INT | 4 | 159 | 309 | ((20.0+(25.0-75.0))+x)=279.0 | 20.0 25.0 75.0 - + x + 279.0 = | 20.0:money 25.0:money 75.0:money -:money +:money x:money +:money 279.0:money =:money
EXPR: 0 | POS | INT | 4 | 159 | 399 | (x-(25.0+(20.0+279.0)))=75.0 | x 25.0 20.0 279.0 + + - 75.0 = | x:money 25.0:money 20.0:money 279.0:money +:money +:money -:money 75.0:money =:money
EXPR: 0 | POS | INT | 4 | 159 | 199 | ((25.0+(x+75.0))-20.0)=279.0 | 25.0 x 75.0 + + 20.0 - 279.0 = | 25.0:money x:money 75.0:money +:money +:money 20.0:money -:money 279.0:money =:money
EXPR: 0 | POS | INT | 4 | 159 | 209 | (20.0-((25.0-x)-75.0))=279.0 | 20.0 25.0 x - 75.0 - - 279.0 = | 20.0:money 25.0:money x:money -:money 75.0:money -:money -:money 279.0:money =:money
EXPR: 0 | POS | INT | 4 | 159 | 309 | (x+(20.0+(25.0-75.0)))=279.0 | x 20.0 25.0 75.0 - + + 279.0 = | x:money 20.0:money 25.0:money 75.0:money -:money +:money +:money 279.0:money =:money
EXPR: 0 | POS | INT | 4 | 159 | 309 | (x+(25.0+(20.0-279.0)))=75.0 | x 25.0 20.0 279.0 - + + 75.0 = | x:money 25.0:money 20.0:money 279.0:money -:money +:money +:money 75.0:money =:money
EXPR: 0 | POS | INT | 4 | 159 | 359 | (x-(25.0-(20.0-279.0)))=75.0 | x 25.0 20.0 279.0 - - - 75.0 = | x:money 25.0:money 20.0:money 279.0:money -:money -:money -:money 75.0:money =:money
EXPR: 0 | POS | INT | 4 | 159 | 209 | 20.0=(((25.0-x)-75.0)+279.0) | 20.0 25.0 x - 75.0 - 279.0 + = | 20.0:money 25.0:money x:money -:money 75.0:money -:money 279.0:money +:money =:money
EXPR: 0 | POS | INT | 4 | 159 | 359 | 20.0=(((25.0-x)+75.0)+279.0) | 20.0 25.0 x - 75.0 + 279.0 + = | 20.0:money 25.0:money x:money -:money 75.0:money +:money 279.0:money +:money =:money
EXPR: 0 | POS | INT | 4 | 159 | 359 | 25.0=((20.0+(x-279.0))-75.0) | 25.0 20.0 x 279.0 - + 75.0 - = | 25.0:money 20.0:money x:money 279.0:money -:money +:money 75.0:money -:money =:money
EXPR: 0 | POS | INT | 4 | 159 | 359 | (20.0-(25.0+(75.0-x)))=279.0 | 20.0 25.0 75.0 x - + - 279.0 = | 20.0:money 25.0:money 75.0:money x:money -:money +:money -:money 279.0:money =:money
EXPR: 0 | POS | INT | 4 | 159 | 309 | (20.0+(25.0-(75.0-x)))=279.0 | 20.0 25.0 75.0 x - - + 279.0 = | 20.0:money 25.0:money 75.0:money x:money -:money -:money +:money 279.0:money =:money
EXPR: 1 | POS | INT | 4 | 159 | 159 | ((20.0+(25.0+75.0))+x)=279.0 | 20.0 25.0 75.0 + + x + 279.0 = | 20.0:money 25.0:money 75.0:money +:money +:money x:money +:money 279.0:money =:money
EXPR: 0 | POS | INT | 4 | 159 | 209 | ((20.0-(25.0-75.0))+x)=279.0 | 20.0 25.0 75.0 - - x + 279.0 = | 20.0:money 25.0:money 75.0:money -:money -:money x:money +:money 279.0:money =:money
EXPR: 0 | POS | INT | 4 | 159 | 359 | ((20.0-25.0)+(x-75.0))=279.0 | 20.0 25.0 - x 75.0 - + 279.0 = | 20.0:money 25.0:money -:money x:money 75.0:money -:money +:money 279.0:money =:money
EXPR: 0 | POS | INT | 4 | 159 | 359 | 25.0=(((20.0+x)-279.0)-75.0) | 25.0 20.0 x + 279.0 - 75.0 - = | 25.0:money 20.0:money x:money +:money 279.0:money -:money 75.0:money -:money =:money
EXPR: 0 | POS | INT | 4 | 159 | 349 | ((25.0-20.0)-(279.0-x))=75.0 | 25.0 20.0 - 279.0 x - - 75.0 = | 25.0:money 20.0:money -:money 279.0:money x:money -:money -:money 75.0:money =:money
EXPR: 0 | POS | INT | 4 | 159 | 359 | (x-(25.0+(75.0-20.0)))=279.0 | x 25.0 75.0 20.0 - + - 279.0 = | x:money 25.0:money 75.0:money 20.0:money -:money +:money -:money 279.0:money =:money
EXPR: 0 | POS | INT | 4 | 159 | 249 | 20.0=(x-(25.0-(75.0-279.0))) | 20.0 x 25.0 75.0 279.0 - - - = | 20.0:money x:money 25.0:money 75.0:money 279.0:money -:money -:money -:money =:money
EXPR: 0 | POS | INT | 4 | 159 | 249 | ((25.0+20.0)-(x-279.0))=75.0 | 25.0 20.0 + x 279.0 - - 75.0 = | 25.0:money 20.0:money +:money x:money 279.0:money -:money -:money 75.0:money =:money
EXPR: 0 | POS | INT | 4 | 159 | 309 | (((25.0-75.0)+20.0)+x)=279.0 | 25.0 75.0 - 20.0 + x + 279.0 = | 25.0:money 75.0:money -:money 20.0:money +:money x:money +:money 279.0:money =:money
EXPR: 0 | POS | INT | 4 | 159 | 359 | (((x-25.0)+20.0)-279.0)=75.0 | x 25.0 - 20.0 + 279.0 - 75.0 = | x:money 25.0:money -:money 20.0:money +:money 279.0:money -:money 75.0:money =:money
EXPR: 0 | POS | INT | 4 | 159 | 359 | 25.0=(20.0+((x-279.0)-75.0)) | 25.0 20.0 x 279.0 - 75.0 - + = | 25.0:money 20.0:money x:money 279.0:money -:money 75.0:money -:money +:money =:money
EXPR: 0 | POS | INT | 4 | 159 | 199 | 20.0=(x+(25.0+(75.0-279.0))) | 20.0 x 25.0 75.0 279.0 - + + = | 20.0:money x:money 25.0:money 75.0:money 279.0:money -:money +:money +:money =:money
EXPR: 0 | POS | INT | 4 | 159 | 399 | 20.0=(x-(25.0+(75.0+279.0))) | 20.0 x 25.0 75.0 279.0 + + - = | 20.0:money x:money 25.0:money 75.0:money 279.0:money +:money +:money -:money =:money
EXPR: 1 | POS | INT | 4 | 159 | 159 | (20.0+(25.0+(75.0+x)))=279.0 | 20.0 25.0 75.0 x + + + 279.0 = | 20.0:money 25.0:money 75.0:money x:money +:money +:money +:money 279.0:money =:money
EXPR: 0 | POS | INT | 4 | 159 | 309 | ((25.0+20.0)+(x-279.0))=75.0 | 25.0 20.0 + x 279.0 - + 75.0 = | 25.0:money 20.0:money +:money x:money 279.0:money -:money +:money 75.0:money =:money
EXPR: 0 | POS | INT | 4 | 159 | 209 | (25.0-((20.0+x)-279.0))=75.0 | 25.0 20.0 x + 279.0 - - 75.0 = | 25.0:money 20.0:money x:money +:money 279.0:money -:money -:money 75.0:money =:money
EXPR: 0 | POS | INT | 4 | 159 | 199 | (25.0+((75.0+x)-20.0))=279.0 | 25.0 75.0 x + 20.0 - + 279.0 = | 25.0:money 75.0:money x:money +:money 20.0:money -:money +:money 279.0:money =:money
EXPR: 0 | POS | INT | 4 | 159 | 309 | ((20.0+x)+(25.0-75.0))=279.0 | 20.0 x + 25.0 75.0 - + 279.0 = | 20.0:money x:money +:money 25.0:money 75.0:money -:money +:money 279.0:money =:money
EXPR: 0 | POS | INT | 4 | 159 | 199 | (x-(20.0-(25.0+75.0)))=279.0 | x 20.0 25.0 75.0 + - - 279.0 = | x:money 20.0:money 25.0:money 75.0:money +:money -:money -:money 279.0:money =:money
EXPR: 0 | POS | INT | 4 | 159 | 249 | (20.0+((25.0+279.0)-75.0))=x | 20.0 25.0 279.0 + 75.0 - + x = | 20.0:money 25.0:money 279.0:money +:money 75.0:money -:money +:money x:money =:money
EXPR: 0 | POS | INT | 4 | 159 | 349 | (x+(25.0-(20.0+279.0)))=75.0 | x 25.0 20.0 279.0 + - + 75.0 = | x:money 25.0:money 20.0:money 279.0:money +:money -:money +:money 75.0:money =:money
EXPR: 1 | POS | INT | 4 | 159 | 159 | ((20.0+(25.0+x))+75.0)=279.0 | 20.0 25.0 x + + 75.0 + 279.0 = | 20.0:money 25.0:money x:money +:money +:money 75.0:money +:money 279.0:money =:money
EXPR: 0 | POS | INT | 4 | 159 | 209 | ((20.0-(25.0-x))+75.0)=279.0 | 20.0 25.0 x - - 75.0 + 279.0 = | 20.0:money 25.0:money x:money -:money -:money 75.0:money +:money 279.0:money =:money
EXPR: 0 | POS | INT | 4 | 159 | 209 | 25.0=(((75.0+x)+20.0)-279.0) | 25.0 75.0 x + 20.0 + 279.0 - = | 25.0:money 75.0:money x:money +:money 20.0:money +:money 279.0:money -:money =:money
EXPR: 0 | POS | INT | 4 | 159 | 249 | (x-(25.0-(75.0-20.0)))=279.0 | x 25.0 75.0 20.0 - - - 279.0 = | x:money 25.0:money 75.0:money 20.0:money -:money -:money -:money 279.0:money =:money
EXPR: 0 | POS | INT | 4 | 159 | 309 | (25.0+((20.0+x)-279.0))=75.0 | 25.0 20.0 x + 279.0 - + 75.0 = | 25.0:money 20.0:money x:money +:money 279.0:money -:money +:money 75.0:money =:money
EXPR: 0 | POS | INT | 4 | 159 | 349 | 25.0=(((75.0-x)+20.0)+279.0) | 25.0 75.0 x - 20.0 + 279.0 + = | 25.0:money 75.0:money x:money -:money 20.0:money +:money 279.0:money +:money =:money
EXPR: 0 | POS | INT | 4 | 159 | 309 | 25.0=((75.0-(x+20.0))+279.0) | 25.0 75.0 x 20.0 + - 279.0 + = | 25.0:money 75.0:money x:money 20.0:money +:money -:money 279.0:money +:money =:money
EXPR: 0 | POS | INT | 4 | 159 | 199 | (x+(25.0+(75.0-20.0)))=279.0 | x 25.0 75.0 20.0 - + + 279.0 = | x:money 25.0:money 75.0:money 20.0:money -:money +:money +:money 279.0:money =:money
EXPR: 0 | POS | INT | 4 | 159 | 209 | ((20.0-25.0)+(x+75.0))=279.0 | 20.0 25.0 - x 75.0 + + 279.0 = | 20.0:money 25.0:money -:money x:money 75.0:money +:money +:money 279.0:money =:money
EXPR: 0 | POS | INT | 4 | 159 | 359 | 20.0=(((25.0+75.0)+279.0)-x) | 20.0 25.0 75.0 + 279.0 + x - = | 20.0:money 25.0:money 75.0:money +:money 279.0:money +:money x:money -:money =:money
EXPR: 0 | POS | INT | 4 | 159 | 199 | (20.0-(25.0-(279.0-75.0)))=x | 20.0 25.0 279.0 75.0 - - - x = | 20.0:money 25.0:money 279.0:money 75.0:money -:money -:money -:money x:money =:money
EXPR: 0 | POS | INT | 4 | 159 | 349 | 25.0=(75.0-(x-(20.0+279.0))) | 25.0 75.0 x 20.0 279.0 + - - = | 25.0:money 75.0:money x:money 20.0:money 279.0:money +:money -:money -:money =:money
EXPR: 0 | POS | INT | 4 | 159 | 359 | 20.0=(25.0+(75.0-(x-279.0))) | 20.0 25.0 75.0 x 279.0 - - + = | 20.0:money 25.0:money 75.0:money x:money 279.0:money -:money -:money +:money =:money
EXPR: 0 | POS | INT | 4 | 159 | 309 | 25.0=(((75.0-x)-20.0)+279.0) | 25.0 75.0 x - 20.0 - 279.0 + = | 25.0:money 75.0:money x:money -:money 20.0:money -:money 279.0:money +:money =:money
EXPR: 0 | POS | INT | 4 | 159 | 249 | 25.0=(((x+75.0)-20.0)-279.0) | 25.0 x 75.0 + 20.0 - 279.0 - = | 25.0:money x:money 75.0:money +:money 20.0:money -:money 279.0:money -:money =:money
EXPR: 0 | POS | INT | 4 | 159 | 349 | ((25.0+(x-75.0))-20.0)=279.0 | 25.0 x 75.0 - + 20.0 - 279.0 = | 25.0:money x:money 75.0:money -:money +:money 20.0:money -:money 279.0:money =:money
EXPR: 0 | POS | INT | 4 | 159 | 199 | 25.0=((20.0+(279.0-75.0))-x) | 25.0 20.0 279.0 75.0 - + x - = | 25.0:money 20.0:money 279.0:money 75.0:money -:money +:money x:money -:money =:money
EXPR: 0 | POS | INT | 4 | 159 | 249 | 25.0=(75.0+(x-(20.0+279.0))) | 25.0 75.0 x 20.0 279.0 + - + = | 25.0:money 75.0:money x:money 20.0:money 279.0:money +:money -:money +:money =:money
EXPR: 0 | POS | INT | 4 | 159 | 209 | 25.0=((20.0-(279.0-75.0))+x) | 25.0 20.0 279.0 75.0 - - x + = | 25.0:money 20.0:money 279.0:money 75.0:money -:money -:money x:money +:money =:money
EXPR: 0 | POS | INT | 4 | 159 | 399 | ((20.0+(25.0+279.0))+75.0)=x | 20.0 25.0 279.0 + + 75.0 + x = | 20.0:money 25.0:money 279.0:money +:money +:money 75.0:money +:money x:money =:money
EXPR: 0 | POS | INT | 4 | 159 | 199 | 20.0=(25.0+(75.0+(x-279.0))) | 20.0 25.0 75.0 x 279.0 - + + = | 20.0:money 25.0:money 75.0:money x:money 279.0:money -:money +:money +:money =:money
EXPR: 0 | POS | INT | 4 | 159 | 359 | 25.0=(((20.0-279.0)+x)-75.0) | 25.0 20.0 279.0 - x + 75.0 - = | 25.0:money 20.0:money 279.0:money -:money x:money +:money 75.0:money -:money =:money
EXPR: 0 | POS | INT | 4 | 159 | 199 | ((20.0-(25.0-279.0))-75.0)=x | 20.0 25.0 279.0 - - 75.0 - x = | 20.0:money 25.0:money 279.0:money -:money -:money 75.0:money -:money x:money =:money
EXPR: 0 | POS | INT | 4 | 159 | 349 | 20.0=(25.0-(75.0-(x-279.0))) | 20.0 25.0 75.0 x 279.0 - - - = | 20.0:money 25.0:money 75.0:money x:money 279.0:money -:money -:money -:money =:money
EXPR: 0 | POS | INT | 4 | 159 | 349 | 20.0=(((25.0-75.0)-279.0)+x) | 20.0 25.0 75.0 - 279.0 - x + = | 20.0:money 25.0:money 75.0:money -:money 279.0:money -:money x:money +:money =:money
EXPR: 0 | POS | INT | 4 | 159 | 209 | 20.0=(((25.0-75.0)+279.0)-x) | 20.0 25.0 75.0 - 279.0 + x - = | 20.0:money 25.0:money 75.0:money -:money 279.0:money +:money x:money -:money =:money
EXPR: 0 | POS | INT | 4 | 159 | 349 | (25.0-(20.0+(279.0-x)))=75.0 | 25.0 20.0 279.0 x - + - 75.0 = | 25.0:money 20.0:money 279.0:money x:money -:money +:money -:money 75.0:money =:money
EXPR: 0 | POS | INT | 4 | 159 | 209 | 20.0=(25.0-(75.0+(x-279.0))) | 20.0 25.0 75.0 x 279.0 - + - = | 20.0:money 25.0:money 75.0:money x:money 279.0:money -:money +:money -:money =:money
EXPR: 0 | POS | INT | 4 | 159 | 199 | 25.0=(((20.0+279.0)-75.0)-x) | 25.0 20.0 279.0 + 75.0 - x - = | 25.0:money 20.0:money 279.0:money +:money 75.0:money -:money x:money -:money =:money
EXPR: 0 | POS | INT | 4 | 159 | 209 | 25.0=(75.0+(x+(20.0-279.0))) | 25.0 75.0 x 20.0 279.0 - + + = | 25.0:money 75.0:money x:money 20.0:money 279.0:money -:money +:money +:money =:money
EXPR: 0 | POS | INT | 4 | 159 | 249 | (((25.0-x)+20.0)+279.0)=75.0 | 25.0 x - 20.0 + 279.0 + 75.0 = | 25.0:money x:money -:money 20.0:money +:money 279.0:money +:money 75.0:money =:money
EXPR: 0 | POS | INT | 4 | 159 | 349 | 25.0=(((20.0+279.0)+75.0)-x) | 25.0 20.0 279.0 + 75.0 + x - = | 25.0:money 20.0:money 279.0:money +:money 75.0:money +:money x:money -:money =:money
EXPR: 0 | POS | INT | 4 | 159 | 209 | 25.0=((x+(20.0-279.0))+75.0) | 25.0 x 20.0 279.0 - + 75.0 + = | 25.0:money x:money 20.0:money 279.0:money -:money +:money 75.0:money +:money =:money
EXPR: 0 | POS | INT | 4 | 159 | 209 | 25.0=(((20.0-279.0)+75.0)+x) | 25.0 20.0 279.0 - 75.0 + x + = | 25.0:money 20.0:money 279.0:money -:money 75.0:money +:money x:money +:money =:money
EXPR: 0 | POS | INT | 4 | 159 | 209 | 25.0=((75.0+(20.0-279.0))+x) | 25.0 75.0 20.0 279.0 - + x + = | 25.0:money 75.0:money 20.0:money 279.0:money -:money +:money x:money +:money =:money
EXPR: 0 | POS | INT | 4 | 159 | 309 | 25.0=(75.0-(x+(20.0-279.0))) | 25.0 75.0 x 20.0 279.0 - + - = | 25.0:money 75.0:money x:money 20.0:money 279.0:money -:money +:money -:money =:money
EXPR: 0 | POS | INT | 4 | 159 | 359 | (x+(20.0-(25.0+75.0)))=279.0 | x 20.0 25.0 75.0 + - + 279.0 = | x:money 20.0:money 25.0:money 75.0:money +:money -:money +:money 279.0:money =:money
EXPR: 0 | POS | INT | 4 | 159 | 309 | ((25.0-(75.0-x))+20.0)=279.0 | 25.0 75.0 x - - 20.0 + 279.0 = | 25.0:money 75.0:money x:money -:money -:money 20.0:money +:money 279.0:money =:money
EXPR: 0 | POS | INT | 4 | 159 | 349 | 25.0=((75.0+(20.0+279.0))-x) | 25.0 75.0 20.0 279.0 + + x - = | 25.0:money 75.0:money 20.0:money 279.0:money +:money +:money x:money -:money =:money
EXPR: 0 | POS | INT | 4 | 159 | 349 | ((20.0-(25.0-279.0))+75.0)=x | 20.0 25.0 279.0 - - 75.0 + x = | 20.0:money 25.0:money 279.0:money -:money -:money 75.0:money +:money x:money =:money
EXPR: 0 | POS | INT | 4 | 159 | 359 | 25.0=(((20.0-279.0)-75.0)+x) | 25.0 20.0 279.0 - 75.0 - x + = | 25.0:money 20.0:money 279.0:money -:money 75.0:money -:money x:money +:money =:money
EXPR: 0 | POS | INT | 4 | 159 | 209 | 25.0=((75.0+(20.0+x))-279.0) | 25.0 75.0 20.0 x + + 279.0 - = | 25.0:money 75.0:money 20.0:money x:money +:money +:money 279.0:money -:money =:money
EXPR: 0 | POS | INT | 4 | 159 | 249 | 25.0=((75.0-(20.0+279.0))+x) | 25.0 75.0 20.0 279.0 + - x + = | 25.0:money 75.0:money 20.0:money 279.0:money +:money -:money x:money +:money =:money
EXPR: 0 | POS | INT | 4 | 159 | 249 | 25.0=((75.0-(20.0-x))-279.0) | 25.0 75.0 20.0 x - - 279.0 - = | 25.0:money 75.0:money 20.0:money x:money -:money -:money 279.0:money -:money =:money
EXPR: 0 | POS | INT | 4 | 159 | 199 | 20.0=(((25.0+75.0)-279.0)+x) | 20.0 25.0 75.0 + 279.0 - x + = | 20.0:money 25.0:money 75.0:money +:money 279.0:money -:money x:money +:money =:money
EXPR: 0 | POS | INT | 4 | 159 | 359 | 25.0=(((x+20.0)-279.0)-75.0) | 25.0 x 20.0 + 279.0 - 75.0 - = | 25.0:money x:money 20.0:money +:money 279.0:money -:money 75.0:money -:money =:money
EXPR: 0 | POS | INT | 4 | 159 | 209 | 25.0=(((x+20.0)-279.0)+75.0) | 25.0 x 20.0 + 279.0 - 75.0 + = | 25.0:money x:money 20.0:money +:money 279.0:money -:money 75.0:money +:money =:money
EXPR: 0 | POS | INT | 4 | 159 | 209 | (25.0-(20.0-(279.0-x)))=75.0 | 25.0 20.0 279.0 x - - - 75.0 = | 25.0:money 20.0:money 279.0:money x:money -:money -:money -:money 75.0:money =:money
EXPR: 0 | POS | INT | 4 | 159 | 349 | (25.0-(75.0-(x-20.0)))=279.0 | 25.0 75.0 x 20.0 - - - 279.0 = | 25.0:money 75.0:money x:money 20.0:money -:money -:money -:money 279.0:money =:money
EXPR: 1 | POS | INT | 4 | 159 | 159 | ((25.0+(x+75.0))+20.0)=279.0 | 25.0 x 75.0 + + 20.0 + 279.0 = | 25.0:money x:money 75.0:money +:money +:money 20.0:money +:money 279.0:money =:money
EXPR: 0 | POS | INT | 4 | 159 | 309 | (25.0+(20.0-(279.0-x)))=75.0 | 25.0 20.0 279.0 x - - + 75.0 = | 25.0:money 20.0:money 279.0:money x:money -:money -:money +:money 75.0:money =:money
EXPR: 0 | POS | INT | 4 | 159 | 249 | (20.0+(25.0+(279.0-75.0)))=x | 20.0 25.0 279.0 75.0 - + + x = | 20.0:money 25.0:money 279.0:money 75.0:money -:money +:money +:money x:money =:money
EXPR: 0 | POS | INT | 4 | 159 | 309 | 25.0=(((75.0-20.0)+279.0)-x) | 25.0 75.0 20.0 - 279.0 + x - = | 25.0:money 75.0:money 20.0:money -:money 279.0:money +:money x:money -:money =:money
EXPR: 0 | POS | INT | 4 | 159 | 209 | 25.0=(((20.0-279.0)+x)+75.0) | 25.0 20.0 279.0 - x + 75.0 + = | 25.0:money 20.0:money 279.0:money -:money x:money +:money 75.0:money +:money =:money
EXPR: 0 | POS | INT | 4 | 159 | 349 | 25.0=(((20.0+279.0)-x)+75.0) | 25.0 20.0 279.0 + x - 75.0 + = | 25.0:money 20.0:money 279.0:money +:money x:money -:money 75.0:money +:money =:money
EXPR: 0 | POS | INT | 4 | 159 | 249 | 25.0=(((x-20.0)-279.0)+75.0) | 25.0 x 20.0 - 279.0 - 75.0 + = | 25.0:money x:money 20.0:money -:money 279.0:money -:money 75.0:money +:money =:money
EXPR: 0 | POS | INT | 4 | 159 | 249 | (25.0+(20.0+(279.0-x)))=75.0 | 25.0 20.0 279.0 x - + + 75.0 = | 25.0:money 20.0:money 279.0:money x:money -:money +:money +:money 75.0:money =:money
EXPR: 0 | POS | INT | 4 | 159 | 359 | (x-((25.0+75.0)-20.0))=279.0 | x 25.0 75.0 + 20.0 - - 279.0 = | x:money 25.0:money 75.0:money +:money 20.0:money -:money -:money 279.0:money =:money
EXPR: 0 | POS | INT | 4 | 159 | 349 | (25.0-((20.0-x)+279.0))=75.0 | 25.0 20.0 x - 279.0 + - 75.0 = | 25.0:money 20.0:money x:money -:money 279.0:money +:money -:money 75.0:money =:money
EXPR: 0 | POS | INT | 4 | 159 | 309 | ((25.0-75.0)+(20.0+x))=279.0 | 25.0 75.0 - 20.0 x + + 279.0 = | 25.0:money 75.0:money -:money 20.0:money x:money +:money +:money 279.0:money =:money
EXPR: 0 | POS | INT | 4 | 159 | 309 | (((25.0+x)+20.0)-279.0)=75.0 | 25.0 x + 20.0 + 279.0 - 75.0 = | 25.0:money x:money +:money 20.0:money +:money 279.0:money -:money 75.0:money =:money
EXPR: 0 | POS | INT | 4 | 159 | 199 | ((25.0+(75.0+x))-20.0)=279.0 | 25.0 75.0 x + + 20.0 - 279.0 = | 25.0:money 75.0:money x:money +:money +:money 20.0:money -:money 279.0:money =:money
EXPR: 0 | POS | INT | 4 | 159 | 209 | 25.0=(20.0-(279.0-(x+75.0))) | 25.0 20.0 279.0 x 75.0 + - - = | 25.0:money 20.0:money 279.0:money x:money 75.0:money +:money -:money -:money =:money
EXPR: 0 | POS | INT | 4 | 159 | 199 | 25.0=(20.0+(279.0-(x+75.0))) | 25.0 20.0 279.0 x 75.0 + - + = | 25.0:money 20.0:money 279.0:money x:money 75.0:money +:money -:money +:money =:money
EXPR: 0 | POS | INT | 4 | 159 | 199 | (25.0+(75.0-(20.0-x)))=279.0 | 25.0 75.0 20.0 x - - + 279.0 = | 25.0:money 75.0:money 20.0:money x:money -:money -:money +:money 279.0:money =:money
EXPR: 0 | POS | INT | 4 | 159 | 209 | 25.0=(((20.0+x)-279.0)+75.0) | 25.0 20.0 x + 279.0 - 75.0 + = | 25.0:money 20.0:money x:money +:money 279.0:money -:money 75.0:money +:money =:money
EXPR: 0 | POS | INT | 4 | 159 | 309 | ((25.0+x)-(75.0-20.0))=279.0 | 25.0 x + 75.0 20.0 - - 279.0 = | 25.0:money x:money +:money 75.0:money 20.0:money -:money -:money 279.0:money =:money
EXPR: 0 | POS | INT | 4 | 159 | 199 | ((25.0+x)+(75.0-20.0))=279.0 | 25.0 x + 75.0 20.0 - + 279.0 = | 25.0:money x:money +:money 75.0:money 20.0:money -:money +:money 279.0:money =:money
EXPR: 0 | POS | INT | 4 | 159 | 199 | 20.0=((25.0+(75.0-279.0))+x) | 20.0 25.0 75.0 279.0 - + x + = | 20.0:money 25.0:money 75.0:money 279.0:money -:money +:money x:money +:money =:money
EXPR: 0 | POS | INT | 4 | 159 | 309 | ((x+25.0)-(75.0-20.0))=279.0 | x 25.0 + 75.0 20.0 - - 279.0 = | x:money 25.0:money +:money 75.0:money 20.0:money -:money -:money 279.0:money =:money
EXPR: 0 | POS | INT | 4 | 159 | 199 | 20.0=(25.0+((x+75.0)-279.0)) | 20.0 25.0 x 75.0 + 279.0 - + = | 20.0:money 25.0:money x:money 75.0:money +:money 279.0:money -:money +:money =:money
EXPR: 0 | POS | INT | 4 | 159 | 209 | 20.0=((25.0-(75.0-279.0))-x) | 20.0 25.0 75.0 279.0 - - x - = | 20.0:money 25.0:money 75.0:money 279.0:money -:money -:money x:money -:money =:money
EXPR: 0 | POS | INT | 4 | 159 | 199 | (x+((25.0+75.0)-20.0))=279.0 | x 25.0 75.0 + 20.0 - + 279.0 = | x:money 25.0:money 75.0:money +:money 20.0:money -:money +:money 279.0:money =:money
EXPR: 0 | POS | INT | 4 | 159 | 249 | 25.0=(x+(75.0-(20.0+279.0))) | 25.0 x 75.0 20.0 279.0 + - + = | 25.0:money x:money 75.0:money 20.0:money 279.0:money +:money -:money +:money =:money
EXPR: 0 | POS | INT | 4 | 159 | 349 | ((25.0-(20.0+279.0))+x)=75.0 | 25.0 20.0 279.0 + - x + 75.0 = | 25.0:money 20.0:money 279.0:money +:money -:money x:money +:money 75.0:money =:money
EXPR: 0 | POS | INT | 4 | 159 | 359 | 20.0=((25.0+(75.0+279.0))-x) | 20.0 25.0 75.0 279.0 + + x - = | 20.0:money 25.0:money 75.0:money 279.0:money +:money +:money x:money -:money =:money
EXPR: 0 | POS | INT | 4 | 159 | 349 | (25.0-(20.0-(x-279.0)))=75.0 | 25.0 20.0 x 279.0 - - - 75.0 = | 25.0:money 20.0:money x:money 279.0:money -:money -:money -:money 75.0:money =:money
EXPR: 0 | POS | INT | 4 | 159 | 199 | 20.0=(((x+25.0)+75.0)-279.0) | 20.0 x 25.0 + 75.0 + 279.0 - = | 20.0:money x:money 25.0:money +:money 75.0:money +:money 279.0:money -:money =:money
EXPR: 0 | POS | INT | 4 | 159 | 199 | (((25.0+75.0)-20.0)+x)=279.0 | 25.0 75.0 + 20.0 - x + 279.0 = | 25.0:money 75.0:money +:money 20.0:money -:money x:money +:money 279.0:money =:money
EXPR: 0 | POS | INT | 4 | 159 | 309 | (25.0-(75.0-(x+20.0)))=279.0 | 25.0 75.0 x 20.0 + - - 279.0 = | 25.0:money 75.0:money x:money 20.0:money +:money -:money -:money 279.0:money =:money
EXPR: 0 | POS | INT | 4 | 159 | 349 | 25.0=(20.0+(279.0-(x-75.0))) | 25.0 20.0 279.0 x 75.0 - - + = | 25.0:money 20.0:money 279.0:money x:money 75.0:money -:money -:money +:money =:money
EXPR: 0 | POS | INT | 4 | 159 | 309 | (25.0+(20.0+(x-279.0)))=75.0 | 25.0 20.0 x 279.0 - + + 75.0 = | 25.0:money 20.0:money x:money 279.0:money -:money +:money +:money 75.0:money =:money
EXPR: 0 | POS | INT | 4 | 159 | 359 | ((x-25.0)-(75.0-20.0))=279.0 | x 25.0 - 75.0 20.0 - - 279.0 = | x:money 25.0:money -:money 75.0:money 20.0:money -:money -:money 279.0:money =:money
EXPR: 0 | POS | INT | 4 | 159 | 199 | ((x+25.0)+(75.0-20.0))=279.0 | x 25.0 + 75.0 20.0 - + 279.0 = | x:money 25.0:money +:money 75.0:money 20.0:money -:money +:money 279.0:money =:money
EXPR: 0 | POS | INT | 4 | 159 | 199 | (25.0+(75.0+(x-20.0)))=279.0 | 25.0 75.0 x 20.0 - + + 279.0 = | 25.0:money 75.0:money x:money 20.0:money -:money +:money +:money 279.0:money =:money
EXPR: 0 | POS | INT | 4 | 159 | 349 | ((x-20.0)+(25.0-75.0))=279.0 | x 20.0 - 25.0 75.0 - + 279.0 = | x:money 20.0:money -:money 25.0:money 75.0:money -:money +:money 279.0:money =:money
EXPR: 0 | POS | INT | 4 | 159 | 209 | 20.0=(25.0-((x+75.0)-279.0)) | 20.0 25.0 x 75.0 + 279.0 - - = | 20.0:money 25.0:money x:money 75.0:money +:money 279.0:money -:money -:money =:money
EXPR: 0 | POS | INT | 4 | 159 | 249 | (25.0+((20.0-x)+279.0))=75.0 | 25.0 20.0 x - 279.0 + + 75.0 = | 25.0:money 20.0:money x:money -:money 279.0:money +:money +:money 75.0:money =:money
EXPR: 0 | POS | INT | 4 | 159 | 349 | (x-((20.0-25.0)+75.0))=279.0 | x 20.0 25.0 - 75.0 + - 279.0 = | x:money 20.0:money 25.0:money -:money 75.0:money +:money -:money 279.0:money =:money
EXPR: 0 | POS | INT | 4 | 159 | 309 | (x+((25.0+20.0)-279.0))=75.0 | x 25.0 20.0 + 279.0 - + 75.0 = | x:money 25.0:money 20.0:money +:money 279.0:money -:money +:money 75.0:money =:money
EXPR: 0 | POS | INT | 4 | 159 | 199 | (x-((20.0-25.0)-75.0))=279.0 | x 20.0 25.0 - 75.0 - - 279.0 = | x:money 20.0:money 25.0:money -:money 75.0:money -:money -:money 279.0:money =:money
EXPR: 0 | POS | INT | 4 | 159 | 399 | (x-((25.0+75.0)+20.0))=279.0 | x 25.0 75.0 + 20.0 + - 279.0 = | x:money 25.0:money 75.0:money +:money 20.0:money +:money -:money 279.0:money =:money
EXPR: 0 | POS | INT | 4 | 159 | 249 | ((x-25.0)+(75.0-20.0))=279.0 | x 25.0 - 75.0 20.0 - + 279.0 = | x:money 25.0:money -:money 75.0:money 20.0:money -:money +:money 279.0:money =:money
EXPR: 0 | POS | INT | 4 | 159 | 209 | (x+((20.0-25.0)+75.0))=279.0 | x 20.0 25.0 - 75.0 + + 279.0 = | x:money 20.0:money 25.0:money -:money 75.0:money +:money +:money 279.0:money =:money
EXPR: 0 | POS | INT | 4 | 159 | 309 | (x+((25.0-75.0)+20.0))=279.0 | x 25.0 75.0 - 20.0 + + 279.0 = | x:money 25.0:money 75.0:money -:money 20.0:money +:money +:money 279.0:money =:money
EXPR: 0 | POS | INT | 4 | 159 | 249 | 25.0=(((75.0+x)-20.0)-279.0) | 25.0 75.0 x + 20.0 - 279.0 - = | 25.0:money 75.0:money x:money +:money 20.0:money -:money 279.0:money -:money =:money
EXPR: 0 | POS | INT | 4 | 159 | 249 | ((25.0+(20.0+279.0))-x)=75.0 | 25.0 20.0 279.0 + + x - 75.0 = | 25.0:money 20.0:money 279.0:money +:money +:money x:money -:money 75.0:money =:money
EXPR: 1 | POS | INT | 4 | 159 | 159 | (((25.0+75.0)+20.0)+x)=279.0 | 25.0 75.0 + 20.0 + x + 279.0 = | 25.0:money 75.0:money +:money 20.0:money +:money x:money +:money 279.0:money =:money
EXPR: 0 | POS | INT | 4 | 159 | 349 | (x+((25.0-75.0)-20.0))=279.0 | x 25.0 75.0 - 20.0 - + 279.0 = | x:money 25.0:money 75.0:money -:money 20.0:money -:money +:money 279.0:money =:money
EXPR: 0 | POS | INT | 4 | 159 | 349 | ((x+25.0)-(20.0+279.0))=75.0 | x 25.0 + 20.0 279.0 + - 75.0 = | x:money 25.0:money +:money 20.0:money 279.0:money +:money -:money 75.0:money =:money
EXPR: 0 | POS | INT | 4 | 159 | 359 | 20.0=(25.0-((x-75.0)-279.0)) | 20.0 25.0 x 75.0 - 279.0 - - = | 20.0:money 25.0:money x:money 75.0:money -:money 279.0:money -:money -:money =:money
EXPR: 0 | POS | INT | 4 | 159 | 209 | 25.0=((20.0+x)-(279.0-75.0)) | 25.0 20.0 x + 279.0 75.0 - - = | 25.0:money 20.0:money x:money +:money 279.0:money 75.0:money -:money -:money =:money
EXPR: 0 | POS | INT | 4 | 159 | 209 | ((25.0-(20.0-279.0))-x)=75.0 | 25.0 20.0 279.0 - - x - 75.0 = | 25.0:money 20.0:money 279.0:money -:money -:money x:money -:money 75.0:money =:money
EXPR: 0 | POS | INT | 4 | 159 | 359 | ((x-25.0)+(20.0-279.0))=75.0 | x 25.0 - 20.0 279.0 - + 75.0 = | x:money 25.0:money -:money 20.0:money 279.0:money -:money +:money 75.0:money =:money
EXPR: 0 | POS | INT | 4 | 159 | 309 | ((x+25.0)+(20.0-279.0))=75.0 | x 25.0 + 20.0 279.0 - + 75.0 = | x:money 25.0:money +:money 20.0:money 279.0:money -:money +:money 75.0:money =:money
EXPR: 0 | POS | INT | 4 | 159 | 309 | ((x+20.0)+(25.0-75.0))=279.0 | x 20.0 + 25.0 75.0 - + 279.0 = | x:money 20.0:money +:money 25.0:money 75.0:money -:money +:money 279.0:money =:money
EXPR: 0 | POS | INT | 4 | 159 | 199 | 20.0=(((25.0+x)+75.0)-279.0) | 20.0 25.0 x + 75.0 + 279.0 - = | 20.0:money 25.0:money x:money +:money 75.0:money +:money 279.0:money -:money =:money
EXPR: 0 | POS | INT | 4 | 159 | 359 | 25.0=(20.0-(279.0-(x-75.0))) | 25.0 20.0 279.0 x 75.0 - - - = | 25.0:money 20.0:money 279.0:money x:money 75.0:money -:money -:money -:money =:money
EXPR: 0 | POS | INT | 4 | 159 | 249 | 25.0=((75.0+(x-20.0))-279.0) | 25.0 75.0 x 20.0 - + 279.0 - = | 25.0:money 75.0:money x:money 20.0:money -:money +:money 279.0:money -:money =:money
EXPR: 0 | POS | INT | 4 | 159 | 199 | x=(20.0-((25.0-279.0)+75.0)) | x 20.0 25.0 279.0 - 75.0 + - = | x:money 20.0:money 25.0:money 279.0:money -:money 75.0:money +:money -:money =:money
EXPR: 0 | POS | INT | 4 | 159 | 349 | 25.0=((20.0+279.0)-(x-75.0)) | 25.0 20.0 279.0 + x 75.0 - - = | 25.0:money 20.0:money 279.0:money +:money x:money 75.0:money -:money -:money =:money
EXPR: 0 | POS | INT | 4 | 159 | 349 | x=(20.0-((25.0-279.0)-75.0)) | x 20.0 25.0 279.0 - 75.0 - - = | x:money 20.0:money 25.0:money 279.0:money -:money 75.0:money -:money -:money =:money
EXPR: 0 | POS | INT | 4 | 159 | 249 | (x-((25.0-75.0)+20.0))=279.0 | x 25.0 75.0 - 20.0 + - 279.0 = | x:money 25.0:money 75.0:money -:money 20.0:money +:money -:money 279.0:money =:money
EXPR: 0 | POS | INT | 4 | 159 | 349 | ((25.0-75.0)+(x-20.0))=279.0 | 25.0 75.0 - x 20.0 - + 279.0 = | 25.0:money 75.0:money -:money x:money 20.0:money -:money +:money 279.0:money =:money
EXPR: 0 | POS | INT | 4 | 159 | 349 | 20.0=(25.0+((x-75.0)-279.0)) | 20.0 25.0 x 75.0 - 279.0 - + = | 20.0:money 25.0:money x:money 75.0:money -:money 279.0:money -:money +:money =:money
EXPR: 0 | POS | INT | 4 | 159 | 359 | 25.0=((20.0-279.0)+(x-75.0)) | 25.0 20.0 279.0 - x 75.0 - + = | 25.0:money 20.0:money 279.0:money -:money x:money 75.0:money -:money +:money =:money
EXPR: 0 | POS | INT | 4 | 159 | 349 | ((25.0+x)-(20.0+279.0))=75.0 | 25.0 x + 20.0 279.0 + - 75.0 = | 25.0:money x:money +:money 20.0:money 279.0:money +:money -:money 75.0:money =:money
EXPR: 0 | POS | INT | 4 | 159 | 249 | x=(20.0+((25.0+279.0)-75.0)) | x 20.0 25.0 279.0 + 75.0 - + = | x:money 20.0:money 25.0:money 279.0:money +:money 75.0:money -:money +:money =:money
EXPR: 0 | POS | INT | 4 | 159 | 199 | 20.0=(25.0+(75.0-(279.0-x))) | 20.0 25.0 75.0 279.0 x - - + = | 20.0:money 25.0:money 75.0:money 279.0:money x:money -:money -:money +:money =:money
EXPR: 0 | POS | INT | 4 | 159 | 209 | 25.0=((20.0-279.0)+(x+75.0)) | 25.0 20.0 279.0 - x 75.0 + + = | 25.0:money 20.0:money 279.0:money -:money x:money 75.0:money +:money +:money =:money
EXPR: 0 | POS | INT | 4 | 159 | 249 | (((25.0+20.0)+279.0)-x)=75.0 | 25.0 20.0 + 279.0 + x - 75.0 = | 25.0:money 20.0:money +:money 279.0:money +:money x:money -:money 75.0:money =:money
EXPR: 0 | POS | INT | 4 | 159 | 309 | (((25.0+x)-75.0)+20.0)=279.0 | 25.0 x + 75.0 - 20.0 + 279.0 = | 25.0:money x:money +:money 75.0:money -:money 20.0:money +:money 279.0:money =:money
EXPR: 0 | POS | INT | 4 | 159 | 199 | 25.0=((20.0-x)+(279.0-75.0)) | 25.0 20.0 x - 279.0 75.0 - + = | 25.0:money 20.0:money x:money -:money 279.0:money 75.0:money -:money +:money =:money
EXPR: 0 | POS | INT | 4 | 159 | 359 | 20.0=(25.0-(x-(75.0+279.0))) | 20.0 25.0 x 75.0 279.0 + - - = | 20.0:money 25.0:money x:money 75.0:money 279.0:money +:money -:money -:money =:money
EXPR: 0 | POS | INT | 4 | 159 | 209 | (((20.0-25.0)+75.0)+x)=279.0 | 20.0 25.0 - 75.0 + x + 279.0 = | 20.0:money 25.0:money -:money 75.0:money +:money x:money +:money 279.0:money =:money
EXPR: 0 | POS | INT | 4 | 159 | 199 | 25.0=((20.0+279.0)-(x+75.0)) | 25.0 20.0 279.0 + x 75.0 + - = | 25.0:money 20.0:money 279.0:money +:money x:money 75.0:money +:money -:money =:money
EXPR: 0 | POS | INT | 4 | 159 | 359 | ((20.0-(25.0-x))-75.0)=279.0 | 20.0 25.0 x - - 75.0 - 279.0 = | 20.0:money 25.0:money x:money -:money -:money 75.0:money -:money 279.0:money =:money
EXPR: 1 | POS | INT | 4 | 159 | 159 | (x+(20.0+(25.0+75.0)))=279.0 | x 20.0 25.0 75.0 + + + 279.0 = | x:money 20.0:money 25.0:money 75.0:money +:money +:money +:money 279.0:money =:money
NET 412 unique, non-negative, integer-valued solutions found out of 1000 total solutions
