parameters: n=7 l=3 k=1 p=5 q=3 m=9
TOTAL 1000 solutions found
SOLN: CORRECT | POS/NEG | INT/FRA | OBJ-SCORE | TRUE-ANS | ANS | INFIX | POSTFIX | TYPED-POSTFIX
EXPR: 0 | POS | INT | 10 | 51 | 708 | x=((15*48)-12) | x 15 48 * 12 - = | x:cookie 15:cupcake 48:cookie *:cookie 12:cookie -:cookie =:cookie
EXPR: 0 | POS | INT | 10 | 51 | 540 | x=(15*(48-12)) | x 15 48 12 - * = | x:pastry 15:pastry 48:cookie 12:cookie -:cookie *:pastry =:pastry
EXPR: 0 | POS | INT | 10 | 51 | 900 | x=(15*(48+12)) | x 15 48 12 + * = | x:pastry 15:pastry 48:cookie 12:cookie +:cookie *:pastry =:pastry
EXPR: 0 | POS | INT | 10 | 51 | 732 | x=((15*48)+12) | x 15 48 * 12 + = | x:cookie 15:cupcake 48:cookie *:cookie 12:cookie +:cookie =:cookie
EXPR: 0 | POS | INT | 10 | 51 | 900 | (15*(48+12))=x | 15 48 12 + * x = | 15:pastry 48:cookie 12:cookie +:cookie *:pastry x:pastry =:pastry
EXPR: 0 | POS | INT | 10 | 51 | 540 | (15*(48-12))=x | 15 48 12 - * x = | 15:pastry 48:cookie 12:cookie -:cookie *:pastry x:pastry =:pastry
EXPR: 0 | POS | INT | 10 | 51 | 708 | ((15*48)-12)=x | 15 48 * 12 - x = | 15:cupcake 48:cookie *:cookie 12:cookie -:cookie x:cookie =:cookie
EXPR: 0 | POS | INT | 10 | 51 | 732 | ((15*48)+12)=x | 15 48 * 12 + x = | 15:cupcake 48:cookie *:cookie 12:cookie +:cookie x:cookie =:cookie
EXPR: 0 | POS | INT | 12 | 51 | 4 | ((x*15)-48)=12 | x 15 * 48 - 12 = | x:pastry 15:cookie *:cookie 48:cookie -:cookie 12:cookie =:cookie
EXPR: 0 | POS | INT | 12 | 51 | 4 | ((15*x)-48)=12 | 15 x * 48 - 12 = | 15:cookie x:pastry *:cookie 48:cookie -:cookie 12:cookie =:cookie
EXPR: 0 | POS | INT | 12 | 51 | 228 | x=(48+(15*12)) | x 48 15 12 * + = | x:cookie 48:cookie 15:cupcake 12:cookie *:cookie +:cookie =:cookie
EXPR: 0 | POS | INT | 12 | 51 | 708 | ((15*48)-x)=12 | 15 48 * x - 12 = | 15:cupcake 48:cookie *:cookie x:cookie -:cookie 12:cookie =:cookie
EXPR: 0 | POS | INT | 12 | 51 | 132 | ((15*12)-48)=x | 15 12 * 48 - x = | 15:cupcake 12:cookie *:cookie 48:cookie -:cookie x:cookie =:cookie
EXPR: 0 | POS | INT | 12 | 51 | 228 | ((15*12)+48)=x | 15 12 * 48 + x = | 15:cupcake 12:cookie *:cookie 48:cookie +:cookie x:cookie =:cookie
EXPR: 0 | POS | INT | 12 | 51 | 228 | x=((15*12)+48) | x 15 12 * 48 + = | x:cookie 15:cupcake 12:cookie *:cookie 48:cookie +:cookie =:cookie
EXPR: 0 | POS | INT | 12 | 51 | 132 | x=((15*12)-48) | x 15 12 * 48 - = | x:cookie 15:cupcake 12:cookie *:cookie 48:cookie -:cookie =:cookie
EXPR: 0 | POS | INT | 12 | 51 | 228 | (48+(15*12))=x | 48 15 12 * + x = | 48:cookie 15:cupcake 12:cookie *:cookie +:cookie x:cookie =:cookie
EXPR: 0 | POS | INT | 14 | 51 | 4 | ((15*x)-12)=48 | 15 x * 12 - 48 = | 15:cookie x:pastry *:cookie 12:cookie -:cookie 48:cookie =:cookie
EXPR: 0 | POS | INT | 14 | 51 | 540 | ((x/15)+12)=48 | x 15 / 12 + 48 = | x:cookie 15:cupcake /:cookie 12:cookie +:cookie 48:cookie =:cookie
EXPR: 0 | POS | INT | 14 | 51 | 132 | ((15*12)-x)=48 | 15 12 * x - 48 = | 15:cupcake 12:cookie *:cookie x:cookie -:cookie 48:cookie =:cookie
EXPR: 0 | POS | INT | 14 | 51 | 228 | (x-(15*12))=48 | x 15 12 * - 48 = | x:cookie 15:cupcake 12:cookie *:cookie -:cookie 48:cookie =:cookie
EXPR: 0 | POS | INT | 14 | 51 | 16 | 48=((15-12)*x) | 48 15 12 - x * = | 48:cookie 15:cookie 12:cookie -:cookie x:pastry *:cookie =:cookie
EXPR: 0 | POS | INT | 14 | 51 | 4 | 48=((15*x)-12) | 48 15 x * 12 - = | 48:cookie 15:cupcake x:cookie *:cookie 12:cookie -:cookie =:cookie
EXPR: 0 | POS | INT | 14 | 51 | 11 | ((15-x)*12)=48 | 15 x - 12 * 48 = | 15:cupcake x:cupcake -:cupcake 12:cookie *:cookie 48:cookie =:cookie
EXPR: 0 | POS | INT | 14 | 51 | 11 | (48/(15-x))=12 | 48 15 x - / 12 = | 48:cookie 15:cupcake x:cupcake -:cupcake /:cookie 12:cookie =:cookie
EXPR: 0 | POS | INT | 14 | 51 | 540 | (48-(x/15))=12 | 48 x 15 / - 12 = | 48:cookie x:cookie 15:cupcake /:cookie -:cookie 12:cookie =:cookie
EXPR: 0 | POS | INT | 14 | 51 | 16 | ((15-12)*x)=48 | 15 12 - x * 48 = | 15:cookie 12:cookie -:cookie x:pastry *:cookie 48:cookie =:cookie
EXPR: 0 | POS | INT | 15 | 51 | 540 | x=((48-12)*15) | x 48 12 - 15 * = | x:pastry 48:cookie 12:cookie -:cookie 15:pastry *:pastry =:pastry
EXPR: 0 | POS | INT | 15 | 51 | 900 | x=((48+12)*15) | x 48 12 + 15 * = | x:pastry 48:cookie 12:cookie +:cookie 15:pastry *:pastry =:pastry
EXPR: 0 | POS | INT | 15 | 51 | 540 | ((48-12)*15)=x | 48 12 - 15 * x = | 48:cookie 12:cookie -:cookie 15:cupcake *:cupcake x:cupcake =:cupcake
EXPR: 0 | POS | INT | 15 | 51 | 732 | (12+(15*48))=x | 12 15 48 * + x = | 12:cookie 15:cupcake 48:cookie *:cookie +:cookie x:cookie =:cookie
EXPR: 0 | POS | INT | 15 | 51 | 732 | x=(12+(15*48)) | x 12 15 48 * + = | x:cookie 12:cookie 15:cupcake 48:cookie *:cookie +:cookie =:cookie
EXPR: 0 | POS | INT | 17 | 51 | 16 | ((48/x)+12)=15 | 48 x / 12 + 15 = | 48:cookie x:pastry /:cookie 12:cookie +:cookie 15:cookie =:cookie
EXPR: 0 | POS | INT | 17 | 51 | 19 | 48=(12*(x-15)) | 48 12 x 15 - * = | 48:cookie 12:cookie x:cupcake 15:cupcake -:cupcake *:cookie =:cookie
EXPR: 0 | POS | INT | 17 | 51 | 4 | 12=((15*x)-48) | 12 15 x * 48 - = | 12:cookie 15:cupcake x:cookie *:cookie 48:cookie -:cookie =:cookie
EXPR: 0 | POS | INT | 17 | 51 | 540 | (x/(48-12))=15 | x 48 12 - / 15 = | x:cupcake 48:cookie 12:cookie -:cookie /:cupcake 15:cupcake =:cupcake
EXPR: 0 | POS | INT | 17 | 51 | 900 | (x/(48+12))=15 | x 48 12 + / 15 = | x:cupcake 48:cookie 12:cookie +:cookie /:cupcake 15:cupcake =:cupcake
EXPR: 0 | POS | INT | 17 | 51 | 11 | 48=(12*(15-x)) | 48 12 15 x - * = | 48:cookie 12:cookie 15:pastry x:pastry -:pastry *:cookie =:cookie
EXPR: 0 | POS | INT | 17 | 51 | 4 | ((48+12)/x)=15 | 48 12 + x / 15 = | 48:cookie 12:cookie +:cookie x:pastry /:cookie 15:cookie =:cookie
EXPR: 0 | POS | INT | 17 | 51 | 11 | (12*(15-x))=48 | 12 15 x - * 48 = | 12:cookie 15:cupcake x:cupcake -:cupcake *:cookie 48:cookie =:cookie
EXPR: 0 | POS | INT | 17 | 51 | 16 | 12=(15-(48/x)) | 12 15 48 x / - = | 12:cookie 15:cookie 48:cookie x:pastry /:cookie -:cookie =:cookie
EXPR: 0 | POS | INT | 17 | 51 | 540 | (12+(x/15))=48 | 12 x 15 / + 48 = | 12:cookie x:cookie 15:cupcake /:cookie +:cookie 48:cookie =:cookie
EXPR: 0 | POS | INT | 19 | 51 | 19 | 12=(48/(x-15)) | 12 48 x 15 - / = | 12:cookie 48:cookie x:cupcake 15:cupcake -:cupcake /:cookie =:cookie
EXPR: 0 | POS | INT | 19 | 51 | 11 | 12=(48/(15-x)) | 12 48 15 x - / = | 12:cookie 48:cookie 15:pastry x:pastry -:pastry /:cookie =:cookie
EXPR: 0 | POS | INT | 20 | 51 | 591 | (15+(48*12))=x | 15 48 12 * + x = | 15:cupcake 48:cupcake 12:cookie *:cupcake +:cupcake x:cupcake =:cupcake
EXPR: 0 | POS | INT | 20 | 51 | 756 | ((15+48)*12)=x | 15 48 + 12 * x = | 15:cupcake 48:cupcake +:cupcake 12:pastry *:pastry x:pastry =:pastry
EXPR: 0 | POS | INT | 20 | 51 | 591 | x=(15+(48*12)) | x 15 48 12 * + = | x:pastry 15:pastry 48:cookie 12:pastry *:pastry +:pastry =:pastry
EXPR: 0 | POS | INT | 20 | 51 | 19 | x=(15+(48/12)) | x 15 48 12 / + = | x:cupcake 15:cupcake 48:cupcake 12:cookie /:cupcake +:cupcake =:cupcake
EXPR: 1 | POS | INT | 20 | 51 | 51 | x=(15+(48-12)) | x 15 48 12 - + = | x:cookie 15:cookie 48:cookie 12:cookie -:cookie +:cookie =:cookie
EXPR: 0 | POS | INT | 20 | 51 | 75 | x=(15+(48+12)) | x 15 48 12 + + = | x:cookie 15:cookie 48:cookie 12:cookie +:cookie +:cookie =:cookie
EXPR: 0 | POS | INT | 20 | 51 | 756 | x=((15+48)*12) | x 15 48 + 12 * = | x:pastry 15:pastry 48:pastry +:pastry 12:cookie *:pastry =:pastry
EXPR: 0 | POS | INT | 20 | 51 | 75 | x=((15+48)+12) | x 15 48 + 12 + = | x:cookie 15:cookie 48:cookie +:cookie 12:cookie +:cookie =:cookie
EXPR: 0 | POS | INT | 20 | 51 | 19 | (15+(48/12))=x | 15 48 12 / + x = | 15:cupcake 48:cupcake 12:cookie /:cupcake +:cupcake x:cupcake =:cupcake
EXPR: 1 | POS | INT | 20 | 51 | 51 | x=((15+48)-12) | x 15 48 + 12 - = | x:cookie 15:cookie 48:cookie +:cookie 12:cookie -:cookie =:cookie
EXPR: 0 | POS | INT | 22 | 51 | 144 | ((15-12)*48)=x | 15 12 - 48 * x = | 15:cupcake 12:cupcake -:cupcake 48:pastry *:pastry x:pastry =:pastry
EXPR: 0 | POS | INT | 22 | 51 | 144 | x=(48*(15-12)) | x 48 15 12 - * = | x:cupcake 48:cookie 15:cupcake 12:cupcake -:cupcake *:cupcake =:cupcake
EXPR: 0 | POS | INT | 22 | 51 | 1296 | x=(48*(15+12)) | x 48 15 12 + * = | x:cupcake 48:cookie 15:cupcake 12:cupcake +:cupcake *:cupcake =:cupcake
EXPR: 0 | POS | INT | 22 | 51 | 396 | x=((48-15)*12) | x 48 15 - 12 * = | x:cupcake 48:cupcake 15:cupcake -:cupcake 12:cookie *:cupcake =:cupcake
EXPR: 0 | POS | INT | 22 | 51 | 732 | (x-(15*48))=12 | x 15 48 * - 12 = | x:pastry 15:cupcake 48:pastry *:pastry -:pastry 12:pastry =:pastry
EXPR: 0 | POS | INT | 22 | 51 | 1296 | x=((15+12)*48) | x 15 12 + 48 * = | x:pastry 15:pastry 12:pastry +:pastry 48:cookie *:pastry =:pastry
EXPR: 0 | POS | INT | 22 | 51 | 16 | x=(48/(15-12)) | x 48 15 12 - / = | x:cookie 48:cookie 15:cupcake 12:cupcake -:cupcake /:cookie =:cookie
EXPR: 0 | POS | INT | 22 | 51 | 900 | ((x/15)-48)=12 | x 15 / 48 - 12 = | x:pastry 15:cupcake /:pastry 48:pastry -:pastry 12:pastry =:pastry
EXPR: 0 | POS | INT | 22 | 51 | 75 | (x-(15+48))=12 | x 15 48 + - 12 = | x:cookie 15:cookie 48:cookie +:cookie -:cookie 12:cookie =:cookie
EXPR: 1 | POS | INT | 22 | 51 | 51 | x=(15-(12-48)) | x 15 12 48 - - = | x:cookie 15:cookie 12:cookie 48:cookie -:cookie -:cookie =:cookie
EXPR: 0 | POS | INT | 22 | 51 | 396 | ((48-15)*12)=x | 48 15 - 12 * x = | 48:cupcake 15:cupcake -:cupcake 12:cookie *:cookie x:cookie =:cookie
EXPR: 0 | POS | INT | 22 | 51 | 60 | (15*48)=(x*12) | 15 48 * x 12 * = | 15:cupcake 48:pastry *:pastry x:pastry 12:cookie *:pastry =:pastry
EXPR: 1 | POS | INT | 22 | 51 | 51 | x=((15-12)+48) | x 15 12 - 48 + = | x:cookie 15:cookie 12:cookie -:cookie 48:cookie +:cookie =:cookie
EXPR: 0 | POS | INT | 22 | 51 | 4 | 15=((48+12)/x) | 15 48 12 + x / = | 15:cupcake 48:cupcake 12:cupcake +:cupcake x:pastry /:cupcake =:cupcake
EXPR: 0 | POS | INT | 22 | 51 | 45 | ((x+15)-48)=12 | x 15 + 48 - 12 = | x:cookie 15:cookie +:cookie 48:cookie -:cookie 12:cookie =:cookie
EXPR: 1 | POS | INT | 22 | 51 | 51 | ((15+48)-x)=12 | 15 48 + x - 12 = | 15:cookie 48:cookie +:cookie x:cookie -:cookie 12:cookie =:cookie
EXPR: 0 | POS | INT | 22 | 51 | 1296 | ((15+12)*48)=x | 15 12 + 48 * x = | 15:cupcake 12:cupcake +:cupcake 48:pastry *:pastry x:pastry =:pastry
EXPR: 0 | POS | INT | 22 | 51 | 60 | (15*48)=(12*x) | 15 48 * 12 x * = | 15:pastry 48:cookie *:pastry 12:cookie x:pastry *:pastry =:pastry
EXPR: 1 | POS | INT | 22 | 51 | 51 | (48+(15-12))=x | 48 15 12 - + x = | 48:cookie 15:cookie 12:cookie -:cookie +:cookie x:cookie =:cookie
EXPR: 0 | POS | INT | 22 | 51 | 75 | (48+(15+12))=x | 48 15 12 + + x = | 48:cookie 15:cookie 12:cookie +:cookie +:cookie x:cookie =:cookie
EXPR: 0 | POS | INT | 22 | 51 | 75 | x=((15+12)+48) | x 15 12 + 48 + = | x:cookie 15:cookie 12:cookie +:cookie 48:cookie +:cookie =:cookie
EXPR: 0 | POS | INT | 22 | 51 | 45 | (48-(15-12))=x | 48 15 12 - - x = | 48:cookie 15:cookie 12:cookie -:cookie -:cookie x:cookie =:cookie
EXPR: 0 | POS | INT | 22 | 51 | 21 | 15=(48-(12+x)) | 15 48 12 x + - = | 15:cookie 48:cookie 12:cookie x:cookie +:cookie -:cookie =:cookie
EXPR: 0 | POS | INT | 22 | 51 | 75 | ((x-15)-48)=12 | x 15 - 48 - 12 = | x:cookie 15:cookie -:cookie 48:cookie -:cookie 12:cookie =:cookie
EXPR: 0 | POS | INT | 22 | 51 | 144 | x=((15-12)*48) | x 15 12 - 48 * = | x:pastry 15:cookie 12:cookie -:cookie 48:pastry *:pastry =:pastry
EXPR: 0 | POS | INT | 22 | 51 | 561 | 15=((48*12)-x) | 15 48 12 * x - = | 15:pastry 48:cookie 12:pastry *:pastry x:pastry -:pastry =:pastry
EXPR: 0 | POS | INT | 22 | 51 | 396 | 15=(48-(x/12)) | 15 48 x 12 / - = | 15:cupcake 48:cupcake x:cupcake 12:cookie /:cupcake -:cupcake =:cupcake
EXPR: 0 | POS | INT | 22 | 51 | 21 | ((48-15)-12)=x | 48 15 - 12 - x = | 48:cookie 15:cookie -:cookie 12:cookie -:cookie x:cookie =:cookie
EXPR: 0 | POS | INT | 22 | 51 | 16 | (15-(48/x))=12 | 15 48 x / - 12 = | 15:cookie 48:cookie x:cupcake /:cookie -:cookie 12:cookie =:cookie
EXPR: 0 | POS | INT | 22 | 51 | 4 | (x*15)=(48+12) | x 15 * 48 12 + = | x:pastry 15:cookie *:cookie 48:cookie 12:cookie +:cookie =:cookie
EXPR: 0 | POS | INT | 22 | 51 | 45 | 15=((48+12)-x) | 15 48 12 + x - = | 15:cookie 48:cookie 12:cookie +:cookie x:cookie -:cookie =:cookie
EXPR: 0 | POS | INT | 22 | 51 | 1296 | (48*(15+12))=x | 48 15 12 + * x = | 48:pastry 15:cookie 12:cookie +:cookie *:pastry x:pastry =:pastry
EXPR: 0 | POS | INT | 22 | 51 | 16 | (48/(15-12))=x | 48 15 12 - / x = | 48:pastry 15:cookie 12:cookie -:cookie /:pastry x:pastry =:pastry
EXPR: 0 | POS | INT | 24 | 51 | 21 | ((48-x)-15)=12 | 48 x - 15 - 12 = | 48:cookie x:cookie -:cookie 15:cookie -:cookie 12:cookie =:cookie
EXPR: 0 | POS | INT | 24 | 51 | 1296 | ((x/48)-15)=12 | x 48 / 15 - 12 = | x:pastry 48:cookie /:pastry 15:pastry -:pastry 12:pastry =:pastry
EXPR: 0 | POS | INT | 24 | 51 | 396 | (x/(48-15))=12 | x 48 15 - / 12 = | x:cookie 48:cupcake 15:cupcake -:cupcake /:cookie 12:cookie =:cookie
EXPR: 0 | POS | INT | 24 | 51 | 4 | ((x*15)-12)=48 | x 15 * 12 - 48 = | x:pastry 15:cupcake *:cupcake 12:cupcake -:cupcake 48:cupcake =:cupcake
EXPR: 0 | POS | INT | 24 | 51 | 900 | 48=((x/15)-12) | 48 x 15 / 12 - = | 48:cookie x:cookie 15:pastry /:cookie 12:cookie -:cookie =:cookie
EXPR: 0 | POS | INT | 24 | 51 | 540 | 48=((x/15)+12) | 48 x 15 / 12 + = | 48:cookie x:cookie 15:pastry /:cookie 12:cookie +:cookie =:cookie
EXPR: 0 | POS | INT | 24 | 51 | 132 | ((x+48)/15)=12 | x 48 + 15 / 12 = | x:cookie 48:cookie +:cookie 15:pastry /:cookie 12:cookie =:cookie
EXPR: 0 | POS | INT | 24 | 51 | 396 | (15+(x/12))=48 | 15 x 12 / + 48 = | 15:cupcake x:cupcake 12:cookie /:cupcake +:cupcake 48:cupcake =:cupcake
EXPR: 0 | POS | INT | 24 | 51 | 45 | ((x+15)-12)=48 | x 15 + 12 - 48 = | x:cookie 15:cookie +:cookie 12:cookie -:cookie 48:cookie =:cookie
EXPR: 0 | POS | INT | 24 | 51 | 16 | 15=(12+(48/x)) | 15 12 48 x / + = | 15:cupcake 12:cupcake 48:cupcake x:pastry /:cupcake +:cupcake =:cupcake
EXPR: 0 | POS | INT | 24 | 51 | 900 | ((x/15)-12)=48 | x 15 / 12 - 48 = | x:pastry 15:cupcake /:pastry 12:pastry -:pastry 48:pastry =:pastry
EXPR: 1 | POS | INT | 24 | 51 | 51 | (48+(15-x))=12 | 48 15 x - + 12 = | 48:cookie 15:cookie x:cookie -:cookie +:cookie 12:cookie =:cookie
EXPR: 0 | POS | INT | 24 | 51 | 16 | (x*(15-12))=48 | x 15 12 - * 48 = | x:cookie 15:cupcake 12:cupcake -:cupcake *:cookie 48:cookie =:cookie
EXPR: 0 | POS | INT | 24 | 51 | 144 | (x/(15-12))=48 | x 15 12 - / 48 = | x:cookie 15:cupcake 12:cupcake -:cupcake /:cookie 48:cookie =:cookie
EXPR: 0 | POS | INT | 24 | 51 | 21 | (48-(15+x))=12 | 48 15 x + - 12 = | 48:cookie 15:cookie x:cookie +:cookie -:cookie 12:cookie =:cookie
EXPR: 0 | POS | INT | 24 | 51 | 132 | (48+x)=(15*12) | 48 x + 15 12 * = | 48:cookie x:cookie +:cookie 15:cupcake 12:cookie *:cookie =:cookie
EXPR: 0 | POS | INT | 24 | 51 | 591 | ((x-15)/12)=48 | x 15 - 12 / 48 = | x:pastry 15:pastry -:pastry 12:cookie /:pastry 48:pastry =:pastry
EXPR: 0 | POS | INT | 24 | 51 | 21 | ((48-15)-x)=12 | 48 15 - x - 12 = | 48:cookie 15:cookie -:cookie x:cookie -:cookie 12:cookie =:cookie
EXPR: 0 | POS | INT | 24 | 51 | 16 | 48=(x*(15-12)) | 48 x 15 12 - * = | 48:cupcake x:pastry 15:cupcake 12:cupcake -:cupcake *:cupcake =:cupcake
EXPR: 1 | POS | INT | 24 | 51 | 51 | 15=(x+(12-48)) | 15 x 12 48 - + = | 15:cookie x:cookie 12:cookie 48:cookie -:cookie +:cookie =:cookie
EXPR: 0 | POS | INT | 24 | 51 | 75 | ((x-15)-12)=48 | x 15 - 12 - 48 = | x:cookie 15:cookie -:cookie 12:cookie -:cookie 48:cookie =:cookie
EXPR: 0 | POS | INT | 24 | 51 | 21 | ((x+15)+12)=48 | x 15 + 12 + 48 = | x:cookie 15:cookie +:cookie 12:cookie +:cookie 48:cookie =:cookie
EXPR: 0 | POS | INT | 24 | 51 | 21 | 48=(15+(12+x)) | 48 15 12 x + + = | 48:cookie 15:cookie 12:cookie x:cookie +:cookie +:cookie =:cookie
EXPR: 0 | POS | INT | 24 | 51 | 45 | 48=(15-(12-x)) | 48 15 12 x - - = | 48:cookie 15:cookie 12:cookie x:cookie -:cookie -:cookie =:cookie
EXPR: 0 | POS | INT | 24 | 51 | 75 | ((x-48)-15)=12 | x 48 - 15 - 12 = | x:cookie 48:cookie -:cookie 15:cookie -:cookie 12:cookie =:cookie
EXPR: 0 | POS | INT | 24 | 51 | 132 | 48=((15*12)-x) | 48 15 12 * x - = | 48:pastry 15:cupcake 12:pastry *:pastry x:pastry -:pastry =:pastry
EXPR: 0 | POS | INT | 24 | 51 | 1296 | (x/(15+12))=48 | x 15 12 + / 48 = | x:pastry 15:cupcake 12:cupcake +:cupcake /:pastry 48:pastry =:pastry
EXPR: 0 | POS | INT | 24 | 51 | 8640 | (15*12)=(x/48) | 15 12 * x 48 / = | 15:pastry 12:cookie *:pastry x:pastry 48:cookie /:pastry =:pastry
EXPR: 0 | POS | INT | 24 | 51 | 60 | (x/48)=(15/12) | x 48 / 15 12 / = | x:pastry 48:cookie /:pastry 15:pastry 12:cookie /:pastry =:pastry
EXPR: 1 | POS | INT | 24 | 51 | 51 | 48=((x-15)+12) | 48 x 15 - 12 + = | 48:cookie x:cookie 15:cookie -:cookie 12:cookie +:cookie =:cookie
EXPR: 0 | POS | INT | 24 | 51 | 708 | 15=((12+x)/48) | 15 12 x + 48 / = | 15:pastry 12:pastry x:pastry +:pastry 48:cookie /:pastry =:pastry
EXPR: 0 | POS | INT | 24 | 51 | 19 | ((x-15)*12)=48 | x 15 - 12 * 48 = | x:pastry 15:pastry -:pastry 12:cookie *:pastry 48:pastry =:pastry
EXPR: 0 | POS | INT | 25 | 51 | 591 | ((48*12)+15)=x | 48 12 * 15 + x = | 48:cookie 12:cupcake *:cupcake 15:cupcake +:cupcake x:cupcake =:cupcake
EXPR: 0 | POS | INT | 25 | 51 | 45 | ((48+12)-15)=x | 48 12 + 15 - x = | 48:cookie 12:cookie +:cookie 15:cookie -:cookie x:cookie =:cookie
EXPR: 0 | POS | INT | 25 | 51 | 591 | x=((48*12)+15) | x 48 12 * 15 + = | x:pastry 48:pastry 12:cookie *:pastry 15:pastry +:pastry =:pastry
EXPR: 0 | POS | INT | 25 | 51 | 561 | x=((48*12)-15) | x 48 12 * 15 - = | x:pastry 48:pastry 12:cookie *:pastry 15:pastry -:pastry =:pastry
EXPR: 0 | POS | INT | 25 | 51 | 45 | x=(48+(12-15)) | x 48 12 15 - + = | x:cookie 48:cookie 12:cookie 15:cookie -:cookie +:cookie =:cookie
EXPR: 0 | POS | INT | 25 | 51 | 4 | x=((48+12)/15) | x 48 12 + 15 / = | x:cookie 48:cookie 12:cookie +:cookie 15:pastry /:cookie =:cookie
EXPR: 0 | POS | INT | 25 | 51 | 561 | ((48*12)-15)=x | 48 12 * 15 - x = | 48:cookie 12:pastry *:pastry 15:pastry -:pastry x:pastry =:pastry
EXPR: 0 | POS | INT | 25 | 51 | 75 | (12+(15+48))=x | 12 15 48 + + x = | 12:cookie 15:cookie 48:cookie +:cookie +:cookie x:cookie =:cookie
EXPR: 0 | POS | INT | 25 | 51 | 45 | (12-(15-48))=x | 12 15 48 - - x = | 12:cookie 15:cookie 48:cookie -:cookie -:cookie x:cookie =:cookie
EXPR: 0 | POS | INT | 25 | 51 | 21 | ((48-12)-15)=x | 48 12 - 15 - x = | 48:cookie 12:cookie -:cookie 15:cookie -:cookie x:cookie =:cookie
EXPR: 0 | POS | INT | 25 | 51 | 756 | x=(12*(15+48)) | x 12 15 48 + * = | x:pastry 12:pastry 15:cupcake 48:cupcake +:cupcake *:pastry =:pastry
EXPR: 0 | POS | INT | 25 | 51 | 19 | x=((48/12)+15) | x 48 12 / 15 + = | x:pastry 48:pastry 12:cookie /:pastry 15:pastry +:pastry =:pastry
EXPR: 0 | POS | INT | 25 | 51 | 75 | ((48+12)+15)=x | 48 12 + 15 + x = | 48:cookie 12:cookie +:cookie 15:cookie +:cookie x:cookie =:cookie
EXPR: 0 | POS | INT | 27 | 51 | 45 | ((48+12)-x)=15 | 48 12 + x - 15 = | 48:cookie 12:cookie +:cookie x:cookie -:cookie 15:cookie =:cookie
EXPR: 0 | POS | INT | 27 | 51 | 21 | ((12+x)+15)=48 | 12 x + 15 + 48 = | 12:cookie x:cookie +:cookie 15:cookie +:cookie 48:cookie =:cookie
EXPR: 1 | POS | INT | 27 | 51 | 51 | ((x+12)-15)=48 | x 12 + 15 - 48 = | x:cookie 12:cookie +:cookie 15:cookie -:cookie 48:cookie =:cookie
EXPR: 1 | POS | INT | 27 | 51 | 51 | ((12+x)-15)=48 | 12 x + 15 - 48 = | 12:cookie x:cookie +:cookie 15:cookie -:cookie 48:cookie =:cookie
EXPR: 1 | POS | INT | 27 | 51 | 51 | 48=(x+(12-15)) | 48 x 12 15 - + = | 48:cookie x:cookie 12:cookie 15:cookie -:cookie +:cookie =:cookie
EXPR: 0 | POS | INT | 27 | 51 | 591 | (x-(48*12))=15 | x 48 12 * - 15 = | x:pastry 48:cookie 12:pastry *:pastry -:pastry 15:pastry =:pastry
EXPR: 0 | POS | INT | 27 | 51 | 708 | ((x+12)/15)=48 | x 12 + 15 / 48 = | x:cookie 12:cookie +:cookie 15:pastry /:cookie 48:cookie =:cookie
NET 139 unique, non-negative, integer-valued solutions found out of 1000 total solutions
