parameters: n=7 l=3 k=1 p=5 q=1 m=9
TOTAL 480 solutions found
SOLN: CORRECT | POS/NEG | INT/FRA | OBJ-SCORE | TRUE-ANS | ANS | INFIX | POSTFIX | TYPED-POSTFIX
EXPR: 0 | POS | INT | 0 | 13 | 23 | (6+(5+12))=x | 6 5 12 + + x = | 6:rose 5:rose 12:rose +:rose +:rose x:rose =:rose
EXPR: 1 | POS | INT | 0 | 13 | 13 | x=(6-(5-12)) | x 6 5 12 - - = | x:rose 6:rose 5:rose 12:rose -:rose -:rose =:rose
EXPR: 0 | POS | INT | 0 | 13 | 23 | x=(6+(5+12)) | x 6 5 12 + + = | x:rose 6:rose 5:rose 12:rose +:rose +:rose =:rose
EXPR: 1 | POS | INT | 0 | 13 | 13 | (6-(5-12))=x | 6 5 12 - - x = | 6:rose 5:rose 12:rose -:rose -:rose x:rose =:rose
EXPR: 1 | POS | INT | 0 | 13 | 13 | x=((6-5)+12) | x 6 5 - 12 + = | x:rose 6:rose 5:rose -:rose 12:rose +:rose =:rose
EXPR: 0 | POS | INT | 0 | 13 | 23 | x=((6+5)+12) | x 6 5 + 12 + = | x:rose 6:rose 5:rose +:rose 12:rose +:rose =:rose
EXPR: 1 | POS | INT | 0 | 13 | 13 | ((6-5)+12)=x | 6 5 - 12 + x = | 6:rose 5:rose -:rose 12:rose +:rose x:rose =:rose
EXPR: 0 | POS | INT | 0 | 13 | 23 | ((6+5)+12)=x | 6 5 + 12 + x = | 6:rose 5:rose +:rose 12:rose +:rose x:rose =:rose
EXPR: 0 | POS | INT | 2 | 13 | 11 | x=(5-(6-12)) | x 5 6 12 - - = | x:rose 5:rose 6:rose 12:rose -:rose -:rose =:rose
EXPR: 0 | POS | INT | 2 | 13 | 11 | 6=(5-(x-12)) | 6 5 x 12 - - = | 6:rose 5:rose x:rose 12:rose -:rose -:rose =:rose
EXPR: 1 | POS | INT | 2 | 13 | 13 | x=(6+(12-5)) | x 6 12 5 - + = | x:rose 6:rose 12:rose 5:rose -:rose +:rose =:rose
EXPR: 1 | POS | INT | 2 | 13 | 13 | x=((6+12)-5) | x 6 12 + 5 - = | x:rose 6:rose 12:rose +:rose 5:rose -:rose =:rose
EXPR: 0 | POS | INT | 2 | 13 | 23 | ((6+12)+5)=x | 6 12 + 5 + x = | 6:rose 12:rose +:rose 5:rose +:rose x:rose =:rose
EXPR: 1 | POS | INT | 2 | 13 | 13 | ((6+12)-5)=x | 6 12 + 5 - x = | 6:rose 12:rose +:rose 5:rose -:rose x:rose =:rose
EXPR: 0 | POS | INT | 2 | 13 | 23 | x=((6+12)+5) | x 6 12 + 5 + = | x:rose 6:rose 12:rose +:rose 5:rose +:rose =:rose
EXPR: 1 | POS | INT | 2 | 13 | 13 | 6=(5-(12-x)) | 6 5 12 x - - = | 6:rose 5:rose 12:rose x:rose -:rose -:rose =:rose
EXPR: 0 | POS | INT | 2 | 13 | 23 | x=(5+(6+12)) | x 5 6 12 + + = | x:rose 5:rose 6:rose 12:rose +:rose +:rose =:rose
EXPR: 0 | POS | INT | 2 | 13 | 11 | ((x+6)-5)=12 | x 6 + 5 - 12 = | x:rose 6:rose +:rose 5:rose -:rose 12:rose =:rose
EXPR: 1 | POS | INT | 2 | 13 | 13 | 6=(5+(x-12)) | 6 5 x 12 - + = | 6:rose 5:rose x:rose 12:rose -:rose +:rose =:rose
EXPR: 1 | POS | INT | 2 | 13 | 13 | (x-(6-5))=12 | x 6 5 - - 12 = | x:rose 6:rose 5:rose -:rose -:rose 12:rose =:rose
EXPR: 0 | POS | INT | 2 | 13 | 23 | (x-(6+5))=12 | x 6 5 + - 12 = | x:rose 6:rose 5:rose +:rose -:rose 12:rose =:rose
EXPR: 1 | POS | INT | 2 | 13 | 13 | 6=((5-12)+x) | 6 5 12 - x + = | 6:rose 5:rose 12:rose -:rose x:rose +:rose =:rose
EXPR: 0 | POS | INT | 2 | 13 | 11 | (x+(6-5))=12 | x 6 5 - + 12 = | x:rose 6:rose 5:rose -:rose +:rose 12:rose =:rose
EXPR: 0 | POS | INT | 2 | 13 | 11 | 6=(5+(12-x)) | 6 5 12 x - + = | 6:rose 5:rose 12:rose x:rose -:rose +:rose =:rose
EXPR: 0 | POS | INT | 2 | 13 | 11 | ((5-6)+12)=x | 5 6 - 12 + x = | 5:rose 6:rose -:rose 12:rose +:rose x:rose =:rose
EXPR: 1 | POS | INT | 2 | 13 | 13 | (6+(12-5))=x | 6 12 5 - + x = | 6:rose 12:rose 5:rose -:rose +:rose x:rose =:rose
EXPR: 0 | POS | INT | 2 | 13 | 11 | x=((5-6)+12) | x 5 6 - 12 + = | x:rose 5:rose 6:rose -:rose 12:rose +:rose =:rose
EXPR: 0 | POS | INT | 2 | 13 | 11 | 6=((5-x)+12) | 6 5 x - 12 + = | 6:rose 5:rose x:rose -:rose 12:rose +:rose =:rose
EXPR: 0 | POS | INT | 2 | 13 | 1 | (x+(6+5))=12 | x 6 5 + + 12 = | x:rose 6:rose 5:rose +:rose +:rose 12:rose =:rose
EXPR: 1 | POS | INT | 2 | 13 | 13 | ((x-6)+5)=12 | x 6 - 5 + 12 = | x:rose 6:rose -:rose 5:rose +:rose 12:rose =:rose
EXPR: 0 | POS | INT | 2 | 13 | 23 | 6=((x-5)-12) | 6 x 5 - 12 - = | 6:rose x:rose 5:rose -:rose 12:rose -:rose =:rose
EXPR: 0 | POS | INT | 2 | 13 | 11 | (6+(x-5))=12 | 6 x 5 - + 12 = | 6:rose x:rose 5:rose -:rose +:rose 12:rose =:rose
EXPR: 1 | POS | INT | 2 | 13 | 13 | 6=((5+x)-12) | 6 5 x + 12 - = | 6:rose 5:rose x:rose +:rose 12:rose -:rose =:rose
EXPR: 1 | POS | INT | 2 | 13 | 13 | 6=((x+5)-12) | 6 x 5 + 12 - = | 6:rose x:rose 5:rose +:rose 12:rose -:rose =:rose
EXPR: 0 | POS | INT | 2 | 13 | 11 | 6=((5+12)-x) | 6 5 12 + x - = | 6:rose 5:rose 12:rose +:rose x:rose -:rose =:rose
EXPR: 0 | POS | INT | 2 | 13 | 23 | ((x-6)-5)=12 | x 6 - 5 - 12 = | x:rose 6:rose -:rose 5:rose -:rose 12:rose =:rose
EXPR: 0 | POS | INT | 2 | 13 | 11 | ((6-5)+x)=12 | 6 5 - x + 12 = | 6:rose 5:rose -:rose x:rose +:rose 12:rose =:rose
EXPR: 0 | POS | INT | 2 | 13 | 1 | (6+(x+5))=12 | 6 x 5 + + 12 = | 6:rose x:rose 5:rose +:rose +:rose 12:rose =:rose
EXPR: 0 | POS | INT | 2 | 13 | 1 | ((6+x)+5)=12 | 6 x + 5 + 12 = | 6:rose x:rose +:rose 5:rose +:rose 12:rose =:rose
EXPR: 0 | POS | INT | 2 | 13 | 11 | (5-(6-12))=x | 5 6 12 - - x = | 5:rose 6:rose 12:rose -:rose -:rose x:rose =:rose
EXPR: 0 | POS | INT | 2 | 13 | 23 | (5+(6+12))=x | 5 6 12 + + x = | 5:rose 6:rose 12:rose +:rose +:rose x:rose =:rose
EXPR: 0 | POS | INT | 2 | 13 | 1 | ((6+5)+x)=12 | 6 5 + x + 12 = | 6:rose 5:rose +:rose x:rose +:rose 12:rose =:rose
EXPR: 1 | POS | INT | 2 | 13 | 13 | 6=(x+(5-12)) | 6 x 5 12 - + = | 6:rose x:rose 5:rose 12:rose -:rose +:rose =:rose
EXPR: 0 | POS | INT | 2 | 13 | 23 | 6=(x-(5+12)) | 6 x 5 12 + - = | 6:rose x:rose 5:rose 12:rose +:rose -:rose =:rose
EXPR: 0 | POS | INT | 2 | 13 | 11 | ((6+x)-5)=12 | 6 x + 5 - 12 = | 6:rose x:rose +:rose 5:rose -:rose 12:rose =:rose
EXPR: 0 | POS | INT | 2 | 13 | 11 | (6-(5-x))=12 | 6 5 x - - 12 = | 6:rose 5:rose x:rose -:rose -:rose 12:rose =:rose
EXPR: 0 | POS | INT | 2 | 13 | 1 | (6+(5+x))=12 | 6 5 x + + 12 = | 6:rose 5:rose x:rose +:rose +:rose 12:rose =:rose
EXPR: 0 | POS | INT | 2 | 13 | 1 | ((x+6)+5)=12 | x 6 + 5 + 12 = | x:rose 6:rose +:rose 5:rose +:rose 12:rose =:rose
EXPR: 0 | POS | INT | 4 | 13 | 11 | 5=(6-(12-x)) | 5 6 12 x - - = | 5:rose 6:rose 12:rose x:rose -:rose -:rose =:rose
EXPR: 1 | POS | INT | 4 | 13 | 13 | 5=((6-x)+12) | 5 6 x - 12 + = | 5:rose 6:rose x:rose -:rose 12:rose +:rose =:rose
EXPR: 0 | POS | INT | 4 | 13 | 1 | 6=(12-(x+5)) | 6 12 x 5 + - = | 6:rose 12:rose x:rose 5:rose +:rose -:rose =:rose
EXPR: 0 | POS | INT | 4 | 13 | 11 | ((x+6)-12)=5 | x 6 + 12 - 5 = | x:rose 6:rose +:rose 12:rose -:rose 5:rose =:rose
EXPR: 1 | POS | INT | 4 | 13 | 13 | 5=((6+12)-x) | 5 6 12 + x - = | 5:rose 6:rose 12:rose +:rose x:rose -:rose =:rose
EXPR: 0 | POS | INT | 4 | 13 | 23 | (x-(6+12))=5 | x 6 12 + - 5 = | x:rose 6:rose 12:rose +:rose -:rose 5:rose =:rose
EXPR: 0 | POS | INT | 4 | 13 | 11 | (x+(6-12))=5 | x 6 12 - + 5 = | x:rose 6:rose 12:rose -:rose +:rose 5:rose =:rose
EXPR: 0 | POS | INT | 4 | 13 | 11 | 5=((6-12)+x) | 5 6 12 - x + = | 5:rose 6:rose 12:rose -:rose x:rose +:rose =:rose
EXPR: 0 | POS | INT | 4 | 13 | 23 | 6=((x-12)-5) | 6 x 12 - 5 - = | 6:rose x:rose 12:rose -:rose 5:rose -:rose =:rose
EXPR: 1 | POS | INT | 4 | 13 | 13 | (6-(x-12))=5 | 6 x 12 - - 5 = | 6:rose x:rose 12:rose -:rose -:rose 5:rose =:rose
EXPR: 0 | POS | INT | 4 | 13 | 11 | 5=(6+(x-12)) | 5 6 x 12 - + = | 5:rose 6:rose x:rose 12:rose -:rose +:rose =:rose
EXPR: 1 | POS | INT | 4 | 13 | 13 | 5=(6-(x-12)) | 5 6 x 12 - - = | 5:rose 6:rose x:rose 12:rose -:rose -:rose =:rose
EXPR: 1 | POS | INT | 4 | 13 | 13 | 6=((x-12)+5) | 6 x 12 - 5 + = | 6:rose x:rose 12:rose -:rose 5:rose +:rose =:rose
EXPR: 0 | POS | INT | 4 | 13 | 23 | 5=((x-6)-12) | 5 x 6 - 12 - = | 5:rose x:rose 6:rose -:rose 12:rose -:rose =:rose
EXPR: 1 | POS | INT | 4 | 13 | 13 | (x+(5-6))=12 | x 5 6 - + 12 = | x:rose 5:rose 6:rose -:rose +:rose 12:rose =:rose
EXPR: 1 | POS | INT | 4 | 13 | 13 | ((x+5)-6)=12 | x 5 + 6 - 12 = | x:rose 5:rose +:rose 6:rose -:rose 12:rose =:rose
EXPR: 0 | POS | INT | 4 | 13 | 11 | (x-(5-6))=12 | x 5 6 - - 12 = | x:rose 5:rose 6:rose -:rose -:rose 12:rose =:rose
EXPR: 1 | POS | INT | 4 | 13 | 13 | ((5-6)+x)=12 | 5 6 - x + 12 = | 5:rose 6:rose -:rose x:rose +:rose 12:rose =:rose
EXPR: 0 | POS | INT | 4 | 13 | 11 | 5=((x+6)-12) | 5 x 6 + 12 - = | 5:rose x:rose 6:rose +:rose 12:rose -:rose =:rose
EXPR: 1 | POS | INT | 4 | 13 | 13 | 5=(6+(12-x)) | 5 6 12 x - + = | 5:rose 6:rose 12:rose x:rose -:rose +:rose =:rose
EXPR: 0 | POS | INT | 4 | 13 | 11 | 6=(12-(x-5)) | 6 12 x 5 - - = | 6:rose 12:rose x:rose 5:rose -:rose -:rose =:rose
EXPR: 0 | POS | INT | 4 | 13 | 11 | 5=((6+x)-12) | 5 6 x + 12 - = | 5:rose 6:rose x:rose +:rose 12:rose -:rose =:rose
EXPR: 1 | POS | INT | 4 | 13 | 13 | (5+(x-6))=12 | 5 x 6 - + 12 = | 5:rose x:rose 6:rose -:rose +:rose 12:rose =:rose
EXPR: 0 | POS | INT | 4 | 13 | 1 | (5+(6+x))=12 | 5 6 x + + 12 = | 5:rose 6:rose x:rose +:rose +:rose 12:rose =:rose
EXPR: 0 | POS | INT | 4 | 13 | 11 | ((6-12)+x)=5 | 6 12 - x + 5 = | 6:rose 12:rose -:rose x:rose +:rose 5:rose =:rose
EXPR: 0 | POS | INT | 4 | 13 | 11 | ((x-5)+6)=12 | x 5 - 6 + 12 = | x:rose 5:rose -:rose 6:rose +:rose 12:rose =:rose
EXPR: 1 | POS | INT | 4 | 13 | 13 | (5-(6-x))=12 | 5 6 x - - 12 = | 5:rose 6:rose x:rose -:rose -:rose 12:rose =:rose
EXPR: 0 | POS | INT | 4 | 13 | 1 | (5+(x+6))=12 | 5 x 6 + + 12 = | 5:rose x:rose 6:rose +:rose +:rose 12:rose =:rose
EXPR: 0 | POS | INT | 4 | 13 | 11 | 6=(12+(5-x)) | 6 12 5 x - + = | 6:rose 12:rose 5:rose x:rose -:rose +:rose =:rose
EXPR: 0 | POS | INT | 4 | 13 | 1 | 6=(12-(5+x)) | 6 12 5 x + - = | 6:rose 12:rose 5:rose x:rose +:rose -:rose =:rose
EXPR: 0 | POS | INT | 4 | 13 | 11 | 6=((12-x)+5) | 6 12 x - 5 + = | 6:rose 12:rose x:rose -:rose 5:rose +:rose =:rose
EXPR: 1 | POS | INT | 4 | 13 | 13 | (6+(12-x))=5 | 6 12 x - + 5 = | 6:rose 12:rose x:rose -:rose +:rose 5:rose =:rose
EXPR: 0 | POS | INT | 4 | 13 | 23 | ((x-5)-6)=12 | x 5 - 6 - 12 = | x:rose 5:rose -:rose 6:rose -:rose 12:rose =:rose
EXPR: 0 | POS | INT | 4 | 13 | 1 | 6=((12-5)-x) | 6 12 5 - x - = | 6:rose 12:rose 5:rose -:rose x:rose -:rose =:rose
EXPR: 0 | POS | INT | 4 | 13 | 23 | ((x-6)-12)=5 | x 6 - 12 - 5 = | x:rose 6:rose -:rose 12:rose -:rose 5:rose =:rose
EXPR: 0 | POS | INT | 4 | 13 | 11 | (6+(x-12))=5 | 6 x 12 - + 5 = | 6:rose x:rose 12:rose -:rose +:rose 5:rose =:rose
EXPR: 0 | POS | INT | 4 | 13 | 1 | 6=((12-x)-5) | 6 12 x - 5 - = | 6:rose 12:rose x:rose -:rose 5:rose -:rose =:rose
EXPR: 1 | POS | INT | 4 | 13 | 13 | 6=(x-(12-5)) | 6 x 12 5 - - = | 6:rose x:rose 12:rose 5:rose -:rose -:rose =:rose
EXPR: 0 | POS | INT | 4 | 13 | 11 | (6-(12-x))=5 | 6 12 x - - 5 = | 6:rose 12:rose x:rose -:rose -:rose 5:rose =:rose
EXPR: 1 | POS | INT | 4 | 13 | 13 | ((5+x)-6)=12 | 5 x + 6 - 12 = | 5:rose x:rose +:rose 6:rose -:rose 12:rose =:rose
EXPR: 1 | POS | INT | 4 | 13 | 13 | ((6+12)-x)=5 | 6 12 + x - 5 = | 6:rose 12:rose +:rose x:rose -:rose 5:rose =:rose
EXPR: 0 | POS | INT | 4 | 13 | 23 | 5=(x-(6+12)) | 5 x 6 12 + - = | 5:rose x:rose 6:rose 12:rose +:rose -:rose =:rose
EXPR: 0 | POS | INT | 4 | 13 | 11 | 5=(x+(6-12)) | 5 x 6 12 - + = | 5:rose x:rose 6:rose 12:rose -:rose +:rose =:rose
EXPR: 0 | POS | INT | 4 | 13 | 11 | ((6+x)-12)=5 | 6 x + 12 - 5 = | 6:rose x:rose +:rose 12:rose -:rose 5:rose =:rose
EXPR: 0 | POS | INT | 4 | 13 | 1 | ((5+x)+6)=12 | 5 x + 6 + 12 = | 5:rose x:rose +:rose 6:rose +:rose 12:rose =:rose
EXPR: 1 | POS | INT | 4 | 13 | 13 | ((6-x)+12)=5 | 6 x - 12 + 5 = | 6:rose x:rose -:rose 12:rose +:rose 5:rose =:rose
EXPR: 0 | POS | INT | 4 | 13 | 1 | ((x+5)+6)=12 | x 5 + 6 + 12 = | x:rose 5:rose +:rose 6:rose +:rose 12:rose =:rose
EXPR: 0 | POS | INT | 5 | 13 | 11 | x=(12-(6-5)) | x 12 6 5 - - = | x:rose 12:rose 6:rose 5:rose -:rose -:rose =:rose
EXPR: 0 | POS | INT | 5 | 13 | 11 | x=(5+(12-6)) | x 5 12 6 - + = | x:rose 5:rose 12:rose 6:rose -:rose +:rose =:rose
EXPR: 0 | POS | INT | 5 | 13 | 1 | x=(12-(6+5)) | x 12 6 5 + - = | x:rose 12:rose 6:rose 5:rose +:rose -:rose =:rose
EXPR: 0 | POS | INT | 5 | 13 | 1 | (12-(6+5))=x | 12 6 5 + - x = | 12:rose 6:rose 5:rose +:rose -:rose x:rose =:rose
EXPR: 0 | POS | INT | 5 | 13 | 1 | ((12-6)-5)=x | 12 6 - 5 - x = | 12:rose 6:rose -:rose 5:rose -:rose x:rose =:rose
EXPR: 0 | POS | INT | 5 | 13 | 23 | x=(12+(6+5)) | x 12 6 5 + + = | x:rose 12:rose 6:rose 5:rose +:rose +:rose =:rose
EXPR: 0 | POS | INT | 5 | 13 | 23 | ((5+12)+6)=x | 5 12 + 6 + x = | 5:rose 12:rose +:rose 6:rose +:rose x:rose =:rose
EXPR: 0 | POS | INT | 5 | 13 | 11 | ((12-6)+5)=x | 12 6 - 5 + x = | 12:rose 6:rose -:rose 5:rose +:rose x:rose =:rose
EXPR: 0 | POS | INT | 5 | 13 | 11 | ((5+12)-6)=x | 5 12 + 6 - x = | 5:rose 12:rose +:rose 6:rose -:rose x:rose =:rose
EXPR: 0 | POS | INT | 5 | 13 | 11 | (5+(12-6))=x | 5 12 6 - + x = | 5:rose 12:rose 6:rose -:rose +:rose x:rose =:rose
EXPR: 1 | POS | INT | 5 | 13 | 13 | (12+(6-5))=x | 12 6 5 - + x = | 12:rose 6:rose 5:rose -:rose +:rose x:rose =:rose
EXPR: 0 | POS | INT | 5 | 13 | 11 | (12-(6-5))=x | 12 6 5 - - x = | 12:rose 6:rose 5:rose -:rose -:rose x:rose =:rose
EXPR: 0 | POS | INT | 5 | 13 | 23 | (12+(6+5))=x | 12 6 5 + + x = | 12:rose 6:rose 5:rose +:rose +:rose x:rose =:rose
EXPR: 1 | POS | INT | 5 | 13 | 13 | x=(12+(6-5)) | x 12 6 5 - + = | x:rose 12:rose 6:rose 5:rose -:rose +:rose =:rose
EXPR: 0 | POS | INT | 5 | 13 | 11 | x=((5+12)-6) | x 5 12 + 6 - = | x:rose 5:rose 12:rose +:rose 6:rose -:rose =:rose
EXPR: 0 | POS | INT | 5 | 13 | 23 | x=((5+12)+6) | x 5 12 + 6 + = | x:rose 5:rose 12:rose +:rose 6:rose +:rose =:rose
EXPR: 0 | POS | INT | 5 | 13 | 1 | x=((12-6)-5) | x 12 6 - 5 - = | x:rose 12:rose 6:rose -:rose 5:rose -:rose =:rose
EXPR: 0 | POS | INT | 5 | 13 | 11 | x=((12-6)+5) | x 12 6 - 5 + = | x:rose 12:rose 6:rose -:rose 5:rose +:rose =:rose
EXPR: 1 | POS | INT | 7 | 13 | 13 | ((x+5)-12)=6 | x 5 + 12 - 6 = | x:rose 5:rose +:rose 12:rose -:rose 6:rose =:rose
EXPR: 0 | POS | INT | 7 | 13 | 11 | 12=(6+(x-5)) | 12 6 x 5 - + = | 12:rose 6:rose x:rose 5:rose -:rose +:rose =:rose
EXPR: 0 | POS | INT | 7 | 13 | 11 | (5-(x-12))=6 | 5 x 12 - - 6 = | 5:rose x:rose 12:rose -:rose -:rose 6:rose =:rose
EXPR: 0 | POS | INT | 7 | 13 | 11 | (12+(5-6))=x | 12 5 6 - + x = | 12:rose 5:rose 6:rose -:rose +:rose x:rose =:rose
EXPR: 0 | POS | INT | 7 | 13 | 1 | ((12-5)-6)=x | 12 5 - 6 - x = | 12:rose 5:rose -:rose 6:rose -:rose x:rose =:rose
EXPR: 0 | POS | INT | 7 | 13 | 1 | 5=(12-(x+6)) | 5 12 x 6 + - = | 5:rose 12:rose x:rose 6:rose +:rose -:rose =:rose
EXPR: 1 | POS | INT | 7 | 13 | 13 | ((12-5)+6)=x | 12 5 - 6 + x = | 12:rose 5:rose -:rose 6:rose +:rose x:rose =:rose
EXPR: 1 | POS | INT | 7 | 13 | 13 | ((5-12)+x)=6 | 5 12 - x + 6 = | 5:rose 12:rose -:rose x:rose +:rose 6:rose =:rose
EXPR: 0 | POS | INT | 7 | 13 | 11 | 12=(6-(5-x)) | 12 6 5 x - - = | 12:rose 6:rose 5:rose x:rose -:rose -:rose =:rose
EXPR: 0 | POS | INT | 7 | 13 | 1 | ((12-6)-x)=5 | 12 6 - x - 5 = | 12:rose 6:rose -:rose x:rose -:rose 5:rose =:rose
EXPR: 0 | POS | INT | 7 | 13 | 1 | 12=(6+(x+5)) | 12 6 x 5 + + = | 12:rose 6:rose x:rose 5:rose +:rose +:rose =:rose
EXPR: 1 | POS | INT | 7 | 13 | 13 | (x+(5-12))=6 | x 5 12 - + 6 = | x:rose 5:rose 12:rose -:rose +:rose 6:rose =:rose
EXPR: 0 | POS | INT | 7 | 13 | 11 | ((x-12)+6)=5 | x 12 - 6 + 5 = | x:rose 12:rose -:rose 6:rose +:rose 5:rose =:rose
EXPR: 0 | POS | INT | 7 | 13 | 23 | ((x-12)-6)=5 | x 12 - 6 - 5 = | x:rose 12:rose -:rose 6:rose -:rose 5:rose =:rose
EXPR: 0 | POS | INT | 7 | 13 | 11 | 12=((6+x)-5) | 12 6 x + 5 - = | 12:rose 6:rose x:rose +:rose 5:rose -:rose =:rose
EXPR: 0 | POS | INT | 7 | 13 | 1 | (12-(x+6))=5 | 12 x 6 + - 5 = | 12:rose x:rose 6:rose +:rose -:rose 5:rose =:rose
EXPR: 1 | POS | INT | 7 | 13 | 13 | (12-(5-6))=x | 12 5 6 - - x = | 12:rose 5:rose 6:rose -:rose -:rose x:rose =:rose
EXPR: 0 | POS | INT | 7 | 13 | 23 | 12=((x-6)-5) | 12 x 6 - 5 - = | 12:rose x:rose 6:rose -:rose 5:rose -:rose =:rose
EXPR: 1 | POS | INT | 7 | 13 | 13 | 5=((12-x)+6) | 5 12 x - 6 + = | 5:rose 12:rose x:rose -:rose 6:rose +:rose =:rose
EXPR: 0 | POS | INT | 7 | 13 | 11 | 12=((x+6)-5) | 12 x 6 + 5 - = | 12:rose x:rose 6:rose +:rose 5:rose -:rose =:rose
EXPR: 1 | POS | INT | 7 | 13 | 13 | x=(12-(5-6)) | x 12 5 6 - - = | x:rose 12:rose 5:rose 6:rose -:rose -:rose =:rose
EXPR: 1 | POS | INT | 7 | 13 | 13 | (5+(x-12))=6 | 5 x 12 - + 6 = | 5:rose x:rose 12:rose -:rose +:rose 6:rose =:rose
EXPR: 1 | POS | INT | 7 | 13 | 13 | (12+(6-x))=5 | 12 6 x - + 5 = | 12:rose 6:rose x:rose -:rose +:rose 5:rose =:rose
EXPR: 0 | POS | INT | 7 | 13 | 1 | 12=((6+x)+5) | 12 6 x + 5 + = | 12:rose 6:rose x:rose +:rose 5:rose +:rose =:rose
EXPR: 0 | POS | INT | 7 | 13 | 23 | 5=((x-12)-6) | 5 x 12 - 6 - = | 5:rose x:rose 12:rose -:rose 6:rose -:rose =:rose
EXPR: 1 | POS | INT | 7 | 13 | 13 | (12-(x-6))=5 | 12 x 6 - - 5 = | 12:rose x:rose 6:rose -:rose -:rose 5:rose =:rose
EXPR: 0 | POS | INT | 7 | 13 | 1 | 5=((12-x)-6) | 5 12 x - 6 - = | 5:rose 12:rose x:rose -:rose 6:rose -:rose =:rose
EXPR: 0 | POS | INT | 7 | 13 | 1 | 5=((12-6)-x) | 5 12 6 - x - = | 5:rose 12:rose 6:rose -:rose x:rose -:rose =:rose
EXPR: 0 | POS | INT | 7 | 13 | 11 | (5+(12-x))=6 | 5 12 x - + 6 = | 5:rose 12:rose x:rose -:rose +:rose 6:rose =:rose
EXPR: 1 | POS | INT | 7 | 13 | 13 | (5-(12-x))=6 | 5 12 x - - 6 = | 5:rose 12:rose x:rose -:rose -:rose 6:rose =:rose
EXPR: 0 | POS | INT | 7 | 13 | 11 | 5=((x-12)+6) | 5 x 12 - 6 + = | 5:rose x:rose 12:rose -:rose 6:rose +:rose =:rose
EXPR: 0 | POS | INT | 7 | 13 | 1 | 12=((6+5)+x) | 12 6 5 + x + = | 12:rose 6:rose 5:rose +:rose x:rose +:rose =:rose
EXPR: 0 | POS | INT | 7 | 13 | 1 | 12=((x+6)+5) | 12 x 6 + 5 + = | 12:rose x:rose 6:rose +:rose 5:rose +:rose =:rose
EXPR: 0 | POS | INT | 7 | 13 | 1 | 12=(6+(5+x)) | 12 6 5 x + + = | 12:rose 6:rose 5:rose x:rose +:rose +:rose =:rose
EXPR: 1 | POS | INT | 7 | 13 | 13 | 5=(12-(x-6)) | 5 12 x 6 - - = | 5:rose 12:rose x:rose 6:rose -:rose -:rose =:rose
EXPR: 0 | POS | INT | 7 | 13 | 23 | ((x-5)-12)=6 | x 5 - 12 - 6 = | x:rose 5:rose -:rose 12:rose -:rose 6:rose =:rose
EXPR: 1 | POS | INT | 7 | 13 | 13 | 12=((x-6)+5) | 12 x 6 - 5 + = | 12:rose x:rose 6:rose -:rose 5:rose +:rose =:rose
EXPR: 1 | POS | INT | 7 | 13 | 13 | 5=(12+(6-x)) | 5 12 6 x - + = | 5:rose 12:rose 6:rose x:rose -:rose +:rose =:rose
EXPR: 0 | POS | INT | 7 | 13 | 1 | 5=(12-(6+x)) | 5 12 6 x + - = | 5:rose 12:rose 6:rose x:rose +:rose -:rose =:rose
EXPR: 0 | POS | INT | 7 | 13 | 11 | x=(12+(5-6)) | x 12 5 6 - + = | x:rose 12:rose 5:rose 6:rose -:rose +:rose =:rose
EXPR: 0 | POS | INT | 7 | 13 | 11 | ((5-x)+12)=6 | 5 x - 12 + 6 = | 5:rose x:rose -:rose 12:rose +:rose 6:rose =:rose
EXPR: 0 | POS | INT | 7 | 13 | 11 | 12=((6-5)+x) | 12 6 5 - x + = | 12:rose 6:rose 5:rose -:rose x:rose +:rose =:rose
EXPR: 0 | POS | INT | 7 | 13 | 1 | x=((12-5)-6) | x 12 5 - 6 - = | x:rose 12:rose 5:rose -:rose 6:rose -:rose =:rose
EXPR: 1 | POS | INT | 7 | 13 | 13 | x=((12-5)+6) | x 12 5 - 6 + = | x:rose 12:rose 5:rose -:rose 6:rose +:rose =:rose
EXPR: 1 | POS | INT | 7 | 13 | 13 | 12=(x-(6-5)) | 12 x 6 5 - - = | 12:rose x:rose 6:rose 5:rose -:rose -:rose =:rose
EXPR: 0 | POS | INT | 7 | 13 | 11 | 5=(x-(12-6)) | 5 x 12 6 - - = | 5:rose x:rose 12:rose 6:rose -:rose -:rose =:rose
EXPR: 0 | POS | INT | 7 | 13 | 11 | ((5+12)-x)=6 | 5 12 + x - 6 = | 5:rose 12:rose +:rose x:rose -:rose 6:rose =:rose
EXPR: 0 | POS | INT | 7 | 13 | 11 | (x-(12-6))=5 | x 12 6 - - 5 = | x:rose 12:rose 6:rose -:rose -:rose 5:rose =:rose
EXPR: 0 | POS | INT | 7 | 13 | 1 | (12-(6+x))=5 | 12 6 x + - 5 = | 12:rose 6:rose x:rose +:rose -:rose 5:rose =:rose
EXPR: 0 | POS | INT | 7 | 13 | 23 | 12=(x-(6+5)) | 12 x 6 5 + - = | 12:rose x:rose 6:rose 5:rose +:rose -:rose =:rose
EXPR: 0 | POS | INT | 7 | 13 | 1 | 12=(x+(6+5)) | 12 x 6 5 + + = | 12:rose x:rose 6:rose 5:rose +:rose +:rose =:rose
EXPR: 0 | POS | INT | 7 | 13 | 11 | 12=(x+(6-5)) | 12 x 6 5 - + = | 12:rose x:rose 6:rose 5:rose -:rose +:rose =:rose
EXPR: 0 | POS | INT | 7 | 13 | 23 | (x-(5+12))=6 | x 5 12 + - 6 = | x:rose 5:rose 12:rose +:rose -:rose 6:rose =:rose
EXPR: 1 | POS | INT | 7 | 13 | 13 | ((5+x)-12)=6 | 5 x + 12 - 6 = | 5:rose x:rose +:rose 12:rose -:rose 6:rose =:rose
EXPR: 0 | POS | INT | 7 | 13 | 1 | ((12-x)-6)=5 | 12 x - 6 - 5 = | 12:rose x:rose -:rose 6:rose -:rose 5:rose =:rose
EXPR: 1 | POS | INT | 7 | 13 | 13 | ((12-x)+6)=5 | 12 x - 6 + 5 = | 12:rose x:rose -:rose 6:rose +:rose 5:rose =:rose
EXPR: 1 | POS | INT | 9 | 13 | 13 | 12=(5-(6-x)) | 12 5 6 x - - = | 12:rose 5:rose 6:rose x:rose -:rose -:rose =:rose
EXPR: 1 | POS | INT | 9 | 13 | 13 | 12=(5+(x-6)) | 12 5 x 6 - + = | 12:rose 5:rose x:rose 6:rose -:rose +:rose =:rose
EXPR: 0 | POS | INT | 9 | 13 | 23 | 12=((x-5)-6) | 12 x 5 - 6 - = | 12:rose x:rose 5:rose -:rose 6:rose -:rose =:rose
EXPR: 1 | POS | INT | 9 | 13 | 13 | (x-(12-5))=6 | x 12 5 - - 6 = | x:rose 12:rose 5:rose -:rose -:rose 6:rose =:rose
EXPR: 1 | POS | INT | 9 | 13 | 13 | 12=((x+5)-6) | 12 x 5 + 6 - = | 12:rose x:rose 5:rose +:rose 6:rose -:rose =:rose
EXPR: 0 | POS | INT | 9 | 13 | 23 | ((x-12)-5)=6 | x 12 - 5 - 6 = | x:rose 12:rose -:rose 5:rose -:rose 6:rose =:rose
EXPR: 0 | POS | INT | 9 | 13 | 1 | ((12-5)-x)=6 | 12 5 - x - 6 = | 12:rose 5:rose -:rose x:rose -:rose 6:rose =:rose
EXPR: 1 | POS | INT | 9 | 13 | 13 | 12=((5+x)-6) | 12 5 x + 6 - = | 12:rose 5:rose x:rose +:rose 6:rose -:rose =:rose
EXPR: 0 | POS | INT | 9 | 13 | 1 | 12=(5+(x+6)) | 12 5 x 6 + + = | 12:rose 5:rose x:rose 6:rose +:rose +:rose =:rose
EXPR: 0 | POS | INT | 9 | 13 | 1 | 12=((5+x)+6) | 12 5 x + 6 + = | 12:rose 5:rose x:rose +:rose 6:rose +:rose =:rose
EXPR: 0 | POS | INT | 9 | 13 | 1 | 12=((x+5)+6) | 12 x 5 + 6 + = | 12:rose x:rose 5:rose +:rose 6:rose +:rose =:rose
EXPR: 0 | POS | INT | 9 | 13 | 1 | 12=(5+(6+x)) | 12 5 6 x + + = | 12:rose 5:rose 6:rose x:rose +:rose +:rose =:rose
EXPR: 0 | POS | INT | 9 | 13 | 1 | (12-(x+5))=6 | 12 x 5 + - 6 = | 12:rose x:rose 5:rose +:rose -:rose 6:rose =:rose
EXPR: 0 | POS | INT | 9 | 13 | 11 | 12=((x-5)+6) | 12 x 5 - 6 + = | 12:rose x:rose 5:rose -:rose 6:rose +:rose =:rose
EXPR: 0 | POS | INT | 9 | 13 | 11 | (12-(x-5))=6 | 12 x 5 - - 6 = | 12:rose x:rose 5:rose -:rose -:rose 6:rose =:rose
EXPR: 1 | POS | INT | 9 | 13 | 13 | ((x-12)+5)=6 | x 12 - 5 + 6 = | x:rose 12:rose -:rose 5:rose +:rose 6:rose =:rose
EXPR: 1 | POS | INT | 9 | 13 | 13 | 12=((5-6)+x) | 12 5 6 - x + = | 12:rose 5:rose 6:rose -:rose x:rose +:rose =:rose
EXPR: 0 | POS | INT | 9 | 13 | 11 | (12+(5-x))=6 | 12 5 x - + 6 = | 12:rose 5:rose x:rose -:rose +:rose 6:rose =:rose
EXPR: 0 | POS | INT | 9 | 13 | 1 | (12-(5+x))=6 | 12 5 x + - 6 = | 12:rose 5:rose x:rose +:rose -:rose 6:rose =:rose
EXPR: 0 | POS | INT | 9 | 13 | 11 | ((12-x)+5)=6 | 12 x - 5 + 6 = | 12:rose x:rose -:rose 5:rose +:rose 6:rose =:rose
EXPR: 0 | POS | INT | 9 | 13 | 11 | 12=(x-(5-6)) | 12 x 5 6 - - = | 12:rose x:rose 5:rose 6:rose -:rose -:rose =:rose
EXPR: 1 | POS | INT | 9 | 13 | 13 | 12=(x+(5-6)) | 12 x 5 6 - + = | 12:rose x:rose 5:rose 6:rose -:rose +:rose =:rose
EXPR: 0 | POS | INT | 9 | 13 | 1 | ((12-x)-5)=6 | 12 x - 5 - 6 = | 12:rose x:rose -:rose 5:rose -:rose 6:rose =:rose
EXPR: 1 | POS | INT | 12 | 13 | 13 | (6-x)=(5-12) | 6 x - 5 12 - = | 6:rose x:rose -:rose 5:rose 12:rose -:rose =:rose
EXPR: 0 | POS | INT | 12 | 13 | 11 | (6-5)=(12-x) | 6 5 - 12 x - = | 6:rose 5:rose -:rose 12:rose x:rose -:rose =:rose
EXPR: 1 | POS | INT | 12 | 13 | 13 | (6-5)=(x-12) | 6 5 - x 12 - = | 6:rose 5:rose -:rose x:rose 12:rose -:rose =:rose
EXPR: 0 | POS | INT | 12 | 13 | 23 | (x-6)=(5+12) | x 6 - 5 12 + = | x:rose 6:rose -:rose 5:rose 12:rose +:rose =:rose
EXPR: 0 | POS | INT | 12 | 13 | 1 | (6+5)=(12-x) | 6 5 + 12 x - = | 6:rose 5:rose +:rose 12:rose x:rose -:rose =:rose
EXPR: 0 | POS | INT | 12 | 13 | 23 | (6+5)=(x-12) | 6 5 + x 12 - = | 6:rose 5:rose +:rose x:rose 12:rose -:rose =:rose
EXPR: 0 | POS | INT | 12 | 13 | 11 | (6+x)=(5+12) | 6 x + 5 12 + = | 6:rose x:rose +:rose 5:rose 12:rose +:rose =:rose
EXPR: 0 | POS | INT | 12 | 13 | 11 | (x+6)=(5+12) | x 6 + 5 12 + = | x:rose 6:rose +:rose 5:rose 12:rose +:rose =:rose
EXPR: 0 | POS | INT | 14 | 13 | 23 | (6+12)=(x-5) | 6 12 + x 5 - = | 6:rose 12:rose +:rose x:rose 5:rose -:rose =:rose
EXPR: 0 | POS | INT | 14 | 13 | 11 | (5-6)=(x-12) | 5 6 - x 12 - = | 5:rose 6:rose -:rose x:rose 12:rose -:rose =:rose
EXPR: 1 | POS | INT | 14 | 13 | 13 | (x-6)=(12-5) | x 6 - 12 5 - = | x:rose 6:rose -:rose 12:rose 5:rose -:rose =:rose
EXPR: 1 | POS | INT | 14 | 13 | 13 | (6+12)=(5+x) | 6 12 + 5 x + = | 6:rose 12:rose +:rose 5:rose x:rose +:rose =:rose
EXPR: 0 | POS | INT | 14 | 13 | 1 | (x+6)=(12-5) | x 6 + 12 5 - = | x:rose 6:rose +:rose 12:rose 5:rose -:rose =:rose
EXPR: 0 | POS | INT | 14 | 13 | 11 | (5-x)=(6-12) | 5 x - 6 12 - = | 5:rose x:rose -:rose 6:rose 12:rose -:rose =:rose
EXPR: 1 | POS | INT | 14 | 13 | 13 | (6+12)=(x+5) | 6 12 + x 5 + = | 6:rose 12:rose +:rose x:rose 5:rose +:rose =:rose
EXPR: 0 | POS | INT | 14 | 13 | 1 | (6+x)=(12-5) | 6 x + 12 5 - = | 6:rose x:rose +:rose 12:rose 5:rose -:rose =:rose
EXPR: 1 | POS | INT | 14 | 13 | 13 | (5-6)=(12-x) | 5 6 - 12 x - = | 5:rose 6:rose -:rose 12:rose x:rose -:rose =:rose
EXPR: 0 | POS | INT | 14 | 13 | 11 | (6-12)=(5-x) | 6 12 - 5 x - = | 6:rose 12:rose -:rose 5:rose x:rose -:rose =:rose
EXPR: 1 | POS | INT | 14 | 13 | 13 | (5+x)=(6+12) | 5 x + 6 12 + = | 5:rose x:rose +:rose 6:rose 12:rose +:rose =:rose
EXPR: 0 | POS | INT | 14 | 13 | 23 | (x-5)=(6+12) | x 5 - 6 12 + = | x:rose 5:rose -:rose 6:rose 12:rose +:rose =:rose
EXPR: 1 | POS | INT | 14 | 13 | 13 | (x+5)=(6+12) | x 5 + 6 12 + = | x:rose 5:rose +:rose 6:rose 12:rose +:rose =:rose
EXPR: 0 | POS | INT | 17 | 13 | 1 | (5+x)=(12-6) | 5 x + 12 6 - = | 5:rose x:rose +:rose 12:rose 6:rose -:rose =:rose
EXPR: 0 | POS | INT | 17 | 13 | 1 | (12-x)=(6+5) | 12 x - 6 5 + = | 12:rose x:rose -:rose 6:rose 5:rose +:rose =:rose
EXPR: 0 | POS | INT | 17 | 13 | 23 | (x-12)=(6+5) | x 12 - 6 5 + = | x:rose 12:rose -:rose 6:rose 5:rose +:rose =:rose
EXPR: 0 | POS | INT | 17 | 13 | 11 | (5+12)=(6+x) | 5 12 + 6 x + = | 5:rose 12:rose +:rose 6:rose x:rose +:rose =:rose
EXPR: 0 | POS | INT | 17 | 13 | 1 | (12-6)=(x+5) | 12 6 - x 5 + = | 12:rose 6:rose -:rose x:rose 5:rose +:rose =:rose
EXPR: 0 | POS | INT | 17 | 13 | 11 | (12-6)=(x-5) | 12 6 - x 5 - = | 12:rose 6:rose -:rose x:rose 5:rose -:rose =:rose
EXPR: 0 | POS | INT | 17 | 13 | 11 | (12-x)=(6-5) | 12 x - 6 5 - = | 12:rose x:rose -:rose 6:rose 5:rose -:rose =:rose
EXPR: 0 | POS | INT | 17 | 13 | 1 | (12-6)=(5+x) | 12 6 - 5 x + = | 12:rose 6:rose -:rose 5:rose x:rose +:rose =:rose
EXPR: 0 | POS | INT | 17 | 13 | 11 | (x-5)=(12-6) | x 5 - 12 6 - = | x:rose 5:rose -:rose 12:rose 6:rose -:rose =:rose
EXPR: 1 | POS | INT | 17 | 13 | 13 | (x-12)=(6-5) | x 12 - 6 5 - = | x:rose 12:rose -:rose 6:rose 5:rose -:rose =:rose
EXPR: 0 | POS | INT | 17 | 13 | 23 | (5+12)=(x-6) | 5 12 + x 6 - = | 5:rose 12:rose +:rose x:rose 6:rose -:rose =:rose
EXPR: 1 | POS | INT | 17 | 13 | 13 | (5-12)=(6-x) | 5 12 - 6 x - = | 5:rose 12:rose -:rose 6:rose x:rose -:rose =:rose
EXPR: 0 | POS | INT | 17 | 13 | 1 | (x+5)=(12-6) | x 5 + 12 6 - = | x:rose 5:rose +:rose 12:rose 6:rose -:rose =:rose
EXPR: 0 | POS | INT | 17 | 13 | 11 | (5+12)=(x+6) | 5 12 + x 6 + = | 5:rose 12:rose +:rose x:rose 6:rose +:rose =:rose
EXPR: 0 | POS | INT | 19 | 13 | 11 | (x-12)=(5-6) | x 12 - 5 6 - = | x:rose 12:rose -:rose 5:rose 6:rose -:rose =:rose
EXPR: 1 | POS | INT | 19 | 13 | 13 | (12-x)=(5-6) | 12 x - 5 6 - = | 12:rose x:rose -:rose 5:rose 6:rose -:rose =:rose
EXPR: 0 | POS | INT | 19 | 13 | 1 | (12-5)=(x+6) | 12 5 - x 6 + = | 12:rose 5:rose -:rose x:rose 6:rose +:rose =:rose
EXPR: 1 | POS | INT | 19 | 13 | 13 | (12-5)=(x-6) | 12 5 - x 6 - = | 12:rose 5:rose -:rose x:rose 6:rose -:rose =:rose
EXPR: 0 | POS | INT | 19 | 13 | 1 | (12-5)=(6+x) | 12 5 - 6 x + = | 12:rose 5:rose -:rose 6:rose x:rose +:rose =:rose
NET 232 unique, non-negative, integer-valued solutions found out of 480 total solutions
