parameters: n=7 l=3 k=1 p=5 q=2 m=9
TOTAL 1000 solutions found
SOLN: CORRECT | POS/NEG | INT/FRA | OBJ-SCORE | TRUE-ANS | ANS | INFIX | POSTFIX | TYPED-POSTFIX
EXPR: 0 | POS | INT | 0 | 34 | 3200 | (50*(40+24))=x | 50 40 24 + * x = | 50:orange 40:one 24:one +:one *:one x:one =:one
EXPR: 0 | POS | INT | 0 | 34 | 800 | x=(50*(40-24)) | x 50 40 24 - * = | x:one 50:orange 40:one 24:one -:one *:one =:one
EXPR: 0 | POS | INT | 0 | 34 | 3200 | x=(50*(40+24)) | x 50 40 24 + * = | x:one 50:orange 40:one 24:one +:one *:one =:one
EXPR: 0 | POS | INT | 0 | 34 | 800 | (50*(40-24))=x | 50 40 24 - * x = | 50:orange 40:one 24:one -:one *:one x:one =:one
EXPR: 0 | POS | INT | 0 | 34 | 2024 | x=((50*40)+24) | x 50 40 * 24 + = | x:one 50:orange 40:one *:one 24:one +:one =:one
EXPR: 0 | POS | INT | 0 | 34 | 1976 | x=((50*40)-24) | x 50 40 * 24 - = | x:one 50:orange 40:one *:one 24:one -:one =:one
EXPR: 0 | POS | INT | 0 | 34 | 2024 | ((50*40)+24)=x | 50 40 * 24 + x = | 50:orange 40:one *:one 24:one +:one x:one =:one
EXPR: 0 | POS | INT | 0 | 34 | 1976 | ((50*40)-24)=x | 50 40 * 24 - x = | 50:orange 40:one *:one 24:one -:one x:one =:one
EXPR: 0 | POS | INT | 2 | 34 | 1240 | x=((50*24)+40) | x 50 24 * 40 + = | x:one 50:orange 24:one *:one 40:one +:one =:one
EXPR: 0 | POS | INT | 2 | 34 | 1160 | x=((50*24)-40) | x 50 24 * 40 - = | x:one 50:orange 24:one *:one 40:one -:one =:one
EXPR: 0 | POS | INT | 2 | 34 | 1976 | ((50*40)-x)=24 | 50 40 * x - 24 = | 50:orange 40:one *:one x:one -:one 24:one =:one
EXPR: 0 | POS | INT | 2 | 34 | 1240 | x=(40+(50*24)) | x 40 50 24 * + = | x:one 40:one 50:orange 24:one *:one +:one =:one
EXPR: 0 | POS | INT | 2 | 34 | 3200 | ((x/50)-40)=24 | x 50 / 40 - 24 = | x:one 50:orange /:one 40:one -:one 24:one =:one
EXPR: 0 | POS | INT | 2 | 34 | 1240 | ((50*24)+40)=x | 50 24 * 40 + x = | 50:orange 24:one *:one 40:one +:one x:one =:one
EXPR: 0 | POS | INT | 2 | 34 | 1160 | ((50*24)-40)=x | 50 24 * 40 - x = | 50:orange 24:one *:one 40:one -:one x:one =:one
EXPR: 0 | POS | INT | 2 | 34 | 1240 | (40+(50*24))=x | 40 50 24 * + x = | 40:one 50:orange 24:one *:one +:one x:one =:one
EXPR: 0 | POS | INT | 2 | 34 | 2024 | (x-(50*40))=24 | x 50 40 * - 24 = | x:one 50:orange 40:one *:one -:one 24:one =:one
EXPR: 0 | POS | INT | 4 | 34 | 800 | (40-(x/50))=24 | 40 x 50 / - 24 = | 40:one x:one 50:orange /:one -:one 24:one =:one
EXPR: 0 | POS | INT | 4 | 34 | 1160 | ((50*24)-x)=40 | 50 24 * x - 40 = | 50:orange 24:one *:one x:one -:one 40:one =:one
EXPR: 0 | POS | INT | 4 | 34 | 800 | 40=((x/50)+24) | 40 x 50 / 24 + = | 40:one x:one 50:orange /:one 24:one +:one =:one
EXPR: 0 | POS | INT | 4 | 34 | 1160 | ((40+x)/50)=24 | 40 x + 50 / 24 = | 40:one x:one +:one 50:orange /:one 24:one =:one
EXPR: 0 | POS | INT | 4 | 34 | 1240 | ((x-40)/50)=24 | x 40 - 50 / 24 = | x:one 40:one -:one 50:orange /:one 24:one =:one
EXPR: 0 | POS | INT | 4 | 34 | 800 | ((x/50)+24)=40 | x 50 / 24 + 40 = | x:one 50:orange /:one 24:one +:one 40:one =:one
EXPR: 0 | POS | INT | 4 | 34 | 3200 | 40=((x/50)-24) | 40 x 50 / 24 - = | 40:one x:one 50:orange /:one 24:one -:one =:one
EXPR: 0 | POS | INT | 4 | 34 | 1160 | ((x+40)/50)=24 | x 40 + 50 / 24 = | x:one 40:one +:one 50:orange /:one 24:one =:one
EXPR: 0 | POS | INT | 4 | 34 | 1240 | (x-(50*24))=40 | x 50 24 * - 40 = | x:one 50:orange 24:one *:one -:one 40:one =:one
EXPR: 0 | POS | INT | 4 | 34 | 3200 | ((x/50)-24)=40 | x 50 / 24 - 40 = | x:one 50:orange /:one 24:one -:one 40:one =:one
EXPR: 0 | POS | INT | 4 | 34 | 1240 | 40=(x-(50*24)) | 40 x 50 24 * - = | 40:one x:one 50:orange 24:one *:one -:one =:one
EXPR: 0 | POS | INT | 4 | 34 | 1160 | 40=((50*24)-x) | 40 50 24 * x - = | 40:one 50:orange 24:one *:one x:one -:one =:one
EXPR: 0 | POS | INT | 5 | 34 | 800 | x=((40-24)*50) | x 40 24 - 50 * = | x:one 40:one 24:one -:one 50:orange *:one =:one
EXPR: 0 | POS | INT | 5 | 34 | 2024 | x=(24+(50*40)) | x 24 50 40 * + = | x:one 24:one 50:orange 40:one *:one +:one =:one
EXPR: 0 | POS | INT | 5 | 34 | 800 | ((40-24)*50)=x | 40 24 - 50 * x = | 40:one 24:one -:one 50:orange *:one x:one =:one
EXPR: 0 | POS | INT | 5 | 34 | 3200 | x=((40+24)*50) | x 40 24 + 50 * = | x:one 40:one 24:one +:one 50:orange *:one =:one
EXPR: 0 | POS | INT | 5 | 34 | 2024 | (24+(50*40))=x | 24 50 40 * + x = | 24:one 50:orange 40:one *:one +:one x:one =:one
EXPR: 0 | POS | INT | 5 | 34 | 3200 | ((40+24)*50)=x | 40 24 + 50 * x = | 40:one 24:one +:one 50:orange *:one x:one =:one
EXPR: 0 | POS | INT | 7 | 34 | 2024 | 24=(x-(50*40)) | 24 x 50 40 * - = | 24:one x:one 50:orange 40:one *:one -:one =:one
EXPR: 0 | POS | INT | 7 | 34 | 1976 | 40=((24+x)/50) | 40 24 x + 50 / = | 40:one 24:one x:one +:one 50:orange /:one =:one
EXPR: 0 | POS | INT | 7 | 34 | 2024 | ((x-24)/50)=40 | x 24 - 50 / 40 = | x:one 24:one -:one 50:orange /:one 40:one =:one
EXPR: 0 | POS | INT | 7 | 34 | 800 | 40=(24+(x/50)) | 40 24 x 50 / + = | 40:one 24:one x:one 50:orange /:one +:one =:one
EXPR: 0 | POS | INT | 7 | 34 | 1976 | ((24+x)/50)=40 | 24 x + 50 / 40 = | 24:one x:one +:one 50:orange /:one 40:one =:one
EXPR: 0 | POS | INT | 7 | 34 | 3200 | 24=((x/50)-40) | 24 x 50 / 40 - = | 24:one x:one 50:orange /:one 40:one -:one =:one
EXPR: 0 | POS | INT | 7 | 34 | 800 | (24+(x/50))=40 | 24 x 50 / + 40 = | 24:one x:one 50:orange /:one +:one 40:one =:one
EXPR: 0 | POS | INT | 7 | 34 | 2024 | 40=((x-24)/50) | 40 x 24 - 50 / = | 40:one x:one 24:one -:one 50:orange /:one =:one
EXPR: 0 | POS | INT | 7 | 34 | 1976 | ((x+24)/50)=40 | x 24 + 50 / 40 = | x:one 24:one +:one 50:orange /:one 40:one =:one
EXPR: 0 | POS | INT | 7 | 34 | 1976 | 40=((x+24)/50) | 40 x 24 + 50 / = | 40:one x:one 24:one +:one 50:orange /:one =:one
EXPR: 0 | POS | INT | 7 | 34 | 1976 | 24=((50*40)-x) | 24 50 40 * x - = | 24:one 50:orange 40:one *:one x:one -:one =:one
EXPR: 0 | POS | INT | 9 | 34 | 1160 | 24=((40+x)/50) | 24 40 x + 50 / = | 24:one 40:one x:one +:one 50:orange /:one =:one
EXPR: 0 | POS | INT | 9 | 34 | 1160 | 24=((x+40)/50) | 24 x 40 + 50 / = | 24:one x:one 40:one +:one 50:orange /:one =:one
EXPR: 0 | POS | INT | 9 | 34 | 800 | 24=(40-(x/50)) | 24 40 x 50 / - = | 24:one 40:one x:one 50:orange /:one -:one =:one
EXPR: 0 | POS | INT | 9 | 34 | 1240 | 24=((x-40)/50) | 24 x 40 - 50 / = | 24:one x:one 40:one -:one 50:orange /:one =:one
EXPR: 0 | POS | INT | 10 | 34 | 240 | x=((50-40)*24) | x 50 40 - 24 * = | x:one 50:orange 40:orange -:orange 24:one *:one =:one
EXPR: 0 | POS | INT | 10 | 34 | 114 | x=((50+40)+24) | x 50 40 + 24 + = | x:one 50:one 40:one +:one 24:one +:one =:one
EXPR: 0 | POS | INT | 10 | 34 | 240 | ((50-40)*24)=x | 50 40 - 24 * x = | 50:orange 40:orange -:orange 24:one *:one x:one =:one
EXPR: 0 | POS | INT | 10 | 34 | 66 | x=(50+(40-24)) | x 50 40 24 - + = | x:one 50:one 40:one 24:one -:one +:one =:one
EXPR: 0 | POS | INT | 10 | 34 | 114 | x=(50+(40+24)) | x 50 40 24 + + = | x:one 50:one 40:one 24:one +:one +:one =:one
EXPR: 1 | POS | INT | 10 | 34 | 34 | x=((50-40)+24) | x 50 40 - 24 + = | x:one 50:one 40:one -:one 24:one +:one =:one
EXPR: 0 | POS | INT | 10 | 34 | 2160 | ((50+40)*24)=x | 50 40 + 24 * x = | 50:orange 40:orange +:orange 24:one *:one x:one =:one
EXPR: 0 | POS | INT | 10 | 34 | 66 | x=((50+40)-24) | x 50 40 + 24 - = | x:one 50:one 40:one +:one 24:one -:one =:one
EXPR: 1 | POS | INT | 10 | 34 | 34 | ((50-40)+24)=x | 50 40 - 24 + x = | 50:one 40:one -:one 24:one +:one x:one =:one
EXPR: 0 | POS | INT | 10 | 34 | 114 | ((50+40)+24)=x | 50 40 + 24 + x = | 50:one 40:one +:one 24:one +:one x:one =:one
EXPR: 1 | POS | INT | 10 | 34 | 34 | (50-(40-24))=x | 50 40 24 - - x = | 50:one 40:one 24:one -:one -:one x:one =:one
EXPR: 0 | POS | INT | 10 | 34 | 66 | ((50+40)-24)=x | 50 40 + 24 - x = | 50:one 40:one +:one 24:one -:one x:one =:one
EXPR: 0 | POS | INT | 10 | 34 | 66 | (50+(40-24))=x | 50 40 24 - + x = | 50:one 40:one 24:one -:one +:one x:one =:one
EXPR: 0 | POS | INT | 10 | 34 | 114 | (50+(40+24))=x | 50 40 24 + + x = | 50:one 40:one 24:one +:one +:one x:one =:one
EXPR: 1 | POS | INT | 10 | 34 | 34 | x=(50-(40-24)) | x 50 40 24 - - = | x:one 50:one 40:one 24:one -:one -:one =:one
EXPR: 0 | POS | INT | 10 | 34 | 2160 | x=((50+40)*24) | x 50 40 + 24 * = | x:one 50:orange 40:orange +:orange 24:one *:one =:one
EXPR: 0 | POS | INT | 12 | 34 | 2160 | (x/(50+40))=24 | x 50 40 + / 24 = | x:one 50:orange 40:orange +:orange /:one 24:one =:one
EXPR: 0 | POS | INT | 12 | 34 | 114 | (x-(50+40))=24 | x 50 40 + - 24 = | x:one 50:one 40:one +:one -:one 24:one =:one
EXPR: 0 | POS | INT | 12 | 34 | 14 | ((40-50)+24)=x | 40 50 - 24 + x = | 40:one 50:one -:one 24:one +:one x:one =:one
EXPR: 0 | POS | INT | 12 | 34 | 66 | (50-(x-40))=24 | 50 x 40 - - 24 = | 50:one x:one 40:one -:one -:one 24:one =:one
EXPR: 1 | POS | INT | 12 | 34 | 34 | x=(50+(24-40)) | x 50 24 40 - + = | x:one 50:one 24:one 40:one -:one +:one =:one
EXPR: 1 | POS | INT | 12 | 34 | 34 | x=((50+24)-40) | x 50 24 + 40 - = | x:one 50:one 24:one +:one 40:one -:one =:one
EXPR: 0 | POS | INT | 12 | 34 | 2024 | (50*40)=(x-24) | 50 40 * x 24 - = | 50:orange 40:one *:one x:one 24:one -:one =:one
EXPR: 0 | POS | INT | 12 | 34 | 1976 | (50*40)=(x+24) | 50 40 * x 24 + = | 50:orange 40:one *:one x:one 24:one +:one =:one
EXPR: 0 | POS | INT | 12 | 34 | 14 | ((x+50)-40)=24 | x 50 + 40 - 24 = | x:one 50:one +:one 40:one -:one 24:one =:one
EXPR: 0 | POS | INT | 12 | 34 | 240 | (x/(50-40))=24 | x 50 40 - / 24 = | x:one 50:orange 40:orange -:orange /:one 24:one =:one
EXPR: 0 | POS | INT | 12 | 34 | 66 | x=((50-24)+40) | x 50 24 - 40 + = | x:one 50:one 24:one -:one 40:one +:one =:one
EXPR: 0 | POS | INT | 12 | 34 | 114 | x=((50+24)+40) | x 50 24 + 40 + = | x:one 50:one 24:one +:one 40:one +:one =:one
EXPR: 0 | POS | INT | 12 | 34 | 114 | (40+(50+24))=x | 40 50 24 + + x = | 40:one 50:one 24:one +:one +:one x:one =:one
EXPR: 0 | POS | INT | 12 | 34 | 14 | 50=((40-x)+24) | 50 40 x - 24 + = | 50:one 40:one x:one -:one 24:one +:one =:one
EXPR: 0 | POS | INT | 12 | 34 | 1976 | (50*40)=(24+x) | 50 40 * 24 x + = | 50:orange 40:one *:one 24:one x:one +:one =:one
EXPR: 0 | POS | INT | 12 | 34 | 14 | (50+(x-40))=24 | 50 x 40 - + 24 = | 50:one x:one 40:one -:one +:one 24:one =:one
EXPR: 1 | POS | INT | 12 | 34 | 34 | (50+(24-40))=x | 50 24 40 - + x = | 50:one 24:one 40:one -:one +:one x:one =:one
EXPR: 1 | POS | INT | 12 | 34 | 34 | 50=((40+x)-24) | 50 40 x + 24 - = | 50:one 40:one x:one +:one 24:one -:one =:one
EXPR: 1 | POS | INT | 12 | 34 | 34 | 50=((x+40)-24) | 50 x 40 + 24 - = | 50:one x:one 40:one +:one 24:one -:one =:one
EXPR: 0 | POS | INT | 12 | 34 | 2960 | (40*(50+24))=x | 40 50 24 + * x = | 40:one 50:orange 24:orange +:orange *:one x:one =:one
EXPR: 0 | POS | INT | 12 | 34 | 14 | x=(40-(50-24)) | x 40 50 24 - - = | x:one 40:one 50:one 24:one -:one -:one =:one
EXPR: 0 | POS | INT | 12 | 34 | 1040 | ((50-24)*40)=x | 50 24 - 40 * x = | 50:orange 24:orange -:orange 40:one *:one x:one =:one
EXPR: 0 | POS | INT | 12 | 34 | 14 | ((50+x)-40)=24 | 50 x + 40 - 24 = | 50:one x:one +:one 40:one -:one 24:one =:one
EXPR: 0 | POS | INT | 12 | 34 | 3200 | 50=(x/(40+24)) | 50 x 40 24 + / = | 50:orange x:orange 40:one 24:one +:one /:orange =:orange
EXPR: 0 | POS | INT | 12 | 34 | 2960 | ((50+24)*40)=x | 50 24 + 40 * x = | 50:orange 24:orange +:orange 40:one *:one x:one =:one
EXPR: 0 | POS | INT | 12 | 34 | 66 | x=(40+(50-24)) | x 40 50 24 - + = | x:one 40:one 50:one 24:one -:one +:one =:one
EXPR: 0 | POS | INT | 12 | 34 | 800 | 50=(x/(40-24)) | 50 x 40 24 - / = | 50:orange x:orange 40:one 24:one -:one /:orange =:orange
EXPR: 0 | POS | INT | 12 | 34 | 1040 | x=(40*(50-24)) | x 40 50 24 - * = | x:one 40:one 50:orange 24:orange -:orange *:one =:one
EXPR: 0 | POS | INT | 12 | 34 | 114 | 50=(x-(40+24)) | 50 x 40 24 + - = | 50:one x:one 40:one 24:one +:one -:one =:one
EXPR: 1 | POS | INT | 12 | 34 | 34 | 50=(x+(40-24)) | 50 x 40 24 - + = | 50:one x:one 40:one 24:one -:one +:one =:one
EXPR: 0 | POS | INT | 12 | 34 | 66 | ((50-x)+40)=24 | 50 x - 40 + 24 = | 50:one x:one -:one 40:one +:one 24:one =:one
EXPR: 0 | POS | INT | 12 | 34 | 66 | 50=(x-(40-24)) | 50 x 40 24 - - = | 50:one x:one 40:one 24:one -:one -:one =:one
EXPR: 0 | POS | INT | 12 | 34 | 14 | (40-(50-24))=x | 40 50 24 - - x = | 40:one 50:one 24:one -:one -:one x:one =:one
EXPR: 0 | POS | INT | 12 | 34 | 14 | ((50-40)+x)=24 | 50 40 - x + 24 = | 50:one 40:one -:one x:one +:one 24:one =:one
EXPR: 0 | POS | INT | 12 | 34 | 14 | (50-(40-x))=24 | 50 40 x - - 24 = | 50:one 40:one x:one -:one -:one 24:one =:one
EXPR: 0 | POS | INT | 12 | 34 | 66 | (50-(24-40))=x | 50 24 40 - - x = | 50:one 24:one 40:one -:one -:one x:one =:one
EXPR: 0 | POS | INT | 12 | 34 | 66 | (50+(40-x))=24 | 50 40 x - + 24 = | 50:one 40:one x:one -:one +:one 24:one =:one
EXPR: 0 | POS | INT | 12 | 34 | 66 | 50=((x-40)+24) | 50 x 40 - 24 + = | 50:one x:one 40:one -:one 24:one +:one =:one
EXPR: 0 | POS | INT | 12 | 34 | 114 | 50=((x-40)-24) | 50 x 40 - 24 - = | 50:one x:one 40:one -:one 24:one -:one =:one
EXPR: 0 | POS | INT | 12 | 34 | 66 | ((50+40)-x)=24 | 50 40 + x - 24 = | 50:one 40:one +:one x:one -:one 24:one =:one
EXPR: 0 | POS | INT | 12 | 34 | 2960 | x=(40*(50+24)) | x 40 50 24 + * = | x:one 40:one 50:orange 24:orange +:orange *:one =:one
EXPR: 0 | POS | INT | 12 | 34 | 66 | ((50-24)+40)=x | 50 24 - 40 + x = | 50:one 24:one -:one 40:one +:one x:one =:one
EXPR: 0 | POS | INT | 12 | 34 | 114 | x=(40+(50+24)) | x 40 50 24 + + = | x:one 40:one 50:one 24:one +:one +:one =:one
EXPR: 0 | POS | INT | 12 | 34 | 114 | ((50+24)+40)=x | 50 24 + 40 + x = | 50:one 24:one +:one 40:one +:one x:one =:one
EXPR: 0 | POS | INT | 12 | 34 | 66 | x=(50-(24-40)) | x 50 24 40 - - = | x:one 50:one 24:one 40:one -:one -:one =:one
EXPR: 0 | POS | INT | 12 | 34 | 14 | 50=((40+24)-x) | 50 40 24 + x - = | 50:one 40:one 24:one +:one x:one -:one =:one
EXPR: 1 | POS | INT | 12 | 34 | 34 | 50=(40+(x-24)) | 50 40 x 24 - + = | 50:one 40:one x:one 24:one -:one +:one =:one
EXPR: 0 | POS | INT | 12 | 34 | 66 | (40+(50-24))=x | 40 50 24 - + x = | 40:one 50:one 24:one -:one +:one x:one =:one
EXPR: 0 | POS | INT | 12 | 34 | 1040 | x=((50-24)*40) | x 50 24 - 40 * = | x:one 50:orange 24:orange -:orange 40:one *:one =:one
EXPR: 1 | POS | INT | 12 | 34 | 34 | 50=(40-(24-x)) | 50 40 24 x - - = | 50:one 40:one 24:one x:one -:one -:one =:one
EXPR: 0 | POS | INT | 12 | 34 | 14 | 50=(40+(24-x)) | 50 40 24 x - + = | 50:one 40:one 24:one x:one -:one +:one =:one
EXPR: 0 | POS | INT | 12 | 34 | 2960 | x=((50+24)*40) | x 50 24 + 40 * = | x:one 50:orange 24:orange +:orange 40:one *:one =:one
EXPR: 1 | POS | INT | 12 | 34 | 34 | ((x-50)+40)=24 | x 50 - 40 + 24 = | x:one 50:one -:one 40:one +:one 24:one =:one
EXPR: 0 | POS | INT | 12 | 34 | 114 | ((x-50)-40)=24 | x 50 - 40 - 24 = | x:one 50:one -:one 40:one -:one 24:one =:one
EXPR: 1 | POS | INT | 12 | 34 | 34 | ((50+24)-40)=x | 50 24 + 40 - x = | 50:one 24:one +:one 40:one -:one x:one =:one
EXPR: 0 | POS | INT | 12 | 34 | 14 | (x+(50-40))=24 | x 50 40 - + 24 = | x:one 50:one 40:one -:one +:one 24:one =:one
EXPR: 1 | POS | INT | 12 | 34 | 34 | 50=((40-24)+x) | 50 40 24 - x + = | 50:one 40:one 24:one -:one x:one +:one =:one
EXPR: 0 | POS | INT | 12 | 34 | 800 | (x/50)=(40-24) | x 50 / 40 24 - = | x:one 50:orange /:one 40:one 24:one -:one =:one
EXPR: 0 | POS | INT | 12 | 34 | 3200 | (x/50)=(40+24) | x 50 / 40 24 + = | x:one 50:orange /:one 40:one 24:one +:one =:one
EXPR: 1 | POS | INT | 12 | 34 | 34 | (x-(50-40))=24 | x 50 40 - - 24 = | x:one 50:one 40:one -:one -:one 24:one =:one
EXPR: 0 | POS | INT | 12 | 34 | 14 | x=((40-50)+24) | x 40 50 - 24 + = | x:one 40:one 50:one -:one 24:one +:one =:one
EXPR: 0 | POS | INT | 12 | 34 | 14 | 50=(40-(x-24)) | 50 40 x 24 - - = | 50:one 40:one x:one 24:one -:one -:one =:one
EXPR: 0 | POS | INT | 12 | 34 | 1040 | (40*(50-24))=x | 40 50 24 - * x = | 40:one 50:orange 24:orange -:orange *:one x:one =:one
EXPR: 1 | POS | INT | 14 | 34 | 34 | (50-(x-24))=40 | 50 x 24 - - 40 = | 50:one x:one 24:one -:one -:one 40:one =:one
EXPR: 0 | POS | INT | 14 | 34 | 114 | (x-(50+24))=40 | x 50 24 + - 40 = | x:one 50:one 24:one +:one -:one 40:one =:one
EXPR: 0 | POS | INT | 14 | 34 | 1240 | (x-40)=(50*24) | x 40 - 50 24 * = | x:one 40:one -:one 50:orange 24:one *:one =:one
EXPR: 0 | POS | INT | 14 | 34 | 66 | 50=((x+24)-40) | 50 x 24 + 40 - = | 50:one x:one 24:one +:one 40:one -:one =:one
EXPR: 0 | POS | INT | 14 | 34 | 1240 | (50*24)=(x-40) | 50 24 * x 40 - = | 50:orange 24:one *:one x:one 40:one -:one =:one
EXPR: 0 | POS | INT | 14 | 34 | 1160 | (50*24)=(x+40) | 50 24 * x 40 + = | 50:orange 24:one *:one x:one 40:one +:one =:one
EXPR: 0 | POS | INT | 14 | 34 | 1160 | (x+40)=(50*24) | x 40 + 50 24 * = | x:one 40:one +:one 50:orange 24:one *:one =:one
EXPR: 0 | POS | INT | 14 | 34 | 114 | ((x-50)-24)=40 | x 50 - 24 - 40 = | x:one 50:one -:one 24:one -:one 40:one =:one
EXPR: 0 | POS | INT | 14 | 34 | 114 | 40=(x-(50+24)) | 40 x 50 24 + - = | 40:one x:one 50:one 24:one +:one -:one =:one
EXPR: 0 | POS | INT | 14 | 34 | 1160 | (50*24)=(40+x) | 50 24 * 40 x + = | 50:orange 24:one *:one 40:one x:one +:one =:one
EXPR: 0 | POS | INT | 14 | 34 | 66 | ((40-x)+50)=24 | 40 x - 50 + 24 = | 40:one x:one -:one 50:one +:one 24:one =:one
EXPR: 0 | POS | INT | 14 | 34 | 14 | ((x+50)-24)=40 | x 50 + 24 - 40 = | x:one 50:one +:one 24:one -:one 40:one =:one
EXPR: 0 | POS | INT | 14 | 34 | 14 | 40=((x+50)-24) | 40 x 50 + 24 - = | 40:one x:one 50:one +:one 24:one -:one =:one
EXPR: 0 | POS | INT | 14 | 34 | 66 | ((x-50)+24)=40 | x 50 - 24 + 40 = | x:one 50:one -:one 24:one +:one 40:one =:one
EXPR: 0 | POS | INT | 14 | 34 | 14 | 40=(50+(x-24)) | 40 50 x 24 - + = | 40:one 50:one x:one 24:one -:one +:one =:one
EXPR: 0 | POS | INT | 14 | 34 | 1040 | 40=(x/(50-24)) | 40 x 50 24 - / = | 40:one x:one 50:orange 24:orange -:orange /:one =:one
EXPR: 0 | POS | INT | 14 | 34 | 1040 | (x/(50-24))=40 | x 50 24 - / 40 = | x:one 50:orange 24:orange -:orange /:one 40:one =:one
EXPR: 1 | POS | INT | 14 | 34 | 34 | 40=(50+(24-x)) | 40 50 24 x - + = | 40:one 50:one 24:one x:one -:one +:one =:one
EXPR: 1 | POS | INT | 14 | 34 | 34 | ((40+x)-50)=24 | 40 x + 50 - 24 = | 40:one x:one +:one 50:one -:one 24:one =:one
EXPR: 0 | POS | INT | 14 | 34 | 14 | 40=((50+x)-24) | 40 50 x + 24 - = | 40:one 50:one x:one +:one 24:one -:one =:one
EXPR: 1 | POS | INT | 14 | 34 | 34 | 40=(50-(x-24)) | 40 50 x 24 - - = | 40:one 50:one x:one 24:one -:one -:one =:one
EXPR: 0 | POS | INT | 14 | 34 | 66 | (x-(50-24))=40 | x 50 24 - - 40 = | x:one 50:one 24:one -:one -:one 40:one =:one
EXPR: 0 | POS | INT | 14 | 34 | 66 | (40-(x-50))=24 | 40 x 50 - - 24 = | 40:one x:one 50:one -:one -:one 24:one =:one
EXPR: 1 | POS | INT | 14 | 34 | 34 | 40=((50-x)+24) | 40 50 x - 24 + = | 40:one 50:one x:one -:one 24:one +:one =:one
EXPR: 0 | POS | INT | 14 | 34 | 2960 | 40=(x/(50+24)) | 40 x 50 24 + / = | 40:one x:one 50:orange 24:orange +:orange /:one =:one
EXPR: 0 | POS | INT | 14 | 34 | 14 | ((50-24)+x)=40 | 50 24 - x + 40 = | 50:one 24:one -:one x:one +:one 40:one =:one
EXPR: 0 | POS | INT | 14 | 34 | 114 | 40=((x-50)-24) | 40 x 50 - 24 - = | 40:one x:one 50:one -:one 24:one -:one =:one
EXPR: 0 | POS | INT | 14 | 34 | 66 | 50=((24+x)-40) | 50 24 x + 40 - = | 50:one 24:one x:one +:one 40:one -:one =:one
EXPR: 0 | POS | INT | 14 | 34 | 14 | 50=((24-x)+40) | 50 24 x - 40 + = | 50:one 24:one x:one -:one 40:one +:one =:one
EXPR: 0 | POS | INT | 14 | 34 | 66 | 50=(x+(24-40)) | 50 x 24 40 - + = | 50:one x:one 24:one 40:one -:one +:one =:one
EXPR: 0 | POS | INT | 14 | 34 | 14 | 40=(50-(24-x)) | 40 50 24 x - - = | 40:one 50:one 24:one x:one -:one -:one =:one
EXPR: 0 | POS | INT | 14 | 34 | 66 | 50=(24-(40-x)) | 50 24 40 x - - = | 50:one 24:one 40:one x:one -:one -:one =:one
EXPR: 1 | POS | INT | 14 | 34 | 34 | ((50-x)+24)=40 | 50 x - 24 + 40 = | 50:one x:one -:one 24:one +:one 40:one =:one
EXPR: 0 | POS | INT | 14 | 34 | 14 | 50=(24+(40-x)) | 50 24 40 x - + = | 50:one 24:one 40:one x:one -:one +:one =:one
EXPR: 1 | POS | INT | 14 | 34 | 34 | (40+(x-50))=24 | 40 x 50 - + 24 = | 40:one x:one 50:one -:one +:one 24:one =:one
EXPR: 0 | POS | INT | 14 | 34 | 2960 | (x/(50+24))=40 | x 50 24 + / 40 = | x:one 50:orange 24:orange +:orange /:one 40:one =:one
EXPR: 1 | POS | INT | 14 | 34 | 34 | 50=((x-24)+40) | 50 x 24 - 40 + = | 50:one x:one 24:one -:one 40:one +:one =:one
EXPR: 0 | POS | INT | 14 | 34 | 66 | 50=((24-40)+x) | 50 24 40 - x + = | 50:one 24:one 40:one -:one x:one +:one =:one
EXPR: 1 | POS | INT | 14 | 34 | 34 | 50=(x-(24-40)) | 50 x 24 40 - - = | 50:one x:one 24:one 40:one -:one -:one =:one
EXPR: 0 | POS | INT | 14 | 34 | 114 | 50=((x-24)-40) | 50 x 24 - 40 - = | 50:one x:one 24:one -:one 40:one -:one =:one
EXPR: 0 | POS | INT | 14 | 34 | 1160 | (40+x)=(50*24) | 40 x + 50 24 * = | 40:one x:one +:one 50:orange 24:one *:one =:one
EXPR: 0 | POS | INT | 14 | 34 | 14 | 50=(24-(x-40)) | 50 24 x 40 - - = | 50:one 24:one x:one 40:one -:one -:one =:one
EXPR: 0 | POS | INT | 14 | 34 | 66 | 40=((x-50)+24) | 40 x 50 - 24 + = | 40:one x:one 50:one -:one 24:one +:one =:one
EXPR: 0 | POS | INT | 14 | 34 | 66 | (40+(50-x))=24 | 40 50 x - + 24 = | 40:one 50:one x:one -:one +:one 24:one =:one
EXPR: 0 | POS | INT | 14 | 34 | 66 | 50=(24+(x-40)) | 50 24 x 40 - + = | 50:one 24:one x:one 40:one -:one +:one =:one
EXPR: 1 | POS | INT | 14 | 34 | 34 | 40=((50+24)-x) | 40 50 24 + x - = | 40:one 50:one 24:one +:one x:one -:one =:one
EXPR: 0 | POS | INT | 14 | 34 | 14 | 40=((50-24)+x) | 40 50 24 - x + = | 40:one 50:one 24:one -:one x:one +:one =:one
EXPR: 0 | POS | INT | 14 | 34 | 14 | 40=(x+(50-24)) | 40 x 50 24 - + = | 40:one x:one 50:one 24:one -:one +:one =:one
EXPR: 0 | POS | INT | 14 | 34 | 14 | ((x-40)+50)=24 | x 40 - 50 + 24 = | x:one 40:one -:one 50:one +:one 24:one =:one
EXPR: 0 | POS | INT | 14 | 34 | 14 | ((50+x)-24)=40 | 50 x + 24 - 40 = | 50:one x:one +:one 24:one -:one 40:one =:one
EXPR: 1 | POS | INT | 14 | 34 | 34 | (50+(24-x))=40 | 50 24 x - + 40 = | 50:one 24:one x:one -:one +:one 40:one =:one
EXPR: 0 | POS | INT | 14 | 34 | 66 | 40=(x-(50-24)) | 40 x 50 24 - - = | 40:one x:one 50:one 24:one -:one -:one =:one
EXPR: 0 | POS | INT | 14 | 34 | 114 | ((x-40)-50)=24 | x 40 - 50 - 24 = | x:one 40:one -:one 50:one -:one 24:one =:one
EXPR: 0 | POS | INT | 14 | 34 | 14 | (50-(24-x))=40 | 50 24 x - - 40 = | 50:one 24:one x:one -:one -:one 40:one =:one
EXPR: 0 | POS | INT | 14 | 34 | 14 | (x+(50-24))=40 | x 50 24 - + 40 = | x:one 50:one 24:one -:one +:one 40:one =:one
EXPR: 1 | POS | INT | 14 | 34 | 34 | (x+(40-50))=24 | x 40 50 - + 24 = | x:one 40:one 50:one -:one +:one 24:one =:one
EXPR: 1 | POS | INT | 14 | 34 | 34 | (40-(50-x))=24 | 40 50 x - - 24 = | 40:one 50:one x:one -:one -:one 24:one =:one
EXPR: 1 | POS | INT | 14 | 34 | 34 | ((50+24)-x)=40 | 50 24 + x - 40 = | 50:one 24:one +:one x:one -:one 40:one =:one
EXPR: 0 | POS | INT | 14 | 34 | 14 | (50+(x-24))=40 | 50 x 24 - + 40 = | 50:one x:one 24:one -:one +:one 40:one =:one
EXPR: 0 | POS | INT | 14 | 34 | 14 | (x-(40-50))=24 | x 40 50 - - 24 = | x:one 40:one 50:one -:one -:one 24:one =:one
EXPR: 1 | POS | INT | 14 | 34 | 34 | ((40-50)+x)=24 | 40 50 - x + 24 = | 40:one 50:one -:one x:one +:one 24:one =:one
EXPR: 1 | POS | INT | 14 | 34 | 34 | ((x+40)-50)=24 | x 40 + 50 - 24 = | x:one 40:one +:one 50:one -:one 24:one =:one
EXPR: 0 | POS | INT | 15 | 34 | 14 | ((24-50)+40)=x | 24 50 - 40 + x = | 24:one 50:one -:one 40:one +:one x:one =:one
EXPR: 0 | POS | INT | 15 | 34 | 14 | x=((40+24)-50) | x 40 24 + 50 - = | x:one 40:one 24:one +:one 50:one -:one =:one
EXPR: 0 | POS | INT | 15 | 34 | 14 | (40+(24-50))=x | 40 24 50 - + x = | 40:one 24:one 50:one -:one +:one x:one =:one
EXPR: 0 | POS | INT | 15 | 34 | 66 | (40-(24-50))=x | 40 24 50 - - x = | 40:one 24:one 50:one -:one -:one x:one =:one
EXPR: 0 | POS | INT | 15 | 34 | 14 | x=(24-(50-40)) | x 24 50 40 - - = | x:one 24:one 50:one 40:one -:one -:one =:one
EXPR: 1 | POS | INT | 15 | 34 | 34 | x=(24+(50-40)) | x 24 50 40 - + = | x:one 24:one 50:one 40:one -:one +:one =:one
EXPR: 0 | POS | INT | 15 | 34 | 114 | (24+(50+40))=x | 24 50 40 + + x = | 24:one 50:one 40:one +:one +:one x:one =:one
EXPR: 0 | POS | INT | 15 | 34 | 114 | x=((40+24)+50) | x 40 24 + 50 + = | x:one 40:one 24:one +:one 50:one +:one =:one
EXPR: 0 | POS | INT | 15 | 34 | 66 | x=(40-(24-50)) | x 40 24 50 - - = | x:one 40:one 24:one 50:one -:one -:one =:one
EXPR: 0 | POS | INT | 15 | 34 | 114 | x=(24+(50+40)) | x 24 50 40 + + = | x:one 24:one 50:one 40:one +:one +:one =:one
EXPR: 0 | POS | INT | 15 | 34 | 14 | x=(40+(24-50)) | x 40 24 50 - + = | x:one 40:one 24:one 50:one -:one +:one =:one
EXPR: 0 | POS | INT | 15 | 34 | 66 | ((40-24)+50)=x | 40 24 - 50 + x = | 40:one 24:one -:one 50:one +:one x:one =:one
EXPR: 0 | POS | INT | 15 | 34 | 2160 | (24*(50+40))=x | 24 50 40 + * x = | 24:one 50:orange 40:orange +:orange *:one x:one =:one
EXPR: 0 | POS | INT | 15 | 34 | 2160 | x=(24*(50+40)) | x 24 50 40 + * = | x:one 24:one 50:orange 40:orange +:orange *:one =:one
EXPR: 0 | POS | INT | 15 | 34 | 240 | x=(24*(50-40)) | x 24 50 40 - * = | x:one 24:one 50:orange 40:orange -:orange *:one =:one
EXPR: 0 | POS | INT | 15 | 34 | 66 | x=((40-24)+50) | x 40 24 - 50 + = | x:one 40:one 24:one -:one 50:one +:one =:one
EXPR: 1 | POS | INT | 15 | 34 | 34 | (24+(50-40))=x | 24 50 40 - + x = | 24:one 50:one 40:one -:one +:one x:one =:one
EXPR: 0 | POS | INT | 15 | 34 | 114 | ((40+24)+50)=x | 40 24 + 50 + x = | 40:one 24:one +:one 50:one +:one x:one =:one
EXPR: 0 | POS | INT | 15 | 34 | 14 | ((40+24)-50)=x | 40 24 + 50 - x = | 40:one 24:one +:one 50:one -:one x:one =:one
EXPR: 0 | POS | INT | 15 | 34 | 14 | x=((24-50)+40) | x 24 50 - 40 + = | x:one 24:one 50:one -:one 40:one +:one =:one
EXPR: 0 | POS | INT | 15 | 34 | 240 | (24*(50-40))=x | 24 50 40 - * x = | 24:one 50:orange 40:orange -:orange *:one x:one =:one
EXPR: 0 | POS | INT | 15 | 34 | 14 | (24-(50-40))=x | 24 50 40 - - x = | 24:one 50:one 40:one -:one -:one x:one =:one
EXPR: 1 | POS | INT | 17 | 34 | 34 | x=((24-40)+50) | x 24 40 - 50 + = | x:one 24:one 40:one -:one 50:one +:one =:one
EXPR: 0 | POS | INT | 17 | 34 | 14 | 24=(50+(x-40)) | 24 50 x 40 - + = | 24:one 50:one x:one 40:one -:one +:one =:one
EXPR: 0 | POS | INT | 17 | 34 | 66 | 40=((x+24)-50) | 40 x 24 + 50 - = | 40:one x:one 24:one +:one 50:one -:one =:one
EXPR: 0 | POS | INT | 17 | 34 | 3200 | (x/(40+24))=50 | x 40 24 + / 50 = | x:orange 40:one 24:one +:one /:orange 50:orange =:orange
EXPR: 0 | POS | INT | 17 | 34 | 66 | 24=((50-x)+40) | 24 50 x - 40 + = | 24:one 50:one x:one -:one 40:one +:one =:one
EXPR: 0 | POS | INT | 17 | 34 | 66 | 40=((24+x)-50) | 40 24 x + 50 - = | 40:one 24:one x:one +:one 50:one -:one =:one
EXPR: 0 | POS | INT | 17 | 34 | 114 | 24=((x-50)-40) | 24 x 50 - 40 - = | 24:one x:one 50:one -:one 40:one -:one =:one
EXPR: 1 | POS | INT | 17 | 34 | 34 | 24=((x-50)+40) | 24 x 50 - 40 + = | 24:one x:one 50:one -:one 40:one +:one =:one
EXPR: 0 | POS | INT | 17 | 34 | 14 | (x-(24-50))=40 | x 24 50 - - 40 = | x:one 24:one 50:one -:one -:one 40:one =:one
EXPR: 0 | POS | INT | 17 | 34 | 2024 | (x-24)=(50*40) | x 24 - 50 40 * = | x:one 24:one -:one 50:orange 40:one *:one =:one
EXPR: 0 | POS | INT | 17 | 34 | 14 | (40-(x-24))=50 | 40 x 24 - - 50 = | 40:one x:one 24:one -:one -:one 50:one =:one
EXPR: 0 | POS | INT | 17 | 34 | 66 | (24+(x-50))=40 | 24 x 50 - + 40 = | 24:one x:one 50:one -:one +:one 40:one =:one
EXPR: 0 | POS | INT | 17 | 34 | 1976 | (x+24)=(50*40) | x 24 + 50 40 * = | x:one 24:one +:one 50:orange 40:one *:one =:one
EXPR: 0 | POS | INT | 17 | 34 | 114 | (x-(40+24))=50 | x 40 24 + - 50 = | x:one 40:one 24:one +:one -:one 50:one =:one
EXPR: 0 | POS | INT | 17 | 34 | 66 | ((24-50)+x)=40 | 24 50 - x + 40 = | 24:one 50:one -:one x:one +:one 40:one =:one
EXPR: 1 | POS | INT | 17 | 34 | 34 | 40=(24-(x-50)) | 40 24 x 50 - - = | 40:one 24:one x:one 50:one -:one -:one =:one
EXPR: 1 | POS | INT | 17 | 34 | 34 | 40=((24-x)+50) | 40 24 x - 50 + = | 40:one 24:one x:one -:one 50:one +:one =:one
EXPR: 0 | POS | INT | 17 | 34 | 14 | 40=((x-24)+50) | 40 x 24 - 50 + = | 40:one x:one 24:one -:one 50:one +:one =:one
EXPR: 0 | POS | INT | 17 | 34 | 114 | 24=(x-(50+40)) | 24 x 50 40 + - = | 24:one x:one 50:one 40:one +:one -:one =:one
EXPR: 0 | POS | INT | 17 | 34 | 240 | 24=(x/(50-40)) | 24 x 50 40 - / = | 24:one x:one 50:orange 40:orange -:orange /:one =:one
EXPR: 0 | POS | INT | 17 | 34 | 2160 | 24=(x/(50+40)) | 24 x 50 40 + / = | 24:one x:one 50:orange 40:orange +:orange /:one =:one
EXPR: 1 | POS | INT | 17 | 34 | 34 | 24=(x-(50-40)) | 24 x 50 40 - - = | 24:one x:one 50:one 40:one -:one -:one =:one
EXPR: 0 | POS | INT | 17 | 34 | 66 | 40=(24+(x-50)) | 40 24 x 50 - + = | 40:one 24:one x:one 50:one -:one +:one =:one
EXPR: 0 | POS | INT | 17 | 34 | 114 | 40=((x-24)-50) | 40 x 24 - 50 - = | 40:one x:one 24:one -:one 50:one -:one =:one
EXPR: 0 | POS | INT | 17 | 34 | 14 | 24=(x+(50-40)) | 24 x 50 40 - + = | 24:one x:one 50:one 40:one -:one +:one =:one
EXPR: 0 | POS | INT | 17 | 34 | 66 | 40=(x+(24-50)) | 40 x 24 50 - + = | 40:one x:one 24:one 50:one -:one +:one =:one
EXPR: 1 | POS | INT | 17 | 34 | 34 | ((40-24)+x)=50 | 40 24 - x + 50 = | 40:one 24:one -:one x:one +:one 50:one =:one
EXPR: 0 | POS | INT | 17 | 34 | 800 | (40-24)=(x/50) | 40 24 - x 50 / = | 40:one 24:one -:one x:one 50:orange /:one =:one
EXPR: 0 | POS | INT | 17 | 34 | 14 | 40=(x-(24-50)) | 40 x 24 50 - - = | 40:one x:one 24:one 50:one -:one -:one =:one
EXPR: 0 | POS | INT | 17 | 34 | 66 | (x-(40-24))=50 | x 40 24 - - 50 = | x:one 40:one 24:one -:one -:one 50:one =:one
EXPR: 0 | POS | INT | 17 | 34 | 14 | ((40-x)+24)=50 | 40 x - 24 + 50 = | 40:one x:one -:one 24:one +:one 50:one =:one
EXPR: 0 | POS | INT | 17 | 34 | 66 | 24=(50-(x-40)) | 24 50 x 40 - - = | 24:one 50:one x:one 40:one -:one -:one =:one
EXPR: 0 | POS | INT | 17 | 34 | 66 | 24=(50+(40-x)) | 24 50 40 x - + = | 24:one 50:one 40:one x:one -:one +:one =:one
EXPR: 1 | POS | INT | 17 | 34 | 34 | 40=(24+(50-x)) | 40 24 50 x - + = | 40:one 24:one 50:one x:one -:one +:one =:one
EXPR: 0 | POS | INT | 17 | 34 | 66 | ((x-40)+24)=50 | x 40 - 24 + 50 = | x:one 40:one -:one 24:one +:one 50:one =:one
EXPR: 0 | POS | INT | 17 | 34 | 14 | 24=(50-(40-x)) | 24 50 40 x - - = | 24:one 50:one 40:one x:one -:one -:one =:one
EXPR: 1 | POS | INT | 17 | 34 | 34 | x=(24-(40-50)) | x 24 40 50 - - = | x:one 24:one 40:one 50:one -:one -:one =:one
EXPR: 0 | POS | INT | 17 | 34 | 14 | x=(24+(40-50)) | x 24 40 50 - + = | x:one 24:one 40:one 50:one -:one +:one =:one
EXPR: 1 | POS | INT | 17 | 34 | 34 | (x+(40-24))=50 | x 40 24 - + 50 = | x:one 40:one 24:one -:one +:one 50:one =:one
EXPR: 0 | POS | INT | 17 | 34 | 114 | ((x-40)-24)=50 | x 40 - 24 - 50 = | x:one 40:one -:one 24:one -:one 50:one =:one
EXPR: 0 | POS | INT | 17 | 34 | 14 | (40+(24-x))=50 | 40 24 x - + 50 = | 40:one 24:one x:one -:one +:one 50:one =:one
EXPR: 1 | POS | INT | 17 | 34 | 34 | ((24-x)+50)=40 | 24 x - 50 + 40 = | 24:one x:one -:one 50:one +:one 40:one =:one
EXPR: 0 | POS | INT | 17 | 34 | 66 | ((24+x)-50)=40 | 24 x + 50 - 40 = | 24:one x:one +:one 50:one -:one 40:one =:one
EXPR: 1 | POS | INT | 17 | 34 | 34 | ((24-40)+50)=x | 24 40 - 50 + x = | 24:one 40:one -:one 50:one +:one x:one =:one
EXPR: 0 | POS | INT | 17 | 34 | 14 | ((40+24)-x)=50 | 40 24 + x - 50 = | 40:one 24:one +:one x:one -:one 50:one =:one
EXPR: 0 | POS | INT | 17 | 34 | 14 | 24=((x+50)-40) | 24 x 50 + 40 - = | 24:one x:one 50:one +:one 40:one -:one =:one
EXPR: 0 | POS | INT | 17 | 34 | 1976 | (24+x)=(50*40) | 24 x + 50 40 * = | 24:one x:one +:one 50:orange 40:one *:one =:one
EXPR: 0 | POS | INT | 17 | 34 | 66 | 40=((24-50)+x) | 40 24 50 - x + = | 40:one 24:one 50:one -:one x:one +:one =:one
EXPR: 0 | POS | INT | 17 | 34 | 14 | 24=((50+x)-40) | 24 50 x + 40 - = | 24:one 50:one x:one +:one 40:one -:one =:one
EXPR: 0 | POS | INT | 17 | 34 | 14 | (24+(40-50))=x | 24 40 50 - + x = | 24:one 40:one 50:one -:one +:one x:one =:one
EXPR: 1 | POS | INT | 17 | 34 | 34 | ((x+40)-24)=50 | x 40 + 24 - 50 = | x:one 40:one +:one 24:one -:one 50:one =:one
EXPR: 0 | POS | INT | 17 | 34 | 14 | ((x-24)+50)=40 | x 24 - 50 + 40 = | x:one 24:one -:one 50:one +:one 40:one =:one
EXPR: 1 | POS | INT | 17 | 34 | 34 | (24+(50-x))=40 | 24 50 x - + 40 = | 24:one 50:one x:one -:one +:one 40:one =:one
EXPR: 0 | POS | INT | 17 | 34 | 14 | 24=((50-40)+x) | 24 50 40 - x + = | 24:one 50:one 40:one -:one x:one +:one =:one
EXPR: 0 | POS | INT | 17 | 34 | 66 | 40=(24-(50-x)) | 40 24 50 x - - = | 40:one 24:one 50:one x:one -:one -:one =:one
EXPR: 0 | POS | INT | 17 | 34 | 114 | ((x-24)-50)=40 | x 24 - 50 - 40 = | x:one 24:one -:one 50:one -:one 40:one =:one
EXPR: 1 | POS | INT | 17 | 34 | 34 | (40-(24-x))=50 | 40 24 x - - 50 = | 40:one 24:one x:one -:one -:one 50:one =:one
EXPR: 1 | POS | INT | 17 | 34 | 34 | ((40+x)-24)=50 | 40 x + 24 - 50 = | 40:one x:one +:one 24:one -:one 50:one =:one
EXPR: 1 | POS | INT | 17 | 34 | 34 | (40+(x-24))=50 | 40 x 24 - + 50 = | 40:one x:one 24:one -:one +:one 50:one =:one
EXPR: 0 | POS | INT | 17 | 34 | 3200 | (40+24)=(x/50) | 40 24 + x 50 / = | 40:one 24:one +:one x:one 50:orange /:one =:one
EXPR: 0 | POS | INT | 17 | 34 | 66 | (24-(50-x))=40 | 24 50 x - - 40 = | 24:one 50:one x:one -:one -:one 40:one =:one
EXPR: 1 | POS | INT | 17 | 34 | 34 | (24-(x-50))=40 | 24 x 50 - - 40 = | 24:one x:one 50:one -:one -:one 40:one =:one
EXPR: 0 | POS | INT | 17 | 34 | 66 | (x+(24-50))=40 | x 24 50 - + 40 = | x:one 24:one 50:one -:one +:one 40:one =:one
EXPR: 1 | POS | INT | 17 | 34 | 34 | (24-(40-50))=x | 24 40 50 - - x = | 24:one 40:one 50:one -:one -:one x:one =:one
EXPR: 0 | POS | INT | 17 | 34 | 66 | 24=((50+40)-x) | 24 50 40 + x - = | 24:one 50:one 40:one +:one x:one -:one =:one
EXPR: 0 | POS | INT | 17 | 34 | 800 | (x/(40-24))=50 | x 40 24 - / 50 = | x:orange 40:one 24:one -:one /:orange 50:orange =:orange
EXPR: 0 | POS | INT | 17 | 34 | 66 | ((x+24)-50)=40 | x 24 + 50 - 40 = | x:one 24:one +:one 50:one -:one 40:one =:one
EXPR: 1 | POS | INT | 19 | 34 | 34 | 24=((x+40)-50) | 24 x 40 + 50 - = | 24:one x:one 40:one +:one 50:one -:one =:one
EXPR: 0 | POS | INT | 19 | 34 | 114 | ((x-24)-40)=50 | x 24 - 40 - 50 = | x:one 24:one -:one 40:one -:one 50:one =:one
EXPR: 0 | POS | INT | 19 | 34 | 14 | (24-(x-40))=50 | 24 x 40 - - 50 = | 24:one x:one 40:one -:one -:one 50:one =:one
EXPR: 0 | POS | INT | 19 | 34 | 66 | 24=((40-x)+50) | 24 40 x - 50 + = | 24:one 40:one x:one -:one 50:one +:one =:one
EXPR: 0 | POS | INT | 19 | 34 | 66 | ((x+24)-40)=50 | x 24 + 40 - 50 = | x:one 24:one +:one 40:one -:one 50:one =:one
EXPR: 0 | POS | INT | 19 | 34 | 14 | ((24-x)+40)=50 | 24 x - 40 + 50 = | 24:one x:one -:one 40:one +:one 50:one =:one
EXPR: 1 | POS | INT | 19 | 34 | 34 | ((x-24)+40)=50 | x 24 - 40 + 50 = | x:one 24:one -:one 40:one +:one 50:one =:one
EXPR: 0 | POS | INT | 19 | 34 | 66 | ((24+x)-40)=50 | 24 x + 40 - 50 = | 24:one x:one +:one 40:one -:one 50:one =:one
EXPR: 0 | POS | INT | 19 | 34 | 14 | 24=(x-(40-50)) | 24 x 40 50 - - = | 24:one x:one 40:one 50:one -:one -:one =:one
EXPR: 0 | POS | INT | 19 | 34 | 14 | 24=((x-40)+50) | 24 x 40 - 50 + = | 24:one x:one 40:one -:one 50:one +:one =:one
EXPR: 0 | POS | INT | 19 | 34 | 66 | ((24-40)+x)=50 | 24 40 - x + 50 = | 24:one 40:one -:one x:one +:one 50:one =:one
EXPR: 0 | POS | INT | 19 | 34 | 114 | 24=((x-40)-50) | 24 x 40 - 50 - = | 24:one x:one 40:one -:one 50:one -:one =:one
EXPR: 0 | POS | INT | 19 | 34 | 66 | (x+(24-40))=50 | x 24 40 - + 50 = | x:one 24:one 40:one -:one +:one 50:one =:one
EXPR: 1 | POS | INT | 19 | 34 | 34 | 24=(x+(40-50)) | 24 x 40 50 - + = | 24:one x:one 40:one 50:one -:one +:one =:one
EXPR: 0 | POS | INT | 19 | 34 | 66 | (24+(x-40))=50 | 24 x 40 - + 50 = | 24:one x:one 40:one -:one +:one 50:one =:one
EXPR: 1 | POS | INT | 19 | 34 | 34 | 24=(40-(50-x)) | 24 40 50 x - - = | 24:one 40:one 50:one x:one -:one -:one =:one
EXPR: 1 | POS | INT | 19 | 34 | 34 | (x-(24-40))=50 | x 24 40 - - 50 = | x:one 24:one 40:one -:one -:one 50:one =:one
EXPR: 1 | POS | INT | 19 | 34 | 34 | 24=((40+x)-50) | 24 40 x + 50 - = | 24:one 40:one x:one +:one 50:one -:one =:one
EXPR: 1 | POS | INT | 19 | 34 | 34 | 24=(40+(x-50)) | 24 40 x 50 - + = | 24:one 40:one x:one 50:one -:one +:one =:one
EXPR: 0 | POS | INT | 19 | 34 | 66 | 24=(40-(x-50)) | 24 40 x 50 - - = | 24:one 40:one x:one 50:one -:one -:one =:one
EXPR: 0 | POS | INT | 19 | 34 | 66 | 24=(40+(50-x)) | 24 40 50 x - + = | 24:one 40:one 50:one x:one -:one +:one =:one
EXPR: 0 | POS | INT | 19 | 34 | 14 | (24+(40-x))=50 | 24 40 x - + 50 = | 24:one 40:one x:one -:one +:one 50:one =:one
EXPR: 1 | POS | INT | 19 | 34 | 34 | 24=((40-50)+x) | 24 40 50 - x + = | 24:one 40:one 50:one -:one x:one +:one =:one
EXPR: 0 | POS | INT | 19 | 34 | 66 | (24-(40-x))=50 | 24 40 x - - 50 = | 24:one 40:one x:one -:one -:one 50:one =:one
EXPR: 0 | POS | INT | 20 | 34 | 1010 | (50+(40*24))=x | 50 40 24 * + x = | 50:orange 40:orange 24:one *:orange +:orange x:orange =:orange
NET 305 unique, non-negative, integer-valued solutions found out of 1000 total solutions
