parameters: n=7 l=3 k=1 p=5 q=3 m=9
TOTAL 1000 solutions found
SOLN: CORRECT | POS/NEG | INT/FRA | OBJ-SCORE | TRUE-ANS | ANS | INFIX | POSTFIX | TYPED-POSTFIX
EXPR: 0 | POS | INT | 10 | 28 | 13 | x=((2*4)+5) | x 2 4 * 5 + = | x:box 2:box 4:piece *:box 5:box +:box =:box
EXPR: 0 | POS | INT | 10 | 28 | 22 | (2+(4*5))=x | 2 4 5 * + x = | 2:box 4:piece 5:box *:box +:box x:box =:box
EXPR: 0 | POS | INT | 10 | 28 | 22 | x=(2+(4*5)) | x 2 4 5 * + = | x:box 2:box 4:piece 5:box *:box +:box =:box
EXPR: 0 | POS | INT | 10 | 28 | 3 | x=((2*4)-5) | x 2 4 * 5 - = | x:box 2:box 4:piece *:box 5:box -:box =:box
EXPR: 0 | POS | INT | 10 | 28 | 13 | ((2*4)+5)=x | 2 4 * 5 + x = | 2:box 4:piece *:box 5:box +:box x:box =:box
EXPR: 0 | POS | INT | 10 | 28 | 3 | ((2*4)-5)=x | 2 4 * 5 - x = | 2:box 4:piece *:box 5:box -:box x:box =:box
EXPR: 1 | POS | INT | 12 | 28 | 28 | x=(4*(2+5)) | x 4 2 5 + * = | x:candy 4:candy 2:box 5:box +:box *:candy =:candy
EXPR: 1 | POS | INT | 12 | 28 | 28 | x=((2+5)*4) | x 2 5 + 4 * = | x:piece 2:box 5:box +:box 4:piece *:piece =:piece
EXPR: 0 | POS | INT | 12 | 28 | 13 | (x-(2*4))=5 | x 2 4 * - 5 = | x:box 2:box 4:piece *:box -:box 5:box =:box
EXPR: 0 | POS | INT | 12 | 28 | 10 | (x*2)=(4*5) | x 2 * 4 5 * = | x:candy 2:box *:box 4:piece 5:box *:box =:box
EXPR: 1 | POS | INT | 12 | 28 | 28 | ((2+5)*4)=x | 2 5 + 4 * x = | 2:box 5:box +:box 4:candy *:candy x:candy =:candy
EXPR: 0 | POS | INT | 12 | 28 | 10 | (2/4)=(5/x) | 2 4 / 5 x / = | 2:box 4:piece /:box 5:box x:candy /:box =:box
EXPR: 0 | POS | INT | 12 | 28 | 2 | ((2/x)+4)=5 | 2 x / 4 + 5 = | 2:box x:candy /:box 4:box +:box 5:box =:box
EXPR: 0 | POS | INT | 14 | 28 | 13 | 2=((x-5)/4) | 2 x 5 - 4 / = | 2:box x:box 5:box -:box 4:piece /:box =:box
EXPR: 0 | POS | INT | 14 | 28 | 2 | 2=(x*(5-4)) | 2 x 5 4 - * = | 2:box x:candy 5:box 4:box -:box *:box =:box
EXPR: 0 | POS | INT | 14 | 28 | 3 | 2=((x+5)/4) | 2 x 5 + 4 / = | 2:box x:box 5:box +:box 4:piece /:box =:box
EXPR: 0 | POS | INT | 14 | 28 | 2 | (4+(2/x))=5 | 4 2 x / + 5 = | 4:box 2:box x:candy /:box +:box 5:box =:box
EXPR: 0 | POS | INT | 15 | 28 | 22 | ((4*5)+2)=x | 4 5 * 2 + x = | 4:piece 5:box *:box 2:box +:box x:box =:box
EXPR: 0 | POS | INT | 15 | 28 | 12 | (4*(5-2))=x | 4 5 2 - * x = | 4:piece 5:box 2:box -:box *:piece x:piece =:piece
EXPR: 0 | POS | INT | 15 | 28 | 12 | x=(4*(5-2)) | x 4 5 2 - * = | x:piece 4:piece 5:box 2:box -:box *:piece =:piece
EXPR: 0 | POS | INT | 15 | 28 | 12 | x=((5-2)*4) | x 5 2 - 4 * = | x:box 5:box 2:box -:box 4:piece *:box =:box
EXPR: 0 | POS | INT | 15 | 28 | 22 | x=((4*5)+2) | x 4 5 * 2 + = | x:box 4:piece 5:box *:box 2:box +:box =:box
EXPR: 0 | POS | INT | 15 | 28 | 18 | ((4*5)-2)=x | 4 5 * 2 - x = | 4:piece 5:box *:box 2:box -:box x:box =:box
EXPR: 0 | POS | INT | 15 | 28 | 12 | ((5-2)*4)=x | 5 2 - 4 * x = | 5:box 2:box -:box 4:piece *:box x:box =:box
EXPR: 0 | POS | INT | 15 | 28 | 13 | (5+(2*4))=x | 5 2 4 * + x = | 5:box 2:box 4:piece *:box +:box x:box =:box
EXPR: 0 | POS | INT | 17 | 28 | 18 | 5=((2+x)/4) | 5 2 x + 4 / = | 5:box 2:box x:box +:box 4:piece /:box =:box
EXPR: 0 | POS | INT | 17 | 28 | 12 | (x/(5-2))=4 | x 5 2 - / 4 = | x:piece 5:box 2:box -:box /:piece 4:piece =:piece
EXPR: 1 | POS | INT | 17 | 28 | 28 | ((x/4)-5)=2 | x 4 / 5 - 2 = | x:box 4:piece /:box 5:box -:box 2:box =:box
EXPR: 0 | POS | INT | 17 | 28 | 22 | 5=((x-2)/4) | 5 x 2 - 4 / = | 5:box x:box 2:box -:box 4:piece /:box =:box
EXPR: 0 | POS | INT | 17 | 28 | 2 | 4=(5-(2/x)) | 4 5 2 x / - = | 4:box 5:box 2:box x:candy /:box -:box =:box
EXPR: 0 | POS | INT | 17 | 28 | 12 | 4=(x/(5-2)) | 4 x 5 2 - / = | 4:piece x:piece 5:box 2:box -:box /:piece =:piece
EXPR: 0 | POS | INT | 17 | 28 | 18 | 5=((x+2)/4) | 5 x 2 + 4 / = | 5:box x:box 2:box +:box 4:piece /:box =:box
EXPR: 0 | POS | INT | 19 | 28 | 2 | (x*(5-4))=2 | x 5 4 - * 2 = | x:candy 5:box 4:box -:box *:box 2:box =:box
EXPR: 0 | POS | INT | 19 | 28 | 2 | ((5-4)*x)=2 | 5 4 - x * 2 = | 5:box 4:box -:box x:candy *:box 2:box =:box
EXPR: 0 | POS | INT | 20 | 28 | 30 | x=((2+4)*5) | x 2 4 + 5 * = | x:candy 2:box 4:box +:box 5:candy *:candy =:candy
EXPR: 0 | POS | INT | 20 | 28 | 18 | (2*(4+5))=x | 2 4 5 + * x = | 2:box 4:piece 5:piece +:piece *:box x:box =:box
EXPR: 0 | POS | INT | 20 | 28 | 3 | x=((2-4)+5) | x 2 4 - 5 + = | x:box 2:box 4:box -:box 5:box +:box =:box
EXPR: 0 | POS | INT | 20 | 28 | 11 | x=((2+4)+5) | x 2 4 + 5 + = | x:box 2:box 4:box +:box 5:box +:box =:box
EXPR: 0 | POS | INT | 20 | 28 | 1 | x=((2+4)-5) | x 2 4 + 5 - = | x:box 2:box 4:box +:box 5:box -:box =:box
EXPR: 0 | POS | INT | 20 | 28 | 18 | x=(2*(4+5)) | x 2 4 5 + * = | x:candy 2:candy 4:box 5:box +:box *:candy =:candy
EXPR: 0 | POS | INT | 20 | 28 | 1 | (2+(4-5))=x | 2 4 5 - + x = | 2:box 4:box 5:box -:box +:box x:box =:box
EXPR: 0 | POS | INT | 20 | 28 | 3 | (2-(4-5))=x | 2 4 5 - - x = | 2:box 4:box 5:box -:box -:box x:box =:box
EXPR: 0 | POS | INT | 20 | 28 | 30 | ((2+4)*5)=x | 2 4 + 5 * x = | 2:piece 4:piece +:piece 5:candy *:candy x:candy =:candy
EXPR: 0 | POS | INT | 20 | 28 | 1 | ((2+4)-5)=x | 2 4 + 5 - x = | 2:box 4:box +:box 5:box -:box x:box =:box
EXPR: 0 | POS | INT | 20 | 28 | 11 | ((2+4)+5)=x | 2 4 + 5 + x = | 2:box 4:box +:box 5:box +:box x:box =:box
EXPR: 0 | POS | INT | 22 | 28 | 3 | (2+(5-4))=x | 2 5 4 - + x = | 2:box 5:box 4:box -:box +:box x:box =:box
EXPR: 0 | POS | INT | 22 | 28 | 1 | (2-(5-4))=x | 2 5 4 - - x = | 2:box 5:box 4:box -:box -:box x:box =:box
EXPR: 0 | POS | INT | 22 | 28 | 14 | x=((2*5)+4) | x 2 5 * 4 + = | x:piece 2:box 5:piece *:piece 4:piece +:piece =:piece
EXPR: 0 | POS | INT | 22 | 28 | 6 | x=((2*5)-4) | x 2 5 * 4 - = | x:candy 2:box 5:candy *:candy 4:candy -:candy =:candy
EXPR: 0 | POS | INT | 22 | 28 | 14 | x=(4+(2*5)) | x 4 2 5 * + = | x:candy 4:candy 2:candy 5:box *:candy +:candy =:candy
EXPR: 0 | POS | INT | 22 | 28 | 6 | ((2*5)-4)=x | 2 5 * 4 - x = | 2:box 5:piece *:piece 4:piece -:piece x:piece =:piece
EXPR: 0 | POS | INT | 22 | 28 | 10 | x=((4-2)*5) | x 4 2 - 5 * = | x:piece 4:piece 2:piece -:piece 5:box *:piece =:piece
EXPR: 0 | POS | INT | 22 | 28 | 2 | x=(2*(5-4)) | x 2 5 4 - * = | x:candy 2:candy 5:piece 4:piece -:piece *:candy =:candy
EXPR: 0 | POS | INT | 22 | 28 | 11 | x=((2+5)+4) | x 2 5 + 4 + = | x:box 2:box 5:box +:box 4:box +:box =:box
EXPR: 0 | POS | INT | 22 | 28 | 14 | ((2*5)+4)=x | 2 5 * 4 + x = | 2:box 5:piece *:piece 4:piece +:piece x:piece =:piece
EXPR: 0 | POS | INT | 22 | 28 | 14 | (4+(2*5))=x | 4 2 5 * + x = | 4:piece 2:piece 5:box *:piece +:piece x:piece =:piece
EXPR: 0 | POS | INT | 22 | 28 | 2 | x=(2/(5-4)) | x 2 5 4 - / = | x:box 2:box 5:piece 4:piece -:piece /:box =:box
EXPR: 0 | POS | INT | 22 | 28 | 7 | x=((4/2)+5) | x 4 2 / 5 + = | x:piece 4:piece 2:box /:piece 5:piece +:piece =:piece
EXPR: 0 | POS | INT | 22 | 28 | 3 | 2=(4/(5-x)) | 2 4 5 x - / = | 2:piece 4:piece 5:candy x:candy -:candy /:piece =:piece
EXPR: 0 | POS | INT | 22 | 28 | 14 | 2=((x-4)/5) | 2 x 4 - 5 / = | 2:piece x:piece 4:piece -:piece 5:box /:piece =:piece
EXPR: 0 | POS | INT | 22 | 28 | 7 | x=((4-2)+5) | x 4 2 - 5 + = | x:box 4:box 2:box -:box 5:box +:box =:box
EXPR: 0 | POS | INT | 22 | 28 | 6 | 2=((x+4)/5) | 2 x 4 + 5 / = | 2:candy x:candy 4:candy +:candy 5:box /:candy =:candy
EXPR: 0 | POS | INT | 22 | 28 | 1 | ((2+4)-x)=5 | 2 4 + x - 5 = | 2:box 4:box +:box x:box -:box 5:box =:box
EXPR: 0 | POS | INT | 22 | 28 | 2 | (2*(5-4))=x | 2 5 4 - * x = | 2:box 5:piece 4:piece -:piece *:piece x:piece =:piece
EXPR: 0 | POS | INT | 22 | 28 | 7 | (2+(x-4))=5 | 2 x 4 - + 5 = | 2:box x:box 4:box -:box +:box 5:box =:box
EXPR: 0 | POS | INT | 22 | 28 | 22 | 2=(x-(4*5)) | 2 x 4 5 * - = | 2:candy x:candy 4:candy 5:box *:candy -:candy =:candy
EXPR: 0 | POS | INT | 22 | 28 | 3 | ((2*4)-x)=5 | 2 4 * x - 5 = | 2:box 4:piece *:piece x:piece -:piece 5:piece =:piece
EXPR: 0 | POS | INT | 22 | 28 | 7 | ((4/2)+5)=x | 4 2 / 5 + x = | 4:candy 2:box /:candy 5:candy +:candy x:candy =:candy
EXPR: 0 | POS | INT | 22 | 28 | 6 | 2=((4+x)/5) | 2 4 x + 5 / = | 2:piece 4:piece x:piece +:piece 5:box /:piece =:piece
EXPR: 0 | POS | INT | 22 | 28 | 1 | 2=((x-4)+5) | 2 x 4 - 5 + = | 2:box x:box 4:box -:box 5:box +:box =:box
EXPR: 0 | POS | INT | 22 | 28 | 1 | ((2-5)+4)=x | 2 5 - 4 + x = | 2:box 5:box -:box 4:box +:box x:box =:box
EXPR: 0 | POS | INT | 22 | 28 | 3 | ((2+5)-4)=x | 2 5 + 4 - x = | 2:box 5:box +:box 4:box -:box x:box =:box
EXPR: 0 | POS | INT | 22 | 28 | 10 | ((4-2)*5)=x | 4 2 - 5 * x = | 4:box 2:box -:box 5:candy *:candy x:candy =:candy
EXPR: 0 | POS | INT | 22 | 28 | 18 | ((2+x)/4)=5 | 2 x + 4 / 5 = | 2:candy x:candy +:candy 4:piece /:candy 5:candy =:candy
EXPR: 0 | POS | INT | 22 | 28 | 11 | ((2+5)+4)=x | 2 5 + 4 + x = | 2:box 5:box +:box 4:box +:box x:box =:box
EXPR: 0 | POS | INT | 22 | 28 | 11 | x=(4+(2+5)) | x 4 2 5 + + = | x:box 4:box 2:box 5:box +:box +:box =:box
EXPR: 0 | POS | INT | 22 | 28 | 1 | (2-(x-4))=5 | 2 x 4 - - 5 = | 2:box x:box 4:box -:box -:box 5:box =:box
EXPR: 0 | POS | INT | 22 | 28 | 11 | 2=((x-4)-5) | 2 x 4 - 5 - = | 2:box x:box 4:box -:box 5:box -:box =:box
EXPR: 1 | POS | INT | 22 | 28 | 28 | (4*(2+5))=x | 4 2 5 + * x = | 4:piece 2:candy 5:candy +:candy *:candy x:candy =:candy
EXPR: 0 | POS | INT | 22 | 28 | 2 | (2/(5-4))=x | 2 5 4 - / x = | 2:candy 5:box 4:box -:box /:candy x:candy =:candy
EXPR: 0 | POS | INT | 22 | 28 | 7 | ((x+2)-4)=5 | x 2 + 4 - 5 = | x:box 2:box +:box 4:box -:box 5:box =:box
EXPR: 0 | POS | INT | 22 | 28 | 7 | 2=(4+(5-x)) | 2 4 5 x - + = | 2:box 4:box 5:box x:box -:box +:box =:box
EXPR: 0 | POS | INT | 22 | 28 | 7 | ((2-4)+x)=5 | 2 4 - x + 5 = | 2:box 4:box -:box x:box +:box 5:box =:box
EXPR: 0 | POS | INT | 22 | 28 | 1 | 2=(x-(4-5)) | 2 x 4 5 - - = | 2:box x:box 4:box 5:box -:box -:box =:box
EXPR: 0 | POS | INT | 22 | 28 | 1 | x=((2-5)+4) | x 2 5 - 4 + = | x:box 2:box 5:box -:box 4:box +:box =:box
EXPR: 0 | POS | INT | 22 | 28 | 7 | 2=(4/(x-5)) | 2 4 x 5 - / = | 2:piece 4:piece x:candy 5:candy -:candy /:piece =:piece
EXPR: 0 | POS | INT | 22 | 28 | 18 | 2=((4*5)-x) | 2 4 5 * x - = | 2:candy 4:candy 5:box *:candy x:candy -:candy =:candy
EXPR: 0 | POS | INT | 22 | 28 | 7 | (x+(2-4))=5 | x 2 4 - + 5 = | x:box 2:box 4:box -:box +:box 5:box =:box
EXPR: 0 | POS | INT | 24 | 28 | 6 | 4=((2*5)-x) | 4 2 5 * x - = | 4:candy 2:candy 5:box *:candy x:candy -:candy =:candy
EXPR: 0 | POS | INT | 24 | 28 | 7 | (2+(x-5))=4 | 2 x 5 - + 4 = | 2:box x:box 5:box -:box +:box 4:box =:box
EXPR: 0 | POS | INT | 24 | 28 | 3 | ((x+4)-2)=5 | x 4 + 2 - 5 = | x:box 4:box +:box 2:box -:box 5:box =:box
EXPR: 0 | POS | INT | 24 | 28 | 18 | ((x+2)/5)=4 | x 2 + 5 / 4 = | x:piece 2:piece +:piece 5:box /:piece 4:piece =:piece
EXPR: 0 | POS | INT | 24 | 28 | 1 | 4=((x-2)+5) | 4 x 2 - 5 + = | 4:box x:box 2:box -:box 5:box +:box =:box
EXPR: 0 | POS | INT | 24 | 28 | 3 | (2*(5-x))=4 | 2 5 x - * 4 = | 2:box 5:piece x:piece -:piece *:piece 4:piece =:piece
EXPR: 0 | POS | INT | 24 | 28 | 1 | 2=((5-4)+x) | 2 5 4 - x + = | 2:box 5:box 4:box -:box x:box +:box =:box
EXPR: 0 | POS | INT | 24 | 28 | 7 | 4=(2*(x-5)) | 4 2 x 5 - * = | 4:candy 2:box x:candy 5:candy -:candy *:candy =:candy
EXPR: 0 | POS | INT | 24 | 28 | 11 | 4=((x-2)-5) | 4 x 2 - 5 - = | 4:box x:box 2:box -:box 5:box -:box =:box
EXPR: 0 | POS | INT | 24 | 28 | 10 | (x/(4-2))=5 | x 4 2 - / 5 = | x:candy 4:box 2:box -:box /:candy 5:candy =:candy
EXPR: 0 | POS | INT | 24 | 28 | 7 | (x+(2-5))=4 | x 2 5 - + 4 = | x:box 2:box 5:box -:box +:box 4:box =:box
EXPR: 0 | POS | INT | 24 | 28 | 3 | ((2-x)+5)=4 | 2 x - 5 + 4 = | 2:box x:box -:box 5:box +:box 4:box =:box
EXPR: 0 | POS | INT | 24 | 28 | 1 | (x-(2-5))=4 | x 2 5 - - 4 = | x:box 2:box 5:box -:box -:box 4:box =:box
EXPR: 0 | POS | INT | 24 | 28 | 3 | (4+(x-2))=5 | 4 x 2 - + 5 = | 4:box x:box 2:box -:box +:box 5:box =:box
EXPR: 0 | POS | INT | 24 | 28 | 1 | ((4-x)+2)=5 | 4 x - 2 + 5 = | 4:box x:box -:box 2:box +:box 5:box =:box
EXPR: 0 | POS | INT | 24 | 28 | 7 | (2*(x-5))=4 | 2 x 5 - * 4 = | 2:box x:candy 5:candy -:candy *:candy 4:candy =:candy
EXPR: 0 | POS | INT | 24 | 28 | 7 | 4=((2+x)-5) | 4 2 x + 5 - = | 4:box 2:box x:box +:box 5:box -:box =:box
EXPR: 0 | POS | INT | 24 | 28 | 3 | 4=((2+5)-x) | 4 2 5 + x - = | 4:box 2:box 5:box +:box x:box -:box =:box
EXPR: 0 | POS | INT | 24 | 28 | 2 | (4+(x/2))=5 | 4 x 2 / + 5 = | 4:piece x:piece 2:box /:piece +:piece 5:piece =:piece
EXPR: 0 | POS | INT | 24 | 28 | 18 | 4=((2+x)/5) | 4 2 x + 5 / = | 4:candy 2:candy x:candy +:candy 5:box /:candy =:candy
EXPR: 0 | POS | INT | 24 | 28 | 10 | (2+(x/5))=4 | 2 x 5 / + 4 = | 2:piece x:piece 5:box /:piece +:piece 4:piece =:piece
EXPR: 0 | POS | INT | 24 | 28 | 14 | 4=(x-(2*5)) | 4 x 2 5 * - = | 4:piece x:piece 2:piece 5:box *:piece -:piece =:piece
EXPR: 0 | POS | INT | 24 | 28 | 2 | 2=((5-4)*x) | 2 5 4 - x * = | 2:piece 5:piece 4:piece -:piece x:candy *:piece =:piece
EXPR: 0 | POS | INT | 24 | 28 | 3 | (x+(4-2))=5 | x 4 2 - + 5 = | x:box 4:box 2:box -:box +:box 5:box =:box
EXPR: 0 | POS | INT | 24 | 28 | 7 | (x-(4-2))=5 | x 4 2 - - 5 = | x:box 4:box 2:box -:box -:box 5:box =:box
EXPR: 0 | POS | INT | 24 | 28 | 40 | (x/4)=(2*5) | x 4 / 2 5 * = | x:candy 4:piece /:candy 2:candy 5:box *:candy =:candy
EXPR: 0 | POS | INT | 24 | 28 | 6 | ((2*5)-x)=4 | 2 5 * x - 4 = | 2:box 5:piece *:piece x:piece -:piece 4:piece =:piece
EXPR: 0 | POS | INT | 24 | 28 | 10 | (4/2)=(x/5) | 4 2 / x 5 / = | 4:candy 2:box /:candy x:candy 5:box /:candy =:candy
EXPR: 0 | POS | INT | 24 | 28 | 7 | ((2+x)-5)=4 | 2 x + 5 - 4 = | 2:box x:box +:box 5:box -:box 4:box =:box
EXPR: 0 | POS | INT | 24 | 28 | 14 | (x-(2*5))=4 | x 2 5 * - 4 = | x:piece 2:piece 5:box *:piece -:piece 4:piece =:piece
EXPR: 0 | POS | INT | 24 | 28 | 3 | (x+(4/2))=5 | x 4 2 / + 5 = | x:piece 4:piece 2:box /:piece +:piece 5:piece =:piece
EXPR: 0 | POS | INT | 24 | 28 | 7 | (x-(4/2))=5 | x 4 2 / - 5 = | x:piece 4:piece 2:box /:piece -:piece 5:piece =:piece
EXPR: 0 | POS | INT | 24 | 28 | 3 | ((4+x)-2)=5 | 4 x + 2 - 5 = | 4:box x:box +:box 2:box -:box 5:box =:box
EXPR: 0 | POS | INT | 24 | 28 | 7 | 2=((5-x)+4) | 2 5 x - 4 + = | 2:box 5:box x:box -:box 4:box +:box =:box
EXPR: 0 | POS | INT | 24 | 28 | 7 | 4=((x+2)-5) | 4 x 2 + 5 - = | 4:box x:box 2:box +:box 5:box -:box =:box
EXPR: 0 | POS | INT | 24 | 28 | 11 | (x-(2+5))=4 | x 2 5 + - 4 = | x:box 2:box 5:box +:box -:box 4:box =:box
EXPR: 0 | POS | INT | 24 | 28 | 18 | ((x/2)-5)=4 | x 2 / 5 - 4 = | x:candy 2:box /:candy 5:candy -:candy 4:candy =:candy
EXPR: 0 | POS | INT | 24 | 28 | 3 | ((4/2)+x)=5 | 4 2 / x + 5 = | 4:piece 2:box /:piece x:piece +:piece 5:piece =:piece
EXPR: 0 | POS | INT | 24 | 28 | 10 | (2/5)=(4/x) | 2 5 / 4 x / = | 2:piece 5:box /:piece 4:piece x:candy /:piece =:piece
EXPR: 0 | POS | INT | 24 | 28 | 22 | 4=((x-2)/5) | 4 x 2 - 5 / = | 4:piece x:piece 2:piece -:piece 5:box /:piece =:piece
EXPR: 0 | POS | INT | 24 | 28 | 1 | 2=(x+(5-4)) | 2 x 5 4 - + = | 2:box x:box 5:box 4:box -:box +:box =:box
EXPR: 0 | POS | INT | 24 | 28 | 3 | 4=(2*(5-x)) | 4 2 5 x - * = | 4:box 2:box 5:candy x:candy -:candy *:box =:box
EXPR: 0 | POS | INT | 24 | 28 | 18 | 4=((x+2)/5) | 4 x 2 + 5 / = | 4:piece x:piece 2:piece +:piece 5:box /:piece =:piece
EXPR: 0 | POS | INT | 25 | 28 | 7 | (4+(5-2))=x | 4 5 2 - + x = | 4:box 5:box 2:box -:box +:box x:box =:box
EXPR: 0 | POS | INT | 25 | 28 | 13 | x=(5+(2*4)) | x 5 2 4 * + = | x:piece 5:piece 2:box 4:piece *:piece +:piece =:piece
EXPR: 0 | POS | INT | 25 | 28 | 18 | ((4+5)*2)=x | 4 5 + 2 * x = | 4:candy 5:candy +:candy 2:box *:candy x:candy =:candy
EXPR: 0 | POS | INT | 25 | 28 | 18 | x=((4*5)-2) | x 4 5 * 2 - = | x:piece 4:piece 5:box *:piece 2:piece -:piece =:piece
EXPR: 0 | POS | INT | 25 | 28 | 30 | (5*(2+4))=x | 5 2 4 + * x = | 5:box 2:piece 4:piece +:piece *:piece x:piece =:piece
EXPR: 0 | POS | INT | 25 | 28 | 18 | x=((4+5)*2) | x 4 5 + 2 * = | x:candy 4:piece 5:piece +:piece 2:candy *:candy =:candy
EXPR: 0 | POS | INT | 25 | 28 | 1 | (4-(5-2))=x | 4 5 2 - - x = | 4:box 5:box 2:box -:box -:box x:box =:box
NET 138 unique, non-negative, integer-valued solutions found out of 1000 total solutions
