parameters: n=7 l=3 k=1 p=5 q=3 m=9
TOTAL 1000 solutions found
SOLN: CORRECT | POS/NEG | INT/FRA | OBJ-SCORE | TRUE-ANS | ANS | INFIX | POSTFIX | TYPED-POSTFIX
EXPR: 0 | POS | INT | 10 | 9 | 165 | x=((9*18)+3) | x 9 18 * 3 + = | x:dollar 9:dollar 18:eating *:dollar 3:dollar +:dollar =:dollar
EXPR: 0 | POS | INT | 10 | 9 | 63 | (9+(18*3))=x | 9 18 3 * + x = | 9:dollar 18:eating 3:dollar *:dollar +:dollar x:dollar =:dollar
EXPR: 0 | POS | INT | 10 | 9 | 63 | x=(9+(18*3)) | x 9 18 3 * + = | x:dollar 9:dollar 18:eating 3:dollar *:dollar +:dollar =:dollar
EXPR: 0 | POS | INT | 10 | 9 | 159 | x=((9*18)-3) | x 9 18 * 3 - = | x:dollar 9:dollar 18:eating *:dollar 3:dollar -:dollar =:dollar
EXPR: 0 | POS | INT | 10 | 9 | 165 | ((9*18)+3)=x | 9 18 * 3 + x = | 9:dollar 18:eating *:dollar 3:dollar +:dollar x:dollar =:dollar
EXPR: 0 | POS | INT | 10 | 9 | 159 | ((9*18)-3)=x | 9 18 * 3 - x = | 9:dollar 18:eating *:dollar 3:dollar -:dollar x:dollar =:dollar
EXPR: 0 | POS | INT | 12 | 9 | 216 | x=(18*(9+3)) | x 18 9 3 + * = | x:LENGTH 18:LENGTH 9:dollar 3:dollar +:dollar *:LENGTH =:LENGTH
EXPR: 0 | POS | INT | 12 | 9 | 108 | x=((9-3)*18) | x 9 3 - 18 * = | x:LENGTH 9:dollar 3:dollar -:dollar 18:LENGTH *:LENGTH =:LENGTH
EXPR: 0 | POS | INT | 12 | 9 | 216 | x=((9+3)*18) | x 9 3 + 18 * = | x:eating 9:dollar 3:dollar +:dollar 18:eating *:eating =:eating
EXPR: 0 | POS | INT | 12 | 9 | 108 | x=(18*(9-3)) | x 18 9 3 - * = | x:dollar 18:eating 9:dollar 3:dollar -:dollar *:dollar =:dollar
EXPR: 0 | POS | INT | 12 | 9 | 108 | (18*(9-3))=x | 18 9 3 - * x = | 18:eating 9:dollar 3:dollar -:dollar *:eating x:eating =:eating
EXPR: 0 | POS | INT | 12 | 9 | 3 | (18/(9-3))=x | 18 9 3 - / x = | 18:eating 9:dollar 3:dollar -:dollar /:eating x:eating =:eating
EXPR: 0 | POS | INT | 12 | 9 | 21 | 9=((x-18)*3) | 9 x 18 - 3 * = | 9:dollar x:LENGTH 18:LENGTH -:LENGTH 3:dollar *:dollar =:dollar
EXPR: 0 | POS | INT | 12 | 9 | 3 | (9-(18/x))=3 | 9 18 x / - 3 = | 9:dollar 18:dollar x:LENGTH /:dollar -:dollar 3:dollar =:dollar
EXPR: 0 | POS | INT | 12 | 9 | 21 | (9/(x-18))=3 | 9 x 18 - / 3 = | 9:dollar x:eating 18:eating -:eating /:dollar 3:dollar =:dollar
EXPR: 0 | POS | INT | 12 | 9 | 165 | (x-(9*18))=3 | x 9 18 * - 3 = | x:dollar 9:dollar 18:eating *:dollar -:dollar 3:dollar =:dollar
EXPR: 0 | POS | INT | 12 | 9 | 15 | (9/(18-x))=3 | 9 18 x - / 3 = | 9:dollar 18:LENGTH x:LENGTH -:LENGTH /:dollar 3:dollar =:dollar
EXPR: 0 | POS | INT | 12 | 9 | 6 | (x*9)=(18*3) | x 9 * 18 3 * = | x:LENGTH 9:dollar *:dollar 18:eating 3:dollar *:dollar =:dollar
EXPR: 0 | POS | INT | 12 | 9 | 216 | ((9+3)*18)=x | 9 3 + 18 * x = | 9:dollar 3:dollar +:dollar 18:LENGTH *:LENGTH x:LENGTH =:LENGTH
EXPR: 0 | POS | INT | 12 | 9 | 108 | ((9-3)*18)=x | 9 3 - 18 * x = | 9:dollar 3:dollar -:dollar 18:LENGTH *:LENGTH x:LENGTH =:LENGTH
EXPR: 0 | POS | INT | 12 | 9 | 3 | x=(18/(9-3)) | x 18 9 3 - / = | x:LENGTH 18:LENGTH 9:dollar 3:dollar -:dollar /:LENGTH =:LENGTH
EXPR: 0 | POS | INT | 12 | 9 | 63 | 9=(x-(18*3)) | 9 x 18 3 * - = | 9:dollar x:dollar 18:eating 3:dollar *:dollar -:dollar =:dollar
EXPR: 1 | POS | INT | 12 | 9 | 9 | ((9+18)/x)=3 | 9 18 + x / 3 = | 9:dollar 18:dollar +:dollar x:LENGTH /:dollar 3:dollar =:dollar
EXPR: 1 | POS | INT | 14 | 9 | 9 | 9=((x*3)-18) | 9 x 3 * 18 - = | 9:dollar x:LENGTH 3:dollar *:dollar 18:dollar -:dollar =:dollar
EXPR: 0 | POS | INT | 14 | 9 | 165 | 9=((x-3)/18) | 9 x 3 - 18 / = | 9:dollar x:dollar 3:dollar -:dollar 18:eating /:dollar =:dollar
EXPR: 0 | POS | INT | 14 | 9 | 3 | ((9-3)*x)=18 | 9 3 - x * 18 = | 9:dollar 3:dollar -:dollar x:eating *:eating 18:eating =:eating
EXPR: 0 | POS | INT | 14 | 9 | 3 | 18=(9+(x*3)) | 18 9 x 3 * + = | 18:dollar 9:dollar x:LENGTH 3:dollar *:dollar +:dollar =:dollar
EXPR: 0 | POS | INT | 14 | 9 | 3 | 18=((9-3)*x) | 18 9 3 - x * = | 18:eating 9:dollar 3:dollar -:dollar x:eating *:eating =:eating
EXPR: 0 | POS | INT | 14 | 9 | 3 | (x*(9-3))=18 | x 9 3 - * 18 = | x:eating 9:dollar 3:dollar -:dollar *:eating 18:eating =:eating
EXPR: 0 | POS | INT | 14 | 9 | 108 | (x/(9-3))=18 | x 9 3 - / 18 = | x:eating 9:dollar 3:dollar -:dollar /:eating 18:eating =:eating
EXPR: 0 | POS | INT | 15 | 9 | 63 | ((18*3)+9)=x | 18 3 * 9 + x = | 18:eating 3:dollar *:dollar 9:dollar +:dollar x:dollar =:dollar
EXPR: 0 | POS | INT | 15 | 9 | 63 | x=((18*3)+9) | x 18 3 * 9 + = | x:dollar 18:eating 3:dollar *:dollar 9:dollar +:dollar =:dollar
EXPR: 0 | POS | INT | 15 | 9 | 45 | ((18*3)-9)=x | 18 3 * 9 - x = | 18:eating 3:dollar *:dollar 9:dollar -:dollar x:dollar =:dollar
EXPR: 0 | POS | INT | 15 | 9 | 165 | (3+(9*18))=x | 3 9 18 * + x = | 3:dollar 9:dollar 18:eating *:dollar +:dollar x:dollar =:dollar
EXPR: 1 | POS | INT | 17 | 9 | 9 | ((x*3)-9)=18 | x 3 * 9 - 18 = | x:LENGTH 3:dollar *:dollar 9:dollar -:dollar 18:dollar =:dollar
EXPR: 0 | POS | INT | 17 | 9 | 3 | (18-(x*3))=9 | 18 x 3 * - 9 = | 18:dollar x:LENGTH 3:dollar *:dollar -:dollar 9:dollar =:dollar
EXPR: 1 | POS | INT | 17 | 9 | 9 | 18=((x*3)-9) | 18 x 3 * 9 - = | 18:dollar x:LENGTH 3:dollar *:dollar 9:dollar -:dollar =:dollar
EXPR: 0 | POS | INT | 17 | 9 | 45 | 3=((9+x)/18) | 3 9 x + 18 / = | 3:dollar 9:dollar x:dollar +:dollar 18:eating /:dollar =:dollar
EXPR: 0 | POS | INT | 17 | 9 | 3 | 18=((x*3)+9) | 18 x 3 * 9 + = | 18:dollar x:LENGTH 3:dollar *:dollar 9:dollar +:dollar =:dollar
EXPR: 0 | POS | INT | 17 | 9 | 15 | ((18-x)*3)=9 | 18 x - 3 * 9 = | 18:LENGTH x:LENGTH -:LENGTH 3:dollar *:dollar 9:dollar =:dollar
EXPR: 0 | POS | INT | 17 | 9 | 3 | ((18/x)+3)=9 | 18 x / 3 + 9 = | 18:dollar x:LENGTH /:dollar 3:dollar +:dollar 9:dollar =:dollar
EXPR: 0 | POS | INT | 17 | 9 | 108 | ((x/18)+3)=9 | x 18 / 3 + 9 = | x:dollar 18:eating /:dollar 3:dollar +:dollar 9:dollar =:dollar
EXPR: 0 | POS | INT | 17 | 9 | 216 | ((x/18)-3)=9 | x 18 / 3 - 9 = | x:dollar 18:eating /:dollar 3:dollar -:dollar 9:dollar =:dollar
EXPR: 0 | POS | INT | 17 | 9 | 15 | 3=(9/(18-x)) | 3 9 18 x - / = | 3:dollar 9:dollar 18:LENGTH x:LENGTH -:LENGTH /:dollar =:dollar
EXPR: 0 | POS | INT | 17 | 9 | 3 | 3=(9-(18/x)) | 3 9 18 x / - = | 3:dollar 9:dollar 18:dollar x:LENGTH /:dollar -:dollar =:dollar
EXPR: 0 | POS | INT | 17 | 9 | 63 | 3=((x-9)/18) | 3 x 9 - 18 / = | 3:dollar x:dollar 9:dollar -:dollar 18:eating /:dollar =:dollar
EXPR: 0 | POS | INT | 17 | 9 | 54 | (x*3)=(9*18) | x 3 * 9 18 * = | x:LENGTH 3:dollar *:dollar 9:dollar 18:eating *:dollar =:dollar
EXPR: 1 | POS | INT | 17 | 9 | 9 | 18=((3*x)-9) | 18 3 x * 9 - = | 18:dollar 3:dollar x:LENGTH *:dollar 9:dollar -:dollar =:dollar
EXPR: 1 | POS | INT | 17 | 9 | 9 | 3=((9+18)/x) | 3 9 18 + x / = | 3:dollar 9:dollar 18:dollar +:dollar x:LENGTH /:dollar =:dollar
EXPR: 1 | POS | INT | 19 | 9 | 9 | ((x*3)-18)=9 | x 3 * 18 - 9 = | x:LENGTH 3:dollar *:dollar 18:dollar -:dollar 9:dollar =:dollar
EXPR: 0 | POS | INT | 19 | 9 | 15 | (3*(18-x))=9 | 3 18 x - * 9 = | 3:dollar 18:eating x:eating -:eating *:dollar 9:dollar =:dollar
EXPR: 0 | POS | INT | 19 | 9 | 21 | (3*(x-18))=9 | 3 x 18 - * 9 = | 3:dollar x:eating 18:eating -:eating *:dollar 9:dollar =:dollar
EXPR: 0 | POS | INT | 19 | 9 | 3 | (3+(18/x))=9 | 3 18 x / + 9 = | 3:dollar 18:dollar x:LENGTH /:dollar +:dollar 9:dollar =:dollar
EXPR: 0 | POS | INT | 19 | 9 | 3 | 3=((18-9)/x) | 3 18 9 - x / = | 3:dollar 18:dollar 9:dollar -:dollar x:LENGTH /:dollar =:dollar
EXPR: 0 | POS | INT | 19 | 9 | 54 | (3/18)=(9/x) | 3 18 / 9 x / = | 3:dollar 18:eating /:dollar 9:dollar x:LENGTH /:dollar =:dollar
EXPR: 0 | POS | INT | 20 | 9 | 81 | x=((9+18)*3) | x 9 18 + 3 * = | x:LENGTH 9:dollar 18:dollar +:dollar 3:LENGTH *:LENGTH =:LENGTH
EXPR: 0 | POS | INT | 20 | 9 | 189 | (9*(18+3))=x | 9 18 3 + * x = | 9:dollar 18:eating 3:eating +:eating *:dollar x:dollar =:dollar
EXPR: 0 | POS | INT | 20 | 9 | 30 | x=((9+18)+3) | x 9 18 + 3 + = | x:dollar 9:dollar 18:dollar +:dollar 3:dollar +:dollar =:dollar
EXPR: 0 | POS | INT | 20 | 9 | 135 | (9*(18-3))=x | 9 18 3 - * x = | 9:dollar 18:eating 3:eating -:eating *:dollar x:dollar =:dollar
EXPR: 0 | POS | INT | 20 | 9 | 135 | x=(9*(18-3)) | x 9 18 3 - * = | x:eating 9:dollar 18:eating 3:eating -:eating *:eating =:eating
EXPR: 0 | POS | INT | 20 | 9 | 24 | x=((9+18)-3) | x 9 18 + 3 - = | x:dollar 9:dollar 18:dollar +:dollar 3:dollar -:dollar =:dollar
EXPR: 0 | POS | INT | 20 | 9 | 189 | x=(9*(18+3)) | x 9 18 3 + * = | x:LENGTH 9:LENGTH 18:dollar 3:dollar +:dollar *:LENGTH =:LENGTH
EXPR: 0 | POS | INT | 20 | 9 | 15 | x=(9+(18/3)) | x 9 18 3 / + = | x:eating 9:eating 18:eating 3:dollar /:eating +:eating =:eating
EXPR: 0 | POS | INT | 20 | 9 | 24 | (9+(18-3))=x | 9 18 3 - + x = | 9:dollar 18:dollar 3:dollar -:dollar +:dollar x:dollar =:dollar
EXPR: 1 | POS | INT | 20 | 9 | 9 | ((9+18)/3)=x | 9 18 + 3 / x = | 9:eating 18:eating +:eating 3:dollar /:eating x:eating =:eating
EXPR: 0 | POS | INT | 20 | 9 | 81 | ((9+18)*3)=x | 9 18 + 3 * x = | 9:eating 18:eating +:eating 3:LENGTH *:LENGTH x:LENGTH =:LENGTH
EXPR: 0 | POS | INT | 20 | 9 | 3 | (9-(18/3))=x | 9 18 3 / - x = | 9:eating 18:eating 3:dollar /:eating -:eating x:eating =:eating
EXPR: 0 | POS | INT | 20 | 9 | 15 | (9+(18/3))=x | 9 18 3 / + x = | 9:eating 18:eating 3:dollar /:eating +:eating x:eating =:eating
EXPR: 0 | POS | INT | 20 | 9 | 24 | ((9+18)-3)=x | 9 18 + 3 - x = | 9:dollar 18:dollar +:dollar 3:dollar -:dollar x:dollar =:dollar
EXPR: 0 | POS | INT | 20 | 9 | 30 | ((9+18)+3)=x | 9 18 + 3 + x = | 9:dollar 18:dollar +:dollar 3:dollar +:dollar x:dollar =:dollar
EXPR: 1 | POS | INT | 20 | 9 | 9 | x=((9+18)/3) | x 9 18 + 3 / = | x:LENGTH 9:LENGTH 18:LENGTH +:LENGTH 3:dollar /:LENGTH =:LENGTH
EXPR: 0 | POS | INT | 20 | 9 | 3 | x=(9-(18/3)) | x 9 18 3 / - = | x:eating 9:eating 18:eating 3:dollar /:eating -:eating =:eating
EXPR: 0 | POS | INT | 20 | 9 | 30 | x=(9+(18+3)) | x 9 18 3 + + = | x:dollar 9:dollar 18:dollar 3:dollar +:dollar +:dollar =:dollar
EXPR: 0 | POS | INT | 22 | 9 | 24 | (9-(3-18))=x | 9 3 18 - - x = | 9:dollar 3:dollar 18:dollar -:dollar -:dollar x:dollar =:dollar
EXPR: 0 | POS | INT | 22 | 9 | 45 | x=((9*3)+18) | x 9 3 * 18 + = | x:eating 9:dollar 3:eating *:eating 18:eating +:eating =:eating
EXPR: 1 | POS | INT | 22 | 9 | 9 | x=((9*3)-18) | x 9 3 * 18 - = | x:LENGTH 9:dollar 3:LENGTH *:LENGTH 18:LENGTH -:LENGTH =:LENGTH
EXPR: 0 | POS | INT | 22 | 9 | 45 | x=(18+(9*3)) | x 18 9 3 * + = | x:LENGTH 18:LENGTH 9:LENGTH 3:dollar *:LENGTH +:LENGTH =:LENGTH
EXPR: 0 | POS | INT | 22 | 9 | 15 | (18-(9/3))=x | 18 9 3 / - x = | 18:eating 9:eating 3:dollar /:eating -:eating x:eating =:eating
EXPR: 1 | POS | INT | 22 | 9 | 9 | ((9*3)-18)=x | 9 3 * 18 - x = | 9:dollar 3:eating *:eating 18:eating -:eating x:eating =:eating
EXPR: 0 | POS | INT | 22 | 9 | 27 | x=((18-9)*3) | x 18 9 - 3 * = | x:eating 18:eating 9:eating -:eating 3:dollar *:eating =:eating
EXPR: 0 | POS | INT | 22 | 9 | 21 | (18+(9/3))=x | 18 9 3 / + x = | 18:eating 9:eating 3:dollar /:eating +:eating x:eating =:eating
EXPR: 0 | POS | INT | 22 | 9 | 30 | x=((9+3)+18) | x 9 3 + 18 + = | x:dollar 9:dollar 3:dollar +:dollar 18:dollar +:dollar =:dollar
EXPR: 0 | POS | INT | 22 | 9 | 45 | ((9*3)+18)=x | 9 3 * 18 + x = | 9:dollar 3:eating *:eating 18:eating +:eating x:eating =:eating
EXPR: 0 | POS | INT | 22 | 9 | 45 | (18+(9*3))=x | 18 9 3 * + x = | 18:eating 9:eating 3:dollar *:eating +:eating x:eating =:eating
EXPR: 0 | POS | INT | 22 | 9 | 6 | x=(18-(9+3)) | x 18 9 3 + - = | x:dollar 18:dollar 9:dollar 3:dollar +:dollar -:dollar =:dollar
EXPR: 0 | POS | INT | 22 | 9 | 3 | x=((18-9)/3) | x 18 9 - 3 / = | x:eating 18:eating 9:eating -:eating 3:dollar /:eating =:eating
EXPR: 0 | POS | INT | 22 | 9 | 21 | x=((9/3)+18) | x 9 3 / 18 + = | x:LENGTH 9:LENGTH 3:dollar /:LENGTH 18:LENGTH +:LENGTH =:LENGTH
EXPR: 0 | POS | INT | 22 | 9 | 21 | ((9/3)+18)=x | 9 3 / 18 + x = | 9:eating 3:dollar /:eating 18:eating +:eating x:eating =:eating
EXPR: 0 | POS | INT | 22 | 9 | 5 | x=((18/9)+3) | x 18 9 / 3 + = | x:eating 18:eating 9:dollar /:eating 3:eating +:eating =:eating
EXPR: 0 | POS | INT | 22 | 9 | 21 | x=(18+(9/3)) | x 18 9 3 / + = | x:eating 18:eating 9:eating 3:dollar /:eating +:eating =:eating
EXPR: 0 | POS | INT | 22 | 9 | 1 | 9=(18/(3-x)) | 9 18 3 x - / = | 9:eating 18:eating 3:LENGTH x:LENGTH -:LENGTH /:eating =:eating
EXPR: 0 | POS | INT | 22 | 9 | 45 | 9=((x-18)/3) | 9 x 18 - 3 / = | 9:eating x:eating 18:eating -:eating 3:dollar /:eating =:eating
EXPR: 0 | POS | INT | 22 | 9 | 12 | x=((18-9)+3) | x 18 9 - 3 + = | x:dollar 18:dollar 9:dollar -:dollar 3:dollar +:dollar =:dollar
EXPR: 1 | POS | INT | 22 | 9 | 9 | 9=((x+18)/3) | 9 x 18 + 3 / = | 9:LENGTH x:LENGTH 18:LENGTH +:LENGTH 3:dollar /:LENGTH =:LENGTH
EXPR: 0 | POS | INT | 22 | 9 | 3 | 9=(18-(3*x)) | 9 18 3 x * - = | 9:eating 18:eating 3:dollar x:eating *:eating -:eating =:eating
EXPR: 0 | POS | INT | 22 | 9 | 24 | ((9+18)-x)=3 | 9 18 + x - 3 = | 9:dollar 18:dollar +:dollar x:dollar -:dollar 3:dollar =:dollar
EXPR: 0 | POS | INT | 22 | 9 | 12 | (9+(x-18))=3 | 9 x 18 - + 3 = | 9:dollar x:dollar 18:dollar -:dollar +:dollar 3:dollar =:dollar
EXPR: 0 | POS | INT | 22 | 9 | 6 | x=((18-9)-3) | x 18 9 - 3 - = | x:dollar 18:dollar 9:dollar -:dollar 3:dollar -:dollar =:dollar
EXPR: 0 | POS | INT | 22 | 9 | 159 | ((9*18)-x)=3 | 9 18 * x - 3 = | 9:dollar 18:eating *:eating x:eating -:eating 3:eating =:eating
EXPR: 0 | POS | INT | 22 | 9 | 5 | ((18/9)+3)=x | 18 9 / 3 + x = | 18:LENGTH 9:dollar /:LENGTH 3:LENGTH +:LENGTH x:LENGTH =:LENGTH
EXPR: 1 | POS | INT | 22 | 9 | 9 | 9=((18+x)/3) | 9 18 x + 3 / = | 9:eating 18:eating x:eating +:eating 3:dollar /:eating =:eating
EXPR: 0 | POS | INT | 22 | 9 | 24 | 9=((x-18)+3) | 9 x 18 - 3 + = | 9:dollar x:dollar 18:dollar -:dollar 3:dollar +:dollar =:dollar
EXPR: 0 | POS | INT | 22 | 9 | 24 | ((9-3)+18)=x | 9 3 - 18 + x = | 9:dollar 3:dollar -:dollar 18:dollar +:dollar x:dollar =:dollar
EXPR: 0 | POS | INT | 22 | 9 | 15 | x=(18-(9/3)) | x 18 9 3 / - = | x:LENGTH 18:LENGTH 9:LENGTH 3:dollar /:LENGTH -:LENGTH =:LENGTH
EXPR: 0 | POS | INT | 22 | 9 | 27 | ((18-9)*3)=x | 18 9 - 3 * x = | 18:dollar 9:dollar -:dollar 3:LENGTH *:LENGTH x:LENGTH =:LENGTH
EXPR: 0 | POS | INT | 22 | 9 | 45 | ((9+x)/18)=3 | 9 x + 18 / 3 = | 9:LENGTH x:LENGTH +:LENGTH 18:eating /:LENGTH 3:LENGTH =:LENGTH
EXPR: 0 | POS | INT | 22 | 9 | 30 | ((9+3)+18)=x | 9 3 + 18 + x = | 9:dollar 3:dollar +:dollar 18:dollar +:dollar x:dollar =:dollar
EXPR: 0 | POS | INT | 22 | 9 | 30 | x=(18+(9+3)) | x 18 9 3 + + = | x:dollar 18:dollar 9:dollar 3:dollar +:dollar +:dollar =:dollar
EXPR: 0 | POS | INT | 22 | 9 | 24 | (9-(x-18))=3 | 9 x 18 - - 3 = | 9:dollar x:dollar 18:dollar -:dollar -:dollar 3:dollar =:dollar
EXPR: 0 | POS | INT | 22 | 9 | 30 | 9=((x-18)-3) | 9 x 18 - 3 - = | 9:dollar x:dollar 18:dollar -:dollar 3:dollar -:dollar =:dollar
EXPR: 0 | POS | INT | 22 | 9 | 3 | 9=((18/x)+3) | 9 18 x / 3 + = | 9:eating 18:eating x:LENGTH /:eating 3:eating +:eating =:eating
EXPR: 0 | POS | INT | 22 | 9 | 216 | (18*(9+3))=x | 18 9 3 + * x = | 18:eating 9:LENGTH 3:LENGTH +:LENGTH *:LENGTH x:LENGTH =:LENGTH
EXPR: 0 | POS | INT | 22 | 9 | 5 | 9=(18/(x-3)) | 9 18 x 3 - / = | 9:eating 18:eating x:LENGTH 3:LENGTH -:LENGTH /:eating =:eating
EXPR: 0 | POS | INT | 22 | 9 | 81 | (x/(9+18))=3 | x 9 18 + / 3 = | x:dollar 9:eating 18:eating +:eating /:dollar 3:dollar =:dollar
EXPR: 0 | POS | INT | 22 | 9 | 12 | ((x+9)-18)=3 | x 9 + 18 - 3 = | x:dollar 9:dollar +:dollar 18:dollar -:dollar 3:dollar =:dollar
EXPR: 0 | POS | INT | 22 | 9 | 27 | 9=(18-(x/3)) | 9 18 x 3 / - = | 9:LENGTH 18:LENGTH x:LENGTH 3:dollar /:LENGTH -:LENGTH =:LENGTH
EXPR: 0 | POS | INT | 22 | 9 | 3 | 9=(18-(x*3)) | 9 18 x 3 * - = | 9:LENGTH 18:LENGTH x:LENGTH 3:dollar *:LENGTH -:LENGTH =:LENGTH
EXPR: 0 | POS | INT | 22 | 9 | 30 | 9=(x-(18+3)) | 9 x 18 3 + - = | 9:dollar x:dollar 18:dollar 3:dollar +:dollar -:dollar =:dollar
EXPR: 1 | POS | INT | 24 | 9 | 9 | 18=((9*3)-x) | 18 9 3 * x - = | 18:LENGTH 9:LENGTH 3:dollar *:LENGTH x:LENGTH -:LENGTH =:LENGTH
EXPR: 0 | POS | INT | 24 | 9 | 15 | 18=((9/3)+x) | 18 9 3 / x + = | 18:LENGTH 9:LENGTH 3:dollar /:LENGTH x:LENGTH +:LENGTH =:LENGTH
EXPR: 0 | POS | INT | 24 | 9 | 12 | (9+(x-3))=18 | 9 x 3 - + 18 = | 9:dollar x:dollar 3:dollar -:dollar +:dollar 18:dollar =:dollar
EXPR: 0 | POS | INT | 24 | 9 | 159 | 9=((x+3)/18) | 9 x 3 + 18 / = | 9:LENGTH x:LENGTH 3:LENGTH +:LENGTH 18:eating /:LENGTH =:LENGTH
EXPR: 0 | POS | INT | 24 | 9 | 3 | ((9-x)*3)=18 | 9 x - 3 * 18 = | 9:dollar x:dollar -:dollar 3:eating *:eating 18:eating =:eating
EXPR: 0 | POS | INT | 24 | 9 | 3 | (9-3)=(18/x) | 9 3 - 18 x / = | 9:dollar 3:dollar -:dollar 18:dollar x:LENGTH /:dollar =:dollar
EXPR: 0 | POS | INT | 24 | 9 | 45 | ((x+9)/3)=18 | x 9 + 3 / 18 = | x:eating 9:eating +:eating 3:dollar /:eating 18:eating =:eating
EXPR: 0 | POS | INT | 24 | 9 | 24 | 18=((x-9)+3) | 18 x 9 - 3 + = | 18:dollar x:dollar 9:dollar -:dollar 3:dollar +:dollar =:dollar
EXPR: 0 | POS | INT | 24 | 9 | 3 | (18/(9-x))=3 | 18 9 x - / 3 = | 18:eating 9:LENGTH x:LENGTH -:LENGTH /:eating 3:eating =:eating
EXPR: 0 | POS | INT | 24 | 9 | 1 | (9*(3-x))=18 | 9 3 x - * 18 = | 9:dollar 3:eating x:eating -:eating *:eating 18:eating =:eating
EXPR: 0 | POS | INT | 24 | 9 | 3 | (9+(3*x))=18 | 9 3 x * + 18 = | 9:LENGTH 3:dollar x:LENGTH *:LENGTH +:LENGTH 18:LENGTH =:LENGTH
EXPR: 0 | POS | INT | 24 | 9 | 15 | 18=((x-9)*3) | 18 x 9 - 3 * = | 18:dollar x:LENGTH 9:LENGTH -:LENGTH 3:dollar *:dollar =:dollar
EXPR: 0 | POS | INT | 24 | 9 | 24 | 9=((3-18)+x) | 9 3 18 - x + = | 9:dollar 3:dollar 18:dollar -:dollar x:dollar +:dollar =:dollar
EXPR: 0 | POS | INT | 24 | 9 | 5 | 18=(9*(x-3)) | 18 9 x 3 - * = | 18:LENGTH 9:dollar x:LENGTH 3:LENGTH -:LENGTH *:LENGTH =:LENGTH
EXPR: 0 | POS | INT | 24 | 9 | 30 | 18=((x-9)-3) | 18 x 9 - 3 - = | 18:dollar x:dollar 9:dollar -:dollar 3:dollar -:dollar =:dollar
EXPR: 0 | POS | INT | 24 | 9 | 27 | (x/(18-9))=3 | x 18 9 - / 3 = | x:LENGTH 18:dollar 9:dollar -:dollar /:LENGTH 3:LENGTH =:LENGTH
EXPR: 0 | POS | INT | 24 | 9 | 12 | (x+(9-3))=18 | x 9 3 - + 18 = | x:dollar 9:dollar 3:dollar -:dollar +:dollar 18:dollar =:dollar
EXPR: 0 | POS | INT | 24 | 9 | 24 | (x-(9-3))=18 | x 9 3 - - 18 = | x:dollar 9:dollar 3:dollar -:dollar -:dollar 18:dollar =:dollar
EXPR: 0 | POS | INT | 24 | 9 | 24 | ((18-x)+9)=3 | 18 x - 9 + 3 = | 18:dollar x:dollar -:dollar 9:dollar +:dollar 3:dollar =:dollar
EXPR: 0 | POS | INT | 24 | 9 | 3 | (18-9)=(x*3) | 18 9 - x 3 * = | 18:dollar 9:dollar -:dollar x:LENGTH 3:dollar *:dollar =:dollar
EXPR: 0 | POS | INT | 24 | 9 | 5 | (9*(x-3))=18 | 9 x 3 - * 18 = | 9:dollar x:LENGTH 3:LENGTH -:LENGTH *:LENGTH 18:LENGTH =:LENGTH
EXPR: 0 | POS | INT | 24 | 9 | 12 | 18=((9+x)-3) | 18 9 x + 3 - = | 18:dollar 9:dollar x:dollar +:dollar 3:dollar -:dollar =:dollar
EXPR: 0 | POS | INT | 24 | 9 | 54 | (x/18)=(9/3) | x 18 / 9 3 / = | x:LENGTH 18:eating /:LENGTH 9:LENGTH 3:dollar /:LENGTH =:LENGTH
EXPR: 0 | POS | INT | 24 | 9 | 45 | 18=((9+x)/3) | 18 9 x + 3 / = | 18:LENGTH 9:LENGTH x:LENGTH +:LENGTH 3:dollar /:LENGTH =:LENGTH
EXPR: 0 | POS | INT | 24 | 9 | 3 | (9+(x*3))=18 | 9 x 3 * + 18 = | 9:eating x:eating 3:dollar *:eating +:eating 18:eating =:eating
EXPR: 0 | POS | INT | 24 | 9 | 27 | (9+(x/3))=18 | 9 x 3 / + 18 = | 9:eating x:eating 3:dollar /:eating +:eating 18:eating =:eating
EXPR: 0 | POS | INT | 24 | 9 | 15 | 9=(3*(18-x)) | 9 3 18 x - * = | 9:eating 3:dollar 18:eating x:eating -:eating *:eating =:eating
EXPR: 0 | POS | INT | 24 | 9 | 45 | 18=(x-(9*3)) | 18 x 9 3 * - = | 18:eating x:eating 9:eating 3:dollar *:eating -:eating =:eating
EXPR: 0 | POS | INT | 24 | 9 | 135 | (18-(x/9))=3 | 18 x 9 / - 3 = | 18:eating x:eating 9:dollar /:eating -:eating 3:eating =:eating
EXPR: 0 | POS | INT | 24 | 9 | 6 | 18=((x+9)+3) | 18 x 9 + 3 + = | 18:dollar x:dollar 9:dollar +:dollar 3:dollar +:dollar =:dollar
EXPR: 0 | POS | INT | 24 | 9 | 12 | (x-(18-9))=3 | x 18 9 - - 3 = | x:dollar 18:dollar 9:dollar -:dollar -:dollar 3:dollar =:dollar
EXPR: 0 | POS | INT | 24 | 9 | 486 | (x/18)=(9*3) | x 18 / 9 3 * = | x:LENGTH 18:eating /:LENGTH 9:LENGTH 3:dollar *:LENGTH =:LENGTH
EXPR: 0 | POS | INT | 24 | 9 | 6 | ((9+x)+3)=18 | 9 x + 3 + 18 = | 9:dollar x:dollar +:dollar 3:dollar +:dollar 18:dollar =:dollar
EXPR: 0 | POS | INT | 24 | 9 | 6 | ((18-x)-9)=3 | 18 x - 9 - 3 = | 18:dollar x:dollar -:dollar 9:dollar -:dollar 3:dollar =:dollar
EXPR: 1 | POS | INT | 24 | 9 | 9 | ((9*3)-x)=18 | 9 3 * x - 18 = | 9:dollar 3:eating *:eating x:eating -:eating 18:eating =:eating
EXPR: 0 | POS | INT | 24 | 9 | 15 | (x+(9/3))=18 | x 9 3 / + 18 = | x:eating 9:eating 3:dollar /:eating +:eating 18:eating =:eating
EXPR: 0 | POS | INT | 24 | 9 | 21 | (x-(9/3))=18 | x 9 3 / - 18 = | x:eating 9:eating 3:dollar /:eating -:eating 18:eating =:eating
EXPR: 0 | POS | INT | 24 | 9 | 6 | (18/9)=(x/3) | 18 9 / x 3 / = | 18:LENGTH 9:dollar /:LENGTH x:LENGTH 3:dollar /:LENGTH =:LENGTH
EXPR: 0 | POS | INT | 24 | 9 | 12 | ((9+x)-3)=18 | 9 x + 3 - 18 = | 9:dollar x:dollar +:dollar 3:dollar -:dollar 18:dollar =:dollar
EXPR: 0 | POS | INT | 24 | 9 | 6 | 18=((9+x)+3) | 18 9 x + 3 + = | 18:dollar 9:dollar x:dollar +:dollar 3:dollar +:dollar =:dollar
EXPR: 0 | POS | INT | 24 | 9 | 6 | 18=((9+3)+x) | 18 9 3 + x + = | 18:dollar 9:dollar 3:dollar +:dollar x:dollar +:dollar =:dollar
EXPR: 0 | POS | INT | 24 | 9 | 45 | (x-(9*3))=18 | x 9 3 * - 18 = | x:eating 9:eating 3:dollar *:eating -:eating 18:eating =:eating
EXPR: 0 | POS | INT | 24 | 9 | 1 | (x+(18/9))=3 | x 18 9 / + 3 = | x:eating 18:eating 9:dollar /:eating +:eating 3:eating =:eating
EXPR: 0 | POS | INT | 24 | 9 | 5 | (x-(18/9))=3 | x 18 9 / - 3 = | x:eating 18:eating 9:dollar /:eating -:eating 3:eating =:eating
EXPR: 0 | POS | INT | 24 | 9 | 15 | ((9/3)+x)=18 | 9 3 / x + 18 = | 9:LENGTH 3:dollar /:LENGTH x:LENGTH +:LENGTH 18:LENGTH =:LENGTH
EXPR: 0 | POS | INT | 24 | 9 | 12 | 9=((3-x)+18) | 9 3 x - 18 + = | 9:dollar 3:dollar x:dollar -:dollar 18:dollar +:dollar =:dollar
EXPR: 0 | POS | INT | 24 | 9 | 3 | 9=(3+(18/x)) | 9 3 18 x / + = | 9:eating 3:eating 18:eating x:LENGTH /:eating +:eating =:eating
EXPR: 0 | POS | INT | 24 | 9 | 24 | (18-(x-9))=3 | 18 x 9 - - 3 = | 18:dollar x:dollar 9:dollar -:dollar -:dollar 3:dollar =:dollar
EXPR: 0 | POS | INT | 24 | 9 | 12 | 18=((x+9)-3) | 18 x 9 + 3 - = | 18:dollar x:dollar 9:dollar +:dollar 3:dollar -:dollar =:dollar
EXPR: 1 | POS | INT | 24 | 9 | 9 | 9=((3*x)-18) | 9 3 x * 18 - = | 9:eating 3:eating x:LENGTH *:eating 18:eating -:eating =:eating
EXPR: 0 | POS | INT | 24 | 9 | 27 | 18=(9+(x/3)) | 18 9 x 3 / + = | 18:LENGTH 9:LENGTH x:LENGTH 3:dollar /:LENGTH +:LENGTH =:LENGTH
EXPR: 0 | POS | INT | 24 | 9 | 21 | 9=(3*(x-18)) | 9 3 x 18 - * = | 9:eating 3:dollar x:eating 18:eating -:eating *:eating =:eating
EXPR: 0 | POS | INT | 24 | 9 | 6 | (18-(9+x))=3 | 18 9 x + - 3 = | 18:dollar 9:dollar x:dollar +:dollar -:dollar 3:dollar =:dollar
EXPR: 0 | POS | INT | 24 | 9 | 1 | 18=(9*(3-x)) | 18 9 3 x - * = | 18:eating 9:eating 3:LENGTH x:LENGTH -:LENGTH *:eating =:eating
EXPR: 0 | POS | INT | 24 | 9 | 12 | 18=((9-3)+x) | 18 9 3 - x + = | 18:dollar 9:dollar 3:dollar -:dollar x:dollar +:dollar =:dollar
EXPR: 0 | POS | INT | 24 | 9 | 1 | ((18/9)+x)=3 | 18 9 / x + 3 = | 18:LENGTH 9:dollar /:LENGTH x:LENGTH +:LENGTH 3:LENGTH =:LENGTH
EXPR: 0 | POS | INT | 24 | 9 | 3 | ((18-9)/x)=3 | 18 9 - x / 3 = | 18:eating 9:eating -:eating x:LENGTH /:eating 3:eating =:eating
EXPR: 0 | POS | INT | 25 | 9 | 135 | x=((18-3)*9) | x 18 3 - 9 * = | x:eating 18:eating 3:eating -:eating 9:dollar *:eating =:eating
EXPR: 0 | POS | INT | 25 | 9 | 12 | (18+(3-9))=x | 18 3 9 - + x = | 18:dollar 3:dollar 9:dollar -:dollar +:dollar x:dollar =:dollar
EXPR: 0 | POS | INT | 25 | 9 | 165 | x=(3+(9*18)) | x 3 9 18 * + = | x:eating 3:eating 9:dollar 18:eating *:eating +:eating =:eating
EXPR: 0 | POS | INT | 25 | 9 | 15 | ((18/3)+9)=x | 18 3 / 9 + x = | 18:eating 3:dollar /:eating 9:eating +:eating x:eating =:eating
EXPR: 0 | POS | INT | 25 | 9 | 135 | ((18-3)*9)=x | 18 3 - 9 * x = | 18:LENGTH 3:LENGTH -:LENGTH 9:dollar *:LENGTH x:LENGTH =:LENGTH
EXPR: 0 | POS | INT | 25 | 9 | 189 | ((18+3)*9)=x | 18 3 + 9 * x = | 18:LENGTH 3:LENGTH +:LENGTH 9:dollar *:LENGTH x:LENGTH =:LENGTH
EXPR: 0 | POS | INT | 25 | 9 | 45 | x=((18*3)-9) | x 18 3 * 9 - = | x:eating 18:eating 3:dollar *:eating 9:eating -:eating =:eating
EXPR: 0 | POS | INT | 25 | 9 | 15 | x=((18/3)+9) | x 18 3 / 9 + = | x:eating 18:eating 3:dollar /:eating 9:eating +:eating =:eating
EXPR: 0 | POS | INT | 25 | 9 | 81 | (3*(9+18))=x | 3 9 18 + * x = | 3:dollar 9:eating 18:eating +:eating *:eating x:eating =:eating
EXPR: 0 | POS | INT | 25 | 9 | 189 | x=((18+3)*9) | x 18 3 + 9 * = | x:LENGTH 18:eating 3:eating +:eating 9:LENGTH *:LENGTH =:LENGTH
EXPR: 0 | POS | INT | 25 | 9 | 24 | (18-(3-9))=x | 18 3 9 - - x = | 18:dollar 3:dollar 9:dollar -:dollar -:dollar x:dollar =:dollar
EXPR: 0 | POS | INT | 25 | 9 | 24 | ((18-3)+9)=x | 18 3 - 9 + x = | 18:dollar 3:dollar -:dollar 9:dollar +:dollar x:dollar =:dollar
EXPR: 0 | POS | INT | 25 | 9 | 30 | (3+(9+18))=x | 3 9 18 + + x = | 3:dollar 9:dollar 18:dollar +:dollar +:dollar x:dollar =:dollar
EXPR: 0 | POS | INT | 25 | 9 | 12 | ((18+3)-9)=x | 18 3 + 9 - x = | 18:dollar 3:dollar +:dollar 9:dollar -:dollar x:dollar =:dollar
EXPR: 0 | POS | INT | 25 | 9 | 12 | x=((18+3)-9) | x 18 3 + 9 - = | x:dollar 18:dollar 3:dollar +:dollar 9:dollar -:dollar =:dollar
EXPR: 0 | POS | INT | 25 | 9 | 81 | x=(3*(9+18)) | x 3 9 18 + * = | x:LENGTH 3:LENGTH 9:dollar 18:dollar +:dollar *:LENGTH =:LENGTH
NET 191 unique, non-negative, integer-valued solutions found out of 1000 total solutions
