parameters: n=7 l=3 k=1 p=5 q=2 m=9
TOTAL 1000 solutions found
SOLN: CORRECT | POS/NEG | INT/FRA | OBJ-SCORE | TRUE-ANS | ANS | INFIX | POSTFIX | TYPED-POSTFIX
EXPR: 1 | POS | INT | 2 | 4 | 4 | (x*(17-15))=8 | x 17 15 - * 8 = | x:LENGTH 17:problem 15:problem -:problem *:problem 8:problem =:problem
EXPR: 1 | POS | INT | 2 | 4 | 4 | ((17+15)/x)=8 | 17 15 + x / 8 = | 17:problem 15:problem +:problem x:LENGTH /:problem 8:problem =:problem
EXPR: 1 | POS | INT | 2 | 4 | 4 | ((17-15)*x)=8 | 17 15 - x * 8 = | 17:problem 15:problem -:problem x:LENGTH *:problem 8:problem =:problem
EXPR: 1 | POS | INT | 2 | 4 | 4 | 17=(15+(8/x)) | 17 15 8 x / + = | 17:problem 15:problem 8:problem x:LENGTH /:problem +:problem =:problem
EXPR: 1 | POS | INT | 4 | 4 | 4 | 17=((x*8)-15) | 17 x 8 * 15 - = | 17:problem x:LENGTH 8:problem *:problem 15:problem -:problem =:problem
EXPR: 1 | POS | INT | 4 | 4 | 4 | 17=((8*x)-15) | 17 8 x * 15 - = | 17:problem 8:problem x:LENGTH *:problem 15:problem -:problem =:problem
EXPR: 1 | POS | INT | 4 | 4 | 4 | 17=((8/x)+15) | 17 8 x / 15 + = | 17:problem 8:problem x:LENGTH /:problem 15:problem +:problem =:problem
EXPR: 1 | POS | INT | 4 | 4 | 4 | (17-(8/x))=15 | 17 8 x / - 15 = | 17:problem 8:problem x:LENGTH /:problem -:problem 15:problem =:problem
EXPR: 1 | POS | INT | 4 | 4 | 4 | 15=(17-(8/x)) | 15 17 8 x / - = | 15:problem 17:problem 8:problem x:LENGTH /:problem -:problem =:problem
EXPR: 1 | POS | INT | 7 | 4 | 4 | 15=((8*x)-17) | 15 8 x * 17 - = | 15:problem 8:problem x:LENGTH *:problem 17:problem -:problem =:problem
EXPR: 1 | POS | INT | 7 | 4 | 4 | ((x*8)-17)=15 | x 8 * 17 - 15 = | x:LENGTH 8:problem *:problem 17:problem -:problem 15:problem =:problem
EXPR: 1 | POS | INT | 7 | 4 | 4 | (15+(8/x))=17 | 15 8 x / + 17 = | 15:problem 8:problem x:LENGTH /:problem +:problem 17:problem =:problem
EXPR: 1 | POS | INT | 7 | 4 | 4 | 15=((x*8)-17) | 15 x 8 * 17 - = | 15:problem x:LENGTH 8:problem *:problem 17:problem -:problem =:problem
EXPR: 1 | POS | INT | 7 | 4 | 4 | 8=((17+15)/x) | 8 17 15 + x / = | 8:problem 17:problem 15:problem +:problem x:LENGTH /:problem =:problem
EXPR: 1 | POS | INT | 7 | 4 | 4 | 8=((17-15)*x) | 8 17 15 - x * = | 8:problem 17:problem 15:problem -:problem x:LENGTH *:problem =:problem
EXPR: 1 | POS | INT | 7 | 4 | 4 | ((8*x)-17)=15 | 8 x * 17 - 15 = | 8:problem x:LENGTH *:problem 17:problem -:problem 15:problem =:problem
EXPR: 1 | POS | INT | 7 | 4 | 4 | 8=(x*(17-15)) | 8 x 17 15 - * = | 8:problem x:LENGTH 17:problem 15:problem -:problem *:problem =:problem
EXPR: 1 | POS | INT | 9 | 4 | 4 | ((8*x)-15)=17 | 8 x * 15 - 17 = | 8:problem x:LENGTH *:problem 15:problem -:problem 17:problem =:problem
EXPR: 1 | POS | INT | 9 | 4 | 4 | ((x*8)-15)=17 | x 8 * 15 - 17 = | x:LENGTH 8:problem *:problem 15:problem -:problem 17:problem =:problem
EXPR: 1 | POS | INT | 9 | 4 | 4 | ((8/x)+15)=17 | 8 x / 15 + 17 = | 8:problem x:LENGTH /:problem 15:problem +:problem 17:problem =:problem
EXPR: 0 | POS | INT | 10 | 4 | 256 | x=((17+15)*8) | x 17 15 + 8 * = | x:LENGTH 17:problem 15:problem +:problem 8:LENGTH *:LENGTH =:LENGTH
EXPR: 0 | POS | INT | 10 | 4 | 391 | x=(17*(15+8)) | x 17 15 8 + * = | x:LENGTH 17:LENGTH 15:problem 8:problem +:problem *:LENGTH =:LENGTH
EXPR: 0 | POS | INT | 10 | 4 | 119 | x=(17*(15-8)) | x 17 15 8 - * = | x:LENGTH 17:LENGTH 15:problem 8:problem -:problem *:LENGTH =:LENGTH
EXPR: 0 | POS | INT | 10 | 4 | 16 | ((17-15)*8)=x | 17 15 - 8 * x = | 17:problem 15:problem -:problem 8:LENGTH *:LENGTH x:LENGTH =:LENGTH
EXPR: 0 | POS | INT | 10 | 4 | 24 | ((17+15)-8)=x | 17 15 + 8 - x = | 17:problem 15:problem +:problem 8:problem -:problem x:problem =:problem
EXPR: 0 | POS | INT | 10 | 4 | 10 | (17-(15-8))=x | 17 15 8 - - x = | 17:problem 15:problem 8:problem -:problem -:problem x:problem =:problem
EXPR: 0 | POS | INT | 10 | 4 | 119 | (17*(15-8))=x | 17 15 8 - * x = | 17:LENGTH 15:problem 8:problem -:problem *:LENGTH x:LENGTH =:LENGTH
EXPR: 0 | POS | INT | 10 | 4 | 10 | ((17-15)+8)=x | 17 15 - 8 + x = | 17:problem 15:problem -:problem 8:problem +:problem x:problem =:problem
EXPR: 0 | POS | INT | 10 | 4 | 24 | x=(17+(15-8)) | x 17 15 8 - + = | x:problem 17:problem 15:problem 8:problem -:problem +:problem =:problem
EXPR: 0 | POS | INT | 10 | 4 | 40 | ((17+15)+8)=x | 17 15 + 8 + x = | 17:problem 15:problem +:problem 8:problem +:problem x:problem =:problem
EXPR: 0 | POS | INT | 10 | 4 | 24 | (17+(15-8))=x | 17 15 8 - + x = | 17:problem 15:problem 8:problem -:problem +:problem x:problem =:problem
EXPR: 0 | POS | INT | 10 | 4 | 16 | x=((17-15)*8) | x 17 15 - 8 * = | x:LENGTH 17:problem 15:problem -:problem 8:LENGTH *:LENGTH =:LENGTH
EXPR: 0 | POS | INT | 10 | 4 | 40 | x=(17+(15+8)) | x 17 15 8 + + = | x:problem 17:problem 15:problem 8:problem +:problem +:problem =:problem
EXPR: 0 | POS | INT | 10 | 4 | 256 | ((17+15)*8)=x | 17 15 + 8 * x = | 17:problem 15:problem +:problem 8:LENGTH *:LENGTH x:LENGTH =:LENGTH
EXPR: 0 | POS | INT | 10 | 4 | 40 | (17+(15+8))=x | 17 15 8 + + x = | 17:problem 15:problem 8:problem +:problem +:problem x:problem =:problem
EXPR: 0 | POS | INT | 10 | 4 | 10 | x=(17-(15-8)) | x 17 15 8 - - = | x:problem 17:problem 15:problem 8:problem -:problem -:problem =:problem
EXPR: 0 | POS | INT | 10 | 4 | 391 | (17*(15+8))=x | 17 15 8 + * x = | 17:LENGTH 15:problem 8:problem +:problem *:LENGTH x:LENGTH =:LENGTH
EXPR: 0 | POS | INT | 10 | 4 | 24 | x=((17+15)-8) | x 17 15 + 8 - = | x:problem 17:problem 15:problem +:problem 8:problem -:problem =:problem
EXPR: 0 | POS | INT | 10 | 4 | 10 | x=((17-15)+8) | x 17 15 - 8 + = | x:problem 17:problem 15:problem -:problem 8:problem +:problem =:problem
EXPR: 0 | POS | INT | 10 | 4 | 40 | x=((17+15)+8) | x 17 15 + 8 + = | x:problem 17:problem 15:problem +:problem 8:problem +:problem =:problem
EXPR: 0 | POS | INT | 12 | 4 | 391 | 17=(x/(15+8)) | 17 x 15 8 + / = | 17:LENGTH x:LENGTH 15:problem 8:problem +:problem /:LENGTH =:LENGTH
EXPR: 0 | POS | INT | 12 | 4 | 256 | (x/(17+15))=8 | x 17 15 + / 8 = | x:LENGTH 17:problem 15:problem +:problem /:LENGTH 8:LENGTH =:LENGTH
EXPR: 0 | POS | INT | 12 | 4 | 6 | ((17+x)-15)=8 | 17 x + 15 - 8 = | 17:problem x:problem +:problem 15:problem -:problem 8:problem =:problem
EXPR: 0 | POS | INT | 12 | 4 | 40 | (x-(17+15))=8 | x 17 15 + - 8 = | x:problem 17:problem 15:problem +:problem -:problem 8:problem =:problem
EXPR: 0 | POS | INT | 12 | 4 | 10 | 17=((x+15)-8) | 17 x 15 + 8 - = | 17:problem x:problem 15:problem +:problem 8:problem -:problem =:problem
EXPR: 0 | POS | INT | 12 | 4 | 10 | 17=((15-8)+x) | 17 15 8 - x + = | 17:problem 15:problem 8:problem -:problem x:problem +:problem =:problem
EXPR: 0 | POS | INT | 12 | 4 | 6 | 17=(15-(x-8)) | 17 15 x 8 - - = | 17:problem 15:problem x:problem 8:problem -:problem -:problem =:problem
EXPR: 0 | POS | INT | 12 | 4 | 375 | x=(15*(17+8)) | x 15 17 8 + * = | x:LENGTH 15:LENGTH 17:problem 8:problem +:problem *:LENGTH =:LENGTH
EXPR: 0 | POS | INT | 12 | 4 | 6 | 17=((15-x)+8) | 17 15 x - 8 + = | 17:problem 15:problem x:problem -:problem 8:problem +:problem =:problem
EXPR: 0 | POS | INT | 12 | 4 | 24 | ((17-x)+15)=8 | 17 x - 15 + 8 = | 17:problem x:problem -:problem 15:problem +:problem 8:problem =:problem
EXPR: 0 | POS | INT | 12 | 4 | 119 | 17=(x/(15-8)) | 17 x 15 8 - / = | 17:LENGTH x:LENGTH 15:problem 8:problem -:problem /:LENGTH =:LENGTH
EXPR: 1 | POS | INT | 12 | 4 | 4 | (17+15)=(8*x) | 17 15 + 8 x * = | 17:problem 15:problem +:problem 8:problem x:LENGTH *:problem =:problem
EXPR: 0 | POS | INT | 12 | 4 | 16 | (x/(17-15))=8 | x 17 15 - / 8 = | x:LENGTH 17:problem 15:problem -:problem /:LENGTH 8:LENGTH =:LENGTH
EXPR: 1 | POS | INT | 12 | 4 | 4 | (17+15)=(x*8) | 17 15 + x 8 * = | 17:problem 15:problem +:problem x:LENGTH 8:problem *:problem =:problem
EXPR: 0 | POS | INT | 12 | 4 | 10 | ((17+8)-15)=x | 17 8 + 15 - x = | 17:problem 8:problem +:problem 15:problem -:problem x:problem =:problem
EXPR: 0 | POS | INT | 12 | 4 | 375 | x=((17+8)*15) | x 17 8 + 15 * = | x:LENGTH 17:problem 8:problem +:problem 15:LENGTH *:LENGTH =:LENGTH
EXPR: 0 | POS | INT | 12 | 4 | 24 | (17-(8-15))=x | 17 8 15 - - x = | 17:problem 8:problem 15:problem -:problem -:problem x:problem =:problem
EXPR: 0 | POS | INT | 12 | 4 | 6 | ((x+17)-15)=8 | x 17 + 15 - 8 = | x:problem 17:problem +:problem 15:problem -:problem 8:problem =:problem
EXPR: 0 | POS | INT | 12 | 4 | 40 | ((x-17)-15)=8 | x 17 - 15 - 8 = | x:problem 17:problem -:problem 15:problem -:problem 8:problem =:problem
EXPR: 0 | POS | INT | 12 | 4 | 135 | x=(15*(17-8)) | x 15 17 8 - * = | x:LENGTH 15:LENGTH 17:problem 8:problem -:problem *:LENGTH =:LENGTH
EXPR: 0 | POS | INT | 12 | 4 | 10 | x=(17+(8-15)) | x 17 8 15 - + = | x:problem 17:problem 8:problem 15:problem -:problem +:problem =:problem
EXPR: 0 | POS | INT | 12 | 4 | 24 | ((17-8)+15)=x | 17 8 - 15 + x = | 17:problem 8:problem -:problem 15:problem +:problem x:problem =:problem
EXPR: 0 | POS | INT | 12 | 4 | 10 | (17+(8-15))=x | 17 8 15 - + x = | 17:problem 8:problem 15:problem -:problem +:problem x:problem =:problem
EXPR: 0 | POS | INT | 12 | 4 | 135 | ((17-8)*15)=x | 17 8 - 15 * x = | 17:problem 8:problem -:problem 15:LENGTH *:LENGTH x:LENGTH =:LENGTH
EXPR: 0 | POS | INT | 12 | 4 | 24 | (17-(x-15))=8 | 17 x 15 - - 8 = | 17:problem x:problem 15:problem -:problem -:problem 8:problem =:problem
EXPR: 0 | POS | INT | 12 | 4 | 135 | x=((17-8)*15) | x 17 8 - 15 * = | x:LENGTH 17:problem 8:problem -:problem 15:LENGTH *:LENGTH =:LENGTH
EXPR: 0 | POS | INT | 12 | 4 | 24 | ((17+15)-x)=8 | 17 15 + x - 8 = | 17:problem 15:problem +:problem x:problem -:problem 8:problem =:problem
EXPR: 0 | POS | INT | 12 | 4 | 6 | ((17-15)+x)=8 | 17 15 - x + 8 = | 17:problem 15:problem -:problem x:problem +:problem 8:problem =:problem
EXPR: 0 | POS | INT | 12 | 4 | 24 | x=(15+(17-8)) | x 15 17 8 - + = | x:problem 15:problem 17:problem 8:problem -:problem +:problem =:problem
EXPR: 0 | POS | INT | 12 | 4 | 10 | ((x-17)+15)=8 | x 17 - 15 + 8 = | x:problem 17:problem -:problem 15:problem +:problem 8:problem =:problem
EXPR: 0 | POS | INT | 12 | 4 | 40 | 17=(x-(15+8)) | 17 x 15 8 + - = | 17:problem x:problem 15:problem 8:problem +:problem -:problem =:problem
EXPR: 0 | POS | INT | 12 | 4 | 40 | x=(15+(17+8)) | x 15 17 8 + + = | x:problem 15:problem 17:problem 8:problem +:problem +:problem =:problem
EXPR: 0 | POS | INT | 12 | 4 | 40 | ((17+8)+15)=x | 17 8 + 15 + x = | 17:problem 8:problem +:problem 15:problem +:problem x:problem =:problem
EXPR: 0 | POS | INT | 12 | 4 | 40 | (15+(17+8))=x | 15 17 8 + + x = | 15:problem 17:problem 8:problem +:problem +:problem x:problem =:problem
EXPR: 0 | POS | INT | 12 | 4 | 6 | (15-(17-8))=x | 15 17 8 - - x = | 15:problem 17:problem 8:problem -:problem -:problem x:problem =:problem
EXPR: 0 | POS | INT | 12 | 4 | 6 | (17+(x-15))=8 | 17 x 15 - + 8 = | 17:problem x:problem 15:problem -:problem +:problem 8:problem =:problem
EXPR: 0 | POS | INT | 12 | 4 | 6 | x=(15-(17-8)) | x 15 17 8 - - = | x:problem 15:problem 17:problem 8:problem -:problem -:problem =:problem
EXPR: 0 | POS | INT | 12 | 4 | 375 | (15*(17+8))=x | 15 17 8 + * x = | 15:LENGTH 17:problem 8:problem +:problem *:LENGTH x:LENGTH =:LENGTH
EXPR: 0 | POS | INT | 12 | 4 | 6 | ((15-17)+8)=x | 15 17 - 8 + x = | 15:problem 17:problem -:problem 8:problem +:problem x:problem =:problem
EXPR: 0 | POS | INT | 12 | 4 | 10 | (x-(17-15))=8 | x 17 15 - - 8 = | x:problem 17:problem 15:problem -:problem -:problem 8:problem =:problem
EXPR: 1 | POS | INT | 12 | 4 | 4 | (17-15)=(8/x) | 17 15 - 8 x / = | 17:problem 15:problem -:problem 8:problem x:LENGTH /:problem =:problem
EXPR: 0 | POS | INT | 12 | 4 | 10 | 17=(x+(15-8)) | 17 x 15 8 - + = | 17:problem x:problem 15:problem 8:problem -:problem +:problem =:problem
EXPR: 0 | POS | INT | 12 | 4 | 24 | (15+(17-8))=x | 15 17 8 - + x = | 15:problem 17:problem 8:problem -:problem +:problem x:problem =:problem
EXPR: 0 | POS | INT | 12 | 4 | 10 | 17=(15+(x-8)) | 17 15 x 8 - + = | 17:problem 15:problem x:problem 8:problem -:problem +:problem =:problem
EXPR: 0 | POS | INT | 12 | 4 | 10 | 17=(15-(8-x)) | 17 15 8 x - - = | 17:problem 15:problem 8:problem x:problem -:problem -:problem =:problem
EXPR: 0 | POS | INT | 12 | 4 | 6 | x=((15-17)+8) | x 15 17 - 8 + = | x:problem 15:problem 17:problem -:problem 8:problem +:problem =:problem
EXPR: 0 | POS | INT | 12 | 4 | 24 | x=((17-8)+15) | x 17 8 - 15 + = | x:problem 17:problem 8:problem -:problem 15:problem +:problem =:problem
EXPR: 0 | POS | INT | 12 | 4 | 6 | 17=((15+8)-x) | 17 15 8 + x - = | 17:problem 15:problem 8:problem +:problem x:problem -:problem =:problem
EXPR: 0 | POS | INT | 12 | 4 | 24 | x=(17-(8-15)) | x 17 8 15 - - = | x:problem 17:problem 8:problem 15:problem -:problem -:problem =:problem
EXPR: 0 | POS | INT | 12 | 4 | 10 | 17=((15+x)-8) | 17 15 x + 8 - = | 17:problem 15:problem x:problem +:problem 8:problem -:problem =:problem
EXPR: 0 | POS | INT | 12 | 4 | 10 | x=((17+8)-15) | x 17 8 + 15 - = | x:problem 17:problem 8:problem +:problem 15:problem -:problem =:problem
EXPR: 0 | POS | INT | 12 | 4 | 6 | (x+(17-15))=8 | x 17 15 - + 8 = | x:problem 17:problem 15:problem -:problem +:problem 8:problem =:problem
EXPR: 0 | POS | INT | 12 | 4 | 40 | x=((17+8)+15) | x 17 8 + 15 + = | x:problem 17:problem 8:problem +:problem 15:problem +:problem =:problem
EXPR: 0 | POS | INT | 12 | 4 | 6 | 17=(15+(8-x)) | 17 15 8 x - + = | 17:problem 15:problem 8:problem x:problem -:problem +:problem =:problem
EXPR: 0 | POS | INT | 12 | 4 | 24 | 17=((x-15)+8) | 17 x 15 - 8 + = | 17:problem x:problem 15:problem -:problem 8:problem +:problem =:problem
EXPR: 0 | POS | INT | 12 | 4 | 40 | 17=((x-15)-8) | 17 x 15 - 8 - = | 17:problem x:problem 15:problem -:problem 8:problem -:problem =:problem
EXPR: 0 | POS | INT | 12 | 4 | 135 | (15*(17-8))=x | 15 17 8 - * x = | 15:LENGTH 17:problem 8:problem -:problem *:LENGTH x:LENGTH =:LENGTH
EXPR: 0 | POS | INT | 12 | 4 | 24 | 17=(x-(15-8)) | 17 x 15 8 - - = | 17:problem x:problem 15:problem 8:problem -:problem -:problem =:problem
EXPR: 0 | POS | INT | 12 | 4 | 6 | (17-(15-x))=8 | 17 15 x - - 8 = | 17:problem 15:problem x:problem -:problem -:problem 8:problem =:problem
EXPR: 0 | POS | INT | 12 | 4 | 24 | (17+(15-x))=8 | 17 15 x - + 8 = | 17:problem 15:problem x:problem -:problem +:problem 8:problem =:problem
EXPR: 0 | POS | INT | 12 | 4 | 375 | ((17+8)*15)=x | 17 8 + 15 * x = | 17:problem 8:problem +:problem 15:LENGTH *:LENGTH x:LENGTH =:LENGTH
EXPR: 0 | POS | INT | 14 | 4 | 24 | 17=((x+8)-15) | 17 x 8 + 15 - = | 17:problem x:problem 8:problem +:problem 15:problem -:problem =:problem
EXPR: 0 | POS | INT | 14 | 4 | 6 | ((17+x)-8)=15 | 17 x + 8 - 15 = | 17:problem x:problem +:problem 8:problem -:problem 15:problem =:problem
EXPR: 0 | POS | INT | 14 | 4 | 24 | 15=(x-(17-8)) | 15 x 17 8 - - = | 15:problem x:problem 17:problem 8:problem -:problem -:problem =:problem
EXPR: 0 | POS | INT | 14 | 4 | 40 | 15=(x-(17+8)) | 15 x 17 8 + - = | 15:problem x:problem 17:problem 8:problem +:problem -:problem =:problem
EXPR: 0 | POS | INT | 14 | 4 | 6 | 15=(x+(17-8)) | 15 x 17 8 - + = | 15:problem x:problem 17:problem 8:problem -:problem +:problem =:problem
EXPR: 0 | POS | INT | 14 | 4 | 375 | 15=(x/(17+8)) | 15 x 17 8 + / = | 15:LENGTH x:LENGTH 17:problem 8:problem +:problem /:LENGTH =:LENGTH
EXPR: 0 | POS | INT | 14 | 4 | 6 | 17=(8-(x-15)) | 17 8 x 15 - - = | 17:problem 8:problem x:problem 15:problem -:problem -:problem =:problem
EXPR: 0 | POS | INT | 14 | 4 | 40 | (x-(17+8))=15 | x 17 8 + - 15 = | x:problem 17:problem 8:problem +:problem -:problem 15:problem =:problem
EXPR: 0 | POS | INT | 14 | 4 | 24 | 17=((8-15)+x) | 17 8 15 - x + = | 17:problem 8:problem 15:problem -:problem x:problem +:problem =:problem
EXPR: 0 | POS | INT | 14 | 4 | 24 | 17=((8+x)-15) | 17 8 x + 15 - = | 17:problem 8:problem x:problem +:problem 15:problem -:problem =:problem
EXPR: 0 | POS | INT | 14 | 4 | 24 | ((15-x)+17)=8 | 15 x - 17 + 8 = | 15:problem x:problem -:problem 17:problem +:problem 8:problem =:problem
EXPR: 0 | POS | INT | 14 | 4 | 24 | 17=(8+(x-15)) | 17 8 x 15 - + = | 17:problem 8:problem x:problem 15:problem -:problem +:problem =:problem
EXPR: 0 | POS | INT | 14 | 4 | 6 | 15=((x+17)-8) | 15 x 17 + 8 - = | 15:problem x:problem 17:problem +:problem 8:problem -:problem =:problem
EXPR: 0 | POS | INT | 14 | 4 | 6 | ((x+17)-8)=15 | x 17 + 8 - 15 = | x:problem 17:problem +:problem 8:problem -:problem 15:problem =:problem
EXPR: 0 | POS | INT | 14 | 4 | 40 | ((x-17)-8)=15 | x 17 - 8 - 15 = | x:problem 17:problem -:problem 8:problem -:problem 15:problem =:problem
EXPR: 0 | POS | INT | 14 | 4 | 10 | (17-(x-8))=15 | 17 x 8 - - 15 = | 17:problem x:problem 8:problem -:problem -:problem 15:problem =:problem
EXPR: 0 | POS | INT | 14 | 4 | 10 | ((17-x)+8)=15 | 17 x - 8 + 15 = | 17:problem x:problem -:problem 8:problem +:problem 15:problem =:problem
EXPR: 0 | POS | INT | 14 | 4 | 24 | 15=((x-17)+8) | 15 x 17 - 8 + = | 15:problem x:problem 17:problem -:problem 8:problem +:problem =:problem
EXPR: 0 | POS | INT | 14 | 4 | 6 | (17-(8-x))=15 | 17 8 x - - 15 = | 17:problem 8:problem x:problem -:problem -:problem 15:problem =:problem
EXPR: 0 | POS | INT | 14 | 4 | 10 | (17+(8-x))=15 | 17 8 x - + 15 = | 17:problem 8:problem x:problem -:problem +:problem 15:problem =:problem
EXPR: 0 | POS | INT | 14 | 4 | 24 | (15-(x-17))=8 | 15 x 17 - - 8 = | 15:problem x:problem 17:problem -:problem -:problem 8:problem =:problem
EXPR: 0 | POS | INT | 14 | 4 | 375 | (x/(17+8))=15 | x 17 8 + / 15 = | x:LENGTH 17:problem 8:problem +:problem /:LENGTH 15:LENGTH =:LENGTH
EXPR: 0 | POS | INT | 14 | 4 | 6 | ((17-8)+x)=15 | 17 8 - x + 15 = | 17:problem 8:problem -:problem x:problem +:problem 15:problem =:problem
EXPR: 0 | POS | INT | 14 | 4 | 40 | ((x-15)-17)=8 | x 15 - 17 - 8 = | x:problem 15:problem -:problem 17:problem -:problem 8:problem =:problem
EXPR: 0 | POS | INT | 14 | 4 | 6 | ((x-15)+17)=8 | x 15 - 17 + 8 = | x:problem 15:problem -:problem 17:problem +:problem 8:problem =:problem
EXPR: 0 | POS | INT | 14 | 4 | 135 | 15=(x/(17-8)) | 15 x 17 8 - / = | 15:LENGTH x:LENGTH 17:problem 8:problem -:problem /:LENGTH =:LENGTH
EXPR: 0 | POS | INT | 14 | 4 | 135 | (x/(17-8))=15 | x 17 8 - / 15 = | x:LENGTH 17:problem 8:problem -:problem /:LENGTH 15:LENGTH =:LENGTH
EXPR: 0 | POS | INT | 14 | 4 | 6 | 17=(8+(15-x)) | 17 8 15 x - + = | 17:problem 8:problem 15:problem x:problem -:problem +:problem =:problem
EXPR: 0 | POS | INT | 14 | 4 | 24 | 17=(8-(15-x)) | 17 8 15 x - - = | 17:problem 8:problem 15:problem x:problem -:problem -:problem =:problem
EXPR: 0 | POS | INT | 14 | 4 | 6 | (17+(x-8))=15 | 17 x 8 - + 15 = | 17:problem x:problem 8:problem -:problem +:problem 15:problem =:problem
EXPR: 0 | POS | INT | 14 | 4 | 24 | ((x-17)+8)=15 | x 17 - 8 + 15 = | x:problem 17:problem -:problem 8:problem +:problem 15:problem =:problem
EXPR: 0 | POS | INT | 14 | 4 | 40 | 15=((x-17)-8) | 15 x 17 - 8 - = | 15:problem x:problem 17:problem -:problem 8:problem -:problem =:problem
EXPR: 0 | POS | INT | 14 | 4 | 6 | (x-(15-17))=8 | x 15 17 - - 8 = | x:problem 15:problem 17:problem -:problem -:problem 8:problem =:problem
EXPR: 0 | POS | INT | 14 | 4 | 24 | (x-(17-8))=15 | x 17 8 - - 15 = | x:problem 17:problem 8:problem -:problem -:problem 15:problem =:problem
EXPR: 0 | POS | INT | 14 | 4 | 6 | 15=(17+(x-8)) | 15 17 x 8 - + = | 15:problem 17:problem x:problem 8:problem -:problem +:problem =:problem
EXPR: 0 | POS | INT | 14 | 4 | 10 | 15=(17-(x-8)) | 15 17 x 8 - - = | 15:problem 17:problem x:problem 8:problem -:problem -:problem =:problem
EXPR: 0 | POS | INT | 14 | 4 | 6 | (x+(17-8))=15 | x 17 8 - + 15 = | x:problem 17:problem 8:problem -:problem +:problem 15:problem =:problem
EXPR: 0 | POS | INT | 14 | 4 | 10 | (15+(x-17))=8 | 15 x 17 - + 8 = | 15:problem x:problem 17:problem -:problem +:problem 8:problem =:problem
EXPR: 0 | POS | INT | 14 | 4 | 24 | 17=(x+(8-15)) | 17 x 8 15 - + = | 17:problem x:problem 8:problem 15:problem -:problem +:problem =:problem
EXPR: 0 | POS | INT | 14 | 4 | 10 | 17=(x-(8-15)) | 17 x 8 15 - - = | 17:problem x:problem 8:problem 15:problem -:problem -:problem =:problem
EXPR: 0 | POS | INT | 14 | 4 | 10 | 15=(17+(8-x)) | 15 17 8 x - + = | 15:problem 17:problem 8:problem x:problem -:problem +:problem =:problem
EXPR: 0 | POS | INT | 14 | 4 | 10 | ((15+x)-17)=8 | 15 x + 17 - 8 = | 15:problem x:problem +:problem 17:problem -:problem 8:problem =:problem
EXPR: 0 | POS | INT | 14 | 4 | 10 | (x+(15-17))=8 | x 15 17 - + 8 = | x:problem 15:problem 17:problem -:problem +:problem 8:problem =:problem
EXPR: 0 | POS | INT | 14 | 4 | 6 | 15=(17-(8-x)) | 15 17 8 x - - = | 15:problem 17:problem 8:problem x:problem -:problem -:problem =:problem
EXPR: 0 | POS | INT | 14 | 4 | 6 | 15=((17+x)-8) | 15 17 x + 8 - = | 15:problem 17:problem x:problem +:problem 8:problem -:problem =:problem
EXPR: 0 | POS | INT | 14 | 4 | 10 | 15=((17+8)-x) | 15 17 8 + x - = | 15:problem 17:problem 8:problem +:problem x:problem -:problem =:problem
EXPR: 0 | POS | INT | 14 | 4 | 10 | ((15-17)+x)=8 | 15 17 - x + 8 = | 15:problem 17:problem -:problem x:problem +:problem 8:problem =:problem
EXPR: 0 | POS | INT | 14 | 4 | 10 | ((x+15)-17)=8 | x 15 + 17 - 8 = | x:problem 15:problem +:problem 17:problem -:problem 8:problem =:problem
EXPR: 0 | POS | INT | 14 | 4 | 10 | 17=((x-8)+15) | 17 x 8 - 15 + = | 17:problem x:problem 8:problem -:problem 15:problem +:problem =:problem
EXPR: 0 | POS | INT | 14 | 4 | 10 | (15-(17-x))=8 | 15 17 x - - 8 = | 15:problem 17:problem x:problem -:problem -:problem 8:problem =:problem
EXPR: 0 | POS | INT | 14 | 4 | 24 | (15+(17-x))=8 | 15 17 x - + 8 = | 15:problem 17:problem x:problem -:problem +:problem 8:problem =:problem
EXPR: 0 | POS | INT | 14 | 4 | 40 | 17=((x-8)-15) | 17 x 8 - 15 - = | 17:problem x:problem 8:problem -:problem 15:problem -:problem =:problem
EXPR: 0 | POS | INT | 14 | 4 | 6 | 17=((8-x)+15) | 17 8 x - 15 + = | 17:problem 8:problem x:problem -:problem 15:problem +:problem =:problem
EXPR: 0 | POS | INT | 14 | 4 | 10 | 15=((17-x)+8) | 15 17 x - 8 + = | 15:problem 17:problem x:problem -:problem 8:problem +:problem =:problem
EXPR: 0 | POS | INT | 14 | 4 | 10 | ((17+8)-x)=15 | 17 8 + x - 15 = | 17:problem 8:problem +:problem x:problem -:problem 15:problem =:problem
EXPR: 0 | POS | INT | 14 | 4 | 6 | 15=((17-8)+x) | 15 17 8 - x + = | 15:problem 17:problem 8:problem -:problem x:problem +:problem =:problem
EXPR: 0 | POS | INT | 15 | 4 | 256 | x=(8*(17+15)) | x 8 17 15 + * = | x:LENGTH 8:LENGTH 17:problem 15:problem +:problem *:LENGTH =:LENGTH
EXPR: 0 | POS | INT | 15 | 4 | 391 | x=((15+8)*17) | x 15 8 + 17 * = | x:LENGTH 15:problem 8:problem +:problem 17:LENGTH *:LENGTH =:LENGTH
EXPR: 0 | POS | INT | 15 | 4 | 119 | x=((15-8)*17) | x 15 8 - 17 * = | x:LENGTH 15:problem 8:problem -:problem 17:LENGTH *:LENGTH =:LENGTH
EXPR: 0 | POS | INT | 15 | 4 | 6 | x=((15+8)-17) | x 15 8 + 17 - = | x:problem 15:problem 8:problem +:problem 17:problem -:problem =:problem
EXPR: 0 | POS | INT | 15 | 4 | 40 | x=((15+8)+17) | x 15 8 + 17 + = | x:problem 15:problem 8:problem +:problem 17:problem +:problem =:problem
EXPR: 0 | POS | INT | 15 | 4 | 16 | x=(8*(17-15)) | x 8 17 15 - * = | x:LENGTH 8:LENGTH 17:problem 15:problem -:problem *:LENGTH =:LENGTH
EXPR: 0 | POS | INT | 15 | 4 | 6 | x=(15+(8-17)) | x 15 8 17 - + = | x:problem 15:problem 8:problem 17:problem -:problem +:problem =:problem
EXPR: 0 | POS | INT | 15 | 4 | 391 | ((15+8)*17)=x | 15 8 + 17 * x = | 15:problem 8:problem +:problem 17:LENGTH *:LENGTH x:LENGTH =:LENGTH
EXPR: 0 | POS | INT | 15 | 4 | 10 | x=(8+(17-15)) | x 8 17 15 - + = | x:problem 8:problem 17:problem 15:problem -:problem +:problem =:problem
EXPR: 0 | POS | INT | 15 | 4 | 40 | x=(8+(17+15)) | x 8 17 15 + + = | x:problem 8:problem 17:problem 15:problem +:problem +:problem =:problem
EXPR: 0 | POS | INT | 15 | 4 | 6 | x=(8-(17-15)) | x 8 17 15 - - = | x:problem 8:problem 17:problem 15:problem -:problem -:problem =:problem
EXPR: 0 | POS | INT | 15 | 4 | 119 | ((15-8)*17)=x | 15 8 - 17 * x = | 15:problem 8:problem -:problem 17:LENGTH *:LENGTH x:LENGTH =:LENGTH
EXPR: 0 | POS | INT | 15 | 4 | 40 | (8+(17+15))=x | 8 17 15 + + x = | 8:problem 17:problem 15:problem +:problem +:problem x:problem =:problem
EXPR: 0 | POS | INT | 15 | 4 | 6 | (8-(17-15))=x | 8 17 15 - - x = | 8:problem 17:problem 15:problem -:problem -:problem x:problem =:problem
EXPR: 0 | POS | INT | 15 | 4 | 10 | (8+(17-15))=x | 8 17 15 - + x = | 8:problem 17:problem 15:problem -:problem +:problem x:problem =:problem
EXPR: 0 | POS | INT | 15 | 4 | 6 | ((8-17)+15)=x | 8 17 - 15 + x = | 8:problem 17:problem -:problem 15:problem +:problem x:problem =:problem
EXPR: 0 | POS | INT | 15 | 4 | 24 | ((15-8)+17)=x | 15 8 - 17 + x = | 15:problem 8:problem -:problem 17:problem +:problem x:problem =:problem
EXPR: 0 | POS | INT | 15 | 4 | 256 | (8*(17+15))=x | 8 17 15 + * x = | 8:LENGTH 17:problem 15:problem +:problem *:LENGTH x:LENGTH =:LENGTH
EXPR: 1 | POS | INT | 15 | 4 | 4 | x=(8/(17-15)) | x 8 17 15 - / = | x:LENGTH 8:LENGTH 17:problem 15:problem -:problem /:LENGTH =:LENGTH
EXPR: 0 | POS | INT | 15 | 4 | 24 | (15-(8-17))=x | 15 8 17 - - x = | 15:problem 8:problem 17:problem -:problem -:problem x:problem =:problem
EXPR: 0 | POS | INT | 15 | 4 | 6 | ((15+8)-17)=x | 15 8 + 17 - x = | 15:problem 8:problem +:problem 17:problem -:problem x:problem =:problem
EXPR: 0 | POS | INT | 15 | 4 | 40 | ((15+8)+17)=x | 15 8 + 17 + x = | 15:problem 8:problem +:problem 17:problem +:problem x:problem =:problem
EXPR: 0 | POS | INT | 15 | 4 | 6 | (15+(8-17))=x | 15 8 17 - + x = | 15:problem 8:problem 17:problem -:problem +:problem x:problem =:problem
EXPR: 0 | POS | INT | 15 | 4 | 6 | x=((8-17)+15) | x 8 17 - 15 + = | x:problem 8:problem 17:problem -:problem 15:problem +:problem =:problem
EXPR: 0 | POS | INT | 15 | 4 | 24 | x=(15-(8-17)) | x 15 8 17 - - = | x:problem 15:problem 8:problem 17:problem -:problem -:problem =:problem
EXPR: 0 | POS | INT | 15 | 4 | 24 | x=((15-8)+17) | x 15 8 - 17 + = | x:problem 15:problem 8:problem -:problem 17:problem +:problem =:problem
EXPR: 1 | POS | INT | 15 | 4 | 4 | (8/(17-15))=x | 8 17 15 - / x = | 8:LENGTH 17:problem 15:problem -:problem /:LENGTH x:LENGTH =:LENGTH
EXPR: 0 | POS | INT | 15 | 4 | 16 | (8*(17-15))=x | 8 17 15 - * x = | 8:LENGTH 17:problem 15:problem -:problem *:LENGTH x:LENGTH =:LENGTH
EXPR: 0 | POS | INT | 17 | 4 | 24 | 15=((x+8)-17) | 15 x 8 + 17 - = | 15:problem x:problem 8:problem +:problem 17:problem -:problem =:problem
EXPR: 0 | POS | INT | 17 | 4 | 10 | 8=(x-(17-15)) | 8 x 17 15 - - = | 8:problem x:problem 17:problem 15:problem -:problem -:problem =:problem
EXPR: 0 | POS | INT | 17 | 4 | 40 | 8=(x-(17+15)) | 8 x 17 15 + - = | 8:problem x:problem 17:problem 15:problem +:problem -:problem =:problem
EXPR: 0 | POS | INT | 17 | 4 | 6 | 15=(x-(8-17)) | 15 x 8 17 - - = | 15:problem x:problem 8:problem 17:problem -:problem -:problem =:problem
EXPR: 0 | POS | INT | 17 | 4 | 10 | (8-(x-17))=15 | 8 x 17 - - 15 = | 8:problem x:problem 17:problem -:problem -:problem 15:problem =:problem
EXPR: 0 | POS | INT | 17 | 4 | 6 | 8=((x+17)-15) | 8 x 17 + 15 - = | 8:problem x:problem 17:problem +:problem 15:problem -:problem =:problem
EXPR: 0 | POS | INT | 17 | 4 | 24 | (8+(x-17))=15 | 8 x 17 - + 15 = | 8:problem x:problem 17:problem -:problem +:problem 15:problem =:problem
EXPR: 0 | POS | INT | 17 | 4 | 391 | (x/(15+8))=17 | x 15 8 + / 17 = | x:LENGTH 15:problem 8:problem +:problem /:LENGTH 17:LENGTH =:LENGTH
EXPR: 0 | POS | INT | 17 | 4 | 6 | ((15-x)+8)=17 | 15 x - 8 + 17 = | 15:problem x:problem -:problem 8:problem +:problem 17:problem =:problem
EXPR: 0 | POS | INT | 17 | 4 | 24 | 15=((8+x)-17) | 15 8 x + 17 - = | 15:problem 8:problem x:problem +:problem 17:problem -:problem =:problem
EXPR: 0 | POS | INT | 17 | 4 | 6 | 15=((x-8)+17) | 15 x 8 - 17 + = | 15:problem x:problem 8:problem -:problem 17:problem +:problem =:problem
EXPR: 0 | POS | INT | 17 | 4 | 10 | 15=((8-x)+17) | 15 8 x - 17 + = | 15:problem 8:problem x:problem -:problem 17:problem +:problem =:problem
EXPR: 0 | POS | INT | 17 | 4 | 24 | 15=(x+(8-17)) | 15 x 8 17 - + = | 15:problem x:problem 8:problem 17:problem -:problem +:problem =:problem
EXPR: 0 | POS | INT | 17 | 4 | 24 | ((x+8)-17)=15 | x 8 + 17 - 15 = | x:problem 8:problem +:problem 17:problem -:problem 15:problem =:problem
EXPR: 0 | POS | INT | 17 | 4 | 40 | ((x-8)-17)=15 | x 8 - 17 - 15 = | x:problem 8:problem -:problem 17:problem -:problem 15:problem =:problem
EXPR: 0 | POS | INT | 17 | 4 | 256 | 8=(x/(17+15)) | 8 x 17 15 + / = | 8:LENGTH x:LENGTH 17:problem 15:problem +:problem /:LENGTH =:LENGTH
EXPR: 0 | POS | INT | 17 | 4 | 10 | ((x+15)-8)=17 | x 15 + 8 - 17 = | x:problem 15:problem +:problem 8:problem -:problem 17:problem =:problem
EXPR: 0 | POS | INT | 17 | 4 | 10 | ((15+x)-8)=17 | 15 x + 8 - 17 = | 15:problem x:problem +:problem 8:problem -:problem 17:problem =:problem
EXPR: 0 | POS | INT | 17 | 4 | 24 | (x-(15-8))=17 | x 15 8 - - 17 = | x:problem 15:problem 8:problem -:problem -:problem 17:problem =:problem
EXPR: 0 | POS | INT | 17 | 4 | 10 | (x+(15-8))=17 | x 15 8 - + 17 = | x:problem 15:problem 8:problem -:problem +:problem 17:problem =:problem
EXPR: 0 | POS | INT | 17 | 4 | 24 | 15=((8-17)+x) | 15 8 17 - x + = | 15:problem 8:problem 17:problem -:problem x:problem +:problem =:problem
EXPR: 0 | POS | INT | 17 | 4 | 16 | 8=(x/(17-15)) | 8 x 17 15 - / = | 8:LENGTH x:LENGTH 17:problem 15:problem -:problem /:LENGTH =:LENGTH
EXPR: 0 | POS | INT | 17 | 4 | 24 | ((8+x)-17)=15 | 8 x + 17 - 15 = | 8:problem x:problem +:problem 17:problem -:problem 15:problem =:problem
EXPR: 1 | POS | INT | 17 | 4 | 4 | (x*8)=(17+15) | x 8 * 17 15 + = | x:LENGTH 8:problem *:problem 17:problem 15:problem +:problem =:problem
EXPR: 0 | POS | INT | 17 | 4 | 24 | 15=(8+(x-17)) | 15 8 x 17 - + = | 15:problem 8:problem x:problem 17:problem -:problem +:problem =:problem
EXPR: 0 | POS | INT | 17 | 4 | 10 | (15-(8-x))=17 | 15 8 x - - 17 = | 15:problem 8:problem x:problem -:problem -:problem 17:problem =:problem
EXPR: 0 | POS | INT | 17 | 4 | 6 | (15+(8-x))=17 | 15 8 x - + 17 = | 15:problem 8:problem x:problem -:problem +:problem 17:problem =:problem
EXPR: 0 | POS | INT | 17 | 4 | 6 | x=(8+(15-17)) | x 8 15 17 - + = | x:problem 8:problem 15:problem 17:problem -:problem +:problem =:problem
EXPR: 0 | POS | INT | 17 | 4 | 10 | 8=((x-17)+15) | 8 x 17 - 15 + = | 8:problem x:problem 17:problem -:problem 15:problem +:problem =:problem
EXPR: 0 | POS | INT | 17 | 4 | 6 | (15-(x-8))=17 | 15 x 8 - - 17 = | 15:problem x:problem 8:problem -:problem -:problem 17:problem =:problem
EXPR: 0 | POS | INT | 17 | 4 | 10 | (15+(x-8))=17 | 15 x 8 - + 17 = | 15:problem x:problem 8:problem -:problem +:problem 17:problem =:problem
EXPR: 0 | POS | INT | 17 | 4 | 6 | ((x-8)+17)=15 | x 8 - 17 + 15 = | x:problem 8:problem -:problem 17:problem +:problem 15:problem =:problem
EXPR: 0 | POS | INT | 17 | 4 | 10 | x=(8-(15-17)) | x 8 15 17 - - = | x:problem 8:problem 15:problem 17:problem -:problem -:problem =:problem
EXPR: 0 | POS | INT | 17 | 4 | 6 | (x-(8-17))=15 | x 8 17 - - 15 = | x:problem 8:problem 17:problem -:problem -:problem 15:problem =:problem
EXPR: 0 | POS | INT | 17 | 4 | 24 | (x+(8-17))=15 | x 8 17 - + 15 = | x:problem 8:problem 17:problem -:problem +:problem 15:problem =:problem
EXPR: 0 | POS | INT | 17 | 4 | 10 | 15=(8-(x-17)) | 15 8 x 17 - - = | 15:problem 8:problem x:problem 17:problem -:problem -:problem =:problem
EXPR: 0 | POS | INT | 17 | 4 | 24 | ((x-15)+8)=17 | x 15 - 8 + 17 = | x:problem 15:problem -:problem 8:problem +:problem 17:problem =:problem
EXPR: 0 | POS | INT | 17 | 4 | 10 | ((8-x)+17)=15 | 8 x - 17 + 15 = | 8:problem x:problem -:problem 17:problem +:problem 15:problem =:problem
EXPR: 0 | POS | INT | 17 | 4 | 40 | (x-(15+8))=17 | x 15 8 + - 17 = | x:problem 15:problem 8:problem +:problem -:problem 17:problem =:problem
EXPR: 0 | POS | INT | 17 | 4 | 10 | ((8-15)+17)=x | 8 15 - 17 + x = | 8:problem 15:problem -:problem 17:problem +:problem x:problem =:problem
EXPR: 0 | POS | INT | 17 | 4 | 10 | ((15-8)+x)=17 | 15 8 - x + 17 = | 15:problem 8:problem -:problem x:problem +:problem 17:problem =:problem
EXPR: 0 | POS | INT | 17 | 4 | 6 | ((15+8)-x)=17 | 15 8 + x - 17 = | 15:problem 8:problem +:problem x:problem -:problem 17:problem =:problem
EXPR: 0 | POS | INT | 17 | 4 | 24 | 8=(17-(x-15)) | 8 17 x 15 - - = | 8:problem 17:problem x:problem 15:problem -:problem -:problem =:problem
EXPR: 0 | POS | INT | 17 | 4 | 40 | 8=((x-17)-15) | 8 x 17 - 15 - = | 8:problem x:problem 17:problem -:problem 15:problem -:problem =:problem
EXPR: 0 | POS | INT | 17 | 4 | 6 | 8=(17+(x-15)) | 8 17 x 15 - + = | 8:problem 17:problem x:problem 15:problem -:problem +:problem =:problem
EXPR: 0 | POS | INT | 17 | 4 | 24 | 8=((17+15)-x) | 8 17 15 + x - = | 8:problem 17:problem 15:problem +:problem x:problem -:problem =:problem
EXPR: 0 | POS | INT | 17 | 4 | 40 | ((x-15)-8)=17 | x 15 - 8 - 17 = | x:problem 15:problem -:problem 8:problem -:problem 17:problem =:problem
EXPR: 0 | POS | INT | 17 | 4 | 6 | 8=(x+(17-15)) | 8 x 17 15 - + = | 8:problem x:problem 17:problem 15:problem -:problem +:problem =:problem
EXPR: 0 | POS | INT | 17 | 4 | 6 | 8=((17-15)+x) | 8 17 15 - x + = | 8:problem 17:problem 15:problem -:problem x:problem +:problem =:problem
EXPR: 0 | POS | INT | 17 | 4 | 24 | ((8-17)+x)=15 | 8 17 - x + 15 = | 8:problem 17:problem -:problem x:problem +:problem 15:problem =:problem
EXPR: 0 | POS | INT | 17 | 4 | 24 | 8=(17+(15-x)) | 8 17 15 x - + = | 8:problem 17:problem 15:problem x:problem -:problem +:problem =:problem
EXPR: 1 | POS | INT | 17 | 4 | 4 | (8/x)=(17-15) | 8 x / 17 15 - = | 8:problem x:LENGTH /:problem 17:problem 15:problem -:problem =:problem
EXPR: 0 | POS | INT | 17 | 4 | 40 | 15=((x-8)-17) | 15 x 8 - 17 - = | 15:problem x:problem 8:problem -:problem 17:problem -:problem =:problem
EXPR: 0 | POS | INT | 17 | 4 | 10 | (8+(17-x))=15 | 8 17 x - + 15 = | 8:problem 17:problem x:problem -:problem +:problem 15:problem =:problem
EXPR: 0 | POS | INT | 17 | 4 | 6 | 8=((17+x)-15) | 8 17 x + 15 - = | 8:problem 17:problem x:problem +:problem 15:problem -:problem =:problem
EXPR: 0 | POS | INT | 17 | 4 | 10 | (8-(15-17))=x | 8 15 17 - - x = | 8:problem 15:problem 17:problem -:problem -:problem x:problem =:problem
EXPR: 0 | POS | INT | 17 | 4 | 6 | (8+(15-17))=x | 8 15 17 - + x = | 8:problem 15:problem 17:problem -:problem +:problem x:problem =:problem
EXPR: 0 | POS | INT | 17 | 4 | 6 | 8=(17-(15-x)) | 8 17 15 x - - = | 8:problem 17:problem 15:problem x:problem -:problem -:problem =:problem
EXPR: 1 | POS | INT | 17 | 4 | 4 | (8*x)=(17+15) | 8 x * 17 15 + = | 8:problem x:LENGTH *:problem 17:problem 15:problem +:problem =:problem
EXPR: 0 | POS | INT | 17 | 4 | 119 | (x/(15-8))=17 | x 15 8 - / 17 = | x:LENGTH 15:problem 8:problem -:problem /:LENGTH 17:LENGTH =:LENGTH
EXPR: 0 | POS | INT | 17 | 4 | 10 | 15=(8+(17-x)) | 15 8 17 x - + = | 15:problem 8:problem 17:problem x:problem -:problem +:problem =:problem
EXPR: 0 | POS | INT | 17 | 4 | 24 | (8-(17-x))=15 | 8 17 x - - 15 = | 8:problem 17:problem x:problem -:problem -:problem 15:problem =:problem
EXPR: 0 | POS | INT | 17 | 4 | 24 | 15=(8-(17-x)) | 15 8 17 x - - = | 15:problem 8:problem 17:problem x:problem -:problem -:problem =:problem
EXPR: 0 | POS | INT | 17 | 4 | 10 | x=((8-15)+17) | x 8 15 - 17 + = | x:problem 8:problem 15:problem -:problem 17:problem +:problem =:problem
EXPR: 0 | POS | INT | 17 | 4 | 24 | 8=((17-x)+15) | 8 17 x - 15 + = | 8:problem 17:problem x:problem -:problem 15:problem +:problem =:problem
EXPR: 0 | POS | INT | 19 | 4 | 6 | 8=(x-(15-17)) | 8 x 15 17 - - = | 8:problem x:problem 15:problem 17:problem -:problem -:problem =:problem
EXPR: 0 | POS | INT | 19 | 4 | 6 | ((8-x)+15)=17 | 8 x - 15 + 17 = | 8:problem x:problem -:problem 15:problem +:problem 17:problem =:problem
EXPR: 0 | POS | INT | 19 | 4 | 10 | 8=((x+15)-17) | 8 x 15 + 17 - = | 8:problem x:problem 15:problem +:problem 17:problem -:problem =:problem
EXPR: 0 | POS | INT | 19 | 4 | 24 | ((x+8)-15)=17 | x 8 + 15 - 17 = | x:problem 8:problem +:problem 15:problem -:problem 17:problem =:problem
EXPR: 0 | POS | INT | 19 | 4 | 40 | ((x-8)-15)=17 | x 8 - 15 - 17 = | x:problem 8:problem -:problem 15:problem -:problem 17:problem =:problem
EXPR: 0 | POS | INT | 19 | 4 | 24 | ((8+x)-15)=17 | 8 x + 15 - 17 = | 8:problem x:problem +:problem 15:problem -:problem 17:problem =:problem
EXPR: 0 | POS | INT | 19 | 4 | 10 | ((x-8)+15)=17 | x 8 - 15 + 17 = | x:problem 8:problem -:problem 15:problem +:problem 17:problem =:problem
EXPR: 0 | POS | INT | 19 | 4 | 24 | (8-(15-x))=17 | 8 15 x - - 17 = | 8:problem 15:problem x:problem -:problem -:problem 17:problem =:problem
EXPR: 0 | POS | INT | 19 | 4 | 10 | 8=((15+x)-17) | 8 15 x + 17 - = | 8:problem 15:problem x:problem +:problem 17:problem -:problem =:problem
EXPR: 0 | POS | INT | 19 | 4 | 6 | (8-(x-15))=17 | 8 x 15 - - 17 = | 8:problem x:problem 15:problem -:problem -:problem 17:problem =:problem
EXPR: 0 | POS | INT | 19 | 4 | 24 | (8+(x-15))=17 | 8 x 15 - + 17 = | 8:problem x:problem 15:problem -:problem +:problem 17:problem =:problem
EXPR: 0 | POS | INT | 19 | 4 | 6 | 8=((x-15)+17) | 8 x 15 - 17 + = | 8:problem x:problem 15:problem -:problem 17:problem +:problem =:problem
EXPR: 0 | POS | INT | 19 | 4 | 10 | (x-(8-15))=17 | x 8 15 - - 17 = | x:problem 8:problem 15:problem -:problem -:problem 17:problem =:problem
EXPR: 0 | POS | INT | 19 | 4 | 24 | (x+(8-15))=17 | x 8 15 - + 17 = | x:problem 8:problem 15:problem -:problem +:problem 17:problem =:problem
EXPR: 0 | POS | INT | 19 | 4 | 6 | (8+(15-x))=17 | 8 15 x - + 17 = | 8:problem 15:problem x:problem -:problem +:problem 17:problem =:problem
EXPR: 0 | POS | INT | 19 | 4 | 40 | 8=((x-15)-17) | 8 x 15 - 17 - = | 8:problem x:problem 15:problem -:problem 17:problem -:problem =:problem
EXPR: 0 | POS | INT | 19 | 4 | 24 | 8=(15-(x-17)) | 8 15 x 17 - - = | 8:problem 15:problem x:problem 17:problem -:problem -:problem =:problem
EXPR: 0 | POS | INT | 19 | 4 | 24 | ((8-15)+x)=17 | 8 15 - x + 17 = | 8:problem 15:problem -:problem x:problem +:problem 17:problem =:problem
EXPR: 0 | POS | INT | 19 | 4 | 10 | 8=(15+(x-17)) | 8 15 x 17 - + = | 8:problem 15:problem x:problem 17:problem -:problem +:problem =:problem
EXPR: 0 | POS | INT | 19 | 4 | 24 | 8=((15-x)+17) | 8 15 x - 17 + = | 8:problem 15:problem x:problem -:problem 17:problem +:problem =:problem
EXPR: 0 | POS | INT | 19 | 4 | 10 | 8=((15-17)+x) | 8 15 17 - x + = | 8:problem 15:problem 17:problem -:problem x:problem +:problem =:problem
EXPR: 0 | POS | INT | 19 | 4 | 10 | 8=(x+(15-17)) | 8 x 15 17 - + = | 8:problem x:problem 15:problem 17:problem -:problem +:problem =:problem
EXPR: 0 | POS | INT | 19 | 4 | 24 | 8=(15+(17-x)) | 8 15 17 x - + = | 8:problem 15:problem 17:problem x:problem -:problem +:problem =:problem
EXPR: 0 | POS | INT | 19 | 4 | 10 | 8=(15-(17-x)) | 8 15 17 x - - = | 8:problem 15:problem 17:problem x:problem -:problem -:problem =:problem
EXPR: 0 | POS | INT | 20 | 4 | 247 | x=((17*15)-8) | x 17 15 * 8 - = | x:LENGTH 17:problem 15:LENGTH *:LENGTH 8:LENGTH -:LENGTH =:LENGTH
EXPR: 0 | POS | INT | 20 | 4 | 263 | x=((17*15)+8) | x 17 15 * 8 + = | x:LENGTH 17:problem 15:LENGTH *:LENGTH 8:LENGTH +:LENGTH =:LENGTH
EXPR: 0 | POS | INT | 20 | 4 | 263 | ((17*15)+8)=x | 17 15 * 8 + x = | 17:LENGTH 15:problem *:problem 8:problem +:problem x:problem =:problem
EXPR: 0 | POS | INT | 20 | 4 | 247 | ((17*15)-8)=x | 17 15 * 8 - x = | 17:LENGTH 15:problem *:problem 8:problem -:problem x:problem =:problem
EXPR: 1 | POS | INT | 20 | 4 | 4 | x=((17+15)/8) | x 17 15 + 8 / = | x:problem 17:problem 15:problem +:problem 8:LENGTH /:problem =:problem
EXPR: 0 | POS | INT | 20 | 4 | 137 | (17+(15*8))=x | 17 15 8 * + x = | 17:problem 15:problem 8:LENGTH *:problem +:problem x:problem =:problem
EXPR: 0 | POS | INT | 20 | 4 | 137 | x=(17+(15*8)) | x 17 15 8 * + = | x:LENGTH 17:LENGTH 15:problem 8:LENGTH *:LENGTH +:LENGTH =:LENGTH
EXPR: 1 | POS | INT | 20 | 4 | 4 | ((17+15)/8)=x | 17 15 + 8 / x = | 17:problem 15:problem +:problem 8:LENGTH /:problem x:problem =:problem
NET 282 unique, non-negative, integer-valued solutions found out of 1000 total solutions
