parameters: n=7 l=3 k=1 p=5 q=3 m=9
TOTAL 1000 solutions found
SOLN: CORRECT | POS/NEG | INT/FRA | OBJ-SCORE | TRUE-ANS | ANS | INFIX | POSTFIX | TYPED-POSTFIX
EXPR: 1 | POS | INT | 10 | 7 | 7 | ((33+9)/6)=x | 33 9 + 6 / x = | 33:ticket 9:ticket +:ticket 6:cost /:ticket x:ticket =:ticket
EXPR: 0 | POS | INT | 10 | 7 | 252 | ((33+9)*6)=x | 33 9 + 6 * x = | 33:ticket 9:ticket +:ticket 6:piece *:piece x:piece =:piece
EXPR: 0 | POS | INT | 10 | 7 | 144 | x=((33-9)*6) | x 33 9 - 6 * = | x:ticket 33:ticket 9:ticket -:ticket 6:cost *:ticket =:ticket
EXPR: 0 | POS | INT | 10 | 7 | 87 | (33+(9*6))=x | 33 9 6 * + x = | 33:ticket 9:ticket 6:cost *:ticket +:ticket x:ticket =:ticket
EXPR: 0 | POS | INT | 10 | 7 | 252 | x=((33+9)*6) | x 33 9 + 6 * = | x:ticket 33:ticket 9:ticket +:ticket 6:cost *:ticket =:ticket
EXPR: 0 | POS | INT | 10 | 7 | 4 | ((33-9)/6)=x | 33 9 - 6 / x = | 33:ticket 9:ticket -:ticket 6:cost /:ticket x:ticket =:ticket
EXPR: 0 | POS | INT | 10 | 7 | 144 | ((33-9)*6)=x | 33 9 - 6 * x = | 33:ticket 9:ticket -:ticket 6:cost *:ticket x:ticket =:ticket
EXPR: 1 | POS | INT | 10 | 7 | 7 | x=((33+9)/6) | x 33 9 + 6 / = | x:ticket 33:ticket 9:ticket +:ticket 6:cost /:ticket =:ticket
EXPR: 0 | POS | INT | 10 | 7 | 4 | x=((33-9)/6) | x 33 9 - 6 / = | x:ticket 33:ticket 9:ticket -:ticket 6:cost /:ticket =:ticket
EXPR: 0 | POS | INT | 10 | 7 | 87 | x=(33+(9*6)) | x 33 9 6 * + = | x:ticket 33:ticket 9:ticket 6:cost *:ticket +:ticket =:ticket
EXPR: 0 | POS | INT | 12 | 7 | 252 | (x/(33+9))=6 | x 33 9 + / 6 = | x:piece 33:ticket 9:ticket +:ticket /:piece 6:piece =:piece
EXPR: 0 | POS | INT | 12 | 7 | 4 | 33=(9+(x*6)) | 33 9 x 6 * + = | 33:ticket 9:ticket x:piece 6:ticket *:ticket +:ticket =:ticket
EXPR: 0 | POS | INT | 12 | 7 | 207 | (9+(33*6))=x | 9 33 6 * + x = | 9:ticket 33:ticket 6:cost *:ticket +:ticket x:ticket =:ticket
EXPR: 0 | POS | INT | 12 | 7 | 207 | 33=((x-9)/6) | 33 x 9 - 6 / = | 33:ticket x:ticket 9:ticket -:ticket 6:cost /:ticket =:ticket
EXPR: 0 | POS | INT | 12 | 7 | 207 | x=(9+(33*6)) | x 9 33 6 * + = | x:ticket 9:ticket 33:ticket 6:cost *:ticket +:ticket =:ticket
EXPR: 0 | POS | INT | 12 | 7 | 144 | (x/(33-9))=6 | x 33 9 - / 6 = | x:cost 33:ticket 9:ticket -:ticket /:cost 6:cost =:cost
EXPR: 0 | POS | INT | 12 | 7 | 189 | ((33*6)-9)=x | 33 6 * 9 - x = | 33:ticket 6:cost *:ticket 9:ticket -:ticket x:ticket =:ticket
EXPR: 0 | POS | INT | 12 | 7 | 207 | ((33*6)+9)=x | 33 6 * 9 + x = | 33:ticket 6:cost *:ticket 9:ticket +:ticket x:ticket =:ticket
EXPR: 0 | POS | INT | 12 | 7 | 3 | (33-(9*x))=6 | 33 9 x * - 6 = | 33:ticket 9:ticket x:piece *:ticket -:ticket 6:ticket =:ticket
EXPR: 0 | POS | INT | 12 | 7 | 87 | 33=(x-(9*6)) | 33 x 9 6 * - = | 33:ticket x:ticket 9:ticket 6:cost *:ticket -:ticket =:ticket
EXPR: 0 | POS | INT | 12 | 7 | 11 | 33=(x*(9-6)) | 33 x 9 6 - * = | 33:ticket x:piece 9:ticket 6:ticket -:ticket *:ticket =:ticket
EXPR: 0 | POS | INT | 12 | 7 | 11 | 33=((9-6)*x) | 33 9 6 - x * = | 33:ticket 9:ticket 6:ticket -:ticket x:piece *:ticket =:ticket
EXPR: 0 | POS | INT | 12 | 7 | 3 | 33=((x*9)+6) | 33 x 9 * 6 + = | 33:ticket x:piece 9:ticket *:ticket 6:ticket +:ticket =:ticket
EXPR: 0 | POS | INT | 12 | 7 | 4 | 33=(9+(6*x)) | 33 9 6 x * + = | 33:ticket 9:ticket 6:ticket x:piece *:ticket +:ticket =:ticket
EXPR: 0 | POS | INT | 14 | 7 | 3 | 33=(6+(x*9)) | 33 6 x 9 * + = | 33:ticket 6:ticket x:piece 9:ticket *:ticket +:ticket =:ticket
EXPR: 0 | POS | INT | 14 | 7 | 4 | 9=(33-(6*x)) | 9 33 6 x * - = | 9:ticket 33:ticket 6:cost x:ticket *:ticket -:ticket =:ticket
EXPR: 0 | POS | INT | 14 | 7 | 4 | 9=(33-(x*6)) | 9 33 x 6 * - = | 9:ticket 33:ticket x:piece 6:ticket *:ticket -:ticket =:ticket
EXPR: 0 | POS | INT | 14 | 7 | 3 | 9=((33-6)/x) | 9 33 6 - x / = | 9:ticket 33:ticket 6:ticket -:ticket x:piece /:ticket =:ticket
EXPR: 0 | POS | INT | 14 | 7 | 87 | ((x-33)/6)=9 | x 33 - 6 / 9 = | x:ticket 33:ticket -:ticket 6:cost /:ticket 9:ticket =:ticket
EXPR: 0 | POS | INT | 14 | 7 | 21 | ((x+33)/6)=9 | x 33 + 6 / 9 = | x:ticket 33:ticket +:ticket 6:cost /:ticket 9:ticket =:ticket
EXPR: 0 | POS | INT | 14 | 7 | 4 | (33-(6*x))=9 | 33 6 x * - 9 = | 33:ticket 6:cost x:ticket *:ticket -:ticket 9:ticket =:ticket
EXPR: 1 | POS | INT | 14 | 7 | 7 | 33=((6*x)-9) | 33 6 x * 9 - = | 33:ticket 6:ticket x:piece *:ticket 9:ticket -:ticket =:ticket
EXPR: 0 | POS | INT | 14 | 7 | 4 | 33=((6*x)+9) | 33 6 x * 9 + = | 33:ticket 6:ticket x:piece *:ticket 9:ticket +:ticket =:ticket
EXPR: 0 | POS | INT | 14 | 7 | 87 | 9=((x-33)/6) | 9 x 33 - 6 / = | 9:ticket x:ticket 33:ticket -:ticket 6:cost /:ticket =:ticket
EXPR: 0 | POS | INT | 14 | 7 | 3 | 33=(6+(9*x)) | 33 6 9 x * + = | 33:ticket 6:ticket 9:ticket x:piece *:ticket +:ticket =:ticket
EXPR: 0 | POS | INT | 14 | 7 | 3 | ((33-6)/x)=9 | 33 6 - x / 9 = | 33:ticket 6:ticket -:ticket x:piece /:ticket 9:ticket =:ticket
EXPR: 0 | POS | INT | 14 | 7 | 22 | (9*x)=(33*6) | 9 x * 33 6 * = | 9:ticket x:piece *:ticket 33:ticket 6:cost *:ticket =:ticket
EXPR: 0 | POS | INT | 14 | 7 | 207 | 9=(x-(33*6)) | 9 x 33 6 * - = | 9:ticket x:ticket 33:ticket 6:cost *:ticket -:ticket =:ticket
EXPR: 0 | POS | INT | 14 | 7 | 4 | 33=((x*6)+9) | 33 x 6 * 9 + = | 33:ticket x:piece 6:ticket *:ticket 9:ticket +:ticket =:ticket
EXPR: 0 | POS | INT | 15 | 7 | 144 | x=(6*(33-9)) | x 6 33 9 - * = | x:cost 6:cost 33:ticket 9:ticket -:ticket *:cost =:cost
EXPR: 0 | POS | INT | 15 | 7 | 252 | x=(6*(33+9)) | x 6 33 9 + * = | x:cost 6:cost 33:ticket 9:ticket +:ticket *:cost =:cost
EXPR: 0 | POS | INT | 15 | 7 | 144 | (6*(33-9))=x | 6 33 9 - * x = | 6:cost 33:ticket 9:ticket -:ticket *:cost x:cost =:cost
EXPR: 0 | POS | INT | 15 | 7 | 21 | ((9*6)-33)=x | 9 6 * 33 - x = | 9:ticket 6:cost *:ticket 33:ticket -:ticket x:ticket =:ticket
EXPR: 0 | POS | INT | 15 | 7 | 252 | (6*(33+9))=x | 6 33 9 + * x = | 6:piece 33:ticket 9:ticket +:ticket *:piece x:piece =:piece
EXPR: 0 | POS | INT | 15 | 7 | 87 | ((9*6)+33)=x | 9 6 * 33 + x = | 9:ticket 6:cost *:ticket 33:ticket +:ticket x:ticket =:ticket
EXPR: 0 | POS | INT | 17 | 7 | 11 | ((9-6)*x)=33 | 9 6 - x * 33 = | 9:ticket 6:ticket -:ticket x:piece *:ticket 33:ticket =:ticket
EXPR: 0 | POS | INT | 17 | 7 | 11 | (x*(9-6))=33 | x 9 6 - * 33 = | x:piece 9:ticket 6:ticket -:ticket *:ticket 33:ticket =:ticket
EXPR: 0 | POS | INT | 17 | 7 | 189 | ((9+x)/6)=33 | 9 x + 6 / 33 = | 9:ticket x:ticket +:ticket 6:cost /:ticket 33:ticket =:ticket
EXPR: 0 | POS | INT | 17 | 7 | 189 | ((x+9)/6)=33 | x 9 + 6 / 33 = | x:ticket 9:ticket +:ticket 6:cost /:ticket 33:ticket =:ticket
EXPR: 0 | POS | INT | 17 | 7 | 3 | ((9*x)+6)=33 | 9 x * 6 + 33 = | 9:ticket x:piece *:ticket 6:ticket +:ticket 33:ticket =:ticket
EXPR: 0 | POS | INT | 17 | 7 | 4 | (9+(x*6))=33 | 9 x 6 * + 33 = | 9:ticket x:ticket 6:cost *:ticket +:ticket 33:ticket =:ticket
EXPR: 0 | POS | INT | 17 | 7 | 144 | (9+(x/6))=33 | 9 x 6 / + 33 = | 9:ticket x:ticket 6:cost /:ticket +:ticket 33:ticket =:ticket
EXPR: 0 | POS | INT | 17 | 7 | 11 | (6+(33/x))=9 | 6 33 x / + 9 = | 6:ticket 33:ticket x:piece /:ticket +:ticket 9:ticket =:ticket
EXPR: 0 | POS | INT | 17 | 7 | 252 | ((x/6)-33)=9 | x 6 / 33 - 9 = | x:ticket 6:cost /:ticket 33:ticket -:ticket 9:ticket =:ticket
EXPR: 1 | POS | INT | 17 | 7 | 7 | ((x*6)-33)=9 | x 6 * 33 - 9 = | x:ticket 6:cost *:ticket 33:ticket -:ticket 9:ticket =:ticket
EXPR: 0 | POS | INT | 17 | 7 | 22 | (9/6)=(33/x) | 9 6 / 33 x / = | 9:ticket 6:cost /:ticket 33:ticket x:piece /:ticket =:ticket
EXPR: 0 | POS | INT | 17 | 7 | 3 | 6=(33-(x*9)) | 6 33 x 9 * - = | 6:ticket 33:ticket x:piece 9:ticket *:ticket -:ticket =:ticket
EXPR: 0 | POS | INT | 17 | 7 | 4 | (9+(6*x))=33 | 9 6 x * + 33 = | 9:ticket 6:ticket x:piece *:ticket +:ticket 33:ticket =:ticket
EXPR: 0 | POS | INT | 17 | 7 | 3 | ((x*9)+6)=33 | x 9 * 6 + 33 = | x:piece 9:ticket *:ticket 6:ticket +:ticket 33:ticket =:ticket
EXPR: 0 | POS | INT | 17 | 7 | 252 | 6=(x/(33+9)) | 6 x 33 9 + / = | 6:piece x:piece 33:ticket 9:ticket +:ticket /:piece =:piece
EXPR: 0 | POS | INT | 19 | 7 | 3 | (6+(9*x))=33 | 6 9 x * + 33 = | 6:ticket 9:ticket x:piece *:ticket +:ticket 33:ticket =:ticket
EXPR: 0 | POS | INT | 19 | 7 | 4 | ((x*6)+9)=33 | x 6 * 9 + 33 = | x:piece 6:ticket *:ticket 9:ticket +:ticket 33:ticket =:ticket
EXPR: 1 | POS | INT | 19 | 7 | 7 | ((x*6)-9)=33 | x 6 * 9 - 33 = | x:piece 6:ticket *:ticket 9:ticket -:ticket 33:ticket =:ticket
EXPR: 1 | POS | INT | 19 | 7 | 7 | ((6*x)-9)=33 | 6 x * 9 - 33 = | 6:ticket x:piece *:ticket 9:ticket -:ticket 33:ticket =:ticket
EXPR: 0 | POS | INT | 19 | 7 | 4 | ((6*x)+9)=33 | 6 x * 9 + 33 = | 6:ticket x:piece *:ticket 9:ticket +:ticket 33:ticket =:ticket
EXPR: 0 | POS | INT | 19 | 7 | 144 | ((x/6)+9)=33 | x 6 / 9 + 33 = | x:ticket 6:cost /:ticket 9:ticket +:ticket 33:ticket =:ticket
EXPR: 0 | POS | INT | 19 | 7 | 11 | 6=(9-(33/x)) | 6 9 33 x / - = | 6:ticket 9:ticket 33:ticket x:piece /:ticket -:ticket =:ticket
EXPR: 0 | POS | INT | 20 | 7 | 303 | x=((33*9)+6) | x 33 9 * 6 + = | x:piece 33:piece 9:ticket *:piece 6:piece +:piece =:piece
EXPR: 0 | POS | INT | 20 | 7 | 11 | x=(33/(9-6)) | x 33 9 6 - / = | x:piece 33:piece 9:ticket 6:ticket -:ticket /:piece =:piece
EXPR: 0 | POS | INT | 20 | 7 | 99 | x=(33*(9-6)) | x 33 9 6 - * = | x:piece 33:piece 9:cost 6:cost -:cost *:piece =:piece
EXPR: 0 | POS | INT | 20 | 7 | 495 | x=(33*(9+6)) | x 33 9 6 + * = | x:piece 33:piece 9:ticket 6:ticket +:ticket *:piece =:piece
EXPR: 0 | POS | INT | 20 | 7 | 18 | x=((33-9)-6) | x 33 9 - 6 - = | x:ticket 33:ticket 9:ticket -:ticket 6:ticket -:ticket =:ticket
EXPR: 0 | POS | INT | 20 | 7 | 291 | x=((33*9)-6) | x 33 9 * 6 - = | x:piece 33:ticket 9:piece *:piece 6:piece -:piece =:piece
EXPR: 0 | POS | INT | 20 | 7 | 11 | (33/(9-6))=x | 33 9 6 - / x = | 33:ticket 9:cost 6:cost -:cost /:ticket x:ticket =:ticket
EXPR: 0 | POS | INT | 20 | 7 | 495 | (33*(9+6))=x | 33 9 6 + * x = | 33:ticket 9:cost 6:cost +:cost *:cost x:cost =:cost
EXPR: 0 | POS | INT | 20 | 7 | 30 | x=(33-(9-6)) | x 33 9 6 - - = | x:ticket 33:ticket 9:ticket 6:ticket -:ticket -:ticket =:ticket
EXPR: 0 | POS | INT | 20 | 7 | 36 | x=(33+(9-6)) | x 33 9 6 - + = | x:ticket 33:ticket 9:ticket 6:ticket -:ticket +:ticket =:ticket
EXPR: 0 | POS | INT | 20 | 7 | 48 | x=(33+(9+6)) | x 33 9 6 + + = | x:ticket 33:ticket 9:ticket 6:ticket +:ticket +:ticket =:ticket
EXPR: 0 | POS | INT | 20 | 7 | 303 | ((33*9)+6)=x | 33 9 * 6 + x = | 33:piece 9:ticket *:piece 6:piece +:piece x:piece =:piece
EXPR: 0 | POS | INT | 20 | 7 | 291 | ((33*9)-6)=x | 33 9 * 6 - x = | 33:piece 9:ticket *:piece 6:piece -:piece x:piece =:piece
EXPR: 0 | POS | INT | 20 | 7 | 30 | (33-(9-6))=x | 33 9 6 - - x = | 33:ticket 9:ticket 6:ticket -:ticket -:ticket x:ticket =:ticket
EXPR: 0 | POS | INT | 20 | 7 | 36 | (33+(9-6))=x | 33 9 6 - + x = | 33:ticket 9:ticket 6:ticket -:ticket +:ticket x:ticket =:ticket
EXPR: 0 | POS | INT | 20 | 7 | 36 | x=((33+9)-6) | x 33 9 + 6 - = | x:ticket 33:ticket 9:ticket +:ticket 6:ticket -:ticket =:ticket
EXPR: 0 | POS | INT | 20 | 7 | 99 | (33*(9-6))=x | 33 9 6 - * x = | 33:ticket 9:cost 6:cost -:cost *:cost x:cost =:cost
EXPR: 0 | POS | INT | 20 | 7 | 18 | ((33-9)-6)=x | 33 9 - 6 - x = | 33:ticket 9:ticket -:ticket 6:ticket -:ticket x:ticket =:ticket
EXPR: 0 | POS | INT | 22 | 7 | 21 | ((x+33)/9)=6 | x 33 + 9 / 6 = | x:piece 33:piece +:piece 9:ticket /:piece 6:piece =:piece
EXPR: 0 | POS | INT | 22 | 7 | 3 | ((33-6)/9)=x | 33 6 - 9 / x = | 33:piece 6:piece -:piece 9:ticket /:piece x:piece =:piece
EXPR: 0 | POS | INT | 22 | 7 | 18 | x=((33-6)-9) | x 33 6 - 9 - = | x:ticket 33:ticket 6:ticket -:ticket 9:ticket -:ticket =:ticket
EXPR: 0 | POS | INT | 22 | 7 | 351 | x=((33+6)*9) | x 33 6 + 9 * = | x:piece 33:ticket 6:ticket +:ticket 9:piece *:piece =:piece
EXPR: 0 | POS | INT | 22 | 7 | 30 | x=((33+6)-9) | x 33 6 + 9 - = | x:ticket 33:ticket 6:ticket +:ticket 9:ticket -:ticket =:ticket
EXPR: 0 | POS | INT | 22 | 7 | 189 | x=((33*6)-9) | x 33 6 * 9 - = | x:cost 33:ticket 6:cost *:cost 9:cost -:cost =:cost
EXPR: 0 | POS | INT | 22 | 7 | 351 | ((33+6)*9)=x | 33 6 + 9 * x = | 33:ticket 6:ticket +:ticket 9:piece *:piece x:piece =:piece
EXPR: 0 | POS | INT | 22 | 7 | 36 | x=((33-6)+9) | x 33 6 - 9 + = | x:ticket 33:ticket 6:ticket -:ticket 9:ticket +:ticket =:ticket
EXPR: 0 | POS | INT | 22 | 7 | 207 | x=((33*6)+9) | x 33 6 * 9 + = | x:cost 33:ticket 6:cost *:cost 9:cost +:cost =:cost
EXPR: 0 | POS | INT | 22 | 7 | 351 | x=(9*(33+6)) | x 9 33 6 + * = | x:piece 9:piece 33:ticket 6:ticket +:ticket *:piece =:piece
EXPR: 0 | POS | INT | 22 | 7 | 243 | ((33-6)*9)=x | 33 6 - 9 * x = | 33:ticket 6:ticket -:ticket 9:piece *:piece x:piece =:piece
EXPR: 0 | POS | INT | 22 | 7 | 36 | x=(33-(6-9)) | x 33 6 9 - - = | x:ticket 33:ticket 6:ticket 9:ticket -:ticket -:ticket =:ticket
EXPR: 0 | POS | INT | 22 | 7 | 243 | x=((33-6)*9) | x 33 6 - 9 * = | x:piece 33:ticket 6:ticket -:ticket 9:piece *:piece =:piece
EXPR: 0 | POS | INT | 22 | 7 | 48 | x=((33+6)+9) | x 33 6 + 9 + = | x:ticket 33:ticket 6:ticket +:ticket 9:ticket +:ticket =:ticket
EXPR: 0 | POS | INT | 22 | 7 | 30 | x=(33+(6-9)) | x 33 6 9 - + = | x:ticket 33:ticket 6:ticket 9:ticket -:ticket +:ticket =:ticket
EXPR: 0 | POS | INT | 22 | 7 | 30 | 33=((9-6)+x) | 33 9 6 - x + = | 33:ticket 9:ticket 6:ticket -:ticket x:ticket +:ticket =:ticket
EXPR: 0 | POS | INT | 22 | 7 | 351 | (9*(33+6))=x | 9 33 6 + * x = | 9:piece 33:ticket 6:ticket +:ticket *:piece x:piece =:piece
EXPR: 0 | POS | INT | 22 | 7 | 243 | (9*(33-6))=x | 9 33 6 - * x = | 9:piece 33:ticket 6:ticket -:ticket *:piece x:piece =:piece
EXPR: 0 | POS | INT | 22 | 7 | 48 | x=(9+(33+6)) | x 9 33 6 + + = | x:ticket 9:ticket 33:ticket 6:ticket +:ticket +:ticket =:ticket
EXPR: 0 | POS | INT | 22 | 7 | 495 | ((x/33)-9)=6 | x 33 / 9 - 6 = | x:piece 33:ticket /:piece 9:piece -:piece 6:piece =:piece
EXPR: 0 | POS | INT | 22 | 7 | 4 | ((33-9)/x)=6 | 33 9 - x / 6 = | 33:cost 9:cost -:cost x:piece /:cost 6:cost =:cost
EXPR: 0 | POS | INT | 22 | 7 | 291 | ((33*9)-x)=6 | 33 9 * x - 6 = | 33:ticket 9:piece *:piece x:piece -:piece 6:piece =:piece
EXPR: 0 | POS | INT | 22 | 7 | 4 | (33-9)=(x*6) | 33 9 - x 6 * = | 33:ticket 9:ticket -:ticket x:piece 6:ticket *:ticket =:ticket
EXPR: 1 | POS | INT | 22 | 7 | 7 | (33+9)=(x*6) | 33 9 + x 6 * = | 33:ticket 9:ticket +:ticket x:piece 6:ticket *:ticket =:ticket
EXPR: 0 | POS | INT | 22 | 7 | 3 | (33-(x*9))=6 | 33 x 9 * - 6 = | 33:cost x:piece 9:cost *:cost -:cost 6:cost =:cost
EXPR: 0 | POS | INT | 22 | 7 | 99 | 33=(x/(9-6)) | 33 x 9 6 - / = | 33:piece x:piece 9:ticket 6:ticket -:ticket /:piece =:piece
EXPR: 0 | POS | INT | 22 | 7 | 87 | ((x-33)/9)=6 | x 33 - 9 / 6 = | x:cost 33:cost -:cost 9:ticket /:cost 6:cost =:cost
EXPR: 0 | POS | INT | 22 | 7 | 48 | (x-(33+9))=6 | x 33 9 + - 6 = | x:ticket 33:ticket 9:ticket +:ticket -:ticket 6:ticket =:ticket
EXPR: 0 | POS | INT | 22 | 7 | 36 | (33+(9-x))=6 | 33 9 x - + 6 = | 33:ticket 9:ticket x:ticket -:ticket +:ticket 6:ticket =:ticket
EXPR: 0 | POS | INT | 22 | 7 | 18 | (33-(9+x))=6 | 33 9 x + - 6 = | 33:ticket 9:ticket x:ticket +:ticket -:ticket 6:ticket =:ticket
EXPR: 0 | POS | INT | 22 | 7 | 144 | 33=(9+(x/6)) | 33 9 x 6 / + = | 33:piece 9:piece x:piece 6:cost /:piece +:piece =:piece
EXPR: 0 | POS | INT | 22 | 7 | 30 | (x-(33-9))=6 | x 33 9 - - 6 = | x:ticket 33:ticket 9:ticket -:ticket -:ticket 6:ticket =:ticket
EXPR: 0 | POS | INT | 22 | 7 | 303 | (x-(33*9))=6 | x 33 9 * - 6 = | x:piece 33:piece 9:ticket *:piece -:piece 6:piece =:piece
EXPR: 0 | POS | INT | 22 | 7 | 18 | 33=(x+(9+6)) | 33 x 9 6 + + = | 33:ticket x:ticket 9:ticket 6:ticket +:ticket +:ticket =:ticket
EXPR: 0 | POS | INT | 22 | 7 | 495 | 33=(x/(9+6)) | 33 x 9 6 + / = | 33:piece x:piece 9:ticket 6:ticket +:ticket /:piece =:piece
EXPR: 0 | POS | INT | 22 | 7 | 189 | 33=((x+9)/6) | 33 x 9 + 6 / = | 33:piece x:piece 9:piece +:piece 6:cost /:piece =:piece
EXPR: 0 | POS | INT | 22 | 7 | 48 | 33=(x-(9+6)) | 33 x 9 6 + - = | 33:ticket x:ticket 9:ticket 6:ticket +:ticket -:ticket =:ticket
EXPR: 0 | POS | INT | 22 | 7 | 30 | 33=(x+(9-6)) | 33 x 9 6 - + = | 33:ticket x:ticket 9:ticket 6:ticket -:ticket +:ticket =:ticket
EXPR: 0 | POS | INT | 22 | 7 | 36 | 33=((x-9)+6) | 33 x 9 - 6 + = | 33:ticket x:ticket 9:ticket -:ticket 6:ticket +:ticket =:ticket
EXPR: 0 | POS | INT | 22 | 7 | 21 | ((33+x)/9)=6 | 33 x + 9 / 6 = | 33:piece x:piece +:piece 9:ticket /:piece 6:piece =:piece
EXPR: 0 | POS | INT | 22 | 7 | 21 | 33=((9*6)-x) | 33 9 6 * x - = | 33:piece 9:ticket 6:piece *:piece x:piece -:piece =:piece
EXPR: 0 | POS | INT | 22 | 7 | 36 | (33-(6-9))=x | 33 6 9 - - x = | 33:ticket 6:ticket 9:ticket -:ticket -:ticket x:ticket =:ticket
EXPR: 0 | POS | INT | 22 | 7 | 30 | 33=((x+9)-6) | 33 x 9 + 6 - = | 33:ticket x:ticket 9:ticket +:ticket 6:ticket -:ticket =:ticket
EXPR: 0 | POS | INT | 22 | 7 | 48 | (9+(33+6))=x | 9 33 6 + + x = | 9:ticket 33:ticket 6:ticket +:ticket +:ticket x:ticket =:ticket
EXPR: 0 | POS | INT | 22 | 7 | 243 | x=(9*(33-6)) | x 9 33 6 - * = | x:ticket 9:ticket 33:cost 6:cost -:cost *:ticket =:ticket
EXPR: 0 | POS | INT | 22 | 7 | 1782 | (x/33)=(9*6) | x 33 / 9 6 * = | x:cost 33:ticket /:cost 9:ticket 6:cost *:cost =:cost
EXPR: 0 | POS | INT | 24 | 7 | 207 | ((x-9)/33)=6 | x 9 - 33 / 6 = | x:piece 9:piece -:piece 33:ticket /:piece 6:piece =:piece
EXPR: 0 | POS | INT | 24 | 7 | 207 | (x-(33*6))=9 | x 33 6 * - 9 = | x:piece 33:ticket 6:piece *:piece -:piece 9:piece =:piece
EXPR: 0 | POS | INT | 24 | 7 | 99 | ((x/33)+6)=9 | x 33 / 6 + 9 = | x:piece 33:ticket /:piece 6:piece +:piece 9:piece =:piece
EXPR: 0 | POS | INT | 24 | 7 | 18 | 9=((33-x)-6) | 9 33 x - 6 - = | 9:ticket 33:ticket x:ticket -:ticket 6:ticket -:ticket =:ticket
EXPR: 0 | POS | INT | 24 | 7 | 144 | 9=(33-(x/6)) | 9 33 x 6 / - = | 9:piece 33:piece x:piece 6:cost /:piece -:piece =:piece
EXPR: 0 | POS | INT | 24 | 7 | 48 | 9=(x-(33+6)) | 9 x 33 6 + - = | 9:ticket x:ticket 33:ticket 6:ticket +:ticket -:ticket =:ticket
EXPR: 0 | POS | INT | 24 | 7 | 36 | 33=((6-9)+x) | 33 6 9 - x + = | 33:ticket 6:ticket 9:ticket -:ticket x:ticket +:ticket =:ticket
EXPR: 0 | POS | INT | 24 | 7 | 189 | 9=((33*6)-x) | 9 33 6 * x - = | 9:ticket 33:ticket 6:piece *:ticket x:ticket -:ticket =:ticket
EXPR: 0 | POS | INT | 24 | 7 | 3 | (33-6)=(x*9) | 33 6 - x 9 * = | 33:ticket 6:ticket -:ticket x:piece 9:ticket *:ticket =:ticket
EXPR: 0 | POS | INT | 24 | 7 | 30 | ((x+9)-33)=6 | x 9 + 33 - 6 = | x:ticket 9:ticket +:ticket 33:ticket -:ticket 6:ticket =:ticket
EXPR: 0 | POS | INT | 24 | 7 | 351 | ((x/9)-33)=6 | x 9 / 33 - 6 = | x:piece 9:ticket /:piece 33:piece -:piece 6:piece =:piece
EXPR: 0 | POS | INT | 24 | 7 | 18 | (33-(x+6))=9 | 33 x 6 + - 9 = | 33:ticket x:ticket 6:ticket +:ticket -:ticket 9:ticket =:ticket
EXPR: 0 | POS | INT | 24 | 7 | 36 | 33=((6+x)-9) | 33 6 x + 9 - = | 33:ticket 6:ticket x:ticket +:ticket 9:ticket -:ticket =:ticket
EXPR: 0 | POS | INT | 24 | 7 | 18 | 33=((6+x)+9) | 33 6 x + 9 + = | 33:ticket 6:ticket x:ticket +:ticket 9:ticket +:ticket =:ticket
EXPR: 0 | POS | INT | 24 | 7 | 189 | ((x+9)/33)=6 | x 9 + 33 / 6 = | x:piece 9:piece +:piece 33:ticket /:piece 6:piece =:piece
EXPR: 0 | POS | INT | 24 | 7 | 21 | 9=((x+33)/6) | 9 x 33 + 6 / = | 9:ticket x:ticket 33:ticket +:ticket 6:piece /:ticket =:ticket
EXPR: 0 | POS | INT | 24 | 7 | 243 | 33=(6+(x/9)) | 33 6 x 9 / + = | 33:cost 6:cost x:cost 9:ticket /:cost +:cost =:cost
EXPR: 0 | POS | INT | 24 | 7 | 22 | (x/33)=(6/9) | x 33 / 6 9 / = | x:cost 33:ticket /:cost 6:cost 9:ticket /:cost =:cost
EXPR: 0 | POS | INT | 24 | 7 | 11 | ((33/x)+6)=9 | 33 x / 6 + 9 = | 33:ticket x:cost /:ticket 6:ticket +:ticket 9:ticket =:ticket
EXPR: 0 | POS | INT | 24 | 7 | 30 | (x+(9-33))=6 | x 9 33 - + 6 = | x:ticket 9:ticket 33:ticket -:ticket +:ticket 6:ticket =:ticket
EXPR: 0 | POS | INT | 24 | 7 | 495 | 9=((x/33)-6) | 9 x 33 / 6 - = | 9:cost x:cost 33:ticket /:cost 6:cost -:cost =:cost
EXPR: 0 | POS | INT | 24 | 7 | 99 | 9=((x/33)+6) | 9 x 33 / 6 + = | 9:cost x:cost 33:ticket /:cost 6:cost +:cost =:cost
EXPR: 0 | POS | INT | 24 | 7 | 18 | 33=(6+(9+x)) | 33 6 9 x + + = | 33:ticket 6:ticket 9:ticket x:ticket +:ticket +:ticket =:ticket
EXPR: 0 | POS | INT | 24 | 7 | 48 | (x-(33+6))=9 | x 33 6 + - 9 = | x:ticket 33:ticket 6:ticket +:ticket -:ticket 9:ticket =:ticket
EXPR: 0 | POS | INT | 24 | 7 | 4 | (33-(x*6))=9 | 33 x 6 * - 9 = | 33:cost x:piece 6:cost *:cost -:cost 9:cost =:cost
EXPR: 0 | POS | INT | 24 | 7 | 243 | (x/(33-6))=9 | x 33 6 - / 9 = | x:piece 33:cost 6:cost -:cost /:piece 9:piece =:piece
EXPR: 0 | POS | INT | 24 | 7 | 3 | (x*9)=(33-6) | x 9 * 33 6 - = | x:piece 9:ticket *:ticket 33:ticket 6:ticket -:ticket =:ticket
EXPR: 0 | POS | INT | 24 | 7 | 243 | 9=(x/(33-6)) | 9 x 33 6 - / = | 9:piece x:piece 33:cost 6:cost -:cost /:piece =:piece
EXPR: 0 | POS | INT | 24 | 7 | 36 | 9=((x-33)+6) | 9 x 33 - 6 + = | 9:ticket x:ticket 33:ticket -:ticket 6:ticket +:ticket =:ticket
EXPR: 0 | POS | INT | 24 | 7 | 30 | 9=((33-x)+6) | 9 33 x - 6 + = | 9:ticket 33:ticket x:ticket -:ticket 6:ticket +:ticket =:ticket
EXPR: 0 | POS | INT | 24 | 7 | 291 | 33=((x+6)/9) | 33 x 6 + 9 / = | 33:cost x:cost 6:cost +:cost 9:ticket /:cost =:cost
EXPR: 0 | POS | INT | 24 | 7 | 30 | 9=((33+6)-x) | 9 33 6 + x - = | 9:ticket 33:ticket 6:ticket +:ticket x:ticket -:ticket =:ticket
EXPR: 0 | POS | INT | 24 | 7 | 189 | ((33*6)-x)=9 | 33 6 * x - 9 = | 33:piece 6:cost *:piece x:piece -:piece 9:piece =:piece
EXPR: 0 | POS | INT | 24 | 7 | 351 | (x/(33+6))=9 | x 33 6 + / 9 = | x:piece 33:ticket 6:ticket +:ticket /:piece 9:piece =:piece
EXPR: 0 | POS | INT | 25 | 7 | 495 | ((9+6)*33)=x | 9 6 + 33 * x = | 9:ticket 6:ticket +:ticket 33:piece *:piece x:piece =:piece
EXPR: 0 | POS | INT | 25 | 7 | 99 | ((9-6)*33)=x | 9 6 - 33 * x = | 9:ticket 6:ticket -:ticket 33:piece *:piece x:piece =:piece
EXPR: 0 | POS | INT | 25 | 7 | 36 | x=(9-(6-33)) | x 9 6 33 - - = | x:ticket 9:ticket 6:ticket 33:ticket -:ticket -:ticket =:ticket
EXPR: 0 | POS | INT | 25 | 7 | 303 | (6+(33*9))=x | 6 33 9 * + x = | 6:cost 33:ticket 9:cost *:cost +:cost x:cost =:cost
EXPR: 0 | POS | INT | 25 | 7 | 36 | x=((9-6)+33) | x 9 6 - 33 + = | x:ticket 9:ticket 6:ticket -:ticket 33:ticket +:ticket =:ticket
EXPR: 0 | POS | INT | 25 | 7 | 87 | x=((9*6)+33) | x 9 6 * 33 + = | x:cost 9:ticket 6:cost *:cost 33:cost +:cost =:cost
EXPR: 0 | POS | INT | 25 | 7 | 30 | (6+(33-9))=x | 6 33 9 - + x = | 6:ticket 33:ticket 9:ticket -:ticket +:ticket x:ticket =:ticket
EXPR: 0 | POS | INT | 25 | 7 | 30 | x=(6+(33-9)) | x 6 33 9 - + = | x:ticket 6:ticket 33:ticket 9:ticket -:ticket +:ticket =:ticket
EXPR: 0 | POS | INT | 25 | 7 | 48 | (6+(33+9))=x | 6 33 9 + + x = | 6:ticket 33:ticket 9:ticket +:ticket +:ticket x:ticket =:ticket
EXPR: 0 | POS | INT | 25 | 7 | 303 | x=(6+(33*9)) | x 6 33 9 * + = | x:piece 6:piece 33:ticket 9:piece *:piece +:piece =:piece
EXPR: 0 | POS | INT | 25 | 7 | 99 | x=((9-6)*33) | x 9 6 - 33 * = | x:piece 9:ticket 6:ticket -:ticket 33:piece *:piece =:piece
EXPR: 0 | POS | INT | 25 | 7 | 495 | x=((9+6)*33) | x 9 6 + 33 * = | x:piece 9:ticket 6:ticket +:ticket 33:piece *:piece =:piece
NET 177 unique, non-negative, integer-valued solutions found out of 1000 total solutions
