parameters: n=7 l=3 k=1 p=5 q=2 m=9
TOTAL 1000 solutions found
SOLN: CORRECT | POS/NEG | INT/FRA | OBJ-SCORE | TRUE-ANS | ANS | INFIX | POSTFIX | TYPED-POSTFIX
EXPR: 1 | POS | INT | 2 | 2 | 2 | ((11+5)/x)=8 | 11 5 + x / 8 = | 11:piece 5:piece +:piece x:LENGTH /:piece 8:piece =:piece
EXPR: 1 | POS | INT | 4 | 2 | 2 | 11=((x*8)-5) | 11 x 8 * 5 - = | 11:piece x:LENGTH 8:piece *:piece 5:piece -:piece =:piece
EXPR: 1 | POS | INT | 4 | 2 | 2 | 11=((8*x)-5) | 11 8 x * 5 - = | 11:piece 8:piece x:LENGTH *:piece 5:piece -:piece =:piece
EXPR: 1 | POS | INT | 7 | 2 | 2 | 5=((8*x)-11) | 5 8 x * 11 - = | 5:piece 8:piece x:LENGTH *:piece 11:piece -:piece =:piece
EXPR: 1 | POS | INT | 7 | 2 | 2 | ((x*8)-11)=5 | x 8 * 11 - 5 = | x:LENGTH 8:piece *:piece 11:piece -:piece 5:piece =:piece
EXPR: 1 | POS | INT | 7 | 2 | 2 | 5=((x*8)-11) | 5 x 8 * 11 - = | 5:piece x:LENGTH 8:piece *:piece 11:piece -:piece =:piece
EXPR: 1 | POS | INT | 7 | 2 | 2 | 8=((11+5)/x) | 8 11 5 + x / = | 8:piece 11:piece 5:piece +:piece x:LENGTH /:piece =:piece
EXPR: 1 | POS | INT | 7 | 2 | 2 | ((8*x)-11)=5 | 8 x * 11 - 5 = | 8:piece x:LENGTH *:piece 11:piece -:piece 5:piece =:piece
EXPR: 1 | POS | INT | 9 | 2 | 2 | ((8*x)-5)=11 | 8 x * 5 - 11 = | 8:piece x:LENGTH *:piece 5:piece -:piece 11:piece =:piece
EXPR: 1 | POS | INT | 9 | 2 | 2 | ((x*8)-5)=11 | x 8 * 5 - 11 = | x:LENGTH 8:piece *:piece 5:piece -:piece 11:piece =:piece
EXPR: 0 | POS | INT | 10 | 2 | 128 | x=((11+5)*8) | x 11 5 + 8 * = | x:LENGTH 11:piece 5:piece +:piece 8:LENGTH *:LENGTH =:LENGTH
EXPR: 0 | POS | INT | 10 | 2 | 143 | x=(11*(5+8)) | x 11 5 8 + * = | x:LENGTH 11:LENGTH 5:piece 8:piece +:piece *:LENGTH =:LENGTH
EXPR: 0 | POS | INT | 10 | 2 | 48 | ((11-5)*8)=x | 11 5 - 8 * x = | 11:piece 5:piece -:piece 8:LENGTH *:LENGTH x:LENGTH =:LENGTH
EXPR: 0 | POS | INT | 10 | 2 | 8 | ((11+5)-8)=x | 11 5 + 8 - x = | 11:piece 5:piece +:piece 8:piece -:piece x:piece =:piece
EXPR: 0 | POS | INT | 10 | 2 | 14 | (11-(5-8))=x | 11 5 8 - - x = | 11:piece 5:piece 8:piece -:piece -:piece x:piece =:piece
EXPR: 0 | POS | INT | 10 | 2 | 14 | ((11-5)+8)=x | 11 5 - 8 + x = | 11:piece 5:piece -:piece 8:piece +:piece x:piece =:piece
EXPR: 0 | POS | INT | 10 | 2 | 8 | x=(11+(5-8)) | x 11 5 8 - + = | x:piece 11:piece 5:piece 8:piece -:piece +:piece =:piece
EXPR: 0 | POS | INT | 10 | 2 | 24 | ((11+5)+8)=x | 11 5 + 8 + x = | 11:piece 5:piece +:piece 8:piece +:piece x:piece =:piece
EXPR: 0 | POS | INT | 10 | 2 | 8 | (11+(5-8))=x | 11 5 8 - + x = | 11:piece 5:piece 8:piece -:piece +:piece x:piece =:piece
EXPR: 0 | POS | INT | 10 | 2 | 48 | x=((11-5)*8) | x 11 5 - 8 * = | x:LENGTH 11:piece 5:piece -:piece 8:LENGTH *:LENGTH =:LENGTH
EXPR: 0 | POS | INT | 10 | 2 | 24 | x=(11+(5+8)) | x 11 5 8 + + = | x:piece 11:piece 5:piece 8:piece +:piece +:piece =:piece
EXPR: 0 | POS | INT | 10 | 2 | 128 | ((11+5)*8)=x | 11 5 + 8 * x = | 11:piece 5:piece +:piece 8:LENGTH *:LENGTH x:LENGTH =:LENGTH
EXPR: 0 | POS | INT | 10 | 2 | 24 | (11+(5+8))=x | 11 5 8 + + x = | 11:piece 5:piece 8:piece +:piece +:piece x:piece =:piece
EXPR: 0 | POS | INT | 10 | 2 | 14 | x=(11-(5-8)) | x 11 5 8 - - = | x:piece 11:piece 5:piece 8:piece -:piece -:piece =:piece
EXPR: 0 | POS | INT | 10 | 2 | 143 | (11*(5+8))=x | 11 5 8 + * x = | 11:LENGTH 5:piece 8:piece +:piece *:LENGTH x:LENGTH =:LENGTH
EXPR: 0 | POS | INT | 10 | 2 | 8 | x=((11+5)-8) | x 11 5 + 8 - = | x:piece 11:piece 5:piece +:piece 8:piece -:piece =:piece
EXPR: 0 | POS | INT | 10 | 2 | 14 | x=((11-5)+8) | x 11 5 - 8 + = | x:piece 11:piece 5:piece -:piece 8:piece +:piece =:piece
EXPR: 0 | POS | INT | 10 | 2 | 24 | x=((11+5)+8) | x 11 5 + 8 + = | x:piece 11:piece 5:piece +:piece 8:piece +:piece =:piece
EXPR: 0 | POS | INT | 12 | 2 | 143 | 11=(x/(5+8)) | 11 x 5 8 + / = | 11:LENGTH x:LENGTH 5:piece 8:piece +:piece /:LENGTH =:LENGTH
EXPR: 0 | POS | INT | 12 | 2 | 128 | (x/(11+5))=8 | x 11 5 + / 8 = | x:LENGTH 11:piece 5:piece +:piece /:LENGTH 8:LENGTH =:LENGTH
EXPR: 1 | POS | INT | 12 | 2 | 2 | ((11+x)-5)=8 | 11 x + 5 - 8 = | 11:piece x:piece +:piece 5:piece -:piece 8:piece =:piece
EXPR: 0 | POS | INT | 12 | 2 | 24 | (x-(11+5))=8 | x 11 5 + - 8 = | x:piece 11:piece 5:piece +:piece -:piece 8:piece =:piece
EXPR: 0 | POS | INT | 12 | 2 | 14 | 11=((x+5)-8) | 11 x 5 + 8 - = | 11:piece x:piece 5:piece +:piece 8:piece -:piece =:piece
EXPR: 0 | POS | INT | 12 | 2 | 14 | 11=((5-8)+x) | 11 5 8 - x + = | 11:piece 5:piece 8:piece -:piece x:piece +:piece =:piece
EXPR: 1 | POS | INT | 12 | 2 | 2 | 11=(5-(x-8)) | 11 5 x 8 - - = | 11:piece 5:piece x:piece 8:piece -:piece -:piece =:piece
EXPR: 0 | POS | INT | 12 | 2 | 95 | x=(5*(11+8)) | x 5 11 8 + * = | x:LENGTH 5:LENGTH 11:piece 8:piece +:piece *:LENGTH =:LENGTH
EXPR: 1 | POS | INT | 12 | 2 | 2 | 11=((5-x)+8) | 11 5 x - 8 + = | 11:piece 5:piece x:piece -:piece 8:piece +:piece =:piece
EXPR: 0 | POS | INT | 12 | 2 | 8 | ((11-x)+5)=8 | 11 x - 5 + 8 = | 11:piece x:piece -:piece 5:piece +:piece 8:piece =:piece
EXPR: 1 | POS | INT | 12 | 2 | 2 | (11+5)=(8*x) | 11 5 + 8 x * = | 11:piece 5:piece +:piece 8:piece x:LENGTH *:piece =:piece
EXPR: 0 | POS | INT | 12 | 2 | 48 | (x/(11-5))=8 | x 11 5 - / 8 = | x:LENGTH 11:piece 5:piece -:piece /:LENGTH 8:LENGTH =:LENGTH
EXPR: 1 | POS | INT | 12 | 2 | 2 | (11+5)=(x*8) | 11 5 + x 8 * = | 11:piece 5:piece +:piece x:LENGTH 8:piece *:piece =:piece
EXPR: 0 | POS | INT | 12 | 2 | 14 | ((11+8)-5)=x | 11 8 + 5 - x = | 11:piece 8:piece +:piece 5:piece -:piece x:piece =:piece
EXPR: 0 | POS | INT | 12 | 2 | 95 | x=((11+8)*5) | x 11 8 + 5 * = | x:LENGTH 11:piece 8:piece +:piece 5:LENGTH *:LENGTH =:LENGTH
EXPR: 0 | POS | INT | 12 | 2 | 8 | (11-(8-5))=x | 11 8 5 - - x = | 11:piece 8:piece 5:piece -:piece -:piece x:piece =:piece
EXPR: 0 | POS | INT | 12 | 2 | 33 | (11*(8-5))=x | 11 8 5 - * x = | 11:LENGTH 8:piece 5:piece -:piece *:LENGTH x:LENGTH =:LENGTH
EXPR: 1 | POS | INT | 12 | 2 | 2 | ((x+11)-5)=8 | x 11 + 5 - 8 = | x:piece 11:piece +:piece 5:piece -:piece 8:piece =:piece
EXPR: 0 | POS | INT | 12 | 2 | 24 | ((x-11)-5)=8 | x 11 - 5 - 8 = | x:piece 11:piece -:piece 5:piece -:piece 8:piece =:piece
EXPR: 0 | POS | INT | 12 | 2 | 15 | x=(5*(11-8)) | x 5 11 8 - * = | x:LENGTH 5:LENGTH 11:piece 8:piece -:piece *:LENGTH =:LENGTH
EXPR: 0 | POS | INT | 12 | 2 | 33 | x=(11*(8-5)) | x 11 8 5 - * = | x:LENGTH 11:LENGTH 8:piece 5:piece -:piece *:LENGTH =:LENGTH
EXPR: 0 | POS | INT | 12 | 2 | 14 | x=(11+(8-5)) | x 11 8 5 - + = | x:piece 11:piece 8:piece 5:piece -:piece +:piece =:piece
EXPR: 0 | POS | INT | 12 | 2 | 8 | ((11-8)+5)=x | 11 8 - 5 + x = | 11:piece 8:piece -:piece 5:piece +:piece x:piece =:piece
EXPR: 0 | POS | INT | 12 | 2 | 14 | (11+(8-5))=x | 11 8 5 - + x = | 11:piece 8:piece 5:piece -:piece +:piece x:piece =:piece
EXPR: 0 | POS | INT | 12 | 2 | 15 | ((11-8)*5)=x | 11 8 - 5 * x = | 11:piece 8:piece -:piece 5:LENGTH *:LENGTH x:LENGTH =:LENGTH
EXPR: 0 | POS | INT | 12 | 2 | 8 | (11-(x-5))=8 | 11 x 5 - - 8 = | 11:piece x:piece 5:piece -:piece -:piece 8:piece =:piece
EXPR: 0 | POS | INT | 12 | 2 | 15 | x=((11-8)*5) | x 11 8 - 5 * = | x:LENGTH 11:piece 8:piece -:piece 5:LENGTH *:LENGTH =:LENGTH
EXPR: 0 | POS | INT | 12 | 2 | 8 | ((11+5)-x)=8 | 11 5 + x - 8 = | 11:piece 5:piece +:piece x:piece -:piece 8:piece =:piece
EXPR: 1 | POS | INT | 12 | 2 | 2 | ((11-5)+x)=8 | 11 5 - x + 8 = | 11:piece 5:piece -:piece x:piece +:piece 8:piece =:piece
EXPR: 0 | POS | INT | 12 | 2 | 8 | x=(5+(11-8)) | x 5 11 8 - + = | x:piece 5:piece 11:piece 8:piece -:piece +:piece =:piece
EXPR: 0 | POS | INT | 12 | 2 | 14 | ((x-11)+5)=8 | x 11 - 5 + 8 = | x:piece 11:piece -:piece 5:piece +:piece 8:piece =:piece
EXPR: 0 | POS | INT | 12 | 2 | 24 | 11=(x-(5+8)) | 11 x 5 8 + - = | 11:piece x:piece 5:piece 8:piece +:piece -:piece =:piece
EXPR: 0 | POS | INT | 12 | 2 | 24 | x=(5+(11+8)) | x 5 11 8 + + = | x:piece 5:piece 11:piece 8:piece +:piece +:piece =:piece
EXPR: 0 | POS | INT | 12 | 2 | 24 | ((11+8)+5)=x | 11 8 + 5 + x = | 11:piece 8:piece +:piece 5:piece +:piece x:piece =:piece
EXPR: 0 | POS | INT | 12 | 2 | 24 | (5+(11+8))=x | 5 11 8 + + x = | 5:piece 11:piece 8:piece +:piece +:piece x:piece =:piece
EXPR: 1 | POS | INT | 12 | 2 | 2 | (5-(11-8))=x | 5 11 8 - - x = | 5:piece 11:piece 8:piece -:piece -:piece x:piece =:piece
EXPR: 1 | POS | INT | 12 | 2 | 2 | (11+(x-5))=8 | 11 x 5 - + 8 = | 11:piece x:piece 5:piece -:piece +:piece 8:piece =:piece
EXPR: 1 | POS | INT | 12 | 2 | 2 | x=(5-(11-8)) | x 5 11 8 - - = | x:piece 5:piece 11:piece 8:piece -:piece -:piece =:piece
EXPR: 0 | POS | INT | 12 | 2 | 95 | (5*(11+8))=x | 5 11 8 + * x = | 5:LENGTH 11:piece 8:piece +:piece *:LENGTH x:LENGTH =:LENGTH
EXPR: 1 | POS | INT | 12 | 2 | 2 | ((5-11)+8)=x | 5 11 - 8 + x = | 5:piece 11:piece -:piece 8:piece +:piece x:piece =:piece
EXPR: 0 | POS | INT | 12 | 2 | 14 | (x-(11-5))=8 | x 11 5 - - 8 = | x:piece 11:piece 5:piece -:piece -:piece 8:piece =:piece
EXPR: 0 | POS | INT | 12 | 2 | 14 | 11=(x+(5-8)) | 11 x 5 8 - + = | 11:piece x:piece 5:piece 8:piece -:piece +:piece =:piece
EXPR: 0 | POS | INT | 12 | 2 | 8 | (5+(11-8))=x | 5 11 8 - + x = | 5:piece 11:piece 8:piece -:piece +:piece x:piece =:piece
EXPR: 0 | POS | INT | 12 | 2 | 14 | 11=(5+(x-8)) | 11 5 x 8 - + = | 11:piece 5:piece x:piece 8:piece -:piece +:piece =:piece
EXPR: 0 | POS | INT | 12 | 2 | 14 | 11=(5-(8-x)) | 11 5 8 x - - = | 11:piece 5:piece 8:piece x:piece -:piece -:piece =:piece
EXPR: 1 | POS | INT | 12 | 2 | 2 | x=((5-11)+8) | x 5 11 - 8 + = | x:piece 5:piece 11:piece -:piece 8:piece +:piece =:piece
EXPR: 0 | POS | INT | 12 | 2 | 8 | x=((11-8)+5) | x 11 8 - 5 + = | x:piece 11:piece 8:piece -:piece 5:piece +:piece =:piece
EXPR: 1 | POS | INT | 12 | 2 | 2 | 11=((5+8)-x) | 11 5 8 + x - = | 11:piece 5:piece 8:piece +:piece x:piece -:piece =:piece
EXPR: 0 | POS | INT | 12 | 2 | 8 | x=(11-(8-5)) | x 11 8 5 - - = | x:piece 11:piece 8:piece 5:piece -:piece -:piece =:piece
EXPR: 0 | POS | INT | 12 | 2 | 14 | 11=((5+x)-8) | 11 5 x + 8 - = | 11:piece 5:piece x:piece +:piece 8:piece -:piece =:piece
EXPR: 0 | POS | INT | 12 | 2 | 14 | x=((11+8)-5) | x 11 8 + 5 - = | x:piece 11:piece 8:piece +:piece 5:piece -:piece =:piece
EXPR: 1 | POS | INT | 12 | 2 | 2 | (x+(11-5))=8 | x 11 5 - + 8 = | x:piece 11:piece 5:piece -:piece +:piece 8:piece =:piece
EXPR: 0 | POS | INT | 12 | 2 | 24 | x=((11+8)+5) | x 11 8 + 5 + = | x:piece 11:piece 8:piece +:piece 5:piece +:piece =:piece
EXPR: 1 | POS | INT | 12 | 2 | 2 | 11=(5+(8-x)) | 11 5 8 x - + = | 11:piece 5:piece 8:piece x:piece -:piece +:piece =:piece
EXPR: 0 | POS | INT | 12 | 2 | 8 | 11=((x-5)+8) | 11 x 5 - 8 + = | 11:piece x:piece 5:piece -:piece 8:piece +:piece =:piece
EXPR: 0 | POS | INT | 12 | 2 | 24 | 11=((x-5)-8) | 11 x 5 - 8 - = | 11:piece x:piece 5:piece -:piece 8:piece -:piece =:piece
EXPR: 0 | POS | INT | 12 | 2 | 15 | (5*(11-8))=x | 5 11 8 - * x = | 5:LENGTH 11:piece 8:piece -:piece *:LENGTH x:LENGTH =:LENGTH
EXPR: 0 | POS | INT | 12 | 2 | 8 | 11=(x-(5-8)) | 11 x 5 8 - - = | 11:piece x:piece 5:piece 8:piece -:piece -:piece =:piece
EXPR: 1 | POS | INT | 12 | 2 | 2 | (11-(5-x))=8 | 11 5 x - - 8 = | 11:piece 5:piece x:piece -:piece -:piece 8:piece =:piece
EXPR: 0 | POS | INT | 12 | 2 | 8 | (11+(5-x))=8 | 11 5 x - + 8 = | 11:piece 5:piece x:piece -:piece +:piece 8:piece =:piece
EXPR: 0 | POS | INT | 12 | 2 | 95 | ((11+8)*5)=x | 11 8 + 5 * x = | 11:piece 8:piece +:piece 5:LENGTH *:LENGTH x:LENGTH =:LENGTH
EXPR: 0 | POS | INT | 14 | 2 | 8 | 11=((x+8)-5) | 11 x 8 + 5 - = | 11:piece x:piece 8:piece +:piece 5:piece -:piece =:piece
EXPR: 0 | POS | INT | 14 | 2 | 33 | 11=(x/(8-5)) | 11 x 8 5 - / = | 11:LENGTH x:LENGTH 8:piece 5:piece -:piece /:LENGTH =:LENGTH
EXPR: 1 | POS | INT | 14 | 2 | 2 | ((11+x)-8)=5 | 11 x + 8 - 5 = | 11:piece x:piece +:piece 8:piece -:piece 5:piece =:piece
EXPR: 0 | POS | INT | 14 | 2 | 8 | 5=(x-(11-8)) | 5 x 11 8 - - = | 5:piece x:piece 11:piece 8:piece -:piece -:piece =:piece
EXPR: 0 | POS | INT | 14 | 2 | 24 | 5=(x-(11+8)) | 5 x 11 8 + - = | 5:piece x:piece 11:piece 8:piece +:piece -:piece =:piece
EXPR: 1 | POS | INT | 14 | 2 | 2 | 5=(x+(11-8)) | 5 x 11 8 - + = | 5:piece x:piece 11:piece 8:piece -:piece +:piece =:piece
EXPR: 0 | POS | INT | 14 | 2 | 95 | 5=(x/(11+8)) | 5 x 11 8 + / = | 5:LENGTH x:LENGTH 11:piece 8:piece +:piece /:LENGTH =:LENGTH
EXPR: 1 | POS | INT | 14 | 2 | 2 | 11=(8-(x-5)) | 11 8 x 5 - - = | 11:piece 8:piece x:piece 5:piece -:piece -:piece =:piece
EXPR: 0 | POS | INT | 14 | 2 | 24 | (x-(11+8))=5 | x 11 8 + - 5 = | x:piece 11:piece 8:piece +:piece -:piece 5:piece =:piece
EXPR: 0 | POS | INT | 14 | 2 | 8 | 11=((8-5)+x) | 11 8 5 - x + = | 11:piece 8:piece 5:piece -:piece x:piece +:piece =:piece
EXPR: 0 | POS | INT | 14 | 2 | 8 | 11=((8+x)-5) | 11 8 x + 5 - = | 11:piece 8:piece x:piece +:piece 5:piece -:piece =:piece
EXPR: 0 | POS | INT | 14 | 2 | 8 | ((5-x)+11)=8 | 5 x - 11 + 8 = | 5:piece x:piece -:piece 11:piece +:piece 8:piece =:piece
EXPR: 0 | POS | INT | 14 | 2 | 8 | 11=(8+(x-5)) | 11 8 x 5 - + = | 11:piece 8:piece x:piece 5:piece -:piece +:piece =:piece
EXPR: 1 | POS | INT | 14 | 2 | 2 | 5=((x+11)-8) | 5 x 11 + 8 - = | 5:piece x:piece 11:piece +:piece 8:piece -:piece =:piece
EXPR: 1 | POS | INT | 14 | 2 | 2 | ((x+11)-8)=5 | x 11 + 8 - 5 = | x:piece 11:piece +:piece 8:piece -:piece 5:piece =:piece
EXPR: 0 | POS | INT | 14 | 2 | 24 | ((x-11)-8)=5 | x 11 - 8 - 5 = | x:piece 11:piece -:piece 8:piece -:piece 5:piece =:piece
EXPR: 0 | POS | INT | 14 | 2 | 14 | (11-(x-8))=5 | 11 x 8 - - 5 = | 11:piece x:piece 8:piece -:piece -:piece 5:piece =:piece
EXPR: 0 | POS | INT | 14 | 2 | 14 | ((11-x)+8)=5 | 11 x - 8 + 5 = | 11:piece x:piece -:piece 8:piece +:piece 5:piece =:piece
EXPR: 0 | POS | INT | 14 | 2 | 8 | 5=((x-11)+8) | 5 x 11 - 8 + = | 5:piece x:piece 11:piece -:piece 8:piece +:piece =:piece
EXPR: 1 | POS | INT | 14 | 2 | 2 | (11-(8-x))=5 | 11 8 x - - 5 = | 11:piece 8:piece x:piece -:piece -:piece 5:piece =:piece
EXPR: 0 | POS | INT | 14 | 2 | 14 | (11+(8-x))=5 | 11 8 x - + 5 = | 11:piece 8:piece x:piece -:piece +:piece 5:piece =:piece
EXPR: 0 | POS | INT | 14 | 2 | 8 | (5-(x-11))=8 | 5 x 11 - - 8 = | 5:piece x:piece 11:piece -:piece -:piece 8:piece =:piece
EXPR: 0 | POS | INT | 14 | 2 | 95 | (x/(11+8))=5 | x 11 8 + / 5 = | x:LENGTH 11:piece 8:piece +:piece /:LENGTH 5:LENGTH =:LENGTH
EXPR: 1 | POS | INT | 14 | 2 | 2 | ((11-8)+x)=5 | 11 8 - x + 5 = | 11:piece 8:piece -:piece x:piece +:piece 5:piece =:piece
EXPR: 0 | POS | INT | 14 | 2 | 24 | ((x-5)-11)=8 | x 5 - 11 - 8 = | x:piece 5:piece -:piece 11:piece -:piece 8:piece =:piece
EXPR: 1 | POS | INT | 14 | 2 | 2 | ((x-5)+11)=8 | x 5 - 11 + 8 = | x:piece 5:piece -:piece 11:piece +:piece 8:piece =:piece
EXPR: 0 | POS | INT | 14 | 2 | 15 | 5=(x/(11-8)) | 5 x 11 8 - / = | 5:LENGTH x:LENGTH 11:piece 8:piece -:piece /:LENGTH =:LENGTH
EXPR: 0 | POS | INT | 14 | 2 | 15 | (x/(11-8))=5 | x 11 8 - / 5 = | x:LENGTH 11:piece 8:piece -:piece /:LENGTH 5:LENGTH =:LENGTH
EXPR: 1 | POS | INT | 14 | 2 | 2 | 11=(8+(5-x)) | 11 8 5 x - + = | 11:piece 8:piece 5:piece x:piece -:piece +:piece =:piece
EXPR: 0 | POS | INT | 14 | 2 | 8 | 11=(8-(5-x)) | 11 8 5 x - - = | 11:piece 8:piece 5:piece x:piece -:piece -:piece =:piece
EXPR: 1 | POS | INT | 14 | 2 | 2 | (11+(x-8))=5 | 11 x 8 - + 5 = | 11:piece x:piece 8:piece -:piece +:piece 5:piece =:piece
EXPR: 0 | POS | INT | 14 | 2 | 8 | ((x-11)+8)=5 | x 11 - 8 + 5 = | x:piece 11:piece -:piece 8:piece +:piece 5:piece =:piece
EXPR: 0 | POS | INT | 14 | 2 | 24 | 5=((x-11)-8) | 5 x 11 - 8 - = | 5:piece x:piece 11:piece -:piece 8:piece -:piece =:piece
EXPR: 1 | POS | INT | 14 | 2 | 2 | (x-(5-11))=8 | x 5 11 - - 8 = | x:piece 5:piece 11:piece -:piece -:piece 8:piece =:piece
EXPR: 0 | POS | INT | 14 | 2 | 8 | (x-(11-8))=5 | x 11 8 - - 5 = | x:piece 11:piece 8:piece -:piece -:piece 5:piece =:piece
EXPR: 1 | POS | INT | 14 | 2 | 2 | 5=(11+(x-8)) | 5 11 x 8 - + = | 5:piece 11:piece x:piece 8:piece -:piece +:piece =:piece
EXPR: 0 | POS | INT | 14 | 2 | 14 | 5=(11-(x-8)) | 5 11 x 8 - - = | 5:piece 11:piece x:piece 8:piece -:piece -:piece =:piece
EXPR: 1 | POS | INT | 14 | 2 | 2 | (x+(11-8))=5 | x 11 8 - + 5 = | x:piece 11:piece 8:piece -:piece +:piece 5:piece =:piece
EXPR: 0 | POS | INT | 14 | 2 | 14 | (5+(x-11))=8 | 5 x 11 - + 8 = | 5:piece x:piece 11:piece -:piece +:piece 8:piece =:piece
EXPR: 0 | POS | INT | 14 | 2 | 8 | 11=(x+(8-5)) | 11 x 8 5 - + = | 11:piece x:piece 8:piece 5:piece -:piece +:piece =:piece
EXPR: 0 | POS | INT | 14 | 2 | 14 | 11=(x-(8-5)) | 11 x 8 5 - - = | 11:piece x:piece 8:piece 5:piece -:piece -:piece =:piece
EXPR: 0 | POS | INT | 14 | 2 | 14 | 5=(11+(8-x)) | 5 11 8 x - + = | 5:piece 11:piece 8:piece x:piece -:piece +:piece =:piece
EXPR: 0 | POS | INT | 14 | 2 | 14 | ((5+x)-11)=8 | 5 x + 11 - 8 = | 5:piece x:piece +:piece 11:piece -:piece 8:piece =:piece
EXPR: 0 | POS | INT | 14 | 2 | 14 | (x+(5-11))=8 | x 5 11 - + 8 = | x:piece 5:piece 11:piece -:piece +:piece 8:piece =:piece
EXPR: 1 | POS | INT | 14 | 2 | 2 | 5=(11-(8-x)) | 5 11 8 x - - = | 5:piece 11:piece 8:piece x:piece -:piece -:piece =:piece
EXPR: 1 | POS | INT | 14 | 2 | 2 | 5=((11+x)-8) | 5 11 x + 8 - = | 5:piece 11:piece x:piece +:piece 8:piece -:piece =:piece
EXPR: 0 | POS | INT | 14 | 2 | 14 | 5=((11+8)-x) | 5 11 8 + x - = | 5:piece 11:piece 8:piece +:piece x:piece -:piece =:piece
EXPR: 0 | POS | INT | 14 | 2 | 14 | ((5-11)+x)=8 | 5 11 - x + 8 = | 5:piece 11:piece -:piece x:piece +:piece 8:piece =:piece
EXPR: 0 | POS | INT | 14 | 2 | 14 | ((x+5)-11)=8 | x 5 + 11 - 8 = | x:piece 5:piece +:piece 11:piece -:piece 8:piece =:piece
EXPR: 0 | POS | INT | 14 | 2 | 14 | 11=((x-8)+5) | 11 x 8 - 5 + = | 11:piece x:piece 8:piece -:piece 5:piece +:piece =:piece
EXPR: 0 | POS | INT | 14 | 2 | 14 | (5-(11-x))=8 | 5 11 x - - 8 = | 5:piece 11:piece x:piece -:piece -:piece 8:piece =:piece
EXPR: 0 | POS | INT | 14 | 2 | 8 | (5+(11-x))=8 | 5 11 x - + 8 = | 5:piece 11:piece x:piece -:piece +:piece 8:piece =:piece
EXPR: 0 | POS | INT | 14 | 2 | 24 | 11=((x-8)-5) | 11 x 8 - 5 - = | 11:piece x:piece 8:piece -:piece 5:piece -:piece =:piece
EXPR: 1 | POS | INT | 14 | 2 | 2 | 11=((8-x)+5) | 11 8 x - 5 + = | 11:piece 8:piece x:piece -:piece 5:piece +:piece =:piece
EXPR: 0 | POS | INT | 14 | 2 | 14 | 5=((11-x)+8) | 5 11 x - 8 + = | 5:piece 11:piece x:piece -:piece 8:piece +:piece =:piece
EXPR: 1 | POS | INT | 14 | 2 | 2 | 5=((11-8)+x) | 5 11 8 - x + = | 5:piece 11:piece 8:piece -:piece x:piece +:piece =:piece
EXPR: 0 | POS | INT | 14 | 2 | 14 | ((11+8)-x)=5 | 11 8 + x - 5 = | 11:piece 8:piece +:piece x:piece -:piece 5:piece =:piece
EXPR: 0 | POS | INT | 15 | 2 | 128 | x=(8*(11+5)) | x 8 11 5 + * = | x:LENGTH 8:LENGTH 11:piece 5:piece +:piece *:LENGTH =:LENGTH
EXPR: 0 | POS | INT | 15 | 2 | 143 | x=((5+8)*11) | x 5 8 + 11 * = | x:LENGTH 5:piece 8:piece +:piece 11:LENGTH *:LENGTH =:LENGTH
EXPR: 1 | POS | INT | 15 | 2 | 2 | x=((5+8)-11) | x 5 8 + 11 - = | x:piece 5:piece 8:piece +:piece 11:piece -:piece =:piece
EXPR: 0 | POS | INT | 15 | 2 | 24 | x=((5+8)+11) | x 5 8 + 11 + = | x:piece 5:piece 8:piece +:piece 11:piece +:piece =:piece
EXPR: 0 | POS | INT | 15 | 2 | 48 | x=(8*(11-5)) | x 8 11 5 - * = | x:LENGTH 8:LENGTH 11:piece 5:piece -:piece *:LENGTH =:LENGTH
EXPR: 1 | POS | INT | 15 | 2 | 2 | x=(5+(8-11)) | x 5 8 11 - + = | x:piece 5:piece 8:piece 11:piece -:piece +:piece =:piece
EXPR: 0 | POS | INT | 15 | 2 | 143 | ((5+8)*11)=x | 5 8 + 11 * x = | 5:piece 8:piece +:piece 11:LENGTH *:LENGTH x:LENGTH =:LENGTH
EXPR: 0 | POS | INT | 15 | 2 | 14 | x=(8+(11-5)) | x 8 11 5 - + = | x:piece 8:piece 11:piece 5:piece -:piece +:piece =:piece
EXPR: 0 | POS | INT | 15 | 2 | 24 | x=(8+(11+5)) | x 8 11 5 + + = | x:piece 8:piece 11:piece 5:piece +:piece +:piece =:piece
EXPR: 1 | POS | INT | 15 | 2 | 2 | x=(8-(11-5)) | x 8 11 5 - - = | x:piece 8:piece 11:piece 5:piece -:piece -:piece =:piece
EXPR: 0 | POS | INT | 15 | 2 | 24 | (8+(11+5))=x | 8 11 5 + + x = | 8:piece 11:piece 5:piece +:piece +:piece x:piece =:piece
EXPR: 1 | POS | INT | 15 | 2 | 2 | (8-(11-5))=x | 8 11 5 - - x = | 8:piece 11:piece 5:piece -:piece -:piece x:piece =:piece
EXPR: 0 | POS | INT | 15 | 2 | 14 | (8+(11-5))=x | 8 11 5 - + x = | 8:piece 11:piece 5:piece -:piece +:piece x:piece =:piece
EXPR: 1 | POS | INT | 15 | 2 | 2 | ((8-11)+5)=x | 8 11 - 5 + x = | 8:piece 11:piece -:piece 5:piece +:piece x:piece =:piece
EXPR: 0 | POS | INT | 15 | 2 | 8 | ((5-8)+11)=x | 5 8 - 11 + x = | 5:piece 8:piece -:piece 11:piece +:piece x:piece =:piece
EXPR: 0 | POS | INT | 15 | 2 | 128 | (8*(11+5))=x | 8 11 5 + * x = | 8:LENGTH 11:piece 5:piece +:piece *:LENGTH x:LENGTH =:LENGTH
EXPR: 0 | POS | INT | 15 | 2 | 8 | (5-(8-11))=x | 5 8 11 - - x = | 5:piece 8:piece 11:piece -:piece -:piece x:piece =:piece
EXPR: 1 | POS | INT | 15 | 2 | 2 | ((5+8)-11)=x | 5 8 + 11 - x = | 5:piece 8:piece +:piece 11:piece -:piece x:piece =:piece
EXPR: 0 | POS | INT | 15 | 2 | 24 | ((5+8)+11)=x | 5 8 + 11 + x = | 5:piece 8:piece +:piece 11:piece +:piece x:piece =:piece
EXPR: 1 | POS | INT | 15 | 2 | 2 | (5+(8-11))=x | 5 8 11 - + x = | 5:piece 8:piece 11:piece -:piece +:piece x:piece =:piece
EXPR: 1 | POS | INT | 15 | 2 | 2 | x=((8-11)+5) | x 8 11 - 5 + = | x:piece 8:piece 11:piece -:piece 5:piece +:piece =:piece
EXPR: 0 | POS | INT | 15 | 2 | 8 | x=(5-(8-11)) | x 5 8 11 - - = | x:piece 5:piece 8:piece 11:piece -:piece -:piece =:piece
EXPR: 0 | POS | INT | 15 | 2 | 8 | x=((5-8)+11) | x 5 8 - 11 + = | x:piece 5:piece 8:piece -:piece 11:piece +:piece =:piece
EXPR: 0 | POS | INT | 15 | 2 | 48 | (8*(11-5))=x | 8 11 5 - * x = | 8:LENGTH 11:piece 5:piece -:piece *:LENGTH x:LENGTH =:LENGTH
EXPR: 0 | POS | INT | 17 | 2 | 8 | 5=((x+8)-11) | 5 x 8 + 11 - = | 5:piece x:piece 8:piece +:piece 11:piece -:piece =:piece
EXPR: 0 | POS | INT | 17 | 2 | 14 | 8=(x-(11-5)) | 8 x 11 5 - - = | 8:piece x:piece 11:piece 5:piece -:piece -:piece =:piece
EXPR: 0 | POS | INT | 17 | 2 | 24 | 8=(x-(11+5)) | 8 x 11 5 + - = | 8:piece x:piece 11:piece 5:piece +:piece -:piece =:piece
EXPR: 1 | POS | INT | 17 | 2 | 2 | 5=(x-(8-11)) | 5 x 8 11 - - = | 5:piece x:piece 8:piece 11:piece -:piece -:piece =:piece
EXPR: 0 | POS | INT | 17 | 2 | 33 | ((8-5)*11)=x | 8 5 - 11 * x = | 8:piece 5:piece -:piece 11:LENGTH *:LENGTH x:LENGTH =:LENGTH
EXPR: 0 | POS | INT | 17 | 2 | 14 | (8-(x-11))=5 | 8 x 11 - - 5 = | 8:piece x:piece 11:piece -:piece -:piece 5:piece =:piece
EXPR: 1 | POS | INT | 17 | 2 | 2 | 8=((x+11)-5) | 8 x 11 + 5 - = | 8:piece x:piece 11:piece +:piece 5:piece -:piece =:piece
EXPR: 0 | POS | INT | 17 | 2 | 8 | (8+(x-11))=5 | 8 x 11 - + 5 = | 8:piece x:piece 11:piece -:piece +:piece 5:piece =:piece
EXPR: 0 | POS | INT | 17 | 2 | 143 | (x/(5+8))=11 | x 5 8 + / 11 = | x:LENGTH 5:piece 8:piece +:piece /:LENGTH 11:LENGTH =:LENGTH
EXPR: 1 | POS | INT | 17 | 2 | 2 | ((5-x)+8)=11 | 5 x - 8 + 11 = | 5:piece x:piece -:piece 8:piece +:piece 11:piece =:piece
EXPR: 0 | POS | INT | 17 | 2 | 8 | 5=((8+x)-11) | 5 8 x + 11 - = | 5:piece 8:piece x:piece +:piece 11:piece -:piece =:piece
EXPR: 1 | POS | INT | 17 | 2 | 2 | 5=((x-8)+11) | 5 x 8 - 11 + = | 5:piece x:piece 8:piece -:piece 11:piece +:piece =:piece
EXPR: 0 | POS | INT | 17 | 2 | 14 | 5=((8-x)+11) | 5 8 x - 11 + = | 5:piece 8:piece x:piece -:piece 11:piece +:piece =:piece
EXPR: 0 | POS | INT | 17 | 2 | 8 | 5=(x+(8-11)) | 5 x 8 11 - + = | 5:piece x:piece 8:piece 11:piece -:piece +:piece =:piece
EXPR: 0 | POS | INT | 17 | 2 | 8 | ((x+8)-11)=5 | x 8 + 11 - 5 = | x:piece 8:piece +:piece 11:piece -:piece 5:piece =:piece
EXPR: 0 | POS | INT | 17 | 2 | 24 | ((x-8)-11)=5 | x 8 - 11 - 5 = | x:piece 8:piece -:piece 11:piece -:piece 5:piece =:piece
EXPR: 0 | POS | INT | 17 | 2 | 128 | 8=(x/(11+5)) | 8 x 11 5 + / = | 8:LENGTH x:LENGTH 11:piece 5:piece +:piece /:LENGTH =:LENGTH
EXPR: 0 | POS | INT | 17 | 2 | 14 | ((x+5)-8)=11 | x 5 + 8 - 11 = | x:piece 5:piece +:piece 8:piece -:piece 11:piece =:piece
EXPR: 0 | POS | INT | 17 | 2 | 14 | ((5+x)-8)=11 | 5 x + 8 - 11 = | 5:piece x:piece +:piece 8:piece -:piece 11:piece =:piece
EXPR: 0 | POS | INT | 17 | 2 | 8 | (x-(5-8))=11 | x 5 8 - - 11 = | x:piece 5:piece 8:piece -:piece -:piece 11:piece =:piece
EXPR: 0 | POS | INT | 17 | 2 | 14 | (x+(5-8))=11 | x 5 8 - + 11 = | x:piece 5:piece 8:piece -:piece +:piece 11:piece =:piece
EXPR: 0 | POS | INT | 17 | 2 | 8 | 5=((8-11)+x) | 5 8 11 - x + = | 5:piece 8:piece 11:piece -:piece x:piece +:piece =:piece
EXPR: 0 | POS | INT | 17 | 2 | 48 | 8=(x/(11-5)) | 8 x 11 5 - / = | 8:LENGTH x:LENGTH 11:piece 5:piece -:piece /:LENGTH =:LENGTH
EXPR: 0 | POS | INT | 17 | 2 | 8 | ((8+x)-11)=5 | 8 x + 11 - 5 = | 8:piece x:piece +:piece 11:piece -:piece 5:piece =:piece
EXPR: 1 | POS | INT | 17 | 2 | 2 | (x*8)=(11+5) | x 8 * 11 5 + = | x:LENGTH 8:piece *:piece 11:piece 5:piece +:piece =:piece
EXPR: 0 | POS | INT | 17 | 2 | 8 | 5=(8+(x-11)) | 5 8 x 11 - + = | 5:piece 8:piece x:piece 11:piece -:piece +:piece =:piece
EXPR: 0 | POS | INT | 17 | 2 | 14 | (5-(8-x))=11 | 5 8 x - - 11 = | 5:piece 8:piece x:piece -:piece -:piece 11:piece =:piece
EXPR: 1 | POS | INT | 17 | 2 | 2 | (5+(8-x))=11 | 5 8 x - + 11 = | 5:piece 8:piece x:piece -:piece +:piece 11:piece =:piece
EXPR: 1 | POS | INT | 17 | 2 | 2 | x=(8+(5-11)) | x 8 5 11 - + = | x:piece 8:piece 5:piece 11:piece -:piece +:piece =:piece
EXPR: 0 | POS | INT | 17 | 2 | 14 | 8=((x-11)+5) | 8 x 11 - 5 + = | 8:piece x:piece 11:piece -:piece 5:piece +:piece =:piece
EXPR: 1 | POS | INT | 17 | 2 | 2 | (5-(x-8))=11 | 5 x 8 - - 11 = | 5:piece x:piece 8:piece -:piece -:piece 11:piece =:piece
EXPR: 0 | POS | INT | 17 | 2 | 14 | (5+(x-8))=11 | 5 x 8 - + 11 = | 5:piece x:piece 8:piece -:piece +:piece 11:piece =:piece
EXPR: 1 | POS | INT | 17 | 2 | 2 | ((x-8)+11)=5 | x 8 - 11 + 5 = | x:piece 8:piece -:piece 11:piece +:piece 5:piece =:piece
EXPR: 0 | POS | INT | 17 | 2 | 14 | x=(8-(5-11)) | x 8 5 11 - - = | x:piece 8:piece 5:piece 11:piece -:piece -:piece =:piece
EXPR: 1 | POS | INT | 17 | 2 | 2 | (x-(8-11))=5 | x 8 11 - - 5 = | x:piece 8:piece 11:piece -:piece -:piece 5:piece =:piece
EXPR: 0 | POS | INT | 17 | 2 | 8 | (x+(8-11))=5 | x 8 11 - + 5 = | x:piece 8:piece 11:piece -:piece +:piece 5:piece =:piece
EXPR: 0 | POS | INT | 17 | 2 | 14 | 5=(8-(x-11)) | 5 8 x 11 - - = | 5:piece 8:piece x:piece 11:piece -:piece -:piece =:piece
EXPR: 0 | POS | INT | 17 | 2 | 8 | ((x-5)+8)=11 | x 5 - 8 + 11 = | x:piece 5:piece -:piece 8:piece +:piece 11:piece =:piece
EXPR: 0 | POS | INT | 17 | 2 | 14 | ((8-x)+11)=5 | 8 x - 11 + 5 = | 8:piece x:piece -:piece 11:piece +:piece 5:piece =:piece
EXPR: 0 | POS | INT | 17 | 2 | 24 | (x-(5+8))=11 | x 5 8 + - 11 = | x:piece 5:piece 8:piece +:piece -:piece 11:piece =:piece
EXPR: 0 | POS | INT | 17 | 2 | 14 | ((8-5)+11)=x | 8 5 - 11 + x = | 8:piece 5:piece -:piece 11:piece +:piece x:piece =:piece
EXPR: 0 | POS | INT | 17 | 2 | 14 | ((5-8)+x)=11 | 5 8 - x + 11 = | 5:piece 8:piece -:piece x:piece +:piece 11:piece =:piece
EXPR: 1 | POS | INT | 17 | 2 | 2 | ((5+8)-x)=11 | 5 8 + x - 11 = | 5:piece 8:piece +:piece x:piece -:piece 11:piece =:piece
EXPR: 0 | POS | INT | 17 | 2 | 8 | 8=(11-(x-5)) | 8 11 x 5 - - = | 8:piece 11:piece x:piece 5:piece -:piece -:piece =:piece
EXPR: 0 | POS | INT | 17 | 2 | 24 | 8=((x-11)-5) | 8 x 11 - 5 - = | 8:piece x:piece 11:piece -:piece 5:piece -:piece =:piece
EXPR: 1 | POS | INT | 17 | 2 | 2 | 8=(11+(x-5)) | 8 11 x 5 - + = | 8:piece 11:piece x:piece 5:piece -:piece +:piece =:piece
EXPR: 0 | POS | INT | 17 | 2 | 8 | 8=((11+5)-x) | 8 11 5 + x - = | 8:piece 11:piece 5:piece +:piece x:piece -:piece =:piece
EXPR: 0 | POS | INT | 17 | 2 | 33 | x=((8-5)*11) | x 8 5 - 11 * = | x:LENGTH 8:piece 5:piece -:piece 11:LENGTH *:LENGTH =:LENGTH
EXPR: 0 | POS | INT | 17 | 2 | 24 | ((x-5)-8)=11 | x 5 - 8 - 11 = | x:piece 5:piece -:piece 8:piece -:piece 11:piece =:piece
EXPR: 1 | POS | INT | 17 | 2 | 2 | 8=(x+(11-5)) | 8 x 11 5 - + = | 8:piece x:piece 11:piece 5:piece -:piece +:piece =:piece
EXPR: 1 | POS | INT | 17 | 2 | 2 | 8=((11-5)+x) | 8 11 5 - x + = | 8:piece 11:piece 5:piece -:piece x:piece +:piece =:piece
EXPR: 0 | POS | INT | 17 | 2 | 8 | ((8-11)+x)=5 | 8 11 - x + 5 = | 8:piece 11:piece -:piece x:piece +:piece 5:piece =:piece
EXPR: 0 | POS | INT | 17 | 2 | 8 | 8=(11+(5-x)) | 8 11 5 x - + = | 8:piece 11:piece 5:piece x:piece -:piece +:piece =:piece
EXPR: 0 | POS | INT | 17 | 2 | 24 | 5=((x-8)-11) | 5 x 8 - 11 - = | 5:piece x:piece 8:piece -:piece 11:piece -:piece =:piece
EXPR: 0 | POS | INT | 17 | 2 | 14 | (8+(11-x))=5 | 8 11 x - + 5 = | 8:piece 11:piece x:piece -:piece +:piece 5:piece =:piece
EXPR: 1 | POS | INT | 17 | 2 | 2 | 8=((11+x)-5) | 8 11 x + 5 - = | 8:piece 11:piece x:piece +:piece 5:piece -:piece =:piece
EXPR: 0 | POS | INT | 17 | 2 | 14 | (8-(5-11))=x | 8 5 11 - - x = | 8:piece 5:piece 11:piece -:piece -:piece x:piece =:piece
EXPR: 1 | POS | INT | 17 | 2 | 2 | (8+(5-11))=x | 8 5 11 - + x = | 8:piece 5:piece 11:piece -:piece +:piece x:piece =:piece
EXPR: 1 | POS | INT | 17 | 2 | 2 | 8=(11-(5-x)) | 8 11 5 x - - = | 8:piece 11:piece 5:piece x:piece -:piece -:piece =:piece
EXPR: 1 | POS | INT | 17 | 2 | 2 | (8*x)=(11+5) | 8 x * 11 5 + = | 8:piece x:LENGTH *:piece 11:piece 5:piece +:piece =:piece
EXPR: 0 | POS | INT | 17 | 2 | 14 | 5=(8+(11-x)) | 5 8 11 x - + = | 5:piece 8:piece 11:piece x:piece -:piece +:piece =:piece
EXPR: 0 | POS | INT | 17 | 2 | 14 | x=((8-5)+11) | x 8 5 - 11 + = | x:piece 8:piece 5:piece -:piece 11:piece +:piece =:piece
EXPR: 0 | POS | INT | 17 | 2 | 8 | (8-(11-x))=5 | 8 11 x - - 5 = | 8:piece 11:piece x:piece -:piece -:piece 5:piece =:piece
EXPR: 0 | POS | INT | 17 | 2 | 8 | 8=((11-x)+5) | 8 11 x - 5 + = | 8:piece 11:piece x:piece -:piece 5:piece +:piece =:piece
EXPR: 0 | POS | INT | 17 | 2 | 8 | 5=(8-(11-x)) | 5 8 11 x - - = | 5:piece 8:piece 11:piece x:piece -:piece -:piece =:piece
EXPR: 1 | POS | INT | 19 | 2 | 2 | 8=(x-(5-11)) | 8 x 5 11 - - = | 8:piece x:piece 5:piece 11:piece -:piece -:piece =:piece
EXPR: 1 | POS | INT | 19 | 2 | 2 | ((8-x)+5)=11 | 8 x - 5 + 11 = | 8:piece x:piece -:piece 5:piece +:piece 11:piece =:piece
EXPR: 0 | POS | INT | 19 | 2 | 14 | 8=((x+5)-11) | 8 x 5 + 11 - = | 8:piece x:piece 5:piece +:piece 11:piece -:piece =:piece
EXPR: 0 | POS | INT | 19 | 2 | 8 | ((x+8)-5)=11 | x 8 + 5 - 11 = | x:piece 8:piece +:piece 5:piece -:piece 11:piece =:piece
EXPR: 0 | POS | INT | 19 | 2 | 24 | ((x-8)-5)=11 | x 8 - 5 - 11 = | x:piece 8:piece -:piece 5:piece -:piece 11:piece =:piece
EXPR: 0 | POS | INT | 19 | 2 | 8 | ((8+x)-5)=11 | 8 x + 5 - 11 = | 8:piece x:piece +:piece 5:piece -:piece 11:piece =:piece
EXPR: 0 | POS | INT | 19 | 2 | 14 | ((x-8)+5)=11 | x 8 - 5 + 11 = | x:piece 8:piece -:piece 5:piece +:piece 11:piece =:piece
EXPR: 0 | POS | INT | 19 | 2 | 8 | (8-(5-x))=11 | 8 5 x - - 11 = | 8:piece 5:piece x:piece -:piece -:piece 11:piece =:piece
EXPR: 0 | POS | INT | 19 | 2 | 14 | 8=((5+x)-11) | 8 5 x + 11 - = | 8:piece 5:piece x:piece +:piece 11:piece -:piece =:piece
EXPR: 1 | POS | INT | 19 | 2 | 2 | (8-(x-5))=11 | 8 x 5 - - 11 = | 8:piece x:piece 5:piece -:piece -:piece 11:piece =:piece
EXPR: 0 | POS | INT | 19 | 2 | 8 | (8+(x-5))=11 | 8 x 5 - + 11 = | 8:piece x:piece 5:piece -:piece +:piece 11:piece =:piece
EXPR: 1 | POS | INT | 19 | 2 | 2 | 8=((x-5)+11) | 8 x 5 - 11 + = | 8:piece x:piece 5:piece -:piece 11:piece +:piece =:piece
EXPR: 0 | POS | INT | 19 | 2 | 14 | (x-(8-5))=11 | x 8 5 - - 11 = | x:piece 8:piece 5:piece -:piece -:piece 11:piece =:piece
EXPR: 0 | POS | INT | 19 | 2 | 8 | (x+(8-5))=11 | x 8 5 - + 11 = | x:piece 8:piece 5:piece -:piece +:piece 11:piece =:piece
EXPR: 1 | POS | INT | 19 | 2 | 2 | (8+(5-x))=11 | 8 5 x - + 11 = | 8:piece 5:piece x:piece -:piece +:piece 11:piece =:piece
EXPR: 0 | POS | INT | 19 | 2 | 24 | 8=((x-5)-11) | 8 x 5 - 11 - = | 8:piece x:piece 5:piece -:piece 11:piece -:piece =:piece
EXPR: 0 | POS | INT | 19 | 2 | 8 | 8=(5-(x-11)) | 8 5 x 11 - - = | 8:piece 5:piece x:piece 11:piece -:piece -:piece =:piece
EXPR: 0 | POS | INT | 19 | 2 | 8 | ((8-5)+x)=11 | 8 5 - x + 11 = | 8:piece 5:piece -:piece x:piece +:piece 11:piece =:piece
EXPR: 0 | POS | INT | 19 | 2 | 14 | 8=(5+(x-11)) | 8 5 x 11 - + = | 8:piece 5:piece x:piece 11:piece -:piece +:piece =:piece
EXPR: 0 | POS | INT | 19 | 2 | 8 | 8=((5-x)+11) | 8 5 x - 11 + = | 8:piece 5:piece x:piece -:piece 11:piece +:piece =:piece
EXPR: 0 | POS | INT | 19 | 2 | 14 | 8=((5-11)+x) | 8 5 11 - x + = | 8:piece 5:piece 11:piece -:piece x:piece +:piece =:piece
EXPR: 0 | POS | INT | 19 | 2 | 14 | 8=(x+(5-11)) | 8 x 5 11 - + = | 8:piece x:piece 5:piece 11:piece -:piece +:piece =:piece
EXPR: 0 | POS | INT | 19 | 2 | 8 | 8=(5+(11-x)) | 8 5 11 x - + = | 8:piece 5:piece 11:piece x:piece -:piece +:piece =:piece
EXPR: 0 | POS | INT | 19 | 2 | 14 | 8=(5-(11-x)) | 8 5 11 x - - = | 8:piece 5:piece 11:piece x:piece -:piece -:piece =:piece
EXPR: 0 | POS | INT | 19 | 2 | 33 | (x/(8-5))=11 | x 8 5 - / 11 = | x:LENGTH 8:piece 5:piece -:piece /:LENGTH 11:LENGTH =:LENGTH
EXPR: 0 | POS | INT | 20 | 2 | 47 | x=((11*5)-8) | x 11 5 * 8 - = | x:LENGTH 11:piece 5:LENGTH *:LENGTH 8:LENGTH -:LENGTH =:LENGTH
EXPR: 0 | POS | INT | 20 | 2 | 63 | x=((11*5)+8) | x 11 5 * 8 + = | x:LENGTH 11:piece 5:LENGTH *:LENGTH 8:LENGTH +:LENGTH =:LENGTH
EXPR: 0 | POS | INT | 20 | 2 | 63 | ((11*5)+8)=x | 11 5 * 8 + x = | 11:LENGTH 5:piece *:piece 8:piece +:piece x:piece =:piece
EXPR: 0 | POS | INT | 20 | 2 | 47 | ((11*5)-8)=x | 11 5 * 8 - x = | 11:LENGTH 5:piece *:piece 8:piece -:piece x:piece =:piece
EXPR: 1 | POS | INT | 20 | 2 | 2 | x=((11+5)/8) | x 11 5 + 8 / = | x:piece 11:piece 5:piece +:piece 8:LENGTH /:piece =:piece
EXPR: 0 | POS | INT | 20 | 2 | 51 | (11+(5*8))=x | 11 5 8 * + x = | 11:piece 5:piece 8:LENGTH *:piece +:piece x:piece =:piece
EXPR: 0 | POS | INT | 20 | 2 | 51 | x=(11+(5*8)) | x 11 5 8 * + = | x:LENGTH 11:LENGTH 5:piece 8:LENGTH *:LENGTH +:LENGTH =:LENGTH
NET 267 unique, non-negative, integer-valued solutions found out of 1000 total solutions
