parameters: n=7 l=3 k=1 p=5 q=3 m=9
TOTAL 1000 solutions found
SOLN: CORRECT | POS/NEG | INT/FRA | OBJ-SCORE | TRUE-ANS | ANS | INFIX | POSTFIX | TYPED-POSTFIX
EXPR: 0 | POS | INT | 10 | 8 | 108 | x=((28*4)-4) | x 28 4 * 4 - = | x:girl 28:boy 4:girl *:girl 4:girl -:girl =:girl
EXPR: 0 | POS | INT | 10 | 8 |  | x=(28*(4-4)) | x 28 4 4 - * = | x:group 28:group 4:girl 4:girl -:girl *:group =:group
EXPR: 0 | POS | INT | 10 | 8 | 224 | x=(28*(4+4)) | x 28 4 4 + * = | x:group 28:group 4:girl 4:girl +:girl *:group =:group
EXPR: 0 | POS | INT | 10 | 8 | 116 | x=((28*4)+4) | x 28 4 * 4 + = | x:girl 28:boy 4:girl *:girl 4:girl +:girl =:girl
EXPR: 0 | POS | INT | 10 | 8 | 224 | (28*(4+4))=x | 28 4 4 + * x = | 28:group 4:girl 4:girl +:girl *:group x:group =:group
EXPR: 0 | POS | INT | 10 | 8 | 0 | (28*(4-4))=x | 28 4 4 - * x = | 28:group 4:girl 4:girl -:girl *:group x:group =:group
EXPR: 0 | POS | INT | 10 | 8 | 108 | ((28*4)-4)=x | 28 4 * 4 - x = | 28:boy 4:girl *:girl 4:girl -:girl x:girl =:girl
EXPR: 0 | POS | INT | 10 | 8 | zoo | x=(28/(4-4)) | x 28 4 4 - / = | x:boy 28:boy 4:girl 4:girl -:girl /:boy =:boy
EXPR: 0 | POS | INT | 10 | 8 | zoo | (28/(4-4))=x | 28 4 4 - / x = | 28:group 4:girl 4:girl -:girl /:group x:group =:group
EXPR: 0 | POS | INT | 10 | 8 | 116 | ((28*4)+4)=x | 28 4 * 4 + x = | 28:boy 4:girl *:girl 4:girl +:girl x:girl =:girl
EXPR: 0 | POS | INT | 12 | 8 | - | 28=(x*(4-4)) | 28 x 4 4 - * = | 28:girl x:group 4:girl 4:girl -:girl *:girl =:girl
EXPR: 0 | POS | INT | 12 | 8 | - | ((28/x)+4)=4 | 28 x / 4 + 4 = | 28:girl x:group /:girl 4:girl +:girl 4:girl =:girl
EXPR: 0 | POS | INT | 12 | 8 |  | ((28*x)+4)=4 | 28 x * 4 + 4 = | 28:girl x:group *:girl 4:girl +:girl 4:girl =:girl
EXPR: 0 | POS | INT | 12 | 8 | 6 | 28=((x*4)+4) | 28 x 4 * 4 + = | 28:girl x:group 4:girl *:girl 4:girl +:girl =:girl
EXPR: 0 | POS | INT | 12 | 8 | 116 | x=(4+(28*4)) | x 4 28 4 * + = | x:girl 4:girl 28:boy 4:girl *:girl +:girl =:girl
EXPR: 0 | POS | INT | 12 | 8 |  | ((x/28)+4)=4 | x 28 / 4 + 4 = | x:girl 28:boy /:girl 4:girl +:girl 4:girl =:girl
EXPR: 0 | POS | INT | 12 | 8 | 29 | ((x-28)*4)=4 | x 28 - 4 * 4 = | x:boy 28:boy -:boy 4:girl *:girl 4:girl =:girl
EXPR: 0 | POS | INT | 12 | 8 | 108 | ((28*4)-x)=4 | 28 4 * x - 4 = | 28:boy 4:girl *:girl x:girl -:girl 4:girl =:girl
EXPR: 0 | POS | INT | 12 | 8 |  | ((x*28)+4)=4 | x 28 * 4 + 4 = | x:group 28:girl *:girl 4:girl +:girl 4:girl =:girl
EXPR: 1 | POS | INT | 12 | 8 | 8 | ((28+4)/x)=4 | 28 4 + x / 4 = | 28:girl 4:girl +:girl x:group /:girl 4:girl =:girl
EXPR: 0 | POS | INT | 12 | 8 | 27 | ((28-x)*4)=4 | 28 x - 4 * 4 = | 28:boy x:boy -:boy 4:girl *:girl 4:girl =:girl
EXPR: 0 | POS | INT | 12 | 8 | - | 28=((4-4)*x) | 28 4 4 - x * = | 28:boy 4:girl 4:girl -:girl x:boy *:boy =:boy
EXPR: 0 | POS | INT | 12 | 8 | 116 | (4+(28*4))=x | 4 28 4 * + x = | 4:girl 28:boy 4:girl *:girl +:girl x:girl =:girl
EXPR: 0 | POS | INT | 12 | 8 | - | 28=((4-4)/x) | 28 4 4 - x / = | 28:girl 4:girl 4:girl -:girl x:group /:girl =:girl
EXPR: 1 | POS | INT | 12 | 8 | 8 | 28=((x*4)-4) | 28 x 4 * 4 - = | 28:girl x:group 4:girl *:girl 4:girl -:girl =:girl
EXPR: 0 | POS | INT | 12 | 8 | 6 | 28=(4+(4*x)) | 28 4 4 x * + = | 28:girl 4:girl 4:girl x:group *:girl +:girl =:girl
EXPR: 0 | POS | INT | 12 | 8 | 6 | (28-(x*4))=4 | 28 x 4 * - 4 = | 28:girl x:group 4:girl *:girl -:girl 4:girl =:girl
EXPR: 1 | POS | INT | 14 | 8 | 8 | ((4*x)-28)=4 | 4 x * 28 - 4 = | 4:girl x:group *:girl 28:girl -:girl 4:girl =:girl
EXPR: 0 | POS | INT | 14 | 8 | - | (4-(28/x))=4 | 4 28 x / - 4 = | 4:girl 28:girl x:group /:girl -:girl 4:girl =:girl
EXPR: 0 | POS | INT | 14 | 8 |  | (4+(28*x))=4 | 4 28 x * + 4 = | 4:girl 28:girl x:group *:girl +:girl 4:girl =:girl
EXPR: 0 | POS | INT | 14 | 8 | 116 | (x-(28*4))=4 | x 28 4 * - 4 = | x:girl 28:boy 4:girl *:girl -:girl 4:girl =:girl
EXPR: 0 | POS | INT | 14 | 8 |  | (4-(28*x))=4 | 4 28 x * - 4 = | 4:girl 28:boy x:girl *:girl -:girl 4:girl =:girl
EXPR: 1 | POS | INT | 14 | 8 | 8 | 4=((28+4)/x) | 4 28 4 + x / = | 4:girl 28:girl 4:girl +:girl x:group /:girl =:girl
EXPR: 0 | POS | INT | 14 | 8 | 6 | 4=((28-4)/x) | 4 28 4 - x / = | 4:girl 28:girl 4:girl -:girl x:group /:girl =:girl
EXPR: 0 | POS | INT | 14 | 8 | 0 | 4=((28*x)+4) | 4 28 x * 4 + = | 4:girl 28:boy x:girl *:girl 4:girl +:girl =:girl
EXPR: 0 | POS | INT | 14 | 8 | - | (4+(28/x))=4 | 4 28 x / + 4 = | 4:girl 28:girl x:group /:girl +:girl 4:girl =:girl
EXPR: 0 | POS | INT | 14 | 8 | 28 | (4*x)=(28*4) | 4 x * 28 4 * = | 4:girl x:group *:girl 28:boy 4:girl *:girl =:girl
EXPR: 0 | POS | INT | 14 | 8 | 27 | (4*(28-x))=4 | 4 28 x - * 4 = | 4:girl 28:boy x:boy -:boy *:girl 4:girl =:girl
EXPR: 0 | POS | INT | 14 | 8 | 6 | 4=(28-(x*4)) | 4 28 x 4 * - = | 4:girl 28:girl x:group 4:girl *:girl -:girl =:girl
EXPR: 0 | POS | INT | 14 | 8 | 27 | (4/(28-x))=4 | 4 28 x - / 4 = | 4:girl 28:boy x:boy -:boy /:girl 4:girl =:girl
EXPR: 0 | POS | INT | 14 | 8 | 0 | 4=((x*28)+4) | 4 x 28 * 4 + = | 4:girl x:girl 28:boy *:girl 4:girl +:girl =:girl
EXPR: 0 | POS | INT | 14 | 8 | 108 | ((x+4)/28)=4 | x 4 + 28 / 4 = | x:girl 4:girl +:girl 28:boy /:girl 4:girl =:girl
EXPR: 0 | POS | INT | 15 | 8 |  | x=((4-4)*28) | x 4 4 - 28 * = | x:group 4:girl 4:girl -:girl 28:group *:group =:group
EXPR: 0 | POS | INT | 15 | 8 | 224 | x=((4+4)*28) | x 4 4 + 28 * = | x:group 4:girl 4:girl +:girl 28:group *:group =:group
EXPR: 0 | POS | INT | 15 | 8 | 0 | ((4-4)*28)=x | 4 4 - 28 * x = | 4:girl 4:girl -:girl 28:boy *:boy x:boy =:boy
EXPR: 1 | POS | INT | 17 | 8 | 8 | ((x*4)-28)=4 | x 4 * 28 - 4 = | x:group 4:girl *:girl 28:girl -:girl 4:girl =:girl
EXPR: 0 | POS | INT | 17 | 8 | 6 | ((4*x)+4)=28 | 4 x * 4 + 28 = | 4:girl x:group *:girl 4:girl +:girl 28:girl =:girl
EXPR: 0 | POS | INT | 17 | 8 | - | 4=(4-(28/x)) | 4 4 28 x / - = | 4:girl 4:girl 28:girl x:group /:girl -:girl =:girl
EXPR: 0 | POS | INT | 17 | 8 | 6 | (4+(4*x))=28 | 4 4 x * + 28 = | 4:girl 4:girl x:group *:girl +:girl 28:girl =:girl
EXPR: 0 | POS | INT | 17 | 8 | 0 | 4=(4+(28*x)) | 4 4 28 x * + = | 4:girl 4:girl 28:girl x:group *:girl +:girl =:girl
EXPR: 1 | POS | INT | 17 | 8 | 8 | 4=((4*x)-28) | 4 4 x * 28 - = | 4:girl 4:girl x:group *:girl 28:girl -:girl =:girl
EXPR: 0 | POS | INT | 17 | 8 | - | ((4-4)*x)=28 | 4 4 - x * 28 = | 4:girl 4:girl -:girl x:group *:group 28:group =:group
EXPR: 0 | POS | INT | 17 | 8 | 29 | 4=((x-28)*4) | 4 x 28 - 4 * = | 4:girl x:group 28:group -:group 4:girl *:girl =:girl
EXPR: 1 | POS | INT | 17 | 8 | 8 | ((x*4)-4)=28 | x 4 * 4 - 28 = | x:group 4:girl *:girl 4:girl -:girl 28:girl =:girl
EXPR: 0 | POS | INT | 17 | 8 | 0 | 4=(4+(x*28)) | 4 4 x 28 * + = | 4:girl 4:girl x:group 28:girl *:girl +:girl =:girl
EXPR: 0 | POS | INT | 17 | 8 | 0 | 4=(4-(x*28)) | 4 4 x 28 * - = | 4:girl 4:girl x:group 28:girl *:girl -:girl =:girl
EXPR: 0 | POS | INT | 17 | 8 | - | 4=(4+(28/x)) | 4 4 28 x / + = | 4:girl 4:girl 28:girl x:group /:girl +:girl =:girl
EXPR: 0 | POS | INT | 17 | 8 | 29 | 4=(4/(x-28)) | 4 4 x 28 - / = | 4:girl 4:girl x:boy 28:boy -:boy /:girl =:girl
EXPR: 0 | POS | INT | 17 | 8 | 6 | ((x*4)+4)=28 | x 4 * 4 + 28 = | x:group 4:girl *:girl 4:girl +:girl 28:girl =:girl
EXPR: 0 | POS | INT | 17 | 8 | 29 | 4=(4*(x-28)) | 4 4 x 28 - * = | 4:girl 4:girl x:boy 28:boy -:boy *:girl =:girl
EXPR: 0 | POS | INT | 17 | 8 | - | (x/(4-4))=28 | x 4 4 - / 28 = | x:boy 4:girl 4:girl -:girl /:boy 28:boy =:boy
EXPR: 0 | POS | INT | 17 | 8 | 224 | (x/(4+4))=28 | x 4 4 + / 28 = | x:boy 4:girl 4:girl +:girl /:boy 28:boy =:boy
EXPR: 0 | POS | INT | 17 | 8 | 27 | 4=(4*(28-x)) | 4 4 28 x - * = | 4:girl 4:girl 28:group x:group -:group *:girl =:girl
EXPR: 0 | POS | INT | 17 | 8 | - | ((4-4)/x)=28 | 4 4 - x / 28 = | 4:girl 4:girl -:girl x:group /:girl 28:girl =:girl
EXPR: 0 | POS | INT | 17 | 8 | - | (x*(4-4))=28 | x 4 4 - * 28 = | x:group 4:girl 4:girl -:girl *:girl 28:girl =:girl
EXPR: 0 | POS | INT | 17 | 8 | 0 | 4=(4-(x/28)) | 4 4 x 28 / - = | 4:girl 4:girl x:girl 28:boy /:girl -:girl =:girl
EXPR: 0 | POS | INT | 17 | 8 | 0 | 4=(4+(x/28)) | 4 4 x 28 / + = | 4:girl 4:girl x:girl 28:boy /:girl +:girl =:girl
EXPR: 0 | POS | INT | 17 | 8 |  | (4-(x*28))=4 | 4 x 28 * - 4 = | 4:girl x:group 28:girl *:girl -:girl 4:girl =:girl
EXPR: 0 | POS | INT | 17 | 8 |  | (4+(x*28))=4 | 4 x 28 * + 4 = | 4:girl x:group 28:girl *:girl +:girl 4:girl =:girl
EXPR: 1 | POS | INT | 17 | 8 | 8 | 4=((x*4)-28) | 4 x 4 * 28 - = | 4:girl x:group 4:girl *:girl 28:girl -:girl =:girl
EXPR: 0 | POS | INT | 17 | 8 | 0 | 4=(4-(28*x)) | 4 4 28 x * - = | 4:girl 4:girl 28:girl x:group *:girl -:girl =:girl
EXPR: 0 | POS | INT | 17 | 8 | 27 | 4=((28-x)*4) | 4 28 x - 4 * = | 4:girl 28:boy x:boy -:boy 4:girl *:girl =:girl
EXPR: 1 | POS | INT | 17 | 8 | 8 | ((4*x)-4)=28 | 4 x * 4 - 28 = | 4:girl x:group *:girl 4:girl -:girl 28:girl =:girl
EXPR: 0 | POS | INT | 19 | 8 | 6 | (4+(x*4))=28 | 4 x 4 * + 28 = | 4:girl x:group 4:girl *:girl +:girl 28:girl =:girl
EXPR: 0 | POS | INT | 20 | 8 | 44 | (28+(4*4))=x | 28 4 4 * + x = | 28:boy 4:boy 4:girl *:boy +:boy x:boy =:boy
EXPR: 0 | POS | INT | 20 | 8 | 128 | ((28+4)*4)=x | 28 4 + 4 * x = | 28:boy 4:boy +:boy 4:group *:group x:group =:group
EXPR: 0 | POS | INT | 20 | 8 | 6 | x=((28-4)/4) | x 28 4 - 4 / = | x:boy 28:boy 4:boy -:boy 4:girl /:boy =:boy
EXPR: 1 | POS | INT | 20 | 8 | 8 | x=((28+4)/4) | x 28 4 + 4 / = | x:boy 28:boy 4:boy +:boy 4:girl /:boy =:boy
EXPR: 0 | POS | INT | 20 | 8 | 44 | x=(28+(4*4)) | x 28 4 4 * + = | x:group 28:group 4:girl 4:group *:group +:group =:group
EXPR: 0 | POS | INT | 20 | 8 | 96 | x=((28-4)*4) | x 28 4 - 4 * = | x:group 28:girl 4:girl -:girl 4:group *:group =:group
EXPR: 0 | POS | INT | 20 | 8 | 20 | x=((28-4)-4) | x 28 4 - 4 - = | x:girl 28:girl 4:girl -:girl 4:girl -:girl =:girl
EXPR: 0 | POS | INT | 20 | 8 | 28 | x=((28-4)+4) | x 28 4 - 4 + = | x:girl 28:girl 4:girl -:girl 4:girl +:girl =:girl
EXPR: 0 | POS | INT | 20 | 8 | 29 | x=(28+(4/4)) | x 28 4 4 / + = | x:boy 28:boy 4:boy 4:girl /:boy +:boy =:boy
EXPR: 0 | POS | INT | 20 | 8 | 28 | x=(28+(4-4)) | x 28 4 4 - + = | x:girl 28:girl 4:girl 4:girl -:girl +:girl =:girl
EXPR: 0 | POS | INT | 20 | 8 | 36 | x=(28+(4+4)) | x 28 4 4 + + = | x:girl 28:girl 4:girl 4:girl +:girl +:girl =:girl
EXPR: 0 | POS | INT | 20 | 8 | 20 | x=(28-(4+4)) | x 28 4 4 + - = | x:girl 28:girl 4:girl 4:girl +:girl -:girl =:girl
EXPR: 0 | POS | INT | 20 | 8 | 128 | x=((28+4)*4) | x 28 4 + 4 * = | x:group 28:group 4:group +:group 4:girl *:group =:group
EXPR: 0 | POS | INT | 20 | 8 | 12 | x=(28-(4*4)) | x 28 4 4 * - = | x:boy 28:boy 4:girl 4:boy *:boy -:boy =:boy
EXPR: 0 | POS | INT | 20 | 8 | 12 | (28-(4*4))=x | 28 4 4 * - x = | 28:boy 4:girl 4:boy *:boy -:boy x:boy =:boy
EXPR: 0 | POS | INT | 20 | 8 | 36 | x=((28+4)+4) | x 28 4 + 4 + = | x:girl 28:girl 4:girl +:girl 4:girl +:girl =:girl
EXPR: 0 | POS | INT | 20 | 8 | 28 | x=(28-(4-4)) | x 28 4 4 - - = | x:girl 28:girl 4:girl 4:girl -:girl -:girl =:girl
EXPR: 0 | POS | INT | 20 | 8 | 96 | ((28-4)*4)=x | 28 4 - 4 * x = | 28:girl 4:girl -:girl 4:group *:group x:group =:group
EXPR: 0 | POS | INT | 20 | 8 | 11 | x=((28/4)+4) | x 28 4 / 4 + = | x:group 28:group 4:girl /:group 4:group +:group =:group
EXPR: 0 | POS | INT | 20 | 8 | 3 | x=((28/4)-4) | x 28 4 / 4 - = | x:group 28:group 4:girl /:group 4:group -:group =:group
EXPR: 0 | POS | INT | 20 | 8 | 3 | ((28/4)-4)=x | 28 4 / 4 - x = | 28:boy 4:girl /:boy 4:boy -:boy x:boy =:boy
EXPR: 0 | POS | INT | 20 | 8 | 27 | (28-(4/4))=x | 28 4 4 / - x = | 28:boy 4:boy 4:girl /:boy -:boy x:boy =:boy
EXPR: 0 | POS | INT | 22 | 8 | 96 | x=(4*(28-4)) | x 4 28 4 - * = | x:boy 4:girl 28:boy 4:boy -:boy *:boy =:boy
EXPR: 0 | POS | INT | 22 | 8 | 128 | x=(4*(28+4)) | x 4 28 4 + * = | x:boy 4:girl 28:boy 4:boy +:boy *:boy =:boy
EXPR: 0 | POS | INT | 22 | 8 | 29 | (28+(4/4))=x | 28 4 4 / + x = | 28:group 4:group 4:girl /:group +:group x:group =:group
EXPR: 0 | POS | INT | 22 | 8 | 3 | 28=(4*(4+x)) | 28 4 4 x + * = | 28:group 4:girl 4:group x:group +:group *:group =:group
EXPR: 0 | POS | INT | 22 | 8 | 20 | ((28-4)-x)=4 | 28 4 - x - 4 = | 28:girl 4:girl -:girl x:girl -:girl 4:girl =:girl
EXPR: 0 | POS | INT | 22 | 8 | 11 | (28/(x-4))=4 | 28 x 4 - / 4 = | 28:boy x:girl 4:girl -:girl /:boy 4:boy =:boy
EXPR: 0 | POS | INT | 22 | 8 | 3 | (28/(x+4))=4 | 28 x 4 + / 4 = | 28:boy x:girl 4:girl +:girl /:boy 4:boy =:boy
EXPR: 0 | POS | INT | 22 | 8 | 224 | ((x/28)-4)=4 | x 28 / 4 - 4 = | x:group 28:boy /:group 4:group -:group 4:group =:group
EXPR: 0 | POS | INT | 22 | 8 | 36 | (x-(28+4))=4 | x 28 4 + - 4 = | x:girl 28:girl 4:girl +:girl -:girl 4:girl =:girl
EXPR: 0 | POS | INT | 22 | 8 | 6 | 28=(4+(x*4)) | 28 4 x 4 * + = | 28:girl 4:girl x:boy 4:girl *:girl +:girl =:girl
EXPR: 0 | POS | INT | 22 | 8 | 28 | ((28+4)-4)=x | 28 4 + 4 - x = | 28:girl 4:girl +:girl 4:girl -:girl x:girl =:girl
EXPR: 0 | POS | INT | 22 | 8 | 3 | 28=(4*(x+4)) | 28 4 x 4 + * = | 28:boy 4:boy x:group 4:group +:group *:boy =:boy
EXPR: 0 | POS | INT | 22 | 8 | 11 | 28=(4*(x-4)) | 28 4 x 4 - * = | 28:boy 4:boy x:group 4:group -:group *:boy =:boy
EXPR: 0 | POS | INT | 22 | 8 | 28 | (28*4)=(x*4) | 28 4 * x 4 * = | 28:boy 4:group *:group x:group 4:girl *:group =:group
EXPR: 0 | POS | INT | 22 | 8 | 28 | ((28+4)-x)=4 | 28 4 + x - 4 = | 28:girl 4:girl +:girl x:girl -:girl 4:girl =:girl
EXPR: 0 | POS | INT | 22 | 8 | 28 | x=((28+4)-4) | x 28 4 + 4 - = | x:girl 28:girl 4:girl +:girl 4:girl -:girl =:girl
EXPR: 0 | POS | INT | 22 | 8 | 28 | (28*4)=(4*x) | 28 4 * 4 x * = | 28:group 4:girl *:group 4:girl x:group *:group =:group
EXPR: 0 | POS | INT | 22 | 8 | 3 | (28/(4+x))=4 | 28 4 x + / 4 = | 28:girl 4:group x:group +:group /:girl 4:girl =:girl
EXPR: 0 | POS | INT | 22 | 8 | 20 | ((28-4)-4)=x | 28 4 - 4 - x = | 28:girl 4:girl -:girl 4:girl -:girl x:girl =:girl
EXPR: 0 | POS | INT | 22 | 8 | 3 | 28=((4+x)*4) | 28 4 x + 4 * = | 28:girl 4:group x:group +:group 4:girl *:girl =:girl
EXPR: 0 | POS | INT | 22 | 8 | 28 | (4+(28-4))=x | 4 28 4 - + x = | 4:girl 28:girl 4:girl -:girl +:girl x:girl =:girl
EXPR: 0 | POS | INT | 22 | 8 | 36 | (4+(28+4))=x | 4 28 4 + + x = | 4:girl 28:girl 4:girl +:girl +:girl x:girl =:girl
EXPR: 1 | POS | INT | 22 | 8 | 8 | (28+4)=(x*4) | 28 4 + x 4 * = | 28:girl 4:girl +:girl x:group 4:girl *:girl =:girl
EXPR: 0 | POS | INT | 22 | 8 | 6 | (28-4)=(x*4) | 28 4 - x 4 * = | 28:girl 4:girl -:girl x:group 4:girl *:girl =:girl
EXPR: 0 | POS | INT | 22 | 8 | 11 | x=(4+(28/4)) | x 4 28 4 / + = | x:boy 4:boy 28:boy 4:girl /:boy +:boy =:boy
EXPR: 0 | POS | INT | 22 | 8 | 11 | 28=((x-4)*4) | 28 x 4 - 4 * = | 28:girl x:group 4:group -:group 4:girl *:girl =:girl
EXPR: 0 | POS | INT | 22 | 8 | 3 | 28=((x+4)*4) | 28 x 4 + 4 * = | 28:girl x:group 4:group +:group 4:girl *:girl =:girl
EXPR: 0 | POS | INT | 22 | 8 | 3 | ((28/4)-x)=4 | 28 4 / x - 4 = | 28:boy 4:girl /:boy x:boy -:boy 4:boy =:boy
EXPR: 0 | POS | INT | 22 | 8 | 28 | 28=(4-(4-x)) | 28 4 4 x - - = | 28:girl 4:girl 4:girl x:girl -:girl -:girl =:girl
EXPR: 0 | POS | INT | 22 | 8 | 108 | 28=((x+4)/4) | 28 x 4 + 4 / = | 28:boy x:boy 4:boy +:boy 4:girl /:boy =:boy
EXPR: 0 | POS | INT | 22 | 8 | 96 | (x/(28-4))=4 | x 28 4 - / 4 = | x:group 28:boy 4:boy -:boy /:group 4:group =:group
EXPR: 0 | POS | INT | 22 | 8 | 6 | ((28-4)/x)=4 | 28 4 - x / 4 = | 28:girl 4:girl -:girl x:boy /:girl 4:girl =:girl
EXPR: 0 | POS | INT | 22 | 8 | 12 | 28=((4*4)+x) | 28 4 4 * x + = | 28:group 4:girl 4:group *:group x:group +:group =:group
EXPR: 0 | POS | INT | 22 | 8 | 11 | (x-(28/4))=4 | x 28 4 / - 4 = | x:boy 28:boy 4:girl /:boy -:boy 4:boy =:boy
EXPR: 0 | POS | INT | 22 | 8 | 28 | x=(4+(28-4)) | x 4 28 4 - + = | x:girl 4:girl 28:girl 4:girl -:girl +:girl =:girl
EXPR: 0 | POS | INT | 22 | 8 | 36 | x=(4+(28+4)) | x 4 28 4 + + = | x:girl 4:girl 28:girl 4:girl +:girl +:girl =:girl
EXPR: 0 | POS | INT | 22 | 8 | 128 | (x/(28+4))=4 | x 28 4 + / 4 = | x:group 28:girl 4:girl +:girl /:group 4:group =:group
EXPR: 0 | POS | INT | 22 | 8 | 27 | x=(28-(4/4)) | x 28 4 4 / - = | x:boy 28:boy 4:boy 4:girl /:boy -:boy =:boy
EXPR: 0 | POS | INT | 24 | 8 | 20 | 4=(28-(4+x)) | 4 28 4 x + - = | 4:girl 28:girl 4:girl x:girl +:girl -:girl =:girl
EXPR: 0 | POS | INT | 24 | 8 | 128 | ((x/4)-28)=4 | x 4 / 28 - 4 = | x:group 4:girl /:group 28:group -:group 4:group =:group
EXPR: 0 | POS | INT | 24 | 8 | 224 | 4=((x/28)-4) | 4 x 28 / 4 - = | 4:girl x:girl 28:group /:girl 4:girl -:girl =:girl
EXPR: 0 | POS | INT | 24 | 8 | 0 | 4=((x/28)+4) | 4 x 28 / 4 + = | 4:girl x:girl 28:group /:girl 4:girl +:girl =:girl
EXPR: 0 | POS | INT | 24 | 8 | 28 | (x+(4-28))=4 | x 4 28 - + 4 = | x:girl 4:girl 28:girl -:girl +:girl 4:girl =:girl
EXPR: 0 | POS | INT | 24 | 8 | 28 | 4=(28+(4-x)) | 4 28 4 x - + = | 4:girl 28:girl 4:girl x:girl -:girl +:girl =:girl
EXPR: 0 | POS | INT | 24 | 8 | 3 | 4=(28/(4+x)) | 4 28 4 x + / = | 4:girl 28:girl 4:group x:group +:group /:girl =:girl
EXPR: 0 | POS | INT | 24 | 8 | 28 | (x*4)=(28*4) | x 4 * 28 4 * = | x:boy 4:girl *:girl 28:boy 4:girl *:girl =:girl
EXPR: 0 | POS | INT | 24 | 8 | 28 | (4+(28-x))=4 | 4 28 x - + 4 = | 4:girl 28:girl x:girl -:girl +:girl 4:girl =:girl
EXPR: 0 | POS | INT | 24 | 8 | 11 | 4=(28/(x-4)) | 4 28 x 4 - / = | 4:boy 28:boy x:group 4:group -:group /:boy =:boy
EXPR: 0 | POS | INT | 24 | 8 | 108 | (4+x)=(28*4) | 4 x + 28 4 * = | 4:girl x:girl +:girl 28:boy 4:girl *:girl =:girl
EXPR: 0 | POS | INT | 24 | 8 | 44 | ((x-28)/4)=4 | x 28 - 4 / 4 = | x:group 28:group -:group 4:girl /:group 4:group =:group
EXPR: 0 | POS | INT | 24 | 8 | 6 | 4=(28-(4*x)) | 4 28 4 x * - = | 4:boy 28:boy 4:girl x:boy *:boy -:boy =:boy
EXPR: 0 | POS | INT | 24 | 8 | 108 | (28*4)=(4+x) | 28 4 * 4 x + = | 28:boy 4:girl *:girl 4:girl x:girl +:girl =:girl
EXPR: 0 | POS | INT | 24 | 8 | 448 | (x/4)=(28*4) | x 4 / 28 4 * = | x:group 4:girl /:group 28:group 4:girl *:group =:group
EXPR: 0 | POS | INT | 24 | 8 | 28 | 28=(x+(4-4)) | 28 x 4 4 - + = | 28:girl x:girl 4:girl 4:girl -:girl +:girl =:girl
EXPR: 0 | POS | INT | 24 | 8 | 28 | 28=(x-(4-4)) | 28 x 4 4 - - = | 28:girl x:girl 4:girl 4:girl -:girl -:girl =:girl
EXPR: 0 | POS | INT | 24 | 8 | 3 | 4=(28/(x+4)) | 4 28 x 4 + / = | 4:boy 28:boy x:group 4:group +:group /:boy =:boy
EXPR: 0 | POS | INT | 24 | 8 | 108 | 28=((4+x)/4) | 28 4 x + 4 / = | 28:group 4:group x:group +:group 4:girl /:group =:group
EXPR: 0 | POS | INT | 24 | 8 | 28 | (x/28)=(4/4) | x 28 / 4 4 / = | x:group 28:boy /:group 4:group 4:girl /:group =:group
EXPR: 0 | POS | INT | 24 | 8 | 27 | 28=(x+(4/4)) | 28 x 4 4 / + = | 28:boy x:boy 4:boy 4:girl /:boy +:boy =:boy
EXPR: 0 | POS | INT | 25 | 8 | 44 | ((4*4)+28)=x | 4 4 * 28 + x = | 4:girl 4:boy *:boy 28:boy +:boy x:boy =:boy
EXPR: 0 | POS | INT | 25 | 8 |  | x=((4-4)/28) | x 4 4 - 28 / = | x:group 4:group 4:group -:group 28:boy /:group =:group
EXPR: 0 | POS | INT | 25 | 8 | 44 | x=((4*4)+28) | x 4 4 * 28 + = | x:group 4:group 4:girl *:group 28:group +:group =:group
EXPR: 0 | POS | INT | 27 | 8 | 28 | ((4-x)+28)=4 | 4 x - 28 + 4 = | 4:girl x:girl -:girl 28:girl +:girl 4:girl =:girl
EXPR: 0 | POS | INT | 27 | 8 | 28 | ((x+4)-28)=4 | x 4 + 28 - 4 = | x:girl 4:girl +:girl 28:girl -:girl 4:girl =:girl
EXPR: 0 | POS | INT | 27 | 8 | 28 | ((4+x)-28)=4 | 4 x + 28 - 4 = | 4:girl x:girl +:girl 28:girl -:girl 4:girl =:girl
EXPR: 0 | POS | INT | 27 | 8 | 12 | (x+(4*4))=28 | x 4 4 * + 28 = | x:group 4:girl 4:group *:group +:group 28:group =:group
EXPR: 0 | POS | INT | 27 | 8 | 28 | 4=(x+(4-28)) | 4 x 4 28 - + = | 4:girl x:girl 4:girl 28:girl -:girl +:girl =:girl
EXPR: 0 | POS | INT | 27 | 8 | 44 | (x-(4*4))=28 | x 4 4 * - 28 = | x:group 4:girl 4:group *:group -:group 28:group =:group
EXPR: 0 | POS | INT | 27 | 8 | 3 | (4*(4+x))=28 | 4 4 x + * 28 = | 4:girl 4:group x:group +:group *:girl 28:girl =:girl
EXPR: 0 | POS | INT | 27 | 8 | 11 | (4*(x-4))=28 | 4 x 4 - * 28 = | 4:boy x:group 4:group -:group *:boy 28:boy =:boy
EXPR: 0 | POS | INT | 27 | 8 | 96 | ((x/4)+4)=28 | x 4 / 4 + 28 = | x:boy 4:girl /:boy 4:boy +:boy 28:boy =:boy
EXPR: 0 | POS | INT | 27 | 8 | 0 | (4-4)=(x*28) | 4 4 - x 28 * = | 4:girl 4:girl -:girl x:girl 28:boy *:girl =:girl
EXPR: 0 | POS | INT | 27 | 8 | 0 | (4-4)=(x/28) | 4 4 - x 28 / = | 4:girl 4:girl -:girl x:girl 28:boy /:girl =:girl
EXPR: 0 | POS | INT | 27 | 8 | 224 | (4+4)=(x/28) | 4 4 + x 28 / = | 4:girl 4:girl +:girl x:girl 28:boy /:girl =:girl
EXPR: 0 | POS | INT | 27 | 8 | 108 | ((4+x)/4)=28 | 4 x + 4 / 28 = | 4:boy x:boy +:boy 4:girl /:boy 28:boy =:boy
EXPR: 0 | POS | INT | 27 | 8 | 3 | ((4+x)*4)=28 | 4 x + 4 * 28 = | 4:boy x:boy +:boy 4:girl *:boy 28:boy =:boy
EXPR: 0 | POS | INT | 27 | 8 | 12 | ((4*4)+x)=28 | 4 4 * x + 28 = | 4:girl 4:boy *:boy x:boy +:boy 28:boy =:boy
EXPR: 0 | POS | INT | 27 | 8 | 28 | (x+(4-4))=28 | x 4 4 - + 28 = | x:girl 4:girl 4:girl -:girl +:girl 28:girl =:girl
EXPR: 0 | POS | INT | 27 | 8 | 20 | (x+(4+4))=28 | x 4 4 + + 28 = | x:girl 4:girl 4:girl +:girl +:girl 28:girl =:girl
EXPR: 0 | POS | INT | 27 | 8 | 27 | (x+(4/4))=28 | x 4 4 / + 28 = | x:boy 4:boy 4:girl /:boy +:boy 28:boy =:boy
EXPR: 0 | POS | INT | 27 | 8 | 20 | ((4+x)+4)=28 | 4 x + 4 + 28 = | 4:girl x:girl +:girl 4:girl +:girl 28:girl =:girl
EXPR: 0 | POS | INT | 27 | 8 | 28 | x=(4-(4-28)) | x 4 4 28 - - = | x:girl 4:girl 4:girl 28:girl -:girl -:girl =:girl
EXPR: 0 | POS | INT | 27 | 8 | 28 | 4=(4+(x-28)) | 4 4 x 28 - + = | 4:girl 4:girl x:girl 28:girl -:girl +:girl =:girl
EXPR: 0 | POS | INT | 27 | 8 | 6 | (x*4)=(28-4) | x 4 * 28 4 - = | x:group 4:girl *:girl 28:girl 4:girl -:girl =:girl
EXPR: 0 | POS | INT | 27 | 8 | 108 | (x+4)=(28*4) | x 4 + 28 4 * = | x:girl 4:girl +:girl 28:boy 4:girl *:girl =:girl
EXPR: 0 | POS | INT | 27 | 8 | 116 | (x-4)=(28*4) | x 4 - 28 4 * = | x:girl 4:girl -:girl 28:boy 4:girl *:girl =:girl
EXPR: 1 | POS | INT | 27 | 8 | 8 | (x*4)=(28+4) | x 4 * 28 4 + = | x:group 4:girl *:girl 28:girl 4:girl +:girl =:girl
EXPR: 0 | POS | INT | 27 | 8 | 20 | 4=(28-(x+4)) | 4 28 x 4 + - = | 4:girl 28:girl x:girl 4:girl +:girl -:girl =:girl
NET 184 unique, non-negative, integer-valued solutions found out of 1000 total solutions
