parameters: n=7 l=3 k=1 p=5 q=2 m=9
TOTAL 1000 solutions found
SOLN: CORRECT | POS/NEG | INT/FRA | OBJ-SCORE | TRUE-ANS | ANS | INFIX | POSTFIX | TYPED-POSTFIX
EXPR: 0 | POS | INT | 0 | 4 | 100 | x=((7+13)*5) | x 7 13 + 5 * = | x:picture 7:picture 13:picture +:picture 5:album *:picture =:picture
EXPR: 1 | POS | INT | 0 | 4 | 4 | x=((7+13)/5) | x 7 13 + 5 / = | x:picture 7:picture 13:picture +:picture 5:album /:picture =:picture
EXPR: 0 | POS | INT | 0 | 4 | 72 | x=(7+(13*5)) | x 7 13 5 * + = | x:picture 7:picture 13:picture 5:album *:picture +:picture =:picture
EXPR: 1 | POS | INT | 0 | 4 | 4 | ((7+13)/5)=x | 7 13 + 5 / x = | 7:picture 13:picture +:picture 5:album /:picture x:picture =:picture
EXPR: 0 | POS | INT | 0 | 4 | 100 | ((7+13)*5)=x | 7 13 + 5 * x = | 7:picture 13:picture +:picture 5:album *:picture x:picture =:picture
EXPR: 0 | POS | INT | 0 | 4 | 72 | (7+(13*5))=x | 7 13 5 * + x = | 7:picture 13:picture 5:album *:picture +:picture x:picture =:picture
EXPR: 0 | POS | INT | 2 | 4 | 22 | x=((7*5)-13) | x 7 5 * 13 - = | x:picture 7:picture 5:album *:picture 13:picture -:picture =:picture
EXPR: 0 | POS | INT | 2 | 4 | 48 | x=((7*5)+13) | x 7 5 * 13 + = | x:picture 7:picture 5:album *:picture 13:picture +:picture =:picture
EXPR: 0 | POS | INT | 2 | 4 | 58 | 7=((13*5)-x) | 7 13 5 * x - = | 7:picture 13:picture 5:album *:picture x:picture -:picture =:picture
EXPR: 0 | POS | INT | 2 | 4 | 72 | 7=(x-(13*5)) | 7 x 13 5 * - = | 7:picture x:picture 13:picture 5:album *:picture -:picture =:picture
EXPR: 0 | POS | INT | 2 | 4 | 48 | ((7*5)+13)=x | 7 5 * 13 + x = | 7:picture 5:album *:picture 13:picture +:picture x:picture =:picture
EXPR: 0 | POS | INT | 2 | 4 | 48 | x=(13+(7*5)) | x 13 7 5 * + = | x:picture 13:picture 7:picture 5:album *:picture +:picture =:picture
EXPR: 0 | POS | INT | 2 | 4 | 22 | ((7*5)-13)=x | 7 5 * 13 - x = | 7:picture 5:album *:picture 13:picture -:picture x:picture =:picture
EXPR: 0 | POS | INT | 2 | 4 | 48 | (13+(7*5))=x | 13 7 5 * + x = | 13:picture 7:picture 5:album *:picture +:picture x:picture =:picture
EXPR: 0 | POS | INT | 2 | 4 | 22 | 7=((x+13)/5) | 7 x 13 + 5 / = | 7:picture x:picture 13:picture +:picture 5:album /:picture =:picture
EXPR: 0 | POS | INT | 2 | 4 | 22 | 7=((13+x)/5) | 7 13 x + 5 / = | 7:picture 13:picture x:picture +:picture 5:album /:picture =:picture
EXPR: 0 | POS | INT | 2 | 4 | 30 | 7=(13-(x/5)) | 7 13 x 5 / - = | 7:picture 13:picture x:picture 5:album /:picture -:picture =:picture
EXPR: 0 | POS | INT | 2 | 4 | 48 | 7=((x-13)/5) | 7 x 13 - 5 / = | 7:picture x:picture 13:picture -:picture 5:album /:picture =:picture
EXPR: 0 | POS | INT | 2 | 4 | 30 | x=((13-7)*5) | x 13 7 - 5 * = | x:picture 13:picture 7:picture -:picture 5:album *:picture =:picture
EXPR: 0 | POS | INT | 2 | 4 | 30 | ((13-7)*5)=x | 13 7 - 5 * x = | 13:picture 7:picture -:picture 5:album *:picture x:picture =:picture
EXPR: 0 | POS | INT | 4 | 4 | 58 | 13=((x+7)/5) | 13 x 7 + 5 / = | 13:picture x:picture 7:picture +:picture 5:album /:picture =:picture
EXPR: 0 | POS | INT | 4 | 4 | 58 | ((x+7)/5)=13 | x 7 + 5 / 13 = | x:picture 7:picture +:picture 5:album /:picture 13:picture =:picture
EXPR: 0 | POS | INT | 4 | 4 | 48 | 13=(x-(7*5)) | 13 x 7 5 * - = | 13:picture x:picture 7:picture 5:album *:picture -:picture =:picture
EXPR: 1 | POS | INT | 4 | 4 | 4 | 7=((5*x)-13) | 7 5 x * 13 - = | 7:picture 5:album x:picture *:picture 13:picture -:picture =:picture
EXPR: 0 | POS | INT | 4 | 4 | 22 | 13=((7*5)-x) | 13 7 5 * x - = | 13:picture 7:picture 5:album *:picture x:picture -:picture =:picture
EXPR: 0 | POS | INT | 4 | 4 | 100 | 7=((x/5)-13) | 7 x 5 / 13 - = | 7:picture x:picture 5:album /:picture 13:picture -:picture =:picture
EXPR: 0 | POS | INT | 4 | 4 | 58 | ((7+x)/5)=13 | 7 x + 5 / 13 = | 7:picture x:picture +:picture 5:album /:picture 13:picture =:picture
EXPR: 0 | POS | INT | 4 | 4 | 22 | ((7*5)-x)=13 | 7 5 * x - 13 = | 7:picture 5:album *:picture x:picture -:picture 13:picture =:picture
EXPR: 0 | POS | INT | 4 | 4 | 30 | 13=(7+(x/5)) | 13 7 x 5 / + = | 13:picture 7:picture x:picture 5:album /:picture +:picture =:picture
EXPR: 0 | POS | INT | 4 | 4 | 48 | (x-(7*5))=13 | x 7 5 * - 13 = | x:picture 7:picture 5:album *:picture -:picture 13:picture =:picture
EXPR: 0 | POS | INT | 4 | 4 | 72 | ((x-7)/5)=13 | x 7 - 5 / 13 = | x:picture 7:picture -:picture 5:album /:picture 13:picture =:picture
EXPR: 0 | POS | INT | 4 | 4 | 30 | (7+(x/5))=13 | 7 x 5 / + 13 = | 7:picture x:picture 5:album /:picture +:picture 13:picture =:picture
EXPR: 1 | POS | INT | 4 | 4 | 4 | 7=((x*5)-13) | 7 x 5 * 13 - = | 7:picture x:picture 5:album *:picture 13:picture -:picture =:picture
EXPR: 0 | POS | INT | 4 | 4 | 72 | 13=((x-7)/5) | 13 x 7 - 5 / = | 13:picture x:picture 7:picture -:picture 5:album /:picture =:picture
EXPR: 0 | POS | INT | 4 | 4 | 58 | 13=((7+x)/5) | 13 7 x + 5 / = | 13:picture 7:picture x:picture +:picture 5:album /:picture =:picture
EXPR: 0 | POS | INT | 5 | 4 | 72 | ((13*5)+7)=x | 13 5 * 7 + x = | 13:picture 5:album *:picture 7:picture +:picture x:picture =:picture
EXPR: 0 | POS | INT | 5 | 4 | 58 | ((13*5)-7)=x | 13 5 * 7 - x = | 13:picture 5:album *:picture 7:picture -:picture x:picture =:picture
EXPR: 0 | POS | INT | 5 | 4 | 100 | (5*(7+13))=x | 5 7 13 + * x = | 5:album 7:picture 13:picture +:picture *:picture x:picture =:picture
EXPR: 0 | POS | INT | 5 | 4 | 58 | x=((13*5)-7) | x 13 5 * 7 - = | x:picture 13:picture 5:album *:picture 7:picture -:picture =:picture
EXPR: 0 | POS | INT | 5 | 4 | 100 | x=(5*(7+13)) | x 5 7 13 + * = | x:picture 5:album 7:picture 13:picture +:picture *:picture =:picture
EXPR: 0 | POS | INT | 5 | 4 | 72 | x=((13*5)+7) | x 13 5 * 7 + = | x:picture 13:picture 5:album *:picture 7:picture +:picture =:picture
EXPR: 1 | POS | INT | 7 | 4 | 4 | ((x*5)-7)=13 | x 5 * 7 - 13 = | x:picture 5:album *:picture 7:picture -:picture 13:picture =:picture
EXPR: 0 | POS | INT | 7 | 4 | 30 | (5*(13-7))=x | 5 13 7 - * x = | 5:album 13:picture 7:picture -:picture *:picture x:picture =:picture
EXPR: 1 | POS | INT | 7 | 4 | 4 | 13=((5*x)-7) | 13 5 x * 7 - = | 13:picture 5:album x:picture *:picture 7:picture -:picture =:picture
EXPR: 0 | POS | INT | 7 | 4 | 22 | ((13+x)/5)=7 | 13 x + 5 / 7 = | 13:picture x:picture +:picture 5:album /:picture 7:picture =:picture
EXPR: 0 | POS | INT | 7 | 4 | 100 | ((x/5)-7)=13 | x 5 / 7 - 13 = | x:picture 5:album /:picture 7:picture -:picture 13:picture =:picture
EXPR: 0 | POS | INT | 7 | 4 | 30 | 13=((x/5)+7) | 13 x 5 / 7 + = | 13:picture x:picture 5:album /:picture 7:picture +:picture =:picture
EXPR: 0 | POS | INT | 7 | 4 | 30 | ((x/5)+7)=13 | x 5 / 7 + 13 = | x:picture 5:album /:picture 7:picture +:picture 13:picture =:picture
EXPR: 0 | POS | INT | 7 | 4 | 58 | ((13*5)-x)=7 | 13 5 * x - 7 = | 13:picture 5:album *:picture x:picture -:picture 7:picture =:picture
EXPR: 0 | POS | INT | 7 | 4 | 30 | (13-(x/5))=7 | 13 x 5 / - 7 = | 13:picture x:picture 5:album /:picture -:picture 7:picture =:picture
EXPR: 0 | POS | INT | 7 | 4 | 72 | (x-(13*5))=7 | x 13 5 * - 7 = | x:picture 13:picture 5:album *:picture -:picture 7:picture =:picture
EXPR: 0 | POS | INT | 7 | 4 | 100 | 13=((x/5)-7) | 13 x 5 / 7 - = | 13:picture x:picture 5:album /:picture 7:picture -:picture =:picture
EXPR: 0 | POS | INT | 7 | 4 | 22 | ((x+13)/5)=7 | x 13 + 5 / 7 = | x:picture 13:picture +:picture 5:album /:picture 7:picture =:picture
EXPR: 1 | POS | INT | 7 | 4 | 4 | 13=((x*5)-7) | 13 x 5 * 7 - = | 13:picture x:picture 5:album *:picture 7:picture -:picture =:picture
EXPR: 0 | POS | INT | 7 | 4 | 48 | ((x-13)/5)=7 | x 13 - 5 / 7 = | x:picture 13:picture -:picture 5:album /:picture 7:picture =:picture
EXPR: 0 | POS | INT | 7 | 4 | 30 | x=(5*(13-7)) | x 5 13 7 - * = | x:picture 5:album 13:picture 7:picture -:picture *:picture =:picture
EXPR: 1 | POS | INT | 7 | 4 | 4 | ((5*x)-7)=13 | 5 x * 7 - 13 = | 5:album x:picture *:picture 7:picture -:picture 13:picture =:picture
EXPR: 1 | POS | INT | 9 | 4 | 4 | ((x*5)-13)=7 | x 5 * 13 - 7 = | x:picture 5:album *:picture 13:picture -:picture 7:picture =:picture
EXPR: 0 | POS | INT | 9 | 4 | 100 | ((x/5)-13)=7 | x 5 / 13 - 7 = | x:picture 5:album /:picture 13:picture -:picture 7:picture =:picture
EXPR: 1 | POS | INT | 9 | 4 | 4 | ((5*x)-13)=7 | 5 x * 13 - 7 = | 5:album x:picture *:picture 13:picture -:picture 7:picture =:picture
EXPR: 0 | POS | INT | 10 | 4 | 15 | (7+(13-5))=x | 7 13 5 - + x = | 7:picture 13:picture 5:picture -:picture +:picture x:picture =:picture
EXPR: 0 | POS | INT | 10 | 4 | 56 | (7*(13-5))=x | 7 13 5 - * x = | 7:picture 13:album 5:album -:album *:picture x:picture =:picture
EXPR: 0 | POS | INT | 10 | 4 | 25 | (7+(13+5))=x | 7 13 5 + + x = | 7:picture 13:picture 5:picture +:picture +:picture x:picture =:picture
EXPR: 0 | POS | INT | 10 | 4 | 126 | (7*(13+5))=x | 7 13 5 + * x = | 7:picture 13:album 5:album +:album *:picture x:picture =:picture
EXPR: 0 | POS | INT | 10 | 4 | 15 | ((7+13)-5)=x | 7 13 + 5 - x = | 7:picture 13:picture +:picture 5:picture -:picture x:picture =:picture
EXPR: 0 | POS | INT | 10 | 4 | 25 | ((7+13)+5)=x | 7 13 + 5 + x = | 7:picture 13:picture +:picture 5:picture +:picture x:picture =:picture
EXPR: 0 | POS | INT | 10 | 4 | 25 | x=((7+13)+5) | x 7 13 + 5 + = | x:picture 7:picture 13:picture +:picture 5:picture +:picture =:picture
EXPR: 0 | POS | INT | 10 | 4 | 126 | x=(7*(13+5)) | x 7 13 5 + * = | x:picture 7:picture 13:album 5:album +:album *:picture =:picture
EXPR: 0 | POS | INT | 10 | 4 | 56 | x=(7*(13-5)) | x 7 13 5 - * = | x:picture 7:picture 13:album 5:album -:album *:picture =:picture
EXPR: 0 | POS | INT | 10 | 4 | 15 | x=((7+13)-5) | x 7 13 + 5 - = | x:picture 7:picture 13:picture +:picture 5:picture -:picture =:picture
EXPR: 0 | POS | INT | 10 | 4 | 15 | x=(7+(13-5)) | x 7 13 5 - + = | x:picture 7:picture 13:picture 5:picture -:picture +:picture =:picture
EXPR: 0 | POS | INT | 10 | 4 | 25 | x=(7+(13+5)) | x 7 13 5 + + = | x:picture 7:picture 13:picture 5:picture +:picture +:picture =:picture
EXPR: 0 | POS | INT | 12 | 4 | 15 | ((7+13)-x)=5 | 7 13 + x - 5 = | 7:picture 13:picture +:picture x:picture -:picture 5:picture =:picture
EXPR: 0 | POS | INT | 12 | 4 | 156 | (13*(7+5))=x | 13 7 5 + * x = | 13:picture 7:album 5:album +:album *:picture x:picture =:picture
EXPR: 0 | POS | INT | 12 | 4 | 1 | x=((13-7)-5) | x 13 7 - 5 - = | x:picture 13:picture 7:picture -:picture 5:picture -:picture =:picture
EXPR: 0 | POS | INT | 12 | 4 | 11 | ((7-13)+x)=5 | 7 13 - x + 5 = | 7:picture 13:picture -:picture x:picture +:picture 5:picture =:picture
EXPR: 0 | POS | INT | 12 | 4 | 1 | 7=((13-5)-x) | 7 13 5 - x - = | 7:picture 13:picture 5:picture -:picture x:picture -:picture =:picture
EXPR: 0 | POS | INT | 12 | 4 | 1 | ((13-7)-5)=x | 13 7 - 5 - x = | 13:picture 7:picture -:picture 5:picture -:picture x:picture =:picture
EXPR: 0 | POS | INT | 12 | 4 | 156 | x=((7+5)*13) | x 7 5 + 13 * = | x:picture 7:album 5:album +:album 13:picture *:picture =:picture
EXPR: 0 | POS | INT | 12 | 4 | 15 | (7-(5-13))=x | 7 5 13 - - x = | 7:picture 5:picture 13:picture -:picture -:picture x:picture =:picture
EXPR: 0 | POS | INT | 12 | 4 | 11 | (7+(x-13))=5 | 7 x 13 - + 5 = | 7:picture x:picture 13:picture -:picture +:picture 5:picture =:picture
EXPR: 0 | POS | INT | 12 | 4 | 25 | 7=((x-13)-5) | 7 x 13 - 5 - = | 7:picture x:picture 13:picture -:picture 5:picture -:picture =:picture
EXPR: 0 | POS | INT | 12 | 4 | 25 | ((7+5)+13)=x | 7 5 + 13 + x = | 7:picture 5:picture +:picture 13:picture +:picture x:picture =:picture
EXPR: 0 | POS | INT | 12 | 4 | 15 | (13+(7-5))=x | 13 7 5 - + x = | 13:picture 7:picture 5:picture -:picture +:picture x:picture =:picture
EXPR: 0 | POS | INT | 12 | 4 | 15 | (7-(x-13))=5 | 7 x 13 - - 5 = | 7:picture x:picture 13:picture -:picture -:picture 5:picture =:picture
EXPR: 0 | POS | INT | 12 | 4 | 11 | x=((13-7)+5) | x 13 7 - 5 + = | x:picture 13:picture 7:picture -:picture 5:picture +:picture =:picture
EXPR: 0 | POS | INT | 12 | 4 | 11 | ((x+7)-13)=5 | x 7 + 13 - 5 = | x:picture 7:picture +:picture 13:picture -:picture 5:picture =:picture
EXPR: 0 | POS | INT | 12 | 4 | 15 | x=((7-5)+13) | x 7 5 - 13 + = | x:picture 7:picture 5:picture -:picture 13:picture +:picture =:picture
EXPR: 0 | POS | INT | 12 | 4 | 25 | x=((7+5)+13) | x 7 5 + 13 + = | x:picture 7:picture 5:picture +:picture 13:picture +:picture =:picture
EXPR: 0 | POS | INT | 12 | 4 | 11 | ((7+x)-13)=5 | 7 x + 13 - 5 = | 7:picture x:picture +:picture 13:picture -:picture 5:picture =:picture
EXPR: 0 | POS | INT | 12 | 4 | 156 | x=(13*(7+5)) | x 13 7 5 + * = | x:picture 13:picture 7:album 5:album +:album *:picture =:picture
EXPR: 0 | POS | INT | 12 | 4 | 26 | (13*(7-5))=x | 13 7 5 - * x = | 13:picture 7:album 5:album -:album *:picture x:picture =:picture
EXPR: 0 | POS | INT | 12 | 4 | 26 | x=(13*(7-5)) | x 13 7 5 - * = | x:picture 13:picture 7:album 5:album -:album *:picture =:picture
EXPR: 0 | POS | INT | 12 | 4 | 11 | (13-(7-5))=x | 13 7 5 - - x = | 13:picture 7:picture 5:picture -:picture -:picture x:picture =:picture
EXPR: 0 | POS | INT | 12 | 4 | 1 | (13-(7+5))=x | 13 7 5 + - x = | 13:picture 7:picture 5:picture +:picture -:picture x:picture =:picture
EXPR: 0 | POS | INT | 12 | 4 | 25 | (13+(7+5))=x | 13 7 5 + + x = | 13:picture 7:picture 5:picture +:picture +:picture x:picture =:picture
EXPR: 0 | POS | INT | 12 | 4 | 1 | 7=(13-(5+x)) | 7 13 5 x + - = | 7:picture 13:picture 5:picture x:picture +:picture -:picture =:picture
EXPR: 0 | POS | INT | 12 | 4 | 25 | (x-(7+13))=5 | x 7 13 + - 5 = | x:picture 7:picture 13:picture +:picture -:picture 5:picture =:picture
EXPR: 0 | POS | INT | 12 | 4 | 15 | ((7-5)+13)=x | 7 5 - 13 + x = | 7:picture 5:picture -:picture 13:picture +:picture x:picture =:picture
EXPR: 0 | POS | INT | 12 | 4 | 11 | (x+(7-13))=5 | x 7 13 - + 5 = | x:picture 7:picture 13:picture -:picture +:picture 5:picture =:picture
EXPR: 0 | POS | INT | 12 | 4 | 1 | 7=((13-x)-5) | 7 13 x - 5 - = | 7:picture 13:picture x:picture -:picture 5:picture -:picture =:picture
EXPR: 0 | POS | INT | 12 | 4 | 15 | 7=((x-13)+5) | 7 x 13 - 5 + = | 7:picture x:picture 13:picture -:picture 5:picture +:picture =:picture
EXPR: 0 | POS | INT | 12 | 4 | 26 | ((7-5)*13)=x | 7 5 - 13 * x = | 7:album 5:album -:album 13:picture *:picture x:picture =:picture
EXPR: 0 | POS | INT | 12 | 4 | 11 | 7=(13+(5-x)) | 7 13 5 x - + = | 7:picture 13:picture 5:picture x:picture -:picture +:picture =:picture
EXPR: 0 | POS | INT | 12 | 4 | 11 | 7=((13-x)+5) | 7 13 x - 5 + = | 7:picture 13:picture x:picture -:picture 5:picture +:picture =:picture
EXPR: 0 | POS | INT | 12 | 4 | 126 | 7=(x/(13+5)) | 7 x 13 5 + / = | 7:picture x:picture 13:album 5:album +:album /:picture =:picture
EXPR: 0 | POS | INT | 12 | 4 | 1 | 7=(13-(x+5)) | 7 13 x 5 + - = | 7:picture 13:picture x:picture 5:picture +:picture -:picture =:picture
EXPR: 0 | POS | INT | 12 | 4 | 25 | 7=(x-(13+5)) | 7 x 13 5 + - = | 7:picture x:picture 13:picture 5:picture +:picture -:picture =:picture
EXPR: 0 | POS | INT | 12 | 4 | 15 | ((7-x)+13)=5 | 7 x - 13 + 5 = | 7:picture x:picture -:picture 13:picture +:picture 5:picture =:picture
EXPR: 0 | POS | INT | 12 | 4 | 56 | 7=(x/(13-5)) | 7 x 13 5 - / = | 7:picture x:picture 13:album 5:album -:album /:picture =:picture
EXPR: 0 | POS | INT | 12 | 4 | 15 | (7+(13-x))=5 | 7 13 x - + 5 = | 7:picture 13:picture x:picture -:picture +:picture 5:picture =:picture
EXPR: 0 | POS | INT | 12 | 4 | 15 | 7=(x-(13-5)) | 7 x 13 5 - - = | 7:picture x:picture 13:picture 5:picture -:picture -:picture =:picture
EXPR: 0 | POS | INT | 12 | 4 | 11 | (7-(13-x))=5 | 7 13 x - - 5 = | 7:picture 13:picture x:picture -:picture -:picture 5:picture =:picture
EXPR: 0 | POS | INT | 12 | 4 | 156 | ((7+5)*13)=x | 7 5 + 13 * x = | 7:album 5:album +:album 13:picture *:picture x:picture =:picture
EXPR: 0 | POS | INT | 12 | 4 | 11 | 7=(13-(x-5)) | 7 13 x 5 - - = | 7:picture 13:picture x:picture 5:picture -:picture -:picture =:picture
EXPR: 0 | POS | INT | 12 | 4 | 1 | x=(13-(7+5)) | x 13 7 5 + - = | x:picture 13:picture 7:picture 5:picture +:picture -:picture =:picture
EXPR: 0 | POS | INT | 12 | 4 | 11 | 7=((13+5)-x) | 7 13 5 + x - = | 7:picture 13:picture 5:picture +:picture x:picture -:picture =:picture
EXPR: 0 | POS | INT | 12 | 4 | 26 | x=((7-5)*13) | x 7 5 - 13 * = | x:picture 7:album 5:album -:album 13:picture *:picture =:picture
EXPR: 0 | POS | INT | 12 | 4 | 15 | x=(13+(7-5)) | x 13 7 5 - + = | x:picture 13:picture 7:picture 5:picture -:picture +:picture =:picture
EXPR: 0 | POS | INT | 12 | 4 | 11 | x=(13-(7-5)) | x 13 7 5 - - = | x:picture 13:picture 7:picture 5:picture -:picture -:picture =:picture
EXPR: 0 | POS | INT | 12 | 4 | 25 | ((x-7)-13)=5 | x 7 - 13 - 5 = | x:picture 7:picture -:picture 13:picture -:picture 5:picture =:picture
EXPR: 0 | POS | INT | 12 | 4 | 11 | ((13-7)+5)=x | 13 7 - 5 + x = | 13:picture 7:picture -:picture 5:picture +:picture x:picture =:picture
EXPR: 0 | POS | INT | 12 | 4 | 25 | x=(13+(7+5)) | x 13 7 5 + + = | x:picture 13:picture 7:picture 5:picture +:picture +:picture =:picture
EXPR: 0 | POS | INT | 12 | 4 | 100 | (x/(7+13))=5 | x 7 13 + / 5 = | x:album 7:picture 13:picture +:picture /:album 5:album =:album
EXPR: 0 | POS | INT | 12 | 4 | 15 | x=(7-(5-13)) | x 7 5 13 - - = | x:picture 7:picture 5:picture 13:picture -:picture -:picture =:picture
EXPR: 1 | POS | INT | 12 | 4 | 4 | (7+13)=(5*x) | 7 13 + 5 x * = | 7:picture 13:picture +:picture 5:album x:picture *:picture =:picture
EXPR: 0 | POS | INT | 12 | 4 | 100 | (7+13)=(x/5) | 7 13 + x 5 / = | 7:picture 13:picture +:picture x:picture 5:album /:picture =:picture
EXPR: 1 | POS | INT | 12 | 4 | 4 | (7+13)=(x*5) | 7 13 + x 5 * = | 7:picture 13:picture +:picture x:picture 5:album *:picture =:picture
EXPR: 0 | POS | INT | 12 | 4 | 58 | (x+7)=(13*5) | x 7 + 13 5 * = | x:picture 7:picture +:picture 13:picture 5:album *:picture =:picture
EXPR: 0 | POS | INT | 12 | 4 | 72 | (x-7)=(13*5) | x 7 - 13 5 * = | x:picture 7:picture -:picture 13:picture 5:album *:picture =:picture
EXPR: 0 | POS | INT | 12 | 4 | 58 | (7+x)=(13*5) | 7 x + 13 5 * = | 7:picture x:picture +:picture 13:picture 5:album *:picture =:picture
EXPR: 0 | POS | INT | 14 | 4 | 11 | 13=((x+7)-5) | 13 x 7 + 5 - = | 13:picture x:picture 7:picture +:picture 5:picture -:picture =:picture
EXPR: 0 | POS | INT | 14 | 4 | 11 | ((x+7)-5)=13 | x 7 + 5 - 13 = | x:picture 7:picture +:picture 5:picture -:picture 13:picture =:picture
EXPR: 0 | POS | INT | 14 | 4 | 15 | 7=((5+x)-13) | 7 5 x + 13 - = | 7:picture 5:picture x:picture +:picture 13:picture -:picture =:picture
EXPR: 0 | POS | INT | 14 | 4 | 11 | 13=((7-5)+x) | 13 7 5 - x + = | 13:picture 7:picture 5:picture -:picture x:picture +:picture =:picture
EXPR: 0 | POS | INT | 14 | 4 | 15 | (13+(7-x))=5 | 13 7 x - + 5 = | 13:picture 7:picture x:picture -:picture +:picture 5:picture =:picture
EXPR: 0 | POS | INT | 14 | 4 | 1 | 13=((x+7)+5) | 13 x 7 + 5 + = | 13:picture x:picture 7:picture +:picture 5:picture +:picture =:picture
EXPR: 0 | POS | INT | 14 | 4 | 1 | (13-(x+7))=5 | 13 x 7 + - 5 = | 13:picture x:picture 7:picture +:picture -:picture 5:picture =:picture
EXPR: 0 | POS | INT | 14 | 4 | 1 | (7+(x+5))=13 | 7 x 5 + + 13 = | 7:picture x:picture 5:picture +:picture +:picture 13:picture =:picture
EXPR: 0 | POS | INT | 14 | 4 | 25 | 7=((x-5)-13) | 7 x 5 - 13 - = | 7:picture x:picture 5:picture -:picture 13:picture -:picture =:picture
EXPR: 0 | POS | INT | 14 | 4 | 11 | ((x-13)+7)=5 | x 13 - 7 + 5 = | x:picture 13:picture -:picture 7:picture +:picture 5:picture =:picture
EXPR: 0 | POS | INT | 14 | 4 | 156 | (x/(7+5))=13 | x 7 5 + / 13 = | x:picture 7:album 5:album +:album /:picture 13:picture =:picture
EXPR: 0 | POS | INT | 14 | 4 | 15 | 7=((x+5)-13) | 7 x 5 + 13 - = | 7:picture x:picture 5:picture +:picture 13:picture -:picture =:picture
EXPR: 0 | POS | INT | 14 | 4 | 1 | ((x+7)+5)=13 | x 7 + 5 + 13 = | x:picture 7:picture +:picture 5:picture +:picture 13:picture =:picture
EXPR: 0 | POS | INT | 14 | 4 | 1 | (7+(5+x))=13 | 7 5 x + + 13 = | 7:picture 5:picture x:picture +:picture +:picture 13:picture =:picture
EXPR: 0 | POS | INT | 14 | 4 | 1 | (13-(7+x))=5 | 13 7 x + - 5 = | 13:picture 7:picture x:picture +:picture -:picture 5:picture =:picture
EXPR: 0 | POS | INT | 14 | 4 | 15 | 7=((5-13)+x) | 7 5 13 - x + = | 7:picture 5:picture 13:picture -:picture x:picture +:picture =:picture
EXPR: 0 | POS | INT | 14 | 4 | 11 | (x+(7-5))=13 | x 7 5 - + 13 = | x:picture 7:picture 5:picture -:picture +:picture 13:picture =:picture
EXPR: 0 | POS | INT | 14 | 4 | 156 | 13=(x/(7+5)) | 13 x 7 5 + / = | 13:picture x:picture 7:album 5:album +:album /:picture =:picture
EXPR: 0 | POS | INT | 14 | 4 | 26 | 13=(x/(7-5)) | 13 x 7 5 - / = | 13:picture x:picture 7:album 5:album -:album /:picture =:picture
EXPR: 0 | POS | INT | 14 | 4 | 15 | 7=(5+(x-13)) | 7 5 x 13 - + = | 7:picture 5:picture x:picture 13:picture -:picture +:picture =:picture
EXPR: 0 | POS | INT | 14 | 4 | 11 | (7+(x-5))=13 | 7 x 5 - + 13 = | 7:picture x:picture 5:picture -:picture +:picture 13:picture =:picture
EXPR: 0 | POS | INT | 14 | 4 | 11 | 13=(7+(x-5)) | 13 7 x 5 - + = | 13:picture 7:picture x:picture 5:picture -:picture +:picture =:picture
EXPR: 0 | POS | INT | 14 | 4 | 11 | 7=((5-x)+13) | 7 5 x - 13 + = | 7:picture 5:picture x:picture -:picture 13:picture +:picture =:picture
EXPR: 0 | POS | INT | 14 | 4 | 11 | 7=(5+(13-x)) | 7 5 13 x - + = | 7:picture 5:picture 13:picture x:picture -:picture +:picture =:picture
EXPR: 0 | POS | INT | 14 | 4 | 11 | 13=(7-(5-x)) | 13 7 5 x - - = | 13:picture 7:picture 5:picture x:picture -:picture -:picture =:picture
EXPR: 0 | POS | INT | 14 | 4 | 11 | 7=(5-(x-13)) | 7 5 x 13 - - = | 7:picture 5:picture x:picture 13:picture -:picture -:picture =:picture
EXPR: 0 | POS | INT | 14 | 4 | 11 | ((7+x)-5)=13 | 7 x + 5 - 13 = | 7:picture x:picture +:picture 5:picture -:picture 13:picture =:picture
EXPR: 0 | POS | INT | 14 | 4 | 25 | 13=((x-7)-5) | 13 x 7 - 5 - = | 13:picture x:picture 7:picture -:picture 5:picture -:picture =:picture
EXPR: 0 | POS | INT | 14 | 4 | 25 | 13=(x-(7+5)) | 13 x 7 5 + - = | 13:picture x:picture 7:picture 5:picture +:picture -:picture =:picture
EXPR: 0 | POS | INT | 14 | 4 | 15 | 13=(x-(7-5)) | 13 x 7 5 - - = | 13:picture x:picture 7:picture 5:picture -:picture -:picture =:picture
EXPR: 0 | POS | INT | 14 | 4 | 26 | (x/(7-5))=13 | x 7 5 - / 13 = | x:picture 7:album 5:album -:album /:picture 13:picture =:picture
EXPR: 0 | POS | INT | 14 | 4 | 15 | (x-(7-5))=13 | x 7 5 - - 13 = | x:picture 7:picture 5:picture -:picture -:picture 13:picture =:picture
EXPR: 0 | POS | INT | 14 | 4 | 15 | 13=((x-7)+5) | 13 x 7 - 5 + = | 13:picture x:picture 7:picture -:picture 5:picture +:picture =:picture
EXPR: 0 | POS | INT | 14 | 4 | 11 | (7-(5-x))=13 | 7 5 x - - 13 = | 7:picture 5:picture x:picture -:picture -:picture 13:picture =:picture
EXPR: 0 | POS | INT | 14 | 4 | 15 | ((13-x)+7)=5 | 13 x - 7 + 5 = | 13:picture x:picture -:picture 7:picture +:picture 5:picture =:picture
EXPR: 0 | POS | INT | 14 | 4 | 1 | 13=(7+(x+5)) | 13 7 x 5 + + = | 13:picture 7:picture x:picture 5:picture +:picture +:picture =:picture
EXPR: 0 | POS | INT | 14 | 4 | 1 | 13=((7+5)+x) | 13 7 5 + x + = | 13:picture 7:picture 5:picture +:picture x:picture +:picture =:picture
EXPR: 0 | POS | INT | 14 | 4 | 11 | (x-(13-7))=5 | x 13 7 - - 5 = | x:picture 13:picture 7:picture -:picture -:picture 5:picture =:picture
EXPR: 0 | POS | INT | 14 | 4 | 48 | (7*5)=(x-13) | 7 5 * x 13 - = | 7:picture 5:album *:picture x:picture 13:picture -:picture =:picture
EXPR: 0 | POS | INT | 14 | 4 | 22 | (7*5)=(13+x) | 7 5 * 13 x + = | 7:picture 5:album *:picture 13:picture x:picture +:picture =:picture
EXPR: 0 | POS | INT | 14 | 4 | 1 | ((13-7)-x)=5 | 13 7 - x - 5 = | 13:picture 7:picture -:picture x:picture -:picture 5:picture =:picture
EXPR: 0 | POS | INT | 14 | 4 | 1 | 13=((7+x)+5) | 13 7 x + 5 + = | 13:picture 7:picture x:picture +:picture 5:picture +:picture =:picture
EXPR: 0 | POS | INT | 14 | 4 | 25 | (x-(7+5))=13 | x 7 5 + - 13 = | x:picture 7:picture 5:picture +:picture -:picture 13:picture =:picture
EXPR: 0 | POS | INT | 14 | 4 | 1 | (x+(7+5))=13 | x 7 5 + + 13 = | x:picture 7:picture 5:picture +:picture +:picture 13:picture =:picture
EXPR: 0 | POS | INT | 14 | 4 | 11 | 13=((7+x)-5) | 13 7 x + 5 - = | 13:picture 7:picture x:picture +:picture 5:picture -:picture =:picture
EXPR: 0 | POS | INT | 14 | 4 | 22 | (7*5)=(x+13) | 7 5 * x 13 + = | 7:picture 5:album *:picture x:picture 13:picture +:picture =:picture
EXPR: 0 | POS | INT | 14 | 4 | 11 | 13=(x+(7-5)) | 13 x 7 5 - + = | 13:picture x:picture 7:picture 5:picture -:picture +:picture =:picture
EXPR: 0 | POS | INT | 14 | 4 | 25 | ((x-13)-7)=5 | x 13 - 7 - 5 = | x:picture 13:picture -:picture 7:picture -:picture 5:picture =:picture
EXPR: 0 | POS | INT | 14 | 4 | 1 | ((13-x)-7)=5 | 13 x - 7 - 5 = | 13:picture x:picture -:picture 7:picture -:picture 5:picture =:picture
EXPR: 0 | POS | INT | 14 | 4 | 1 | 13=(x+(7+5)) | 13 x 7 5 + + = | 13:picture x:picture 7:picture 5:picture +:picture +:picture =:picture
EXPR: 0 | POS | INT | 14 | 4 | 1 | ((7+x)+5)=13 | 7 x + 5 + 13 = | 7:picture x:picture +:picture 5:picture +:picture 13:picture =:picture
EXPR: 0 | POS | INT | 14 | 4 | 11 | ((7-5)+x)=13 | 7 5 - x + 13 = | 7:picture 5:picture -:picture x:picture +:picture 13:picture =:picture
EXPR: 0 | POS | INT | 14 | 4 | 1 | ((7+5)+x)=13 | 7 5 + x + 13 = | 7:picture 5:picture +:picture x:picture +:picture 13:picture =:picture
EXPR: 0 | POS | INT | 14 | 4 | 15 | ((x-7)+5)=13 | x 7 - 5 + 13 = | x:picture 7:picture -:picture 5:picture +:picture 13:picture =:picture
EXPR: 0 | POS | INT | 14 | 4 | 25 | ((x-7)-5)=13 | x 7 - 5 - 13 = | x:picture 7:picture -:picture 5:picture -:picture 13:picture =:picture
EXPR: 0 | POS | INT | 14 | 4 | 30 | (x/(13-7))=5 | x 13 7 - / 5 = | x:album 13:picture 7:picture -:picture /:album 5:album =:album
EXPR: 0 | POS | INT | 14 | 4 | 15 | 7=(x+(5-13)) | 7 x 5 13 - + = | 7:picture x:picture 5:picture 13:picture -:picture +:picture =:picture
EXPR: 0 | POS | INT | 14 | 4 | 15 | (13-(x-7))=5 | 13 x 7 - - 5 = | 13:picture x:picture 7:picture -:picture -:picture 5:picture =:picture
EXPR: 0 | POS | INT | 14 | 4 | 15 | 7=(5-(13-x)) | 7 5 13 x - - = | 7:picture 5:picture 13:picture x:picture -:picture -:picture =:picture
EXPR: 0 | POS | INT | 14 | 4 | 1 | 13=(7+(5+x)) | 13 7 5 x + + = | 13:picture 7:picture 5:picture x:picture +:picture +:picture =:picture
EXPR: 0 | POS | INT | 14 | 4 | 48 | (x-13)=(7*5) | x 13 - 7 5 * = | x:picture 13:picture -:picture 7:picture 5:album *:picture =:picture
EXPR: 0 | POS | INT | 14 | 4 | 22 | (13+x)=(7*5) | 13 x + 7 5 * = | 13:picture x:picture +:picture 7:picture 5:album *:picture =:picture
EXPR: 0 | POS | INT | 14 | 4 | 30 | (13-7)=(x/5) | 13 7 - x 5 / = | 13:picture 7:picture -:picture x:picture 5:album /:picture =:picture
EXPR: 0 | POS | INT | 14 | 4 | 22 | (x+13)=(7*5) | x 13 + 7 5 * = | x:picture 13:picture +:picture 7:picture 5:album *:picture =:picture
EXPR: 0 | POS | INT | 15 | 4 | 1 | ((13-5)-7)=x | 13 5 - 7 - x = | 13:picture 5:picture -:picture 7:picture -:picture x:picture =:picture
EXPR: 0 | POS | INT | 15 | 4 | 25 | ((13+5)+7)=x | 13 5 + 7 + x = | 13:picture 5:picture +:picture 7:picture +:picture x:picture =:picture
EXPR: 0 | POS | INT | 15 | 4 | 11 | (13+(5-7))=x | 13 5 7 - + x = | 13:picture 5:picture 7:picture -:picture +:picture x:picture =:picture
EXPR: 0 | POS | INT | 15 | 4 | 56 | ((13-5)*7)=x | 13 5 - 7 * x = | 13:album 5:album -:album 7:picture *:picture x:picture =:picture
EXPR: 0 | POS | INT | 15 | 4 | 126 | x=((13+5)*7) | x 13 5 + 7 * = | x:picture 13:album 5:album +:album 7:picture *:picture =:picture
EXPR: 0 | POS | INT | 15 | 4 | 11 | (5-(7-13))=x | 5 7 13 - - x = | 5:picture 7:picture 13:picture -:picture -:picture x:picture =:picture
EXPR: 0 | POS | INT | 15 | 4 | 126 | ((13+5)*7)=x | 13 5 + 7 * x = | 13:album 5:album +:album 7:picture *:picture x:picture =:picture
EXPR: 0 | POS | INT | 15 | 4 | 11 | x=((5-7)+13) | x 5 7 - 13 + = | x:picture 5:picture 7:picture -:picture 13:picture +:picture =:picture
EXPR: 0 | POS | INT | 15 | 4 | 11 | ((13+5)-7)=x | 13 5 + 7 - x = | 13:picture 5:picture +:picture 7:picture -:picture x:picture =:picture
EXPR: 0 | POS | INT | 15 | 4 | 15 | (13-(5-7))=x | 13 5 7 - - x = | 13:picture 5:picture 7:picture -:picture -:picture x:picture =:picture
EXPR: 0 | POS | INT | 15 | 4 | 15 | ((13-5)+7)=x | 13 5 - 7 + x = | 13:picture 5:picture -:picture 7:picture +:picture x:picture =:picture
EXPR: 0 | POS | INT | 15 | 4 | 25 | (5+(7+13))=x | 5 7 13 + + x = | 5:picture 7:picture 13:picture +:picture +:picture x:picture =:picture
EXPR: 0 | POS | INT | 15 | 4 | 1 | x=((13-5)-7) | x 13 5 - 7 - = | x:picture 13:picture 5:picture -:picture 7:picture -:picture =:picture
EXPR: 0 | POS | INT | 15 | 4 | 15 | x=((13-5)+7) | x 13 5 - 7 + = | x:picture 13:picture 5:picture -:picture 7:picture +:picture =:picture
EXPR: 0 | POS | INT | 15 | 4 | 25 | x=((13+5)+7) | x 13 5 + 7 + = | x:picture 13:picture 5:picture +:picture 7:picture +:picture =:picture
EXPR: 0 | POS | INT | 15 | 4 | 11 | ((5-7)+13)=x | 5 7 - 13 + x = | 5:picture 7:picture -:picture 13:picture +:picture x:picture =:picture
EXPR: 0 | POS | INT | 15 | 4 | 11 | x=((13+5)-7) | x 13 5 + 7 - = | x:picture 13:picture 5:picture +:picture 7:picture -:picture =:picture
EXPR: 0 | POS | INT | 15 | 4 | 11 | x=(13+(5-7)) | x 13 5 7 - + = | x:picture 13:picture 5:picture 7:picture -:picture +:picture =:picture
EXPR: 0 | POS | INT | 15 | 4 | 15 | x=(13-(5-7)) | x 13 5 7 - - = | x:picture 13:picture 5:picture 7:picture -:picture -:picture =:picture
EXPR: 0 | POS | INT | 15 | 4 | 56 | x=((13-5)*7) | x 13 5 - 7 * = | x:picture 13:album 5:album -:album 7:picture *:picture =:picture
EXPR: 0 | POS | INT | 15 | 4 | 11 | x=(5-(7-13)) | x 5 7 13 - - = | x:picture 5:picture 7:picture 13:picture -:picture -:picture =:picture
EXPR: 0 | POS | INT | 15 | 4 | 25 | x=(5+(7+13)) | x 5 7 13 + + = | x:picture 5:picture 7:picture 13:picture +:picture +:picture =:picture
EXPR: 0 | POS | INT | 17 | 4 | 11 | 5=((x+7)-13) | 5 x 7 + 13 - = | 5:picture x:picture 7:picture +:picture 13:picture -:picture =:picture
EXPR: 0 | POS | INT | 17 | 4 | 11 | (5+(13-7))=x | 5 13 7 - + x = | 5:picture 13:picture 7:picture -:picture +:picture x:picture =:picture
EXPR: 0 | POS | INT | 17 | 4 | 15 | 13=((5+x)-7) | 13 5 x + 7 - = | 13:picture 5:picture x:picture +:picture 7:picture -:picture =:picture
EXPR: 0 | POS | INT | 17 | 4 | 25 | 13=((x-5)-7) | 13 x 5 - 7 - = | 13:picture x:picture 5:picture -:picture 7:picture -:picture =:picture
EXPR: 0 | POS | INT | 17 | 4 | 15 | (5-(7-x))=13 | 5 7 x - - 13 = | 5:picture 7:picture x:picture -:picture -:picture 13:picture =:picture
EXPR: 0 | POS | INT | 17 | 4 | 1 | (13-(5+x))=7 | 13 5 x + - 7 = | 13:picture 5:picture x:picture +:picture -:picture 7:picture =:picture
EXPR: 0 | POS | INT | 17 | 4 | 15 | ((x-13)+5)=7 | x 13 - 5 + 7 = | x:picture 13:picture -:picture 5:picture +:picture 7:picture =:picture
EXPR: 0 | POS | INT | 17 | 4 | 15 | 13=((x+5)-7) | 13 x 5 + 7 - = | 13:picture x:picture 5:picture +:picture 7:picture -:picture =:picture
EXPR: 0 | POS | INT | 17 | 4 | 1 | ((x+5)+7)=13 | x 5 + 7 + 13 = | x:picture 5:picture +:picture 7:picture +:picture 13:picture =:picture
EXPR: 0 | POS | INT | 17 | 4 | 15 | ((5+x)-7)=13 | 5 x + 7 - 13 = | 5:picture x:picture +:picture 7:picture -:picture 13:picture =:picture
EXPR: 0 | POS | INT | 17 | 4 | 11 | 13=((x-5)+7) | 13 x 5 - 7 + = | 13:picture x:picture 5:picture -:picture 7:picture +:picture =:picture
EXPR: 0 | POS | INT | 17 | 4 | 126 | (x/(13+5))=7 | x 13 5 + / 7 = | x:picture 13:album 5:album +:album /:picture 7:picture =:picture
EXPR: 0 | POS | INT | 17 | 4 | 100 | 5=(x/(7+13)) | 5 x 7 13 + / = | 5:album x:album 7:picture 13:picture +:picture /:album =:album
EXPR: 0 | POS | INT | 17 | 4 | 1 | 13=((5+x)+7) | 13 5 x + 7 + = | 13:picture 5:picture x:picture +:picture 7:picture +:picture =:picture
EXPR: 0 | POS | INT | 17 | 4 | 15 | ((x+5)-7)=13 | x 5 + 7 - 13 = | x:picture 5:picture +:picture 7:picture -:picture 13:picture =:picture
EXPR: 0 | POS | INT | 17 | 4 | 11 | (13+(5-x))=7 | 13 5 x - + 7 = | 13:picture 5:picture x:picture -:picture +:picture 7:picture =:picture
EXPR: 0 | POS | INT | 17 | 4 | 1 | 13=((x+5)+7) | 13 x 5 + 7 + = | 13:picture x:picture 5:picture +:picture 7:picture +:picture =:picture
EXPR: 0 | POS | INT | 17 | 4 | 1 | (5+(x+7))=13 | 5 x 7 + + 13 = | 5:picture x:picture 7:picture +:picture +:picture 13:picture =:picture
EXPR: 0 | POS | INT | 17 | 4 | 100 | (x/5)=(7+13) | x 5 / 7 13 + = | x:picture 5:album /:picture 7:picture 13:picture +:picture =:picture
EXPR: 0 | POS | INT | 17 | 4 | 15 | 5=(7-(x-13)) | 5 7 x 13 - - = | 5:picture 7:picture x:picture 13:picture -:picture -:picture =:picture
EXPR: 0 | POS | INT | 17 | 4 | 11 | 5=(7+(x-13)) | 5 7 x 13 - + = | 5:picture 7:picture x:picture 13:picture -:picture +:picture =:picture
EXPR: 0 | POS | INT | 17 | 4 | 15 | 13=(5-(7-x)) | 13 5 7 x - - = | 13:picture 5:picture 7:picture x:picture -:picture -:picture =:picture
EXPR: 0 | POS | INT | 17 | 4 | 15 | 5=((7-x)+13) | 5 7 x - 13 + = | 5:picture 7:picture x:picture -:picture 13:picture +:picture =:picture
EXPR: 0 | POS | INT | 17 | 4 | 25 | 5=((x-7)-13) | 5 x 7 - 13 - = | 5:picture x:picture 7:picture -:picture 13:picture -:picture =:picture
EXPR: 0 | POS | INT | 17 | 4 | 15 | 5=((7+13)-x) | 5 7 13 + x - = | 5:picture 7:picture 13:picture +:picture x:picture -:picture =:picture
EXPR: 0 | POS | INT | 17 | 4 | 15 | 13=(5+(x-7)) | 13 5 x 7 - + = | 13:picture 5:picture x:picture 7:picture -:picture +:picture =:picture
EXPR: 0 | POS | INT | 17 | 4 | 1 | 13=(5+(x+7)) | 13 5 x 7 + + = | 13:picture 5:picture x:picture 7:picture +:picture +:picture =:picture
EXPR: 0 | POS | INT | 17 | 4 | 15 | (x+(5-7))=13 | x 5 7 - + 13 = | x:picture 5:picture 7:picture -:picture +:picture 13:picture =:picture
EXPR: 0 | POS | INT | 17 | 4 | 11 | ((13+5)-x)=7 | 13 5 + x - 7 = | 13:picture 5:picture +:picture x:picture -:picture 7:picture =:picture
EXPR: 0 | POS | INT | 17 | 4 | 11 | ((13-x)+5)=7 | 13 x - 5 + 7 = | 13:picture x:picture -:picture 5:picture +:picture 7:picture =:picture
EXPR: 0 | POS | INT | 17 | 4 | 11 | 5=(7-(13-x)) | 5 7 13 x - - = | 5:picture 7:picture 13:picture x:picture -:picture -:picture =:picture
EXPR: 0 | POS | INT | 17 | 4 | 11 | (x-(5-7))=13 | x 5 7 - - 13 = | x:picture 5:picture 7:picture -:picture -:picture 13:picture =:picture
EXPR: 0 | POS | INT | 17 | 4 | 25 | (x-(13+5))=7 | x 13 5 + - 7 = | x:picture 13:picture 5:picture +:picture -:picture 7:picture =:picture
EXPR: 0 | POS | INT | 17 | 4 | 15 | 5=(7+(13-x)) | 5 7 13 x - + = | 5:picture 7:picture 13:picture x:picture -:picture +:picture =:picture
EXPR: 1 | POS | INT | 17 | 4 | 4 | (5*x)=(7+13) | 5 x * 7 13 + = | 5:album x:picture *:picture 7:picture 13:picture +:picture =:picture
EXPR: 0 | POS | INT | 17 | 4 | 15 | (x-(13-5))=7 | x 13 5 - - 7 = | x:picture 13:picture 5:picture -:picture -:picture 7:picture =:picture
EXPR: 0 | POS | INT | 17 | 4 | 1 | ((5+x)+7)=13 | 5 x + 7 + 13 = | 5:picture x:picture +:picture 7:picture +:picture 13:picture =:picture
EXPR: 0 | POS | INT | 17 | 4 | 11 | 5=((7+x)-13) | 5 7 x + 13 - = | 5:picture 7:picture x:picture +:picture 13:picture -:picture =:picture
EXPR: 0 | POS | INT | 17 | 4 | 11 | ((x-5)+7)=13 | x 5 - 7 + 13 = | x:picture 5:picture -:picture 7:picture +:picture 13:picture =:picture
EXPR: 0 | POS | INT | 17 | 4 | 15 | 13=((5-7)+x) | 13 5 7 - x + = | 13:picture 5:picture 7:picture -:picture x:picture +:picture =:picture
EXPR: 0 | POS | INT | 17 | 4 | 11 | (13-(x-5))=7 | 13 x 5 - - 7 = | 13:picture x:picture 5:picture -:picture -:picture 7:picture =:picture
EXPR: 0 | POS | INT | 17 | 4 | 11 | 5=(x+(7-13)) | 5 x 7 13 - + = | 5:picture x:picture 7:picture 13:picture -:picture +:picture =:picture
EXPR: 0 | POS | INT | 17 | 4 | 1 | 13=(5+(7+x)) | 13 5 7 x + + = | 13:picture 5:picture 7:picture x:picture +:picture +:picture =:picture
EXPR: 0 | POS | INT | 17 | 4 | 1 | (13-(x+5))=7 | 13 x 5 + - 7 = | 13:picture x:picture 5:picture +:picture -:picture 7:picture =:picture
EXPR: 0 | POS | INT | 17 | 4 | 15 | ((5-7)+x)=13 | 5 7 - x + 13 = | 5:picture 7:picture -:picture x:picture +:picture 13:picture =:picture
EXPR: 0 | POS | INT | 17 | 4 | 72 | (13*5)=(x-7) | 13 5 * x 7 - = | 13:picture 5:album *:picture x:picture 7:picture -:picture =:picture
EXPR: 0 | POS | INT | 17 | 4 | 11 | 13=(x-(5-7)) | 13 x 5 7 - - = | 13:picture x:picture 5:picture 7:picture -:picture -:picture =:picture
EXPR: 0 | POS | INT | 17 | 4 | 25 | ((x-5)-7)=13 | x 5 - 7 - 13 = | x:picture 5:picture -:picture 7:picture -:picture 13:picture =:picture
EXPR: 0 | POS | INT | 17 | 4 | 11 | 5=((7-13)+x) | 5 7 13 - x + = | 5:picture 7:picture 13:picture -:picture x:picture +:picture =:picture
EXPR: 0 | POS | INT | 17 | 4 | 58 | (13*5)=(x+7) | 13 5 * x 7 + = | 13:picture 5:album *:picture x:picture 7:picture +:picture =:picture
EXPR: 0 | POS | INT | 17 | 4 | 25 | 5=(x-(7+13)) | 5 x 7 13 + - = | 5:picture x:picture 7:picture 13:picture +:picture -:picture =:picture
EXPR: 1 | POS | INT | 17 | 4 | 4 | (x*5)=(7+13) | x 5 * 7 13 + = | x:picture 5:album *:picture 7:picture 13:picture +:picture =:picture
EXPR: 0 | POS | INT | 17 | 4 | 25 | ((x-13)-5)=7 | x 13 - 5 - 7 = | x:picture 13:picture -:picture 5:picture -:picture 7:picture =:picture
EXPR: 0 | POS | INT | 17 | 4 | 15 | (5+(x-7))=13 | 5 x 7 - + 13 = | 5:picture x:picture 7:picture -:picture +:picture 13:picture =:picture
EXPR: 0 | POS | INT | 17 | 4 | 58 | (13*5)=(7+x) | 13 5 * 7 x + = | 13:picture 5:album *:picture 7:picture x:picture +:picture =:picture
EXPR: 0 | POS | INT | 17 | 4 | 56 | (x/(13-5))=7 | x 13 5 - / 7 = | x:picture 13:album 5:album -:album /:picture 7:picture =:picture
EXPR: 0 | POS | INT | 17 | 4 | 15 | 13=(x+(5-7)) | 13 x 5 7 - + = | 13:picture x:picture 5:picture 7:picture -:picture +:picture =:picture
EXPR: 0 | POS | INT | 17 | 4 | 1 | ((13-x)-5)=7 | 13 x - 5 - 7 = | 13:picture x:picture -:picture 5:picture -:picture 7:picture =:picture
EXPR: 0 | POS | INT | 17 | 4 | 1 | (5+(7+x))=13 | 5 7 x + + 13 = | 5:picture 7:picture x:picture +:picture +:picture 13:picture =:picture
EXPR: 0 | POS | INT | 17 | 4 | 1 | ((13-5)-x)=7 | 13 5 - x - 7 = | 13:picture 5:picture -:picture x:picture -:picture 7:picture =:picture
EXPR: 0 | POS | INT | 17 | 4 | 11 | x=(5+(13-7)) | x 5 13 7 - + = | x:picture 5:picture 13:picture 7:picture -:picture +:picture =:picture
EXPR: 0 | POS | INT | 19 | 4 | 15 | (5+(x-13))=7 | 5 x 13 - + 7 = | 5:picture x:picture 13:picture -:picture +:picture 7:picture =:picture
EXPR: 0 | POS | INT | 19 | 4 | 11 | (5-(x-13))=7 | 5 x 13 - - 7 = | 5:picture x:picture 13:picture -:picture -:picture 7:picture =:picture
EXPR: 0 | POS | INT | 19 | 4 | 15 | ((5-13)+x)=7 | 5 13 - x + 7 = | 5:picture 13:picture -:picture x:picture +:picture 7:picture =:picture
EXPR: 0 | POS | INT | 19 | 4 | 30 | 5=(x/(13-7)) | 5 x 13 7 - / = | 5:album x:album 13:picture 7:picture -:picture /:album =:album
EXPR: 0 | POS | INT | 19 | 4 | 15 | ((x+5)-13)=7 | x 5 + 13 - 7 = | x:picture 5:picture +:picture 13:picture -:picture 7:picture =:picture
EXPR: 0 | POS | INT | 19 | 4 | 15 | ((5+x)-13)=7 | 5 x + 13 - 7 = | 5:picture x:picture +:picture 13:picture -:picture 7:picture =:picture
EXPR: 0 | POS | INT | 19 | 4 | 1 | 5=(13-(x+7)) | 5 13 x 7 + - = | 5:picture 13:picture x:picture 7:picture +:picture -:picture =:picture
EXPR: 0 | POS | INT | 19 | 4 | 1 | 5=(13-(7+x)) | 5 13 7 x + - = | 5:picture 13:picture 7:picture x:picture +:picture -:picture =:picture
EXPR: 0 | POS | INT | 19 | 4 | 15 | 5=(13-(x-7)) | 5 13 x 7 - - = | 5:picture 13:picture x:picture 7:picture -:picture -:picture =:picture
EXPR: 0 | POS | INT | 19 | 4 | 1 | 5=((13-x)-7) | 5 13 x - 7 - = | 5:picture 13:picture x:picture -:picture 7:picture -:picture =:picture
EXPR: 0 | POS | INT | 19 | 4 | 11 | 5=(x-(13-7)) | 5 x 13 7 - - = | 5:picture x:picture 13:picture 7:picture -:picture -:picture =:picture
EXPR: 0 | POS | INT | 19 | 4 | 15 | 5=(13+(7-x)) | 5 13 7 x - + = | 5:picture 13:picture 7:picture x:picture -:picture +:picture =:picture
EXPR: 0 | POS | INT | 19 | 4 | 15 | 5=((13-x)+7) | 5 13 x - 7 + = | 5:picture 13:picture x:picture -:picture 7:picture +:picture =:picture
EXPR: 0 | POS | INT | 19 | 4 | 11 | ((5-x)+13)=7 | 5 x - 13 + 7 = | 5:picture x:picture -:picture 13:picture +:picture 7:picture =:picture
EXPR: 0 | POS | INT | 19 | 4 | 15 | (x+(5-13))=7 | x 5 13 - + 7 = | x:picture 5:picture 13:picture -:picture +:picture 7:picture =:picture
EXPR: 0 | POS | INT | 19 | 4 | 25 | 5=((x-13)-7) | 5 x 13 - 7 - = | 5:picture x:picture 13:picture -:picture 7:picture -:picture =:picture
EXPR: 0 | POS | INT | 19 | 4 | 11 | 5=((x-13)+7) | 5 x 13 - 7 + = | 5:picture x:picture 13:picture -:picture 7:picture +:picture =:picture
EXPR: 0 | POS | INT | 19 | 4 | 1 | 5=((13-7)-x) | 5 13 7 - x - = | 5:picture 13:picture 7:picture -:picture x:picture -:picture =:picture
EXPR: 0 | POS | INT | 19 | 4 | 25 | ((x-5)-13)=7 | x 5 - 13 - 7 = | x:picture 5:picture -:picture 13:picture -:picture 7:picture =:picture
EXPR: 0 | POS | INT | 19 | 4 | 30 | (x/5)=(13-7) | x 5 / 13 7 - = | x:picture 5:album /:picture 13:picture 7:picture -:picture =:picture
EXPR: 0 | POS | INT | 19 | 4 | 11 | (5+(13-x))=7 | 5 13 x - + 7 = | 5:picture 13:picture x:picture -:picture +:picture 7:picture =:picture
EXPR: 0 | POS | INT | 19 | 4 | 15 | (5-(13-x))=7 | 5 13 x - - 7 = | 5:picture 13:picture x:picture -:picture -:picture 7:picture =:picture
EXPR: 0 | POS | INT | 20 | 4 | 86 | x=((7*13)-5) | x 7 13 * 5 - = | x:album 7:picture 13:album *:album 5:album -:album =:album
NET 301 unique, non-negative, integer-valued solutions found out of 1000 total solutions
