parameters: n=7 l=3 k=1 p=5 q=4 m=9
TOTAL 1000 solutions found
SOLN: CORRECT | POS/NEG | INT/FRA | OBJ-SCORE | TRUE-ANS | ANS | INFIX | POSTFIX | TYPED-POSTFIX
EXPR: 0 | POS | INT | 20 | 6 | 130 | ((5*25)+5)=x | 5 25 * 5 + x = | 5:people 25:student *:student 5:student +:student x:student =:student
EXPR: 0 | POS | INT | 20 | 6 | 150 | x=(5*(25+5)) | x 5 25 5 + * = | x:van 5:people 25:van 5:van +:van *:van =:van
EXPR: 0 | POS | INT | 20 | 6 |  | x=(5-(25/5)) | x 5 25 5 / - = | x:van 5:van 25:van 5:adult /:van -:van =:van
EXPR: 0 | POS | INT | 20 | 6 | 130 | x=((5*25)+5) | x 5 25 * 5 + = | x:van 5:van 25:student *:van 5:van +:van =:van
EXPR: 1 | POS | INT | 20 | 6 | 6 | ((5+25)/5)=x | 5 25 + 5 / x = | 5:van 25:van +:van 5:adult /:van x:van =:van
EXPR: 0 | POS | INT | 20 | 6 | 150 | (5*(25+5))=x | 5 25 5 + * x = | 5:van 25:adult 5:adult +:adult *:van x:van =:van
EXPR: 0 | POS | INT | 20 | 6 | 120 | ((5*25)-5)=x | 5 25 * 5 - x = | 5:people 25:van *:van 5:van -:van x:van =:van
EXPR: 0 | POS | INT | 20 | 6 | 130 | x=(5+(25*5)) | x 5 25 5 * + = | x:student 5:student 25:student 5:adult *:student +:student =:student
EXPR: 0 | POS | INT | 20 | 6 | 150 | x=((5+25)*5) | x 5 25 + 5 * = | x:adult 5:student 25:student +:student 5:adult *:adult =:adult
EXPR: 0 | POS | INT | 20 | 6 | 100 | (5*(25-5))=x | 5 25 5 - * x = | 5:people 25:student 5:student -:student *:student x:student =:student
EXPR: 1 | POS | INT | 20 | 6 | 6 | x=((5+25)/5) | x 5 25 + 5 / = | x:van 5:van 25:van +:van 5:adult /:van =:van
EXPR: 0 | POS | INT | 20 | 6 | 120 | x=((5*25)-5) | x 5 25 * 5 - = | x:adult 5:adult 25:student *:adult 5:adult -:adult =:adult
EXPR: 0 | POS | INT | 20 | 6 | 100 | x=(5*(25-5)) | x 5 25 5 - * = | x:adult 5:people 25:adult 5:adult -:adult *:adult =:adult
EXPR: 0 | POS | INT | 20 | 6 | 150 | ((5+25)*5)=x | 5 25 + 5 * x = | 5:people 25:people +:people 5:van *:van x:van =:van
EXPR: 0 | POS | INT | 20 | 6 | 10 | (5+(25/5))=x | 5 25 5 / + x = | 5:student 25:student 5:adult /:student +:student x:student =:student
EXPR: 0 | POS | INT | 20 | 6 | 0 | (5-(25/5))=x | 5 25 5 / - x = | 5:student 25:student 5:adult /:student -:student x:student =:student
EXPR: 0 | POS | INT | 20 | 6 | 130 | (5+(25*5))=x | 5 25 5 * + x = | 5:adult 25:student 5:adult *:adult +:adult x:adult =:adult
EXPR: 0 | POS | INT | 20 | 6 | 10 | x=(5+(25/5)) | x 5 25 5 / + = | x:people 5:people 25:people 5:adult /:people +:people =:people
EXPR: 0 | POS | INT | 22 | 6 | 0 | ((5-5)/25)=x | 5 5 - 25 / x = | 5:people 5:people -:people 25:student /:people x:people =:people
EXPR: 0 | POS | INT | 22 | 6 | 0 | 5=((25/5)-x) | 5 25 5 / x - = | 5:van 25:van 5:adult /:van x:van -:van =:van
EXPR: 0 | POS | INT | 22 | 6 |  | x=(25*(5-5)) | x 25 5 5 - * = | x:van 25:van 5:adult 5:adult -:adult *:van =:van
EXPR: 0 | POS | INT | 22 | 6 | 10 | x=((25/5)+5) | x 25 5 / 5 + = | x:student 25:student 5:people /:student 5:student +:student =:student
EXPR: 0 | POS | INT | 22 | 6 |  | x=((25/5)-5) | x 25 5 / 5 - = | x:student 25:student 5:people /:student 5:student -:student =:student
EXPR: 0 | POS | INT | 22 | 6 | zoo | (25/(5-5))=x | 25 5 5 - / x = | 25:van 5:people 5:people -:people /:van x:van =:van
EXPR: 0 | POS | INT | 22 | 6 | 50 | x=((5*5)+25) | x 5 5 * 25 + = | x:student 5:student 5:adult *:student 25:student +:student =:student
EXPR: 0 | POS | INT | 22 | 6 | 24 | 5=((25-x)*5) | 5 25 x - 5 * = | 5:van 25:van x:van -:van 5:adult *:van =:van
EXPR: 0 | POS | INT | 22 | 6 | 120 | ((5*25)-x)=5 | 5 25 * x - 5 = | 5:people 25:adult *:adult x:adult -:adult 5:adult =:adult
EXPR: 0 | POS | INT | 22 | 6 | 25 | (x*5)=(25*5) | x 5 * 25 5 * = | x:van 5:student *:student 25:student 5:adult *:student =:student
EXPR: 0 | POS | INT | 22 | 6 | 130 | 5=(x-(25*5)) | 5 x 25 5 * - = | 5:student x:student 25:student 5:adult *:student -:student =:student
EXPR: 0 | POS | INT | 22 | 6 | 130 | (x-(5*25))=5 | x 5 25 * - 5 = | x:adult 5:people 25:adult *:adult -:adult 5:adult =:adult
EXPR: 0 | POS | INT | 22 | 6 | 100 | x=((25-5)*5) | x 25 5 - 5 * = | x:student 25:student 5:student -:student 5:adult *:student =:student
EXPR: 0 | POS | INT | 22 | 6 | 4 | x=((25-5)/5) | x 25 5 - 5 / = | x:student 25:student 5:student -:student 5:adult /:student =:student
EXPR: 0 | POS | INT | 22 | 6 |  | x=((5-5)*25) | x 5 5 - 25 * = | x:student 5:people 5:people -:people 25:student *:student =:student
EXPR: 0 | POS | INT | 22 | 6 |  | (5+(x*25))=5 | 5 x 25 * + 5 = | 5:adult x:adult 25:student *:adult +:adult 5:adult =:adult
EXPR: 0 | POS | INT | 22 | 6 |  | (5+(x/25))=5 | 5 x 25 / + 5 = | 5:adult x:adult 25:student /:adult +:adult 5:adult =:adult
EXPR: 0 | POS | INT | 22 | 6 | 250 | x=(25*(5+5)) | x 25 5 5 + * = | x:people 25:student 5:people 5:people +:people *:people =:people
EXPR: 0 | POS | INT | 22 | 6 | 4 | 5=(25-(5*x)) | 5 25 5 x * - = | 5:student 25:student 5:adult x:student *:student -:student =:student
EXPR: 0 | POS | INT | 22 | 6 | 250 | ((5+5)*25)=x | 5 5 + 25 * x = | 5:people 5:people +:people 25:van *:van x:van =:van
EXPR: 0 | POS | INT | 22 | 6 |  | (5+(25*x))=5 | 5 25 x * + 5 = | 5:people 25:student x:people *:people +:people 5:people =:people
EXPR: 0 | POS | INT | 22 | 6 | 50 | x=(25+(5*5)) | x 25 5 5 * + = | x:student 25:student 5:people 5:student *:student +:student =:student
EXPR: 0 | POS | INT | 22 | 6 | 100 | ((25-5)*5)=x | 25 5 - 5 * x = | 25:people 5:people -:people 5:van *:van x:van =:van
EXPR: 0 | POS | INT | 22 | 6 | 130 | ((x-5)/25)=5 | x 5 - 25 / 5 = | x:adult 5:adult -:adult 25:student /:adult 5:adult =:adult
EXPR: 1 | POS | INT | 22 | 6 | 6 | ((x*5)-25)=5 | x 5 * 25 - 5 = | x:van 5:student *:student 25:student -:student 5:student =:student
EXPR: 0 | POS | INT | 22 | 6 | 10 | ((25/5)+5)=x | 25 5 / 5 + x = | 25:student 5:people /:student 5:student +:student x:student =:student
EXPR: 0 | POS | INT | 22 | 6 | 50 | (25+(5*5))=x | 25 5 5 * + x = | 25:adult 5:people 5:adult *:adult +:adult x:adult =:adult
EXPR: 0 | POS | INT | 22 | 6 | 120 | 5=((25*5)-x) | 5 25 5 * x - = | 5:people 25:student 5:people *:people x:people -:people =:people
EXPR: 1 | POS | INT | 22 | 6 | 6 | 5=((25+5)/x) | 5 25 5 + x / = | 5:student 25:student 5:student +:student x:van /:student =:student
EXPR: 0 | POS | INT | 22 | 6 | 0 | ((5*5)-25)=x | 5 5 * 25 - x = | 5:people 5:adult *:adult 25:adult -:adult x:adult =:adult
EXPR: 0 | POS | INT | 22 | 6 | 25 | (5*x)=(25*5) | 5 x * 25 5 * = | 5:people x:adult *:adult 25:student 5:adult *:adult =:adult
EXPR: 0 | POS | INT | 22 | 6 | zoo | x=(25/(5-5)) | x 25 5 5 - / = | x:student 25:student 5:people 5:people -:people /:student =:student
EXPR: 0 | POS | INT | 22 | 6 | 250 | x=((5+5)*25) | x 5 5 + 25 * = | x:people 5:people 5:people +:people 25:student *:people =:people
EXPR: 0 | POS | INT | 22 | 6 | 1 | (x*5)=(25/5) | x 5 * 25 5 / = | x:van 5:people *:van 25:van 5:adult /:van =:van
EXPR: 0 | POS | INT | 22 | 6 | 150 | ((x/5)-25)=5 | x 5 / 25 - 5 = | x:van 5:people /:van 25:van -:van 5:van =:van
EXPR: 0 | POS | INT | 22 | 6 | 150 | 5=(x/(25+5)) | 5 x 25 5 + / = | 5:van x:van 25:student 5:student +:student /:van =:van
EXPR: 0 | POS | INT | 22 | 6 | 100 | 5=(x/(25-5)) | 5 x 25 5 - / = | 5:van x:van 25:student 5:student -:student /:van =:van
EXPR: 0 | POS | INT | 22 | 6 | 26 | (5*(x-25))=5 | 5 x 25 - * 5 = | 5:people x:student 25:student -:student *:student 5:student =:student
EXPR: 0 | POS | INT | 22 | 6 | 120 | ((x+5)/25)=5 | x 5 + 25 / 5 = | x:van 5:van +:van 25:student /:van 5:van =:van
EXPR: 0 | POS | INT | 22 | 6 | 0 | 5=((x*25)+5) | 5 x 25 * 5 + = | 5:adult x:van 25:adult *:adult 5:adult +:adult =:adult
EXPR: 0 | POS | INT | 22 | 6 | 0 | (25*(5-5))=x | 25 5 5 - * x = | 25:student 5:adult 5:adult -:adult *:adult x:adult =:adult
EXPR: 0 | POS | INT | 22 | 6 | 250 | (25*(5+5))=x | 25 5 5 + * x = | 25:student 5:adult 5:adult +:adult *:adult x:adult =:adult
EXPR: 0 | POS | INT | 22 | 6 |  | x=((5*5)-25) | x 5 5 * 25 - = | x:student 5:people 5:student *:student 25:student -:student =:student
EXPR: 0 | POS | INT | 22 | 6 | 4 | ((25-5)/5)=x | 25 5 - 5 / x = | 25:people 5:people -:people 5:adult /:people x:people =:people
EXPR: 0 | POS | INT | 22 | 6 | 100 | 5=(25-(x/5)) | 5 25 x 5 / - = | 5:student 25:student x:student 5:adult /:student -:student =:student
EXPR: 0 | POS | INT | 22 | 6 | 0 | 5=((25*x)+5) | 5 25 x * 5 + = | 5:people 25:student x:people *:people 5:people +:people =:people
EXPR: 0 | POS | INT | 22 | 6 | 25 | (5*25)=(5*x) | 5 25 * 5 x * = | 5:people 25:van *:van 5:adult x:van *:van =:van
EXPR: 0 | POS | INT | 22 | 6 | 26 | (25+(5/5))=x | 25 5 5 / + x = | 25:student 5:student 5:adult /:student +:student x:student =:student
EXPR: 0 | POS | INT | 22 | 6 | 24 | (25-(5/5))=x | 25 5 5 / - x = | 25:student 5:student 5:adult /:student -:student x:student =:student
EXPR: 0 | POS | INT | 22 | 6 | 0 | ((25/5)-5)=x | 25 5 / 5 - x = | 25:adult 5:people /:adult 5:adult -:adult x:adult =:adult
EXPR: 1 | POS | INT | 22 | 6 | 6 | ((5*x)-25)=5 | 5 x * 25 - 5 = | 5:people x:student *:student 25:student -:student 5:student =:student
EXPR: 0 | POS | INT | 22 | 6 | 0 | 5=((25+x)/5) | 5 25 x + 5 / = | 5:van 25:van x:van +:van 5:adult /:van =:van
EXPR: 0 | POS | INT | 22 | 6 | 0 | 5=((25-x)/5) | 5 25 x - 5 / = | 5:van 25:van x:van -:van 5:adult /:van =:van
EXPR: 0 | POS | INT | 22 | 6 | 0 | ((5-5)*25)=x | 5 5 - 25 * x = | 5:people 5:people -:people 25:student *:student x:student =:student
EXPR: 0 | POS | INT | 22 | 6 | 4 | 5=(25-(x*5)) | 5 25 x 5 * - = | 5:adult 25:adult x:van 5:adult *:adult -:adult =:adult
EXPR: 0 | POS | INT | 22 | 6 | 150 | (x/(5+25))=5 | x 5 25 + / 5 = | x:adult 5:people 25:people +:people /:adult 5:adult =:adult
EXPR: 0 | POS | INT | 22 | 6 | 25 | (5*25)=(x*5) | 5 25 * x 5 * = | 5:people 25:van *:van x:van 5:adult *:van =:van
EXPR: 0 | POS | INT | 22 | 6 | - | (5+(25/x))=5 | 5 25 x / + 5 = | 5:student 25:student x:van /:student +:student 5:student =:student
EXPR: 0 | POS | INT | 22 | 6 |  | x=(25-(5*5)) | x 25 5 5 * - = | x:adult 25:adult 5:people 5:adult *:adult -:adult =:adult
EXPR: 0 | POS | INT | 22 | 6 | 625 | (x/5)=(25*5) | x 5 / 25 5 * = | x:van 5:people /:van 25:student 5:van *:van =:van
EXPR: 0 | POS | INT | 22 | 6 |  | (5-(25*x))=5 | 5 25 x * - 5 = | 5:people 25:student x:people *:people -:people 5:people =:people
EXPR: 0 | POS | INT | 22 | 6 | 24 | (5*(25-x))=5 | 5 25 x - * 5 = | 5:adult 25:van x:van -:van *:adult 5:adult =:adult
EXPR: 0 | POS | INT | 22 | 6 | 50 | ((5*5)+25)=x | 5 5 * 25 + x = | 5:people 5:student *:student 25:student +:student x:student =:student
EXPR: 0 | POS | INT | 22 | 6 | 0 | 5=(25/(x+5)) | 5 25 x 5 + / = | 5:people 25:people x:adult 5:adult +:adult /:people =:people
EXPR: 0 | POS | INT | 22 | 6 | 10 | 5=(25/(x-5)) | 5 25 x 5 - / = | 5:people 25:people x:adult 5:adult -:adult /:people =:people
EXPR: 0 | POS | INT | 22 | 6 | 26 | (5/(x-25))=5 | 5 x 25 - / 5 = | 5:people x:van 25:van -:van /:people 5:people =:people
EXPR: 0 | POS | INT | 22 | 6 |  | (5-(x*25))=5 | 5 x 25 * - 5 = | 5:van x:van 25:student *:van -:van 5:van =:van
EXPR: 0 | POS | INT | 22 | 6 |  | (5-(x/25))=5 | 5 x 25 / - 5 = | 5:van x:van 25:student /:van -:van 5:van =:van
EXPR: 0 | POS | INT | 22 | 6 | - | 5=((25/x)+5) | 5 25 x / 5 + = | 5:people 25:people x:van /:people 5:people +:people =:people
EXPR: 0 | POS | INT | 22 | 6 | 10 | 5=(x-(25/5)) | 5 x 25 5 / - = | 5:student x:student 25:student 5:adult /:student -:student =:student
EXPR: 0 | POS | INT | 22 | 6 | 24 | x=(25-(5/5)) | x 25 5 5 / - = | x:van 25:van 5:van 5:adult /:van -:van =:van
EXPR: 0 | POS | INT | 22 | 6 | 26 | x=(25+(5/5)) | x 25 5 5 / + = | x:van 25:van 5:van 5:adult /:van +:van =:van
EXPR: 0 | POS | INT | 22 | 6 | 0 | (25-(5*5))=x | 25 5 5 * - x = | 25:adult 5:people 5:adult *:adult -:adult x:adult =:adult
EXPR: 0 | POS | INT | 22 | 6 | 0 | 5=(x+(25/5)) | 5 x 25 5 / + = | 5:people x:people 25:people 5:adult /:people +:people =:people
EXPR: 0 | POS | INT | 22 | 6 | 24 | (5/(25-x))=5 | 5 25 x - / 5 = | 5:people 25:student x:student -:student /:people 5:people =:people
EXPR: 0 | POS | INT | 22 | 6 | 26 | 5=((x-25)*5) | 5 x 25 - 5 * = | 5:student x:student 25:student -:student 5:adult *:student =:student
EXPR: 0 | POS | INT | 22 | 6 | 4 | 5=((25-5)/x) | 5 25 5 - x / = | 5:adult 25:adult 5:adult -:adult x:van /:adult =:adult
EXPR: 0 | POS | INT | 22 | 6 | 1 | (5*x)=(25/5) | 5 x * 25 5 / = | 5:people x:van *:van 25:van 5:adult /:van =:van
EXPR: 0 | POS | INT | 22 | 6 | 0 | 5=((x+25)/5) | 5 x 25 + 5 / = | 5:student x:student 25:student +:student 5:adult /:student =:student
EXPR: 1 | POS | INT | 22 | 6 | 6 | ((5+25)/x)=5 | 5 25 + x / 5 = | 5:student 25:student +:student x:van /:student 5:student =:student
EXPR: 0 | POS | INT | 22 | 6 | 50 | 5=((x-25)/5) | 5 x 25 - 5 / = | 5:student x:student 25:student -:student 5:adult /:student =:student
EXPR: 0 | POS | INT | 22 | 6 | 0 | 5=(25/(5+x)) | 5 25 5 x + / = | 5:people 25:people 5:van x:van +:van /:people =:people
EXPR: 0 | POS | INT | 22 | 6 | 26 | x=((5/5)+25) | x 5 5 / 25 + = | x:student 5:student 5:adult /:student 25:student +:student =:student
EXPR: 0 | POS | INT | 22 | 6 | 25 | (5/25)=(5/x) | 5 25 / 5 x / = | 5:people 25:student /:people 5:people x:van /:people =:people
EXPR: 0 | POS | INT | 22 | 6 | 0 | 5=(25/(5-x)) | 5 25 5 x - / = | 5:student 25:student 5:adult x:adult -:adult /:student =:student
EXPR: 0 | POS | INT | 22 | 6 | - | (5-(25/x))=5 | 5 25 x / - 5 = | 5:student 25:student x:van /:student -:student 5:student =:student
EXPR: 0 | POS | INT | 22 | 6 | 25 | (x/5)=(25/5) | x 5 / 25 5 / = | x:van 5:people /:van 25:van 5:adult /:van =:van
EXPR: 0 | POS | INT | 22 | 6 |  | x=((5-5)/25) | x 5 5 - 25 / = | x:adult 5:adult 5:adult -:adult 25:student /:adult =:adult
EXPR: 0 | POS | INT | 22 | 6 | 120 | ((5+x)/25)=5 | 5 x + 25 / 5 = | 5:van x:van +:van 25:student /:van 5:van =:van
EXPR: 0 | POS | INT | 22 | 6 | 625 | (5*25)=(x/5) | 5 25 * x 5 / = | 5:van 25:student *:van x:van 5:adult /:van =:van
EXPR: 0 | POS | INT | 24 | 6 | 0 | 5=(5-(x*25)) | 5 5 x 25 * - = | 5:van 5:van x:van 25:student *:van -:van =:van
EXPR: 0 | POS | INT | 24 | 6 | 1 | (x*25)=(5*5) | x 25 * 5 5 * = | x:van 25:student *:student 5:people 5:student *:student =:student
EXPR: 0 | POS | INT | 24 | 6 |  | ((x+5)*5)=25 | x 5 + 5 * 25 = | x:people 5:people +:people 5:adult *:adult 25:adult =:adult
EXPR: 0 | POS | INT | 24 | 6 | 10 | (25/(x-5))=5 | 25 x 5 - / 5 = | 25:student x:van 5:van -:van /:student 5:student =:student
EXPR: 0 | POS | INT | 24 | 6 | 10 | (5*(x-5))=25 | 5 x 5 - * 25 = | 5:student x:van 5:van -:van *:student 25:student =:student
EXPR: 0 | POS | INT | 24 | 6 | - | (x*(5-5))=25 | x 5 5 - * 25 = | x:student 5:adult 5:adult -:adult *:student 25:student =:student
EXPR: 1 | POS | INT | 24 | 6 | 6 | ((x*5)-5)=25 | x 5 * 5 - 25 = | x:van 5:adult *:adult 5:adult -:adult 25:adult =:adult
EXPR: 1 | POS | INT | 24 | 6 | 6 | 25=((x*5)-5) | 25 x 5 * 5 - = | 25:adult x:van 5:adult *:adult 5:adult -:adult =:adult
EXPR: 1 | POS | INT | 24 | 6 | 6 | ((5*x)-5)=25 | 5 x * 5 - 25 = | 5:people x:student *:student 5:student -:student 25:student =:student
EXPR: 0 | POS | INT | 24 | 6 | 100 | (x/(25-5))=5 | x 25 5 - / 5 = | x:adult 25:student 5:student -:student /:adult 5:adult =:adult
EXPR: 0 | POS | INT | 24 | 6 | 50 | (x-(5*5))=25 | x 5 5 * - 25 = | x:adult 5:people 5:adult *:adult -:adult 25:adult =:adult
EXPR: 0 | POS | INT | 24 | 6 |  | ((5*5)-x)=25 | 5 5 * x - 25 = | 5:people 5:student *:student x:student -:student 25:student =:student
EXPR: 0 | POS | INT | 24 | 6 | - | ((5-5)/x)=25 | 5 5 - x / 25 = | 5:student 5:student -:student x:van /:student 25:student =:student
EXPR: 0 | POS | INT | 24 | 6 |  | (5*(5-x))=25 | 5 5 x - * 25 = | 5:people 5:student x:student -:student *:student 25:student =:student
EXPR: 0 | POS | INT | 24 | 6 | 4 | (5+(x*5))=25 | 5 x 5 * + 25 = | 5:adult x:van 5:adult *:adult +:adult 25:adult =:adult
EXPR: 0 | POS | INT | 24 | 6 |  | ((25-x)/5)=5 | 25 x - 5 / 5 = | 25:student x:student -:student 5:people /:student 5:student =:student
EXPR: 0 | POS | INT | 24 | 6 | 0 | 25=((x+5)*5) | 25 x 5 + 5 * = | 25:student x:van 5:van +:van 5:student *:student =:student
EXPR: 1 | POS | INT | 24 | 6 | 6 | 5=((5*x)-25) | 5 5 x * 25 - = | 5:student 5:adult x:student *:student 25:student -:student =:student
EXPR: 0 | POS | INT | 24 | 6 | 0 | 25=((5*5)-x) | 25 5 5 * x - = | 25:adult 5:people 5:adult *:adult x:adult -:adult =:adult
EXPR: 0 | POS | INT | 24 | 6 | 4 | ((25-5)/x)=5 | 25 5 - x / 5 = | 25:student 5:student -:student x:van /:student 5:student =:student
EXPR: 0 | POS | INT | 24 | 6 | 130 | ((x-5)/5)=25 | x 5 - 5 / 25 = | x:student 5:student -:student 5:adult /:student 25:student =:student
EXPR: 0 | POS | INT | 24 | 6 | 4 | (5+(5*x))=25 | 5 5 x * + 25 = | 5:adult 5:adult x:van *:adult +:adult 25:adult =:adult
EXPR: 0 | POS | INT | 24 | 6 | 24 | 5=(5*(25-x)) | 5 5 25 x - * = | 5:people 5:people 25:student x:student -:student *:people =:people
EXPR: 0 | POS | INT | 24 | 6 | 50 | ((x-25)/5)=5 | x 25 - 5 / 5 = | x:student 25:student -:student 5:people /:student 5:student =:student
EXPR: 0 | POS | INT | 24 | 6 | - | (x/(5-5))=25 | x 5 5 - / 25 = | x:student 5:adult 5:adult -:adult /:student 25:student =:student
EXPR: 0 | POS | INT | 24 | 6 | 100 | ((x/5)+5)=25 | x 5 / 5 + 25 = | x:van 5:people /:van 5:van +:van 25:van =:van
EXPR: 0 | POS | INT | 24 | 6 | 150 | ((x/5)-5)=25 | x 5 / 5 - 25 = | x:van 5:people /:van 5:van -:van 25:van =:van
EXPR: 0 | POS | INT | 24 | 6 | 25 | (5/5)=(25/x) | 5 5 / 25 x / = | 5:people 5:adult /:people 25:people x:van /:people =:people
EXPR: 0 | POS | INT | 24 | 6 | 50 | 25=(x-(5*5)) | 25 x 5 5 * - = | 25:people x:people 5:people 5:adult *:people -:people =:people
EXPR: 0 | POS | INT | 24 | 6 | 120 | ((x+5)/5)=25 | x 5 + 5 / 25 = | x:van 5:van +:van 5:adult /:van 25:van =:van
EXPR: 0 | POS | INT | 24 | 6 | 120 | 25=((x+5)/5) | 25 x 5 + 5 / = | 25:student x:student 5:student +:student 5:adult /:student =:student
EXPR: 0 | POS | INT | 24 | 6 | 130 | 25=((x-5)/5) | 25 x 5 - 5 / = | 25:student x:student 5:student -:student 5:adult /:student =:student
EXPR: 0 | POS | INT | 24 | 6 | 0 | 5=(5+(x*25)) | 5 5 x 25 * + = | 5:van 5:van x:van 25:student *:van +:van =:van
EXPR: 0 | POS | INT | 24 | 6 | 4 | 25=(5+(5*x)) | 25 5 5 x * + = | 25:people 5:people 5:people x:van *:people +:people =:people
EXPR: 0 | POS | INT | 24 | 6 | 10 | 25=(5*(x-5)) | 25 5 x 5 - * = | 25:student 5:student x:adult 5:adult -:adult *:student =:student
EXPR: 0 | POS | INT | 24 | 6 | 26 | ((x-25)*5)=5 | x 25 - 5 * 5 = | x:adult 25:adult -:adult 5:people *:adult 5:adult =:adult
EXPR: 0 | POS | INT | 24 | 6 | 1 | (5*5)=(25*x) | 5 5 * 25 x * = | 5:people 5:van *:van 25:student x:van *:van =:van
EXPR: 0 | POS | INT | 24 | 6 | 1 | (25*x)=(5*5) | 25 x * 5 5 * = | 25:student x:van *:van 5:van 5:adult *:van =:van
EXPR: 0 | POS | INT | 24 | 6 | 26 | 25=(x-(5/5)) | 25 x 5 5 / - = | 25:van x:van 5:van 5:adult /:van -:van =:van
EXPR: 0 | POS | INT | 24 | 6 | 24 | 25=(x+(5/5)) | 25 x 5 5 / + = | 25:van x:van 5:van 5:adult /:van +:van =:van
EXPR: 0 | POS | INT | 24 | 6 | 1 | (25/5)=(5*x) | 25 5 / 5 x * = | 25:van 5:people /:van 5:adult x:van *:van =:van
EXPR: 0 | POS | INT | 24 | 6 | 0 | 25=(x+(5*5)) | 25 x 5 5 * + = | 25:van x:van 5:van 5:adult *:van +:van =:van
EXPR: 0 | POS | INT | 24 | 6 | 1 | (5*5)=(x*25) | 5 5 * x 25 * = | 5:people 5:adult *:adult x:adult 25:student *:adult =:adult
EXPR: 0 | POS | INT | 24 | 6 |  | (x+(5*5))=25 | x 5 5 * + 25 = | x:van 5:van 5:adult *:van +:van 25:van =:van
EXPR: 0 | POS | INT | 24 | 6 | 0 | (25/(x+5))=5 | 25 x 5 + / 5 = | 25:adult x:van 5:van +:van /:adult 5:adult =:adult
EXPR: 0 | POS | INT | 24 | 6 | 250 | (x/(5+5))=25 | x 5 5 + / 25 = | x:van 5:people 5:people +:people /:van 25:van =:van
EXPR: 0 | POS | INT | 24 | 6 | 100 | (5+(x/5))=25 | 5 x 5 / + 25 = | 5:van x:van 5:adult /:van +:van 25:van =:van
NET 155 unique, non-negative, integer-valued solutions found out of 1000 total solutions
