parameters: n=7 l=3 k=1 p=5 q=1 m=9
TOTAL 480 solutions found
SOLN: CORRECT | POS/NEG | INT/FRA | OBJ-SCORE | TRUE-ANS | ANS | INFIX | POSTFIX | TYPED-POSTFIX
EXPR: 0 | POS | INT | 0 | 5 | 48 | (3+(37+8))=x | 3 37 8 + + x = | 3:dollar 37:dollar 8:dollar +:dollar +:dollar x:dollar =:dollar
EXPR: 0 | POS | INT | 0 | 5 | 32 | x=(3+(37-8)) | x 3 37 8 - + = | x:dollar 3:dollar 37:dollar 8:dollar -:dollar +:dollar =:dollar
EXPR: 0 | POS | INT | 0 | 5 | 48 | x=(3+(37+8)) | x 3 37 8 + + = | x:dollar 3:dollar 37:dollar 8:dollar +:dollar +:dollar =:dollar
EXPR: 0 | POS | INT | 0 | 5 | 32 | (3+(37-8))=x | 3 37 8 - + x = | 3:dollar 37:dollar 8:dollar -:dollar +:dollar x:dollar =:dollar
EXPR: 0 | POS | INT | 0 | 5 | 32 | ((3+37)-8)=x | 3 37 + 8 - x = | 3:dollar 37:dollar +:dollar 8:dollar -:dollar x:dollar =:dollar
EXPR: 0 | POS | INT | 0 | 5 | 32 | x=((3+37)-8) | x 3 37 + 8 - = | x:dollar 3:dollar 37:dollar +:dollar 8:dollar -:dollar =:dollar
EXPR: 0 | POS | INT | 0 | 5 | 48 | x=((3+37)+8) | x 3 37 + 8 + = | x:dollar 3:dollar 37:dollar +:dollar 8:dollar +:dollar =:dollar
EXPR: 0 | POS | INT | 0 | 5 | 48 | ((3+37)+8)=x | 3 37 + 8 + x = | 3:dollar 37:dollar +:dollar 8:dollar +:dollar x:dollar =:dollar
EXPR: 0 | POS | INT | 2 | 5 | 42 | x=(37-(3-8)) | x 37 3 8 - - = | x:dollar 37:dollar 3:dollar 8:dollar -:dollar -:dollar =:dollar
EXPR: 0 | POS | INT | 2 | 5 | 26 | x=(37-(3+8)) | x 37 3 8 + - = | x:dollar 37:dollar 3:dollar 8:dollar +:dollar -:dollar =:dollar
EXPR: 0 | POS | INT | 2 | 5 | 32 | x=(3-(8-37)) | x 3 8 37 - - = | x:dollar 3:dollar 8:dollar 37:dollar -:dollar -:dollar =:dollar
EXPR: 0 | POS | INT | 2 | 5 | 42 | 3=(37-(x-8)) | 3 37 x 8 - - = | 3:dollar 37:dollar x:dollar 8:dollar -:dollar -:dollar =:dollar
EXPR: 0 | POS | INT | 2 | 5 | 32 | (3-(x-37))=8 | 3 x 37 - - 8 = | 3:dollar x:dollar 37:dollar -:dollar -:dollar 8:dollar =:dollar
EXPR: 0 | POS | INT | 2 | 5 | 32 | x=(37+(3-8)) | x 37 3 8 - + = | x:dollar 37:dollar 3:dollar 8:dollar -:dollar +:dollar =:dollar
EXPR: 0 | POS | INT | 2 | 5 | 48 | ((3+8)+37)=x | 3 8 + 37 + x = | 3:dollar 8:dollar +:dollar 37:dollar +:dollar x:dollar =:dollar
EXPR: 0 | POS | INT | 2 | 5 | 32 | (3-(8-37))=x | 3 8 37 - - x = | 3:dollar 8:dollar 37:dollar -:dollar -:dollar x:dollar =:dollar
EXPR: 0 | POS | INT | 2 | 5 | 26 | ((37-3)-8)=x | 37 3 - 8 - x = | 37:dollar 3:dollar -:dollar 8:dollar -:dollar x:dollar =:dollar
EXPR: 0 | POS | INT | 2 | 5 | 26 | 3=((37-8)-x) | 3 37 8 - x - = | 3:dollar 37:dollar 8:dollar -:dollar x:dollar -:dollar =:dollar
EXPR: 0 | POS | INT | 2 | 5 | 48 | x=((3+8)+37) | x 3 8 + 37 + = | x:dollar 3:dollar 8:dollar +:dollar 37:dollar +:dollar =:dollar
EXPR: 0 | POS | INT | 2 | 5 | 48 | x=(37+(3+8)) | x 37 3 8 + + = | x:dollar 37:dollar 3:dollar 8:dollar +:dollar +:dollar =:dollar
EXPR: 0 | POS | INT | 2 | 5 | 26 | x=((37-3)-8) | x 37 3 - 8 - = | x:dollar 37:dollar 3:dollar -:dollar 8:dollar -:dollar =:dollar
EXPR: 0 | POS | INT | 2 | 5 | 42 | ((x+3)-37)=8 | x 3 + 37 - 8 = | x:dollar 3:dollar +:dollar 37:dollar -:dollar 8:dollar =:dollar
EXPR: 0 | POS | INT | 2 | 5 | 32 | x=((3-8)+37) | x 3 8 - 37 + = | x:dollar 3:dollar 8:dollar -:dollar 37:dollar +:dollar =:dollar
EXPR: 0 | POS | INT | 2 | 5 | 26 | (37-(3+8))=x | 37 3 8 + - x = | 37:dollar 3:dollar 8:dollar +:dollar -:dollar x:dollar =:dollar
EXPR: 0 | POS | INT | 2 | 5 | 48 | (x-(3+37))=8 | x 3 37 + - 8 = | x:dollar 3:dollar 37:dollar +:dollar -:dollar 8:dollar =:dollar
EXPR: 0 | POS | INT | 2 | 5 | 42 | (x+(3-37))=8 | x 3 37 - + 8 = | x:dollar 3:dollar 37:dollar -:dollar +:dollar 8:dollar =:dollar
EXPR: 0 | POS | INT | 2 | 5 | 42 | 3=(37+(8-x)) | 3 37 8 x - + = | 3:dollar 37:dollar 8:dollar x:dollar -:dollar +:dollar =:dollar
EXPR: 0 | POS | INT | 2 | 5 | 42 | ((37-3)+8)=x | 37 3 - 8 + x = | 37:dollar 3:dollar -:dollar 8:dollar +:dollar x:dollar =:dollar
EXPR: 0 | POS | INT | 2 | 5 | 32 | ((3-8)+37)=x | 3 8 - 37 + x = | 3:dollar 8:dollar -:dollar 37:dollar +:dollar x:dollar =:dollar
EXPR: 0 | POS | INT | 2 | 5 | 26 | 3=((37-x)-8) | 3 37 x - 8 - = | 3:dollar 37:dollar x:dollar -:dollar 8:dollar -:dollar =:dollar
EXPR: 0 | POS | INT | 2 | 5 | 42 | x=((37-3)+8) | x 37 3 - 8 + = | x:dollar 37:dollar 3:dollar -:dollar 8:dollar +:dollar =:dollar
EXPR: 0 | POS | INT | 2 | 5 | 42 | 3=((37-x)+8) | 3 37 x - 8 + = | 3:dollar 37:dollar x:dollar -:dollar 8:dollar +:dollar =:dollar
EXPR: 0 | POS | INT | 2 | 5 | 32 | ((3+37)-x)=8 | 3 37 + x - 8 = | 3:dollar 37:dollar +:dollar x:dollar -:dollar 8:dollar =:dollar
EXPR: 0 | POS | INT | 2 | 5 | 48 | 3=((x-37)-8) | 3 x 37 - 8 - = | 3:dollar x:dollar 37:dollar -:dollar 8:dollar -:dollar =:dollar
EXPR: 0 | POS | INT | 2 | 5 | 32 | 3=((x-37)+8) | 3 x 37 - 8 + = | 3:dollar x:dollar 37:dollar -:dollar 8:dollar +:dollar =:dollar
EXPR: 0 | POS | INT | 2 | 5 | 42 | (3+(x-37))=8 | 3 x 37 - + 8 = | 3:dollar x:dollar 37:dollar -:dollar +:dollar 8:dollar =:dollar
EXPR: 0 | POS | INT | 2 | 5 | 32 | (37+(3-8))=x | 37 3 8 - + x = | 37:dollar 3:dollar 8:dollar -:dollar +:dollar x:dollar =:dollar
EXPR: 0 | POS | INT | 2 | 5 | 26 | 3=(37-(x+8)) | 3 37 x 8 + - = | 3:dollar 37:dollar x:dollar 8:dollar +:dollar -:dollar =:dollar
EXPR: 0 | POS | INT | 2 | 5 | 26 | 3=(37-(8+x)) | 3 37 8 x + - = | 3:dollar 37:dollar 8:dollar x:dollar +:dollar -:dollar =:dollar
EXPR: 0 | POS | INT | 2 | 5 | 42 | 3=((37+8)-x) | 3 37 8 + x - = | 3:dollar 37:dollar 8:dollar +:dollar x:dollar -:dollar =:dollar
EXPR: 0 | POS | INT | 2 | 5 | 48 | ((x-3)-37)=8 | x 3 - 37 - 8 = | x:dollar 3:dollar -:dollar 37:dollar -:dollar 8:dollar =:dollar
EXPR: 0 | POS | INT | 2 | 5 | 42 | ((3-37)+x)=8 | 3 37 - x + 8 = | 3:dollar 37:dollar -:dollar x:dollar +:dollar 8:dollar =:dollar
EXPR: 0 | POS | INT | 2 | 5 | 42 | (37-(3-8))=x | 37 3 8 - - x = | 37:dollar 3:dollar 8:dollar -:dollar -:dollar x:dollar =:dollar
EXPR: 0 | POS | INT | 2 | 5 | 48 | (37+(3+8))=x | 37 3 8 + + x = | 37:dollar 3:dollar 8:dollar +:dollar +:dollar x:dollar =:dollar
EXPR: 0 | POS | INT | 2 | 5 | 32 | 3=(x-(37-8)) | 3 x 37 8 - - = | 3:dollar x:dollar 37:dollar 8:dollar -:dollar -:dollar =:dollar
EXPR: 0 | POS | INT | 2 | 5 | 48 | 3=(x-(37+8)) | 3 x 37 8 + - = | 3:dollar x:dollar 37:dollar 8:dollar +:dollar -:dollar =:dollar
EXPR: 0 | POS | INT | 2 | 5 | 32 | (3+(37-x))=8 | 3 37 x - + 8 = | 3:dollar 37:dollar x:dollar -:dollar +:dollar 8:dollar =:dollar
EXPR: 0 | POS | INT | 2 | 5 | 42 | ((3+x)-37)=8 | 3 x + 37 - 8 = | 3:dollar x:dollar +:dollar 37:dollar -:dollar 8:dollar =:dollar
EXPR: 0 | POS | INT | 2 | 5 | 32 | ((3-x)+37)=8 | 3 x - 37 + 8 = | 3:dollar x:dollar -:dollar 37:dollar +:dollar 8:dollar =:dollar
EXPR: 0 | POS | INT | 2 | 5 | 42 | (3-(37-x))=8 | 3 37 x - - 8 = | 3:dollar 37:dollar x:dollar -:dollar -:dollar 8:dollar =:dollar
EXPR: 0 | POS | INT | 4 | 5 | 42 | 37=(3-(8-x)) | 37 3 8 x - - = | 37:dollar 3:dollar 8:dollar x:dollar -:dollar -:dollar =:dollar
EXPR: 0 | POS | INT | 4 | 5 | 42 | ((x+3)-8)=37 | x 3 + 8 - 37 = | x:dollar 3:dollar +:dollar 8:dollar -:dollar 37:dollar =:dollar
EXPR: 0 | POS | INT | 4 | 5 | 32 | (37-(x-3))=8 | 37 x 3 - - 8 = | 37:dollar x:dollar 3:dollar -:dollar -:dollar 8:dollar =:dollar
EXPR: 0 | POS | INT | 4 | 5 | 48 | (x-(3+8))=37 | x 3 8 + - 37 = | x:dollar 3:dollar 8:dollar +:dollar -:dollar 37:dollar =:dollar
EXPR: 0 | POS | INT | 4 | 5 | 32 | (x-(3-8))=37 | x 3 8 - - 37 = | x:dollar 3:dollar 8:dollar -:dollar -:dollar 37:dollar =:dollar
EXPR: 0 | POS | INT | 4 | 5 | 42 | (x+(3-8))=37 | x 3 8 - + 37 = | x:dollar 3:dollar 8:dollar -:dollar +:dollar 37:dollar =:dollar
EXPR: 0 | POS | INT | 4 | 5 | 42 | 37=((3-8)+x) | 37 3 8 - x + = | 37:dollar 3:dollar 8:dollar -:dollar x:dollar +:dollar =:dollar
EXPR: 0 | POS | INT | 4 | 5 | 48 | 3=((x-8)-37) | 3 x 8 - 37 - = | 3:dollar x:dollar 8:dollar -:dollar 37:dollar -:dollar =:dollar
EXPR: 0 | POS | INT | 4 | 5 | 26 | 37=((3+8)+x) | 37 3 8 + x + = | 37:dollar 3:dollar 8:dollar +:dollar x:dollar +:dollar =:dollar
EXPR: 0 | POS | INT | 4 | 5 | 42 | 37=(3+(x-8)) | 37 3 x 8 - + = | 37:dollar 3:dollar x:dollar 8:dollar -:dollar +:dollar =:dollar
EXPR: 0 | POS | INT | 4 | 5 | 32 | 3=((x+8)-37) | 3 x 8 + 37 - = | 3:dollar x:dollar 8:dollar +:dollar 37:dollar -:dollar =:dollar
EXPR: 0 | POS | INT | 4 | 5 | 26 | (x+(3+8))=37 | x 3 8 + + 37 = | x:dollar 3:dollar 8:dollar +:dollar +:dollar 37:dollar =:dollar
EXPR: 0 | POS | INT | 4 | 5 | 26 | ((37-3)-x)=8 | 37 3 - x - 8 = | 37:dollar 3:dollar -:dollar x:dollar -:dollar 8:dollar =:dollar
EXPR: 0 | POS | INT | 4 | 5 | 32 | (37+(3-x))=8 | 37 3 x - + 8 = | 37:dollar 3:dollar x:dollar -:dollar +:dollar 8:dollar =:dollar
EXPR: 0 | POS | INT | 4 | 5 | 48 | 37=((x-3)-8) | 37 x 3 - 8 - = | 37:dollar x:dollar 3:dollar -:dollar 8:dollar -:dollar =:dollar
EXPR: 0 | POS | INT | 4 | 5 | 42 | (x-(37-3))=8 | x 37 3 - - 8 = | x:dollar 37:dollar 3:dollar -:dollar -:dollar 8:dollar =:dollar
EXPR: 0 | POS | INT | 4 | 5 | 26 | (37-(3+x))=8 | 37 3 x + - 8 = | 37:dollar 3:dollar x:dollar +:dollar -:dollar 8:dollar =:dollar
EXPR: 0 | POS | INT | 4 | 5 | 42 | 37=((x+3)-8) | 37 x 3 + 8 - = | 37:dollar x:dollar 3:dollar +:dollar 8:dollar -:dollar =:dollar
EXPR: 0 | POS | INT | 4 | 5 | 26 | ((3+8)+x)=37 | 3 8 + x + 37 = | 3:dollar 8:dollar +:dollar x:dollar +:dollar 37:dollar =:dollar
EXPR: 0 | POS | INT | 4 | 5 | 42 | 3=(8-(x-37)) | 3 8 x 37 - - = | 3:dollar 8:dollar x:dollar 37:dollar -:dollar -:dollar =:dollar
EXPR: 0 | POS | INT | 4 | 5 | 42 | 37=((3+x)-8) | 37 3 x + 8 - = | 37:dollar 3:dollar x:dollar +:dollar 8:dollar -:dollar =:dollar
EXPR: 0 | POS | INT | 4 | 5 | 42 | ((3-8)+x)=37 | 3 8 - x + 37 = | 3:dollar 8:dollar -:dollar x:dollar +:dollar 37:dollar =:dollar
EXPR: 0 | POS | INT | 4 | 5 | 42 | ((x-37)+3)=8 | x 37 - 3 + 8 = | x:dollar 37:dollar -:dollar 3:dollar +:dollar 8:dollar =:dollar
EXPR: 0 | POS | INT | 4 | 5 | 26 | (37-(x+3))=8 | 37 x 3 + - 8 = | 37:dollar x:dollar 3:dollar +:dollar -:dollar 8:dollar =:dollar
EXPR: 0 | POS | INT | 4 | 5 | 26 | 37=(3+(x+8)) | 37 3 x 8 + + = | 37:dollar 3:dollar x:dollar 8:dollar +:dollar +:dollar =:dollar
EXPR: 0 | POS | INT | 4 | 5 | 26 | 37=((3+x)+8) | 37 3 x + 8 + = | 37:dollar 3:dollar x:dollar +:dollar 8:dollar +:dollar =:dollar
EXPR: 0 | POS | INT | 4 | 5 | 26 | 37=(3+(8+x)) | 37 3 8 x + + = | 37:dollar 3:dollar 8:dollar x:dollar +:dollar +:dollar =:dollar
EXPR: 0 | POS | INT | 4 | 5 | 32 | 3=(8+(x-37)) | 3 8 x 37 - + = | 3:dollar 8:dollar x:dollar 37:dollar -:dollar +:dollar =:dollar
EXPR: 0 | POS | INT | 4 | 5 | 32 | 3=(8-(37-x)) | 3 8 37 x - - = | 3:dollar 8:dollar 37:dollar x:dollar -:dollar -:dollar =:dollar
EXPR: 0 | POS | INT | 4 | 5 | 42 | 3=(8+(37-x)) | 3 8 37 x - + = | 3:dollar 8:dollar 37:dollar x:dollar -:dollar +:dollar =:dollar
EXPR: 0 | POS | INT | 4 | 5 | 42 | 3=((8-x)+37) | 3 8 x - 37 + = | 3:dollar 8:dollar x:dollar -:dollar 37:dollar +:dollar =:dollar
EXPR: 0 | POS | INT | 4 | 5 | 48 | ((x-37)-3)=8 | x 37 - 3 - 8 = | x:dollar 37:dollar -:dollar 3:dollar -:dollar 8:dollar =:dollar
EXPR: 0 | POS | INT | 4 | 5 | 26 | ((3+x)+8)=37 | 3 x + 8 + 37 = | 3:dollar x:dollar +:dollar 8:dollar +:dollar 37:dollar =:dollar
EXPR: 0 | POS | INT | 4 | 5 | 48 | ((x-3)-8)=37 | x 3 - 8 - 37 = | x:dollar 3:dollar -:dollar 8:dollar -:dollar 37:dollar =:dollar
EXPR: 0 | POS | INT | 4 | 5 | 42 | (3+(x-8))=37 | 3 x 8 - + 37 = | 3:dollar x:dollar 8:dollar -:dollar +:dollar 37:dollar =:dollar
EXPR: 0 | POS | INT | 4 | 5 | 32 | 3=((8+x)-37) | 3 8 x + 37 - = | 3:dollar 8:dollar x:dollar +:dollar 37:dollar -:dollar =:dollar
EXPR: 0 | POS | INT | 4 | 5 | 26 | 37=((x+3)+8) | 37 x 3 + 8 + = | 37:dollar x:dollar 3:dollar +:dollar 8:dollar +:dollar =:dollar
EXPR: 0 | POS | INT | 4 | 5 | 42 | (3-(8-x))=37 | 3 8 x - - 37 = | 3:dollar 8:dollar x:dollar -:dollar -:dollar 37:dollar =:dollar
EXPR: 0 | POS | INT | 4 | 5 | 32 | 3=((8-37)+x) | 3 8 37 - x + = | 3:dollar 8:dollar 37:dollar -:dollar x:dollar +:dollar =:dollar
EXPR: 0 | POS | INT | 4 | 5 | 32 | 37=(x-(3-8)) | 37 x 3 8 - - = | 37:dollar x:dollar 3:dollar 8:dollar -:dollar -:dollar =:dollar
EXPR: 0 | POS | INT | 4 | 5 | 32 | 37=((x-3)+8) | 37 x 3 - 8 + = | 37:dollar x:dollar 3:dollar -:dollar 8:dollar +:dollar =:dollar
EXPR: 0 | POS | INT | 4 | 5 | 26 | ((x+3)+8)=37 | x 3 + 8 + 37 = | x:dollar 3:dollar +:dollar 8:dollar +:dollar 37:dollar =:dollar
EXPR: 0 | POS | INT | 4 | 5 | 26 | (3+(x+8))=37 | 3 x 8 + + 37 = | 3:dollar x:dollar 8:dollar +:dollar +:dollar 37:dollar =:dollar
EXPR: 0 | POS | INT | 4 | 5 | 32 | ((x-3)+8)=37 | x 3 - 8 + 37 = | x:dollar 3:dollar -:dollar 8:dollar +:dollar 37:dollar =:dollar
EXPR: 0 | POS | INT | 4 | 5 | 32 | 3=(x+(8-37)) | 3 x 8 37 - + = | 3:dollar x:dollar 8:dollar 37:dollar -:dollar +:dollar =:dollar
EXPR: 0 | POS | INT | 4 | 5 | 26 | (3+(8+x))=37 | 3 8 x + + 37 = | 3:dollar 8:dollar x:dollar +:dollar +:dollar 37:dollar =:dollar
EXPR: 0 | POS | INT | 4 | 5 | 48 | 37=(x-(3+8)) | 37 x 3 8 + - = | 37:dollar x:dollar 3:dollar 8:dollar +:dollar -:dollar =:dollar
EXPR: 0 | POS | INT | 4 | 5 | 26 | 37=(x+(3+8)) | 37 x 3 8 + + = | 37:dollar x:dollar 3:dollar 8:dollar +:dollar +:dollar =:dollar
EXPR: 0 | POS | INT | 4 | 5 | 42 | 37=(x+(3-8)) | 37 x 3 8 - + = | 37:dollar x:dollar 3:dollar 8:dollar -:dollar +:dollar =:dollar
EXPR: 0 | POS | INT | 4 | 5 | 42 | ((3+x)-8)=37 | 3 x + 8 - 37 = | 3:dollar x:dollar +:dollar 8:dollar -:dollar 37:dollar =:dollar
EXPR: 0 | POS | INT | 4 | 5 | 32 | ((37-x)+3)=8 | 37 x - 3 + 8 = | 37:dollar x:dollar -:dollar 3:dollar +:dollar 8:dollar =:dollar
EXPR: 0 | POS | INT | 4 | 5 | 26 | ((37-x)-3)=8 | 37 x - 3 - 8 = | 37:dollar x:dollar -:dollar 3:dollar -:dollar 8:dollar =:dollar
EXPR: 0 | POS | INT | 5 | 5 | 32 | (37-(8-3))=x | 37 8 3 - - x = | 37:dollar 8:dollar 3:dollar -:dollar -:dollar x:dollar =:dollar
EXPR: 0 | POS | INT | 5 | 5 | 42 | x=(8-(3-37)) | x 8 3 37 - - = | x:dollar 8:dollar 3:dollar 37:dollar -:dollar -:dollar =:dollar
EXPR: 0 | POS | INT | 5 | 5 | 42 | x=(37+(8-3)) | x 37 8 3 - + = | x:dollar 37:dollar 8:dollar 3:dollar -:dollar +:dollar =:dollar
EXPR: 0 | POS | INT | 5 | 5 | 48 | x=(8+(3+37)) | x 8 3 37 + + = | x:dollar 8:dollar 3:dollar 37:dollar +:dollar +:dollar =:dollar
EXPR: 0 | POS | INT | 5 | 5 | 48 | ((37+8)+3)=x | 37 8 + 3 + x = | 37:dollar 8:dollar +:dollar 3:dollar +:dollar x:dollar =:dollar
EXPR: 0 | POS | INT | 5 | 5 | 42 | ((8-3)+37)=x | 8 3 - 37 + x = | 8:dollar 3:dollar -:dollar 37:dollar +:dollar x:dollar =:dollar
EXPR: 0 | POS | INT | 5 | 5 | 42 | ((37+8)-3)=x | 37 8 + 3 - x = | 37:dollar 8:dollar +:dollar 3:dollar -:dollar x:dollar =:dollar
EXPR: 0 | POS | INT | 5 | 5 | 42 | (37+(8-3))=x | 37 8 3 - + x = | 37:dollar 8:dollar 3:dollar -:dollar +:dollar x:dollar =:dollar
EXPR: 0 | POS | INT | 5 | 5 | 26 | x=((37-8)-3) | x 37 8 - 3 - = | x:dollar 37:dollar 8:dollar -:dollar 3:dollar -:dollar =:dollar
EXPR: 0 | POS | INT | 5 | 5 | 32 | x=((37-8)+3) | x 37 8 - 3 + = | x:dollar 37:dollar 8:dollar -:dollar 3:dollar +:dollar =:dollar
EXPR: 0 | POS | INT | 5 | 5 | 32 | ((37-8)+3)=x | 37 8 - 3 + x = | 37:dollar 8:dollar -:dollar 3:dollar +:dollar x:dollar =:dollar
EXPR: 0 | POS | INT | 5 | 5 | 32 | x=(37-(8-3)) | x 37 8 3 - - = | x:dollar 37:dollar 8:dollar 3:dollar -:dollar -:dollar =:dollar
EXPR: 0 | POS | INT | 5 | 5 | 42 | (8-(3-37))=x | 8 3 37 - - x = | 8:dollar 3:dollar 37:dollar -:dollar -:dollar x:dollar =:dollar
EXPR: 0 | POS | INT | 5 | 5 | 48 | (8+(3+37))=x | 8 3 37 + + x = | 8:dollar 3:dollar 37:dollar +:dollar +:dollar x:dollar =:dollar
EXPR: 0 | POS | INT | 5 | 5 | 26 | ((37-8)-3)=x | 37 8 - 3 - x = | 37:dollar 8:dollar -:dollar 3:dollar -:dollar x:dollar =:dollar
EXPR: 0 | POS | INT | 5 | 5 | 42 | x=((37+8)-3) | x 37 8 + 3 - = | x:dollar 37:dollar 8:dollar +:dollar 3:dollar -:dollar =:dollar
EXPR: 0 | POS | INT | 5 | 5 | 48 | x=((37+8)+3) | x 37 8 + 3 + = | x:dollar 37:dollar 8:dollar +:dollar 3:dollar +:dollar =:dollar
EXPR: 0 | POS | INT | 5 | 5 | 42 | x=((8-3)+37) | x 8 3 - 37 + = | x:dollar 8:dollar 3:dollar -:dollar 37:dollar +:dollar =:dollar
EXPR: 0 | POS | INT | 7 | 5 | 32 | 8=(3-(x-37)) | 8 3 x 37 - - = | 8:dollar 3:dollar x:dollar 37:dollar -:dollar -:dollar =:dollar
EXPR: 0 | POS | INT | 7 | 5 | 42 | 8=(3+(x-37)) | 8 3 x 37 - + = | 8:dollar 3:dollar x:dollar 37:dollar -:dollar +:dollar =:dollar
EXPR: 0 | POS | INT | 7 | 5 | 42 | (37-(x-8))=3 | 37 x 8 - - 3 = | 37:dollar x:dollar 8:dollar -:dollar -:dollar 3:dollar =:dollar
EXPR: 0 | POS | INT | 7 | 5 | 32 | 37=((8-3)+x) | 37 8 3 - x + = | 37:dollar 8:dollar 3:dollar -:dollar x:dollar +:dollar =:dollar
EXPR: 0 | POS | INT | 7 | 5 | 26 | ((37-8)-x)=3 | 37 8 - x - 3 = | 37:dollar 8:dollar -:dollar x:dollar -:dollar 3:dollar =:dollar
EXPR: 0 | POS | INT | 7 | 5 | 42 | (8+(37-3))=x | 8 37 3 - + x = | 8:dollar 37:dollar 3:dollar -:dollar +:dollar x:dollar =:dollar
EXPR: 0 | POS | INT | 7 | 5 | 42 | 8=(3-(37-x)) | 8 3 37 x - - = | 8:dollar 3:dollar 37:dollar x:dollar -:dollar -:dollar =:dollar
EXPR: 0 | POS | INT | 7 | 5 | 26 | ((x+8)+3)=37 | x 8 + 3 + 37 = | x:dollar 8:dollar +:dollar 3:dollar +:dollar 37:dollar =:dollar
EXPR: 0 | POS | INT | 7 | 5 | 32 | (8+(x-3))=37 | 8 x 3 - + 37 = | 8:dollar x:dollar 3:dollar -:dollar +:dollar 37:dollar =:dollar
EXPR: 0 | POS | INT | 7 | 5 | 26 | (37-(x+8))=3 | 37 x 8 + - 3 = | 37:dollar x:dollar 8:dollar +:dollar -:dollar 3:dollar =:dollar
EXPR: 0 | POS | INT | 7 | 5 | 42 | ((x-8)+3)=37 | x 8 - 3 + 37 = | x:dollar 8:dollar -:dollar 3:dollar +:dollar 37:dollar =:dollar
EXPR: 0 | POS | INT | 7 | 5 | 48 | ((x-8)-3)=37 | x 8 - 3 - 37 = | x:dollar 8:dollar -:dollar 3:dollar -:dollar 37:dollar =:dollar
EXPR: 0 | POS | INT | 7 | 5 | 42 | 8=((3+x)-37) | 8 3 x + 37 - = | 8:dollar 3:dollar x:dollar +:dollar 37:dollar -:dollar =:dollar
EXPR: 0 | POS | INT | 7 | 5 | 32 | (x-(37-8))=3 | x 37 8 - - 3 = | x:dollar 37:dollar 8:dollar -:dollar -:dollar 3:dollar =:dollar
EXPR: 0 | POS | INT | 7 | 5 | 32 | 8=((3-x)+37) | 8 3 x - 37 + = | 8:dollar 3:dollar x:dollar -:dollar 37:dollar +:dollar =:dollar
EXPR: 0 | POS | INT | 7 | 5 | 32 | 8=(3+(37-x)) | 8 3 37 x - + = | 8:dollar 3:dollar 37:dollar x:dollar -:dollar +:dollar =:dollar
EXPR: 0 | POS | INT | 7 | 5 | 48 | 8=((x-3)-37) | 8 x 3 - 37 - = | 8:dollar x:dollar 3:dollar -:dollar 37:dollar -:dollar =:dollar
EXPR: 0 | POS | INT | 7 | 5 | 42 | 8=((x+3)-37) | 8 x 3 + 37 - = | 8:dollar x:dollar 3:dollar +:dollar 37:dollar -:dollar =:dollar
EXPR: 0 | POS | INT | 7 | 5 | 48 | 37=((x-8)-3) | 37 x 8 - 3 - = | 37:dollar x:dollar 8:dollar -:dollar 3:dollar -:dollar =:dollar
EXPR: 0 | POS | INT | 7 | 5 | 26 | (8+(x+3))=37 | 8 x 3 + + 37 = | 8:dollar x:dollar 3:dollar +:dollar +:dollar 37:dollar =:dollar
EXPR: 0 | POS | INT | 7 | 5 | 32 | (8-(3-x))=37 | 8 3 x - - 37 = | 8:dollar 3:dollar x:dollar -:dollar -:dollar 37:dollar =:dollar
EXPR: 0 | POS | INT | 7 | 5 | 32 | 37=((x+8)-3) | 37 x 8 + 3 - = | 37:dollar x:dollar 8:dollar +:dollar 3:dollar -:dollar =:dollar
EXPR: 0 | POS | INT | 7 | 5 | 42 | (37+(8-x))=3 | 37 8 x - + 3 = | 37:dollar 8:dollar x:dollar -:dollar +:dollar 3:dollar =:dollar
EXPR: 0 | POS | INT | 7 | 5 | 26 | 37=((8+x)+3) | 37 8 x + 3 + = | 37:dollar 8:dollar x:dollar +:dollar 3:dollar +:dollar =:dollar
EXPR: 0 | POS | INT | 7 | 5 | 32 | ((8-3)+x)=37 | 8 3 - x + 37 = | 8:dollar 3:dollar -:dollar x:dollar +:dollar 37:dollar =:dollar
EXPR: 0 | POS | INT | 7 | 5 | 26 | (37-(8+x))=3 | 37 8 x + - 3 = | 37:dollar 8:dollar x:dollar +:dollar -:dollar 3:dollar =:dollar
EXPR: 0 | POS | INT | 7 | 5 | 32 | 37=(8-(3-x)) | 37 8 3 x - - = | 37:dollar 8:dollar 3:dollar x:dollar -:dollar -:dollar =:dollar
EXPR: 0 | POS | INT | 7 | 5 | 42 | 37=((x-8)+3) | 37 x 8 - 3 + = | 37:dollar x:dollar 8:dollar -:dollar 3:dollar +:dollar =:dollar
EXPR: 0 | POS | INT | 7 | 5 | 32 | 8=((3+37)-x) | 8 3 37 + x - = | 8:dollar 3:dollar 37:dollar +:dollar x:dollar -:dollar =:dollar
EXPR: 0 | POS | INT | 7 | 5 | 32 | ((x-37)+8)=3 | x 37 - 8 + 3 = | x:dollar 37:dollar -:dollar 8:dollar +:dollar 3:dollar =:dollar
EXPR: 0 | POS | INT | 7 | 5 | 26 | ((37-x)-8)=3 | 37 x - 8 - 3 = | 37:dollar x:dollar -:dollar 8:dollar -:dollar 3:dollar =:dollar
EXPR: 0 | POS | INT | 7 | 5 | 32 | 37=(8+(x-3)) | 37 8 x 3 - + = | 37:dollar 8:dollar x:dollar 3:dollar -:dollar +:dollar =:dollar
EXPR: 0 | POS | INT | 7 | 5 | 26 | 37=(8+(x+3)) | 37 8 x 3 + + = | 37:dollar 8:dollar x:dollar 3:dollar +:dollar +:dollar =:dollar
EXPR: 0 | POS | INT | 7 | 5 | 48 | ((x-37)-8)=3 | x 37 - 8 - 3 = | x:dollar 37:dollar -:dollar 8:dollar -:dollar 3:dollar =:dollar
EXPR: 0 | POS | INT | 7 | 5 | 26 | 37=(8+(3+x)) | 37 8 3 x + + = | 37:dollar 8:dollar 3:dollar x:dollar +:dollar +:dollar =:dollar
EXPR: 0 | POS | INT | 7 | 5 | 26 | ((8+x)+3)=37 | 8 x + 3 + 37 = | 8:dollar x:dollar +:dollar 3:dollar +:dollar 37:dollar =:dollar
EXPR: 0 | POS | INT | 7 | 5 | 42 | x=(8+(37-3)) | x 8 37 3 - + = | x:dollar 8:dollar 37:dollar 3:dollar -:dollar +:dollar =:dollar
EXPR: 0 | POS | INT | 7 | 5 | 32 | 37=((8+x)-3) | 37 8 x + 3 - = | 37:dollar 8:dollar x:dollar +:dollar 3:dollar -:dollar =:dollar
EXPR: 0 | POS | INT | 7 | 5 | 42 | ((37-x)+8)=3 | 37 x - 8 + 3 = | 37:dollar x:dollar -:dollar 8:dollar +:dollar 3:dollar =:dollar
EXPR: 0 | POS | INT | 7 | 5 | 42 | 8=((3-37)+x) | 8 3 37 - x + = | 8:dollar 3:dollar 37:dollar -:dollar x:dollar +:dollar =:dollar
EXPR: 0 | POS | INT | 7 | 5 | 32 | ((x+8)-3)=37 | x 8 + 3 - 37 = | x:dollar 8:dollar +:dollar 3:dollar -:dollar 37:dollar =:dollar
EXPR: 0 | POS | INT | 7 | 5 | 26 | 37=((x+8)+3) | 37 x 8 + 3 + = | 37:dollar x:dollar 8:dollar +:dollar 3:dollar +:dollar =:dollar
EXPR: 0 | POS | INT | 7 | 5 | 42 | 37=(x-(8-3)) | 37 x 8 3 - - = | 37:dollar x:dollar 8:dollar 3:dollar -:dollar -:dollar =:dollar
EXPR: 0 | POS | INT | 7 | 5 | 32 | 37=(x+(8-3)) | 37 x 8 3 - + = | 37:dollar x:dollar 8:dollar 3:dollar -:dollar +:dollar =:dollar
EXPR: 0 | POS | INT | 7 | 5 | 42 | ((37+8)-x)=3 | 37 8 + x - 3 = | 37:dollar 8:dollar +:dollar x:dollar -:dollar 3:dollar =:dollar
EXPR: 0 | POS | INT | 7 | 5 | 42 | (x-(8-3))=37 | x 8 3 - - 37 = | x:dollar 8:dollar 3:dollar -:dollar -:dollar 37:dollar =:dollar
EXPR: 0 | POS | INT | 7 | 5 | 26 | (8+(3+x))=37 | 8 3 x + + 37 = | 8:dollar 3:dollar x:dollar +:dollar +:dollar 37:dollar =:dollar
EXPR: 0 | POS | INT | 7 | 5 | 48 | 8=(x-(3+37)) | 8 x 3 37 + - = | 8:dollar x:dollar 3:dollar 37:dollar +:dollar -:dollar =:dollar
EXPR: 0 | POS | INT | 7 | 5 | 42 | 8=(x+(3-37)) | 8 x 3 37 - + = | 8:dollar x:dollar 3:dollar 37:dollar -:dollar +:dollar =:dollar
EXPR: 0 | POS | INT | 7 | 5 | 48 | (x-(37+8))=3 | x 37 8 + - 3 = | x:dollar 37:dollar 8:dollar +:dollar -:dollar 3:dollar =:dollar
EXPR: 0 | POS | INT | 7 | 5 | 32 | (x+(8-3))=37 | x 8 3 - + 37 = | x:dollar 8:dollar 3:dollar -:dollar +:dollar 37:dollar =:dollar
EXPR: 0 | POS | INT | 7 | 5 | 32 | ((8+x)-3)=37 | 8 x + 3 - 37 = | 8:dollar x:dollar +:dollar 3:dollar -:dollar 37:dollar =:dollar
EXPR: 0 | POS | INT | 9 | 5 | 32 | 8=(37-(x-3)) | 8 37 x 3 - - = | 8:dollar 37:dollar x:dollar 3:dollar -:dollar -:dollar =:dollar
EXPR: 0 | POS | INT | 9 | 5 | 48 | 8=((x-37)-3) | 8 x 37 - 3 - = | 8:dollar x:dollar 37:dollar -:dollar 3:dollar -:dollar =:dollar
EXPR: 0 | POS | INT | 9 | 5 | 26 | 8=(37-(x+3)) | 8 37 x 3 + - = | 8:dollar 37:dollar x:dollar 3:dollar +:dollar -:dollar =:dollar
EXPR: 0 | POS | INT | 9 | 5 | 26 | 8=((37-x)-3) | 8 37 x - 3 - = | 8:dollar 37:dollar x:dollar -:dollar 3:dollar -:dollar =:dollar
EXPR: 0 | POS | INT | 9 | 5 | 32 | 8=((37-x)+3) | 8 37 x - 3 + = | 8:dollar 37:dollar x:dollar -:dollar 3:dollar +:dollar =:dollar
EXPR: 0 | POS | INT | 9 | 5 | 48 | ((x-8)-37)=3 | x 8 - 37 - 3 = | x:dollar 8:dollar -:dollar 37:dollar -:dollar 3:dollar =:dollar
EXPR: 0 | POS | INT | 9 | 5 | 32 | (x+(8-37))=3 | x 8 37 - + 3 = | x:dollar 8:dollar 37:dollar -:dollar +:dollar 3:dollar =:dollar
EXPR: 0 | POS | INT | 9 | 5 | 32 | (8+(x-37))=3 | 8 x 37 - + 3 = | 8:dollar x:dollar 37:dollar -:dollar +:dollar 3:dollar =:dollar
EXPR: 0 | POS | INT | 9 | 5 | 26 | 8=(37-(3+x)) | 8 37 3 x + - = | 8:dollar 37:dollar 3:dollar x:dollar +:dollar -:dollar =:dollar
EXPR: 0 | POS | INT | 9 | 5 | 32 | ((8-37)+x)=3 | 8 37 - x + 3 = | 8:dollar 37:dollar -:dollar x:dollar +:dollar 3:dollar =:dollar
EXPR: 0 | POS | INT | 9 | 5 | 26 | 8=((37-3)-x) | 8 37 3 - x - = | 8:dollar 37:dollar 3:dollar -:dollar x:dollar -:dollar =:dollar
EXPR: 0 | POS | INT | 9 | 5 | 32 | 8=(37+(3-x)) | 8 37 3 x - + = | 8:dollar 37:dollar 3:dollar x:dollar -:dollar +:dollar =:dollar
EXPR: 0 | POS | INT | 9 | 5 | 42 | 8=((x-37)+3) | 8 x 37 - 3 + = | 8:dollar x:dollar 37:dollar -:dollar 3:dollar +:dollar =:dollar
EXPR: 0 | POS | INT | 9 | 5 | 42 | (8-(x-37))=3 | 8 x 37 - - 3 = | 8:dollar x:dollar 37:dollar -:dollar -:dollar 3:dollar =:dollar
EXPR: 0 | POS | INT | 9 | 5 | 42 | (8+(37-x))=3 | 8 37 x - + 3 = | 8:dollar 37:dollar x:dollar -:dollar +:dollar 3:dollar =:dollar
EXPR: 0 | POS | INT | 9 | 5 | 32 | ((x+8)-37)=3 | x 8 + 37 - 3 = | x:dollar 8:dollar +:dollar 37:dollar -:dollar 3:dollar =:dollar
EXPR: 0 | POS | INT | 9 | 5 | 32 | ((8+x)-37)=3 | 8 x + 37 - 3 = | 8:dollar x:dollar +:dollar 37:dollar -:dollar 3:dollar =:dollar
EXPR: 0 | POS | INT | 9 | 5 | 32 | (8-(37-x))=3 | 8 37 x - - 3 = | 8:dollar 37:dollar x:dollar -:dollar -:dollar 3:dollar =:dollar
EXPR: 0 | POS | INT | 9 | 5 | 42 | ((8-x)+37)=3 | 8 x - 37 + 3 = | 8:dollar x:dollar -:dollar 37:dollar +:dollar 3:dollar =:dollar
EXPR: 0 | POS | INT | 9 | 5 | 42 | 8=(x-(37-3)) | 8 x 37 3 - - = | 8:dollar x:dollar 37:dollar 3:dollar -:dollar -:dollar =:dollar
EXPR: 0 | POS | INT | 12 | 5 | 26 | (3+x)=(37-8) | 3 x + 37 8 - = | 3:dollar x:dollar +:dollar 37:dollar 8:dollar -:dollar =:dollar
EXPR: 0 | POS | INT | 12 | 5 | 42 | (3-37)=(8-x) | 3 37 - 8 x - = | 3:dollar 37:dollar -:dollar 8:dollar x:dollar -:dollar =:dollar
EXPR: 0 | POS | INT | 12 | 5 | 48 | (x-3)=(37+8) | x 3 - 37 8 + = | x:dollar 3:dollar -:dollar 37:dollar 8:dollar +:dollar =:dollar
EXPR: 0 | POS | INT | 12 | 5 | 48 | (3+37)=(x-8) | 3 37 + x 8 - = | 3:dollar 37:dollar +:dollar x:dollar 8:dollar -:dollar =:dollar
EXPR: 0 | POS | INT | 12 | 5 | 32 | (3+37)=(x+8) | 3 37 + x 8 + = | 3:dollar 37:dollar +:dollar x:dollar 8:dollar +:dollar =:dollar
EXPR: 0 | POS | INT | 12 | 5 | 32 | (3+37)=(8+x) | 3 37 + 8 x + = | 3:dollar 37:dollar +:dollar 8:dollar x:dollar +:dollar =:dollar
EXPR: 0 | POS | INT | 12 | 5 | 42 | (3+x)=(37+8) | 3 x + 37 8 + = | 3:dollar x:dollar +:dollar 37:dollar 8:dollar +:dollar =:dollar
EXPR: 0 | POS | INT | 12 | 5 | 32 | (x-3)=(37-8) | x 3 - 37 8 - = | x:dollar 3:dollar -:dollar 37:dollar 8:dollar -:dollar =:dollar
EXPR: 0 | POS | INT | 12 | 5 | 26 | (x+3)=(37-8) | x 3 + 37 8 - = | x:dollar 3:dollar +:dollar 37:dollar 8:dollar -:dollar =:dollar
EXPR: 0 | POS | INT | 12 | 5 | 42 | (x+3)=(37+8) | x 3 + 37 8 + = | x:dollar 3:dollar +:dollar 37:dollar 8:dollar +:dollar =:dollar
EXPR: 0 | POS | INT | 14 | 5 | 26 | (3+8)=(37-x) | 3 8 + 37 x - = | 3:dollar 8:dollar +:dollar 37:dollar x:dollar -:dollar =:dollar
EXPR: 0 | POS | INT | 14 | 5 | 48 | (3+8)=(x-37) | 3 8 + x 37 - = | 3:dollar 8:dollar +:dollar x:dollar 37:dollar -:dollar =:dollar
EXPR: 0 | POS | INT | 14 | 5 | 26 | (37-3)=(x+8) | 37 3 - x 8 + = | 37:dollar 3:dollar -:dollar x:dollar 8:dollar +:dollar =:dollar
EXPR: 0 | POS | INT | 14 | 5 | 42 | (37-3)=(x-8) | 37 3 - x 8 - = | 37:dollar 3:dollar -:dollar x:dollar 8:dollar -:dollar =:dollar
EXPR: 0 | POS | INT | 14 | 5 | 32 | (3-x)=(8-37) | 3 x - 8 37 - = | 3:dollar x:dollar -:dollar 8:dollar 37:dollar -:dollar =:dollar
EXPR: 0 | POS | INT | 14 | 5 | 32 | (3-8)=(x-37) | 3 8 - x 37 - = | 3:dollar 8:dollar -:dollar x:dollar 37:dollar -:dollar =:dollar
EXPR: 0 | POS | INT | 14 | 5 | 42 | (37-x)=(3-8) | 37 x - 3 8 - = | 37:dollar x:dollar -:dollar 3:dollar 8:dollar -:dollar =:dollar
EXPR: 0 | POS | INT | 14 | 5 | 26 | (37-3)=(8+x) | 37 3 - 8 x + = | 37:dollar 3:dollar -:dollar 8:dollar x:dollar +:dollar =:dollar
EXPR: 0 | POS | INT | 14 | 5 | 42 | (3-8)=(37-x) | 3 8 - 37 x - = | 3:dollar 8:dollar -:dollar 37:dollar x:dollar -:dollar =:dollar
EXPR: 0 | POS | INT | 14 | 5 | 48 | (x-37)=(3+8) | x 37 - 3 8 + = | x:dollar 37:dollar -:dollar 3:dollar 8:dollar +:dollar =:dollar
EXPR: 0 | POS | INT | 14 | 5 | 32 | (x-37)=(3-8) | x 37 - 3 8 - = | x:dollar 37:dollar -:dollar 3:dollar 8:dollar -:dollar =:dollar
EXPR: 0 | POS | INT | 14 | 5 | 26 | (37-x)=(3+8) | 37 x - 3 8 + = | 37:dollar x:dollar -:dollar 3:dollar 8:dollar +:dollar =:dollar
EXPR: 0 | POS | INT | 17 | 5 | 32 | (37-x)=(8-3) | 37 x - 8 3 - = | 37:dollar x:dollar -:dollar 8:dollar 3:dollar -:dollar =:dollar
EXPR: 0 | POS | INT | 17 | 5 | 48 | (x-8)=(3+37) | x 8 - 3 37 + = | x:dollar 8:dollar -:dollar 3:dollar 37:dollar +:dollar =:dollar
EXPR: 0 | POS | INT | 17 | 5 | 26 | (37-8)=(x+3) | 37 8 - x 3 + = | 37:dollar 8:dollar -:dollar x:dollar 3:dollar +:dollar =:dollar
EXPR: 0 | POS | INT | 17 | 5 | 42 | (37+8)=(3+x) | 37 8 + 3 x + = | 37:dollar 8:dollar +:dollar 3:dollar x:dollar +:dollar =:dollar
EXPR: 0 | POS | INT | 17 | 5 | 26 | (37-8)=(3+x) | 37 8 - 3 x + = | 37:dollar 8:dollar -:dollar 3:dollar x:dollar +:dollar =:dollar
EXPR: 0 | POS | INT | 17 | 5 | 42 | (8-3)=(x-37) | 8 3 - x 37 - = | 8:dollar 3:dollar -:dollar x:dollar 37:dollar -:dollar =:dollar
EXPR: 0 | POS | INT | 17 | 5 | 32 | (37-8)=(x-3) | 37 8 - x 3 - = | 37:dollar 8:dollar -:dollar x:dollar 3:dollar -:dollar =:dollar
EXPR: 0 | POS | INT | 17 | 5 | 42 | (8-x)=(3-37) | 8 x - 3 37 - = | 8:dollar x:dollar -:dollar 3:dollar 37:dollar -:dollar =:dollar
EXPR: 0 | POS | INT | 17 | 5 | 42 | (x-37)=(8-3) | x 37 - 8 3 - = | x:dollar 37:dollar -:dollar 8:dollar 3:dollar -:dollar =:dollar
EXPR: 0 | POS | INT | 17 | 5 | 48 | (37+8)=(x-3) | 37 8 + x 3 - = | 37:dollar 8:dollar +:dollar x:dollar 3:dollar -:dollar =:dollar
EXPR: 0 | POS | INT | 17 | 5 | 32 | (8-3)=(37-x) | 8 3 - 37 x - = | 8:dollar 3:dollar -:dollar 37:dollar x:dollar -:dollar =:dollar
EXPR: 0 | POS | INT | 17 | 5 | 32 | (x+8)=(3+37) | x 8 + 3 37 + = | x:dollar 8:dollar +:dollar 3:dollar 37:dollar +:dollar =:dollar
EXPR: 0 | POS | INT | 17 | 5 | 42 | (37+8)=(x+3) | 37 8 + x 3 + = | 37:dollar 8:dollar +:dollar x:dollar 3:dollar +:dollar =:dollar
EXPR: 0 | POS | INT | 17 | 5 | 32 | (8+x)=(3+37) | 8 x + 3 37 + = | 8:dollar x:dollar +:dollar 3:dollar 37:dollar +:dollar =:dollar
EXPR: 0 | POS | INT | 19 | 5 | 42 | (x-8)=(37-3) | x 8 - 37 3 - = | x:dollar 8:dollar -:dollar 37:dollar 3:dollar -:dollar =:dollar
EXPR: 0 | POS | INT | 19 | 5 | 26 | (x+8)=(37-3) | x 8 + 37 3 - = | x:dollar 8:dollar +:dollar 37:dollar 3:dollar -:dollar =:dollar
EXPR: 0 | POS | INT | 19 | 5 | 26 | (8+x)=(37-3) | 8 x + 37 3 - = | 8:dollar x:dollar +:dollar 37:dollar 3:dollar -:dollar =:dollar
EXPR: 0 | POS | INT | 19 | 5 | 32 | (8-37)=(3-x) | 8 37 - 3 x - = | 8:dollar 37:dollar -:dollar 3:dollar x:dollar -:dollar =:dollar
NET 232 unique, non-negative, integer-valued solutions found out of 480 total solutions
