parameters: n=7 l=3 k=1 p=5 q=2 m=9
TOTAL 1000 solutions found
SOLN: CORRECT | POS/NEG | INT/FRA | OBJ-SCORE | TRUE-ANS | ANS | INFIX | POSTFIX | TYPED-POSTFIX
EXPR: 0 | POS | INT | 0 | 5 | 320 | x=((5+35)*8) | x 5 35 + 8 * = | x:picture 5:picture 35:picture +:picture 8:album *:picture =:picture
EXPR: 1 | POS | INT | 0 | 5 | 5 | x=((5+35)/8) | x 5 35 + 8 / = | x:picture 5:picture 35:picture +:picture 8:album /:picture =:picture
EXPR: 0 | POS | INT | 0 | 5 | 285 | x=(5+(35*8)) | x 5 35 8 * + = | x:picture 5:picture 35:picture 8:album *:picture +:picture =:picture
EXPR: 1 | POS | INT | 0 | 5 | 5 | ((5+35)/8)=x | 5 35 + 8 / x = | 5:picture 35:picture +:picture 8:album /:picture x:picture =:picture
EXPR: 0 | POS | INT | 0 | 5 | 320 | ((5+35)*8)=x | 5 35 + 8 * x = | 5:picture 35:picture +:picture 8:album *:picture x:picture =:picture
EXPR: 0 | POS | INT | 0 | 5 | 285 | (5+(35*8))=x | 5 35 8 * + x = | 5:picture 35:picture 8:album *:picture +:picture x:picture =:picture
EXPR: 1 | POS | INT | 2 | 5 | 5 | x=((5*8)-35) | x 5 8 * 35 - = | x:picture 5:picture 8:album *:picture 35:picture -:picture =:picture
EXPR: 0 | POS | INT | 2 | 5 | 75 | x=((5*8)+35) | x 5 8 * 35 + = | x:picture 5:picture 8:album *:picture 35:picture +:picture =:picture
EXPR: 0 | POS | INT | 2 | 5 | 275 | 5=((35*8)-x) | 5 35 8 * x - = | 5:picture 35:picture 8:album *:picture x:picture -:picture =:picture
EXPR: 0 | POS | INT | 2 | 5 | 285 | 5=(x-(35*8)) | 5 x 35 8 * - = | 5:picture x:picture 35:picture 8:album *:picture -:picture =:picture
EXPR: 0 | POS | INT | 2 | 5 | 75 | ((5*8)+35)=x | 5 8 * 35 + x = | 5:picture 8:album *:picture 35:picture +:picture x:picture =:picture
EXPR: 0 | POS | INT | 2 | 5 | 75 | x=(35+(5*8)) | x 35 5 8 * + = | x:picture 35:picture 5:picture 8:album *:picture +:picture =:picture
EXPR: 1 | POS | INT | 2 | 5 | 5 | ((5*8)-35)=x | 5 8 * 35 - x = | 5:picture 8:album *:picture 35:picture -:picture x:picture =:picture
EXPR: 0 | POS | INT | 2 | 5 | 75 | (35+(5*8))=x | 35 5 8 * + x = | 35:picture 5:picture 8:album *:picture +:picture x:picture =:picture
EXPR: 1 | POS | INT | 2 | 5 | 5 | 5=((x+35)/8) | 5 x 35 + 8 / = | 5:picture x:picture 35:picture +:picture 8:album /:picture =:picture
EXPR: 1 | POS | INT | 2 | 5 | 5 | 5=((35+x)/8) | 5 35 x + 8 / = | 5:picture 35:picture x:picture +:picture 8:album /:picture =:picture
EXPR: 0 | POS | INT | 2 | 5 | 240 | 5=(35-(x/8)) | 5 35 x 8 / - = | 5:picture 35:picture x:picture 8:album /:picture -:picture =:picture
EXPR: 0 | POS | INT | 2 | 5 | 75 | 5=((x-35)/8) | 5 x 35 - 8 / = | 5:picture x:picture 35:picture -:picture 8:album /:picture =:picture
EXPR: 0 | POS | INT | 2 | 5 | 240 | x=((35-5)*8) | x 35 5 - 8 * = | x:picture 35:picture 5:picture -:picture 8:album *:picture =:picture
EXPR: 0 | POS | INT | 2 | 5 | 240 | ((35-5)*8)=x | 35 5 - 8 * x = | 35:picture 5:picture -:picture 8:album *:picture x:picture =:picture
EXPR: 0 | POS | INT | 4 | 5 | 275 | 35=((x+5)/8) | 35 x 5 + 8 / = | 35:picture x:picture 5:picture +:picture 8:album /:picture =:picture
EXPR: 0 | POS | INT | 4 | 5 | 275 | ((x+5)/8)=35 | x 5 + 8 / 35 = | x:picture 5:picture +:picture 8:album /:picture 35:picture =:picture
EXPR: 0 | POS | INT | 4 | 5 | 75 | 35=(x-(5*8)) | 35 x 5 8 * - = | 35:picture x:picture 5:picture 8:album *:picture -:picture =:picture
EXPR: 1 | POS | INT | 4 | 5 | 5 | 5=((8*x)-35) | 5 8 x * 35 - = | 5:picture 8:album x:picture *:picture 35:picture -:picture =:picture
EXPR: 1 | POS | INT | 4 | 5 | 5 | 35=((5*8)-x) | 35 5 8 * x - = | 35:picture 5:picture 8:album *:picture x:picture -:picture =:picture
EXPR: 0 | POS | INT | 4 | 5 | 320 | 5=((x/8)-35) | 5 x 8 / 35 - = | 5:picture x:picture 8:album /:picture 35:picture -:picture =:picture
EXPR: 0 | POS | INT | 4 | 5 | 275 | ((5+x)/8)=35 | 5 x + 8 / 35 = | 5:picture x:picture +:picture 8:album /:picture 35:picture =:picture
EXPR: 1 | POS | INT | 4 | 5 | 5 | ((5*8)-x)=35 | 5 8 * x - 35 = | 5:picture 8:album *:picture x:picture -:picture 35:picture =:picture
EXPR: 0 | POS | INT | 4 | 5 | 240 | 35=(5+(x/8)) | 35 5 x 8 / + = | 35:picture 5:picture x:picture 8:album /:picture +:picture =:picture
EXPR: 0 | POS | INT | 4 | 5 | 75 | (x-(5*8))=35 | x 5 8 * - 35 = | x:picture 5:picture 8:album *:picture -:picture 35:picture =:picture
EXPR: 0 | POS | INT | 4 | 5 | 285 | ((x-5)/8)=35 | x 5 - 8 / 35 = | x:picture 5:picture -:picture 8:album /:picture 35:picture =:picture
EXPR: 0 | POS | INT | 4 | 5 | 240 | (5+(x/8))=35 | 5 x 8 / + 35 = | 5:picture x:picture 8:album /:picture +:picture 35:picture =:picture
EXPR: 1 | POS | INT | 4 | 5 | 5 | 5=((x*8)-35) | 5 x 8 * 35 - = | 5:picture x:picture 8:album *:picture 35:picture -:picture =:picture
EXPR: 0 | POS | INT | 4 | 5 | 285 | 35=((x-5)/8) | 35 x 5 - 8 / = | 35:picture x:picture 5:picture -:picture 8:album /:picture =:picture
EXPR: 0 | POS | INT | 4 | 5 | 275 | 35=((5+x)/8) | 35 5 x + 8 / = | 35:picture 5:picture x:picture +:picture 8:album /:picture =:picture
EXPR: 0 | POS | INT | 5 | 5 | 285 | ((35*8)+5)=x | 35 8 * 5 + x = | 35:picture 8:album *:picture 5:picture +:picture x:picture =:picture
EXPR: 0 | POS | INT | 5 | 5 | 275 | ((35*8)-5)=x | 35 8 * 5 - x = | 35:picture 8:album *:picture 5:picture -:picture x:picture =:picture
EXPR: 0 | POS | INT | 5 | 5 | 320 | (8*(5+35))=x | 8 5 35 + * x = | 8:album 5:picture 35:picture +:picture *:picture x:picture =:picture
EXPR: 0 | POS | INT | 5 | 5 | 275 | x=((35*8)-5) | x 35 8 * 5 - = | x:picture 35:picture 8:album *:picture 5:picture -:picture =:picture
EXPR: 0 | POS | INT | 5 | 5 | 320 | x=(8*(5+35)) | x 8 5 35 + * = | x:picture 8:album 5:picture 35:picture +:picture *:picture =:picture
EXPR: 0 | POS | INT | 5 | 5 | 285 | x=((35*8)+5) | x 35 8 * 5 + = | x:picture 35:picture 8:album *:picture 5:picture +:picture =:picture
EXPR: 1 | POS | INT | 7 | 5 | 5 | ((x*8)-5)=35 | x 8 * 5 - 35 = | x:picture 8:album *:picture 5:picture -:picture 35:picture =:picture
EXPR: 0 | POS | INT | 7 | 5 | 240 | (8*(35-5))=x | 8 35 5 - * x = | 8:album 35:picture 5:picture -:picture *:picture x:picture =:picture
EXPR: 1 | POS | INT | 7 | 5 | 5 | 35=((8*x)-5) | 35 8 x * 5 - = | 35:picture 8:album x:picture *:picture 5:picture -:picture =:picture
EXPR: 1 | POS | INT | 7 | 5 | 5 | ((35+x)/8)=5 | 35 x + 8 / 5 = | 35:picture x:picture +:picture 8:album /:picture 5:picture =:picture
EXPR: 0 | POS | INT | 7 | 5 | 320 | ((x/8)-5)=35 | x 8 / 5 - 35 = | x:picture 8:album /:picture 5:picture -:picture 35:picture =:picture
EXPR: 0 | POS | INT | 7 | 5 | 240 | 35=((x/8)+5) | 35 x 8 / 5 + = | 35:picture x:picture 8:album /:picture 5:picture +:picture =:picture
EXPR: 0 | POS | INT | 7 | 5 | 240 | ((x/8)+5)=35 | x 8 / 5 + 35 = | x:picture 8:album /:picture 5:picture +:picture 35:picture =:picture
EXPR: 0 | POS | INT | 7 | 5 | 275 | ((35*8)-x)=5 | 35 8 * x - 5 = | 35:picture 8:album *:picture x:picture -:picture 5:picture =:picture
EXPR: 0 | POS | INT | 7 | 5 | 240 | (35-(x/8))=5 | 35 x 8 / - 5 = | 35:picture x:picture 8:album /:picture -:picture 5:picture =:picture
EXPR: 0 | POS | INT | 7 | 5 | 285 | (x-(35*8))=5 | x 35 8 * - 5 = | x:picture 35:picture 8:album *:picture -:picture 5:picture =:picture
EXPR: 0 | POS | INT | 7 | 5 | 320 | 35=((x/8)-5) | 35 x 8 / 5 - = | 35:picture x:picture 8:album /:picture 5:picture -:picture =:picture
EXPR: 1 | POS | INT | 7 | 5 | 5 | ((x+35)/8)=5 | x 35 + 8 / 5 = | x:picture 35:picture +:picture 8:album /:picture 5:picture =:picture
EXPR: 1 | POS | INT | 7 | 5 | 5 | 35=((x*8)-5) | 35 x 8 * 5 - = | 35:picture x:picture 8:album *:picture 5:picture -:picture =:picture
EXPR: 0 | POS | INT | 7 | 5 | 75 | ((x-35)/8)=5 | x 35 - 8 / 5 = | x:picture 35:picture -:picture 8:album /:picture 5:picture =:picture
EXPR: 0 | POS | INT | 7 | 5 | 240 | x=(8*(35-5)) | x 8 35 5 - * = | x:picture 8:album 35:picture 5:picture -:picture *:picture =:picture
EXPR: 1 | POS | INT | 7 | 5 | 5 | ((8*x)-5)=35 | 8 x * 5 - 35 = | 8:album x:picture *:picture 5:picture -:picture 35:picture =:picture
EXPR: 1 | POS | INT | 9 | 5 | 5 | ((x*8)-35)=5 | x 8 * 35 - 5 = | x:picture 8:album *:picture 35:picture -:picture 5:picture =:picture
EXPR: 0 | POS | INT | 9 | 5 | 320 | ((x/8)-35)=5 | x 8 / 35 - 5 = | x:picture 8:album /:picture 35:picture -:picture 5:picture =:picture
EXPR: 1 | POS | INT | 9 | 5 | 5 | ((8*x)-35)=5 | 8 x * 35 - 5 = | 8:album x:picture *:picture 35:picture -:picture 5:picture =:picture
EXPR: 0 | POS | INT | 10 | 5 | 32 | (5+(35-8))=x | 5 35 8 - + x = | 5:picture 35:picture 8:picture -:picture +:picture x:picture =:picture
EXPR: 0 | POS | INT | 10 | 5 | 135 | (5*(35-8))=x | 5 35 8 - * x = | 5:picture 35:album 8:album -:album *:picture x:picture =:picture
EXPR: 0 | POS | INT | 10 | 5 | 48 | (5+(35+8))=x | 5 35 8 + + x = | 5:picture 35:picture 8:picture +:picture +:picture x:picture =:picture
EXPR: 0 | POS | INT | 10 | 5 | 215 | (5*(35+8))=x | 5 35 8 + * x = | 5:picture 35:album 8:album +:album *:picture x:picture =:picture
EXPR: 0 | POS | INT | 10 | 5 | 32 | ((5+35)-8)=x | 5 35 + 8 - x = | 5:picture 35:picture +:picture 8:picture -:picture x:picture =:picture
EXPR: 0 | POS | INT | 10 | 5 | 48 | ((5+35)+8)=x | 5 35 + 8 + x = | 5:picture 35:picture +:picture 8:picture +:picture x:picture =:picture
EXPR: 0 | POS | INT | 10 | 5 | 48 | x=((5+35)+8) | x 5 35 + 8 + = | x:picture 5:picture 35:picture +:picture 8:picture +:picture =:picture
EXPR: 0 | POS | INT | 10 | 5 | 215 | x=(5*(35+8)) | x 5 35 8 + * = | x:picture 5:picture 35:album 8:album +:album *:picture =:picture
EXPR: 0 | POS | INT | 10 | 5 | 135 | x=(5*(35-8)) | x 5 35 8 - * = | x:picture 5:picture 35:album 8:album -:album *:picture =:picture
EXPR: 0 | POS | INT | 10 | 5 | 32 | x=((5+35)-8) | x 5 35 + 8 - = | x:picture 5:picture 35:picture +:picture 8:picture -:picture =:picture
EXPR: 0 | POS | INT | 10 | 5 | 32 | x=(5+(35-8)) | x 5 35 8 - + = | x:picture 5:picture 35:picture 8:picture -:picture +:picture =:picture
EXPR: 0 | POS | INT | 10 | 5 | 48 | x=(5+(35+8)) | x 5 35 8 + + = | x:picture 5:picture 35:picture 8:picture +:picture +:picture =:picture
EXPR: 0 | POS | INT | 12 | 5 | 32 | ((5+35)-x)=8 | 5 35 + x - 8 = | 5:picture 35:picture +:picture x:picture -:picture 8:picture =:picture
EXPR: 0 | POS | INT | 12 | 5 | 455 | (35*(5+8))=x | 35 5 8 + * x = | 35:picture 5:album 8:album +:album *:picture x:picture =:picture
EXPR: 0 | POS | INT | 12 | 5 | 22 | x=((35-5)-8) | x 35 5 - 8 - = | x:picture 35:picture 5:picture -:picture 8:picture -:picture =:picture
EXPR: 0 | POS | INT | 12 | 5 | 38 | ((5-35)+x)=8 | 5 35 - x + 8 = | 5:picture 35:picture -:picture x:picture +:picture 8:picture =:picture
EXPR: 0 | POS | INT | 12 | 5 | 22 | 5=((35-8)-x) | 5 35 8 - x - = | 5:picture 35:picture 8:picture -:picture x:picture -:picture =:picture
EXPR: 0 | POS | INT | 12 | 5 | 22 | ((35-5)-8)=x | 35 5 - 8 - x = | 35:picture 5:picture -:picture 8:picture -:picture x:picture =:picture
EXPR: 0 | POS | INT | 12 | 5 | 455 | x=((5+8)*35) | x 5 8 + 35 * = | x:picture 5:album 8:album +:album 35:picture *:picture =:picture
EXPR: 0 | POS | INT | 12 | 5 | 32 | (5-(8-35))=x | 5 8 35 - - x = | 5:picture 8:picture 35:picture -:picture -:picture x:picture =:picture
EXPR: 0 | POS | INT | 12 | 5 | 1 | 5=(35/(8-x)) | 5 35 8 x - / = | 5:picture 35:picture 8:album x:album -:album /:picture =:picture
EXPR: 0 | POS | INT | 12 | 5 | 38 | (5+(x-35))=8 | 5 x 35 - + 8 = | 5:picture x:picture 35:picture -:picture +:picture 8:picture =:picture
EXPR: 0 | POS | INT | 12 | 5 | 48 | 5=((x-35)-8) | 5 x 35 - 8 - = | 5:picture x:picture 35:picture -:picture 8:picture -:picture =:picture
EXPR: 0 | POS | INT | 12 | 5 | 48 | ((5+8)+35)=x | 5 8 + 35 + x = | 5:picture 8:picture +:picture 35:picture +:picture x:picture =:picture
EXPR: 0 | POS | INT | 12 | 5 | 32 | (35+(5-8))=x | 35 5 8 - + x = | 35:picture 5:picture 8:picture -:picture +:picture x:picture =:picture
EXPR: 0 | POS | INT | 12 | 5 | 32 | (5-(x-35))=8 | 5 x 35 - - 8 = | 5:picture x:picture 35:picture -:picture -:picture 8:picture =:picture
EXPR: 0 | POS | INT | 12 | 5 | 38 | x=((35-5)+8) | x 35 5 - 8 + = | x:picture 35:picture 5:picture -:picture 8:picture +:picture =:picture
EXPR: 0 | POS | INT | 12 | 5 | 38 | ((x+5)-35)=8 | x 5 + 35 - 8 = | x:picture 5:picture +:picture 35:picture -:picture 8:picture =:picture
EXPR: 0 | POS | INT | 12 | 5 | 32 | x=((5-8)+35) | x 5 8 - 35 + = | x:picture 5:picture 8:picture -:picture 35:picture +:picture =:picture
EXPR: 0 | POS | INT | 12 | 5 | 48 | x=((5+8)+35) | x 5 8 + 35 + = | x:picture 5:picture 8:picture +:picture 35:picture +:picture =:picture
EXPR: 0 | POS | INT | 12 | 5 | 38 | ((5+x)-35)=8 | 5 x + 35 - 8 = | 5:picture x:picture +:picture 35:picture -:picture 8:picture =:picture
EXPR: 0 | POS | INT | 12 | 5 | 455 | x=(35*(5+8)) | x 35 5 8 + * = | x:picture 35:picture 5:album 8:album +:album *:picture =:picture
EXPR: 0 | POS | INT | 12 | 5 | 38 | (35-(5-8))=x | 35 5 8 - - x = | 35:picture 5:picture 8:picture -:picture -:picture x:picture =:picture
EXPR: 0 | POS | INT | 12 | 5 | 22 | (35-(5+8))=x | 35 5 8 + - x = | 35:picture 5:picture 8:picture +:picture -:picture x:picture =:picture
EXPR: 0 | POS | INT | 12 | 5 | 48 | (35+(5+8))=x | 35 5 8 + + x = | 35:picture 5:picture 8:picture +:picture +:picture x:picture =:picture
EXPR: 0 | POS | INT | 12 | 5 | 22 | 5=(35-(8+x)) | 5 35 8 x + - = | 5:picture 35:picture 8:picture x:picture +:picture -:picture =:picture
EXPR: 0 | POS | INT | 12 | 5 | 48 | (x-(5+35))=8 | x 5 35 + - 8 = | x:picture 5:picture 35:picture +:picture -:picture 8:picture =:picture
EXPR: 0 | POS | INT | 12 | 5 | 32 | ((5-8)+35)=x | 5 8 - 35 + x = | 5:picture 8:picture -:picture 35:picture +:picture x:picture =:picture
EXPR: 0 | POS | INT | 12 | 5 | 38 | (x+(5-35))=8 | x 5 35 - + 8 = | x:picture 5:picture 35:picture -:picture +:picture 8:picture =:picture
EXPR: 0 | POS | INT | 12 | 5 | 22 | 5=((35-x)-8) | 5 35 x - 8 - = | 5:picture 35:picture x:picture -:picture 8:picture -:picture =:picture
EXPR: 0 | POS | INT | 12 | 5 | 32 | 5=((x-35)+8) | 5 x 35 - 8 + = | 5:picture x:picture 35:picture -:picture 8:picture +:picture =:picture
EXPR: 0 | POS | INT | 12 | 5 | 38 | 5=(35+(8-x)) | 5 35 8 x - + = | 5:picture 35:picture 8:picture x:picture -:picture +:picture =:picture
EXPR: 0 | POS | INT | 12 | 5 | 38 | 5=((35-x)+8) | 5 35 x - 8 + = | 5:picture 35:picture x:picture -:picture 8:picture +:picture =:picture
EXPR: 0 | POS | INT | 12 | 5 | 215 | 5=(x/(35+8)) | 5 x 35 8 + / = | 5:picture x:picture 35:album 8:album +:album /:picture =:picture
EXPR: 0 | POS | INT | 12 | 5 | 22 | 5=(35-(x+8)) | 5 35 x 8 + - = | 5:picture 35:picture x:picture 8:picture +:picture -:picture =:picture
EXPR: 0 | POS | INT | 12 | 5 | 48 | 5=(x-(35+8)) | 5 x 35 8 + - = | 5:picture x:picture 35:picture 8:picture +:picture -:picture =:picture
EXPR: 0 | POS | INT | 12 | 5 | 32 | ((5-x)+35)=8 | 5 x - 35 + 8 = | 5:picture x:picture -:picture 35:picture +:picture 8:picture =:picture
EXPR: 0 | POS | INT | 12 | 5 | 135 | 5=(x/(35-8)) | 5 x 35 8 - / = | 5:picture x:picture 35:album 8:album -:album /:picture =:picture
EXPR: 0 | POS | INT | 12 | 5 | 15 | 5=(35/(x-8)) | 5 35 x 8 - / = | 5:picture 35:picture x:album 8:album -:album /:picture =:picture
EXPR: 0 | POS | INT | 12 | 5 | 32 | (5+(35-x))=8 | 5 35 x - + 8 = | 5:picture 35:picture x:picture -:picture +:picture 8:picture =:picture
EXPR: 0 | POS | INT | 12 | 5 | 32 | 5=(x-(35-8)) | 5 x 35 8 - - = | 5:picture x:picture 35:picture 8:picture -:picture -:picture =:picture
EXPR: 0 | POS | INT | 12 | 5 | 38 | (5-(35-x))=8 | 5 35 x - - 8 = | 5:picture 35:picture x:picture -:picture -:picture 8:picture =:picture
EXPR: 0 | POS | INT | 12 | 5 | 455 | ((5+8)*35)=x | 5 8 + 35 * x = | 5:album 8:album +:album 35:picture *:picture x:picture =:picture
EXPR: 0 | POS | INT | 12 | 5 | 38 | 5=(35-(x-8)) | 5 35 x 8 - - = | 5:picture 35:picture x:picture 8:picture -:picture -:picture =:picture
EXPR: 0 | POS | INT | 12 | 5 | 22 | x=(35-(5+8)) | x 35 5 8 + - = | x:picture 35:picture 5:picture 8:picture +:picture -:picture =:picture
EXPR: 0 | POS | INT | 12 | 5 | 38 | 5=((35+8)-x) | 5 35 8 + x - = | 5:picture 35:picture 8:picture +:picture x:picture -:picture =:picture
EXPR: 0 | POS | INT | 12 | 5 | 32 | x=(35+(5-8)) | x 35 5 8 - + = | x:picture 35:picture 5:picture 8:picture -:picture +:picture =:picture
EXPR: 0 | POS | INT | 12 | 5 | 38 | x=(35-(5-8)) | x 35 5 8 - - = | x:picture 35:picture 5:picture 8:picture -:picture -:picture =:picture
EXPR: 0 | POS | INT | 12 | 5 | 48 | ((x-5)-35)=8 | x 5 - 35 - 8 = | x:picture 5:picture -:picture 35:picture -:picture 8:picture =:picture
EXPR: 0 | POS | INT | 12 | 5 | 38 | ((35-5)+8)=x | 35 5 - 8 + x = | 35:picture 5:picture -:picture 8:picture +:picture x:picture =:picture
EXPR: 0 | POS | INT | 12 | 5 | 48 | x=(35+(5+8)) | x 35 5 8 + + = | x:picture 35:picture 5:picture 8:picture +:picture +:picture =:picture
EXPR: 0 | POS | INT | 12 | 5 | 320 | (x/(5+35))=8 | x 5 35 + / 8 = | x:album 5:picture 35:picture +:picture /:album 8:album =:album
EXPR: 0 | POS | INT | 12 | 5 | 32 | x=(5-(8-35)) | x 5 8 35 - - = | x:picture 5:picture 8:picture 35:picture -:picture -:picture =:picture
EXPR: 1 | POS | INT | 12 | 5 | 5 | (5+35)=(8*x) | 5 35 + 8 x * = | 5:picture 35:picture +:picture 8:album x:picture *:picture =:picture
EXPR: 0 | POS | INT | 12 | 5 | 320 | (5+35)=(x/8) | 5 35 + x 8 / = | 5:picture 35:picture +:picture x:picture 8:album /:picture =:picture
EXPR: 1 | POS | INT | 12 | 5 | 5 | (5+35)=(x*8) | 5 35 + x 8 * = | 5:picture 35:picture +:picture x:picture 8:album *:picture =:picture
EXPR: 0 | POS | INT | 12 | 5 | 275 | (x+5)=(35*8) | x 5 + 35 8 * = | x:picture 5:picture +:picture 35:picture 8:album *:picture =:picture
EXPR: 0 | POS | INT | 12 | 5 | 285 | (x-5)=(35*8) | x 5 - 35 8 * = | x:picture 5:picture -:picture 35:picture 8:album *:picture =:picture
EXPR: 0 | POS | INT | 12 | 5 | 275 | (5+x)=(35*8) | 5 x + 35 8 * = | 5:picture x:picture +:picture 35:picture 8:album *:picture =:picture
EXPR: 0 | POS | INT | 14 | 5 | 38 | 35=((x+5)-8) | 35 x 5 + 8 - = | 35:picture x:picture 5:picture +:picture 8:picture -:picture =:picture
EXPR: 0 | POS | INT | 14 | 5 | 38 | ((x+5)-8)=35 | x 5 + 8 - 35 = | x:picture 5:picture +:picture 8:picture -:picture 35:picture =:picture
EXPR: 0 | POS | INT | 14 | 5 | 32 | 5=((8+x)-35) | 5 8 x + 35 - = | 5:picture 8:picture x:picture +:picture 35:picture -:picture =:picture
EXPR: 0 | POS | INT | 14 | 5 | 38 | 35=((5-8)+x) | 35 5 8 - x + = | 35:picture 5:picture 8:picture -:picture x:picture +:picture =:picture
EXPR: 0 | POS | INT | 14 | 5 | 15 | (5*(x-8))=35 | 5 x 8 - * 35 = | 5:picture x:album 8:album -:album *:picture 35:picture =:picture
EXPR: 0 | POS | INT | 14 | 5 | 32 | (35+(5-x))=8 | 35 5 x - + 8 = | 35:picture 5:picture x:picture -:picture +:picture 8:picture =:picture
EXPR: 0 | POS | INT | 14 | 5 | 22 | 35=((x+5)+8) | 35 x 5 + 8 + = | 35:picture x:picture 5:picture +:picture 8:picture +:picture =:picture
EXPR: 0 | POS | INT | 14 | 5 | 22 | (35-(x+5))=8 | 35 x 5 + - 8 = | 35:picture x:picture 5:picture +:picture -:picture 8:picture =:picture
EXPR: 0 | POS | INT | 14 | 5 | 22 | (5+(x+8))=35 | 5 x 8 + + 35 = | 5:picture x:picture 8:picture +:picture +:picture 35:picture =:picture
EXPR: 0 | POS | INT | 14 | 5 | 1 | 35=(5*(8-x)) | 35 5 8 x - * = | 35:picture 5:picture 8:album x:album -:album *:picture =:picture
EXPR: 0 | POS | INT | 14 | 5 | 48 | 5=((x-8)-35) | 5 x 8 - 35 - = | 5:picture x:picture 8:picture -:picture 35:picture -:picture =:picture
EXPR: 0 | POS | INT | 14 | 5 | 38 | ((x-35)+5)=8 | x 35 - 5 + 8 = | x:picture 35:picture -:picture 5:picture +:picture 8:picture =:picture
EXPR: 0 | POS | INT | 14 | 5 | 455 | (x/(5+8))=35 | x 5 8 + / 35 = | x:picture 5:album 8:album +:album /:picture 35:picture =:picture
EXPR: 0 | POS | INT | 14 | 5 | 32 | 5=((x+8)-35) | 5 x 8 + 35 - = | 5:picture x:picture 8:picture +:picture 35:picture -:picture =:picture
EXPR: 0 | POS | INT | 14 | 5 | 22 | ((x+5)+8)=35 | x 5 + 8 + 35 = | x:picture 5:picture +:picture 8:picture +:picture 35:picture =:picture
EXPR: 0 | POS | INT | 14 | 5 | 22 | (5+(8+x))=35 | 5 8 x + + 35 = | 5:picture 8:picture x:picture +:picture +:picture 35:picture =:picture
EXPR: 0 | POS | INT | 14 | 5 | 15 | 35=(5*(x-8)) | 35 5 x 8 - * = | 35:picture 5:picture x:album 8:album -:album *:picture =:picture
EXPR: 0 | POS | INT | 14 | 5 | 22 | (35-(5+x))=8 | 35 5 x + - 8 = | 35:picture 5:picture x:picture +:picture -:picture 8:picture =:picture
EXPR: 0 | POS | INT | 14 | 5 | 32 | 5=((8-35)+x) | 5 8 35 - x + = | 5:picture 8:picture 35:picture -:picture x:picture +:picture =:picture
EXPR: 0 | POS | INT | 14 | 5 | 38 | (x+(5-8))=35 | x 5 8 - + 35 = | x:picture 5:picture 8:picture -:picture +:picture 35:picture =:picture
EXPR: 0 | POS | INT | 14 | 5 | 455 | 35=(x/(5+8)) | 35 x 5 8 + / = | 35:picture x:picture 5:album 8:album +:album /:picture =:picture
EXPR: 0 | POS | INT | 14 | 5 | 32 | 5=(8+(x-35)) | 5 8 x 35 - + = | 5:picture 8:picture x:picture 35:picture -:picture +:picture =:picture
EXPR: 0 | POS | INT | 14 | 5 | 38 | (5+(x-8))=35 | 5 x 8 - + 35 = | 5:picture x:picture 8:picture -:picture +:picture 35:picture =:picture
EXPR: 0 | POS | INT | 14 | 5 | 38 | 35=(5+(x-8)) | 35 5 x 8 - + = | 35:picture 5:picture x:picture 8:picture -:picture +:picture =:picture
EXPR: 0 | POS | INT | 14 | 5 | 38 | 5=((8-x)+35) | 5 8 x - 35 + = | 5:picture 8:picture x:picture -:picture 35:picture +:picture =:picture
EXPR: 0 | POS | INT | 14 | 5 | 38 | 5=(8+(35-x)) | 5 8 35 x - + = | 5:picture 8:picture 35:picture x:picture -:picture +:picture =:picture
EXPR: 0 | POS | INT | 14 | 5 | 38 | 35=(5-(8-x)) | 35 5 8 x - - = | 35:picture 5:picture 8:picture x:picture -:picture -:picture =:picture
EXPR: 0 | POS | INT | 14 | 5 | 38 | 5=(8-(x-35)) | 5 8 x 35 - - = | 5:picture 8:picture x:picture 35:picture -:picture -:picture =:picture
EXPR: 0 | POS | INT | 14 | 5 | 38 | ((5+x)-8)=35 | 5 x + 8 - 35 = | 5:picture x:picture +:picture 8:picture -:picture 35:picture =:picture
EXPR: 0 | POS | INT | 14 | 5 | 48 | 35=((x-5)-8) | 35 x 5 - 8 - = | 35:picture x:picture 5:picture -:picture 8:picture -:picture =:picture
EXPR: 0 | POS | INT | 14 | 5 | 48 | 35=(x-(5+8)) | 35 x 5 8 + - = | 35:picture x:picture 5:picture 8:picture +:picture -:picture =:picture
EXPR: 0 | POS | INT | 14 | 5 | 32 | 35=(x-(5-8)) | 35 x 5 8 - - = | 35:picture x:picture 5:picture 8:picture -:picture -:picture =:picture
EXPR: 0 | POS | INT | 14 | 5 | 32 | (x-(5-8))=35 | x 5 8 - - 35 = | x:picture 5:picture 8:picture -:picture -:picture 35:picture =:picture
EXPR: 0 | POS | INT | 14 | 5 | 32 | 35=((x-5)+8) | 35 x 5 - 8 + = | 35:picture x:picture 5:picture -:picture 8:picture +:picture =:picture
EXPR: 0 | POS | INT | 14 | 5 | 38 | (5-(8-x))=35 | 5 8 x - - 35 = | 5:picture 8:picture x:picture -:picture -:picture 35:picture =:picture
EXPR: 0 | POS | INT | 14 | 5 | 32 | ((35-x)+5)=8 | 35 x - 5 + 8 = | 35:picture x:picture -:picture 5:picture +:picture 8:picture =:picture
EXPR: 0 | POS | INT | 14 | 5 | 22 | 35=(5+(x+8)) | 35 5 x 8 + + = | 35:picture 5:picture x:picture 8:picture +:picture +:picture =:picture
EXPR: 0 | POS | INT | 14 | 5 | 22 | 35=((5+8)+x) | 35 5 8 + x + = | 35:picture 5:picture 8:picture +:picture x:picture +:picture =:picture
EXPR: 0 | POS | INT | 14 | 5 | 38 | (x-(35-5))=8 | x 35 5 - - 8 = | x:picture 35:picture 5:picture -:picture -:picture 8:picture =:picture
EXPR: 0 | POS | INT | 14 | 5 | 75 | (5*8)=(x-35) | 5 8 * x 35 - = | 5:picture 8:album *:picture x:picture 35:picture -:picture =:picture
EXPR: 1 | POS | INT | 14 | 5 | 5 | (5*8)=(35+x) | 5 8 * 35 x + = | 5:picture 8:album *:picture 35:picture x:picture +:picture =:picture
EXPR: 0 | POS | INT | 14 | 5 | 22 | ((35-5)-x)=8 | 35 5 - x - 8 = | 35:picture 5:picture -:picture x:picture -:picture 8:picture =:picture
EXPR: 0 | POS | INT | 14 | 5 | 22 | 35=((5+x)+8) | 35 5 x + 8 + = | 35:picture 5:picture x:picture +:picture 8:picture +:picture =:picture
EXPR: 0 | POS | INT | 14 | 5 | 48 | (x-(5+8))=35 | x 5 8 + - 35 = | x:picture 5:picture 8:picture +:picture -:picture 35:picture =:picture
EXPR: 0 | POS | INT | 14 | 5 | 22 | (x+(5+8))=35 | x 5 8 + + 35 = | x:picture 5:picture 8:picture +:picture +:picture 35:picture =:picture
EXPR: 0 | POS | INT | 14 | 5 | 38 | 35=((5+x)-8) | 35 5 x + 8 - = | 35:picture 5:picture x:picture +:picture 8:picture -:picture =:picture
EXPR: 1 | POS | INT | 14 | 5 | 5 | (5*8)=(x+35) | 5 8 * x 35 + = | 5:picture 8:album *:picture x:picture 35:picture +:picture =:picture
EXPR: 0 | POS | INT | 14 | 5 | 38 | 35=(x+(5-8)) | 35 x 5 8 - + = | 35:picture x:picture 5:picture 8:picture -:picture +:picture =:picture
EXPR: 0 | POS | INT | 14 | 5 | 48 | ((x-35)-5)=8 | x 35 - 5 - 8 = | x:picture 35:picture -:picture 5:picture -:picture 8:picture =:picture
EXPR: 0 | POS | INT | 14 | 5 | 22 | ((35-x)-5)=8 | 35 x - 5 - 8 = | 35:picture x:picture -:picture 5:picture -:picture 8:picture =:picture
EXPR: 0 | POS | INT | 14 | 5 | 22 | 35=(x+(5+8)) | 35 x 5 8 + + = | 35:picture x:picture 5:picture 8:picture +:picture +:picture =:picture
EXPR: 0 | POS | INT | 14 | 5 | 22 | ((5+x)+8)=35 | 5 x + 8 + 35 = | 5:picture x:picture +:picture 8:picture +:picture 35:picture =:picture
EXPR: 0 | POS | INT | 14 | 5 | 38 | ((5-8)+x)=35 | 5 8 - x + 35 = | 5:picture 8:picture -:picture x:picture +:picture 35:picture =:picture
EXPR: 0 | POS | INT | 14 | 5 | 22 | ((5+8)+x)=35 | 5 8 + x + 35 = | 5:picture 8:picture +:picture x:picture +:picture 35:picture =:picture
EXPR: 0 | POS | INT | 14 | 5 | 32 | ((x-5)+8)=35 | x 5 - 8 + 35 = | x:picture 5:picture -:picture 8:picture +:picture 35:picture =:picture
EXPR: 0 | POS | INT | 14 | 5 | 48 | ((x-5)-8)=35 | x 5 - 8 - 35 = | x:picture 5:picture -:picture 8:picture -:picture 35:picture =:picture
EXPR: 0 | POS | INT | 14 | 5 | 240 | (x/(35-5))=8 | x 35 5 - / 8 = | x:album 35:picture 5:picture -:picture /:album 8:album =:album
EXPR: 0 | POS | INT | 14 | 5 | 32 | 5=(x+(8-35)) | 5 x 8 35 - + = | 5:picture x:picture 8:picture 35:picture -:picture +:picture =:picture
EXPR: 0 | POS | INT | 14 | 5 | 32 | (35-(x-5))=8 | 35 x 5 - - 8 = | 35:picture x:picture 5:picture -:picture -:picture 8:picture =:picture
EXPR: 0 | POS | INT | 14 | 5 | 32 | 5=(8-(35-x)) | 5 8 35 x - - = | 5:picture 8:picture 35:picture x:picture -:picture -:picture =:picture
EXPR: 0 | POS | INT | 14 | 5 | 1 | (5*(8-x))=35 | 5 8 x - * 35 = | 5:picture 8:album x:album -:album *:picture 35:picture =:picture
EXPR: 0 | POS | INT | 14 | 5 | 22 | 35=(5+(8+x)) | 35 5 8 x + + = | 35:picture 5:picture 8:picture x:picture +:picture +:picture =:picture
EXPR: 0 | POS | INT | 14 | 5 | 75 | (x-35)=(5*8) | x 35 - 5 8 * = | x:picture 35:picture -:picture 5:picture 8:album *:picture =:picture
EXPR: 1 | POS | INT | 14 | 5 | 5 | (35+x)=(5*8) | 35 x + 5 8 * = | 35:picture x:picture +:picture 5:picture 8:album *:picture =:picture
EXPR: 0 | POS | INT | 14 | 5 | 240 | (35-5)=(x/8) | 35 5 - x 8 / = | 35:picture 5:picture -:picture x:picture 8:album /:picture =:picture
EXPR: 1 | POS | INT | 14 | 5 | 5 | (x+35)=(5*8) | x 35 + 5 8 * = | x:picture 35:picture +:picture 5:picture 8:album *:picture =:picture
EXPR: 0 | POS | INT | 15 | 5 | 22 | ((35-8)-5)=x | 35 8 - 5 - x = | 35:picture 8:picture -:picture 5:picture -:picture x:picture =:picture
EXPR: 0 | POS | INT | 15 | 5 | 48 | ((35+8)+5)=x | 35 8 + 5 + x = | 35:picture 8:picture +:picture 5:picture +:picture x:picture =:picture
EXPR: 0 | POS | INT | 15 | 5 | 38 | (35+(8-5))=x | 35 8 5 - + x = | 35:picture 8:picture 5:picture -:picture +:picture x:picture =:picture
EXPR: 0 | POS | INT | 15 | 5 | 135 | ((35-8)*5)=x | 35 8 - 5 * x = | 35:album 8:album -:album 5:picture *:picture x:picture =:picture
EXPR: 0 | POS | INT | 15 | 5 | 105 | ((8-5)*35)=x | 8 5 - 35 * x = | 8:album 5:album -:album 35:picture *:picture x:picture =:picture
EXPR: 0 | POS | INT | 15 | 5 | 215 | x=((35+8)*5) | x 35 8 + 5 * = | x:picture 35:album 8:album +:album 5:picture *:picture =:picture
EXPR: 0 | POS | INT | 15 | 5 | 38 | (8-(5-35))=x | 8 5 35 - - x = | 8:picture 5:picture 35:picture -:picture -:picture x:picture =:picture
EXPR: 0 | POS | INT | 15 | 5 | 105 | x=(35*(8-5)) | x 35 8 5 - * = | x:picture 35:picture 8:album 5:album -:album *:picture =:picture
EXPR: 0 | POS | INT | 15 | 5 | 215 | ((35+8)*5)=x | 35 8 + 5 * x = | 35:album 8:album +:album 5:picture *:picture x:picture =:picture
EXPR: 0 | POS | INT | 15 | 5 | 38 | x=((8-5)+35) | x 8 5 - 35 + = | x:picture 8:picture 5:picture -:picture 35:picture +:picture =:picture
EXPR: 0 | POS | INT | 15 | 5 | 38 | ((35+8)-5)=x | 35 8 + 5 - x = | 35:picture 8:picture +:picture 5:picture -:picture x:picture =:picture
EXPR: 0 | POS | INT | 15 | 5 | 32 | (35-(8-5))=x | 35 8 5 - - x = | 35:picture 8:picture 5:picture -:picture -:picture x:picture =:picture
EXPR: 0 | POS | INT | 15 | 5 | 32 | ((35-8)+5)=x | 35 8 - 5 + x = | 35:picture 8:picture -:picture 5:picture +:picture x:picture =:picture
EXPR: 0 | POS | INT | 15 | 5 | 48 | (8+(5+35))=x | 8 5 35 + + x = | 8:picture 5:picture 35:picture +:picture +:picture x:picture =:picture
EXPR: 0 | POS | INT | 15 | 5 | 105 | (35*(8-5))=x | 35 8 5 - * x = | 35:picture 8:album 5:album -:album *:picture x:picture =:picture
EXPR: 0 | POS | INT | 15 | 5 | 22 | x=((35-8)-5) | x 35 8 - 5 - = | x:picture 35:picture 8:picture -:picture 5:picture -:picture =:picture
EXPR: 0 | POS | INT | 15 | 5 | 32 | x=((35-8)+5) | x 35 8 - 5 + = | x:picture 35:picture 8:picture -:picture 5:picture +:picture =:picture
EXPR: 0 | POS | INT | 15 | 5 | 48 | x=((35+8)+5) | x 35 8 + 5 + = | x:picture 35:picture 8:picture +:picture 5:picture +:picture =:picture
EXPR: 0 | POS | INT | 15 | 5 | 38 | ((8-5)+35)=x | 8 5 - 35 + x = | 8:picture 5:picture -:picture 35:picture +:picture x:picture =:picture
EXPR: 0 | POS | INT | 15 | 5 | 38 | x=((35+8)-5) | x 35 8 + 5 - = | x:picture 35:picture 8:picture +:picture 5:picture -:picture =:picture
EXPR: 0 | POS | INT | 15 | 5 | 38 | x=(35+(8-5)) | x 35 8 5 - + = | x:picture 35:picture 8:picture 5:picture -:picture +:picture =:picture
EXPR: 0 | POS | INT | 15 | 5 | 105 | x=((8-5)*35) | x 8 5 - 35 * = | x:picture 8:album 5:album -:album 35:picture *:picture =:picture
EXPR: 0 | POS | INT | 15 | 5 | 32 | x=(35-(8-5)) | x 35 8 5 - - = | x:picture 35:picture 8:picture 5:picture -:picture -:picture =:picture
EXPR: 0 | POS | INT | 15 | 5 | 135 | x=((35-8)*5) | x 35 8 - 5 * = | x:picture 35:album 8:album -:album 5:picture *:picture =:picture
EXPR: 0 | POS | INT | 15 | 5 | 38 | x=(8-(5-35)) | x 8 5 35 - - = | x:picture 8:picture 5:picture 35:picture -:picture -:picture =:picture
EXPR: 0 | POS | INT | 15 | 5 | 48 | x=(8+(5+35)) | x 8 5 35 + + = | x:picture 8:picture 5:picture 35:picture +:picture +:picture =:picture
EXPR: 0 | POS | INT | 17 | 5 | 38 | 8=((x+5)-35) | 8 x 5 + 35 - = | 8:picture x:picture 5:picture +:picture 35:picture -:picture =:picture
EXPR: 0 | POS | INT | 17 | 5 | 15 | (35/(x-8))=5 | 35 x 8 - / 5 = | 35:picture x:album 8:album -:album /:picture 5:picture =:picture
EXPR: 0 | POS | INT | 17 | 5 | 1 | (35/(8-x))=5 | 35 8 x - / 5 = | 35:picture 8:album x:album -:album /:picture 5:picture =:picture
EXPR: 0 | POS | INT | 17 | 5 | 38 | (8+(35-5))=x | 8 35 5 - + x = | 8:picture 35:picture 5:picture -:picture +:picture x:picture =:picture
EXPR: 0 | POS | INT | 17 | 5 | 32 | 35=((8+x)-5) | 35 8 x + 5 - = | 35:picture 8:picture x:picture +:picture 5:picture -:picture =:picture
EXPR: 0 | POS | INT | 17 | 5 | 48 | 35=((x-8)-5) | 35 x 8 - 5 - = | 35:picture x:picture 8:picture -:picture 5:picture -:picture =:picture
EXPR: 0 | POS | INT | 17 | 5 | 1 | ((8-x)*5)=35 | 8 x - 5 * 35 = | 8:album x:album -:album 5:picture *:picture 35:picture =:picture
EXPR: 0 | POS | INT | 17 | 5 | 32 | (8-(5-x))=35 | 8 5 x - - 35 = | 8:picture 5:picture x:picture -:picture -:picture 35:picture =:picture
EXPR: 0 | POS | INT | 17 | 5 | 22 | (35-(8+x))=5 | 35 8 x + - 5 = | 35:picture 8:picture x:picture +:picture -:picture 5:picture =:picture
EXPR: 0 | POS | INT | 17 | 5 | 32 | ((x-35)+8)=5 | x 35 - 8 + 5 = | x:picture 35:picture -:picture 8:picture +:picture 5:picture =:picture
EXPR: 0 | POS | INT | 17 | 5 | 32 | 35=((x+8)-5) | 35 x 8 + 5 - = | 35:picture x:picture 8:picture +:picture 5:picture -:picture =:picture
EXPR: 0 | POS | INT | 17 | 5 | 22 | ((x+8)+5)=35 | x 8 + 5 + 35 = | x:picture 8:picture +:picture 5:picture +:picture 35:picture =:picture
EXPR: 0 | POS | INT | 17 | 5 | 15 | ((x-8)*5)=35 | x 8 - 5 * 35 = | x:album 8:album -:album 5:picture *:picture 35:picture =:picture
EXPR: 0 | POS | INT | 17 | 5 | 32 | ((8+x)-5)=35 | 8 x + 5 - 35 = | 8:picture x:picture +:picture 5:picture -:picture 35:picture =:picture
EXPR: 0 | POS | INT | 17 | 5 | 38 | 35=((x-8)+5) | 35 x 8 - 5 + = | 35:picture x:picture 8:picture -:picture 5:picture +:picture =:picture
EXPR: 0 | POS | INT | 17 | 5 | 215 | (x/(35+8))=5 | x 35 8 + / 5 = | x:picture 35:album 8:album +:album /:picture 5:picture =:picture
EXPR: 0 | POS | INT | 17 | 5 | 320 | 8=(x/(5+35)) | 8 x 5 35 + / = | 8:album x:album 5:picture 35:picture +:picture /:album =:album
EXPR: 0 | POS | INT | 17 | 5 | 22 | 35=((8+x)+5) | 35 8 x + 5 + = | 35:picture 8:picture x:picture +:picture 5:picture +:picture =:picture
EXPR: 0 | POS | INT | 17 | 5 | 32 | ((x+8)-5)=35 | x 8 + 5 - 35 = | x:picture 8:picture +:picture 5:picture -:picture 35:picture =:picture
EXPR: 0 | POS | INT | 17 | 5 | 38 | (35+(8-x))=5 | 35 8 x - + 5 = | 35:picture 8:picture x:picture -:picture +:picture 5:picture =:picture
EXPR: 0 | POS | INT | 17 | 5 | 22 | 35=((x+8)+5) | 35 x 8 + 5 + = | 35:picture x:picture 8:picture +:picture 5:picture +:picture =:picture
EXPR: 0 | POS | INT | 17 | 5 | 22 | (8+(x+5))=35 | 8 x 5 + + 35 = | 8:picture x:picture 5:picture +:picture +:picture 35:picture =:picture
EXPR: 0 | POS | INT | 17 | 5 | 320 | (x/8)=(5+35) | x 8 / 5 35 + = | x:picture 8:album /:picture 5:picture 35:picture +:picture =:picture
EXPR: 0 | POS | INT | 17 | 5 | 32 | 8=(5-(x-35)) | 8 5 x 35 - - = | 8:picture 5:picture x:picture 35:picture -:picture -:picture =:picture
EXPR: 0 | POS | INT | 17 | 5 | 38 | 8=(5+(x-35)) | 8 5 x 35 - + = | 8:picture 5:picture x:picture 35:picture -:picture +:picture =:picture
EXPR: 0 | POS | INT | 17 | 5 | 32 | 35=(8-(5-x)) | 35 8 5 x - - = | 35:picture 8:picture 5:picture x:picture -:picture -:picture =:picture
EXPR: 0 | POS | INT | 17 | 5 | 32 | 8=((5-x)+35) | 8 5 x - 35 + = | 8:picture 5:picture x:picture -:picture 35:picture +:picture =:picture
EXPR: 0 | POS | INT | 17 | 5 | 48 | 8=((x-5)-35) | 8 x 5 - 35 - = | 8:picture x:picture 5:picture -:picture 35:picture -:picture =:picture
EXPR: 0 | POS | INT | 17 | 5 | 32 | 8=((5+35)-x) | 8 5 35 + x - = | 8:picture 5:picture 35:picture +:picture x:picture -:picture =:picture
EXPR: 0 | POS | INT | 17 | 5 | 32 | 35=(8+(x-5)) | 35 8 x 5 - + = | 35:picture 8:picture x:picture 5:picture -:picture +:picture =:picture
EXPR: 0 | POS | INT | 17 | 5 | 22 | 35=(8+(x+5)) | 35 8 x 5 + + = | 35:picture 8:picture x:picture 5:picture +:picture +:picture =:picture
EXPR: 0 | POS | INT | 17 | 5 | 32 | (x+(8-5))=35 | x 8 5 - + 35 = | x:picture 8:picture 5:picture -:picture +:picture 35:picture =:picture
EXPR: 0 | POS | INT | 17 | 5 | 38 | ((35+8)-x)=5 | 35 8 + x - 5 = | 35:picture 8:picture +:picture x:picture -:picture 5:picture =:picture
EXPR: 0 | POS | INT | 17 | 5 | 38 | ((35-x)+8)=5 | 35 x - 8 + 5 = | 35:picture x:picture -:picture 8:picture +:picture 5:picture =:picture
EXPR: 0 | POS | INT | 17 | 5 | 38 | 8=(5-(35-x)) | 8 5 35 x - - = | 8:picture 5:picture 35:picture x:picture -:picture -:picture =:picture
EXPR: 0 | POS | INT | 17 | 5 | 38 | (x-(8-5))=35 | x 8 5 - - 35 = | x:picture 8:picture 5:picture -:picture -:picture 35:picture =:picture
EXPR: 0 | POS | INT | 17 | 5 | 48 | (x-(35+8))=5 | x 35 8 + - 5 = | x:picture 35:picture 8:picture +:picture -:picture 5:picture =:picture
EXPR: 0 | POS | INT | 17 | 5 | 32 | 8=(5+(35-x)) | 8 5 35 x - + = | 8:picture 5:picture 35:picture x:picture -:picture +:picture =:picture
EXPR: 1 | POS | INT | 17 | 5 | 5 | (8*x)=(5+35) | 8 x * 5 35 + = | 8:album x:picture *:picture 5:picture 35:picture +:picture =:picture
EXPR: 0 | POS | INT | 17 | 5 | 32 | (x-(35-8))=5 | x 35 8 - - 5 = | x:picture 35:picture 8:picture -:picture -:picture 5:picture =:picture
EXPR: 0 | POS | INT | 17 | 5 | 22 | ((8+x)+5)=35 | 8 x + 5 + 35 = | 8:picture x:picture +:picture 5:picture +:picture 35:picture =:picture
EXPR: 0 | POS | INT | 17 | 5 | 38 | 8=((5+x)-35) | 8 5 x + 35 - = | 8:picture 5:picture x:picture +:picture 35:picture -:picture =:picture
EXPR: 0 | POS | INT | 17 | 5 | 38 | ((x-8)+5)=35 | x 8 - 5 + 35 = | x:picture 8:picture -:picture 5:picture +:picture 35:picture =:picture
EXPR: 0 | POS | INT | 17 | 5 | 32 | 35=((8-5)+x) | 35 8 5 - x + = | 35:picture 8:picture 5:picture -:picture x:picture +:picture =:picture
EXPR: 0 | POS | INT | 17 | 5 | 38 | (35-(x-8))=5 | 35 x 8 - - 5 = | 35:picture x:picture 8:picture -:picture -:picture 5:picture =:picture
EXPR: 0 | POS | INT | 17 | 5 | 38 | 8=(x+(5-35)) | 8 x 5 35 - + = | 8:picture x:picture 5:picture 35:picture -:picture +:picture =:picture
EXPR: 0 | POS | INT | 17 | 5 | 22 | 35=(8+(5+x)) | 35 8 5 x + + = | 35:picture 8:picture 5:picture x:picture +:picture +:picture =:picture
EXPR: 0 | POS | INT | 17 | 5 | 22 | (35-(x+8))=5 | 35 x 8 + - 5 = | 35:picture x:picture 8:picture +:picture -:picture 5:picture =:picture
EXPR: 0 | POS | INT | 17 | 5 | 32 | ((8-5)+x)=35 | 8 5 - x + 35 = | 8:picture 5:picture -:picture x:picture +:picture 35:picture =:picture
EXPR: 0 | POS | INT | 17 | 5 | 105 | 35=(x/(8-5)) | 35 x 8 5 - / = | 35:picture x:picture 8:album 5:album -:album /:picture =:picture
EXPR: 0 | POS | INT | 17 | 5 | 285 | (35*8)=(x-5) | 35 8 * x 5 - = | 35:picture 8:album *:picture x:picture 5:picture -:picture =:picture
EXPR: 0 | POS | INT | 17 | 5 | 38 | 35=(x-(8-5)) | 35 x 8 5 - - = | 35:picture x:picture 8:picture 5:picture -:picture -:picture =:picture
EXPR: 0 | POS | INT | 17 | 5 | 48 | ((x-8)-5)=35 | x 8 - 5 - 35 = | x:picture 8:picture -:picture 5:picture -:picture 35:picture =:picture
EXPR: 0 | POS | INT | 17 | 5 | 38 | 8=((5-35)+x) | 8 5 35 - x + = | 8:picture 5:picture 35:picture -:picture x:picture +:picture =:picture
EXPR: 0 | POS | INT | 17 | 5 | 275 | (35*8)=(x+5) | 35 8 * x 5 + = | 35:picture 8:album *:picture x:picture 5:picture +:picture =:picture
EXPR: 0 | POS | INT | 17 | 5 | 48 | 8=(x-(5+35)) | 8 x 5 35 + - = | 8:picture x:picture 5:picture 35:picture +:picture -:picture =:picture
EXPR: 1 | POS | INT | 17 | 5 | 5 | (x*8)=(5+35) | x 8 * 5 35 + = | x:picture 8:album *:picture 5:picture 35:picture +:picture =:picture
EXPR: 0 | POS | INT | 17 | 5 | 48 | ((x-35)-8)=5 | x 35 - 8 - 5 = | x:picture 35:picture -:picture 8:picture -:picture 5:picture =:picture
EXPR: 0 | POS | INT | 17 | 5 | 32 | (8+(x-5))=35 | 8 x 5 - + 35 = | 8:picture x:picture 5:picture -:picture +:picture 35:picture =:picture
EXPR: 0 | POS | INT | 17 | 5 | 275 | (35*8)=(5+x) | 35 8 * 5 x + = | 35:picture 8:album *:picture 5:picture x:picture +:picture =:picture
EXPR: 0 | POS | INT | 17 | 5 | 135 | (x/(35-8))=5 | x 35 8 - / 5 = | x:picture 35:album 8:album -:album /:picture 5:picture =:picture
EXPR: 0 | POS | INT | 17 | 5 | 32 | 35=(x+(8-5)) | 35 x 8 5 - + = | 35:picture x:picture 8:picture 5:picture -:picture +:picture =:picture
EXPR: 0 | POS | INT | 17 | 5 | 15 | 35=((x-8)*5) | 35 x 8 - 5 * = | 35:picture x:album 8:album -:album 5:picture *:picture =:picture
EXPR: 0 | POS | INT | 17 | 5 | 22 | ((35-x)-8)=5 | 35 x - 8 - 5 = | 35:picture x:picture -:picture 8:picture -:picture 5:picture =:picture
EXPR: 0 | POS | INT | 17 | 5 | 105 | (x/(8-5))=35 | x 8 5 - / 35 = | x:picture 8:album 5:album -:album /:picture 35:picture =:picture
EXPR: 0 | POS | INT | 17 | 5 | 22 | (8+(5+x))=35 | 8 5 x + + 35 = | 8:picture 5:picture x:picture +:picture +:picture 35:picture =:picture
EXPR: 0 | POS | INT | 17 | 5 | 22 | ((35-8)-x)=5 | 35 8 - x - 5 = | 35:picture 8:picture -:picture x:picture -:picture 5:picture =:picture
EXPR: 0 | POS | INT | 17 | 5 | 1 | 35=((8-x)*5) | 35 8 x - 5 * = | 35:picture 8:album x:album -:album 5:picture *:picture =:picture
EXPR: 0 | POS | INT | 17 | 5 | 38 | x=(8+(35-5)) | x 8 35 5 - + = | x:picture 8:picture 35:picture 5:picture -:picture +:picture =:picture
EXPR: 0 | POS | INT | 19 | 5 | 32 | (8+(x-35))=5 | 8 x 35 - + 5 = | 8:picture x:picture 35:picture -:picture +:picture 5:picture =:picture
EXPR: 0 | POS | INT | 19 | 5 | 38 | (8-(x-35))=5 | 8 x 35 - - 5 = | 8:picture x:picture 35:picture -:picture -:picture 5:picture =:picture
EXPR: 0 | POS | INT | 19 | 5 | 32 | ((8-35)+x)=5 | 8 35 - x + 5 = | 8:picture 35:picture -:picture x:picture +:picture 5:picture =:picture
EXPR: 0 | POS | INT | 19 | 5 | 240 | 8=(x/(35-5)) | 8 x 35 5 - / = | 8:album x:album 35:picture 5:picture -:picture /:album =:album
EXPR: 0 | POS | INT | 19 | 5 | 32 | ((x+8)-35)=5 | x 8 + 35 - 5 = | x:picture 8:picture +:picture 35:picture -:picture 5:picture =:picture
EXPR: 0 | POS | INT | 19 | 5 | 32 | ((8+x)-35)=5 | 8 x + 35 - 5 = | 8:picture x:picture +:picture 35:picture -:picture 5:picture =:picture
EXPR: 0 | POS | INT | 19 | 5 | 22 | 8=(35-(x+5)) | 8 35 x 5 + - = | 8:picture 35:picture x:picture 5:picture +:picture -:picture =:picture
EXPR: 0 | POS | INT | 19 | 5 | 22 | 8=(35-(5+x)) | 8 35 5 x + - = | 8:picture 35:picture 5:picture x:picture +:picture -:picture =:picture
EXPR: 0 | POS | INT | 19 | 5 | 32 | 8=(35-(x-5)) | 8 35 x 5 - - = | 8:picture 35:picture x:picture 5:picture -:picture -:picture =:picture
EXPR: 0 | POS | INT | 19 | 5 | 22 | 8=((35-x)-5) | 8 35 x - 5 - = | 8:picture 35:picture x:picture -:picture 5:picture -:picture =:picture
EXPR: 0 | POS | INT | 19 | 5 | 38 | 8=(x-(35-5)) | 8 x 35 5 - - = | 8:picture x:picture 35:picture 5:picture -:picture -:picture =:picture
EXPR: 0 | POS | INT | 19 | 5 | 32 | 8=(35+(5-x)) | 8 35 5 x - + = | 8:picture 35:picture 5:picture x:picture -:picture +:picture =:picture
EXPR: 0 | POS | INT | 19 | 5 | 32 | 8=((35-x)+5) | 8 35 x - 5 + = | 8:picture 35:picture x:picture -:picture 5:picture +:picture =:picture
EXPR: 0 | POS | INT | 19 | 5 | 38 | ((8-x)+35)=5 | 8 x - 35 + 5 = | 8:picture x:picture -:picture 35:picture +:picture 5:picture =:picture
EXPR: 0 | POS | INT | 19 | 5 | 32 | (x+(8-35))=5 | x 8 35 - + 5 = | x:picture 8:picture 35:picture -:picture +:picture 5:picture =:picture
EXPR: 0 | POS | INT | 19 | 5 | 48 | 8=((x-35)-5) | 8 x 35 - 5 - = | 8:picture x:picture 35:picture -:picture 5:picture -:picture =:picture
EXPR: 0 | POS | INT | 19 | 5 | 38 | 8=((x-35)+5) | 8 x 35 - 5 + = | 8:picture x:picture 35:picture -:picture 5:picture +:picture =:picture
EXPR: 0 | POS | INT | 19 | 5 | 22 | 8=((35-5)-x) | 8 35 5 - x - = | 8:picture 35:picture 5:picture -:picture x:picture -:picture =:picture
EXPR: 0 | POS | INT | 19 | 5 | 48 | ((x-8)-35)=5 | x 8 - 35 - 5 = | x:picture 8:picture -:picture 35:picture -:picture 5:picture =:picture
EXPR: 0 | POS | INT | 19 | 5 | 240 | (x/8)=(35-5) | x 8 / 35 5 - = | x:picture 8:album /:picture 35:picture 5:picture -:picture =:picture
EXPR: 0 | POS | INT | 19 | 5 | 38 | (8+(35-x))=5 | 8 35 x - + 5 = | 8:picture 35:picture x:picture -:picture +:picture 5:picture =:picture
EXPR: 0 | POS | INT | 19 | 5 | 32 | (8-(35-x))=5 | 8 35 x - - 5 = | 8:picture 35:picture x:picture -:picture -:picture 5:picture =:picture
EXPR: 0 | POS | INT | 20 | 5 | 167 | x=((5*35)-8) | x 5 35 * 8 - = | x:album 5:picture 35:album *:album 8:album -:album =:album
NET 313 unique, non-negative, integer-valued solutions found out of 1000 total solutions
