parameters: n=7 l=3 k=1 p=5 q=2 m=9
TOTAL 1000 solutions found
SOLN: CORRECT | POS/NEG | INT/FRA | OBJ-SCORE | TRUE-ANS | ANS | INFIX | POSTFIX | TYPED-POSTFIX
EXPR: 1 | POS | INT | 2 | 9 | 9 | ((17+55)/x)=8 | 17 55 + x / 8 = | 17:puppy 55:puppy +:puppy x:LENGTH /:puppy 8:puppy =:puppy
EXPR: 1 | POS | INT | 4 | 9 | 9 | 17=((x*8)-55) | 17 x 8 * 55 - = | 17:puppy x:LENGTH 8:puppy *:puppy 55:puppy -:puppy =:puppy
EXPR: 1 | POS | INT | 4 | 9 | 9 | 17=((8*x)-55) | 17 8 x * 55 - = | 17:puppy 8:puppy x:LENGTH *:puppy 55:puppy -:puppy =:puppy
EXPR: 1 | POS | INT | 7 | 9 | 9 | 55=((8*x)-17) | 55 8 x * 17 - = | 55:puppy 8:puppy x:LENGTH *:puppy 17:puppy -:puppy =:puppy
EXPR: 1 | POS | INT | 7 | 9 | 9 | ((x*8)-17)=55 | x 8 * 17 - 55 = | x:LENGTH 8:puppy *:puppy 17:puppy -:puppy 55:puppy =:puppy
EXPR: 1 | POS | INT | 7 | 9 | 9 | 55=((x*8)-17) | 55 x 8 * 17 - = | 55:puppy x:LENGTH 8:puppy *:puppy 17:puppy -:puppy =:puppy
EXPR: 1 | POS | INT | 7 | 9 | 9 | 8=((17+55)/x) | 8 17 55 + x / = | 8:puppy 17:puppy 55:puppy +:puppy x:LENGTH /:puppy =:puppy
EXPR: 1 | POS | INT | 7 | 9 | 9 | ((8*x)-17)=55 | 8 x * 17 - 55 = | 8:puppy x:LENGTH *:puppy 17:puppy -:puppy 55:puppy =:puppy
EXPR: 1 | POS | INT | 9 | 9 | 9 | ((8*x)-55)=17 | 8 x * 55 - 17 = | 8:puppy x:LENGTH *:puppy 55:puppy -:puppy 17:puppy =:puppy
EXPR: 1 | POS | INT | 9 | 9 | 9 | ((x*8)-55)=17 | x 8 * 55 - 17 = | x:LENGTH 8:puppy *:puppy 55:puppy -:puppy 17:puppy =:puppy
EXPR: 0 | POS | INT | 10 | 9 | 576 | x=((17+55)*8) | x 17 55 + 8 * = | x:LENGTH 17:puppy 55:puppy +:puppy 8:LENGTH *:LENGTH =:LENGTH
EXPR: 0 | POS | INT | 10 | 9 | 1071 | x=(17*(55+8)) | x 17 55 8 + * = | x:LENGTH 17:LENGTH 55:puppy 8:puppy +:puppy *:LENGTH =:LENGTH
EXPR: 0 | POS | INT | 10 | 9 | 799 | x=(17*(55-8)) | x 17 55 8 - * = | x:LENGTH 17:LENGTH 55:puppy 8:puppy -:puppy *:LENGTH =:LENGTH
EXPR: 0 | POS | INT | 10 | 9 | 64 | ((17+55)-8)=x | 17 55 + 8 - x = | 17:puppy 55:puppy +:puppy 8:puppy -:puppy x:puppy =:puppy
EXPR: 0 | POS | INT | 10 | 9 | 799 | (17*(55-8))=x | 17 55 8 - * x = | 17:LENGTH 55:puppy 8:puppy -:puppy *:LENGTH x:LENGTH =:LENGTH
EXPR: 0 | POS | INT | 10 | 9 | 64 | x=(17+(55-8)) | x 17 55 8 - + = | x:puppy 17:puppy 55:puppy 8:puppy -:puppy +:puppy =:puppy
EXPR: 0 | POS | INT | 10 | 9 | 80 | ((17+55)+8)=x | 17 55 + 8 + x = | 17:puppy 55:puppy +:puppy 8:puppy +:puppy x:puppy =:puppy
EXPR: 0 | POS | INT | 10 | 9 | 64 | (17+(55-8))=x | 17 55 8 - + x = | 17:puppy 55:puppy 8:puppy -:puppy +:puppy x:puppy =:puppy
EXPR: 0 | POS | INT | 10 | 9 | 80 | x=(17+(55+8)) | x 17 55 8 + + = | x:puppy 17:puppy 55:puppy 8:puppy +:puppy +:puppy =:puppy
EXPR: 0 | POS | INT | 10 | 9 | 576 | ((17+55)*8)=x | 17 55 + 8 * x = | 17:puppy 55:puppy +:puppy 8:LENGTH *:LENGTH x:LENGTH =:LENGTH
EXPR: 0 | POS | INT | 10 | 9 | 80 | (17+(55+8))=x | 17 55 8 + + x = | 17:puppy 55:puppy 8:puppy +:puppy +:puppy x:puppy =:puppy
EXPR: 0 | POS | INT | 10 | 9 | 1071 | (17*(55+8))=x | 17 55 8 + * x = | 17:LENGTH 55:puppy 8:puppy +:puppy *:LENGTH x:LENGTH =:LENGTH
EXPR: 0 | POS | INT | 10 | 9 | 64 | x=((17+55)-8) | x 17 55 + 8 - = | x:puppy 17:puppy 55:puppy +:puppy 8:puppy -:puppy =:puppy
EXPR: 0 | POS | INT | 10 | 9 | 80 | x=((17+55)+8) | x 17 55 + 8 + = | x:puppy 17:puppy 55:puppy +:puppy 8:puppy +:puppy =:puppy
EXPR: 0 | POS | INT | 12 | 9 | 1071 | 17=(x/(55+8)) | 17 x 55 8 + / = | 17:LENGTH x:LENGTH 55:puppy 8:puppy +:puppy /:LENGTH =:LENGTH
EXPR: 0 | POS | INT | 12 | 9 | 576 | (x/(17+55))=8 | x 17 55 + / 8 = | x:LENGTH 17:puppy 55:puppy +:puppy /:LENGTH 8:LENGTH =:LENGTH
EXPR: 0 | POS | INT | 12 | 9 | 46 | ((17+x)-55)=8 | 17 x + 55 - 8 = | 17:puppy x:puppy +:puppy 55:puppy -:puppy 8:puppy =:puppy
EXPR: 0 | POS | INT | 12 | 9 | 80 | (x-(17+55))=8 | x 17 55 + - 8 = | x:puppy 17:puppy 55:puppy +:puppy -:puppy 8:puppy =:puppy
EXPR: 0 | POS | INT | 12 | 9 | 46 | 17=(55-(x-8)) | 17 55 x 8 - - = | 17:puppy 55:puppy x:puppy 8:puppy -:puppy -:puppy =:puppy
EXPR: 0 | POS | INT | 12 | 9 | 30 | 17=(55-(x+8)) | 17 55 x 8 + - = | 17:puppy 55:puppy x:puppy 8:puppy +:puppy -:puppy =:puppy
EXPR: 0 | POS | INT | 12 | 9 | 1375 | x=(55*(17+8)) | x 55 17 8 + * = | x:LENGTH 55:LENGTH 17:puppy 8:puppy +:puppy *:LENGTH =:LENGTH
EXPR: 0 | POS | INT | 12 | 9 | 46 | 17=((55-x)+8) | 17 55 x - 8 + = | 17:puppy 55:puppy x:puppy -:puppy 8:puppy +:puppy =:puppy
EXPR: 0 | POS | INT | 12 | 9 | 64 | ((17-x)+55)=8 | 17 x - 55 + 8 = | 17:puppy x:puppy -:puppy 55:puppy +:puppy 8:puppy =:puppy
EXPR: 0 | POS | INT | 12 | 9 | 799 | 17=(x/(55-8)) | 17 x 55 8 - / = | 17:LENGTH x:LENGTH 55:puppy 8:puppy -:puppy /:LENGTH =:LENGTH
EXPR: 1 | POS | INT | 12 | 9 | 9 | (17+55)=(8*x) | 17 55 + 8 x * = | 17:puppy 55:puppy +:puppy 8:puppy x:LENGTH *:puppy =:puppy
EXPR: 1 | POS | INT | 12 | 9 | 9 | (17+55)=(x*8) | 17 55 + x 8 * = | 17:puppy 55:puppy +:puppy x:LENGTH 8:puppy *:puppy =:puppy
EXPR: 0 | POS | INT | 12 | 9 | 1375 | x=((17+8)*55) | x 17 8 + 55 * = | x:LENGTH 17:puppy 8:puppy +:puppy 55:LENGTH *:LENGTH =:LENGTH
EXPR: 0 | POS | INT | 12 | 9 | 30 | 17=((55-8)-x) | 17 55 8 - x - = | 17:puppy 55:puppy 8:puppy -:puppy x:puppy -:puppy =:puppy
EXPR: 0 | POS | INT | 12 | 9 | 64 | (17-(8-55))=x | 17 8 55 - - x = | 17:puppy 8:puppy 55:puppy -:puppy -:puppy x:puppy =:puppy
EXPR: 0 | POS | INT | 12 | 9 | 46 | ((x+17)-55)=8 | x 17 + 55 - 8 = | x:puppy 17:puppy +:puppy 55:puppy -:puppy 8:puppy =:puppy
EXPR: 0 | POS | INT | 12 | 9 | 80 | ((x-17)-55)=8 | x 17 - 55 - 8 = | x:puppy 17:puppy -:puppy 55:puppy -:puppy 8:puppy =:puppy
EXPR: 0 | POS | INT | 12 | 9 | 30 | 17=((55-x)-8) | 17 55 x - 8 - = | 17:puppy 55:puppy x:puppy -:puppy 8:puppy -:puppy =:puppy
EXPR: 0 | POS | INT | 12 | 9 | 495 | x=(55*(17-8)) | x 55 17 8 - * = | x:LENGTH 55:LENGTH 17:puppy 8:puppy -:puppy *:LENGTH =:LENGTH
EXPR: 0 | POS | INT | 12 | 9 | 64 | ((17-8)+55)=x | 17 8 - 55 + x = | 17:puppy 8:puppy -:puppy 55:puppy +:puppy x:puppy =:puppy
EXPR: 0 | POS | INT | 12 | 9 | 495 | ((17-8)*55)=x | 17 8 - 55 * x = | 17:puppy 8:puppy -:puppy 55:LENGTH *:LENGTH x:LENGTH =:LENGTH
EXPR: 0 | POS | INT | 12 | 9 | 64 | (17-(x-55))=8 | 17 x 55 - - 8 = | 17:puppy x:puppy 55:puppy -:puppy -:puppy 8:puppy =:puppy
EXPR: 0 | POS | INT | 12 | 9 | 495 | x=((17-8)*55) | x 17 8 - 55 * = | x:LENGTH 17:puppy 8:puppy -:puppy 55:LENGTH *:LENGTH =:LENGTH
EXPR: 0 | POS | INT | 12 | 9 | 64 | ((17+55)-x)=8 | 17 55 + x - 8 = | 17:puppy 55:puppy +:puppy x:puppy -:puppy 8:puppy =:puppy
EXPR: 0 | POS | INT | 12 | 9 | 304 | ((55-17)*8)=x | 55 17 - 8 * x = | 55:puppy 17:puppy -:puppy 8:LENGTH *:LENGTH x:LENGTH =:LENGTH
EXPR: 0 | POS | INT | 12 | 9 | 46 | ((17-55)+x)=8 | 17 55 - x + 8 = | 17:puppy 55:puppy -:puppy x:puppy +:puppy 8:puppy =:puppy
EXPR: 0 | POS | INT | 12 | 9 | 64 | x=(55+(17-8)) | x 55 17 8 - + = | x:puppy 55:puppy 17:puppy 8:puppy -:puppy +:puppy =:puppy
EXPR: 0 | POS | INT | 12 | 9 | 80 | 17=(x-(55+8)) | 17 x 55 8 + - = | 17:puppy x:puppy 55:puppy 8:puppy +:puppy -:puppy =:puppy
EXPR: 0 | POS | INT | 12 | 9 | 80 | x=(55+(17+8)) | x 55 17 8 + + = | x:puppy 55:puppy 17:puppy 8:puppy +:puppy +:puppy =:puppy
EXPR: 0 | POS | INT | 12 | 9 | 80 | ((17+8)+55)=x | 17 8 + 55 + x = | 17:puppy 8:puppy +:puppy 55:puppy +:puppy x:puppy =:puppy
EXPR: 0 | POS | INT | 12 | 9 | 80 | (55+(17+8))=x | 55 17 8 + + x = | 55:puppy 17:puppy 8:puppy +:puppy +:puppy x:puppy =:puppy
EXPR: 0 | POS | INT | 12 | 9 | 46 | (55-(17-8))=x | 55 17 8 - - x = | 55:puppy 17:puppy 8:puppy -:puppy -:puppy x:puppy =:puppy
EXPR: 0 | POS | INT | 12 | 9 | 46 | (17+(x-55))=8 | 17 x 55 - + 8 = | 17:puppy x:puppy 55:puppy -:puppy +:puppy 8:puppy =:puppy
EXPR: 0 | POS | INT | 12 | 9 | 46 | x=(55-(17-8)) | x 55 17 8 - - = | x:puppy 55:puppy 17:puppy 8:puppy -:puppy -:puppy =:puppy
EXPR: 0 | POS | INT | 12 | 9 | 304 | x=((55-17)*8) | x 55 17 - 8 * = | x:LENGTH 55:puppy 17:puppy -:puppy 8:LENGTH *:LENGTH =:LENGTH
EXPR: 0 | POS | INT | 12 | 9 | 1375 | (55*(17+8))=x | 55 17 8 + * x = | 55:LENGTH 17:puppy 8:puppy +:puppy *:LENGTH x:LENGTH =:LENGTH
EXPR: 0 | POS | INT | 12 | 9 | 46 | ((55-17)+8)=x | 55 17 - 8 + x = | 55:puppy 17:puppy -:puppy 8:puppy +:puppy x:puppy =:puppy
EXPR: 0 | POS | INT | 12 | 9 | 30 | x=(55-(17+8)) | x 55 17 8 + - = | x:puppy 55:puppy 17:puppy 8:puppy +:puppy -:puppy =:puppy
EXPR: 0 | POS | INT | 12 | 9 | 64 | (55+(17-8))=x | 55 17 8 - + x = | 55:puppy 17:puppy 8:puppy -:puppy +:puppy x:puppy =:puppy
EXPR: 0 | POS | INT | 12 | 9 | 30 | 17=(55-(8+x)) | 17 55 8 x + - = | 17:puppy 55:puppy 8:puppy x:puppy +:puppy -:puppy =:puppy
EXPR: 0 | POS | INT | 12 | 9 | 46 | x=((55-17)+8) | x 55 17 - 8 + = | x:puppy 55:puppy 17:puppy -:puppy 8:puppy +:puppy =:puppy
EXPR: 0 | POS | INT | 12 | 9 | 64 | x=((17-8)+55) | x 17 8 - 55 + = | x:puppy 17:puppy 8:puppy -:puppy 55:puppy +:puppy =:puppy
EXPR: 0 | POS | INT | 12 | 9 | 46 | 17=((55+8)-x) | 17 55 8 + x - = | 17:puppy 55:puppy 8:puppy +:puppy x:puppy -:puppy =:puppy
EXPR: 0 | POS | INT | 12 | 9 | 64 | x=(17-(8-55)) | x 17 8 55 - - = | x:puppy 17:puppy 8:puppy 55:puppy -:puppy -:puppy =:puppy
EXPR: 0 | POS | INT | 12 | 9 | 30 | x=((55-17)-8) | x 55 17 - 8 - = | x:puppy 55:puppy 17:puppy -:puppy 8:puppy -:puppy =:puppy
EXPR: 0 | POS | INT | 12 | 9 | 46 | (x+(17-55))=8 | x 17 55 - + 8 = | x:puppy 17:puppy 55:puppy -:puppy +:puppy 8:puppy =:puppy
EXPR: 0 | POS | INT | 12 | 9 | 30 | (55-(17+8))=x | 55 17 8 + - x = | 55:puppy 17:puppy 8:puppy +:puppy -:puppy x:puppy =:puppy
EXPR: 0 | POS | INT | 12 | 9 | 30 | ((55-17)-8)=x | 55 17 - 8 - x = | 55:puppy 17:puppy -:puppy 8:puppy -:puppy x:puppy =:puppy
EXPR: 0 | POS | INT | 12 | 9 | 80 | x=((17+8)+55) | x 17 8 + 55 + = | x:puppy 17:puppy 8:puppy +:puppy 55:puppy +:puppy =:puppy
EXPR: 0 | POS | INT | 12 | 9 | 46 | 17=(55+(8-x)) | 17 55 8 x - + = | 17:puppy 55:puppy 8:puppy x:puppy -:puppy +:puppy =:puppy
EXPR: 0 | POS | INT | 12 | 9 | 64 | 17=((x-55)+8) | 17 x 55 - 8 + = | 17:puppy x:puppy 55:puppy -:puppy 8:puppy +:puppy =:puppy
EXPR: 0 | POS | INT | 12 | 9 | 80 | 17=((x-55)-8) | 17 x 55 - 8 - = | 17:puppy x:puppy 55:puppy -:puppy 8:puppy -:puppy =:puppy
EXPR: 0 | POS | INT | 12 | 9 | 495 | (55*(17-8))=x | 55 17 8 - * x = | 55:LENGTH 17:puppy 8:puppy -:puppy *:LENGTH x:LENGTH =:LENGTH
EXPR: 0 | POS | INT | 12 | 9 | 64 | 17=(x-(55-8)) | 17 x 55 8 - - = | 17:puppy x:puppy 55:puppy 8:puppy -:puppy -:puppy =:puppy
EXPR: 0 | POS | INT | 12 | 9 | 46 | (17-(55-x))=8 | 17 55 x - - 8 = | 17:puppy 55:puppy x:puppy -:puppy -:puppy 8:puppy =:puppy
EXPR: 0 | POS | INT | 12 | 9 | 64 | (17+(55-x))=8 | 17 55 x - + 8 = | 17:puppy 55:puppy x:puppy -:puppy +:puppy 8:puppy =:puppy
EXPR: 0 | POS | INT | 12 | 9 | 1375 | ((17+8)*55)=x | 17 8 + 55 * x = | 17:puppy 8:puppy +:puppy 55:LENGTH *:LENGTH x:LENGTH =:LENGTH
EXPR: 0 | POS | INT | 14 | 9 | 64 | 17=((x+8)-55) | 17 x 8 + 55 - = | 17:puppy x:puppy 8:puppy +:puppy 55:puppy -:puppy =:puppy
EXPR: 0 | POS | INT | 14 | 9 | 46 | ((17+x)-8)=55 | 17 x + 8 - 55 = | 17:puppy x:puppy +:puppy 8:puppy -:puppy 55:puppy =:puppy
EXPR: 0 | POS | INT | 14 | 9 | 64 | 55=(x-(17-8)) | 55 x 17 8 - - = | 55:puppy x:puppy 17:puppy 8:puppy -:puppy -:puppy =:puppy
EXPR: 0 | POS | INT | 14 | 9 | 80 | 55=(x-(17+8)) | 55 x 17 8 + - = | 55:puppy x:puppy 17:puppy 8:puppy +:puppy -:puppy =:puppy
EXPR: 0 | POS | INT | 14 | 9 | 46 | 55=(x+(17-8)) | 55 x 17 8 - + = | 55:puppy x:puppy 17:puppy 8:puppy -:puppy +:puppy =:puppy
EXPR: 0 | POS | INT | 14 | 9 | 30 | 55=(x+(17+8)) | 55 x 17 8 + + = | 55:puppy x:puppy 17:puppy 8:puppy +:puppy +:puppy =:puppy
EXPR: 0 | POS | INT | 14 | 9 | 1375 | 55=(x/(17+8)) | 55 x 17 8 + / = | 55:LENGTH x:LENGTH 17:puppy 8:puppy +:puppy /:LENGTH =:LENGTH
EXPR: 0 | POS | INT | 14 | 9 | 46 | 17=(8-(x-55)) | 17 8 x 55 - - = | 17:puppy 8:puppy x:puppy 55:puppy -:puppy -:puppy =:puppy
EXPR: 0 | POS | INT | 14 | 9 | 80 | (x-(17+8))=55 | x 17 8 + - 55 = | x:puppy 17:puppy 8:puppy +:puppy -:puppy 55:puppy =:puppy
EXPR: 0 | POS | INT | 14 | 9 | 64 | 17=((8-55)+x) | 17 8 55 - x + = | 17:puppy 8:puppy 55:puppy -:puppy x:puppy +:puppy =:puppy
EXPR: 0 | POS | INT | 14 | 9 | 64 | 17=((8+x)-55) | 17 8 x + 55 - = | 17:puppy 8:puppy x:puppy +:puppy 55:puppy -:puppy =:puppy
EXPR: 0 | POS | INT | 14 | 9 | 64 | ((55-x)+17)=8 | 55 x - 17 + 8 = | 55:puppy x:puppy -:puppy 17:puppy +:puppy 8:puppy =:puppy
EXPR: 0 | POS | INT | 14 | 9 | 64 | 17=(8+(x-55)) | 17 8 x 55 - + = | 17:puppy 8:puppy x:puppy 55:puppy -:puppy +:puppy =:puppy
EXPR: 0 | POS | INT | 14 | 9 | 46 | 55=((x+17)-8) | 55 x 17 + 8 - = | 55:puppy x:puppy 17:puppy +:puppy 8:puppy -:puppy =:puppy
EXPR: 0 | POS | INT | 14 | 9 | 30 | (x+(17+8))=55 | x 17 8 + + 55 = | x:puppy 17:puppy 8:puppy +:puppy +:puppy 55:puppy =:puppy
EXPR: 0 | POS | INT | 14 | 9 | 30 | (55-(17+x))=8 | 55 17 x + - 8 = | 55:puppy 17:puppy x:puppy +:puppy -:puppy 8:puppy =:puppy
EXPR: 0 | POS | INT | 14 | 9 | 46 | ((x+17)-8)=55 | x 17 + 8 - 55 = | x:puppy 17:puppy +:puppy 8:puppy -:puppy 55:puppy =:puppy
EXPR: 0 | POS | INT | 14 | 9 | 30 | ((x+17)+8)=55 | x 17 + 8 + 55 = | x:puppy 17:puppy +:puppy 8:puppy +:puppy 55:puppy =:puppy
EXPR: 0 | POS | INT | 14 | 9 | 80 | ((x-17)-8)=55 | x 17 - 8 - 55 = | x:puppy 17:puppy -:puppy 8:puppy -:puppy 55:puppy =:puppy
EXPR: 0 | POS | INT | 14 | 9 | 30 | (17+(x+8))=55 | 17 x 8 + + 55 = | 17:puppy x:puppy 8:puppy +:puppy +:puppy 55:puppy =:puppy
EXPR: 0 | POS | INT | 14 | 9 | 30 | ((55-x)-17)=8 | 55 x - 17 - 8 = | 55:puppy x:puppy -:puppy 17:puppy -:puppy 8:puppy =:puppy
EXPR: 0 | POS | INT | 14 | 9 | 64 | 55=((x-17)+8) | 55 x 17 - 8 + = | 55:puppy x:puppy 17:puppy -:puppy 8:puppy +:puppy =:puppy
EXPR: 0 | POS | INT | 14 | 9 | 46 | (17-(8-x))=55 | 17 8 x - - 55 = | 17:puppy 8:puppy x:puppy -:puppy -:puppy 55:puppy =:puppy
EXPR: 0 | POS | INT | 14 | 9 | 64 | (55-(x-17))=8 | 55 x 17 - - 8 = | 55:puppy x:puppy 17:puppy -:puppy -:puppy 8:puppy =:puppy
EXPR: 0 | POS | INT | 14 | 9 | 1375 | (x/(17+8))=55 | x 17 8 + / 55 = | x:LENGTH 17:puppy 8:puppy +:puppy /:LENGTH 55:LENGTH =:LENGTH
EXPR: 0 | POS | INT | 14 | 9 | 46 | ((17-8)+x)=55 | 17 8 - x + 55 = | 17:puppy 8:puppy -:puppy x:puppy +:puppy 55:puppy =:puppy
EXPR: 0 | POS | INT | 14 | 9 | 30 | ((17+8)+x)=55 | 17 8 + x + 55 = | 17:puppy 8:puppy +:puppy x:puppy +:puppy 55:puppy =:puppy
EXPR: 0 | POS | INT | 14 | 9 | 80 | ((x-55)-17)=8 | x 55 - 17 - 8 = | x:puppy 55:puppy -:puppy 17:puppy -:puppy 8:puppy =:puppy
EXPR: 0 | POS | INT | 14 | 9 | 46 | ((x-55)+17)=8 | x 55 - 17 + 8 = | x:puppy 55:puppy -:puppy 17:puppy +:puppy 8:puppy =:puppy
EXPR: 0 | POS | INT | 14 | 9 | 495 | 55=(x/(17-8)) | 55 x 17 8 - / = | 55:LENGTH x:LENGTH 17:puppy 8:puppy -:puppy /:LENGTH =:LENGTH
EXPR: 0 | POS | INT | 14 | 9 | 495 | (x/(17-8))=55 | x 17 8 - / 55 = | x:LENGTH 17:puppy 8:puppy -:puppy /:LENGTH 55:LENGTH =:LENGTH
EXPR: 0 | POS | INT | 14 | 9 | 30 | 55=((x+17)+8) | 55 x 17 + 8 + = | 55:puppy x:puppy 17:puppy +:puppy 8:puppy +:puppy =:puppy
EXPR: 0 | POS | INT | 14 | 9 | 46 | 17=(8+(55-x)) | 17 8 55 x - + = | 17:puppy 8:puppy 55:puppy x:puppy -:puppy +:puppy =:puppy
EXPR: 0 | POS | INT | 14 | 9 | 64 | 17=(8-(55-x)) | 17 8 55 x - - = | 17:puppy 8:puppy 55:puppy x:puppy -:puppy -:puppy =:puppy
EXPR: 0 | POS | INT | 14 | 9 | 46 | (17+(x-8))=55 | 17 x 8 - + 55 = | 17:puppy x:puppy 8:puppy -:puppy +:puppy 55:puppy =:puppy
EXPR: 0 | POS | INT | 14 | 9 | 64 | ((x-17)+8)=55 | x 17 - 8 + 55 = | x:puppy 17:puppy -:puppy 8:puppy +:puppy 55:puppy =:puppy
EXPR: 0 | POS | INT | 14 | 9 | 30 | (17+(8+x))=55 | 17 8 x + + 55 = | 17:puppy 8:puppy x:puppy +:puppy +:puppy 55:puppy =:puppy
EXPR: 0 | POS | INT | 14 | 9 | 80 | 55=((x-17)-8) | 55 x 17 - 8 - = | 55:puppy x:puppy 17:puppy -:puppy 8:puppy -:puppy =:puppy
EXPR: 0 | POS | INT | 14 | 9 | 46 | (x-(55-17))=8 | x 55 17 - - 8 = | x:puppy 55:puppy 17:puppy -:puppy -:puppy 8:puppy =:puppy
EXPR: 0 | POS | INT | 14 | 9 | 64 | (x-(17-8))=55 | x 17 8 - - 55 = | x:puppy 17:puppy 8:puppy -:puppy -:puppy 55:puppy =:puppy
EXPR: 0 | POS | INT | 14 | 9 | 46 | 55=(17+(x-8)) | 55 17 x 8 - + = | 55:puppy 17:puppy x:puppy 8:puppy -:puppy +:puppy =:puppy
EXPR: 0 | POS | INT | 14 | 9 | 46 | (x+(17-8))=55 | x 17 8 - + 55 = | x:puppy 17:puppy 8:puppy -:puppy +:puppy 55:puppy =:puppy
EXPR: 0 | POS | INT | 14 | 9 | 30 | 55=(17+(x+8)) | 55 17 x 8 + + = | 55:puppy 17:puppy x:puppy 8:puppy +:puppy +:puppy =:puppy
EXPR: 0 | POS | INT | 14 | 9 | 64 | 17=(x+(8-55)) | 17 x 8 55 - + = | 17:puppy x:puppy 8:puppy 55:puppy -:puppy +:puppy =:puppy
EXPR: 0 | POS | INT | 14 | 9 | 30 | (55-(x+17))=8 | 55 x 17 + - 8 = | 55:puppy x:puppy 17:puppy +:puppy -:puppy 8:puppy =:puppy
EXPR: 0 | POS | INT | 14 | 9 | 30 | 55=(17+(8+x)) | 55 17 8 x + + = | 55:puppy 17:puppy 8:puppy x:puppy +:puppy +:puppy =:puppy
EXPR: 0 | POS | INT | 14 | 9 | 46 | 55=(17-(8-x)) | 55 17 8 x - - = | 55:puppy 17:puppy 8:puppy x:puppy -:puppy -:puppy =:puppy
EXPR: 0 | POS | INT | 14 | 9 | 46 | 55=((17+x)-8) | 55 17 x + 8 - = | 55:puppy 17:puppy x:puppy +:puppy 8:puppy -:puppy =:puppy
EXPR: 0 | POS | INT | 14 | 9 | 64 | (55+(17-x))=8 | 55 17 x - + 8 = | 55:puppy 17:puppy x:puppy -:puppy +:puppy 8:puppy =:puppy
EXPR: 0 | POS | INT | 14 | 9 | 30 | 55=((17+x)+8) | 55 17 x + 8 + = | 55:puppy 17:puppy x:puppy +:puppy 8:puppy +:puppy =:puppy
EXPR: 0 | POS | INT | 14 | 9 | 30 | ((55-17)-x)=8 | 55 17 - x - 8 = | 55:puppy 17:puppy -:puppy x:puppy -:puppy 8:puppy =:puppy
EXPR: 0 | POS | INT | 14 | 9 | 30 | 55=((17+8)+x) | 55 17 8 + x + = | 55:puppy 17:puppy 8:puppy +:puppy x:puppy +:puppy =:puppy
EXPR: 0 | POS | INT | 14 | 9 | 80 | 17=((x-8)-55) | 17 x 8 - 55 - = | 17:puppy x:puppy 8:puppy -:puppy 55:puppy -:puppy =:puppy
EXPR: 0 | POS | INT | 14 | 9 | 46 | 17=((8-x)+55) | 17 8 x - 55 + = | 17:puppy 8:puppy x:puppy -:puppy 55:puppy +:puppy =:puppy
EXPR: 0 | POS | INT | 14 | 9 | 30 | ((17+x)+8)=55 | 17 x + 8 + 55 = | 17:puppy x:puppy +:puppy 8:puppy +:puppy 55:puppy =:puppy
EXPR: 0 | POS | INT | 14 | 9 | 304 | (x/(55-17))=8 | x 55 17 - / 8 = | x:LENGTH 55:puppy 17:puppy -:puppy /:LENGTH 8:LENGTH =:LENGTH
EXPR: 0 | POS | INT | 14 | 9 | 46 | 55=((17-8)+x) | 55 17 8 - x + = | 55:puppy 17:puppy 8:puppy -:puppy x:puppy +:puppy =:puppy
EXPR: 0 | POS | INT | 15 | 9 | 576 | x=(8*(17+55)) | x 8 17 55 + * = | x:LENGTH 8:LENGTH 17:puppy 55:puppy +:puppy *:LENGTH =:LENGTH
EXPR: 0 | POS | INT | 15 | 9 | 1071 | x=((55+8)*17) | x 55 8 + 17 * = | x:LENGTH 55:puppy 8:puppy +:puppy 17:LENGTH *:LENGTH =:LENGTH
EXPR: 0 | POS | INT | 15 | 9 | 799 | x=((55-8)*17) | x 55 8 - 17 * = | x:LENGTH 55:puppy 8:puppy -:puppy 17:LENGTH *:LENGTH =:LENGTH
EXPR: 0 | POS | INT | 15 | 9 | 46 | x=((55+8)-17) | x 55 8 + 17 - = | x:puppy 55:puppy 8:puppy +:puppy 17:puppy -:puppy =:puppy
EXPR: 0 | POS | INT | 15 | 9 | 80 | x=((55+8)+17) | x 55 8 + 17 + = | x:puppy 55:puppy 8:puppy +:puppy 17:puppy +:puppy =:puppy
EXPR: 0 | POS | INT | 15 | 9 | 46 | x=(55+(8-17)) | x 55 8 17 - + = | x:puppy 55:puppy 8:puppy 17:puppy -:puppy +:puppy =:puppy
EXPR: 0 | POS | INT | 15 | 9 | 1071 | ((55+8)*17)=x | 55 8 + 17 * x = | 55:puppy 8:puppy +:puppy 17:LENGTH *:LENGTH x:LENGTH =:LENGTH
EXPR: 0 | POS | INT | 15 | 9 | 80 | x=(8+(17+55)) | x 8 17 55 + + = | x:puppy 8:puppy 17:puppy 55:puppy +:puppy +:puppy =:puppy
EXPR: 0 | POS | INT | 15 | 9 | 46 | x=(8-(17-55)) | x 8 17 55 - - = | x:puppy 8:puppy 17:puppy 55:puppy -:puppy -:puppy =:puppy
EXPR: 0 | POS | INT | 15 | 9 | 799 | ((55-8)*17)=x | 55 8 - 17 * x = | 55:puppy 8:puppy -:puppy 17:LENGTH *:LENGTH x:LENGTH =:LENGTH
EXPR: 0 | POS | INT | 15 | 9 | 80 | (8+(17+55))=x | 8 17 55 + + x = | 8:puppy 17:puppy 55:puppy +:puppy +:puppy x:puppy =:puppy
EXPR: 0 | POS | INT | 15 | 9 | 46 | (8-(17-55))=x | 8 17 55 - - x = | 8:puppy 17:puppy 55:puppy -:puppy -:puppy x:puppy =:puppy
EXPR: 0 | POS | INT | 15 | 9 | 46 | ((8-17)+55)=x | 8 17 - 55 + x = | 8:puppy 17:puppy -:puppy 55:puppy +:puppy x:puppy =:puppy
EXPR: 0 | POS | INT | 15 | 9 | 64 | ((55-8)+17)=x | 55 8 - 17 + x = | 55:puppy 8:puppy -:puppy 17:puppy +:puppy x:puppy =:puppy
EXPR: 0 | POS | INT | 15 | 9 | 576 | (8*(17+55))=x | 8 17 55 + * x = | 8:LENGTH 17:puppy 55:puppy +:puppy *:LENGTH x:LENGTH =:LENGTH
EXPR: 0 | POS | INT | 15 | 9 | 64 | (55-(8-17))=x | 55 8 17 - - x = | 55:puppy 8:puppy 17:puppy -:puppy -:puppy x:puppy =:puppy
EXPR: 0 | POS | INT | 15 | 9 | 46 | ((55+8)-17)=x | 55 8 + 17 - x = | 55:puppy 8:puppy +:puppy 17:puppy -:puppy x:puppy =:puppy
EXPR: 0 | POS | INT | 15 | 9 | 80 | ((55+8)+17)=x | 55 8 + 17 + x = | 55:puppy 8:puppy +:puppy 17:puppy +:puppy x:puppy =:puppy
EXPR: 0 | POS | INT | 15 | 9 | 46 | (55+(8-17))=x | 55 8 17 - + x = | 55:puppy 8:puppy 17:puppy -:puppy +:puppy x:puppy =:puppy
EXPR: 0 | POS | INT | 15 | 9 | 46 | x=((8-17)+55) | x 8 17 - 55 + = | x:puppy 8:puppy 17:puppy -:puppy 55:puppy +:puppy =:puppy
EXPR: 0 | POS | INT | 15 | 9 | 64 | x=(55-(8-17)) | x 55 8 17 - - = | x:puppy 55:puppy 8:puppy 17:puppy -:puppy -:puppy =:puppy
EXPR: 0 | POS | INT | 15 | 9 | 64 | x=((55-8)+17) | x 55 8 - 17 + = | x:puppy 55:puppy 8:puppy -:puppy 17:puppy +:puppy =:puppy
EXPR: 0 | POS | INT | 15 | 9 | 30 | x=((55-8)-17) | x 55 8 - 17 - = | x:puppy 55:puppy 8:puppy -:puppy 17:puppy -:puppy =:puppy
EXPR: 0 | POS | INT | 15 | 9 | 30 | ((55-8)-17)=x | 55 8 - 17 - x = | 55:puppy 8:puppy -:puppy 17:puppy -:puppy x:puppy =:puppy
EXPR: 0 | POS | INT | 17 | 9 | 64 | 55=((x+8)-17) | 55 x 8 + 17 - = | 55:puppy x:puppy 8:puppy +:puppy 17:puppy -:puppy =:puppy
EXPR: 0 | POS | INT | 17 | 9 | 80 | 8=(x-(17+55)) | 8 x 17 55 + - = | 8:puppy x:puppy 17:puppy 55:puppy +:puppy -:puppy =:puppy
EXPR: 0 | POS | INT | 17 | 9 | 46 | 55=(x-(8-17)) | 55 x 8 17 - - = | 55:puppy x:puppy 8:puppy 17:puppy -:puppy -:puppy =:puppy
EXPR: 0 | POS | INT | 17 | 9 | 304 | (8*(55-17))=x | 8 55 17 - * x = | 8:LENGTH 55:puppy 17:puppy -:puppy *:LENGTH x:LENGTH =:LENGTH
EXPR: 0 | POS | INT | 17 | 9 | 46 | 8=((x+17)-55) | 8 x 17 + 55 - = | 8:puppy x:puppy 17:puppy +:puppy 55:puppy -:puppy =:puppy
EXPR: 0 | POS | INT | 17 | 9 | 64 | (8+(x-17))=55 | 8 x 17 - + 55 = | 8:puppy x:puppy 17:puppy -:puppy +:puppy 55:puppy =:puppy
EXPR: 0 | POS | INT | 17 | 9 | 1071 | (x/(55+8))=17 | x 55 8 + / 17 = | x:LENGTH 55:puppy 8:puppy +:puppy /:LENGTH 17:LENGTH =:LENGTH
EXPR: 0 | POS | INT | 17 | 9 | 46 | ((55-x)+8)=17 | 55 x - 8 + 17 = | 55:puppy x:puppy -:puppy 8:puppy +:puppy 17:puppy =:puppy
EXPR: 0 | POS | INT | 17 | 9 | 64 | 55=((8+x)-17) | 55 8 x + 17 - = | 55:puppy 8:puppy x:puppy +:puppy 17:puppy -:puppy =:puppy
EXPR: 0 | POS | INT | 17 | 9 | 46 | 55=((x-8)+17) | 55 x 8 - 17 + = | 55:puppy x:puppy 8:puppy -:puppy 17:puppy +:puppy =:puppy
EXPR: 0 | POS | INT | 17 | 9 | 64 | 55=(x+(8-17)) | 55 x 8 17 - + = | 55:puppy x:puppy 8:puppy 17:puppy -:puppy +:puppy =:puppy
EXPR: 0 | POS | INT | 17 | 9 | 64 | ((x+8)-17)=55 | x 8 + 17 - 55 = | x:puppy 8:puppy +:puppy 17:puppy -:puppy 55:puppy =:puppy
EXPR: 0 | POS | INT | 17 | 9 | 30 | ((x+8)+17)=55 | x 8 + 17 + 55 = | x:puppy 8:puppy +:puppy 17:puppy +:puppy 55:puppy =:puppy
EXPR: 0 | POS | INT | 17 | 9 | 80 | ((x-8)-17)=55 | x 8 - 17 - 55 = | x:puppy 8:puppy -:puppy 17:puppy -:puppy 55:puppy =:puppy
EXPR: 0 | POS | INT | 17 | 9 | 576 | 8=(x/(17+55)) | 8 x 17 55 + / = | 8:LENGTH x:LENGTH 17:puppy 55:puppy +:puppy /:LENGTH =:LENGTH
EXPR: 0 | POS | INT | 17 | 9 | 30 | ((55-x)-8)=17 | 55 x - 8 - 17 = | 55:puppy x:puppy -:puppy 8:puppy -:puppy 17:puppy =:puppy
EXPR: 0 | POS | INT | 17 | 9 | 64 | (x-(55-8))=17 | x 55 8 - - 17 = | x:puppy 55:puppy 8:puppy -:puppy -:puppy 17:puppy =:puppy
EXPR: 0 | POS | INT | 17 | 9 | 30 | 55=((x+8)+17) | 55 x 8 + 17 + = | 55:puppy x:puppy 8:puppy +:puppy 17:puppy +:puppy =:puppy
EXPR: 0 | POS | INT | 17 | 9 | 64 | 55=((8-17)+x) | 55 8 17 - x + = | 55:puppy 8:puppy 17:puppy -:puppy x:puppy +:puppy =:puppy
EXPR: 0 | POS | INT | 17 | 9 | 304 | x=(8*(55-17)) | x 8 55 17 - * = | x:LENGTH 8:LENGTH 55:puppy 17:puppy -:puppy *:LENGTH =:LENGTH
EXPR: 0 | POS | INT | 17 | 9 | 64 | ((8+x)-17)=55 | 8 x + 17 - 55 = | 8:puppy x:puppy +:puppy 17:puppy -:puppy 55:puppy =:puppy
EXPR: 0 | POS | INT | 17 | 9 | 30 | ((8+x)+17)=55 | 8 x + 17 + 55 = | 8:puppy x:puppy +:puppy 17:puppy +:puppy 55:puppy =:puppy
EXPR: 1 | POS | INT | 17 | 9 | 9 | (x*8)=(17+55) | x 8 * 17 55 + = | x:LENGTH 8:puppy *:puppy 17:puppy 55:puppy +:puppy =:puppy
EXPR: 0 | POS | INT | 17 | 9 | 64 | 55=(8+(x-17)) | 55 8 x 17 - + = | 55:puppy 8:puppy x:puppy 17:puppy -:puppy +:puppy =:puppy
EXPR: 0 | POS | INT | 17 | 9 | 46 | (55+(8-x))=17 | 55 8 x - + 17 = | 55:puppy 8:puppy x:puppy -:puppy +:puppy 17:puppy =:puppy
EXPR: 0 | POS | INT | 17 | 9 | 46 | x=(8+(55-17)) | x 8 55 17 - + = | x:puppy 8:puppy 55:puppy 17:puppy -:puppy +:puppy =:puppy
EXPR: 0 | POS | INT | 17 | 9 | 46 | (55-(x-8))=17 | 55 x 8 - - 17 = | 55:puppy x:puppy 8:puppy -:puppy -:puppy 17:puppy =:puppy
EXPR: 0 | POS | INT | 17 | 9 | 46 | ((x-8)+17)=55 | x 8 - 17 + 55 = | x:puppy 8:puppy -:puppy 17:puppy +:puppy 55:puppy =:puppy
EXPR: 0 | POS | INT | 17 | 9 | 46 | (x-(8-17))=55 | x 8 17 - - 55 = | x:puppy 8:puppy 17:puppy -:puppy -:puppy 55:puppy =:puppy
EXPR: 0 | POS | INT | 17 | 9 | 64 | (x+(8-17))=55 | x 8 17 - + 55 = | x:puppy 8:puppy 17:puppy -:puppy +:puppy 55:puppy =:puppy
EXPR: 0 | POS | INT | 17 | 9 | 64 | ((x-55)+8)=17 | x 55 - 8 + 17 = | x:puppy 55:puppy -:puppy 8:puppy +:puppy 17:puppy =:puppy
EXPR: 0 | POS | INT | 17 | 9 | 80 | (x-(55+8))=17 | x 55 8 + - 17 = | x:puppy 55:puppy 8:puppy +:puppy -:puppy 17:puppy =:puppy
EXPR: 0 | POS | INT | 17 | 9 | 46 | ((55+8)-x)=17 | 55 8 + x - 17 = | 55:puppy 8:puppy +:puppy x:puppy -:puppy 17:puppy =:puppy
EXPR: 0 | POS | INT | 17 | 9 | 30 | ((55-8)-x)=17 | 55 8 - x - 17 = | 55:puppy 8:puppy -:puppy x:puppy -:puppy 17:puppy =:puppy
EXPR: 0 | POS | INT | 17 | 9 | 30 | 55=(8+(x+17)) | 55 8 x 17 + + = | 55:puppy 8:puppy x:puppy 17:puppy +:puppy +:puppy =:puppy
EXPR: 0 | POS | INT | 17 | 9 | 30 | (55-(8+x))=17 | 55 8 x + - 17 = | 55:puppy 8:puppy x:puppy +:puppy -:puppy 17:puppy =:puppy
EXPR: 0 | POS | INT | 17 | 9 | 64 | 8=(17-(x-55)) | 8 17 x 55 - - = | 8:puppy 17:puppy x:puppy 55:puppy -:puppy -:puppy =:puppy
EXPR: 0 | POS | INT | 17 | 9 | 80 | 8=((x-17)-55) | 8 x 17 - 55 - = | 8:puppy x:puppy 17:puppy -:puppy 55:puppy -:puppy =:puppy
EXPR: 0 | POS | INT | 17 | 9 | 46 | 8=(17+(x-55)) | 8 17 x 55 - + = | 8:puppy 17:puppy x:puppy 55:puppy -:puppy +:puppy =:puppy
EXPR: 0 | POS | INT | 17 | 9 | 64 | 8=((17+55)-x) | 8 17 55 + x - = | 8:puppy 17:puppy 55:puppy +:puppy x:puppy -:puppy =:puppy
EXPR: 0 | POS | INT | 17 | 9 | 80 | ((x-55)-8)=17 | x 55 - 8 - 17 = | x:puppy 55:puppy -:puppy 8:puppy -:puppy 17:puppy =:puppy
EXPR: 0 | POS | INT | 17 | 9 | 30 | 55=((8+x)+17) | 55 8 x + 17 + = | 55:puppy 8:puppy x:puppy +:puppy 17:puppy +:puppy =:puppy
EXPR: 0 | POS | INT | 17 | 9 | 46 | 8=(x+(17-55)) | 8 x 17 55 - + = | 8:puppy x:puppy 17:puppy 55:puppy -:puppy +:puppy =:puppy
EXPR: 0 | POS | INT | 17 | 9 | 46 | 8=((17-55)+x) | 8 17 55 - x + = | 8:puppy 17:puppy 55:puppy -:puppy x:puppy +:puppy =:puppy
EXPR: 0 | POS | INT | 17 | 9 | 64 | ((8-17)+x)=55 | 8 17 - x + 55 = | 8:puppy 17:puppy -:puppy x:puppy +:puppy 55:puppy =:puppy
EXPR: 0 | POS | INT | 17 | 9 | 30 | (8+(x+17))=55 | 8 x 17 + + 55 = | 8:puppy x:puppy 17:puppy +:puppy +:puppy 55:puppy =:puppy
EXPR: 0 | POS | INT | 17 | 9 | 64 | 8=(17+(55-x)) | 8 17 55 x - + = | 8:puppy 17:puppy 55:puppy x:puppy -:puppy +:puppy =:puppy
EXPR: 0 | POS | INT | 17 | 9 | 80 | 55=((x-8)-17) | 55 x 8 - 17 - = | 55:puppy x:puppy 8:puppy -:puppy 17:puppy -:puppy =:puppy
EXPR: 0 | POS | INT | 17 | 9 | 46 | 8=((17+x)-55) | 8 17 x + 55 - = | 8:puppy 17:puppy x:puppy +:puppy 55:puppy -:puppy =:puppy
EXPR: 0 | POS | INT | 17 | 9 | 46 | (8+(55-17))=x | 8 55 17 - + x = | 8:puppy 55:puppy 17:puppy -:puppy +:puppy x:puppy =:puppy
EXPR: 0 | POS | INT | 17 | 9 | 46 | 8=(17-(55-x)) | 8 17 55 x - - = | 8:puppy 17:puppy 55:puppy x:puppy -:puppy -:puppy =:puppy
EXPR: 0 | POS | INT | 17 | 9 | 30 | 55=(8+(17+x)) | 55 8 17 x + + = | 55:puppy 8:puppy 17:puppy x:puppy +:puppy +:puppy =:puppy
EXPR: 1 | POS | INT | 17 | 9 | 9 | (8*x)=(17+55) | 8 x * 17 55 + = | 8:puppy x:LENGTH *:puppy 17:puppy 55:puppy +:puppy =:puppy
EXPR: 0 | POS | INT | 17 | 9 | 799 | (x/(55-8))=17 | x 55 8 - / 17 = | x:LENGTH 55:puppy 8:puppy -:puppy /:LENGTH 17:LENGTH =:LENGTH
EXPR: 0 | POS | INT | 17 | 9 | 30 | (8+(17+x))=55 | 8 17 x + + 55 = | 8:puppy 17:puppy x:puppy +:puppy +:puppy 55:puppy =:puppy
EXPR: 0 | POS | INT | 17 | 9 | 30 | (55-(x+8))=17 | 55 x 8 + - 17 = | 55:puppy x:puppy 8:puppy +:puppy -:puppy 17:puppy =:puppy
EXPR: 0 | POS | INT | 17 | 9 | 64 | (8-(17-x))=55 | 8 17 x - - 55 = | 8:puppy 17:puppy x:puppy -:puppy -:puppy 55:puppy =:puppy
EXPR: 0 | POS | INT | 17 | 9 | 64 | 8=((17-x)+55) | 8 17 x - 55 + = | 8:puppy 17:puppy x:puppy -:puppy 55:puppy +:puppy =:puppy
EXPR: 0 | POS | INT | 17 | 9 | 64 | 55=(8-(17-x)) | 55 8 17 x - - = | 55:puppy 8:puppy 17:puppy x:puppy -:puppy -:puppy =:puppy
EXPR: 0 | POS | INT | 19 | 9 | 46 | 8=(x-(55-17)) | 8 x 55 17 - - = | 8:puppy x:puppy 55:puppy 17:puppy -:puppy -:puppy =:puppy
EXPR: 0 | POS | INT | 19 | 9 | 46 | ((8-x)+55)=17 | 8 x - 55 + 17 = | 8:puppy x:puppy -:puppy 55:puppy +:puppy 17:puppy =:puppy
EXPR: 0 | POS | INT | 19 | 9 | 64 | ((x+8)-55)=17 | x 8 + 55 - 17 = | x:puppy 8:puppy +:puppy 55:puppy -:puppy 17:puppy =:puppy
EXPR: 0 | POS | INT | 19 | 9 | 80 | ((x-8)-55)=17 | x 8 - 55 - 17 = | x:puppy 8:puppy -:puppy 55:puppy -:puppy 17:puppy =:puppy
EXPR: 0 | POS | INT | 19 | 9 | 64 | ((8+x)-55)=17 | 8 x + 55 - 17 = | 8:puppy x:puppy +:puppy 55:puppy -:puppy 17:puppy =:puppy
EXPR: 0 | POS | INT | 19 | 9 | 64 | (8-(55-x))=17 | 8 55 x - - 17 = | 8:puppy 55:puppy x:puppy -:puppy -:puppy 17:puppy =:puppy
EXPR: 0 | POS | INT | 19 | 9 | 46 | (8-(x-55))=17 | 8 x 55 - - 17 = | 8:puppy x:puppy 55:puppy -:puppy -:puppy 17:puppy =:puppy
EXPR: 0 | POS | INT | 19 | 9 | 64 | (8+(x-55))=17 | 8 x 55 - + 17 = | 8:puppy x:puppy 55:puppy -:puppy +:puppy 17:puppy =:puppy
EXPR: 0 | POS | INT | 19 | 9 | 46 | 8=((x-55)+17) | 8 x 55 - 17 + = | 8:puppy x:puppy 55:puppy -:puppy 17:puppy +:puppy =:puppy
EXPR: 0 | POS | INT | 19 | 9 | 64 | (x+(8-55))=17 | x 8 55 - + 17 = | x:puppy 8:puppy 55:puppy -:puppy +:puppy 17:puppy =:puppy
EXPR: 0 | POS | INT | 19 | 9 | 46 | (8+(55-x))=17 | 8 55 x - + 17 = | 8:puppy 55:puppy x:puppy -:puppy +:puppy 17:puppy =:puppy
EXPR: 0 | POS | INT | 19 | 9 | 30 | 8=(55-(x+17)) | 8 55 x 17 + - = | 8:puppy 55:puppy x:puppy 17:puppy +:puppy -:puppy =:puppy
EXPR: 0 | POS | INT | 19 | 9 | 80 | 8=((x-55)-17) | 8 x 55 - 17 - = | 8:puppy x:puppy 55:puppy -:puppy 17:puppy -:puppy =:puppy
EXPR: 0 | POS | INT | 19 | 9 | 64 | 8=(55-(x-17)) | 8 55 x 17 - - = | 8:puppy 55:puppy x:puppy 17:puppy -:puppy -:puppy =:puppy
EXPR: 0 | POS | INT | 19 | 9 | 304 | 8=(x/(55-17)) | 8 x 55 17 - / = | 8:LENGTH x:LENGTH 55:puppy 17:puppy -:puppy /:LENGTH =:LENGTH
EXPR: 0 | POS | INT | 19 | 9 | 64 | ((8-55)+x)=17 | 8 55 - x + 17 = | 8:puppy 55:puppy -:puppy x:puppy +:puppy 17:puppy =:puppy
EXPR: 0 | POS | INT | 19 | 9 | 64 | 8=((55-x)+17) | 8 55 x - 17 + = | 8:puppy 55:puppy x:puppy -:puppy 17:puppy +:puppy =:puppy
EXPR: 0 | POS | INT | 19 | 9 | 30 | 8=((55-x)-17) | 8 55 x - 17 - = | 8:puppy 55:puppy x:puppy -:puppy 17:puppy -:puppy =:puppy
EXPR: 0 | POS | INT | 19 | 9 | 30 | 8=((55-17)-x) | 8 55 17 - x - = | 8:puppy 55:puppy 17:puppy -:puppy x:puppy -:puppy =:puppy
EXPR: 0 | POS | INT | 19 | 9 | 30 | 8=(55-(17+x)) | 8 55 17 x + - = | 8:puppy 55:puppy 17:puppy x:puppy +:puppy -:puppy =:puppy
EXPR: 0 | POS | INT | 19 | 9 | 64 | 8=(55+(17-x)) | 8 55 17 x - + = | 8:puppy 55:puppy 17:puppy x:puppy -:puppy +:puppy =:puppy
EXPR: 0 | POS | INT | 20 | 9 | 927 | x=((17*55)-8) | x 17 55 * 8 - = | x:LENGTH 17:puppy 55:LENGTH *:LENGTH 8:LENGTH -:LENGTH =:LENGTH
EXPR: 0 | POS | INT | 20 | 9 | 943 | x=((17*55)+8) | x 17 55 * 8 + = | x:LENGTH 17:puppy 55:LENGTH *:LENGTH 8:LENGTH +:LENGTH =:LENGTH
EXPR: 0 | POS | INT | 20 | 9 | 943 | ((17*55)+8)=x | 17 55 * 8 + x = | 17:LENGTH 55:puppy *:puppy 8:puppy +:puppy x:puppy =:puppy
EXPR: 0 | POS | INT | 20 | 9 | 927 | ((17*55)-8)=x | 17 55 * 8 - x = | 17:LENGTH 55:puppy *:puppy 8:puppy -:puppy x:puppy =:puppy
EXPR: 1 | POS | INT | 20 | 9 | 9 | x=((17+55)/8) | x 17 55 + 8 / = | x:puppy 17:puppy 55:puppy +:puppy 8:LENGTH /:puppy =:puppy
EXPR: 0 | POS | INT | 20 | 9 | 457 | (17+(55*8))=x | 17 55 8 * + x = | 17:puppy 55:puppy 8:LENGTH *:puppy +:puppy x:puppy =:puppy
EXPR: 0 | POS | INT | 20 | 9 | 457 | x=(17+(55*8)) | x 17 55 8 * + = | x:LENGTH 17:LENGTH 55:puppy 8:LENGTH *:LENGTH +:LENGTH =:LENGTH
NET 249 unique, non-negative, integer-valued solutions found out of 1000 total solutions
