parameters: n=7 l=3 k=1 p=5 q=1 m=9
TOTAL 480 solutions found
SOLN: CORRECT | POS/NEG | INT/FRA | OBJ-SCORE | TRUE-ANS | ANS | INFIX | POSTFIX | TYPED-POSTFIX
EXPR: 0 | POS | INT | 0 | 5 | 18 | (8+(7+3))=x | 8 7 3 + + x = | 8:dollar 7:dollar 3:dollar +:dollar +:dollar x:dollar =:dollar
EXPR: 0 | POS | INT | 0 | 5 | 4 | x=(8-(7-3)) | x 8 7 3 - - = | x:dollar 8:dollar 7:dollar 3:dollar -:dollar -:dollar =:dollar
EXPR: 0 | POS | INT | 0 | 5 | 12 | x=(8+(7-3)) | x 8 7 3 - + = | x:dollar 8:dollar 7:dollar 3:dollar -:dollar +:dollar =:dollar
EXPR: 0 | POS | INT | 0 | 5 | 18 | x=(8+(7+3)) | x 8 7 3 + + = | x:dollar 8:dollar 7:dollar 3:dollar +:dollar +:dollar =:dollar
EXPR: 0 | POS | INT | 0 | 5 | 4 | (8-(7-3))=x | 8 7 3 - - x = | 8:dollar 7:dollar 3:dollar -:dollar -:dollar x:dollar =:dollar
EXPR: 0 | POS | INT | 0 | 5 | 12 | (8+(7-3))=x | 8 7 3 - + x = | 8:dollar 7:dollar 3:dollar -:dollar +:dollar x:dollar =:dollar
EXPR: 0 | POS | INT | 0 | 5 | 4 | x=((8-7)+3) | x 8 7 - 3 + = | x:dollar 8:dollar 7:dollar -:dollar 3:dollar +:dollar =:dollar
EXPR: 0 | POS | INT | 0 | 5 | 12 | ((8+7)-3)=x | 8 7 + 3 - x = | 8:dollar 7:dollar +:dollar 3:dollar -:dollar x:dollar =:dollar
EXPR: 0 | POS | INT | 0 | 5 | 12 | x=((8+7)-3) | x 8 7 + 3 - = | x:dollar 8:dollar 7:dollar +:dollar 3:dollar -:dollar =:dollar
EXPR: 0 | POS | INT | 0 | 5 | 18 | x=((8+7)+3) | x 8 7 + 3 + = | x:dollar 8:dollar 7:dollar +:dollar 3:dollar +:dollar =:dollar
EXPR: 0 | POS | INT | 0 | 5 | 4 | ((8-7)+3)=x | 8 7 - 3 + x = | 8:dollar 7:dollar -:dollar 3:dollar +:dollar x:dollar =:dollar
EXPR: 0 | POS | INT | 0 | 5 | 18 | ((8+7)+3)=x | 8 7 + 3 + x = | 8:dollar 7:dollar +:dollar 3:dollar +:dollar x:dollar =:dollar
EXPR: 0 | POS | INT | 2 | 5 | 2 | x=(7-(8-3)) | x 7 8 3 - - = | x:dollar 7:dollar 8:dollar 3:dollar -:dollar -:dollar =:dollar
EXPR: 0 | POS | INT | 2 | 5 | 12 | x=(8-(3-7)) | x 8 3 7 - - = | x:dollar 8:dollar 3:dollar 7:dollar -:dollar -:dollar =:dollar
EXPR: 0 | POS | INT | 2 | 5 | 2 | 8=(7-(x-3)) | 8 7 x 3 - - = | 8:dollar 7:dollar x:dollar 3:dollar -:dollar -:dollar =:dollar
EXPR: 0 | POS | INT | 2 | 5 | 12 | (8-(x-7))=3 | 8 x 7 - - 3 = | 8:dollar x:dollar 7:dollar -:dollar -:dollar 3:dollar =:dollar
EXPR: 0 | POS | INT | 2 | 5 | 12 | x=(7+(8-3)) | x 7 8 3 - + = | x:dollar 7:dollar 8:dollar 3:dollar -:dollar +:dollar =:dollar
EXPR: 0 | POS | INT | 2 | 5 | 4 | x=(8+(3-7)) | x 8 3 7 - + = | x:dollar 8:dollar 3:dollar 7:dollar -:dollar +:dollar =:dollar
EXPR: 0 | POS | INT | 2 | 5 | 4 | x=((8+3)-7) | x 8 3 + 7 - = | x:dollar 8:dollar 3:dollar +:dollar 7:dollar -:dollar =:dollar
EXPR: 0 | POS | INT | 2 | 5 | 18 | ((8+3)+7)=x | 8 3 + 7 + x = | 8:dollar 3:dollar +:dollar 7:dollar +:dollar x:dollar =:dollar
EXPR: 0 | POS | INT | 2 | 5 | 12 | (8-(3-7))=x | 8 3 7 - - x = | 8:dollar 3:dollar 7:dollar -:dollar -:dollar x:dollar =:dollar
EXPR: 0 | POS | INT | 2 | 5 | 4 | ((8+3)-7)=x | 8 3 + 7 - x = | 8:dollar 3:dollar +:dollar 7:dollar -:dollar x:dollar =:dollar
EXPR: 0 | POS | INT | 2 | 5 | 18 | x=((8+3)+7) | x 8 3 + 7 + = | x:dollar 8:dollar 3:dollar +:dollar 7:dollar +:dollar =:dollar
EXPR: 0 | POS | INT | 2 | 5 | 4 | 8=(7-(3-x)) | 8 7 3 x - - = | 8:dollar 7:dollar 3:dollar x:dollar -:dollar -:dollar =:dollar
EXPR: 0 | POS | INT | 2 | 5 | 18 | x=(7+(8+3)) | x 7 8 3 + + = | x:dollar 7:dollar 8:dollar 3:dollar +:dollar +:dollar =:dollar
EXPR: 0 | POS | INT | 2 | 5 | 2 | ((x+8)-7)=3 | x 8 + 7 - 3 = | x:dollar 8:dollar +:dollar 7:dollar -:dollar 3:dollar =:dollar
EXPR: 0 | POS | INT | 2 | 5 | 4 | 8=(7+(x-3)) | 8 7 x 3 - + = | 8:dollar 7:dollar x:dollar 3:dollar -:dollar +:dollar =:dollar
EXPR: 0 | POS | INT | 2 | 5 | 12 | x=((8-3)+7) | x 8 3 - 7 + = | x:dollar 8:dollar 3:dollar -:dollar 7:dollar +:dollar =:dollar
EXPR: 0 | POS | INT | 2 | 5 | 4 | (x-(8-7))=3 | x 8 7 - - 3 = | x:dollar 8:dollar 7:dollar -:dollar -:dollar 3:dollar =:dollar
EXPR: 0 | POS | INT | 2 | 5 | 18 | (x-(8+7))=3 | x 8 7 + - 3 = | x:dollar 8:dollar 7:dollar +:dollar -:dollar 3:dollar =:dollar
EXPR: 0 | POS | INT | 2 | 5 | 4 | 8=((7-3)+x) | 8 7 3 - x + = | 8:dollar 7:dollar 3:dollar -:dollar x:dollar +:dollar =:dollar
EXPR: 0 | POS | INT | 2 | 5 | 2 | (x+(8-7))=3 | x 8 7 - + 3 = | x:dollar 8:dollar 7:dollar -:dollar +:dollar 3:dollar =:dollar
EXPR: 0 | POS | INT | 2 | 5 | 2 | 8=(7+(3-x)) | 8 7 3 x - + = | 8:dollar 7:dollar 3:dollar x:dollar -:dollar +:dollar =:dollar
EXPR: 0 | POS | INT | 2 | 5 | 2 | ((7-8)+3)=x | 7 8 - 3 + x = | 7:dollar 8:dollar -:dollar 3:dollar +:dollar x:dollar =:dollar
EXPR: 0 | POS | INT | 2 | 5 | 12 | ((8-3)+7)=x | 8 3 - 7 + x = | 8:dollar 3:dollar -:dollar 7:dollar +:dollar x:dollar =:dollar
EXPR: 0 | POS | INT | 2 | 5 | 4 | (8+(3-7))=x | 8 3 7 - + x = | 8:dollar 3:dollar 7:dollar -:dollar +:dollar x:dollar =:dollar
EXPR: 0 | POS | INT | 2 | 5 | 2 | x=((7-8)+3) | x 7 8 - 3 + = | x:dollar 7:dollar 8:dollar -:dollar 3:dollar +:dollar =:dollar
EXPR: 0 | POS | INT | 2 | 5 | 2 | 8=((7-x)+3) | 8 7 x - 3 + = | 8:dollar 7:dollar x:dollar -:dollar 3:dollar +:dollar =:dollar
EXPR: 0 | POS | INT | 2 | 5 | 4 | ((x-8)+7)=3 | x 8 - 7 + 3 = | x:dollar 8:dollar -:dollar 7:dollar +:dollar 3:dollar =:dollar
EXPR: 0 | POS | INT | 2 | 5 | 12 | ((8+7)-x)=3 | 8 7 + x - 3 = | 8:dollar 7:dollar +:dollar x:dollar -:dollar 3:dollar =:dollar
EXPR: 0 | POS | INT | 2 | 5 | 18 | 8=((x-7)-3) | 8 x 7 - 3 - = | 8:dollar x:dollar 7:dollar -:dollar 3:dollar -:dollar =:dollar
EXPR: 0 | POS | INT | 2 | 5 | 12 | 8=((x-7)+3) | 8 x 7 - 3 + = | 8:dollar x:dollar 7:dollar -:dollar 3:dollar +:dollar =:dollar
EXPR: 0 | POS | INT | 2 | 5 | 2 | (8+(x-7))=3 | 8 x 7 - + 3 = | 8:dollar x:dollar 7:dollar -:dollar +:dollar 3:dollar =:dollar
EXPR: 0 | POS | INT | 2 | 5 | 12 | (7+(8-3))=x | 7 8 3 - + x = | 7:dollar 8:dollar 3:dollar -:dollar +:dollar x:dollar =:dollar
EXPR: 0 | POS | INT | 2 | 5 | 4 | 8=((7+x)-3) | 8 7 x + 3 - = | 8:dollar 7:dollar x:dollar +:dollar 3:dollar -:dollar =:dollar
EXPR: 0 | POS | INT | 2 | 5 | 4 | 8=((x+7)-3) | 8 x 7 + 3 - = | 8:dollar x:dollar 7:dollar +:dollar 3:dollar -:dollar =:dollar
EXPR: 0 | POS | INT | 2 | 5 | 2 | 8=((7+3)-x) | 8 7 3 + x - = | 8:dollar 7:dollar 3:dollar +:dollar x:dollar -:dollar =:dollar
EXPR: 0 | POS | INT | 2 | 5 | 18 | ((x-8)-7)=3 | x 8 - 7 - 3 = | x:dollar 8:dollar -:dollar 7:dollar -:dollar 3:dollar =:dollar
EXPR: 0 | POS | INT | 2 | 5 | 2 | ((8-7)+x)=3 | 8 7 - x + 3 = | 8:dollar 7:dollar -:dollar x:dollar +:dollar 3:dollar =:dollar
EXPR: 0 | POS | INT | 2 | 5 | 2 | (7-(8-3))=x | 7 8 3 - - x = | 7:dollar 8:dollar 3:dollar -:dollar -:dollar x:dollar =:dollar
EXPR: 0 | POS | INT | 2 | 5 | 18 | (7+(8+3))=x | 7 8 3 + + x = | 7:dollar 8:dollar 3:dollar +:dollar +:dollar x:dollar =:dollar
EXPR: 0 | POS | INT | 2 | 5 | 12 | 8=(x-(7-3)) | 8 x 7 3 - - = | 8:dollar x:dollar 7:dollar 3:dollar -:dollar -:dollar =:dollar
EXPR: 0 | POS | INT | 2 | 5 | 4 | 8=(x+(7-3)) | 8 x 7 3 - + = | 8:dollar x:dollar 7:dollar 3:dollar -:dollar +:dollar =:dollar
EXPR: 0 | POS | INT | 2 | 5 | 18 | 8=(x-(7+3)) | 8 x 7 3 + - = | 8:dollar x:dollar 7:dollar 3:dollar +:dollar -:dollar =:dollar
EXPR: 0 | POS | INT | 2 | 5 | 12 | (8+(7-x))=3 | 8 7 x - + 3 = | 8:dollar 7:dollar x:dollar -:dollar +:dollar 3:dollar =:dollar
EXPR: 0 | POS | INT | 2 | 5 | 2 | ((8+x)-7)=3 | 8 x + 7 - 3 = | 8:dollar x:dollar +:dollar 7:dollar -:dollar 3:dollar =:dollar
EXPR: 0 | POS | INT | 2 | 5 | 12 | ((8-x)+7)=3 | 8 x - 7 + 3 = | 8:dollar x:dollar -:dollar 7:dollar +:dollar 3:dollar =:dollar
EXPR: 0 | POS | INT | 2 | 5 | 2 | (8-(7-x))=3 | 8 7 x - - 3 = | 8:dollar 7:dollar x:dollar -:dollar -:dollar 3:dollar =:dollar
EXPR: 0 | POS | INT | 4 | 5 | 2 | 7=(8-(3-x)) | 7 8 3 x - - = | 7:dollar 8:dollar 3:dollar x:dollar -:dollar -:dollar =:dollar
EXPR: 0 | POS | INT | 4 | 5 | 4 | 7=((8-x)+3) | 7 8 x - 3 + = | 7:dollar 8:dollar x:dollar -:dollar 3:dollar +:dollar =:dollar
EXPR: 0 | POS | INT | 4 | 5 | 2 | ((x+8)-3)=7 | x 8 + 3 - 7 = | x:dollar 8:dollar +:dollar 3:dollar -:dollar 7:dollar =:dollar
EXPR: 0 | POS | INT | 4 | 5 | 4 | 7=((8+3)-x) | 7 8 3 + x - = | 7:dollar 8:dollar 3:dollar +:dollar x:dollar -:dollar =:dollar
EXPR: 0 | POS | INT | 4 | 5 | 12 | (7-(x-8))=3 | 7 x 8 - - 3 = | 7:dollar x:dollar 8:dollar -:dollar -:dollar 3:dollar =:dollar
EXPR: 0 | POS | INT | 4 | 5 | 18 | (x-(8+3))=7 | x 8 3 + - 7 = | x:dollar 8:dollar 3:dollar +:dollar -:dollar 7:dollar =:dollar
EXPR: 0 | POS | INT | 4 | 5 | 12 | (x-(8-3))=7 | x 8 3 - - 7 = | x:dollar 8:dollar 3:dollar -:dollar -:dollar 7:dollar =:dollar
EXPR: 0 | POS | INT | 4 | 5 | 2 | (x+(8-3))=7 | x 8 3 - + 7 = | x:dollar 8:dollar 3:dollar -:dollar +:dollar 7:dollar =:dollar
EXPR: 0 | POS | INT | 4 | 5 | 2 | 7=((8-3)+x) | 7 8 3 - x + = | 7:dollar 8:dollar 3:dollar -:dollar x:dollar +:dollar =:dollar
EXPR: 0 | POS | INT | 4 | 5 | 18 | 8=((x-3)-7) | 8 x 3 - 7 - = | 8:dollar x:dollar 3:dollar -:dollar 7:dollar -:dollar =:dollar
EXPR: 0 | POS | INT | 4 | 5 | 4 | (8-(x-3))=7 | 8 x 3 - - 7 = | 8:dollar x:dollar 3:dollar -:dollar -:dollar 7:dollar =:dollar
EXPR: 0 | POS | INT | 4 | 5 | 2 | 7=(8+(x-3)) | 7 8 x 3 - + = | 7:dollar 8:dollar x:dollar 3:dollar -:dollar +:dollar =:dollar
EXPR: 0 | POS | INT | 4 | 5 | 12 | 8=((x+3)-7) | 8 x 3 + 7 - = | 8:dollar x:dollar 3:dollar +:dollar 7:dollar -:dollar =:dollar
EXPR: 0 | POS | INT | 4 | 5 | 4 | 7=(8-(x-3)) | 7 8 x 3 - - = | 7:dollar 8:dollar x:dollar 3:dollar -:dollar -:dollar =:dollar
EXPR: 0 | POS | INT | 4 | 5 | 4 | 8=((x-3)+7) | 8 x 3 - 7 + = | 8:dollar x:dollar 3:dollar -:dollar 7:dollar +:dollar =:dollar
EXPR: 0 | POS | INT | 4 | 5 | 12 | (7+(8-x))=3 | 7 8 x - + 3 = | 7:dollar 8:dollar x:dollar -:dollar +:dollar 3:dollar =:dollar
EXPR: 0 | POS | INT | 4 | 5 | 18 | 7=((x-8)-3) | 7 x 8 - 3 - = | 7:dollar x:dollar 8:dollar -:dollar 3:dollar -:dollar =:dollar
EXPR: 0 | POS | INT | 4 | 5 | 4 | (x+(7-8))=3 | x 7 8 - + 3 = | x:dollar 7:dollar 8:dollar -:dollar +:dollar 3:dollar =:dollar
EXPR: 0 | POS | INT | 4 | 5 | 4 | ((x+7)-8)=3 | x 7 + 8 - 3 = | x:dollar 7:dollar +:dollar 8:dollar -:dollar 3:dollar =:dollar
EXPR: 0 | POS | INT | 4 | 5 | 2 | (x-(7-8))=3 | x 7 8 - - 3 = | x:dollar 7:dollar 8:dollar -:dollar -:dollar 3:dollar =:dollar
EXPR: 0 | POS | INT | 4 | 5 | 4 | ((7-8)+x)=3 | 7 8 - x + 3 = | 7:dollar 8:dollar -:dollar x:dollar +:dollar 3:dollar =:dollar
EXPR: 0 | POS | INT | 4 | 5 | 2 | 7=((x+8)-3) | 7 x 8 + 3 - = | 7:dollar x:dollar 8:dollar +:dollar 3:dollar -:dollar =:dollar
EXPR: 0 | POS | INT | 4 | 5 | 4 | 7=(8+(3-x)) | 7 8 3 x - + = | 7:dollar 8:dollar 3:dollar x:dollar -:dollar +:dollar =:dollar
EXPR: 0 | POS | INT | 4 | 5 | 2 | 8=(3-(x-7)) | 8 3 x 7 - - = | 8:dollar 3:dollar x:dollar 7:dollar -:dollar -:dollar =:dollar
EXPR: 0 | POS | INT | 4 | 5 | 2 | 7=((8+x)-3) | 7 8 x + 3 - = | 7:dollar 8:dollar x:dollar +:dollar 3:dollar -:dollar =:dollar
EXPR: 0 | POS | INT | 4 | 5 | 4 | (7+(x-8))=3 | 7 x 8 - + 3 = | 7:dollar x:dollar 8:dollar -:dollar +:dollar 3:dollar =:dollar
EXPR: 0 | POS | INT | 4 | 5 | 2 | ((8-3)+x)=7 | 8 3 - x + 7 = | 8:dollar 3:dollar -:dollar x:dollar +:dollar 7:dollar =:dollar
EXPR: 0 | POS | INT | 4 | 5 | 2 | ((x-7)+8)=3 | x 7 - 8 + 3 = | x:dollar 7:dollar -:dollar 8:dollar +:dollar 3:dollar =:dollar
EXPR: 0 | POS | INT | 4 | 5 | 4 | (7-(8-x))=3 | 7 8 x - - 3 = | 7:dollar 8:dollar x:dollar -:dollar -:dollar 3:dollar =:dollar
EXPR: 0 | POS | INT | 4 | 5 | 12 | 8=(3+(x-7)) | 8 3 x 7 - + = | 8:dollar 3:dollar x:dollar 7:dollar -:dollar +:dollar =:dollar
EXPR: 0 | POS | INT | 4 | 5 | 12 | 8=(3-(7-x)) | 8 3 7 x - - = | 8:dollar 3:dollar 7:dollar x:dollar -:dollar -:dollar =:dollar
EXPR: 0 | POS | INT | 4 | 5 | 2 | 8=(3+(7-x)) | 8 3 7 x - + = | 8:dollar 3:dollar 7:dollar x:dollar -:dollar +:dollar =:dollar
EXPR: 0 | POS | INT | 4 | 5 | 2 | 8=((3-x)+7) | 8 3 x - 7 + = | 8:dollar 3:dollar x:dollar -:dollar 7:dollar +:dollar =:dollar
EXPR: 0 | POS | INT | 4 | 5 | 4 | (8+(3-x))=7 | 8 3 x - + 7 = | 8:dollar 3:dollar x:dollar -:dollar +:dollar 7:dollar =:dollar
EXPR: 0 | POS | INT | 4 | 5 | 18 | ((x-7)-8)=3 | x 7 - 8 - 3 = | x:dollar 7:dollar -:dollar 8:dollar -:dollar 3:dollar =:dollar
EXPR: 0 | POS | INT | 4 | 5 | 18 | ((x-8)-3)=7 | x 8 - 3 - 7 = | x:dollar 8:dollar -:dollar 3:dollar -:dollar 7:dollar =:dollar
EXPR: 0 | POS | INT | 4 | 5 | 2 | (8+(x-3))=7 | 8 x 3 - + 7 = | 8:dollar x:dollar 3:dollar -:dollar +:dollar 7:dollar =:dollar
EXPR: 0 | POS | INT | 4 | 5 | 12 | 8=((3+x)-7) | 8 3 x + 7 - = | 8:dollar 3:dollar x:dollar +:dollar 7:dollar -:dollar =:dollar
EXPR: 0 | POS | INT | 4 | 5 | 4 | 8=(x-(3-7)) | 8 x 3 7 - - = | 8:dollar x:dollar 3:dollar 7:dollar -:dollar -:dollar =:dollar
EXPR: 0 | POS | INT | 4 | 5 | 2 | (8-(3-x))=7 | 8 3 x - - 7 = | 8:dollar 3:dollar x:dollar -:dollar -:dollar 7:dollar =:dollar
EXPR: 0 | POS | INT | 4 | 5 | 12 | 8=((3-7)+x) | 8 3 7 - x + = | 8:dollar 3:dollar 7:dollar -:dollar x:dollar +:dollar =:dollar
EXPR: 0 | POS | INT | 4 | 5 | 12 | 7=(x-(8-3)) | 7 x 8 3 - - = | 7:dollar x:dollar 8:dollar 3:dollar -:dollar -:dollar =:dollar
EXPR: 0 | POS | INT | 4 | 5 | 12 | 7=((x-8)+3) | 7 x 8 - 3 + = | 7:dollar x:dollar 8:dollar -:dollar 3:dollar +:dollar =:dollar
EXPR: 0 | POS | INT | 4 | 5 | 12 | ((x-8)+3)=7 | x 8 - 3 + 7 = | x:dollar 8:dollar -:dollar 3:dollar +:dollar 7:dollar =:dollar
EXPR: 0 | POS | INT | 4 | 5 | 12 | 8=(x+(3-7)) | 8 x 3 7 - + = | 8:dollar x:dollar 3:dollar 7:dollar -:dollar +:dollar =:dollar
EXPR: 0 | POS | INT | 4 | 5 | 4 | ((7+x)-8)=3 | 7 x + 8 - 3 = | 7:dollar x:dollar +:dollar 8:dollar -:dollar 3:dollar =:dollar
EXPR: 0 | POS | INT | 4 | 5 | 4 | ((8+3)-x)=7 | 8 3 + x - 7 = | 8:dollar 3:dollar +:dollar x:dollar -:dollar 7:dollar =:dollar
EXPR: 0 | POS | INT | 4 | 5 | 18 | 7=(x-(8+3)) | 7 x 8 3 + - = | 7:dollar x:dollar 8:dollar 3:dollar +:dollar -:dollar =:dollar
EXPR: 0 | POS | INT | 4 | 5 | 2 | 7=(x+(8-3)) | 7 x 8 3 - + = | 7:dollar x:dollar 8:dollar 3:dollar -:dollar +:dollar =:dollar
EXPR: 0 | POS | INT | 4 | 5 | 2 | ((8+x)-3)=7 | 8 x + 3 - 7 = | 8:dollar x:dollar +:dollar 3:dollar -:dollar 7:dollar =:dollar
EXPR: 0 | POS | INT | 4 | 5 | 12 | ((7-x)+8)=3 | 7 x - 8 + 3 = | 7:dollar x:dollar -:dollar 8:dollar +:dollar 3:dollar =:dollar
EXPR: 0 | POS | INT | 4 | 5 | 4 | ((8-x)+3)=7 | 8 x - 3 + 7 = | 8:dollar x:dollar -:dollar 3:dollar +:dollar 7:dollar =:dollar
EXPR: 0 | POS | INT | 5 | 5 | 12 | (7-(3-8))=x | 7 3 8 - - x = | 7:dollar 3:dollar 8:dollar -:dollar -:dollar x:dollar =:dollar
EXPR: 0 | POS | INT | 5 | 5 | 2 | x=(3-(8-7)) | x 3 8 7 - - = | x:dollar 3:dollar 8:dollar 7:dollar -:dollar -:dollar =:dollar
EXPR: 0 | POS | INT | 5 | 5 | 2 | x=(7+(3-8)) | x 7 3 8 - + = | x:dollar 7:dollar 3:dollar 8:dollar -:dollar +:dollar =:dollar
EXPR: 0 | POS | INT | 5 | 5 | 18 | x=(3+(8+7)) | x 3 8 7 + + = | x:dollar 3:dollar 8:dollar 7:dollar +:dollar +:dollar =:dollar
EXPR: 0 | POS | INT | 5 | 5 | 18 | ((7+3)+8)=x | 7 3 + 8 + x = | 7:dollar 3:dollar +:dollar 8:dollar +:dollar x:dollar =:dollar
EXPR: 0 | POS | INT | 5 | 5 | 2 | ((3-8)+7)=x | 3 8 - 7 + x = | 3:dollar 8:dollar -:dollar 7:dollar +:dollar x:dollar =:dollar
EXPR: 0 | POS | INT | 5 | 5 | 2 | ((7+3)-8)=x | 7 3 + 8 - x = | 7:dollar 3:dollar +:dollar 8:dollar -:dollar x:dollar =:dollar
EXPR: 0 | POS | INT | 5 | 5 | 2 | (7+(3-8))=x | 7 3 8 - + x = | 7:dollar 3:dollar 8:dollar -:dollar +:dollar x:dollar =:dollar
EXPR: 0 | POS | INT | 5 | 5 | 12 | x=((7-3)+8) | x 7 3 - 8 + = | x:dollar 7:dollar 3:dollar -:dollar 8:dollar +:dollar =:dollar
EXPR: 0 | POS | INT | 5 | 5 | 12 | ((7-3)+8)=x | 7 3 - 8 + x = | 7:dollar 3:dollar -:dollar 8:dollar +:dollar x:dollar =:dollar
EXPR: 0 | POS | INT | 5 | 5 | 12 | x=(7-(3-8)) | x 7 3 8 - - = | x:dollar 7:dollar 3:dollar 8:dollar -:dollar -:dollar =:dollar
EXPR: 0 | POS | INT | 5 | 5 | 4 | (3+(8-7))=x | 3 8 7 - + x = | 3:dollar 8:dollar 7:dollar -:dollar +:dollar x:dollar =:dollar
EXPR: 0 | POS | INT | 5 | 5 | 2 | (3-(8-7))=x | 3 8 7 - - x = | 3:dollar 8:dollar 7:dollar -:dollar -:dollar x:dollar =:dollar
EXPR: 0 | POS | INT | 5 | 5 | 18 | (3+(8+7))=x | 3 8 7 + + x = | 3:dollar 8:dollar 7:dollar +:dollar +:dollar x:dollar =:dollar
EXPR: 0 | POS | INT | 5 | 5 | 4 | x=(3+(8-7)) | x 3 8 7 - + = | x:dollar 3:dollar 8:dollar 7:dollar -:dollar +:dollar =:dollar
EXPR: 0 | POS | INT | 5 | 5 | 2 | x=((7+3)-8) | x 7 3 + 8 - = | x:dollar 7:dollar 3:dollar +:dollar 8:dollar -:dollar =:dollar
EXPR: 0 | POS | INT | 5 | 5 | 18 | x=((7+3)+8) | x 7 3 + 8 + = | x:dollar 7:dollar 3:dollar +:dollar 8:dollar +:dollar =:dollar
EXPR: 0 | POS | INT | 5 | 5 | 2 | x=((3-8)+7) | x 3 8 - 7 + = | x:dollar 3:dollar 8:dollar -:dollar 7:dollar +:dollar =:dollar
EXPR: 0 | POS | INT | 7 | 5 | 12 | 3=(8-(x-7)) | 3 8 x 7 - - = | 3:dollar 8:dollar x:dollar 7:dollar -:dollar -:dollar =:dollar
EXPR: 0 | POS | INT | 7 | 5 | 4 | ((x+7)-3)=8 | x 7 + 3 - 8 = | x:dollar 7:dollar +:dollar 3:dollar -:dollar 8:dollar =:dollar
EXPR: 0 | POS | INT | 7 | 5 | 2 | 3=(8+(x-7)) | 3 8 x 7 - + = | 3:dollar 8:dollar x:dollar 7:dollar -:dollar +:dollar =:dollar
EXPR: 0 | POS | INT | 7 | 5 | 2 | (7-(x-3))=8 | 7 x 3 - - 8 = | 7:dollar x:dollar 3:dollar -:dollar -:dollar 8:dollar =:dollar
EXPR: 0 | POS | INT | 7 | 5 | 12 | 7=((3-8)+x) | 7 3 8 - x + = | 7:dollar 3:dollar 8:dollar -:dollar x:dollar +:dollar =:dollar
EXPR: 0 | POS | INT | 7 | 5 | 2 | (3+(7-8))=x | 3 7 8 - + x = | 3:dollar 7:dollar 8:dollar -:dollar +:dollar x:dollar =:dollar
EXPR: 0 | POS | INT | 7 | 5 | 4 | ((3-7)+8)=x | 3 7 - 8 + x = | 3:dollar 7:dollar -:dollar 8:dollar +:dollar x:dollar =:dollar
EXPR: 0 | POS | INT | 7 | 5 | 4 | ((7-3)+x)=8 | 7 3 - x + 8 = | 7:dollar 3:dollar -:dollar x:dollar +:dollar 8:dollar =:dollar
EXPR: 0 | POS | INT | 7 | 5 | 2 | 3=(8-(7-x)) | 3 8 7 x - - = | 3:dollar 8:dollar 7:dollar x:dollar -:dollar -:dollar =:dollar
EXPR: 0 | POS | INT | 7 | 5 | 12 | (3+(x-8))=7 | 3 x 8 - + 7 = | 3:dollar x:dollar 8:dollar -:dollar +:dollar 7:dollar =:dollar
EXPR: 0 | POS | INT | 7 | 5 | 4 | (x+(7-3))=8 | x 7 3 - + 8 = | x:dollar 7:dollar 3:dollar -:dollar +:dollar 8:dollar =:dollar
EXPR: 0 | POS | INT | 7 | 5 | 2 | ((x-3)+8)=7 | x 3 - 8 + 7 = | x:dollar 3:dollar -:dollar 8:dollar +:dollar 7:dollar =:dollar
EXPR: 0 | POS | INT | 7 | 5 | 18 | ((x-3)-8)=7 | x 3 - 8 - 7 = | x:dollar 3:dollar -:dollar 8:dollar -:dollar 7:dollar =:dollar
EXPR: 0 | POS | INT | 7 | 5 | 2 | 3=((8+x)-7) | 3 8 x + 7 - = | 3:dollar 8:dollar x:dollar +:dollar 7:dollar -:dollar =:dollar
EXPR: 0 | POS | INT | 7 | 5 | 12 | (x-(7-3))=8 | x 7 3 - - 8 = | x:dollar 7:dollar 3:dollar -:dollar -:dollar 8:dollar =:dollar
EXPR: 0 | POS | INT | 7 | 5 | 12 | 3=((8-x)+7) | 3 8 x - 7 + = | 3:dollar 8:dollar x:dollar -:dollar 7:dollar +:dollar =:dollar
EXPR: 0 | POS | INT | 7 | 5 | 12 | 3=(8+(7-x)) | 3 8 7 x - + = | 3:dollar 8:dollar 7:dollar x:dollar -:dollar +:dollar =:dollar
EXPR: 0 | POS | INT | 7 | 5 | 4 | (3-(7-8))=x | 3 7 8 - - x = | 3:dollar 7:dollar 8:dollar -:dollar -:dollar x:dollar =:dollar
EXPR: 0 | POS | INT | 7 | 5 | 18 | 3=((x-8)-7) | 3 x 8 - 7 - = | 3:dollar x:dollar 8:dollar -:dollar 7:dollar -:dollar =:dollar
EXPR: 0 | POS | INT | 7 | 5 | 4 | 7=((3-x)+8) | 7 3 x - 8 + = | 7:dollar 3:dollar x:dollar -:dollar 8:dollar +:dollar =:dollar
EXPR: 0 | POS | INT | 7 | 5 | 2 | 3=((x+8)-7) | 3 x 8 + 7 - = | 3:dollar x:dollar 8:dollar +:dollar 7:dollar -:dollar =:dollar
EXPR: 0 | POS | INT | 7 | 5 | 4 | x=(3-(7-8)) | x 3 7 8 - - = | x:dollar 3:dollar 7:dollar 8:dollar -:dollar -:dollar =:dollar
EXPR: 0 | POS | INT | 7 | 5 | 4 | (7+(x-3))=8 | 7 x 3 - + 8 = | 7:dollar x:dollar 3:dollar -:dollar +:dollar 8:dollar =:dollar
EXPR: 0 | POS | INT | 7 | 5 | 4 | (3+(8-x))=7 | 3 8 x - + 7 = | 3:dollar 8:dollar x:dollar -:dollar +:dollar 7:dollar =:dollar
EXPR: 0 | POS | INT | 7 | 5 | 18 | 7=((x-3)-8) | 7 x 3 - 8 - = | 7:dollar x:dollar 3:dollar -:dollar 8:dollar -:dollar =:dollar
EXPR: 0 | POS | INT | 7 | 5 | 4 | (3-(x-8))=7 | 3 x 8 - - 7 = | 3:dollar x:dollar 8:dollar -:dollar -:dollar 7:dollar =:dollar
EXPR: 0 | POS | INT | 7 | 5 | 12 | (3-(8-x))=7 | 3 8 x - - 7 = | 3:dollar 8:dollar x:dollar -:dollar -:dollar 7:dollar =:dollar
EXPR: 0 | POS | INT | 7 | 5 | 12 | 7=((x+3)-8) | 7 x 3 + 8 - = | 7:dollar x:dollar 3:dollar +:dollar 8:dollar -:dollar =:dollar
EXPR: 0 | POS | INT | 7 | 5 | 2 | (7+(3-x))=8 | 7 3 x - + 8 = | 7:dollar 3:dollar x:dollar -:dollar +:dollar 8:dollar =:dollar
EXPR: 0 | POS | INT | 7 | 5 | 4 | (7-(3-x))=8 | 7 3 x - - 8 = | 7:dollar 3:dollar x:dollar -:dollar -:dollar 8:dollar =:dollar
EXPR: 0 | POS | INT | 7 | 5 | 12 | ((3-8)+x)=7 | 3 8 - x + 7 = | 3:dollar 8:dollar -:dollar x:dollar +:dollar 7:dollar =:dollar
EXPR: 0 | POS | INT | 7 | 5 | 12 | 7=(3-(8-x)) | 7 3 8 x - - = | 7:dollar 3:dollar 8:dollar x:dollar -:dollar -:dollar =:dollar
EXPR: 0 | POS | INT | 7 | 5 | 2 | 7=((x-3)+8) | 7 x 3 - 8 + = | 7:dollar x:dollar 3:dollar -:dollar 8:dollar +:dollar =:dollar
EXPR: 0 | POS | INT | 7 | 5 | 12 | 3=((8+7)-x) | 3 8 7 + x - = | 3:dollar 8:dollar 7:dollar +:dollar x:dollar -:dollar =:dollar
EXPR: 0 | POS | INT | 7 | 5 | 12 | ((x-7)+3)=8 | x 7 - 3 + 8 = | x:dollar 7:dollar -:dollar 3:dollar +:dollar 8:dollar =:dollar
EXPR: 0 | POS | INT | 7 | 5 | 12 | 7=(3+(x-8)) | 7 3 x 8 - + = | 7:dollar 3:dollar x:dollar 8:dollar -:dollar +:dollar =:dollar
EXPR: 0 | POS | INT | 7 | 5 | 4 | 7=(3-(x-8)) | 7 3 x 8 - - = | 7:dollar 3:dollar x:dollar 8:dollar -:dollar -:dollar =:dollar
EXPR: 0 | POS | INT | 7 | 5 | 18 | ((x-7)-3)=8 | x 7 - 3 - 8 = | x:dollar 7:dollar -:dollar 3:dollar -:dollar 8:dollar =:dollar
EXPR: 0 | POS | INT | 7 | 5 | 4 | 3=((x-8)+7) | 3 x 8 - 7 + = | 3:dollar x:dollar 8:dollar -:dollar 7:dollar +:dollar =:dollar
EXPR: 0 | POS | INT | 7 | 5 | 4 | 7=(3+(8-x)) | 7 3 8 x - + = | 7:dollar 3:dollar 8:dollar x:dollar -:dollar +:dollar =:dollar
EXPR: 0 | POS | INT | 7 | 5 | 2 | x=(3+(7-8)) | x 3 7 8 - + = | x:dollar 3:dollar 7:dollar 8:dollar -:dollar +:dollar =:dollar
EXPR: 0 | POS | INT | 7 | 5 | 12 | 7=((3+x)-8) | 7 3 x + 8 - = | 7:dollar 3:dollar x:dollar +:dollar 8:dollar -:dollar =:dollar
EXPR: 0 | POS | INT | 7 | 5 | 2 | ((7-x)+3)=8 | 7 x - 3 + 8 = | 7:dollar x:dollar -:dollar 3:dollar +:dollar 8:dollar =:dollar
EXPR: 0 | POS | INT | 7 | 5 | 2 | 3=((8-7)+x) | 3 8 7 - x + = | 3:dollar 8:dollar 7:dollar -:dollar x:dollar +:dollar =:dollar
EXPR: 0 | POS | INT | 7 | 5 | 4 | x=((3-7)+8) | x 3 7 - 8 + = | x:dollar 3:dollar 7:dollar -:dollar 8:dollar +:dollar =:dollar
EXPR: 0 | POS | INT | 7 | 5 | 12 | ((x+3)-8)=7 | x 3 + 8 - 7 = | x:dollar 3:dollar +:dollar 8:dollar -:dollar 7:dollar =:dollar
EXPR: 0 | POS | INT | 7 | 5 | 4 | 3=(x-(8-7)) | 3 x 8 7 - - = | 3:dollar x:dollar 8:dollar 7:dollar -:dollar -:dollar =:dollar
EXPR: 0 | POS | INT | 7 | 5 | 2 | 7=(x-(3-8)) | 7 x 3 8 - - = | 7:dollar x:dollar 3:dollar 8:dollar -:dollar -:dollar =:dollar
EXPR: 0 | POS | INT | 7 | 5 | 12 | 7=(x+(3-8)) | 7 x 3 8 - + = | 7:dollar x:dollar 3:dollar 8:dollar -:dollar +:dollar =:dollar
EXPR: 0 | POS | INT | 7 | 5 | 2 | ((7+3)-x)=8 | 7 3 + x - 8 = | 7:dollar 3:dollar +:dollar x:dollar -:dollar 8:dollar =:dollar
EXPR: 0 | POS | INT | 7 | 5 | 2 | (x-(3-8))=7 | x 3 8 - - 7 = | x:dollar 3:dollar 8:dollar -:dollar -:dollar 7:dollar =:dollar
EXPR: 0 | POS | INT | 7 | 5 | 18 | 3=(x-(8+7)) | 3 x 8 7 + - = | 3:dollar x:dollar 8:dollar 7:dollar +:dollar -:dollar =:dollar
EXPR: 0 | POS | INT | 7 | 5 | 2 | 3=(x+(8-7)) | 3 x 8 7 - + = | 3:dollar x:dollar 8:dollar 7:dollar -:dollar +:dollar =:dollar
EXPR: 0 | POS | INT | 7 | 5 | 18 | (x-(7+3))=8 | x 7 3 + - 8 = | x:dollar 7:dollar 3:dollar +:dollar -:dollar 8:dollar =:dollar
EXPR: 0 | POS | INT | 7 | 5 | 12 | (x+(3-8))=7 | x 3 8 - + 7 = | x:dollar 3:dollar 8:dollar -:dollar +:dollar 7:dollar =:dollar
EXPR: 0 | POS | INT | 7 | 5 | 4 | ((7+x)-3)=8 | 7 x + 3 - 8 = | 7:dollar x:dollar +:dollar 3:dollar -:dollar 8:dollar =:dollar
EXPR: 0 | POS | INT | 7 | 5 | 12 | ((3+x)-8)=7 | 3 x + 8 - 7 = | 3:dollar x:dollar +:dollar 8:dollar -:dollar 7:dollar =:dollar
EXPR: 0 | POS | INT | 7 | 5 | 4 | ((3-x)+8)=7 | 3 x - 8 + 7 = | 3:dollar x:dollar -:dollar 8:dollar +:dollar 7:dollar =:dollar
EXPR: 0 | POS | INT | 9 | 5 | 12 | 3=(7-(x-8)) | 3 7 x 8 - - = | 3:dollar 7:dollar x:dollar 8:dollar -:dollar -:dollar =:dollar
EXPR: 0 | POS | INT | 9 | 5 | 4 | 3=(7-(8-x)) | 3 7 8 x - - = | 3:dollar 7:dollar 8:dollar x:dollar -:dollar -:dollar =:dollar
EXPR: 0 | POS | INT | 9 | 5 | 4 | 3=(7+(x-8)) | 3 7 x 8 - + = | 3:dollar 7:dollar x:dollar 8:dollar -:dollar +:dollar =:dollar
EXPR: 0 | POS | INT | 9 | 5 | 18 | 3=((x-7)-8) | 3 x 7 - 8 - = | 3:dollar x:dollar 7:dollar -:dollar 8:dollar -:dollar =:dollar
EXPR: 0 | POS | INT | 9 | 5 | 4 | (x-(3-7))=8 | x 3 7 - - 8 = | x:dollar 3:dollar 7:dollar -:dollar -:dollar 8:dollar =:dollar
EXPR: 0 | POS | INT | 9 | 5 | 4 | 3=((x+7)-8) | 3 x 7 + 8 - = | 3:dollar x:dollar 7:dollar +:dollar 8:dollar -:dollar =:dollar
EXPR: 0 | POS | INT | 9 | 5 | 12 | 3=((7-x)+8) | 3 7 x - 8 + = | 3:dollar 7:dollar x:dollar -:dollar 8:dollar +:dollar =:dollar
EXPR: 0 | POS | INT | 9 | 5 | 18 | ((x-3)-7)=8 | x 3 - 7 - 8 = | x:dollar 3:dollar -:dollar 7:dollar -:dollar 8:dollar =:dollar
EXPR: 0 | POS | INT | 9 | 5 | 12 | (x+(3-7))=8 | x 3 7 - + 8 = | x:dollar 3:dollar 7:dollar -:dollar +:dollar 8:dollar =:dollar
EXPR: 0 | POS | INT | 9 | 5 | 4 | 3=((7+x)-8) | 3 7 x + 8 - = | 3:dollar 7:dollar x:dollar +:dollar 8:dollar -:dollar =:dollar
EXPR: 0 | POS | INT | 9 | 5 | 12 | (3+(x-7))=8 | 3 x 7 - + 8 = | 3:dollar x:dollar 7:dollar -:dollar +:dollar 8:dollar =:dollar
EXPR: 0 | POS | INT | 9 | 5 | 12 | ((3-7)+x)=8 | 3 7 - x + 8 = | 3:dollar 7:dollar -:dollar x:dollar +:dollar 8:dollar =:dollar
EXPR: 0 | POS | INT | 9 | 5 | 12 | 3=(7+(8-x)) | 3 7 8 x - + = | 3:dollar 7:dollar 8:dollar x:dollar -:dollar +:dollar =:dollar
EXPR: 0 | POS | INT | 9 | 5 | 2 | 3=((x-7)+8) | 3 x 7 - 8 + = | 3:dollar x:dollar 7:dollar -:dollar 8:dollar +:dollar =:dollar
EXPR: 0 | POS | INT | 9 | 5 | 2 | (3-(x-7))=8 | 3 x 7 - - 8 = | 3:dollar x:dollar 7:dollar -:dollar -:dollar 8:dollar =:dollar
EXPR: 0 | POS | INT | 9 | 5 | 4 | ((x-3)+7)=8 | x 3 - 7 + 8 = | x:dollar 3:dollar -:dollar 7:dollar +:dollar 8:dollar =:dollar
EXPR: 0 | POS | INT | 9 | 5 | 4 | 3=((7-8)+x) | 3 7 8 - x + = | 3:dollar 7:dollar 8:dollar -:dollar x:dollar +:dollar =:dollar
EXPR: 0 | POS | INT | 9 | 5 | 2 | (3+(7-x))=8 | 3 7 x - + 8 = | 3:dollar 7:dollar x:dollar -:dollar +:dollar 8:dollar =:dollar
EXPR: 0 | POS | INT | 9 | 5 | 12 | ((x+3)-7)=8 | x 3 + 7 - 8 = | x:dollar 3:dollar +:dollar 7:dollar -:dollar 8:dollar =:dollar
EXPR: 0 | POS | INT | 9 | 5 | 12 | ((3+x)-7)=8 | 3 x + 7 - 8 = | 3:dollar x:dollar +:dollar 7:dollar -:dollar 8:dollar =:dollar
EXPR: 0 | POS | INT | 9 | 5 | 12 | (3-(7-x))=8 | 3 7 x - - 8 = | 3:dollar 7:dollar x:dollar -:dollar -:dollar 8:dollar =:dollar
EXPR: 0 | POS | INT | 9 | 5 | 2 | ((3-x)+7)=8 | 3 x - 7 + 8 = | 3:dollar x:dollar -:dollar 7:dollar +:dollar 8:dollar =:dollar
EXPR: 0 | POS | INT | 9 | 5 | 2 | 3=(x-(7-8)) | 3 x 7 8 - - = | 3:dollar x:dollar 7:dollar 8:dollar -:dollar -:dollar =:dollar
EXPR: 0 | POS | INT | 9 | 5 | 4 | 3=(x+(7-8)) | 3 x 7 8 - + = | 3:dollar x:dollar 7:dollar 8:dollar -:dollar +:dollar =:dollar
EXPR: 0 | POS | INT | 12 | 5 | 4 | (8-x)=(7-3) | 8 x - 7 3 - = | 8:dollar x:dollar -:dollar 7:dollar 3:dollar -:dollar =:dollar
EXPR: 0 | POS | INT | 12 | 5 | 2 | (8-7)=(3-x) | 8 7 - 3 x - = | 8:dollar 7:dollar -:dollar 3:dollar x:dollar -:dollar =:dollar
EXPR: 0 | POS | INT | 12 | 5 | 4 | (8-7)=(x-3) | 8 7 - x 3 - = | 8:dollar 7:dollar -:dollar x:dollar 3:dollar -:dollar =:dollar
EXPR: 0 | POS | INT | 12 | 5 | 18 | (x-8)=(7+3) | x 8 - 7 3 + = | x:dollar 8:dollar -:dollar 7:dollar 3:dollar +:dollar =:dollar
EXPR: 0 | POS | INT | 12 | 5 | 18 | (8+7)=(x-3) | 8 7 + x 3 - = | 8:dollar 7:dollar +:dollar x:dollar 3:dollar -:dollar =:dollar
EXPR: 0 | POS | INT | 12 | 5 | 12 | (8+7)=(x+3) | 8 7 + x 3 + = | 8:dollar 7:dollar +:dollar x:dollar 3:dollar +:dollar =:dollar
EXPR: 0 | POS | INT | 12 | 5 | 12 | (8+7)=(3+x) | 8 7 + 3 x + = | 8:dollar 7:dollar +:dollar 3:dollar x:dollar +:dollar =:dollar
EXPR: 0 | POS | INT | 12 | 5 | 2 | (8+x)=(7+3) | 8 x + 7 3 + = | 8:dollar x:dollar +:dollar 7:dollar 3:dollar +:dollar =:dollar
EXPR: 0 | POS | INT | 12 | 5 | 12 | (x-8)=(7-3) | x 8 - 7 3 - = | x:dollar 8:dollar -:dollar 7:dollar 3:dollar -:dollar =:dollar
EXPR: 0 | POS | INT | 12 | 5 | 2 | (x+8)=(7+3) | x 8 + 7 3 + = | x:dollar 8:dollar +:dollar 7:dollar 3:dollar +:dollar =:dollar
EXPR: 0 | POS | INT | 14 | 5 | 18 | (8+3)=(x-7) | 8 3 + x 7 - = | 8:dollar 3:dollar +:dollar x:dollar 7:dollar -:dollar =:dollar
EXPR: 0 | POS | INT | 14 | 5 | 2 | (7-8)=(x-3) | 7 8 - x 3 - = | 7:dollar 8:dollar -:dollar x:dollar 3:dollar -:dollar =:dollar
EXPR: 0 | POS | INT | 14 | 5 | 12 | (8-x)=(3-7) | 8 x - 3 7 - = | 8:dollar x:dollar -:dollar 3:dollar 7:dollar -:dollar =:dollar
EXPR: 0 | POS | INT | 14 | 5 | 4 | (x-8)=(3-7) | x 8 - 3 7 - = | x:dollar 8:dollar -:dollar 3:dollar 7:dollar -:dollar =:dollar
EXPR: 0 | POS | INT | 14 | 5 | 12 | (8-3)=(x-7) | 8 3 - x 7 - = | 8:dollar 3:dollar -:dollar x:dollar 7:dollar -:dollar =:dollar
EXPR: 0 | POS | INT | 14 | 5 | 4 | (8+3)=(7+x) | 8 3 + 7 x + = | 8:dollar 3:dollar +:dollar 7:dollar x:dollar +:dollar =:dollar
EXPR: 0 | POS | INT | 14 | 5 | 2 | (7-x)=(8-3) | 7 x - 8 3 - = | 7:dollar x:dollar -:dollar 8:dollar 3:dollar -:dollar =:dollar
EXPR: 0 | POS | INT | 14 | 5 | 4 | (8+3)=(x+7) | 8 3 + x 7 + = | 8:dollar 3:dollar +:dollar x:dollar 7:dollar +:dollar =:dollar
EXPR: 0 | POS | INT | 14 | 5 | 4 | (7-8)=(3-x) | 7 8 - 3 x - = | 7:dollar 8:dollar -:dollar 3:dollar x:dollar -:dollar =:dollar
EXPR: 0 | POS | INT | 14 | 5 | 2 | (8-3)=(7-x) | 8 3 - 7 x - = | 8:dollar 3:dollar -:dollar 7:dollar x:dollar -:dollar =:dollar
EXPR: 0 | POS | INT | 14 | 5 | 4 | (7+x)=(8+3) | 7 x + 8 3 + = | 7:dollar x:dollar +:dollar 8:dollar 3:dollar +:dollar =:dollar
EXPR: 0 | POS | INT | 14 | 5 | 18 | (x-7)=(8+3) | x 7 - 8 3 + = | x:dollar 7:dollar -:dollar 8:dollar 3:dollar +:dollar =:dollar
EXPR: 0 | POS | INT | 14 | 5 | 12 | (x-7)=(8-3) | x 7 - 8 3 - = | x:dollar 7:dollar -:dollar 8:dollar 3:dollar -:dollar =:dollar
EXPR: 0 | POS | INT | 14 | 5 | 4 | (x+7)=(8+3) | x 7 + 8 3 + = | x:dollar 7:dollar +:dollar 8:dollar 3:dollar +:dollar =:dollar
EXPR: 0 | POS | INT | 17 | 5 | 12 | (7-x)=(3-8) | 7 x - 3 8 - = | 7:dollar x:dollar -:dollar 3:dollar 8:dollar -:dollar =:dollar
EXPR: 0 | POS | INT | 17 | 5 | 18 | (x-3)=(8+7) | x 3 - 8 7 + = | x:dollar 3:dollar -:dollar 8:dollar 7:dollar +:dollar =:dollar
EXPR: 0 | POS | INT | 17 | 5 | 2 | (7+3)=(8+x) | 7 3 + 8 x + = | 7:dollar 3:dollar +:dollar 8:dollar x:dollar +:dollar =:dollar
EXPR: 0 | POS | INT | 17 | 5 | 2 | (3-8)=(x-7) | 3 8 - x 7 - = | 3:dollar 8:dollar -:dollar x:dollar 7:dollar -:dollar =:dollar
EXPR: 0 | POS | INT | 17 | 5 | 12 | (7-3)=(x-8) | 7 3 - x 8 - = | 7:dollar 3:dollar -:dollar x:dollar 8:dollar -:dollar =:dollar
EXPR: 0 | POS | INT | 17 | 5 | 2 | (3-x)=(8-7) | 3 x - 8 7 - = | 3:dollar x:dollar -:dollar 8:dollar 7:dollar -:dollar =:dollar
EXPR: 0 | POS | INT | 17 | 5 | 2 | (x-7)=(3-8) | x 7 - 3 8 - = | x:dollar 7:dollar -:dollar 3:dollar 8:dollar -:dollar =:dollar
EXPR: 0 | POS | INT | 17 | 5 | 4 | (x-3)=(8-7) | x 3 - 8 7 - = | x:dollar 3:dollar -:dollar 8:dollar 7:dollar -:dollar =:dollar
EXPR: 0 | POS | INT | 17 | 5 | 18 | (7+3)=(x-8) | 7 3 + x 8 - = | 7:dollar 3:dollar +:dollar x:dollar 8:dollar -:dollar =:dollar
EXPR: 0 | POS | INT | 17 | 5 | 4 | (7-3)=(8-x) | 7 3 - 8 x - = | 7:dollar 3:dollar -:dollar 8:dollar x:dollar -:dollar =:dollar
EXPR: 0 | POS | INT | 17 | 5 | 12 | (3-8)=(7-x) | 3 8 - 7 x - = | 3:dollar 8:dollar -:dollar 7:dollar x:dollar -:dollar =:dollar
EXPR: 0 | POS | INT | 17 | 5 | 12 | (x+3)=(8+7) | x 3 + 8 7 + = | x:dollar 3:dollar +:dollar 8:dollar 7:dollar +:dollar =:dollar
EXPR: 0 | POS | INT | 17 | 5 | 2 | (7+3)=(x+8) | 7 3 + x 8 + = | 7:dollar 3:dollar +:dollar x:dollar 8:dollar +:dollar =:dollar
EXPR: 0 | POS | INT | 17 | 5 | 12 | (3+x)=(8+7) | 3 x + 8 7 + = | 3:dollar x:dollar +:dollar 8:dollar 7:dollar +:dollar =:dollar
EXPR: 0 | POS | INT | 19 | 5 | 2 | (x-3)=(7-8) | x 3 - 7 8 - = | x:dollar 3:dollar -:dollar 7:dollar 8:dollar -:dollar =:dollar
EXPR: 0 | POS | INT | 19 | 5 | 4 | (3-x)=(7-8) | 3 x - 7 8 - = | 3:dollar x:dollar -:dollar 7:dollar 8:dollar -:dollar =:dollar
EXPR: 0 | POS | INT | 19 | 5 | 4 | (3-7)=(x-8) | 3 7 - x 8 - = | 3:dollar 7:dollar -:dollar x:dollar 8:dollar -:dollar =:dollar
EXPR: 0 | POS | INT | 19 | 5 | 12 | (3-7)=(8-x) | 3 7 - 8 x - = | 3:dollar 7:dollar -:dollar 8:dollar x:dollar -:dollar =:dollar
NET 252 unique, non-negative, integer-valued solutions found out of 480 total solutions
