parameters: n=7 l=3 k=1 p=5 q=2 m=9
TOTAL 1000 solutions found
SOLN: CORRECT | POS/NEG | INT/FRA | OBJ-SCORE | TRUE-ANS | ANS | INFIX | POSTFIX | TYPED-POSTFIX
EXPR: 1 | POS | INT | 2 | 9 | 9 | ((x*3)-24)=3 | x 3 * 24 - 3 = | x:point 3:pound *:pound 24:pound -:pound 3:pound =:pound
EXPR: 0 | POS | INT | 2 | 9 | 7 | 3=((24-3)/x) | 3 24 3 - x / = | 3:pound 24:pound 3:pound -:pound x:point /:pound =:pound
EXPR: 0 | POS | INT | 2 | 9 | 0 | 3=((x*24)+3) | 3 x 24 * 3 + = | 3:pound x:point 24:pound *:pound 3:pound +:pound =:pound
EXPR: 1 | POS | INT | 2 | 9 | 9 | ((3+24)/x)=3 | 3 24 + x / 3 = | 3:pound 24:pound +:pound x:point /:pound 3:pound =:pound
EXPR: 1 | POS | INT | 2 | 9 | 9 | 3=((24+3)/x) | 3 24 3 + x / = | 3:pound 24:pound 3:pound +:pound x:point /:pound =:pound
EXPR: 0 | POS | INT | 2 | 9 |  | (3-(x*24))=3 | 3 x 24 * - 3 = | 3:pound x:point 24:pound *:pound -:pound 3:pound =:pound
EXPR: 1 | POS | INT | 2 | 9 | 9 | ((3*x)-24)=3 | 3 x * 24 - 3 = | 3:pound x:point *:pound 24:pound -:pound 3:pound =:pound
EXPR: 0 | POS | INT | 2 | 9 |  | (3+(x*24))=3 | 3 x 24 * + 3 = | 3:pound x:point 24:pound *:pound +:pound 3:pound =:pound
EXPR: 0 | POS | INT | 2 | 9 | 7 | 3=(24-(x*3)) | 3 24 x 3 * - = | 3:pound 24:pound x:point 3:pound *:pound -:pound =:pound
EXPR: 0 | POS | INT | 2 | 9 | 4 | 3=((24/x)-3) | 3 24 x / 3 - = | 3:pound 24:pound x:point /:pound 3:pound -:pound =:pound
EXPR: 0 | POS | INT | 2 | 9 | - | 3=((24/x)+3) | 3 24 x / 3 + = | 3:pound 24:pound x:point /:pound 3:pound +:pound =:pound
EXPR: 0 | POS | INT | 2 | 9 | 0 | 3=((24*x)+3) | 3 24 x * 3 + = | 3:pound 24:pound x:point *:pound 3:pound +:pound =:pound
EXPR: 0 | POS | INT | 2 | 9 |  | (3-(24*x))=3 | 3 24 x * - 3 = | 3:pound 24:pound x:point *:pound -:pound 3:pound =:pound
EXPR: 0 | POS | INT | 2 | 9 |  | (3+(24*x))=3 | 3 24 x * + 3 = | 3:pound 24:pound x:point *:pound +:pound 3:pound =:pound
EXPR: 0 | POS | INT | 2 | 9 | - | (3+(24/x))=3 | 3 24 x / + 3 = | 3:pound 24:pound x:point /:pound +:pound 3:pound =:pound
EXPR: 0 | POS | INT | 2 | 9 | - | (3-(24/x))=3 | 3 24 x / - 3 = | 3:pound 24:pound x:point /:pound -:pound 3:pound =:pound
EXPR: 0 | POS | INT | 2 | 9 | 7 | 3=(24-(3*x)) | 3 24 3 x * - = | 3:pound 24:pound 3:pound x:point *:pound -:pound =:pound
EXPR: 0 | POS | INT | 4 | 9 | 7 | 24=((x*3)+3) | 24 x 3 * 3 + = | 24:pound x:point 3:pound *:pound 3:pound +:pound =:pound
EXPR: 1 | POS | INT | 4 | 9 | 9 | ((x*3)-3)=24 | x 3 * 3 - 24 = | x:point 3:pound *:pound 3:pound -:pound 24:pound =:pound
EXPR: 0 | POS | INT | 4 | 9 | - | (x*(3-3))=24 | x 3 3 - * 24 = | x:point 3:pound 3:pound -:pound *:pound 24:pound =:pound
EXPR: 0 | POS | INT | 4 | 9 | 7 | ((3*x)+3)=24 | 3 x * 3 + 24 = | 3:pound x:point *:pound 3:pound +:pound 24:pound =:pound
EXPR: 1 | POS | INT | 4 | 9 | 9 | ((3*x)-3)=24 | 3 x * 3 - 24 = | 3:pound x:point *:pound 3:pound -:pound 24:pound =:pound
EXPR: 0 | POS | INT | 4 | 9 |  | ((x*24)+3)=3 | x 24 * 3 + 3 = | x:point 24:pound *:pound 3:pound +:pound 3:pound =:pound
EXPR: 1 | POS | INT | 4 | 9 | 9 | 3=((x*3)-24) | 3 x 3 * 24 - = | 3:pound x:point 3:pound *:pound 24:pound -:pound =:pound
EXPR: 0 | POS | INT | 4 | 9 | 7 | ((24-3)/x)=3 | 24 3 - x / 3 = | 24:pound 3:pound -:pound x:point /:pound 3:pound =:pound
EXPR: 0 | POS | INT | 4 | 9 | 4 | ((3+3)*x)=24 | 3 3 + x * 24 = | 3:pound 3:pound +:pound x:point *:pound 24:pound =:pound
EXPR: 0 | POS | INT | 4 | 9 | - | ((3-3)*x)=24 | 3 3 - x * 24 = | 3:pound 3:pound -:pound x:point *:pound 24:pound =:pound
EXPR: 1 | POS | INT | 4 | 9 | 9 | 3=((3*x)-24) | 3 3 x * 24 - = | 3:pound 3:pound x:point *:pound 24:pound -:pound =:pound
EXPR: 0 | POS | INT | 4 | 9 | - | 3=(3-(24/x)) | 3 3 24 x / - = | 3:pound 3:pound 24:pound x:point /:pound -:pound =:pound
EXPR: 0 | POS | INT | 4 | 9 | - | 3=(3+(24/x)) | 3 3 24 x / + = | 3:pound 3:pound 24:pound x:point /:pound +:pound =:pound
EXPR: 0 | POS | INT | 4 | 9 | - | ((3-3)/x)=24 | 3 3 - x / 24 = | 3:pound 3:pound -:pound x:point /:pound 24:pound =:pound
EXPR: 1 | POS | INT | 4 | 9 | 9 | 24=((x*3)-3) | 24 x 3 * 3 - = | 24:pound x:point 3:pound *:pound 3:pound -:pound =:pound
EXPR: 0 | POS | INT | 4 | 9 | 0 | 3=(3+(24*x)) | 3 3 24 x * + = | 3:pound 3:pound 24:pound x:point *:pound +:pound =:pound
EXPR: 0 | POS | INT | 4 | 9 | 4 | ((24/x)-3)=3 | 24 x / 3 - 3 = | 24:pound x:point /:pound 3:pound -:pound 3:pound =:pound
EXPR: 0 | POS | INT | 4 | 9 | - | ((24/x)+3)=3 | 24 x / 3 + 3 = | 24:pound x:point /:pound 3:pound +:pound 3:pound =:pound
EXPR: 0 | POS | INT | 4 | 9 | 7 | (24-(x*3))=3 | 24 x 3 * - 3 = | 24:pound x:point 3:pound *:pound -:pound 3:pound =:pound
EXPR: 0 | POS | INT | 4 | 9 | 7 | (3+(3*x))=24 | 3 3 x * + 24 = | 3:pound 3:pound x:point *:pound +:pound 24:pound =:pound
EXPR: 0 | POS | INT | 4 | 9 | 7 | ((x*3)+3)=24 | x 3 * 3 + 24 = | x:point 3:pound *:pound 3:pound +:pound 24:pound =:pound
EXPR: 0 | POS | INT | 4 | 9 | 4 | 24=((3+3)*x) | 24 3 3 + x * = | 24:pound 3:pound 3:pound +:pound x:point *:pound =:pound
EXPR: 0 | POS | INT | 4 | 9 | - | 24=((3-3)*x) | 24 3 3 - x * = | 24:pound 3:pound 3:pound -:pound x:point *:pound =:pound
EXPR: 0 | POS | INT | 4 | 9 | 0 | 3=(3-(x*24)) | 3 3 x 24 * - = | 3:pound 3:pound x:point 24:pound *:pound -:pound =:pound
EXPR: 0 | POS | INT | 4 | 9 | 4 | (x*(3+3))=24 | x 3 3 + * 24 = | x:point 3:pound 3:pound +:pound *:pound 24:pound =:pound
EXPR: 0 | POS | INT | 4 | 9 | - | 24=((3-3)/x) | 24 3 3 - x / = | 24:pound 3:pound 3:pound -:pound x:point /:pound =:pound
EXPR: 0 | POS | INT | 4 | 9 | 0 | 3=(3+(x*24)) | 3 3 x 24 * + = | 3:pound 3:pound x:point 24:pound *:pound +:pound =:pound
EXPR: 0 | POS | INT | 4 | 9 | 7 | (3+(x*3))=24 | 3 x 3 * + 24 = | 3:pound x:point 3:pound *:pound +:pound 24:pound =:pound
EXPR: 0 | POS | INT | 4 | 9 |  | ((24*x)+3)=3 | 24 x * 3 + 3 = | 24:pound x:point *:pound 3:pound +:pound 3:pound =:pound
EXPR: 0 | POS | INT | 4 | 9 | 0 | 3=(3-(24*x)) | 3 3 24 x * - = | 3:pound 3:pound 24:pound x:point *:pound -:pound =:pound
EXPR: 0 | POS | INT | 4 | 9 | - | 24=(x*(3-3)) | 24 x 3 3 - * = | 24:pound x:point 3:pound 3:pound -:pound *:pound =:pound
EXPR: 0 | POS | INT | 4 | 9 | 4 | 24=(x*(3+3)) | 24 x 3 3 + * = | 24:pound x:point 3:pound 3:pound +:pound *:pound =:pound
EXPR: 1 | POS | INT | 4 | 9 | 9 | 24=((3*x)-3) | 24 3 x * 3 - = | 24:pound 3:pound x:point *:pound 3:pound -:pound =:pound
EXPR: 0 | POS | INT | 4 | 9 | 7 | 24=(3+(x*3)) | 24 3 x 3 * + = | 24:pound 3:pound x:point 3:pound *:pound +:pound =:pound
EXPR: 0 | POS | INT | 4 | 9 | 7 | (24-(3*x))=3 | 24 3 x * - 3 = | 24:pound 3:pound x:point *:pound -:pound 3:pound =:pound
EXPR: 0 | POS | INT | 4 | 9 | 7 | 24=(3+(3*x)) | 24 3 3 x * + = | 24:pound 3:pound 3:pound x:point *:pound +:pound =:pound
EXPR: 0 | POS | INT | 4 | 9 | 7 | 24=((3*x)+3) | 24 3 x * 3 + = | 24:pound 3:pound x:point *:pound 3:pound +:pound =:pound
EXPR: 1 | POS | INT | 7 | 9 | 9 | ((24+3)/x)=3 | 24 3 + x / 3 = | 24:pound 3:pound +:pound x:point /:pound 3:pound =:pound
EXPR: 1 | POS | INT | 7 | 9 | 9 | 3=((3+24)/x) | 3 3 24 + x / = | 3:pound 3:pound 24:pound +:pound x:point /:pound =:pound
EXPR: 0 | POS | INT | 10 | 9 | 81 | x=((3+24)*3) | x 3 24 + 3 * = | x:point 3:pound 24:pound +:pound 3:point *:point =:point
EXPR: 0 | POS | INT | 10 | 9 | 81 | x=(3*(24+3)) | x 3 24 3 + * = | x:point 3:point 24:pound 3:pound +:pound *:point =:point
EXPR: 0 | POS | INT | 10 | 9 | 63 | x=(3*(24-3)) | x 3 24 3 - * = | x:point 3:point 24:pound 3:pound -:pound *:point =:point
EXPR: 0 | POS | INT | 10 | 9 | 24 | ((3+24)-3)=x | 3 24 + 3 - x = | 3:pound 24:pound +:pound 3:pound -:pound x:pound =:pound
EXPR: 0 | POS | INT | 10 | 9 | 63 | (3*(24-3))=x | 3 24 3 - * x = | 3:point 24:pound 3:pound -:pound *:point x:point =:point
EXPR: 0 | POS | INT | 10 | 9 | 24 | x=(3+(24-3)) | x 3 24 3 - + = | x:pound 3:pound 24:pound 3:pound -:pound +:pound =:pound
EXPR: 0 | POS | INT | 10 | 9 | 30 | ((3+24)+3)=x | 3 24 + 3 + x = | 3:pound 24:pound +:pound 3:pound +:pound x:pound =:pound
EXPR: 0 | POS | INT | 10 | 9 | 24 | (3+(24-3))=x | 3 24 3 - + x = | 3:pound 24:pound 3:pound -:pound +:pound x:pound =:pound
EXPR: 0 | POS | INT | 10 | 9 | 30 | x=(3+(24+3)) | x 3 24 3 + + = | x:pound 3:pound 24:pound 3:pound +:pound +:pound =:pound
EXPR: 0 | POS | INT | 10 | 9 | 81 | ((3+24)*3)=x | 3 24 + 3 * x = | 3:pound 24:pound +:pound 3:point *:point x:point =:point
EXPR: 0 | POS | INT | 10 | 9 | 30 | (3+(24+3))=x | 3 24 3 + + x = | 3:pound 24:pound 3:pound +:pound +:pound x:pound =:pound
EXPR: 0 | POS | INT | 10 | 9 | 81 | (3*(24+3))=x | 3 24 3 + * x = | 3:point 24:pound 3:pound +:pound *:point x:point =:point
EXPR: 0 | POS | INT | 10 | 9 | 24 | x=((3+24)-3) | x 3 24 + 3 - = | x:pound 3:pound 24:pound +:pound 3:pound -:pound =:pound
EXPR: 0 | POS | INT | 10 | 9 | 30 | x=((3+24)+3) | x 3 24 + 3 + = | x:pound 3:pound 24:pound +:pound 3:pound +:pound =:pound
EXPR: 0 | POS | INT | 12 | 9 | 5 | 3=(24/(3+x)) | 3 24 3 x + / = | 3:pound 24:pound 3:point x:point +:point /:pound =:pound
EXPR: 0 | POS | INT | 12 | 9 | 81 | 3=(x/(24+3)) | 3 x 24 3 + / = | 3:point x:point 24:pound 3:pound +:pound /:point =:point
EXPR: 0 | POS | INT | 12 | 9 | 81 | (x/(3+24))=3 | x 3 24 + / 3 = | x:point 3:pound 24:pound +:pound /:point 3:point =:point
EXPR: 0 | POS | INT | 12 | 9 | 24 | ((3+x)-24)=3 | 3 x + 24 - 3 = | 3:pound x:pound +:pound 24:pound -:pound 3:pound =:pound
EXPR: 0 | POS | INT | 12 | 9 | 30 | (x-(3+24))=3 | x 3 24 + - 3 = | x:pound 3:pound 24:pound +:pound -:pound 3:pound =:pound
EXPR: 0 | POS | INT | 12 | 9 | 24 | 3=(24-(x-3)) | 3 24 x 3 - - = | 3:pound 24:pound x:pound 3:pound -:pound -:pound =:pound
EXPR: 0 | POS | INT | 12 | 9 | 18 | 3=(24-(x+3)) | 3 24 x 3 + - = | 3:pound 24:pound x:pound 3:pound +:pound -:pound =:pound
EXPR: 0 | POS | INT | 12 | 9 | 25 | (3*(x-24))=3 | 3 x 24 - * 3 = | 3:pound x:point 24:point -:point *:pound 3:pound =:pound
EXPR: 0 | POS | INT | 12 | 9 | 5 | 3=(24/(x+3)) | 3 24 x 3 + / = | 3:pound 24:pound x:point 3:point +:point /:pound =:pound
EXPR: 0 | POS | INT | 12 | 9 | 144 | x=(24*(3+3)) | x 24 3 3 + * = | x:point 24:point 3:pound 3:pound +:pound *:point =:point
EXPR: 0 | POS | INT | 12 | 9 | 4 | x=(24/(3+3)) | x 24 3 3 + / = | x:point 24:point 3:pound 3:pound +:pound /:point =:point
EXPR: 0 | POS | INT | 12 | 9 | 24 | 3=((24-x)+3) | 3 24 x - 3 + = | 3:pound 24:pound x:pound -:pound 3:pound +:pound =:pound
EXPR: 0 | POS | INT | 12 | 9 | 24 | ((3-x)+24)=3 | 3 x - 24 + 3 = | 3:pound x:pound -:pound 24:pound +:pound 3:pound =:pound
EXPR: 0 | POS | INT | 12 | 9 | 23 | (3*(24-x))=3 | 3 24 x - * 3 = | 3:pound 24:point x:point -:point *:pound 3:pound =:pound
EXPR: 0 | POS | INT | 12 | 9 | 63 | 3=(x/(24-3)) | 3 x 24 3 - / = | 3:point x:point 24:pound 3:pound -:pound /:point =:point
EXPR: 1 | POS | INT | 12 | 9 | 9 | (3+24)=(3*x) | 3 24 + 3 x * = | 3:pound 24:pound +:pound 3:pound x:point *:pound =:pound
EXPR: 0 | POS | INT | 12 | 9 | 11 | 3=(24/(x-3)) | 3 24 x 3 - / = | 3:pound 24:pound x:point 3:point -:point /:pound =:pound
EXPR: 1 | POS | INT | 12 | 9 | 9 | (3+24)=(x*3) | 3 24 + x 3 * = | 3:pound 24:pound +:pound x:point 3:pound *:pound =:pound
EXPR: 0 | POS | INT | 12 | 9 | 144 | x=((3+3)*24) | x 3 3 + 24 * = | x:point 3:pound 3:pound +:pound 24:point *:point =:point
EXPR: 0 | POS | INT | 12 | 9 | 18 | 3=((24-3)-x) | 3 24 3 - x - = | 3:pound 24:pound 3:pound -:pound x:pound -:pound =:pound
EXPR: 0 | POS | INT | 12 | 9 | 24 | (3-(3-24))=x | 3 3 24 - - x = | 3:pound 3:pound 24:pound -:pound -:pound x:pound =:pound
EXPR: 0 | POS | INT | 12 | 9 | 24 | ((x+3)-24)=3 | x 3 + 24 - 3 = | x:pound 3:pound +:pound 24:pound -:pound 3:pound =:pound
EXPR: 0 | POS | INT | 12 | 9 | 30 | ((x-3)-24)=3 | x 3 - 24 - 3 = | x:pound 3:pound -:pound 24:pound -:pound 3:pound =:pound
EXPR: 0 | POS | INT | 12 | 9 | 18 | 3=((24-x)-3) | 3 24 x - 3 - = | 3:pound 24:pound x:pound -:pound 3:pound -:pound =:pound
EXPR: 0 | POS | INT | 12 | 9 |  | x=(24*(3-3)) | x 24 3 3 - * = | x:point 24:point 3:pound 3:pound -:pound *:point =:point
EXPR: 0 | POS | INT | 12 | 9 | zoo | x=(24/(3-3)) | x 24 3 3 - / = | x:point 24:point 3:pound 3:pound -:pound /:point =:point
EXPR: 0 | POS | INT | 12 | 9 | 24 | ((3-3)+24)=x | 3 3 - 24 + x = | 3:pound 3:pound -:pound 24:pound +:pound x:pound =:pound
EXPR: 0 | POS | INT | 12 | 9 | 0 | ((3-3)*24)=x | 3 3 - 24 * x = | 3:pound 3:pound -:pound 24:point *:point x:point =:point
EXPR: 0 | POS | INT | 12 | 9 | 24 | (3-(x-24))=3 | 3 x 24 - - 3 = | 3:pound x:pound 24:pound -:pound -:pound 3:pound =:pound
EXPR: 0 | POS | INT | 12 | 9 |  | x=((3-3)*24) | x 3 3 - 24 * = | x:point 3:pound 3:pound -:pound 24:point *:point =:point
EXPR: 0 | POS | INT | 12 | 9 | 24 | ((3+24)-x)=3 | 3 24 + x - 3 = | 3:pound 24:pound +:pound x:pound -:pound 3:pound =:pound
EXPR: 0 | POS | INT | 12 | 9 | 63 | ((24-3)*3)=x | 24 3 - 3 * x = | 24:pound 3:pound -:pound 3:point *:point x:point =:point
EXPR: 0 | POS | INT | 12 | 9 | 24 | ((3-24)+x)=3 | 3 24 - x + 3 = | 3:pound 24:pound -:pound x:pound +:pound 3:pound =:pound
EXPR: 0 | POS | INT | 12 | 9 | 24 | x=(24+(3-3)) | x 24 3 3 - + = | x:pound 24:pound 3:pound 3:pound -:pound +:pound =:pound
EXPR: 0 | POS | INT | 12 | 9 | 30 | 3=(x-(24+3)) | 3 x 24 3 + - = | 3:pound x:pound 24:pound 3:pound +:pound -:pound =:pound
EXPR: 0 | POS | INT | 12 | 9 | 30 | x=(24+(3+3)) | x 24 3 3 + + = | x:pound 24:pound 3:pound 3:pound +:pound +:pound =:pound
EXPR: 0 | POS | INT | 12 | 9 | 30 | ((3+3)+24)=x | 3 3 + 24 + x = | 3:pound 3:pound +:pound 24:pound +:pound x:pound =:pound
EXPR: 0 | POS | INT | 12 | 9 | 30 | (24+(3+3))=x | 24 3 3 + + x = | 24:pound 3:pound 3:pound +:pound +:pound x:pound =:pound
EXPR: 0 | POS | INT | 12 | 9 | 24 | (24-(3-3))=x | 24 3 3 - - x = | 24:pound 3:pound 3:pound -:pound -:pound x:pound =:pound
EXPR: 0 | POS | INT | 12 | 9 | 25 | (3/(x-24))=3 | 3 x 24 - / 3 = | 3:pound x:point 24:point -:point /:pound 3:pound =:pound
EXPR: 0 | POS | INT | 12 | 9 | 24 | (3+(x-24))=3 | 3 x 24 - + 3 = | 3:pound x:pound 24:pound -:pound +:pound 3:pound =:pound
EXPR: 0 | POS | INT | 12 | 9 | 24 | x=(24-(3-3)) | x 24 3 3 - - = | x:pound 24:pound 3:pound 3:pound -:pound -:pound =:pound
EXPR: 0 | POS | INT | 12 | 9 | 63 | x=((24-3)*3) | x 24 3 - 3 * = | x:point 24:pound 3:pound -:pound 3:point *:point =:point
EXPR: 0 | POS | INT | 12 | 9 | 144 | (24*(3+3))=x | 24 3 3 + * x = | 24:point 3:pound 3:pound +:pound *:point x:point =:point
EXPR: 0 | POS | INT | 12 | 9 | 4 | (24/(3+3))=x | 24 3 3 + / x = | 24:point 3:pound 3:pound +:pound /:point x:point =:point
EXPR: 0 | POS | INT | 12 | 9 | 24 | ((24-3)+3)=x | 24 3 - 3 + x = | 24:pound 3:pound -:pound 3:pound +:pound x:pound =:pound
EXPR: 0 | POS | INT | 12 | 9 | 18 | x=(24-(3+3)) | x 24 3 3 + - = | x:pound 24:pound 3:pound 3:pound +:pound -:pound =:pound
EXPR: 0 | POS | INT | 12 | 9 | 7 | (x*3)=(24-3) | x 3 * 24 3 - = | x:point 3:pound *:pound 24:pound 3:pound -:pound =:pound
EXPR: 0 | POS | INT | 12 | 9 | 24 | (24+(3-3))=x | 24 3 3 - + x = | 24:pound 3:pound 3:pound -:pound +:pound x:pound =:pound
EXPR: 0 | POS | INT | 12 | 9 | 23 | 3=((24-x)*3) | 3 24 x - 3 * = | 3:pound 24:point x:point -:point 3:pound *:pound =:pound
EXPR: 0 | POS | INT | 12 | 9 | zoo | (24/(3-3))=x | 24 3 3 - / x = | 24:point 3:pound 3:pound -:pound /:point x:point =:point
EXPR: 1 | POS | INT | 12 | 9 | 9 | (x*3)=(24+3) | x 3 * 24 3 + = | x:point 3:pound *:pound 24:pound 3:pound +:pound =:pound
EXPR: 0 | POS | INT | 12 | 9 | 18 | 3=(24-(3+x)) | 3 24 3 x + - = | 3:pound 24:pound 3:pound x:pound +:pound -:pound =:pound
EXPR: 0 | POS | INT | 12 | 9 | 24 | x=((24-3)+3) | x 24 3 - 3 + = | x:pound 24:pound 3:pound -:pound 3:pound +:pound =:pound
EXPR: 0 | POS | INT | 12 | 9 | 24 | x=((3-3)+24) | x 3 3 - 24 + = | x:pound 3:pound 3:pound -:pound 24:pound +:pound =:pound
EXPR: 0 | POS | INT | 12 | 9 | 7 | (3*x)=(24-3) | 3 x * 24 3 - = | 3:pound x:point *:pound 24:pound 3:pound -:pound =:pound
EXPR: 0 | POS | INT | 12 | 9 | 24 | 3=((24+3)-x) | 3 24 3 + x - = | 3:pound 24:pound 3:pound +:pound x:pound -:pound =:pound
EXPR: 0 | POS | INT | 12 | 9 | 24 | x=(3-(3-24)) | x 3 3 24 - - = | x:pound 3:pound 3:pound 24:pound -:pound -:pound =:pound
EXPR: 1 | POS | INT | 12 | 9 | 9 | (3*x)=(24+3) | 3 x * 24 3 + = | 3:pound x:point *:pound 24:pound 3:pound +:pound =:pound
EXPR: 0 | POS | INT | 12 | 9 | 18 | x=((24-3)-3) | x 24 3 - 3 - = | x:pound 24:pound 3:pound -:pound 3:pound -:pound =:pound
EXPR: 0 | POS | INT | 12 | 9 | 24 | (x+(3-24))=3 | x 3 24 - + 3 = | x:pound 3:pound 24:pound -:pound +:pound 3:pound =:pound
EXPR: 0 | POS | INT | 12 | 9 | 18 | (24-(3+3))=x | 24 3 3 + - x = | 24:pound 3:pound 3:pound +:pound -:pound x:pound =:pound
EXPR: 0 | POS | INT | 12 | 9 | 18 | ((24-3)-3)=x | 24 3 - 3 - x = | 24:pound 3:pound -:pound 3:pound -:pound x:pound =:pound
EXPR: 0 | POS | INT | 12 | 9 | 30 | x=((3+3)+24) | x 3 3 + 24 + = | x:pound 3:pound 3:pound +:pound 24:pound +:pound =:pound
EXPR: 0 | POS | INT | 12 | 9 | 24 | 3=(24+(3-x)) | 3 24 3 x - + = | 3:pound 24:pound 3:pound x:pound -:pound +:pound =:pound
EXPR: 0 | POS | INT | 12 | 9 | 24 | 3=((x-24)+3) | 3 x 24 - 3 + = | 3:pound x:pound 24:pound -:pound 3:pound +:pound =:pound
EXPR: 0 | POS | INT | 12 | 9 | 30 | 3=((x-24)-3) | 3 x 24 - 3 - = | 3:pound x:pound 24:pound -:pound 3:pound -:pound =:pound
EXPR: 0 | POS | INT | 12 | 9 | 0 | (24*(3-3))=x | 24 3 3 - * x = | 24:point 3:pound 3:pound -:pound *:point x:point =:point
EXPR: 0 | POS | INT | 12 | 9 | 25 | 3=((x-24)*3) | 3 x 24 - 3 * = | 3:pound x:point 24:point -:point 3:pound *:pound =:pound
EXPR: 0 | POS | INT | 12 | 9 | 23 | (3/(24-x))=3 | 3 24 x - / 3 = | 3:pound 24:point x:point -:point /:pound 3:pound =:pound
EXPR: 0 | POS | INT | 12 | 9 | 24 | 3=(x-(24-3)) | 3 x 24 3 - - = | 3:pound x:pound 24:pound 3:pound -:pound -:pound =:pound
EXPR: 0 | POS | INT | 12 | 9 | 24 | (3-(24-x))=3 | 3 24 x - - 3 = | 3:pound 24:pound x:pound -:pound -:pound 3:pound =:pound
EXPR: 0 | POS | INT | 12 | 9 | 24 | (3+(24-x))=3 | 3 24 x - + 3 = | 3:pound 24:pound x:pound -:pound +:pound 3:pound =:pound
EXPR: 0 | POS | INT | 12 | 9 | 144 | ((3+3)*24)=x | 3 3 + 24 * x = | 3:pound 3:pound +:pound 24:point *:point x:point =:point
EXPR: 0 | POS | INT | 14 | 9 | 24 | 3=((x+3)-24) | 3 x 3 + 24 - = | 3:pound x:pound 3:pound +:pound 24:pound -:pound =:pound
EXPR: 0 | POS | INT | 14 | 9 | 11 | (3*(x-3))=24 | 3 x 3 - * 24 = | 3:pound x:point 3:point -:point *:pound 24:pound =:pound
EXPR: 0 | POS | INT | 14 | 9 | 5 | (3*(x+3))=24 | 3 x 3 + * 24 = | 3:pound x:point 3:point +:point *:pound 24:pound =:pound
EXPR: 0 | POS | INT | 14 | 9 | 24 | ((3+x)-3)=24 | 3 x + 3 - 24 = | 3:pound x:pound +:pound 3:pound -:pound 24:pound =:pound
EXPR: 0 | POS | INT | 14 | 9 | 5 | ((x+3)*3)=24 | x 3 + 3 * 24 = | x:point 3:point +:point 3:pound *:pound 24:pound =:pound
EXPR: 0 | POS | INT | 14 | 9 | 24 | 24=(x-(3-3)) | 24 x 3 3 - - = | 24:pound x:pound 3:pound 3:pound -:pound -:pound =:pound
EXPR: 0 | POS | INT | 14 | 9 | 30 | 24=(x-(3+3)) | 24 x 3 3 + - = | 24:pound x:pound 3:pound 3:pound +:pound -:pound =:pound
EXPR: 0 | POS | INT | 14 | 9 | 24 | 24=(x+(3-3)) | 24 x 3 3 - + = | 24:pound x:pound 3:pound 3:pound -:pound +:pound =:pound
EXPR: 0 | POS | INT | 14 | 9 | 18 | 24=(x+(3+3)) | 24 x 3 3 + + = | 24:pound x:pound 3:pound 3:pound +:pound +:pound =:pound
EXPR: 0 | POS | INT | 14 | 9 | 25 | 3=(3*(x-24)) | 3 3 x 24 - * = | 3:pound 3:pound x:point 24:point -:point *:pound =:pound
EXPR: 0 | POS | INT | 14 | 9 | 11 | ((x-3)*3)=24 | x 3 - 3 * 24 = | x:point 3:point -:point 3:pound *:pound 24:pound =:pound
EXPR: 0 | POS | INT | 14 | 9 | 144 | 24=(x/(3+3)) | 24 x 3 3 + / = | 24:point x:point 3:pound 3:pound +:pound /:point =:point
EXPR: 0 | POS | INT | 14 | 9 | 5 | (3*(3+x))=24 | 3 3 x + * 24 = | 3:pound 3:point x:point +:point *:pound 24:pound =:pound
EXPR: 0 | POS | INT | 14 | 9 | 5 | 24=(3*(x+3)) | 24 3 x 3 + * = | 24:pound 3:pound x:point 3:point +:point *:pound =:pound
EXPR: 0 | POS | INT | 14 | 9 | 25 | 3=(3/(x-24)) | 3 3 x 24 - / = | 3:pound 3:pound x:point 24:point -:point /:pound =:pound
EXPR: 0 | POS | INT | 14 | 9 | 24 | 3=(3-(x-24)) | 3 3 x 24 - - = | 3:pound 3:pound x:pound 24:pound -:pound -:pound =:pound
EXPR: 0 | POS | INT | 14 | 9 | 30 | (x-(3+3))=24 | x 3 3 + - 24 = | x:pound 3:pound 3:pound +:pound -:pound 24:pound =:pound
EXPR: 0 | POS | INT | 14 | 9 | 24 | 3=((3-24)+x) | 3 3 24 - x + = | 3:pound 3:pound 24:pound -:pound x:pound +:pound =:pound
EXPR: 0 | POS | INT | 14 | 9 | 24 | 3=((3+x)-24) | 3 3 x + 24 - = | 3:pound 3:pound x:pound +:pound 24:pound -:pound =:pound
EXPR: 0 | POS | INT | 14 | 9 | 24 | ((24-x)+3)=3 | 24 x - 3 + 3 = | 24:pound x:pound -:pound 3:pound +:pound 3:pound =:pound
EXPR: 0 | POS | INT | 14 | 9 | 24 | 3=(3+(x-24)) | 3 3 x 24 - + = | 3:pound 3:pound x:pound 24:pound -:pound +:pound =:pound
EXPR: 0 | POS | INT | 14 | 9 | 24 | 24=((x+3)-3) | 24 x 3 + 3 - = | 24:pound x:pound 3:pound +:pound 3:pound -:pound =:pound
EXPR: 0 | POS | INT | 14 | 9 | 18 | (x+(3+3))=24 | x 3 3 + + 24 = | x:pound 3:pound 3:pound +:pound +:pound 24:pound =:pound
EXPR: 0 | POS | INT | 14 | 9 | 5 | 24=((x+3)*3) | 24 x 3 + 3 * = | 24:pound x:point 3:point +:point 3:pound *:pound =:pound
EXPR: 0 | POS | INT | 14 | 9 | 18 | (24-(3+x))=3 | 24 3 x + - 3 = | 24:pound 3:pound x:pound +:pound -:pound 3:pound =:pound
EXPR: 0 | POS | INT | 14 | 9 | 5 | (24/(3+x))=3 | 24 3 x + / 3 = | 24:pound 3:point x:point +:point /:pound 3:pound =:pound
EXPR: 0 | POS | INT | 14 | 9 |  | (x*24)=(3-3) | x 24 * 3 3 - = | x:point 24:pound *:pound 3:pound 3:pound -:pound =:pound
EXPR: 0 | POS | INT | 14 | 9 | 24 | ((x+3)-3)=24 | x 3 + 3 - 24 = | x:pound 3:pound +:pound 3:pound -:pound 24:pound =:pound
EXPR: 0 | POS | INT | 14 | 9 | 18 | ((x+3)+3)=24 | x 3 + 3 + 24 = | x:pound 3:pound +:pound 3:pound +:pound 24:pound =:pound
EXPR: 0 | POS | INT | 14 | 9 | 30 | ((x-3)-3)=24 | x 3 - 3 - 24 = | x:pound 3:pound -:pound 3:pound -:pound 24:pound =:pound
EXPR: 0 | POS | INT | 14 | 9 | 18 | (3+(x+3))=24 | 3 x 3 + + 24 = | 3:pound x:pound 3:pound +:pound +:pound 24:pound =:pound
EXPR: 0 | POS | INT | 14 | 9 | 18 | ((24-x)-3)=3 | 24 x - 3 - 3 = | 24:pound x:pound -:pound 3:pound -:pound 3:pound =:pound
EXPR: 0 | POS | INT | 14 | 9 | 24 | 24=((x-3)+3) | 24 x 3 - 3 + = | 24:pound x:pound 3:pound -:pound 3:pound +:pound =:pound
EXPR: 0 | POS | INT | 14 | 9 | 5 | 24=(3*(3+x)) | 24 3 3 x + * = | 24:pound 3:pound 3:point x:point +:point *:pound =:pound
EXPR: 0 | POS | INT | 14 | 9 | 4 | (3+3)=(24/x) | 3 3 + 24 x / = | 3:pound 3:pound +:pound 24:pound x:point /:pound =:pound
EXPR: 0 | POS | INT | 14 | 9 | 24 | (3-(3-x))=24 | 3 3 x - - 24 = | 3:pound 3:pound x:pound -:pound -:pound 24:pound =:pound
EXPR: 0 | POS | INT | 14 | 9 | 24 | (24-(x-3))=3 | 24 x 3 - - 3 = | 24:pound x:pound 3:pound -:pound -:pound 3:pound =:pound
EXPR: 0 | POS | INT | 14 | 9 | 144 | (x/(3+3))=24 | x 3 3 + / 24 = | x:point 3:pound 3:pound +:pound /:point 24:point =:point
EXPR: 0 | POS | INT | 14 | 9 | 24 | ((3-3)+x)=24 | 3 3 - x + 24 = | 3:pound 3:pound -:pound x:pound +:pound 24:pound =:pound
EXPR: 0 | POS | INT | 14 | 9 | 18 | ((3+3)+x)=24 | 3 3 + x + 24 = | 3:pound 3:pound +:pound x:pound +:pound 24:pound =:pound
EXPR: 0 | POS | INT | 14 | 9 | 4 | (24/x)=(3+3) | 24 x / 3 3 + = | 24:pound x:point /:pound 3:pound 3:pound +:pound =:pound
EXPR: 0 | POS | INT | 14 | 9 | 30 | ((x-24)-3)=3 | x 24 - 3 - 3 = | x:pound 24:pound -:pound 3:pound -:pound 3:pound =:pound
EXPR: 0 | POS | INT | 14 | 9 | 24 | ((x-24)+3)=3 | x 24 - 3 + 3 = | x:pound 24:pound -:pound 3:pound +:pound 3:pound =:pound
EXPR: 0 | POS | INT | 14 | 9 | - | (24/x)=(3-3) | 24 x / 3 3 - = | 24:pound x:point /:pound 3:pound 3:pound -:pound =:pound
EXPR: 0 | POS | INT | 14 | 9 | 11 | 24=(3*(x-3)) | 24 3 x 3 - * = | 24:pound 3:pound x:point 3:point -:point *:pound =:pound
EXPR: 0 | POS | INT | 14 | 9 | 7 | (24-3)=(x*3) | 24 3 - x 3 * = | 24:pound 3:pound -:pound x:point 3:pound *:pound =:pound
EXPR: 0 | POS | INT | 14 | 9 | - | (x/(3-3))=24 | x 3 3 - / 24 = | x:point 3:pound 3:pound -:pound /:point 24:point =:point
EXPR: 0 | POS | INT | 14 | 9 | 18 | 24=((x+3)+3) | 24 x 3 + 3 + = | 24:pound x:pound 3:pound +:pound 3:pound +:pound =:pound
EXPR: 0 | POS | INT | 14 | 9 | 24 | 3=(3+(24-x)) | 3 3 24 x - + = | 3:pound 3:pound 24:pound x:pound -:pound +:pound =:pound
EXPR: 0 | POS | INT | 14 | 9 | 24 | 3=(3-(24-x)) | 3 3 24 x - - = | 3:pound 3:pound 24:pound x:pound -:pound -:pound =:pound
EXPR: 0 | POS | INT | 14 | 9 | 24 | (3+(x-3))=24 | 3 x 3 - + 24 = | 3:pound x:pound 3:pound -:pound +:pound 24:pound =:pound
EXPR: 0 | POS | INT | 14 | 9 | 23 | 3=(3/(24-x)) | 3 3 24 x - / = | 3:pound 3:pound 24:point x:point -:point /:pound =:pound
EXPR: 0 | POS | INT | 14 | 9 | 23 | 3=(3*(24-x)) | 3 3 24 x - * = | 3:pound 3:pound 24:point x:point -:point *:pound =:pound
EXPR: 0 | POS | INT | 14 | 9 | 24 | ((x-3)+3)=24 | x 3 - 3 + 24 = | x:pound 3:pound -:pound 3:pound +:pound 24:pound =:pound
EXPR: 0 | POS | INT | 14 | 9 | 7 | (24-3)=(3*x) | 24 3 - 3 x * = | 24:pound 3:pound -:pound 3:pound x:point *:pound =:pound
EXPR: 0 | POS | INT | 14 | 9 | 18 | (3+(3+x))=24 | 3 3 x + + 24 = | 3:pound 3:pound x:pound +:pound +:pound 24:pound =:pound
EXPR: 0 | POS | INT | 14 | 9 | 30 | 24=((x-3)-3) | 24 x 3 - 3 - = | 24:pound x:pound 3:pound -:pound 3:pound -:pound =:pound
EXPR: 0 | POS | INT | 14 | 9 | 24 | (x-(24-3))=3 | x 24 3 - - 3 = | x:pound 24:pound 3:pound -:pound -:pound 3:pound =:pound
EXPR: 0 | POS | INT | 14 | 9 | 24 | (x-(3-3))=24 | x 3 3 - - 24 = | x:pound 3:pound 3:pound -:pound -:pound 24:pound =:pound
EXPR: 0 | POS | INT | 14 | 9 | 24 | 24=(3+(x-3)) | 24 3 x 3 - + = | 24:pound 3:pound x:pound 3:pound -:pound +:pound =:pound
EXPR: 0 | POS | INT | 14 | 9 | 24 | (x+(3-3))=24 | x 3 3 - + 24 = | x:pound 3:pound 3:pound -:pound +:pound 24:pound =:pound
EXPR: 0 | POS | INT | 14 | 9 | 18 | 24=(3+(x+3)) | 24 3 x 3 + + = | 24:pound 3:pound x:pound 3:pound +:pound +:pound =:pound
EXPR: 0 | POS | INT | 14 | 9 | 24 | 3=(x+(3-24)) | 3 x 3 24 - + = | 3:pound x:pound 3:pound 24:pound -:pound +:pound =:pound
EXPR: 0 | POS | INT | 14 | 9 | 18 | (24-(x+3))=3 | 24 x 3 + - 3 = | 24:pound x:pound 3:pound +:pound -:pound 3:pound =:pound
EXPR: 0 | POS | INT | 14 | 9 | 0 | (3-3)=(x*24) | 3 3 - x 24 * = | 3:pound 3:pound -:pound x:point 24:pound *:pound =:pound
EXPR: 0 | POS | INT | 14 | 9 | 5 | 24=((3+x)*3) | 24 3 x + 3 * = | 24:pound 3:point x:point +:point 3:pound *:pound =:pound
EXPR: 0 | POS | INT | 14 | 9 | 0 | (3-3)=(24*x) | 3 3 - 24 x * = | 3:pound 3:pound -:pound 24:pound x:point *:pound =:pound
EXPR: 0 | POS | INT | 14 | 9 | - | (3-3)=(24/x) | 3 3 - 24 x / = | 3:pound 3:pound -:pound 24:pound x:point /:pound =:pound
EXPR: 0 | POS | INT | 14 | 9 | 5 | (24/(x+3))=3 | 24 x 3 + / 3 = | 24:pound x:point 3:point +:point /:pound 3:pound =:pound
EXPR: 0 | POS | INT | 14 | 9 | 18 | 24=(3+(3+x)) | 24 3 3 x + + = | 24:pound 3:pound 3:pound x:pound +:pound +:pound =:pound
EXPR: 0 | POS | INT | 14 | 9 | 24 | 24=(3-(3-x)) | 24 3 3 x - - = | 24:pound 3:pound 3:pound x:pound -:pound -:pound =:pound
EXPR: 0 | POS | INT | 14 | 9 | 24 | 24=((3+x)-3) | 24 3 x + 3 - = | 24:pound 3:pound x:pound +:pound 3:pound -:pound =:pound
EXPR: 0 | POS | INT | 14 | 9 | 11 | (24/(x-3))=3 | 24 x 3 - / 3 = | 24:pound x:point 3:point -:point /:pound 3:pound =:pound
EXPR: 0 | POS | INT | 14 | 9 | 23 | ((24-x)*3)=3 | 24 x - 3 * 3 = | 24:point x:point -:point 3:pound *:pound 3:pound =:pound
EXPR: 0 | POS | INT | 14 | 9 | 24 | (24+(3-x))=3 | 24 3 x - + 3 = | 24:pound 3:pound x:pound -:pound +:pound 3:pound =:pound
EXPR: 0 | POS | INT | 14 | 9 | 18 | 24=((3+x)+3) | 24 3 x + 3 + = | 24:pound 3:pound x:pound +:pound 3:pound +:pound =:pound
EXPR: 0 | POS | INT | 14 | 9 | 5 | ((3+x)*3)=24 | 3 x + 3 * 24 = | 3:point x:point +:point 3:pound *:pound 24:pound =:pound
EXPR: 0 | POS | INT | 14 | 9 |  | (24*x)=(3-3) | 24 x * 3 3 - = | 24:pound x:point *:pound 3:pound 3:pound -:pound =:pound
EXPR: 0 | POS | INT | 14 | 9 | 18 | ((24-3)-x)=3 | 24 3 - x - 3 = | 24:pound 3:pound -:pound x:pound -:pound 3:pound =:pound
EXPR: 0 | POS | INT | 14 | 9 | 18 | 24=((3+3)+x) | 24 3 3 + x + = | 24:pound 3:pound 3:pound +:pound x:pound +:pound =:pound
EXPR: 0 | POS | INT | 14 | 9 | 30 | 3=((x-3)-24) | 3 x 3 - 24 - = | 3:pound x:pound 3:pound -:pound 24:pound -:pound =:pound
EXPR: 0 | POS | INT | 14 | 9 | 24 | 3=((3-x)+24) | 3 3 x - 24 + = | 3:pound 3:pound x:pound -:pound 24:pound +:pound =:pound
EXPR: 0 | POS | INT | 14 | 9 | 18 | ((3+x)+3)=24 | 3 x + 3 + 24 = | 3:pound x:pound +:pound 3:pound +:pound 24:pound =:pound
EXPR: 0 | POS | INT | 14 | 9 | 11 | 24=((x-3)*3) | 24 x 3 - 3 * = | 24:pound x:point 3:point -:point 3:pound *:pound =:pound
EXPR: 0 | POS | INT | 14 | 9 | 63 | (x/(24-3))=3 | x 24 3 - / 3 = | x:point 24:pound 3:pound -:pound /:point 3:point =:point
EXPR: 0 | POS | INT | 14 | 9 | 24 | 24=((3-3)+x) | 24 3 3 - x + = | 24:pound 3:pound 3:pound -:pound x:pound +:pound =:pound
EXPR: 0 | POS | INT | 14 | 9 | 25 | ((x-24)*3)=3 | x 24 - 3 * 3 = | x:point 24:point -:point 3:pound *:pound 3:pound =:pound
EXPR: 0 | POS | INT | 15 | 9 | 81 | x=(3*(3+24)) | x 3 3 24 + * = | x:point 3:point 3:pound 24:pound +:pound *:point =:point
EXPR: 0 | POS | INT | 15 | 9 | 81 | x=((24+3)*3) | x 24 3 + 3 * = | x:point 24:pound 3:pound +:pound 3:point *:point =:point
EXPR: 0 | POS | INT | 15 | 9 | 24 | x=((24+3)-3) | x 24 3 + 3 - = | x:pound 24:pound 3:pound +:pound 3:pound -:pound =:pound
EXPR: 0 | POS | INT | 15 | 9 | 30 | x=((24+3)+3) | x 24 3 + 3 + = | x:pound 24:pound 3:pound +:pound 3:pound +:pound =:pound
EXPR: 0 | POS | INT | 15 | 9 | 81 | ((24+3)*3)=x | 24 3 + 3 * x = | 24:pound 3:pound +:pound 3:point *:point x:point =:point
EXPR: 0 | POS | INT | 15 | 9 | 30 | x=(3+(3+24)) | x 3 3 24 + + = | x:pound 3:pound 3:pound 24:pound +:pound +:pound =:pound
EXPR: 0 | POS | INT | 15 | 9 | 30 | (3+(3+24))=x | 3 3 24 + + x = | 3:pound 3:pound 24:pound +:pound +:pound x:pound =:pound
EXPR: 0 | POS | INT | 15 | 9 | 81 | (3*(3+24))=x | 3 3 24 + * x = | 3:point 3:pound 24:pound +:pound *:point x:point =:point
EXPR: 0 | POS | INT | 15 | 9 | 24 | ((24+3)-3)=x | 24 3 + 3 - x = | 24:pound 3:pound +:pound 3:pound -:pound x:pound =:pound
EXPR: 0 | POS | INT | 15 | 9 | 30 | ((24+3)+3)=x | 24 3 + 3 + x = | 24:pound 3:pound +:pound 3:pound +:pound x:pound =:pound
EXPR: 0 | POS | INT | 17 | 9 | 30 | 3=(x-(3+24)) | 3 x 3 24 + - = | 3:pound x:pound 3:pound 24:pound +:pound -:pound =:pound
EXPR: 0 | POS | INT | 17 | 9 | 81 | (x/(24+3))=3 | x 24 3 + / 3 = | x:point 24:pound 3:pound +:pound /:point 3:point =:point
EXPR: 0 | POS | INT | 17 | 9 | 81 | 3=(x/(3+24)) | 3 x 3 24 + / = | 3:point x:point 3:pound 24:pound +:pound /:point =:point
EXPR: 1 | POS | INT | 17 | 9 | 9 | (x*3)=(3+24) | x 3 * 3 24 + = | x:point 3:pound *:pound 3:pound 24:pound +:pound =:pound
EXPR: 0 | POS | INT | 17 | 9 | 30 | (x-(24+3))=3 | x 24 3 + - 3 = | x:pound 24:pound 3:pound +:pound -:pound 3:pound =:pound
EXPR: 0 | POS | INT | 17 | 9 | 24 | ((24+3)-x)=3 | 24 3 + x - 3 = | 24:pound 3:pound +:pound x:pound -:pound 3:pound =:pound
EXPR: 0 | POS | INT | 17 | 9 | 24 | 3=((3+24)-x) | 3 3 24 + x - = | 3:pound 3:pound 24:pound +:pound x:pound -:pound =:pound
EXPR: 1 | POS | INT | 17 | 9 | 9 | (24+3)=(x*3) | 24 3 + x 3 * = | 24:pound 3:pound +:pound x:point 3:pound *:pound =:pound
EXPR: 1 | POS | INT | 17 | 9 | 9 | (3*x)=(3+24) | 3 x * 3 24 + = | 3:pound x:point *:pound 3:pound 24:pound +:pound =:pound
EXPR: 1 | POS | INT | 17 | 9 | 9 | (24+3)=(3*x) | 24 3 + 3 x * = | 24:pound 3:pound +:pound 3:pound x:point *:pound =:pound
EXPR: 0 | POS | INT | 20 | 9 | 69 | x=((3*24)-3) | x 3 24 * 3 - = | x:point 3:pound 24:point *:point 3:point -:point =:point
EXPR: 0 | POS | INT | 20 | 9 | 75 | x=((3*24)+3) | x 3 24 * 3 + = | x:point 3:pound 24:point *:point 3:point +:point =:point
EXPR: 0 | POS | INT | 20 | 9 | 75 | ((3*24)+3)=x | 3 24 * 3 + x = | 3:point 24:pound *:pound 3:pound +:pound x:pound =:pound
EXPR: 0 | POS | INT | 20 | 9 | 69 | ((3*24)-3)=x | 3 24 * 3 - x = | 3:point 24:pound *:pound 3:pound -:pound x:pound =:pound
EXPR: 1 | POS | INT | 20 | 9 | 9 | x=((3+24)/3) | x 3 24 + 3 / = | x:pound 3:pound 24:pound +:pound 3:point /:pound =:pound
EXPR: 0 | POS | INT | 20 | 9 | 75 | (3+(24*3))=x | 3 24 3 * + x = | 3:pound 24:pound 3:point *:pound +:pound x:pound =:pound
EXPR: 0 | POS | INT | 20 | 9 | 11 | (3+(24/3))=x | 3 24 3 / + x = | 3:pound 24:pound 3:point /:pound +:pound x:pound =:pound
EXPR: 0 | POS | INT | 20 | 9 | 75 | x=(3+(24*3)) | x 3 24 3 * + = | x:point 3:point 24:pound 3:point *:point +:point =:point
EXPR: 1 | POS | INT | 20 | 9 | 9 | ((3+24)/3)=x | 3 24 + 3 / x = | 3:pound 24:pound +:pound 3:point /:pound x:pound =:pound
NET 260 unique, non-negative, integer-valued solutions found out of 1000 total solutions
