parameters: n=7 l=3 k=1 p=5 q=2 m=9
TOTAL 1000 solutions found
SOLN: CORRECT | POS/NEG | INT/FRA | OBJ-SCORE | TRUE-ANS | ANS | INFIX | POSTFIX | TYPED-POSTFIX
EXPR: 1 | POS | INT | 2 | 8 | 8 | ((4+44)/x)=6 | 4 44 + x / 6 = | 4:soda 44:soda +:soda x:shelf /:soda 6:soda =:soda
EXPR: 0 | POS | INT | 2 | 8 | 22 | (4+(44/x))=6 | 4 44 x / + 6 = | 4:soda 44:soda x:shelf /:soda +:soda 6:soda =:soda
EXPR: 1 | POS | INT | 4 | 8 | 8 | 4=((x*6)-44) | 4 x 6 * 44 - = | 4:soda x:shelf 6:soda *:soda 44:soda -:soda =:soda
EXPR: 1 | POS | INT | 4 | 8 | 8 | 4=((6*x)-44) | 4 6 x * 44 - = | 4:soda 6:soda x:shelf *:soda 44:soda -:soda =:soda
EXPR: 0 | POS | INT | 4 | 8 | 22 | 4=(6-(44/x)) | 4 6 44 x / - = | 4:soda 6:soda 44:soda x:shelf /:soda -:soda =:soda
EXPR: 0 | POS | INT | 4 | 8 | 22 | ((44/x)+4)=6 | 44 x / 4 + 6 = | 44:soda x:shelf /:soda 4:soda +:soda 6:soda =:soda
EXPR: 0 | POS | INT | 7 | 8 | 22 | 44=(x*(6-4)) | 44 x 6 4 - * = | 44:soda x:shelf 6:soda 4:soda -:soda *:soda =:soda
EXPR: 1 | POS | INT | 7 | 8 | 8 | 44=((6*x)-4) | 44 6 x * 4 - = | 44:soda 6:soda x:shelf *:soda 4:soda -:soda =:soda
EXPR: 0 | POS | INT | 7 | 8 | 22 | 44=((6-4)*x) | 44 6 4 - x * = | 44:soda 6:soda 4:soda -:soda x:shelf *:soda =:soda
EXPR: 0 | POS | INT | 7 | 8 | 22 | ((6-4)*x)=44 | 6 4 - x * 44 = | 6:soda 4:soda -:soda x:shelf *:soda 44:soda =:soda
EXPR: 1 | POS | INT | 7 | 8 | 8 | ((x*6)-4)=44 | x 6 * 4 - 44 = | x:shelf 6:soda *:soda 4:soda -:soda 44:soda =:soda
EXPR: 1 | POS | INT | 7 | 8 | 8 | 44=((x*6)-4) | 44 x 6 * 4 - = | 44:soda x:shelf 6:soda *:soda 4:soda -:soda =:soda
EXPR: 1 | POS | INT | 7 | 8 | 8 | 6=((4+44)/x) | 6 4 44 + x / = | 6:soda 4:soda 44:soda +:soda x:shelf /:soda =:soda
EXPR: 1 | POS | INT | 7 | 8 | 8 | ((6*x)-4)=44 | 6 x * 4 - 44 = | 6:soda x:shelf *:soda 4:soda -:soda 44:soda =:soda
EXPR: 0 | POS | INT | 7 | 8 | 22 | 6=(4+(44/x)) | 6 4 44 x / + = | 6:soda 4:soda 44:soda x:shelf /:soda +:soda =:soda
EXPR: 0 | POS | INT | 7 | 8 | 22 | (x*(6-4))=44 | x 6 4 - * 44 = | x:shelf 6:soda 4:soda -:soda *:soda 44:soda =:soda
EXPR: 1 | POS | INT | 9 | 8 | 8 | ((6*x)-44)=4 | 6 x * 44 - 4 = | 6:soda x:shelf *:soda 44:soda -:soda 4:soda =:soda
EXPR: 0 | POS | INT | 9 | 8 | 22 | (6-(44/x))=4 | 6 44 x / - 4 = | 6:soda 44:soda x:shelf /:soda -:soda 4:soda =:soda
EXPR: 1 | POS | INT | 9 | 8 | 8 | ((x*6)-44)=4 | x 6 * 44 - 4 = | x:shelf 6:soda *:soda 44:soda -:soda 4:soda =:soda
EXPR: 0 | POS | INT | 9 | 8 | 22 | 6=((44/x)+4) | 6 44 x / 4 + = | 6:soda 44:soda x:shelf /:soda 4:soda +:soda =:soda
EXPR: 0 | POS | INT | 10 | 8 | 288 | x=((4+44)*6) | x 4 44 + 6 * = | x:shelf 4:soda 44:soda +:soda 6:shelf *:shelf =:shelf
EXPR: 0 | POS | INT | 10 | 8 | 200 | x=(4*(44+6)) | x 4 44 6 + * = | x:shelf 4:shelf 44:soda 6:soda +:soda *:shelf =:shelf
EXPR: 0 | POS | INT | 10 | 8 | 152 | x=(4*(44-6)) | x 4 44 6 - * = | x:shelf 4:shelf 44:soda 6:soda -:soda *:shelf =:shelf
EXPR: 0 | POS | INT | 10 | 8 | 42 | ((4+44)-6)=x | 4 44 + 6 - x = | 4:soda 44:soda +:soda 6:soda -:soda x:soda =:soda
EXPR: 0 | POS | INT | 10 | 8 | 152 | (4*(44-6))=x | 4 44 6 - * x = | 4:shelf 44:soda 6:soda -:soda *:shelf x:shelf =:shelf
EXPR: 0 | POS | INT | 10 | 8 | 42 | x=(4+(44-6)) | x 4 44 6 - + = | x:soda 4:soda 44:soda 6:soda -:soda +:soda =:soda
EXPR: 0 | POS | INT | 10 | 8 | 54 | ((4+44)+6)=x | 4 44 + 6 + x = | 4:soda 44:soda +:soda 6:soda +:soda x:soda =:soda
EXPR: 0 | POS | INT | 10 | 8 | 42 | (4+(44-6))=x | 4 44 6 - + x = | 4:soda 44:soda 6:soda -:soda +:soda x:soda =:soda
EXPR: 0 | POS | INT | 10 | 8 | 54 | x=(4+(44+6)) | x 4 44 6 + + = | x:soda 4:soda 44:soda 6:soda +:soda +:soda =:soda
EXPR: 0 | POS | INT | 10 | 8 | 288 | ((4+44)*6)=x | 4 44 + 6 * x = | 4:soda 44:soda +:soda 6:shelf *:shelf x:shelf =:shelf
EXPR: 0 | POS | INT | 10 | 8 | 54 | (4+(44+6))=x | 4 44 6 + + x = | 4:soda 44:soda 6:soda +:soda +:soda x:soda =:soda
EXPR: 0 | POS | INT | 10 | 8 | 200 | (4*(44+6))=x | 4 44 6 + * x = | 4:shelf 44:soda 6:soda +:soda *:shelf x:shelf =:shelf
EXPR: 0 | POS | INT | 10 | 8 | 42 | x=((4+44)-6) | x 4 44 + 6 - = | x:soda 4:soda 44:soda +:soda 6:soda -:soda =:soda
EXPR: 0 | POS | INT | 10 | 8 | 54 | x=((4+44)+6) | x 4 44 + 6 + = | x:soda 4:soda 44:soda +:soda 6:soda +:soda =:soda
EXPR: 0 | POS | INT | 12 | 8 | 5 | 4=(44/(6+x)) | 4 44 6 x + / = | 4:soda 44:soda 6:shelf x:shelf +:shelf /:soda =:soda
EXPR: 0 | POS | INT | 12 | 8 | 200 | 4=(x/(44+6)) | 4 x 44 6 + / = | 4:shelf x:shelf 44:soda 6:soda +:soda /:shelf =:shelf
EXPR: 0 | POS | INT | 12 | 8 | 288 | (x/(4+44))=6 | x 4 44 + / 6 = | x:shelf 4:soda 44:soda +:soda /:shelf 6:shelf =:shelf
EXPR: 0 | POS | INT | 12 | 8 | 46 | ((4+x)-44)=6 | 4 x + 44 - 6 = | 4:soda x:soda +:soda 44:soda -:soda 6:soda =:soda
EXPR: 0 | POS | INT | 12 | 8 | 54 | (x-(4+44))=6 | x 4 44 + - 6 = | x:soda 4:soda 44:soda +:soda -:soda 6:soda =:soda
EXPR: 0 | POS | INT | 12 | 8 | 46 | 4=(44-(x-6)) | 4 44 x 6 - - = | 4:soda 44:soda x:soda 6:soda -:soda -:soda =:soda
EXPR: 0 | POS | INT | 12 | 8 | 34 | 4=(44-(x+6)) | 4 44 x 6 + - = | 4:soda 44:soda x:soda 6:soda +:soda -:soda =:soda
EXPR: 0 | POS | INT | 12 | 8 | 5 | 4=(44/(x+6)) | 4 44 x 6 + / = | 4:soda 44:soda x:shelf 6:shelf +:shelf /:soda =:soda
EXPR: 0 | POS | INT | 12 | 8 | 440 | x=(44*(4+6)) | x 44 4 6 + * = | x:shelf 44:shelf 4:soda 6:soda +:soda *:shelf =:shelf
EXPR: 0 | POS | INT | 12 | 8 | 46 | 4=((44-x)+6) | 4 44 x - 6 + = | 4:soda 44:soda x:soda -:soda 6:soda +:soda =:soda
EXPR: 0 | POS | INT | 12 | 8 | 42 | ((4-x)+44)=6 | 4 x - 44 + 6 = | 4:soda x:soda -:soda 44:soda +:soda 6:soda =:soda
EXPR: 0 | POS | INT | 12 | 8 | 152 | 4=(x/(44-6)) | 4 x 44 6 - / = | 4:shelf x:shelf 44:soda 6:soda -:soda /:shelf =:shelf
EXPR: 1 | POS | INT | 12 | 8 | 8 | (4+44)=(6*x) | 4 44 + 6 x * = | 4:soda 44:soda +:soda 6:soda x:shelf *:soda =:soda
EXPR: 0 | POS | INT | 12 | 8 | 17 | 4=(44/(x-6)) | 4 44 x 6 - / = | 4:soda 44:soda x:shelf 6:shelf -:shelf /:soda =:soda
EXPR: 1 | POS | INT | 12 | 8 | 8 | (4+44)=(x*6) | 4 44 + x 6 * = | 4:soda 44:soda +:soda x:shelf 6:soda *:soda =:soda
EXPR: 0 | POS | INT | 12 | 8 | 440 | x=((4+6)*44) | x 4 6 + 44 * = | x:shelf 4:soda 6:soda +:soda 44:shelf *:shelf =:shelf
EXPR: 0 | POS | INT | 12 | 8 | 34 | 4=((44-6)-x) | 4 44 6 - x - = | 4:soda 44:soda 6:soda -:soda x:soda -:soda =:soda
EXPR: 0 | POS | INT | 12 | 8 | 42 | (4-(6-44))=x | 4 6 44 - - x = | 4:soda 6:soda 44:soda -:soda -:soda x:soda =:soda
EXPR: 0 | POS | INT | 12 | 8 | 46 | ((x+4)-44)=6 | x 4 + 44 - 6 = | x:soda 4:soda +:soda 44:soda -:soda 6:soda =:soda
EXPR: 0 | POS | INT | 12 | 8 | 54 | ((x-4)-44)=6 | x 4 - 44 - 6 = | x:soda 4:soda -:soda 44:soda -:soda 6:soda =:soda
EXPR: 0 | POS | INT | 12 | 8 | 34 | 4=((44-x)-6) | 4 44 x - 6 - = | 4:soda 44:soda x:soda -:soda 6:soda -:soda =:soda
EXPR: 0 | POS | INT | 12 | 8 | 42 | ((4-6)+44)=x | 4 6 - 44 + x = | 4:soda 6:soda -:soda 44:soda +:soda x:soda =:soda
EXPR: 0 | POS | INT | 12 | 8 | 42 | (4-(x-44))=6 | 4 x 44 - - 6 = | 4:soda x:soda 44:soda -:soda -:soda 6:soda =:soda
EXPR: 0 | POS | INT | 12 | 8 | 42 | ((4+44)-x)=6 | 4 44 + x - 6 = | 4:soda 44:soda +:soda x:soda -:soda 6:soda =:soda
EXPR: 0 | POS | INT | 12 | 8 | 240 | ((44-4)*6)=x | 44 4 - 6 * x = | 44:soda 4:soda -:soda 6:shelf *:shelf x:shelf =:shelf
EXPR: 0 | POS | INT | 12 | 8 | 46 | ((4-44)+x)=6 | 4 44 - x + 6 = | 4:soda 44:soda -:soda x:soda +:soda 6:soda =:soda
EXPR: 0 | POS | INT | 12 | 8 | 42 | x=(44+(4-6)) | x 44 4 6 - + = | x:soda 44:soda 4:soda 6:soda -:soda +:soda =:soda
EXPR: 0 | POS | INT | 12 | 8 | 54 | 4=(x-(44+6)) | 4 x 44 6 + - = | 4:soda x:soda 44:soda 6:soda +:soda -:soda =:soda
EXPR: 0 | POS | INT | 12 | 8 | 54 | x=(44+(4+6)) | x 44 4 6 + + = | x:soda 44:soda 4:soda 6:soda +:soda +:soda =:soda
EXPR: 0 | POS | INT | 12 | 8 | 54 | ((4+6)+44)=x | 4 6 + 44 + x = | 4:soda 6:soda +:soda 44:soda +:soda x:soda =:soda
EXPR: 0 | POS | INT | 12 | 8 | 54 | (44+(4+6))=x | 44 4 6 + + x = | 44:soda 4:soda 6:soda +:soda +:soda x:soda =:soda
EXPR: 0 | POS | INT | 12 | 8 | 46 | (44-(4-6))=x | 44 4 6 - - x = | 44:soda 4:soda 6:soda -:soda -:soda x:soda =:soda
EXPR: 0 | POS | INT | 12 | 8 | 46 | (4+(x-44))=6 | 4 x 44 - + 6 = | 4:soda x:soda 44:soda -:soda +:soda 6:soda =:soda
EXPR: 0 | POS | INT | 12 | 8 | 46 | x=(44-(4-6)) | x 44 4 6 - - = | x:soda 44:soda 4:soda 6:soda -:soda -:soda =:soda
EXPR: 0 | POS | INT | 12 | 8 | 240 | x=((44-4)*6) | x 44 4 - 6 * = | x:shelf 44:soda 4:soda -:soda 6:shelf *:shelf =:shelf
EXPR: 0 | POS | INT | 12 | 8 | 440 | (44*(4+6))=x | 44 4 6 + * x = | 44:shelf 4:soda 6:soda +:soda *:shelf x:shelf =:shelf
EXPR: 0 | POS | INT | 12 | 8 | 46 | ((44-4)+6)=x | 44 4 - 6 + x = | 44:soda 4:soda -:soda 6:soda +:soda x:soda =:soda
EXPR: 0 | POS | INT | 12 | 8 | 34 | x=(44-(4+6)) | x 44 4 6 + - = | x:soda 44:soda 4:soda 6:soda +:soda -:soda =:soda
EXPR: 0 | POS | INT | 12 | 8 | 42 | (44+(4-6))=x | 44 4 6 - + x = | 44:soda 4:soda 6:soda -:soda +:soda x:soda =:soda
EXPR: 0 | POS | INT | 12 | 8 | 34 | 4=(44-(6+x)) | 4 44 6 x + - = | 4:soda 44:soda 6:soda x:soda +:soda -:soda =:soda
EXPR: 0 | POS | INT | 12 | 8 | 46 | x=((44-4)+6) | x 44 4 - 6 + = | x:soda 44:soda 4:soda -:soda 6:soda +:soda =:soda
EXPR: 0 | POS | INT | 12 | 8 | 42 | x=((4-6)+44) | x 4 6 - 44 + = | x:soda 4:soda 6:soda -:soda 44:soda +:soda =:soda
EXPR: 0 | POS | INT | 12 | 8 | 46 | 4=((44+6)-x) | 4 44 6 + x - = | 4:soda 44:soda 6:soda +:soda x:soda -:soda =:soda
EXPR: 0 | POS | INT | 12 | 8 | 42 | x=(4-(6-44)) | x 4 6 44 - - = | x:soda 4:soda 6:soda 44:soda -:soda -:soda =:soda
EXPR: 0 | POS | INT | 12 | 8 | 34 | x=((44-4)-6) | x 44 4 - 6 - = | x:soda 44:soda 4:soda -:soda 6:soda -:soda =:soda
EXPR: 0 | POS | INT | 12 | 8 | 46 | (x+(4-44))=6 | x 4 44 - + 6 = | x:soda 4:soda 44:soda -:soda +:soda 6:soda =:soda
EXPR: 0 | POS | INT | 12 | 8 | 34 | (44-(4+6))=x | 44 4 6 + - x = | 44:soda 4:soda 6:soda +:soda -:soda x:soda =:soda
EXPR: 0 | POS | INT | 12 | 8 | 34 | ((44-4)-6)=x | 44 4 - 6 - x = | 44:soda 4:soda -:soda 6:soda -:soda x:soda =:soda
EXPR: 0 | POS | INT | 12 | 8 | 54 | x=((4+6)+44) | x 4 6 + 44 + = | x:soda 4:soda 6:soda +:soda 44:soda +:soda =:soda
EXPR: 0 | POS | INT | 12 | 8 | 46 | 4=(44+(6-x)) | 4 44 6 x - + = | 4:soda 44:soda 6:soda x:soda -:soda +:soda =:soda
EXPR: 0 | POS | INT | 12 | 8 | 42 | 4=((x-44)+6) | 4 x 44 - 6 + = | 4:soda x:soda 44:soda -:soda 6:soda +:soda =:soda
EXPR: 0 | POS | INT | 12 | 8 | 54 | 4=((x-44)-6) | 4 x 44 - 6 - = | 4:soda x:soda 44:soda -:soda 6:soda -:soda =:soda
EXPR: 0 | POS | INT | 12 | 8 | 42 | 4=(x-(44-6)) | 4 x 44 6 - - = | 4:soda x:soda 44:soda 6:soda -:soda -:soda =:soda
EXPR: 0 | POS | INT | 12 | 8 | 46 | (4-(44-x))=6 | 4 44 x - - 6 = | 4:soda 44:soda x:soda -:soda -:soda 6:soda =:soda
EXPR: 0 | POS | INT | 12 | 8 | 42 | (4+(44-x))=6 | 4 44 x - + 6 = | 4:soda 44:soda x:soda -:soda +:soda 6:soda =:soda
EXPR: 0 | POS | INT | 12 | 8 | 440 | ((4+6)*44)=x | 4 6 + 44 * x = | 4:soda 6:soda +:soda 44:shelf *:shelf x:shelf =:shelf
EXPR: 0 | POS | INT | 14 | 8 | 42 | 4=((x+6)-44) | 4 x 6 + 44 - = | 4:soda x:soda 6:soda +:soda 44:soda -:soda =:soda
EXPR: 0 | POS | INT | 14 | 8 | 17 | (4*(x-6))=44 | 4 x 6 - * 44 = | 4:soda x:shelf 6:shelf -:shelf *:soda 44:soda =:soda
EXPR: 0 | POS | INT | 14 | 8 | 5 | (4*(x+6))=44 | 4 x 6 + * 44 = | 4:soda x:shelf 6:shelf +:shelf *:soda 44:soda =:soda
EXPR: 0 | POS | INT | 14 | 8 | 46 | ((4+x)-6)=44 | 4 x + 6 - 44 = | 4:soda x:soda +:soda 6:soda -:soda 44:soda =:soda
EXPR: 0 | POS | INT | 14 | 8 | 42 | 44=(x-(4-6)) | 44 x 4 6 - - = | 44:soda x:soda 4:soda 6:soda -:soda -:soda =:soda
EXPR: 0 | POS | INT | 14 | 8 | 54 | 44=(x-(4+6)) | 44 x 4 6 + - = | 44:soda x:soda 4:soda 6:soda +:soda -:soda =:soda
EXPR: 0 | POS | INT | 14 | 8 | 46 | 44=(x+(4-6)) | 44 x 4 6 - + = | 44:soda x:soda 4:soda 6:soda -:soda +:soda =:soda
EXPR: 0 | POS | INT | 14 | 8 | 34 | 44=(x+(4+6)) | 44 x 4 6 + + = | 44:soda x:soda 4:soda 6:soda +:soda +:soda =:soda
EXPR: 0 | POS | INT | 14 | 8 | 440 | 44=(x/(4+6)) | 44 x 4 6 + / = | 44:shelf x:shelf 4:soda 6:soda +:soda /:shelf =:shelf
EXPR: 0 | POS | INT | 14 | 8 | 5 | (4*(6+x))=44 | 4 6 x + * 44 = | 4:soda 6:shelf x:shelf +:shelf *:soda 44:soda =:soda
EXPR: 0 | POS | INT | 14 | 8 | 5 | 44=(4*(x+6)) | 44 4 x 6 + * = | 44:soda 4:soda x:shelf 6:shelf +:shelf *:soda =:soda
EXPR: 0 | POS | INT | 14 | 8 | 46 | 4=(6-(x-44)) | 4 6 x 44 - - = | 4:soda 6:soda x:soda 44:soda -:soda -:soda =:soda
EXPR: 0 | POS | INT | 14 | 8 | 54 | (x-(4+6))=44 | x 4 6 + - 44 = | x:soda 4:soda 6:soda +:soda -:soda 44:soda =:soda
EXPR: 0 | POS | INT | 14 | 8 | 42 | 4=((6-44)+x) | 4 6 44 - x + = | 4:soda 6:soda 44:soda -:soda x:soda +:soda =:soda
EXPR: 0 | POS | INT | 14 | 8 | 42 | 4=((6+x)-44) | 4 6 x + 44 - = | 4:soda 6:soda x:soda +:soda 44:soda -:soda =:soda
EXPR: 0 | POS | INT | 14 | 8 | 42 | ((44-x)+4)=6 | 44 x - 4 + 6 = | 44:soda x:soda -:soda 4:soda +:soda 6:soda =:soda
EXPR: 0 | POS | INT | 14 | 8 | 42 | 4=(6+(x-44)) | 4 6 x 44 - + = | 4:soda 6:soda x:soda 44:soda -:soda +:soda =:soda
EXPR: 0 | POS | INT | 14 | 8 | 46 | 44=((x+4)-6) | 44 x 4 + 6 - = | 44:soda x:soda 4:soda +:soda 6:soda -:soda =:soda
EXPR: 0 | POS | INT | 14 | 8 | 34 | (x+(4+6))=44 | x 4 6 + + 44 = | x:soda 4:soda 6:soda +:soda +:soda 44:soda =:soda
EXPR: 0 | POS | INT | 14 | 8 | 34 | (44-(4+x))=6 | 44 4 x + - 6 = | 44:soda 4:soda x:soda +:soda -:soda 6:soda =:soda
EXPR: 0 | POS | INT | 14 | 8 | 46 | ((x+4)-6)=44 | x 4 + 6 - 44 = | x:soda 4:soda +:soda 6:soda -:soda 44:soda =:soda
EXPR: 0 | POS | INT | 14 | 8 | 34 | ((x+4)+6)=44 | x 4 + 6 + 44 = | x:soda 4:soda +:soda 6:soda +:soda 44:soda =:soda
EXPR: 0 | POS | INT | 14 | 8 | 54 | ((x-4)-6)=44 | x 4 - 6 - 44 = | x:soda 4:soda -:soda 6:soda -:soda 44:soda =:soda
EXPR: 0 | POS | INT | 14 | 8 | 34 | (4+(x+6))=44 | 4 x 6 + + 44 = | 4:soda x:soda 6:soda +:soda +:soda 44:soda =:soda
EXPR: 0 | POS | INT | 14 | 8 | 34 | ((44-x)-4)=6 | 44 x - 4 - 6 = | 44:soda x:soda -:soda 4:soda -:soda 6:soda =:soda
EXPR: 0 | POS | INT | 14 | 8 | 42 | 44=((x-4)+6) | 44 x 4 - 6 + = | 44:soda x:soda 4:soda -:soda 6:soda +:soda =:soda
EXPR: 0 | POS | INT | 14 | 8 | 5 | 44=(4*(6+x)) | 44 4 6 x + * = | 44:soda 4:soda 6:shelf x:shelf +:shelf *:soda =:soda
EXPR: 0 | POS | INT | 14 | 8 | 46 | (4-(6-x))=44 | 4 6 x - - 44 = | 4:soda 6:soda x:soda -:soda -:soda 44:soda =:soda
EXPR: 0 | POS | INT | 14 | 8 | 42 | (44-(x-4))=6 | 44 x 4 - - 6 = | 44:soda x:soda 4:soda -:soda -:soda 6:soda =:soda
EXPR: 0 | POS | INT | 14 | 8 | 440 | (x/(4+6))=44 | x 4 6 + / 44 = | x:shelf 4:soda 6:soda +:soda /:shelf 44:shelf =:shelf
EXPR: 0 | POS | INT | 14 | 8 | 46 | ((4-6)+x)=44 | 4 6 - x + 44 = | 4:soda 6:soda -:soda x:soda +:soda 44:soda =:soda
EXPR: 0 | POS | INT | 14 | 8 | 34 | ((4+6)+x)=44 | 4 6 + x + 44 = | 4:soda 6:soda +:soda x:soda +:soda 44:soda =:soda
EXPR: 0 | POS | INT | 14 | 8 | 54 | ((x-44)-4)=6 | x 44 - 4 - 6 = | x:soda 44:soda -:soda 4:soda -:soda 6:soda =:soda
EXPR: 0 | POS | INT | 14 | 8 | 46 | ((x-44)+4)=6 | x 44 - 4 + 6 = | x:soda 44:soda -:soda 4:soda +:soda 6:soda =:soda
EXPR: 0 | POS | INT | 14 | 8 | 17 | 44=(4*(x-6)) | 44 4 x 6 - * = | 44:soda 4:soda x:shelf 6:shelf -:shelf *:soda =:soda
EXPR: 0 | POS | INT | 14 | 8 | 34 | 44=((x+4)+6) | 44 x 4 + 6 + = | 44:soda x:soda 4:soda +:soda 6:soda +:soda =:soda
EXPR: 0 | POS | INT | 14 | 8 | 46 | 4=(6+(44-x)) | 4 6 44 x - + = | 4:soda 6:soda 44:soda x:soda -:soda +:soda =:soda
EXPR: 0 | POS | INT | 14 | 8 | 42 | 4=(6-(44-x)) | 4 6 44 x - - = | 4:soda 6:soda 44:soda x:soda -:soda -:soda =:soda
EXPR: 0 | POS | INT | 14 | 8 | 46 | (4+(x-6))=44 | 4 x 6 - + 44 = | 4:soda x:soda 6:soda -:soda +:soda 44:soda =:soda
EXPR: 0 | POS | INT | 14 | 8 | 42 | ((x-4)+6)=44 | x 4 - 6 + 44 = | x:soda 4:soda -:soda 6:soda +:soda 44:soda =:soda
EXPR: 0 | POS | INT | 14 | 8 | 34 | (4+(6+x))=44 | 4 6 x + + 44 = | 4:soda 6:soda x:soda +:soda +:soda 44:soda =:soda
EXPR: 0 | POS | INT | 14 | 8 | 54 | 44=((x-4)-6) | 44 x 4 - 6 - = | 44:soda x:soda 4:soda -:soda 6:soda -:soda =:soda
EXPR: 0 | POS | INT | 14 | 8 | 46 | (x-(44-4))=6 | x 44 4 - - 6 = | x:soda 44:soda 4:soda -:soda -:soda 6:soda =:soda
EXPR: 0 | POS | INT | 14 | 8 | 42 | (x-(4-6))=44 | x 4 6 - - 44 = | x:soda 4:soda 6:soda -:soda -:soda 44:soda =:soda
EXPR: 0 | POS | INT | 14 | 8 | 46 | 44=(4+(x-6)) | 44 4 x 6 - + = | 44:soda 4:soda x:soda 6:soda -:soda +:soda =:soda
EXPR: 0 | POS | INT | 14 | 8 | 46 | (x+(4-6))=44 | x 4 6 - + 44 = | x:soda 4:soda 6:soda -:soda +:soda 44:soda =:soda
EXPR: 0 | POS | INT | 14 | 8 | 34 | 44=(4+(x+6)) | 44 4 x 6 + + = | 44:soda 4:soda x:soda 6:soda +:soda +:soda =:soda
EXPR: 0 | POS | INT | 14 | 8 | 42 | 4=(x+(6-44)) | 4 x 6 44 - + = | 4:soda x:soda 6:soda 44:soda -:soda +:soda =:soda
EXPR: 0 | POS | INT | 14 | 8 | 34 | (44-(x+4))=6 | 44 x 4 + - 6 = | 44:soda x:soda 4:soda +:soda -:soda 6:soda =:soda
EXPR: 0 | POS | INT | 14 | 8 | 34 | 44=(4+(6+x)) | 44 4 6 x + + = | 44:soda 4:soda 6:soda x:soda +:soda +:soda =:soda
EXPR: 0 | POS | INT | 14 | 8 | 46 | 44=(4-(6-x)) | 44 4 6 x - - = | 44:soda 4:soda 6:soda x:soda -:soda -:soda =:soda
EXPR: 0 | POS | INT | 14 | 8 | 46 | 44=((4+x)-6) | 44 4 x + 6 - = | 44:soda 4:soda x:soda +:soda 6:soda -:soda =:soda
EXPR: 0 | POS | INT | 14 | 8 | 42 | (44+(4-x))=6 | 44 4 x - + 6 = | 44:soda 4:soda x:soda -:soda +:soda 6:soda =:soda
EXPR: 0 | POS | INT | 14 | 8 | 34 | 44=((4+x)+6) | 44 4 x + 6 + = | 44:soda 4:soda x:soda +:soda 6:soda +:soda =:soda
EXPR: 0 | POS | INT | 14 | 8 | 34 | ((44-4)-x)=6 | 44 4 - x - 6 = | 44:soda 4:soda -:soda x:soda -:soda 6:soda =:soda
EXPR: 0 | POS | INT | 14 | 8 | 34 | 44=((4+6)+x) | 44 4 6 + x + = | 44:soda 4:soda 6:soda +:soda x:soda +:soda =:soda
EXPR: 0 | POS | INT | 14 | 8 | 54 | 4=((x-6)-44) | 4 x 6 - 44 - = | 4:soda x:soda 6:soda -:soda 44:soda -:soda =:soda
EXPR: 0 | POS | INT | 14 | 8 | 46 | 4=((6-x)+44) | 4 6 x - 44 + = | 4:soda 6:soda x:soda -:soda 44:soda +:soda =:soda
EXPR: 0 | POS | INT | 14 | 8 | 34 | ((4+x)+6)=44 | 4 x + 6 + 44 = | 4:soda x:soda +:soda 6:soda +:soda 44:soda =:soda
EXPR: 0 | POS | INT | 14 | 8 | 240 | (x/(44-4))=6 | x 44 4 - / 6 = | x:shelf 44:soda 4:soda -:soda /:shelf 6:shelf =:shelf
EXPR: 0 | POS | INT | 14 | 8 | 46 | 44=((4-6)+x) | 44 4 6 - x + = | 44:soda 4:soda 6:soda -:soda x:soda +:soda =:soda
EXPR: 0 | POS | INT | 15 | 8 | 288 | x=(6*(4+44)) | x 6 4 44 + * = | x:shelf 6:shelf 4:soda 44:soda +:soda *:shelf =:shelf
EXPR: 0 | POS | INT | 15 | 8 | 200 | x=((44+6)*4) | x 44 6 + 4 * = | x:shelf 44:soda 6:soda +:soda 4:shelf *:shelf =:shelf
EXPR: 0 | POS | INT | 15 | 8 | 152 | x=((44-6)*4) | x 44 6 - 4 * = | x:shelf 44:soda 6:soda -:soda 4:shelf *:shelf =:shelf
EXPR: 0 | POS | INT | 15 | 8 | 46 | x=((44+6)-4) | x 44 6 + 4 - = | x:soda 44:soda 6:soda +:soda 4:soda -:soda =:soda
EXPR: 0 | POS | INT | 15 | 8 | 54 | x=((44+6)+4) | x 44 6 + 4 + = | x:soda 44:soda 6:soda +:soda 4:soda +:soda =:soda
EXPR: 0 | POS | INT | 15 | 8 | 88 | x=((6-4)*44) | x 6 4 - 44 * = | x:shelf 6:soda 4:soda -:soda 44:shelf *:shelf =:shelf
EXPR: 0 | POS | INT | 15 | 8 | 46 | x=(44+(6-4)) | x 44 6 4 - + = | x:soda 44:soda 6:soda 4:soda -:soda +:soda =:soda
EXPR: 0 | POS | INT | 15 | 8 | 200 | ((44+6)*4)=x | 44 6 + 4 * x = | 44:soda 6:soda +:soda 4:shelf *:shelf x:shelf =:shelf
EXPR: 0 | POS | INT | 15 | 8 | 88 | ((6-4)*44)=x | 6 4 - 44 * x = | 6:soda 4:soda -:soda 44:shelf *:shelf x:shelf =:shelf
EXPR: 0 | POS | INT | 15 | 8 | 54 | x=(6+(4+44)) | x 6 4 44 + + = | x:soda 6:soda 4:soda 44:soda +:soda +:soda =:soda
EXPR: 0 | POS | INT | 15 | 8 | 46 | x=(6-(4-44)) | x 6 4 44 - - = | x:soda 6:soda 4:soda 44:soda -:soda -:soda =:soda
EXPR: 0 | POS | INT | 15 | 8 | 152 | ((44-6)*4)=x | 44 6 - 4 * x = | 44:soda 6:soda -:soda 4:shelf *:shelf x:shelf =:shelf
EXPR: 0 | POS | INT | 15 | 8 | 54 | (6+(4+44))=x | 6 4 44 + + x = | 6:soda 4:soda 44:soda +:soda +:soda x:soda =:soda
EXPR: 0 | POS | INT | 15 | 8 | 46 | (6-(4-44))=x | 6 4 44 - - x = | 6:soda 4:soda 44:soda -:soda -:soda x:soda =:soda
EXPR: 0 | POS | INT | 15 | 8 | 46 | ((6-4)+44)=x | 6 4 - 44 + x = | 6:soda 4:soda -:soda 44:soda +:soda x:soda =:soda
EXPR: 0 | POS | INT | 15 | 8 | 88 | (44*(6-4))=x | 44 6 4 - * x = | 44:shelf 6:soda 4:soda -:soda *:shelf x:shelf =:shelf
EXPR: 0 | POS | INT | 15 | 8 | 22 | (44/(6-4))=x | 44 6 4 - / x = | 44:shelf 6:soda 4:soda -:soda /:shelf x:shelf =:shelf
EXPR: 0 | POS | INT | 15 | 8 | 42 | ((44-6)+4)=x | 44 6 - 4 + x = | 44:soda 6:soda -:soda 4:soda +:soda x:soda =:soda
EXPR: 0 | POS | INT | 15 | 8 | 288 | (6*(4+44))=x | 6 4 44 + * x = | 6:shelf 4:soda 44:soda +:soda *:shelf x:shelf =:shelf
EXPR: 0 | POS | INT | 15 | 8 | 42 | (44-(6-4))=x | 44 6 4 - - x = | 44:soda 6:soda 4:soda -:soda -:soda x:soda =:soda
EXPR: 0 | POS | INT | 15 | 8 | 46 | ((44+6)-4)=x | 44 6 + 4 - x = | 44:soda 6:soda +:soda 4:soda -:soda x:soda =:soda
EXPR: 0 | POS | INT | 15 | 8 | 54 | ((44+6)+4)=x | 44 6 + 4 + x = | 44:soda 6:soda +:soda 4:soda +:soda x:soda =:soda
EXPR: 0 | POS | INT | 15 | 8 | 88 | x=(44*(6-4)) | x 44 6 4 - * = | x:shelf 44:shelf 6:soda 4:soda -:soda *:shelf =:shelf
EXPR: 0 | POS | INT | 15 | 8 | 46 | (44+(6-4))=x | 44 6 4 - + x = | 44:soda 6:soda 4:soda -:soda +:soda x:soda =:soda
EXPR: 0 | POS | INT | 15 | 8 | 46 | x=((6-4)+44) | x 6 4 - 44 + = | x:soda 6:soda 4:soda -:soda 44:soda +:soda =:soda
EXPR: 0 | POS | INT | 15 | 8 | 42 | x=(44-(6-4)) | x 44 6 4 - - = | x:soda 44:soda 6:soda 4:soda -:soda -:soda =:soda
EXPR: 0 | POS | INT | 15 | 8 | 42 | x=((44-6)+4) | x 44 6 - 4 + = | x:soda 44:soda 6:soda -:soda 4:soda +:soda =:soda
EXPR: 0 | POS | INT | 15 | 8 | 22 | x=(44/(6-4)) | x 44 6 4 - / = | x:shelf 44:shelf 6:soda 4:soda -:soda /:shelf =:shelf
EXPR: 0 | POS | INT | 15 | 8 | 34 | x=((44-6)-4) | x 44 6 - 4 - = | x:soda 44:soda 6:soda -:soda 4:soda -:soda =:soda
EXPR: 0 | POS | INT | 15 | 8 | 34 | ((44-6)-4)=x | 44 6 - 4 - x = | 44:soda 6:soda -:soda 4:soda -:soda x:soda =:soda
EXPR: 0 | POS | INT | 17 | 8 | 42 | 44=((x+6)-4) | 44 x 6 + 4 - = | 44:soda x:soda 6:soda +:soda 4:soda -:soda =:soda
EXPR: 0 | POS | INT | 17 | 8 | 54 | 6=(x-(4+44)) | 6 x 4 44 + - = | 6:soda x:soda 4:soda 44:soda +:soda -:soda =:soda
EXPR: 0 | POS | INT | 17 | 8 | 46 | 44=(x-(6-4)) | 44 x 6 4 - - = | 44:soda x:soda 6:soda 4:soda -:soda -:soda =:soda
EXPR: 0 | POS | INT | 17 | 8 | 240 | (6*(44-4))=x | 6 44 4 - * x = | 6:shelf 44:soda 4:soda -:soda *:shelf x:shelf =:shelf
EXPR: 0 | POS | INT | 17 | 8 | 5 | (44/(6+x))=4 | 44 6 x + / 4 = | 44:soda 6:shelf x:shelf +:shelf /:soda 4:soda =:soda
EXPR: 0 | POS | INT | 17 | 8 | 46 | 6=((x+4)-44) | 6 x 4 + 44 - = | 6:soda x:soda 4:soda +:soda 44:soda -:soda =:soda
EXPR: 0 | POS | INT | 17 | 8 | 42 | (6+(x-4))=44 | 6 x 4 - + 44 = | 6:soda x:soda 4:soda -:soda +:soda 44:soda =:soda
EXPR: 0 | POS | INT | 17 | 8 | 200 | (x/(44+6))=4 | x 44 6 + / 4 = | x:shelf 44:soda 6:soda +:soda /:shelf 4:shelf =:shelf
EXPR: 0 | POS | INT | 17 | 8 | 46 | ((44-x)+6)=4 | 44 x - 6 + 4 = | 44:soda x:soda -:soda 6:soda +:soda 4:soda =:soda
EXPR: 0 | POS | INT | 17 | 8 | 42 | 44=((6+x)-4) | 44 6 x + 4 - = | 44:soda 6:soda x:soda +:soda 4:soda -:soda =:soda
EXPR: 0 | POS | INT | 17 | 8 | 46 | 44=((x-6)+4) | 44 x 6 - 4 + = | 44:soda x:soda 6:soda -:soda 4:soda +:soda =:soda
EXPR: 0 | POS | INT | 17 | 8 | 42 | 44=(x+(6-4)) | 44 x 6 4 - + = | 44:soda x:soda 6:soda 4:soda -:soda +:soda =:soda
EXPR: 0 | POS | INT | 17 | 8 | 42 | ((x+6)-4)=44 | x 6 + 4 - 44 = | x:soda 6:soda +:soda 4:soda -:soda 44:soda =:soda
EXPR: 0 | POS | INT | 17 | 8 | 34 | ((x+6)+4)=44 | x 6 + 4 + 44 = | x:soda 6:soda +:soda 4:soda +:soda 44:soda =:soda
EXPR: 0 | POS | INT | 17 | 8 | 54 | ((x-6)-4)=44 | x 6 - 4 - 44 = | x:soda 6:soda -:soda 4:soda -:soda 44:soda =:soda
EXPR: 0 | POS | INT | 17 | 8 | 288 | 6=(x/(4+44)) | 6 x 4 44 + / = | 6:shelf x:shelf 4:soda 44:soda +:soda /:shelf =:shelf
EXPR: 0 | POS | INT | 17 | 8 | 34 | ((44-x)-6)=4 | 44 x - 6 - 4 = | 44:soda x:soda -:soda 6:soda -:soda 4:soda =:soda
EXPR: 0 | POS | INT | 17 | 8 | 17 | (44/(x-6))=4 | 44 x 6 - / 4 = | 44:soda x:shelf 6:shelf -:shelf /:soda 4:soda =:soda
EXPR: 0 | POS | INT | 17 | 8 | 17 | ((x-6)*4)=44 | x 6 - 4 * 44 = | x:shelf 6:shelf -:shelf 4:soda *:soda 44:soda =:soda
EXPR: 0 | POS | INT | 17 | 8 | 22 | (44/x)=(6-4) | 44 x / 6 4 - = | 44:soda x:shelf /:soda 6:soda 4:soda -:soda =:soda
EXPR: 0 | POS | INT | 17 | 8 | 42 | (x-(44-6))=4 | x 44 6 - - 4 = | x:soda 44:soda 6:soda -:soda -:soda 4:soda =:soda
EXPR: 0 | POS | INT | 17 | 8 | 17 | 44=((x-6)*4) | 44 x 6 - 4 * = | 44:soda x:shelf 6:shelf -:shelf 4:soda *:soda =:soda
EXPR: 0 | POS | INT | 17 | 8 | 34 | 44=((x+6)+4) | 44 x 6 + 4 + = | 44:soda x:soda 6:soda +:soda 4:soda +:soda =:soda
EXPR: 0 | POS | INT | 17 | 8 | 5 | 44=((6+x)*4) | 44 6 x + 4 * = | 44:soda 6:shelf x:shelf +:shelf 4:soda *:soda =:soda
EXPR: 0 | POS | INT | 17 | 8 | 42 | 44=((6-4)+x) | 44 6 4 - x + = | 44:soda 6:soda 4:soda -:soda x:soda +:soda =:soda
EXPR: 0 | POS | INT | 17 | 8 | 5 | ((x+6)*4)=44 | x 6 + 4 * 44 = | x:shelf 6:shelf +:shelf 4:soda *:soda 44:soda =:soda
EXPR: 0 | POS | INT | 17 | 8 | 240 | x=(6*(44-4)) | x 6 44 4 - * = | x:shelf 6:shelf 44:soda 4:soda -:soda *:shelf =:shelf
EXPR: 0 | POS | INT | 17 | 8 | 42 | ((6+x)-4)=44 | 6 x + 4 - 44 = | 6:soda x:soda +:soda 4:soda -:soda 44:soda =:soda
EXPR: 0 | POS | INT | 17 | 8 | 34 | ((6+x)+4)=44 | 6 x + 4 + 44 = | 6:soda x:soda +:soda 4:soda +:soda 44:soda =:soda
EXPR: 1 | POS | INT | 17 | 8 | 8 | (x*6)=(4+44) | x 6 * 4 44 + = | x:shelf 6:soda *:soda 4:soda 44:soda +:soda =:soda
EXPR: 0 | POS | INT | 17 | 8 | 42 | 44=(6+(x-4)) | 44 6 x 4 - + = | 44:soda 6:soda x:soda 4:soda -:soda +:soda =:soda
EXPR: 0 | POS | INT | 17 | 8 | 46 | (44+(6-x))=4 | 44 6 x - + 4 = | 44:soda 6:soda x:soda -:soda +:soda 4:soda =:soda
EXPR: 0 | POS | INT | 17 | 8 | 46 | x=(6+(44-4)) | x 6 44 4 - + = | x:soda 6:soda 44:soda 4:soda -:soda +:soda =:soda
EXPR: 0 | POS | INT | 17 | 8 | 46 | (44-(x-6))=4 | 44 x 6 - - 4 = | 44:soda x:soda 6:soda -:soda -:soda 4:soda =:soda
EXPR: 0 | POS | INT | 17 | 8 | 5 | 44=((x+6)*4) | 44 x 6 + 4 * = | 44:soda x:shelf 6:shelf +:shelf 4:soda *:soda =:soda
EXPR: 0 | POS | INT | 17 | 8 | 46 | ((x-6)+4)=44 | x 6 - 4 + 44 = | x:soda 6:soda -:soda 4:soda +:soda 44:soda =:soda
EXPR: 0 | POS | INT | 17 | 8 | 46 | (x-(6-4))=44 | x 6 4 - - 44 = | x:soda 6:soda 4:soda -:soda -:soda 44:soda =:soda
EXPR: 0 | POS | INT | 17 | 8 | 42 | (x+(6-4))=44 | x 6 4 - + 44 = | x:soda 6:soda 4:soda -:soda +:soda 44:soda =:soda
EXPR: 0 | POS | INT | 17 | 8 | 42 | ((x-44)+6)=4 | x 44 - 6 + 4 = | x:soda 44:soda -:soda 6:soda +:soda 4:soda =:soda
EXPR: 0 | POS | INT | 17 | 8 | 54 | (x-(44+6))=4 | x 44 6 + - 4 = | x:soda 44:soda 6:soda +:soda -:soda 4:soda =:soda
EXPR: 0 | POS | INT | 17 | 8 | 46 | ((44+6)-x)=4 | 44 6 + x - 4 = | 44:soda 6:soda +:soda x:soda -:soda 4:soda =:soda
EXPR: 0 | POS | INT | 17 | 8 | 34 | ((44-6)-x)=4 | 44 6 - x - 4 = | 44:soda 6:soda -:soda x:soda -:soda 4:soda =:soda
EXPR: 0 | POS | INT | 17 | 8 | 34 | 44=(6+(x+4)) | 44 6 x 4 + + = | 44:soda 6:soda x:soda 4:soda +:soda +:soda =:soda
EXPR: 0 | POS | INT | 17 | 8 | 34 | (44-(6+x))=4 | 44 6 x + - 4 = | 44:soda 6:soda x:soda +:soda -:soda 4:soda =:soda
EXPR: 0 | POS | INT | 17 | 8 | 42 | 6=(4-(x-44)) | 6 4 x 44 - - = | 6:soda 4:soda x:soda 44:soda -:soda -:soda =:soda
EXPR: 0 | POS | INT | 17 | 8 | 54 | 6=((x-4)-44) | 6 x 4 - 44 - = | 6:soda x:soda 4:soda -:soda 44:soda -:soda =:soda
EXPR: 0 | POS | INT | 17 | 8 | 46 | 6=(4+(x-44)) | 6 4 x 44 - + = | 6:soda 4:soda x:soda 44:soda -:soda +:soda =:soda
EXPR: 0 | POS | INT | 17 | 8 | 42 | 6=((4+44)-x) | 6 4 44 + x - = | 6:soda 4:soda 44:soda +:soda x:soda -:soda =:soda
EXPR: 0 | POS | INT | 17 | 8 | 54 | ((x-44)-6)=4 | x 44 - 6 - 4 = | x:soda 44:soda -:soda 6:soda -:soda 4:soda =:soda
EXPR: 0 | POS | INT | 17 | 8 | 34 | 44=((6+x)+4) | 44 6 x + 4 + = | 44:soda 6:soda x:soda +:soda 4:soda +:soda =:soda
EXPR: 0 | POS | INT | 17 | 8 | 46 | 6=(x+(4-44)) | 6 x 4 44 - + = | 6:soda x:soda 4:soda 44:soda -:soda +:soda =:soda
EXPR: 0 | POS | INT | 17 | 8 | 46 | 6=((4-44)+x) | 6 4 44 - x + = | 6:soda 4:soda 44:soda -:soda x:soda +:soda =:soda
EXPR: 0 | POS | INT | 17 | 8 | 42 | ((6-4)+x)=44 | 6 4 - x + 44 = | 6:soda 4:soda -:soda x:soda +:soda 44:soda =:soda
EXPR: 0 | POS | INT | 17 | 8 | 22 | (6-4)=(44/x) | 6 4 - 44 x / = | 6:soda 4:soda -:soda 44:soda x:shelf /:soda =:soda
EXPR: 0 | POS | INT | 17 | 8 | 34 | (6+(x+4))=44 | 6 x 4 + + 44 = | 6:soda x:soda 4:soda +:soda +:soda 44:soda =:soda
EXPR: 0 | POS | INT | 17 | 8 | 42 | 6=(4+(44-x)) | 6 4 44 x - + = | 6:soda 4:soda 44:soda x:soda -:soda +:soda =:soda
EXPR: 0 | POS | INT | 17 | 8 | 5 | (44/(x+6))=4 | 44 x 6 + / 4 = | 44:soda x:shelf 6:shelf +:shelf /:soda 4:soda =:soda
EXPR: 0 | POS | INT | 17 | 8 | 54 | 44=((x-6)-4) | 44 x 6 - 4 - = | 44:soda x:soda 6:soda -:soda 4:soda -:soda =:soda
EXPR: 0 | POS | INT | 17 | 8 | 46 | 6=((4+x)-44) | 6 4 x + 44 - = | 6:soda 4:soda x:soda +:soda 44:soda -:soda =:soda
EXPR: 0 | POS | INT | 17 | 8 | 46 | (6+(44-4))=x | 6 44 4 - + x = | 6:soda 44:soda 4:soda -:soda +:soda x:soda =:soda
EXPR: 0 | POS | INT | 17 | 8 | 46 | 6=(4-(44-x)) | 6 4 44 x - - = | 6:soda 4:soda 44:soda x:soda -:soda -:soda =:soda
EXPR: 0 | POS | INT | 17 | 8 | 34 | 44=(6+(4+x)) | 44 6 4 x + + = | 44:soda 6:soda 4:soda x:soda +:soda +:soda =:soda
EXPR: 1 | POS | INT | 17 | 8 | 8 | (6*x)=(4+44) | 6 x * 4 44 + = | 6:soda x:shelf *:soda 4:soda 44:soda +:soda =:soda
EXPR: 0 | POS | INT | 17 | 8 | 88 | (x/(6-4))=44 | x 6 4 - / 44 = | x:shelf 6:soda 4:soda -:soda /:shelf 44:shelf =:shelf
EXPR: 0 | POS | INT | 17 | 8 | 152 | (x/(44-6))=4 | x 44 6 - / 4 = | x:shelf 44:soda 6:soda -:soda /:shelf 4:shelf =:shelf
EXPR: 0 | POS | INT | 17 | 8 | 34 | (6+(4+x))=44 | 6 4 x + + 44 = | 6:soda 4:soda x:soda +:soda +:soda 44:soda =:soda
EXPR: 0 | POS | INT | 17 | 8 | 5 | ((6+x)*4)=44 | 6 x + 4 * 44 = | 6:shelf x:shelf +:shelf 4:soda *:soda 44:soda =:soda
EXPR: 0 | POS | INT | 17 | 8 | 42 | 6=((4-x)+44) | 6 4 x - 44 + = | 6:soda 4:soda x:soda -:soda 44:soda +:soda =:soda
EXPR: 0 | POS | INT | 17 | 8 | 34 | (44-(x+6))=4 | 44 x 6 + - 4 = | 44:soda x:soda 6:soda +:soda -:soda 4:soda =:soda
EXPR: 0 | POS | INT | 17 | 8 | 42 | 44=(6-(4-x)) | 44 6 4 x - - = | 44:soda 6:soda 4:soda x:soda -:soda -:soda =:soda
EXPR: 0 | POS | INT | 17 | 8 | 88 | 44=(x/(6-4)) | 44 x 6 4 - / = | 44:shelf x:shelf 6:soda 4:soda -:soda /:shelf =:shelf
EXPR: 0 | POS | INT | 17 | 8 | 42 | (6-(4-x))=44 | 6 4 x - - 44 = | 6:soda 4:soda x:soda -:soda -:soda 44:soda =:soda
EXPR: 0 | POS | INT | 19 | 8 | 46 | 6=(x-(44-4)) | 6 x 44 4 - - = | 6:soda x:soda 44:soda 4:soda -:soda -:soda =:soda
EXPR: 0 | POS | INT | 19 | 8 | 46 | ((6-x)+44)=4 | 6 x - 44 + 4 = | 6:soda x:soda -:soda 44:soda +:soda 4:soda =:soda
EXPR: 0 | POS | INT | 19 | 8 | 42 | ((x+6)-44)=4 | x 6 + 44 - 4 = | x:soda 6:soda +:soda 44:soda -:soda 4:soda =:soda
EXPR: 0 | POS | INT | 19 | 8 | 54 | ((x-6)-44)=4 | x 6 - 44 - 4 = | x:soda 6:soda -:soda 44:soda -:soda 4:soda =:soda
EXPR: 0 | POS | INT | 19 | 8 | 42 | ((6+x)-44)=4 | 6 x + 44 - 4 = | 6:soda x:soda +:soda 44:soda -:soda 4:soda =:soda
EXPR: 0 | POS | INT | 19 | 8 | 42 | (6-(44-x))=4 | 6 44 x - - 4 = | 6:soda 44:soda x:soda -:soda -:soda 4:soda =:soda
EXPR: 0 | POS | INT | 19 | 8 | 46 | (6-(x-44))=4 | 6 x 44 - - 4 = | 6:soda x:soda 44:soda -:soda -:soda 4:soda =:soda
EXPR: 0 | POS | INT | 19 | 8 | 42 | (6+(x-44))=4 | 6 x 44 - + 4 = | 6:soda x:soda 44:soda -:soda +:soda 4:soda =:soda
EXPR: 0 | POS | INT | 19 | 8 | 46 | 6=((x-44)+4) | 6 x 44 - 4 + = | 6:soda x:soda 44:soda -:soda 4:soda +:soda =:soda
EXPR: 0 | POS | INT | 19 | 8 | 42 | (x+(6-44))=4 | x 6 44 - + 4 = | x:soda 6:soda 44:soda -:soda +:soda 4:soda =:soda
EXPR: 0 | POS | INT | 19 | 8 | 46 | (6+(44-x))=4 | 6 44 x - + 4 = | 6:soda 44:soda x:soda -:soda +:soda 4:soda =:soda
EXPR: 0 | POS | INT | 19 | 8 | 34 | 6=(44-(x+4)) | 6 44 x 4 + - = | 6:soda 44:soda x:soda 4:soda +:soda -:soda =:soda
EXPR: 0 | POS | INT | 19 | 8 | 54 | 6=((x-44)-4) | 6 x 44 - 4 - = | 6:soda x:soda 44:soda -:soda 4:soda -:soda =:soda
EXPR: 0 | POS | INT | 19 | 8 | 42 | 6=(44-(x-4)) | 6 44 x 4 - - = | 6:soda 44:soda x:soda 4:soda -:soda -:soda =:soda
EXPR: 0 | POS | INT | 19 | 8 | 240 | 6=(x/(44-4)) | 6 x 44 4 - / = | 6:shelf x:shelf 44:soda 4:soda -:soda /:shelf =:shelf
EXPR: 0 | POS | INT | 19 | 8 | 42 | ((6-44)+x)=4 | 6 44 - x + 4 = | 6:soda 44:soda -:soda x:soda +:soda 4:soda =:soda
EXPR: 0 | POS | INT | 19 | 8 | 42 | 6=((44-x)+4) | 6 44 x - 4 + = | 6:soda 44:soda x:soda -:soda 4:soda +:soda =:soda
EXPR: 0 | POS | INT | 19 | 8 | 34 | 6=((44-x)-4) | 6 44 x - 4 - = | 6:soda 44:soda x:soda -:soda 4:soda -:soda =:soda
EXPR: 0 | POS | INT | 19 | 8 | 34 | 6=((44-4)-x) | 6 44 4 - x - = | 6:soda 44:soda 4:soda -:soda x:soda -:soda =:soda
EXPR: 0 | POS | INT | 19 | 8 | 34 | 6=(44-(4+x)) | 6 44 4 x + - = | 6:soda 44:soda 4:soda x:soda +:soda -:soda =:soda
EXPR: 0 | POS | INT | 19 | 8 | 42 | 6=(44+(4-x)) | 6 44 4 x - + = | 6:soda 44:soda 4:soda x:soda -:soda +:soda =:soda
EXPR: 0 | POS | INT | 20 | 8 | 170 | x=((4*44)-6) | x 4 44 * 6 - = | x:shelf 4:soda 44:shelf *:shelf 6:shelf -:shelf =:shelf
EXPR: 0 | POS | INT | 20 | 8 | 182 | x=((4*44)+6) | x 4 44 * 6 + = | x:shelf 4:soda 44:shelf *:shelf 6:shelf +:shelf =:shelf
EXPR: 0 | POS | INT | 20 | 8 | 182 | ((4*44)+6)=x | 4 44 * 6 + x = | 4:shelf 44:soda *:soda 6:soda +:soda x:soda =:soda
EXPR: 0 | POS | INT | 20 | 8 | 170 | ((4*44)-6)=x | 4 44 * 6 - x = | 4:shelf 44:soda *:soda 6:soda -:soda x:soda =:soda
EXPR: 1 | POS | INT | 20 | 8 | 8 | x=((4+44)/6) | x 4 44 + 6 / = | x:soda 4:soda 44:soda +:soda 6:shelf /:soda =:soda
EXPR: 0 | POS | INT | 20 | 8 | 268 | (4+(44*6))=x | 4 44 6 * + x = | 4:soda 44:soda 6:shelf *:soda +:soda x:soda =:soda
EXPR: 0 | POS | INT | 20 | 8 | 268 | x=(4+(44*6)) | x 4 44 6 * + = | x:shelf 4:shelf 44:soda 6:shelf *:shelf +:shelf =:shelf
EXPR: 1 | POS | INT | 20 | 8 | 8 | ((4+44)/6)=x | 4 44 + 6 / x = | 4:soda 44:soda +:soda 6:shelf /:soda x:soda =:soda
NET 282 unique, non-negative, integer-valued solutions found out of 1000 total solutions
