parameters: n=7 l=3 k=1 p=5 q=2 m=9
TOTAL 1000 solutions found
SOLN: CORRECT | POS/NEG | INT/FRA | OBJ-SCORE | TRUE-ANS | ANS | INFIX | POSTFIX | TYPED-POSTFIX
EXPR: 0 | POS | INT | 2 | 6 | 9 | 18=((6-4)*x) | 18 6 4 - x * = | 18:problem 6:problem 4:problem -:problem x:LENGTH *:problem =:problem
EXPR: 0 | POS | INT | 2 | 6 | 9 | 18=(x*(6-4)) | 18 x 6 4 - * = | 18:problem x:LENGTH 6:problem 4:problem -:problem *:problem =:problem
EXPR: 1 | POS | INT | 2 | 6 | 6 | ((18+6)/x)=4 | 18 6 + x / 4 = | 18:problem 6:problem +:problem x:LENGTH /:problem 4:problem =:problem
EXPR: 0 | POS | INT | 2 | 6 | 3 | ((18-6)/x)=4 | 18 6 - x / 4 = | 18:problem 6:problem -:problem x:LENGTH /:problem 4:problem =:problem
EXPR: 0 | POS | INT | 2 | 6 | 3 | 18=(6+(x*4)) | 18 6 x 4 * + = | 18:problem 6:problem x:LENGTH 4:problem *:problem +:problem =:problem
EXPR: 0 | POS | INT | 2 | 6 | 3 | 18=(6+(4*x)) | 18 6 4 x * + = | 18:problem 6:problem 4:problem x:LENGTH *:problem +:problem =:problem
EXPR: 0 | POS | INT | 4 | 6 | 3 | (18-(x*4))=6 | 18 x 4 * - 6 = | 18:problem x:LENGTH 4:problem *:problem -:problem 6:problem =:problem
EXPR: 0 | POS | INT | 4 | 6 | 3 | 18=((x*4)+6) | 18 x 4 * 6 + = | 18:problem x:LENGTH 4:problem *:problem 6:problem +:problem =:problem
EXPR: 0 | POS | INT | 4 | 6 | 9 | ((18/x)+4)=6 | 18 x / 4 + 6 = | 18:problem x:LENGTH /:problem 4:problem +:problem 6:problem =:problem
EXPR: 1 | POS | INT | 4 | 6 | 6 | 18=((x*4)-6) | 18 x 4 * 6 - = | 18:problem x:LENGTH 4:problem *:problem 6:problem -:problem =:problem
EXPR: 1 | POS | INT | 4 | 6 | 6 | 18=((4*x)-6) | 18 4 x * 6 - = | 18:problem 4:problem x:LENGTH *:problem 6:problem -:problem =:problem
EXPR: 0 | POS | INT | 4 | 6 | 3 | 18=((4*x)+6) | 18 4 x * 6 + = | 18:problem 4:problem x:LENGTH *:problem 6:problem +:problem =:problem
EXPR: 0 | POS | INT | 4 | 6 | 3 | (18-(4*x))=6 | 18 4 x * - 6 = | 18:problem 4:problem x:LENGTH *:problem -:problem 6:problem =:problem
EXPR: 0 | POS | INT | 4 | 6 | 9 | 6=((18/x)+4) | 6 18 x / 4 + = | 6:problem 18:problem x:LENGTH /:problem 4:problem +:problem =:problem
EXPR: 0 | POS | INT | 4 | 6 | 3 | 6=(18-(4*x)) | 6 18 4 x * - = | 6:problem 18:problem 4:problem x:LENGTH *:problem -:problem =:problem
EXPR: 0 | POS | INT | 4 | 6 | 3 | 6=(18-(x*4)) | 6 18 x 4 * - = | 6:problem 18:problem x:LENGTH 4:problem *:problem -:problem =:problem
EXPR: 0 | POS | INT | 4 | 6 | 9 | (6-(18/x))=4 | 6 18 x / - 4 = | 6:problem 18:problem x:LENGTH /:problem -:problem 4:problem =:problem
EXPR: 1 | POS | INT | 7 | 6 | 6 | 6=((4*x)-18) | 6 4 x * 18 - = | 6:problem 4:problem x:LENGTH *:problem 18:problem -:problem =:problem
EXPR: 0 | POS | INT | 7 | 6 | 9 | 6=(4+(18/x)) | 6 4 18 x / + = | 6:problem 4:problem 18:problem x:LENGTH /:problem +:problem =:problem
EXPR: 1 | POS | INT | 7 | 6 | 6 | ((x*4)-18)=6 | x 4 * 18 - 6 = | x:LENGTH 4:problem *:problem 18:problem -:problem 6:problem =:problem
EXPR: 0 | POS | INT | 7 | 6 | 9 | ((6-4)*x)=18 | 6 4 - x * 18 = | 6:problem 4:problem -:problem x:LENGTH *:problem 18:problem =:problem
EXPR: 0 | POS | INT | 7 | 6 | 3 | (6+(4*x))=18 | 6 4 x * + 18 = | 6:problem 4:problem x:LENGTH *:problem +:problem 18:problem =:problem
EXPR: 1 | POS | INT | 7 | 6 | 6 | 6=((x*4)-18) | 6 x 4 * 18 - = | 6:problem x:LENGTH 4:problem *:problem 18:problem -:problem =:problem
EXPR: 1 | POS | INT | 7 | 6 | 6 | 4=((18+6)/x) | 4 18 6 + x / = | 4:problem 18:problem 6:problem +:problem x:LENGTH /:problem =:problem
EXPR: 0 | POS | INT | 7 | 6 | 3 | 4=((18-6)/x) | 4 18 6 - x / = | 4:problem 18:problem 6:problem -:problem x:LENGTH /:problem =:problem
EXPR: 1 | POS | INT | 7 | 6 | 6 | ((4*x)-18)=6 | 4 x * 18 - 6 = | 4:problem x:LENGTH *:problem 18:problem -:problem 6:problem =:problem
EXPR: 0 | POS | INT | 7 | 6 | 3 | (6+(x*4))=18 | 6 x 4 * + 18 = | 6:problem x:LENGTH 4:problem *:problem +:problem 18:problem =:problem
EXPR: 0 | POS | INT | 7 | 6 | 9 | (4+(18/x))=6 | 4 18 x / + 6 = | 4:problem 18:problem x:LENGTH /:problem +:problem 6:problem =:problem
EXPR: 0 | POS | INT | 7 | 6 | 9 | (x*(6-4))=18 | x 6 4 - * 18 = | x:LENGTH 6:problem 4:problem -:problem *:problem 18:problem =:problem
EXPR: 1 | POS | INT | 9 | 6 | 6 | ((4*x)-6)=18 | 4 x * 6 - 18 = | 4:problem x:LENGTH *:problem 6:problem -:problem 18:problem =:problem
EXPR: 0 | POS | INT | 9 | 6 | 3 | ((4*x)+6)=18 | 4 x * 6 + 18 = | 4:problem x:LENGTH *:problem 6:problem +:problem 18:problem =:problem
EXPR: 1 | POS | INT | 9 | 6 | 6 | ((x*4)-6)=18 | x 4 * 6 - 18 = | x:LENGTH 4:problem *:problem 6:problem -:problem 18:problem =:problem
EXPR: 0 | POS | INT | 9 | 6 | 9 | 4=(6-(18/x)) | 4 6 18 x / - = | 4:problem 6:problem 18:problem x:LENGTH /:problem -:problem =:problem
EXPR: 0 | POS | INT | 9 | 6 | 3 | ((x*4)+6)=18 | x 4 * 6 + 18 = | x:LENGTH 4:problem *:problem 6:problem +:problem 18:problem =:problem
EXPR: 0 | POS | INT | 10 | 6 | 96 | x=((18+6)*4) | x 18 6 + 4 * = | x:LENGTH 18:problem 6:problem +:problem 4:LENGTH *:LENGTH =:LENGTH
EXPR: 0 | POS | INT | 10 | 6 | 180 | x=(18*(6+4)) | x 18 6 4 + * = | x:LENGTH 18:LENGTH 6:problem 4:problem +:problem *:LENGTH =:LENGTH
EXPR: 0 | POS | INT | 10 | 6 | 36 | x=(18*(6-4)) | x 18 6 4 - * = | x:LENGTH 18:LENGTH 6:problem 4:problem -:problem *:LENGTH =:LENGTH
EXPR: 0 | POS | INT | 10 | 6 | 48 | ((18-6)*4)=x | 18 6 - 4 * x = | 18:problem 6:problem -:problem 4:LENGTH *:LENGTH x:LENGTH =:LENGTH
EXPR: 0 | POS | INT | 10 | 6 | 20 | ((18+6)-4)=x | 18 6 + 4 - x = | 18:problem 6:problem +:problem 4:problem -:problem x:problem =:problem
EXPR: 0 | POS | INT | 10 | 6 | 8 | ((18-6)-4)=x | 18 6 - 4 - x = | 18:problem 6:problem -:problem 4:problem -:problem x:problem =:problem
EXPR: 0 | POS | INT | 10 | 6 | 16 | (18-(6-4))=x | 18 6 4 - - x = | 18:problem 6:problem 4:problem -:problem -:problem x:problem =:problem
EXPR: 0 | POS | INT | 10 | 6 | 36 | (18*(6-4))=x | 18 6 4 - * x = | 18:LENGTH 6:problem 4:problem -:problem *:LENGTH x:LENGTH =:LENGTH
EXPR: 0 | POS | INT | 10 | 6 | 9 | (18/(6-4))=x | 18 6 4 - / x = | 18:LENGTH 6:problem 4:problem -:problem /:LENGTH x:LENGTH =:LENGTH
EXPR: 0 | POS | INT | 10 | 6 | 16 | ((18-6)+4)=x | 18 6 - 4 + x = | 18:problem 6:problem -:problem 4:problem +:problem x:problem =:problem
EXPR: 0 | POS | INT | 10 | 6 | 20 | x=(18+(6-4)) | x 18 6 4 - + = | x:problem 18:problem 6:problem 4:problem -:problem +:problem =:problem
EXPR: 0 | POS | INT | 10 | 6 | 8 | x=(18-(6+4)) | x 18 6 4 + - = | x:problem 18:problem 6:problem 4:problem +:problem -:problem =:problem
EXPR: 0 | POS | INT | 10 | 6 | 28 | ((18+6)+4)=x | 18 6 + 4 + x = | 18:problem 6:problem +:problem 4:problem +:problem x:problem =:problem
EXPR: 0 | POS | INT | 10 | 6 | 20 | (18+(6-4))=x | 18 6 4 - + x = | 18:problem 6:problem 4:problem -:problem +:problem x:problem =:problem
EXPR: 0 | POS | INT | 10 | 6 | 48 | x=((18-6)*4) | x 18 6 - 4 * = | x:LENGTH 18:problem 6:problem -:problem 4:LENGTH *:LENGTH =:LENGTH
EXPR: 0 | POS | INT | 10 | 6 | 28 | x=(18+(6+4)) | x 18 6 4 + + = | x:problem 18:problem 6:problem 4:problem +:problem +:problem =:problem
EXPR: 0 | POS | INT | 10 | 6 | 96 | ((18+6)*4)=x | 18 6 + 4 * x = | 18:problem 6:problem +:problem 4:LENGTH *:LENGTH x:LENGTH =:LENGTH
EXPR: 0 | POS | INT | 10 | 6 | 28 | (18+(6+4))=x | 18 6 4 + + x = | 18:problem 6:problem 4:problem +:problem +:problem x:problem =:problem
EXPR: 0 | POS | INT | 10 | 6 | 16 | x=(18-(6-4)) | x 18 6 4 - - = | x:problem 18:problem 6:problem 4:problem -:problem -:problem =:problem
EXPR: 0 | POS | INT | 10 | 6 | 180 | (18*(6+4))=x | 18 6 4 + * x = | 18:LENGTH 6:problem 4:problem +:problem *:LENGTH x:LENGTH =:LENGTH
EXPR: 0 | POS | INT | 10 | 6 | 9 | x=(18/(6-4)) | x 18 6 4 - / = | x:LENGTH 18:LENGTH 6:problem 4:problem -:problem /:LENGTH =:LENGTH
EXPR: 0 | POS | INT | 10 | 6 | 20 | x=((18+6)-4) | x 18 6 + 4 - = | x:problem 18:problem 6:problem +:problem 4:problem -:problem =:problem
EXPR: 0 | POS | INT | 10 | 6 | 16 | x=((18-6)+4) | x 18 6 - 4 + = | x:problem 18:problem 6:problem -:problem 4:problem +:problem =:problem
EXPR: 0 | POS | INT | 10 | 6 | 8 | x=((18-6)-4) | x 18 6 - 4 - = | x:problem 18:problem 6:problem -:problem 4:problem -:problem =:problem
EXPR: 0 | POS | INT | 10 | 6 | 8 | (18-(6+4))=x | 18 6 4 + - x = | 18:problem 6:problem 4:problem +:problem -:problem x:problem =:problem
EXPR: 0 | POS | INT | 10 | 6 | 28 | x=((18+6)+4) | x 18 6 + 4 + = | x:problem 18:problem 6:problem +:problem 4:problem +:problem =:problem
EXPR: 0 | POS | INT | 12 | 6 | 180 | 18=(x/(6+4)) | 18 x 6 4 + / = | 18:LENGTH x:LENGTH 6:problem 4:problem +:problem /:LENGTH =:LENGTH
EXPR: 0 | POS | INT | 12 | 6 | 96 | (x/(18+6))=4 | x 18 6 + / 4 = | x:LENGTH 18:problem 6:problem +:problem /:LENGTH 4:LENGTH =:LENGTH
EXPR: 0 | POS | INT | 12 | 6 | 7 | 18=(6*(x-4)) | 18 6 x 4 - * = | 18:problem 6:problem x:LENGTH 4:LENGTH -:LENGTH *:problem =:problem
EXPR: 0 | POS | INT | 12 | 6 | 28 | (x-(18+6))=4 | x 18 6 + - 4 = | x:problem 18:problem 6:problem +:problem -:problem 4:problem =:problem
EXPR: 0 | POS | INT | 12 | 6 | 16 | 18=((x+6)-4) | 18 x 6 + 4 - = | 18:problem x:problem 6:problem +:problem 4:problem -:problem =:problem
EXPR: 0 | POS | INT | 12 | 6 | 8 | 18=((6+4)+x) | 18 6 4 + x + = | 18:problem 6:problem 4:problem +:problem x:problem +:problem =:problem
EXPR: 0 | POS | INT | 12 | 6 | 16 | 18=((6-4)+x) | 18 6 4 - x + = | 18:problem 6:problem 4:problem -:problem x:problem +:problem =:problem
EXPR: 0 | POS | INT | 12 | 6 | 132 | x=(6*(18+4)) | x 6 18 4 + * = | x:LENGTH 6:LENGTH 18:problem 4:problem +:problem *:LENGTH =:LENGTH
EXPR: 0 | POS | INT | 12 | 6 | 20 | ((18-x)+6)=4 | 18 x - 6 + 4 = | 18:problem x:problem -:problem 6:problem +:problem 4:problem =:problem
EXPR: 0 | POS | INT | 12 | 6 | 36 | 18=(x/(6-4)) | 18 x 6 4 - / = | 18:LENGTH x:LENGTH 6:problem 4:problem -:problem /:LENGTH =:LENGTH
EXPR: 1 | POS | INT | 12 | 6 | 6 | (18+6)=(4*x) | 18 6 + 4 x * = | 18:problem 6:problem +:problem 4:problem x:LENGTH *:problem =:problem
EXPR: 0 | POS | INT | 12 | 6 | 48 | (x/(18-6))=4 | x 18 6 - / 4 = | x:LENGTH 18:problem 6:problem -:problem /:LENGTH 4:LENGTH =:LENGTH
EXPR: 1 | POS | INT | 12 | 6 | 6 | (18+6)=(x*4) | 18 6 + x 4 * = | 18:problem 6:problem +:problem x:LENGTH 4:problem *:problem =:problem
EXPR: 0 | POS | INT | 12 | 6 | 16 | ((18+4)-6)=x | 18 4 + 6 - x = | 18:problem 4:problem +:problem 6:problem -:problem x:problem =:problem
EXPR: 0 | POS | INT | 12 | 6 | 8 | ((18-4)-6)=x | 18 4 - 6 - x = | 18:problem 4:problem -:problem 6:problem -:problem x:problem =:problem
EXPR: 0 | POS | INT | 12 | 6 | 132 | x=((18+4)*6) | x 18 4 + 6 * = | x:LENGTH 18:problem 4:problem +:problem 6:LENGTH *:LENGTH =:LENGTH
EXPR: 0 | POS | INT | 12 | 6 | 20 | (18-(4-6))=x | 18 4 6 - - x = | 18:problem 4:problem 6:problem -:problem -:problem x:problem =:problem
EXPR: 0 | POS | INT | 12 | 6 | 8 | 18=((x+6)+4) | 18 x 6 + 4 + = | 18:problem x:problem 6:problem +:problem 4:problem +:problem =:problem
EXPR: 0 | POS | INT | 12 | 6 | 28 | ((x-18)-6)=4 | x 18 - 6 - 4 = | x:problem 18:problem -:problem 6:problem -:problem 4:problem =:problem
EXPR: 0 | POS | INT | 12 | 6 | 84 | x=(6*(18-4)) | x 6 18 4 - * = | x:LENGTH 6:LENGTH 18:problem 4:problem -:problem *:LENGTH =:LENGTH
EXPR: 0 | POS | INT | 12 | 6 | 16 | x=(18+(4-6)) | x 18 4 6 - + = | x:problem 18:problem 4:problem 6:problem -:problem +:problem =:problem
EXPR: 0 | POS | INT | 12 | 6 | 20 | ((18-4)+6)=x | 18 4 - 6 + x = | 18:problem 4:problem -:problem 6:problem +:problem x:problem =:problem
EXPR: 0 | POS | INT | 12 | 6 | 16 | (18+(4-6))=x | 18 4 6 - + x = | 18:problem 4:problem 6:problem -:problem +:problem x:problem =:problem
EXPR: 0 | POS | INT | 12 | 6 | 84 | ((18-4)*6)=x | 18 4 - 6 * x = | 18:problem 4:problem -:problem 6:LENGTH *:LENGTH x:LENGTH =:LENGTH
EXPR: 0 | POS | INT | 12 | 6 | 20 | (18-(x-6))=4 | 18 x 6 - - 4 = | 18:problem x:problem 6:problem -:problem -:problem 4:problem =:problem
EXPR: 0 | POS | INT | 12 | 6 | 84 | x=((18-4)*6) | x 18 4 - 6 * = | x:LENGTH 18:problem 4:problem -:problem 6:LENGTH *:LENGTH =:LENGTH
EXPR: 0 | POS | INT | 12 | 6 | 1 | 18=(6*(4-x)) | 18 6 4 x - * = | 18:problem 6:problem 4:LENGTH x:LENGTH -:LENGTH *:problem =:problem
EXPR: 0 | POS | INT | 12 | 6 | 20 | ((18+6)-x)=4 | 18 6 + x - 4 = | 18:problem 6:problem +:problem x:problem -:problem 4:problem =:problem
EXPR: 0 | POS | INT | 12 | 6 | 8 | ((18-6)-x)=4 | 18 6 - x - 4 = | 18:problem 6:problem -:problem x:problem -:problem 4:problem =:problem
EXPR: 0 | POS | INT | 12 | 6 | 20 | x=(6+(18-4)) | x 6 18 4 - + = | x:problem 6:problem 18:problem 4:problem -:problem +:problem =:problem
EXPR: 0 | POS | INT | 12 | 6 | 16 | ((x-18)+6)=4 | x 18 - 6 + 4 = | x:problem 18:problem -:problem 6:problem +:problem 4:problem =:problem
EXPR: 0 | POS | INT | 12 | 6 | 28 | 18=(x-(6+4)) | 18 x 6 4 + - = | 18:problem x:problem 6:problem 4:problem +:problem -:problem =:problem
EXPR: 0 | POS | INT | 12 | 6 | 28 | x=(6+(18+4)) | x 6 18 4 + + = | x:problem 6:problem 18:problem 4:problem +:problem +:problem =:problem
EXPR: 0 | POS | INT | 12 | 6 | 28 | ((18+4)+6)=x | 18 4 + 6 + x = | 18:problem 4:problem +:problem 6:problem +:problem x:problem =:problem
EXPR: 0 | POS | INT | 12 | 6 | 28 | (6+(18+4))=x | 6 18 4 + + x = | 6:problem 18:problem 4:problem +:problem +:problem x:problem =:problem
EXPR: 0 | POS | INT | 12 | 6 | 3 | (18-6)=(x*4) | 18 6 - x 4 * = | 18:problem 6:problem -:problem x:LENGTH 4:problem *:problem =:problem
EXPR: 0 | POS | INT | 12 | 6 | 132 | (6*(18+4))=x | 6 18 4 + * x = | 6:LENGTH 18:problem 4:problem +:problem *:LENGTH x:LENGTH =:LENGTH
EXPR: 0 | POS | INT | 12 | 6 | 16 | (x-(18-6))=4 | x 18 6 - - 4 = | x:problem 18:problem 6:problem -:problem -:problem 4:problem =:problem
EXPR: 0 | POS | INT | 12 | 6 | 3 | (18-6)=(4*x) | 18 6 - 4 x * = | 18:problem 6:problem -:problem 4:problem x:LENGTH *:problem =:problem
EXPR: 0 | POS | INT | 12 | 6 | 16 | 18=(x+(6-4)) | 18 x 6 4 - + = | 18:problem x:problem 6:problem 4:problem -:problem +:problem =:problem
EXPR: 0 | POS | INT | 12 | 6 | 20 | (6+(18-4))=x | 6 18 4 - + x = | 6:problem 18:problem 4:problem -:problem +:problem x:problem =:problem
EXPR: 0 | POS | INT | 12 | 6 | 8 | 18=((6+x)+4) | 18 6 x + 4 + = | 18:problem 6:problem x:problem +:problem 4:problem +:problem =:problem
EXPR: 0 | POS | INT | 12 | 6 | 8 | (18-(x+6))=4 | 18 x 6 + - 4 = | 18:problem x:problem 6:problem +:problem -:problem 4:problem =:problem
EXPR: 0 | POS | INT | 12 | 6 | 16 | 18=(6+(x-4)) | 18 6 x 4 - + = | 18:problem 6:problem x:problem 4:problem -:problem +:problem =:problem
EXPR: 0 | POS | INT | 12 | 6 | 8 | 18=(6+(x+4)) | 18 6 x 4 + + = | 18:problem 6:problem x:problem 4:problem +:problem +:problem =:problem
EXPR: 0 | POS | INT | 12 | 6 | 16 | 18=(6-(4-x)) | 18 6 4 x - - = | 18:problem 6:problem 4:problem x:problem -:problem -:problem =:problem
EXPR: 0 | POS | INT | 12 | 6 | 9 | (18/x)=(6-4) | 18 x / 6 4 - = | 18:problem x:LENGTH /:problem 6:problem 4:problem -:problem =:problem
EXPR: 0 | POS | INT | 12 | 6 | 8 | 18=(x+(6+4)) | 18 x 6 4 + + = | 18:problem x:problem 6:problem 4:problem +:problem +:problem =:problem
EXPR: 0 | POS | INT | 12 | 6 | 20 | x=((18-4)+6) | x 18 4 - 6 + = | x:problem 18:problem 4:problem -:problem 6:problem +:problem =:problem
EXPR: 0 | POS | INT | 12 | 6 | 20 | x=(18-(4-6)) | x 18 4 6 - - = | x:problem 18:problem 4:problem 6:problem -:problem -:problem =:problem
EXPR: 0 | POS | INT | 12 | 6 | 16 | 18=((6+x)-4) | 18 6 x + 4 - = | 18:problem 6:problem x:problem +:problem 4:problem -:problem =:problem
EXPR: 0 | POS | INT | 12 | 6 | 16 | x=((18+4)-6) | x 18 4 + 6 - = | x:problem 18:problem 4:problem +:problem 6:problem -:problem =:problem
EXPR: 0 | POS | INT | 12 | 6 | 8 | x=((18-4)-6) | x 18 4 - 6 - = | x:problem 18:problem 4:problem -:problem 6:problem -:problem =:problem
EXPR: 0 | POS | INT | 12 | 6 | 28 | x=((18+4)+6) | x 18 4 + 6 + = | x:problem 18:problem 4:problem +:problem 6:problem +:problem =:problem
EXPR: 0 | POS | INT | 12 | 6 | 8 | 18=(6+(4+x)) | 18 6 4 x + + = | 18:problem 6:problem 4:problem x:problem +:problem +:problem =:problem
EXPR: 0 | POS | INT | 12 | 6 | 8 | ((18-x)-6)=4 | 18 x - 6 - 4 = | 18:problem x:problem -:problem 6:problem -:problem 4:problem =:problem
EXPR: 0 | POS | INT | 12 | 6 | 20 | 18=((x-6)+4) | 18 x 6 - 4 + = | 18:problem x:problem 6:problem -:problem 4:problem +:problem =:problem
EXPR: 0 | POS | INT | 12 | 6 | 28 | 18=((x-6)-4) | 18 x 6 - 4 - = | 18:problem x:problem 6:problem -:problem 4:problem -:problem =:problem
EXPR: 0 | POS | INT | 12 | 6 | 84 | (6*(18-4))=x | 6 18 4 - * x = | 6:LENGTH 18:problem 4:problem -:problem *:LENGTH x:LENGTH =:LENGTH
EXPR: 0 | POS | INT | 12 | 6 | 20 | 18=(x-(6-4)) | 18 x 6 4 - - = | 18:problem x:problem 6:problem 4:problem -:problem -:problem =:problem
EXPR: 0 | POS | INT | 12 | 6 | 8 | (18-(6+x))=4 | 18 6 x + - 4 = | 18:problem 6:problem x:problem +:problem -:problem 4:problem =:problem
EXPR: 0 | POS | INT | 12 | 6 | 20 | (18+(6-x))=4 | 18 6 x - + 4 = | 18:problem 6:problem x:problem -:problem +:problem 4:problem =:problem
EXPR: 0 | POS | INT | 12 | 6 | 132 | ((18+4)*6)=x | 18 4 + 6 * x = | 18:problem 4:problem +:problem 6:LENGTH *:LENGTH x:LENGTH =:LENGTH
EXPR: 0 | POS | INT | 14 | 6 | 20 | 18=((x+4)-6) | 18 x 4 + 6 - = | 18:problem x:problem 4:problem +:problem 6:problem -:problem =:problem
EXPR: 0 | POS | INT | 14 | 6 | 7 | 6=(18/(x-4)) | 6 18 x 4 - / = | 6:problem 18:problem x:LENGTH 4:LENGTH -:LENGTH /:problem =:problem
EXPR: 0 | POS | INT | 14 | 6 | 20 | 6=(x-(18-4)) | 6 x 18 4 - - = | 6:problem x:problem 18:problem 4:problem -:problem -:problem =:problem
EXPR: 0 | POS | INT | 14 | 6 | 28 | 6=(x-(18+4)) | 6 x 18 4 + - = | 6:problem x:problem 18:problem 4:problem +:problem -:problem =:problem
EXPR: 0 | POS | INT | 14 | 6 | 132 | 6=(x/(18+4)) | 6 x 18 4 + / = | 6:LENGTH x:LENGTH 18:problem 4:problem +:problem /:LENGTH =:LENGTH
EXPR: 0 | POS | INT | 14 | 6 | 28 | (x-(18+4))=6 | x 18 4 + - 6 = | x:problem 18:problem 4:problem +:problem -:problem 6:problem =:problem
EXPR: 0 | POS | INT | 14 | 6 | 20 | 18=((4-6)+x) | 18 4 6 - x + = | 18:problem 4:problem 6:problem -:problem x:problem +:problem =:problem
EXPR: 0 | POS | INT | 14 | 6 | 20 | 18=((4+x)-6) | 18 4 x + 6 - = | 18:problem 4:problem x:problem +:problem 6:problem -:problem =:problem
EXPR: 0 | POS | INT | 14 | 6 | 20 | ((6-x)+18)=4 | 6 x - 18 + 4 = | 6:problem x:problem -:problem 18:problem +:problem 4:problem =:problem
EXPR: 0 | POS | INT | 14 | 6 | 20 | 18=(4+(x-6)) | 18 4 x 6 - + = | 18:problem 4:problem x:problem 6:problem -:problem +:problem =:problem
EXPR: 0 | POS | INT | 14 | 6 | 8 | 18=(4+(x+6)) | 18 4 x 6 + + = | 18:problem 4:problem x:problem 6:problem +:problem +:problem =:problem
EXPR: 0 | POS | INT | 14 | 6 | 1 | 18=((4-x)*6) | 18 4 x - 6 * = | 18:problem 4:LENGTH x:LENGTH -:LENGTH 6:problem *:problem =:problem
EXPR: 0 | POS | INT | 14 | 6 | 8 | 18=((x+4)+6) | 18 x 4 + 6 + = | 18:problem x:problem 4:problem +:problem 6:problem +:problem =:problem
EXPR: 0 | POS | INT | 14 | 6 | 7 | (18/(x-4))=6 | 18 x 4 - / 6 = | 18:problem x:LENGTH 4:LENGTH -:LENGTH /:problem 6:problem =:problem
EXPR: 0 | POS | INT | 14 | 6 | 28 | ((x-18)-4)=6 | x 18 - 4 - 6 = | x:problem 18:problem -:problem 4:problem -:problem 6:problem =:problem
EXPR: 0 | POS | INT | 14 | 6 | 16 | (18-(x-4))=6 | 18 x 4 - - 6 = | 18:problem x:problem 4:problem -:problem -:problem 6:problem =:problem
EXPR: 0 | POS | INT | 14 | 6 | 16 | ((18-x)+4)=6 | 18 x - 4 + 6 = | 18:problem x:problem -:problem 4:problem +:problem 6:problem =:problem
EXPR: 0 | POS | INT | 14 | 6 | 20 | 6=((x-18)+4) | 6 x 18 - 4 + = | 6:problem x:problem 18:problem -:problem 4:problem +:problem =:problem
EXPR: 0 | POS | INT | 14 | 6 | 7 | 18=((x-4)*6) | 18 x 4 - 6 * = | 18:problem x:LENGTH 4:LENGTH -:LENGTH 6:problem *:problem =:problem
EXPR: 0 | POS | INT | 14 | 6 | 1 | 6=(18/(4-x)) | 6 18 4 x - / = | 6:problem 18:problem 4:LENGTH x:LENGTH -:LENGTH /:problem =:problem
EXPR: 0 | POS | INT | 14 | 6 | 16 | (18+(4-x))=6 | 18 4 x - + 6 = | 18:problem 4:problem x:problem -:problem +:problem 6:problem =:problem
EXPR: 0 | POS | INT | 14 | 6 | 20 | (6-(x-18))=4 | 6 x 18 - - 4 = | 6:problem x:problem 18:problem -:problem -:problem 4:problem =:problem
EXPR: 0 | POS | INT | 14 | 6 | 132 | (x/(18+4))=6 | x 18 4 + / 6 = | x:LENGTH 18:problem 4:problem +:problem /:LENGTH 6:LENGTH =:LENGTH
EXPR: 0 | POS | INT | 14 | 6 | 28 | ((x-6)-18)=4 | x 6 - 18 - 4 = | x:problem 6:problem -:problem 18:problem -:problem 4:problem =:problem
EXPR: 0 | POS | INT | 14 | 6 | 84 | 6=(x/(18-4)) | 6 x 18 4 - / = | 6:LENGTH x:LENGTH 18:problem 4:problem -:problem /:LENGTH =:LENGTH
EXPR: 0 | POS | INT | 14 | 6 | 84 | (x/(18-4))=6 | x 18 4 - / 6 = | x:LENGTH 18:problem 4:problem -:problem /:LENGTH 6:LENGTH =:LENGTH
EXPR: 0 | POS | INT | 14 | 6 | 8 | 18=((4+x)+6) | 18 4 x + 6 + = | 18:problem 4:problem x:problem +:problem 6:problem +:problem =:problem
EXPR: 0 | POS | INT | 14 | 6 | 20 | 18=(4-(6-x)) | 18 4 6 x - - = | 18:problem 4:problem 6:problem x:problem -:problem -:problem =:problem
EXPR: 0 | POS | INT | 14 | 6 | 8 | 6=(18-(x+4)) | 6 18 x 4 + - = | 6:problem 18:problem x:problem 4:problem +:problem -:problem =:problem
EXPR: 0 | POS | INT | 14 | 6 | 20 | ((x-18)+4)=6 | x 18 - 4 + 6 = | x:problem 18:problem -:problem 4:problem +:problem 6:problem =:problem
EXPR: 0 | POS | INT | 14 | 6 | 28 | 6=((x-18)-4) | 6 x 18 - 4 - = | 6:problem x:problem 18:problem -:problem 4:problem -:problem =:problem
EXPR: 0 | POS | INT | 14 | 6 | 20 | (x-(18-4))=6 | x 18 4 - - 6 = | x:problem 18:problem 4:problem -:problem -:problem 6:problem =:problem
EXPR: 0 | POS | INT | 14 | 6 | 8 | (18-(4+x))=6 | 18 4 x + - 6 = | 18:problem 4:problem x:problem +:problem -:problem 6:problem =:problem
EXPR: 0 | POS | INT | 14 | 6 | 8 | 18=(4+(6+x)) | 18 4 6 x + + = | 18:problem 4:problem 6:problem x:problem +:problem +:problem =:problem
EXPR: 0 | POS | INT | 14 | 6 | 16 | 6=(18-(x-4)) | 6 18 x 4 - - = | 6:problem 18:problem x:problem 4:problem -:problem -:problem =:problem
EXPR: 0 | POS | INT | 14 | 6 | 16 | (6+(x-18))=4 | 6 x 18 - + 4 = | 6:problem x:problem 18:problem -:problem +:problem 4:problem =:problem
EXPR: 0 | POS | INT | 14 | 6 | 20 | 18=(x+(4-6)) | 18 x 4 6 - + = | 18:problem x:problem 4:problem 6:problem -:problem +:problem =:problem
EXPR: 0 | POS | INT | 14 | 6 | 16 | 18=(x-(4-6)) | 18 x 4 6 - - = | 18:problem x:problem 4:problem 6:problem -:problem -:problem =:problem
EXPR: 0 | POS | INT | 14 | 6 | 16 | 6=(18+(4-x)) | 6 18 4 x - + = | 6:problem 18:problem 4:problem x:problem -:problem +:problem =:problem
EXPR: 0 | POS | INT | 14 | 6 | 1 | (18/(4-x))=6 | 18 4 x - / 6 = | 18:problem 4:LENGTH x:LENGTH -:LENGTH /:problem 6:problem =:problem
EXPR: 0 | POS | INT | 14 | 6 | 16 | ((6+x)-18)=4 | 6 x + 18 - 4 = | 6:problem x:problem +:problem 18:problem -:problem 4:problem =:problem
EXPR: 0 | POS | INT | 14 | 6 | 16 | (x+(6-18))=4 | x 6 18 - + 4 = | x:problem 6:problem 18:problem -:problem +:problem 4:problem =:problem
EXPR: 0 | POS | INT | 14 | 6 | 8 | 6=(18-(4+x)) | 6 18 4 x + - = | 6:problem 18:problem 4:problem x:problem +:problem -:problem =:problem
EXPR: 0 | POS | INT | 14 | 6 | 16 | 6=((18+4)-x) | 6 18 4 + x - = | 6:problem 18:problem 4:problem +:problem x:problem -:problem =:problem
EXPR: 0 | POS | INT | 14 | 6 | 16 | ((6-18)+x)=4 | 6 18 - x + 4 = | 6:problem 18:problem -:problem x:problem +:problem 4:problem =:problem
EXPR: 0 | POS | INT | 14 | 6 | 8 | 6=((18-4)-x) | 6 18 4 - x - = | 6:problem 18:problem 4:problem -:problem x:problem -:problem =:problem
EXPR: 0 | POS | INT | 14 | 6 | 8 | ((18-x)-4)=6 | 18 x - 4 - 6 = | 18:problem x:problem -:problem 4:problem -:problem 6:problem =:problem
EXPR: 0 | POS | INT | 14 | 6 | 16 | ((x+6)-18)=4 | x 6 + 18 - 4 = | x:problem 6:problem +:problem 18:problem -:problem 4:problem =:problem
EXPR: 0 | POS | INT | 14 | 6 | 16 | 18=((x-4)+6) | 18 x 4 - 6 + = | 18:problem x:problem 4:problem -:problem 6:problem +:problem =:problem
EXPR: 0 | POS | INT | 14 | 6 | 8 | (18-(x+4))=6 | 18 x 4 + - 6 = | 18:problem x:problem 4:problem +:problem -:problem 6:problem =:problem
EXPR: 0 | POS | INT | 14 | 6 | 16 | (6-(18-x))=4 | 6 18 x - - 4 = | 6:problem 18:problem x:problem -:problem -:problem 4:problem =:problem
EXPR: 0 | POS | INT | 14 | 6 | 20 | (6+(18-x))=4 | 6 18 x - + 4 = | 6:problem 18:problem x:problem -:problem +:problem 4:problem =:problem
EXPR: 0 | POS | INT | 14 | 6 | 28 | 18=((x-4)-6) | 18 x 4 - 6 - = | 18:problem x:problem 4:problem -:problem 6:problem -:problem =:problem
EXPR: 0 | POS | INT | 14 | 6 | 16 | 6=((18-x)+4) | 6 18 x - 4 + = | 6:problem 18:problem x:problem -:problem 4:problem +:problem =:problem
EXPR: 0 | POS | INT | 14 | 6 | 8 | 6=((18-x)-4) | 6 18 x - 4 - = | 6:problem 18:problem x:problem -:problem 4:problem -:problem =:problem
EXPR: 0 | POS | INT | 14 | 6 | 16 | ((18+4)-x)=6 | 18 4 + x - 6 = | 18:problem 4:problem +:problem x:problem -:problem 6:problem =:problem
EXPR: 0 | POS | INT | 14 | 6 | 8 | ((18-4)-x)=6 | 18 4 - x - 6 = | 18:problem 4:problem -:problem x:problem -:problem 6:problem =:problem
EXPR: 0 | POS | INT | 15 | 6 | 96 | x=(4*(18+6)) | x 4 18 6 + * = | x:LENGTH 4:LENGTH 18:problem 6:problem +:problem *:LENGTH =:LENGTH
EXPR: 0 | POS | INT | 15 | 6 | 180 | x=((6+4)*18) | x 6 4 + 18 * = | x:LENGTH 6:problem 4:problem +:problem 18:LENGTH *:LENGTH =:LENGTH
EXPR: 0 | POS | INT | 15 | 6 | 36 | x=((6-4)*18) | x 6 4 - 18 * = | x:LENGTH 6:problem 4:problem -:problem 18:LENGTH *:LENGTH =:LENGTH
EXPR: 0 | POS | INT | 15 | 6 | 28 | x=((6+4)+18) | x 6 4 + 18 + = | x:problem 6:problem 4:problem +:problem 18:problem +:problem =:problem
EXPR: 0 | POS | INT | 15 | 6 | 48 | x=(4*(18-6)) | x 4 18 6 - * = | x:LENGTH 4:LENGTH 18:problem 6:problem -:problem *:LENGTH =:LENGTH
EXPR: 0 | POS | INT | 15 | 6 | 180 | ((6+4)*18)=x | 6 4 + 18 * x = | 6:problem 4:problem +:problem 18:LENGTH *:LENGTH x:LENGTH =:LENGTH
EXPR: 0 | POS | INT | 15 | 6 | 16 | x=(4+(18-6)) | x 4 18 6 - + = | x:problem 4:problem 18:problem 6:problem -:problem +:problem =:problem
EXPR: 0 | POS | INT | 15 | 6 | 28 | x=(4+(18+6)) | x 4 18 6 + + = | x:problem 4:problem 18:problem 6:problem +:problem +:problem =:problem
EXPR: 0 | POS | INT | 15 | 6 | 36 | ((6-4)*18)=x | 6 4 - 18 * x = | 6:problem 4:problem -:problem 18:LENGTH *:LENGTH x:LENGTH =:LENGTH
EXPR: 0 | POS | INT | 15 | 6 | 28 | (4+(18+6))=x | 4 18 6 + + x = | 4:problem 18:problem 6:problem +:problem +:problem x:problem =:problem
EXPR: 0 | POS | INT | 15 | 6 | 16 | (4+(18-6))=x | 4 18 6 - + x = | 4:problem 18:problem 6:problem -:problem +:problem x:problem =:problem
EXPR: 0 | POS | INT | 15 | 6 | 20 | ((6-4)+18)=x | 6 4 - 18 + x = | 6:problem 4:problem -:problem 18:problem +:problem x:problem =:problem
EXPR: 0 | POS | INT | 15 | 6 | 96 | (4*(18+6))=x | 4 18 6 + * x = | 4:LENGTH 18:problem 6:problem +:problem *:LENGTH x:LENGTH =:LENGTH
EXPR: 0 | POS | INT | 15 | 6 | 20 | (6-(4-18))=x | 6 4 18 - - x = | 6:problem 4:problem 18:problem -:problem -:problem x:problem =:problem
EXPR: 0 | POS | INT | 15 | 6 | 28 | ((6+4)+18)=x | 6 4 + 18 + x = | 6:problem 4:problem +:problem 18:problem +:problem x:problem =:problem
EXPR: 0 | POS | INT | 15 | 6 | 20 | x=(6-(4-18)) | x 6 4 18 - - = | x:problem 6:problem 4:problem 18:problem -:problem -:problem =:problem
EXPR: 0 | POS | INT | 15 | 6 | 20 | x=((6-4)+18) | x 6 4 - 18 + = | x:problem 6:problem 4:problem -:problem 18:problem +:problem =:problem
EXPR: 0 | POS | INT | 15 | 6 | 48 | (4*(18-6))=x | 4 18 6 - * x = | 4:LENGTH 18:problem 6:problem -:problem *:LENGTH x:LENGTH =:LENGTH
EXPR: 0 | POS | INT | 17 | 6 | 20 | 6=((x+4)-18) | 6 x 4 + 18 - = | 6:problem x:problem 4:problem +:problem 18:problem -:problem =:problem
EXPR: 0 | POS | INT | 17 | 6 | 16 | 4=(x-(18-6)) | 4 x 18 6 - - = | 4:problem x:problem 18:problem 6:problem -:problem -:problem =:problem
EXPR: 0 | POS | INT | 17 | 6 | 28 | 4=(x-(18+6)) | 4 x 18 6 + - = | 4:problem x:problem 18:problem 6:problem +:problem -:problem =:problem
EXPR: 0 | POS | INT | 17 | 6 | 1 | (6*(4-x))=18 | 6 4 x - * 18 = | 6:problem 4:LENGTH x:LENGTH -:LENGTH *:problem 18:problem =:problem
EXPR: 0 | POS | INT | 17 | 6 | 16 | (4-(x-18))=6 | 4 x 18 - - 6 = | 4:problem x:problem 18:problem -:problem -:problem 6:problem =:problem
EXPR: 0 | POS | INT | 17 | 6 | 20 | (4+(x-18))=6 | 4 x 18 - + 6 = | 4:problem x:problem 18:problem -:problem +:problem 6:problem =:problem
EXPR: 0 | POS | INT | 17 | 6 | 180 | (x/(6+4))=18 | x 6 4 + / 18 = | x:LENGTH 6:problem 4:problem +:problem /:LENGTH 18:LENGTH =:LENGTH
EXPR: 0 | POS | INT | 17 | 6 | 20 | 6=((4+x)-18) | 6 4 x + 18 - = | 6:problem 4:problem x:problem +:problem 18:problem -:problem =:problem
EXPR: 0 | POS | INT | 17 | 6 | 16 | 6=((4-x)+18) | 6 4 x - 18 + = | 6:problem 4:problem x:problem -:problem 18:problem +:problem =:problem
EXPR: 0 | POS | INT | 17 | 6 | 20 | 6=(x+(4-18)) | 6 x 4 18 - + = | 6:problem x:problem 4:problem 18:problem -:problem +:problem =:problem
EXPR: 0 | POS | INT | 17 | 6 | 20 | ((x+4)-18)=6 | x 4 + 18 - 6 = | x:problem 4:problem +:problem 18:problem -:problem 6:problem =:problem
EXPR: 0 | POS | INT | 17 | 6 | 28 | ((x-4)-18)=6 | x 4 - 18 - 6 = | x:problem 4:problem -:problem 18:problem -:problem 6:problem =:problem
EXPR: 0 | POS | INT | 17 | 6 | 96 | 4=(x/(18+6)) | 4 x 18 6 + / = | 4:LENGTH x:LENGTH 18:problem 6:problem +:problem /:LENGTH =:LENGTH
EXPR: 0 | POS | INT | 17 | 6 | 3 | (x*4)=(18-6) | x 4 * 18 6 - = | x:LENGTH 4:problem *:problem 18:problem 6:problem -:problem =:problem
EXPR: 0 | POS | INT | 17 | 6 | 7 | (6*(x-4))=18 | 6 x 4 - * 18 = | 6:problem x:LENGTH 4:LENGTH -:LENGTH *:problem 18:problem =:problem
EXPR: 0 | POS | INT | 17 | 6 | 16 | ((x+6)-4)=18 | x 6 + 4 - 18 = | x:problem 6:problem +:problem 4:problem -:problem 18:problem =:problem
EXPR: 0 | POS | INT | 17 | 6 | 16 | ((6+x)-4)=18 | 6 x + 4 - 18 = | 6:problem x:problem +:problem 4:problem -:problem 18:problem =:problem
EXPR: 0 | POS | INT | 17 | 6 | 8 | ((6+x)+4)=18 | 6 x + 4 + 18 = | 6:problem x:problem +:problem 4:problem +:problem 18:problem =:problem
EXPR: 0 | POS | INT | 17 | 6 | 20 | (x-(6-4))=18 | x 6 4 - - 18 = | x:problem 6:problem 4:problem -:problem -:problem 18:problem =:problem
EXPR: 0 | POS | INT | 17 | 6 | 16 | (x+(6-4))=18 | x 6 4 - + 18 = | x:problem 6:problem 4:problem -:problem +:problem 18:problem =:problem
EXPR: 0 | POS | INT | 17 | 6 | 20 | 6=((4-18)+x) | 6 4 18 - x + = | 6:problem 4:problem 18:problem -:problem x:problem +:problem =:problem
EXPR: 0 | POS | INT | 17 | 6 | 48 | 4=(x/(18-6)) | 4 x 18 6 - / = | 4:LENGTH x:LENGTH 18:problem 6:problem -:problem /:LENGTH =:LENGTH
EXPR: 0 | POS | INT | 17 | 6 | 20 | ((4+x)-18)=6 | 4 x + 18 - 6 = | 4:problem x:problem +:problem 18:problem -:problem 6:problem =:problem
EXPR: 1 | POS | INT | 17 | 6 | 6 | (x*4)=(18+6) | x 4 * 18 6 + = | x:LENGTH 4:problem *:problem 18:problem 6:problem +:problem =:problem
EXPR: 0 | POS | INT | 17 | 6 | 20 | 6=(4+(x-18)) | 6 4 x 18 - + = | 6:problem 4:problem x:problem 18:problem -:problem +:problem =:problem
EXPR: 0 | POS | INT | 17 | 6 | 16 | (6-(4-x))=18 | 6 4 x - - 18 = | 6:problem 4:problem x:problem -:problem -:problem 18:problem =:problem
EXPR: 0 | POS | INT | 17 | 6 | 16 | 4=((x-18)+6) | 4 x 18 - 6 + = | 4:problem x:problem 18:problem -:problem 6:problem +:problem =:problem
EXPR: 0 | POS | INT | 17 | 6 | 16 | (6+(x-4))=18 | 6 x 4 - + 18 = | 6:problem x:problem 4:problem -:problem +:problem 18:problem =:problem
EXPR: 0 | POS | INT | 17 | 6 | 16 | x=(4-(6-18)) | x 4 6 18 - - = | x:problem 4:problem 6:problem 18:problem -:problem -:problem =:problem
EXPR: 0 | POS | INT | 17 | 6 | 20 | (x+(4-18))=6 | x 4 18 - + 6 = | x:problem 4:problem 18:problem -:problem +:problem 6:problem =:problem
EXPR: 0 | POS | INT | 17 | 6 | 8 | (x+(6+4))=18 | x 6 4 + + 18 = | x:problem 6:problem 4:problem +:problem +:problem 18:problem =:problem
EXPR: 0 | POS | INT | 17 | 6 | 16 | 6=(4-(x-18)) | 6 4 x 18 - - = | 6:problem 4:problem x:problem 18:problem -:problem -:problem =:problem
EXPR: 0 | POS | INT | 17 | 6 | 20 | ((x-6)+4)=18 | x 6 - 4 + 18 = | x:problem 6:problem -:problem 4:problem +:problem 18:problem =:problem
EXPR: 0 | POS | INT | 17 | 6 | 8 | (6+(x+4))=18 | 6 x 4 + + 18 = | 6:problem x:problem 4:problem +:problem +:problem 18:problem =:problem
EXPR: 0 | POS | INT | 17 | 6 | 16 | ((4-x)+18)=6 | 4 x - 18 + 6 = | 4:problem x:problem -:problem 18:problem +:problem 6:problem =:problem
EXPR: 0 | POS | INT | 17 | 6 | 8 | (6+(4+x))=18 | 6 4 x + + 18 = | 6:problem 4:problem x:problem +:problem +:problem 18:problem =:problem
EXPR: 0 | POS | INT | 17 | 6 | 28 | (x-(6+4))=18 | x 6 4 + - 18 = | x:problem 6:problem 4:problem +:problem -:problem 18:problem =:problem
EXPR: 0 | POS | INT | 17 | 6 | 16 | ((4-6)+18)=x | 4 6 - 18 + x = | 4:problem 6:problem -:problem 18:problem +:problem x:problem =:problem
EXPR: 0 | POS | INT | 17 | 6 | 16 | ((6-4)+x)=18 | 6 4 - x + 18 = | 6:problem 4:problem -:problem x:problem +:problem 18:problem =:problem
EXPR: 0 | POS | INT | 17 | 6 | 8 | 4=(18-(x+6)) | 4 18 x 6 + - = | 4:problem 18:problem x:problem 6:problem +:problem -:problem =:problem
EXPR: 0 | POS | INT | 17 | 6 | 20 | 4=(18-(x-6)) | 4 18 x 6 - - = | 4:problem 18:problem x:problem 6:problem -:problem -:problem =:problem
EXPR: 0 | POS | INT | 17 | 6 | 28 | 4=((x-18)-6) | 4 x 18 - 6 - = | 4:problem x:problem 18:problem -:problem 6:problem -:problem =:problem
EXPR: 0 | POS | INT | 17 | 6 | 20 | 4=((18+6)-x) | 4 18 6 + x - = | 4:problem 18:problem 6:problem +:problem x:problem -:problem =:problem
EXPR: 0 | POS | INT | 17 | 6 | 8 | ((x+6)+4)=18 | x 6 + 4 + 18 = | x:problem 6:problem +:problem 4:problem +:problem 18:problem =:problem
EXPR: 0 | POS | INT | 17 | 6 | 28 | ((x-6)-4)=18 | x 6 - 4 - 18 = | x:problem 6:problem -:problem 4:problem -:problem 18:problem =:problem
EXPR: 0 | POS | INT | 17 | 6 | 8 | 4=(18-(6+x)) | 4 18 6 x + - = | 4:problem 18:problem 6:problem x:problem +:problem -:problem =:problem
EXPR: 0 | POS | INT | 17 | 6 | 20 | ((4-18)+x)=6 | 4 18 - x + 6 = | 4:problem 18:problem -:problem x:problem +:problem 6:problem =:problem
EXPR: 0 | POS | INT | 17 | 6 | 8 | 4=((18-6)-x) | 4 18 6 - x - = | 4:problem 18:problem 6:problem -:problem x:problem -:problem =:problem
EXPR: 0 | POS | INT | 17 | 6 | 20 | 4=(18+(6-x)) | 4 18 6 x - + = | 4:problem 18:problem 6:problem x:problem -:problem +:problem =:problem
EXPR: 0 | POS | INT | 17 | 6 | 28 | 6=((x-4)-18) | 6 x 4 - 18 - = | 6:problem x:problem 4:problem -:problem 18:problem -:problem =:problem
EXPR: 0 | POS | INT | 17 | 6 | 16 | (4+(18-x))=6 | 4 18 x - + 6 = | 4:problem 18:problem x:problem -:problem +:problem 6:problem =:problem
EXPR: 0 | POS | INT | 17 | 6 | 16 | (4-(6-18))=x | 4 6 18 - - x = | 4:problem 6:problem 18:problem -:problem -:problem x:problem =:problem
EXPR: 0 | POS | INT | 17 | 6 | 8 | 4=((18-x)-6) | 4 18 x - 6 - = | 4:problem 18:problem x:problem -:problem 6:problem -:problem =:problem
EXPR: 0 | POS | INT | 17 | 6 | 3 | (4*x)=(18-6) | 4 x * 18 6 - = | 4:problem x:LENGTH *:problem 18:problem 6:problem -:problem =:problem
EXPR: 1 | POS | INT | 17 | 6 | 6 | (4*x)=(18+6) | 4 x * 18 6 + = | 4:problem x:LENGTH *:problem 18:problem 6:problem +:problem =:problem
EXPR: 0 | POS | INT | 17 | 6 | 16 | x=((4-6)+18) | x 4 6 - 18 + = | x:problem 4:problem 6:problem -:problem 18:problem +:problem =:problem
EXPR: 0 | POS | INT | 17 | 6 | 36 | (x/(6-4))=18 | x 6 4 - / 18 = | x:LENGTH 6:problem 4:problem -:problem /:LENGTH 18:LENGTH =:LENGTH
EXPR: 0 | POS | INT | 17 | 6 | 20 | 6=(4-(18-x)) | 6 4 18 x - - = | 6:problem 4:problem 18:problem x:problem -:problem -:problem =:problem
EXPR: 0 | POS | INT | 17 | 6 | 20 | (4-(18-x))=6 | 4 18 x - - 6 = | 4:problem 18:problem x:problem -:problem -:problem 6:problem =:problem
EXPR: 0 | POS | INT | 17 | 6 | 20 | 4=((18-x)+6) | 4 18 x - 6 + = | 4:problem 18:problem x:problem -:problem 6:problem +:problem =:problem
EXPR: 0 | POS | INT | 17 | 6 | 9 | (6-4)=(18/x) | 6 4 - 18 x / = | 6:problem 4:problem -:problem 18:problem x:LENGTH /:problem =:problem
EXPR: 0 | POS | INT | 17 | 6 | 8 | ((6+4)+x)=18 | 6 4 + x + 18 = | 6:problem 4:problem +:problem x:problem +:problem 18:problem =:problem
EXPR: 0 | POS | INT | 17 | 6 | 16 | 6=(4+(18-x)) | 6 4 18 x - + = | 6:problem 4:problem 18:problem x:problem -:problem +:problem =:problem
EXPR: 0 | POS | INT | 19 | 6 | 16 | 4=((x+6)-18) | 4 x 6 + 18 - = | 4:problem x:problem 6:problem +:problem 18:problem -:problem =:problem
EXPR: 0 | POS | INT | 19 | 6 | 20 | ((x+4)-6)=18 | x 4 + 6 - 18 = | x:problem 4:problem +:problem 6:problem -:problem 18:problem =:problem
EXPR: 0 | POS | INT | 19 | 6 | 8 | ((x+4)+6)=18 | x 4 + 6 + 18 = | x:problem 4:problem +:problem 6:problem +:problem 18:problem =:problem
EXPR: 0 | POS | INT | 19 | 6 | 28 | ((x-4)-6)=18 | x 4 - 6 - 18 = | x:problem 4:problem -:problem 6:problem -:problem 18:problem =:problem
EXPR: 0 | POS | INT | 19 | 6 | 20 | ((4+x)-6)=18 | 4 x + 6 - 18 = | 4:problem x:problem +:problem 6:problem -:problem 18:problem =:problem
EXPR: 0 | POS | INT | 19 | 6 | 8 | ((4+x)+6)=18 | 4 x + 6 + 18 = | 4:problem x:problem +:problem 6:problem +:problem 18:problem =:problem
EXPR: 0 | POS | INT | 19 | 6 | 7 | ((x-4)*6)=18 | x 4 - 6 * 18 = | x:LENGTH 4:LENGTH -:LENGTH 6:problem *:problem 18:problem =:problem
EXPR: 0 | POS | INT | 19 | 6 | 16 | ((x-4)+6)=18 | x 4 - 6 + 18 = | x:problem 4:problem -:problem 6:problem +:problem 18:problem =:problem
EXPR: 0 | POS | INT | 19 | 6 | 20 | (4-(6-x))=18 | 4 6 x - - 18 = | 4:problem 6:problem x:problem -:problem -:problem 18:problem =:problem
EXPR: 0 | POS | INT | 19 | 6 | 16 | 4=((6+x)-18) | 4 6 x + 18 - = | 4:problem 6:problem x:problem +:problem 18:problem -:problem =:problem
EXPR: 0 | POS | INT | 19 | 6 | 20 | (4+(x-6))=18 | 4 x 6 - + 18 = | 4:problem x:problem 6:problem -:problem +:problem 18:problem =:problem
EXPR: 0 | POS | INT | 19 | 6 | 16 | (x-(4-6))=18 | x 4 6 - - 18 = | x:problem 4:problem 6:problem -:problem -:problem 18:problem =:problem
EXPR: 0 | POS | INT | 19 | 6 | 20 | (x+(4-6))=18 | x 4 6 - + 18 = | x:problem 4:problem 6:problem -:problem +:problem 18:problem =:problem
EXPR: 0 | POS | INT | 19 | 6 | 28 | 4=((x-6)-18) | 4 x 6 - 18 - = | 4:problem x:problem 6:problem -:problem 18:problem -:problem =:problem
EXPR: 0 | POS | INT | 19 | 6 | 20 | 4=(6-(x-18)) | 4 6 x 18 - - = | 4:problem 6:problem x:problem 18:problem -:problem -:problem =:problem
EXPR: 0 | POS | INT | 19 | 6 | 8 | (4+(6+x))=18 | 4 6 x + + 18 = | 4:problem 6:problem x:problem +:problem +:problem 18:problem =:problem
EXPR: 0 | POS | INT | 19 | 6 | 20 | ((4-6)+x)=18 | 4 6 - x + 18 = | 4:problem 6:problem -:problem x:problem +:problem 18:problem =:problem
EXPR: 0 | POS | INT | 19 | 6 | 8 | (4+(x+6))=18 | 4 x 6 + + 18 = | 4:problem x:problem 6:problem +:problem +:problem 18:problem =:problem
EXPR: 0 | POS | INT | 19 | 6 | 16 | 4=(6+(x-18)) | 4 6 x 18 - + = | 4:problem 6:problem x:problem 18:problem -:problem +:problem =:problem
EXPR: 0 | POS | INT | 19 | 6 | 20 | 4=((6-x)+18) | 4 6 x - 18 + = | 4:problem 6:problem x:problem -:problem 18:problem +:problem =:problem
EXPR: 0 | POS | INT | 19 | 6 | 16 | 4=((6-18)+x) | 4 6 18 - x + = | 4:problem 6:problem 18:problem -:problem x:problem +:problem =:problem
EXPR: 0 | POS | INT | 19 | 6 | 16 | 4=(x+(6-18)) | 4 x 6 18 - + = | 4:problem x:problem 6:problem 18:problem -:problem +:problem =:problem
EXPR: 0 | POS | INT | 19 | 6 | 20 | 4=(6+(18-x)) | 4 6 18 x - + = | 4:problem 6:problem 18:problem x:problem -:problem +:problem =:problem
EXPR: 0 | POS | INT | 19 | 6 | 16 | 4=(6-(18-x)) | 4 6 18 x - - = | 4:problem 6:problem 18:problem x:problem -:problem -:problem =:problem
EXPR: 0 | POS | INT | 19 | 6 | 1 | ((4-x)*6)=18 | 4 x - 6 * 18 = | 4:LENGTH x:LENGTH -:LENGTH 6:problem *:problem 18:problem =:problem
EXPR: 0 | POS | INT | 20 | 6 | 104 | x=((18*6)-4) | x 18 6 * 4 - = | x:LENGTH 18:problem 6:LENGTH *:LENGTH 4:LENGTH -:LENGTH =:LENGTH
EXPR: 0 | POS | INT | 20 | 6 | 112 | x=((18*6)+4) | x 18 6 * 4 + = | x:LENGTH 18:problem 6:LENGTH *:LENGTH 4:LENGTH +:LENGTH =:LENGTH
EXPR: 0 | POS | INT | 20 | 6 | 112 | ((18*6)+4)=x | 18 6 * 4 + x = | 18:LENGTH 6:problem *:problem 4:problem +:problem x:problem =:problem
EXPR: 0 | POS | INT | 20 | 6 | 104 | ((18*6)-4)=x | 18 6 * 4 - x = | 18:LENGTH 6:problem *:problem 4:problem -:problem x:problem =:problem
EXPR: 0 | POS | INT | 20 | 6 | 7 | ((18/6)+4)=x | 18 6 / 4 + x = | 18:problem 6:LENGTH /:problem 4:problem +:problem x:problem =:problem
EXPR: 1 | POS | INT | 20 | 6 | 6 | x=((18+6)/4) | x 18 6 + 4 / = | x:problem 18:problem 6:problem +:problem 4:LENGTH /:problem =:problem
EXPR: 0 | POS | INT | 20 | 6 | 42 | (18+(6*4))=x | 18 6 4 * + x = | 18:problem 6:problem 4:LENGTH *:problem +:problem x:problem =:problem
EXPR: 0 | POS | INT | 20 | 6 | 7 | x=((18/6)+4) | x 18 6 / 4 + = | x:LENGTH 18:LENGTH 6:problem /:LENGTH 4:LENGTH +:LENGTH =:LENGTH
EXPR: 0 | POS | INT | 20 | 6 | 3 | x=((18-6)/4) | x 18 6 - 4 / = | x:problem 18:problem 6:problem -:problem 4:LENGTH /:problem =:problem
EXPR: 0 | POS | INT | 20 | 6 | 42 | x=(18+(6*4)) | x 18 6 4 * + = | x:LENGTH 18:LENGTH 6:problem 4:LENGTH *:LENGTH +:LENGTH =:LENGTH
EXPR: 0 | POS | INT | 20 | 6 | 3 | ((18-6)/4)=x | 18 6 - 4 / x = | 18:problem 6:problem -:problem 4:LENGTH /:problem x:problem =:problem
EXPR: 1 | POS | INT | 20 | 6 | 6 | ((18+6)/4)=x | 18 6 + 4 / x = | 18:problem 6:problem +:problem 4:LENGTH /:problem x:problem =:problem
NET 298 unique, non-negative, integer-valued solutions found out of 1000 total solutions
