parameters: n=7 l=3 k=1 p=5 q=2 m=9
TOTAL 1000 solutions found
SOLN: CORRECT | POS/NEG | INT/FRA | OBJ-SCORE | TRUE-ANS | ANS | INFIX | POSTFIX | TYPED-POSTFIX
EXPR: 1 | POS | INT | 2 | 9 | 9 | ((x*4)-20)=16 | x 4 * 20 - 16 = | x:trip 4:tray *:tray 20:tray -:tray 16:tray =:tray
EXPR: 0 | POS | INT | 2 | 9 | 1 | 4=((20-16)*x) | 4 20 16 - x * = | 4:tray 20:tray 16:tray -:tray x:trip *:tray =:tray
EXPR: 0 | POS | INT | 2 | 9 | 1 | 4=((20-16)/x) | 4 20 16 - x / = | 4:tray 20:tray 16:tray -:tray x:trip /:tray =:tray
EXPR: 0 | POS | INT | 2 | 9 | 1 | 4=((x*20)-16) | 4 x 20 * 16 - = | 4:tray x:trip 20:tray *:tray 16:tray -:tray =:tray
EXPR: 0 | POS | INT | 2 | 9 | 1 | 4=(x*(20-16)) | 4 x 20 16 - * = | 4:tray x:trip 20:tray 16:tray -:tray *:tray =:tray
EXPR: 1 | POS | INT | 2 | 9 | 9 | 4=((20+16)/x) | 4 20 16 + x / = | 4:tray 20:tray 16:tray +:tray x:trip /:tray =:tray
EXPR: 0 | POS | INT | 2 | 9 | 1 | 4=(20-(16/x)) | 4 20 16 x / - = | 4:tray 20:tray 16:tray x:trip /:tray -:tray =:tray
EXPR: 1 | POS | INT | 2 | 9 | 9 | ((4*x)-20)=16 | 4 x * 20 - 16 = | 4:tray x:trip *:tray 20:tray -:tray 16:tray =:tray
EXPR: 0 | POS | INT | 2 | 9 | 1 | 4=(20-(x*16)) | 4 20 x 16 * - = | 4:tray 20:tray x:trip 16:tray *:tray -:tray =:tray
EXPR: 0 | POS | INT | 2 | 9 | 1 | 4=((20*x)-16) | 4 20 x * 16 - = | 4:tray 20:tray x:trip *:tray 16:tray -:tray =:tray
EXPR: 0 | POS | INT | 2 | 9 | 1 | 4=((20/x)-16) | 4 20 x / 16 - = | 4:tray 20:tray x:trip /:tray 16:tray -:tray =:tray
EXPR: 0 | POS | INT | 2 | 9 | 1 | 4=(20-(16*x)) | 4 20 16 x * - = | 4:tray 20:tray 16:tray x:trip *:tray -:tray =:tray
EXPR: 0 | POS | INT | 4 | 9 | 1 | ((20-4)*x)=16 | 20 4 - x * 16 = | 20:tray 4:tray -:tray x:trip *:tray 16:tray =:tray
EXPR: 0 | POS | INT | 4 | 9 | 1 | ((x*20)-4)=16 | x 20 * 4 - 16 = | x:trip 20:tray *:tray 4:tray -:tray 16:tray =:tray
EXPR: 0 | POS | INT | 4 | 9 | 1 | 20=((x*4)+16) | 20 x 4 * 16 + = | 20:tray x:trip 4:tray *:tray 16:tray +:tray =:tray
EXPR: 1 | POS | INT | 4 | 9 | 9 | ((x*4)-16)=20 | x 4 * 16 - 20 = | x:trip 4:tray *:tray 16:tray -:tray 20:tray =:tray
EXPR: 0 | POS | INT | 4 | 9 | 1 | ((4*x)+16)=20 | 4 x * 16 + 20 = | 4:tray x:trip *:tray 16:tray +:tray 20:tray =:tray
EXPR: 0 | POS | INT | 4 | 9 | 1 | ((4/x)+16)=20 | 4 x / 16 + 20 = | 4:tray x:trip /:tray 16:tray +:tray 20:tray =:tray
EXPR: 1 | POS | INT | 4 | 9 | 9 | ((4*x)-16)=20 | 4 x * 16 - 20 = | 4:tray x:trip *:tray 16:tray -:tray 20:tray =:tray
EXPR: 0 | POS | INT | 4 | 9 | 1 | ((20-4)/x)=16 | 20 4 - x / 16 = | 20:tray 4:tray -:tray x:trip /:tray 16:tray =:tray
EXPR: 0 | POS | INT | 4 | 9 | 1 | ((4+16)*x)=20 | 4 16 + x * 20 = | 4:tray 16:tray +:tray x:trip *:tray 20:tray =:tray
EXPR: 0 | POS | INT | 4 | 9 | 1 | ((4+16)/x)=20 | 4 16 + x / 20 = | 4:tray 16:tray +:tray x:trip /:tray 20:tray =:tray
EXPR: 1 | POS | INT | 4 | 9 | 9 | 20=((x*4)-16) | 20 x 4 * 16 - = | 20:tray x:trip 4:tray *:tray 16:tray -:tray =:tray
EXPR: 0 | POS | INT | 4 | 9 | 1 | ((20/x)-4)=16 | 20 x / 4 - 16 = | 20:tray x:trip /:tray 4:tray -:tray 16:tray =:tray
EXPR: 0 | POS | INT | 4 | 9 | 1 | (20-(x*4))=16 | 20 x 4 * - 16 = | 20:tray x:trip 4:tray *:tray -:tray 16:tray =:tray
EXPR: 0 | POS | INT | 4 | 9 | 1 | (4+(16*x))=20 | 4 16 x * + 20 = | 4:tray 16:tray x:trip *:tray +:tray 20:tray =:tray
EXPR: 0 | POS | INT | 4 | 9 | 1 | (4+(16/x))=20 | 4 16 x / + 20 = | 4:tray 16:tray x:trip /:tray +:tray 20:tray =:tray
EXPR: 0 | POS | INT | 4 | 9 | 1 | ((x*4)+16)=20 | x 4 * 16 + 20 = | x:trip 4:tray *:tray 16:tray +:tray 20:tray =:tray
EXPR: 0 | POS | INT | 4 | 9 | 1 | 20=((4+16)*x) | 20 4 16 + x * = | 20:tray 4:tray 16:tray +:tray x:trip *:tray =:tray
EXPR: 0 | POS | INT | 4 | 9 | 1 | 20=((4+16)/x) | 20 4 16 + x / = | 20:tray 4:tray 16:tray +:tray x:trip /:tray =:tray
EXPR: 0 | POS | INT | 4 | 9 | 1 | (x*(4+16))=20 | x 4 16 + * 20 = | x:trip 4:tray 16:tray +:tray *:tray 20:tray =:tray
EXPR: 0 | POS | INT | 4 | 9 | 1 | (4+(x*16))=20 | 4 x 16 * + 20 = | 4:tray x:trip 16:tray *:tray +:tray 20:tray =:tray
EXPR: 0 | POS | INT | 4 | 9 | 1 | ((20*x)-4)=16 | 20 x * 4 - 16 = | 20:tray x:trip *:tray 4:tray -:tray 16:tray =:tray
EXPR: 0 | POS | INT | 4 | 9 | 1 | 20=((4/x)+16) | 20 4 x / 16 + = | 20:tray 4:tray x:trip /:tray 16:tray +:tray =:tray
EXPR: 0 | POS | INT | 4 | 9 | 1 | 20=(x*(4+16)) | 20 x 4 16 + * = | 20:tray x:trip 4:tray 16:tray +:tray *:tray =:tray
EXPR: 1 | POS | INT | 4 | 9 | 9 | 20=((4*x)-16) | 20 4 x * 16 - = | 20:tray 4:tray x:trip *:tray 16:tray -:tray =:tray
EXPR: 0 | POS | INT | 4 | 9 | 1 | 20=(4+(16/x)) | 20 4 16 x / + = | 20:tray 4:tray 16:tray x:trip /:tray +:tray =:tray
EXPR: 0 | POS | INT | 4 | 9 | 1 | 20=(4+(x*16)) | 20 4 x 16 * + = | 20:tray 4:tray x:trip 16:tray *:tray +:tray =:tray
EXPR: 0 | POS | INT | 4 | 9 | 1 | (x*(20-4))=16 | x 20 4 - * 16 = | x:trip 20:tray 4:tray -:tray *:tray 16:tray =:tray
EXPR: 0 | POS | INT | 4 | 9 | 1 | (20-(4*x))=16 | 20 4 x * - 16 = | 20:tray 4:tray x:trip *:tray -:tray 16:tray =:tray
EXPR: 0 | POS | INT | 4 | 9 | 1 | (20-(4/x))=16 | 20 4 x / - 16 = | 20:tray 4:tray x:trip /:tray -:tray 16:tray =:tray
EXPR: 0 | POS | INT | 4 | 9 | 1 | 20=((4*x)+16) | 20 4 x * 16 + = | 20:tray 4:tray x:trip *:tray 16:tray +:tray =:tray
EXPR: 0 | POS | INT | 4 | 9 | 1 | 20=(4+(16*x)) | 20 4 16 x * + = | 20:tray 4:tray 16:tray x:trip *:tray +:tray =:tray
EXPR: 0 | POS | INT | 7 | 9 | 1 | ((20/x)-16)=4 | 20 x / 16 - 4 = | 20:tray x:trip /:tray 16:tray -:tray 4:tray =:tray
EXPR: 0 | POS | INT | 7 | 9 | 1 | (16+(x*4))=20 | 16 x 4 * + 20 = | 16:tray x:trip 4:tray *:tray +:tray 20:tray =:tray
EXPR: 0 | POS | INT | 7 | 9 | 1 | 20=((x*16)+4) | 20 x 16 * 4 + = | 20:tray x:trip 16:tray *:tray 4:tray +:tray =:tray
EXPR: 1 | POS | INT | 7 | 9 | 9 | 16=((x*4)-20) | 16 x 4 * 20 - = | 16:tray x:trip 4:tray *:tray 20:tray -:tray =:tray
EXPR: 0 | POS | INT | 7 | 9 | 1 | 20=((16/x)+4) | 20 16 x / 4 + = | 20:tray 16:tray x:trip /:tray 4:tray +:tray =:tray
EXPR: 0 | POS | INT | 7 | 9 | 1 | 20=(16+(4/x)) | 20 16 4 x / + = | 20:tray 16:tray 4:tray x:trip /:tray +:tray =:tray
EXPR: 1 | POS | INT | 7 | 9 | 9 | ((20+16)/x)=4 | 20 16 + x / 4 = | 20:tray 16:tray +:tray x:trip /:tray 4:tray =:tray
EXPR: 0 | POS | INT | 7 | 9 | 1 | ((x*16)+4)=20 | x 16 * 4 + 20 = | x:trip 16:tray *:tray 4:tray +:tray 20:tray =:tray
EXPR: 0 | POS | INT | 7 | 9 | 1 | 20=(16+(4*x)) | 20 16 4 x * + = | 20:tray 16:tray 4:tray x:trip *:tray +:tray =:tray
EXPR: 0 | POS | INT | 7 | 9 | 1 | 20=((16*x)+4) | 20 16 x * 4 + = | 20:tray 16:tray x:trip *:tray 4:tray +:tray =:tray
EXPR: 0 | POS | INT | 7 | 9 | 1 | ((x*20)-16)=4 | x 20 * 16 - 4 = | x:trip 20:tray *:tray 16:tray -:tray 4:tray =:tray
EXPR: 0 | POS | INT | 7 | 9 | 1 | ((20-16)*x)=4 | 20 16 - x * 4 = | 20:tray 16:tray -:tray x:trip *:tray 4:tray =:tray
EXPR: 0 | POS | INT | 7 | 9 | 1 | ((20-16)/x)=4 | 20 16 - x / 4 = | 20:tray 16:tray -:tray x:trip /:tray 4:tray =:tray
EXPR: 0 | POS | INT | 7 | 9 | 1 | ((20*x)-16)=4 | 20 x * 16 - 4 = | 20:tray x:trip *:tray 16:tray -:tray 4:tray =:tray
EXPR: 0 | POS | INT | 7 | 9 | 1 | (20-(16*x))=4 | 20 16 x * - 4 = | 20:tray 16:tray x:trip *:tray -:tray 4:tray =:tray
EXPR: 0 | POS | INT | 7 | 9 | 1 | (20-(16/x))=4 | 20 16 x / - 4 = | 20:tray 16:tray x:trip /:tray -:tray 4:tray =:tray
EXPR: 0 | POS | INT | 7 | 9 | 1 | (20-(x*16))=4 | 20 x 16 * - 4 = | 20:tray x:trip 16:tray *:tray -:tray 4:tray =:tray
EXPR: 0 | POS | INT | 7 | 9 | 1 | 20=(16+(x*4)) | 20 16 x 4 * + = | 20:tray 16:tray x:trip 4:tray *:tray +:tray =:tray
EXPR: 0 | POS | INT | 7 | 9 | 1 | ((16/x)+4)=20 | 16 x / 4 + 20 = | 16:tray x:trip /:tray 4:tray +:tray 20:tray =:tray
EXPR: 0 | POS | INT | 7 | 9 | 1 | ((16*x)+4)=20 | 16 x * 4 + 20 = | 16:tray x:trip *:tray 4:tray +:tray 20:tray =:tray
EXPR: 0 | POS | INT | 7 | 9 | 1 | (16+(4*x))=20 | 16 4 x * + 20 = | 16:tray 4:tray x:trip *:tray +:tray 20:tray =:tray
EXPR: 1 | POS | INT | 7 | 9 | 9 | 16=((4*x)-20) | 16 4 x * 20 - = | 16:tray 4:tray x:trip *:tray 20:tray -:tray =:tray
EXPR: 0 | POS | INT | 7 | 9 | 1 | (x*(20-16))=4 | x 20 16 - * 4 = | x:trip 20:tray 16:tray -:tray *:tray 4:tray =:tray
EXPR: 0 | POS | INT | 7 | 9 | 1 | (16+(4/x))=20 | 16 4 x / + 20 = | 16:tray 4:tray x:trip /:tray +:tray 20:tray =:tray
EXPR: 0 | POS | INT | 9 | 9 | 1 | 16=((20-4)*x) | 16 20 4 - x * = | 16:tray 20:tray 4:tray -:tray x:trip *:tray =:tray
EXPR: 0 | POS | INT | 9 | 9 | 1 | 16=((x*20)-4) | 16 x 20 * 4 - = | 16:tray x:trip 20:tray *:tray 4:tray -:tray =:tray
EXPR: 0 | POS | INT | 9 | 9 | 1 | 16=((20-4)/x) | 16 20 4 - x / = | 16:tray 20:tray 4:tray -:tray x:trip /:tray =:tray
EXPR: 0 | POS | INT | 9 | 9 | 1 | 16=(20-(x*4)) | 16 20 x 4 * - = | 16:tray 20:tray x:trip 4:tray *:tray -:tray =:tray
EXPR: 0 | POS | INT | 9 | 9 | 1 | 16=(20-(4/x)) | 16 20 4 x / - = | 16:tray 20:tray 4:tray x:trip /:tray -:tray =:tray
EXPR: 0 | POS | INT | 9 | 9 | 1 | 16=(20-(4*x)) | 16 20 4 x * - = | 16:tray 20:tray 4:tray x:trip *:tray -:tray =:tray
EXPR: 0 | POS | INT | 9 | 9 | 1 | 16=((20*x)-4) | 16 20 x * 4 - = | 16:tray 20:tray x:trip *:tray 4:tray -:tray =:tray
EXPR: 0 | POS | INT | 9 | 9 | 1 | 16=((20/x)-4) | 16 20 x / 4 - = | 16:tray 20:tray x:trip /:tray 4:tray -:tray =:tray
EXPR: 0 | POS | INT | 9 | 9 | 1 | 16=(x*(20-4)) | 16 x 20 4 - * = | 16:tray x:trip 20:tray 4:tray -:tray *:tray =:tray
EXPR: 0 | POS | INT | 10 | 9 | 384 | x=((4+20)*16) | x 4 20 + 16 * = | x:trip 4:tray 20:tray +:tray 16:trip *:trip =:trip
EXPR: 0 | POS | INT | 10 | 9 | 144 | x=(4*(20+16)) | x 4 20 16 + * = | x:trip 4:trip 20:tray 16:tray +:tray *:trip =:trip
EXPR: 0 | POS | INT | 10 | 9 | 16 | x=(4*(20-16)) | x 4 20 16 - * = | x:trip 4:trip 20:tray 16:tray -:tray *:trip =:trip
EXPR: 0 | POS | INT | 10 | 9 | 8 | ((4+20)-16)=x | 4 20 + 16 - x = | 4:tray 20:tray +:tray 16:tray -:tray x:tray =:tray
EXPR: 0 | POS | INT | 10 | 9 | 0 | (4-(20-16))=x | 4 20 16 - - x = | 4:tray 20:tray 16:tray -:tray -:tray x:tray =:tray
EXPR: 0 | POS | INT | 10 | 9 | 16 | (4*(20-16))=x | 4 20 16 - * x = | 4:trip 20:tray 16:tray -:tray *:trip x:trip =:trip
EXPR: 0 | POS | INT | 10 | 9 | 1 | (4/(20-16))=x | 4 20 16 - / x = | 4:trip 20:tray 16:tray -:tray /:trip x:trip =:trip
EXPR: 0 | POS | INT | 10 | 9 | 0 | ((4-20)+16)=x | 4 20 - 16 + x = | 4:tray 20:tray -:tray 16:tray +:tray x:tray =:tray
EXPR: 0 | POS | INT | 10 | 9 | 8 | x=(4+(20-16)) | x 4 20 16 - + = | x:tray 4:tray 20:tray 16:tray -:tray +:tray =:tray
EXPR: 0 | POS | INT | 10 | 9 | 40 | ((4+20)+16)=x | 4 20 + 16 + x = | 4:tray 20:tray +:tray 16:tray +:tray x:tray =:tray
EXPR: 0 | POS | INT | 10 | 9 | 8 | (4+(20-16))=x | 4 20 16 - + x = | 4:tray 20:tray 16:tray -:tray +:tray x:tray =:tray
EXPR: 0 | POS | INT | 10 | 9 | 40 | x=(4+(20+16)) | x 4 20 16 + + = | x:tray 4:tray 20:tray 16:tray +:tray +:tray =:tray
EXPR: 0 | POS | INT | 10 | 9 | 384 | ((4+20)*16)=x | 4 20 + 16 * x = | 4:tray 20:tray +:tray 16:trip *:trip x:trip =:trip
EXPR: 0 | POS | INT | 10 | 9 | 40 | (4+(20+16))=x | 4 20 16 + + x = | 4:tray 20:tray 16:tray +:tray +:tray x:tray =:tray
EXPR: 0 | POS | INT | 10 | 9 |  | x=(4-(20-16)) | x 4 20 16 - - = | x:tray 4:tray 20:tray 16:tray -:tray -:tray =:tray
EXPR: 0 | POS | INT | 10 | 9 | 144 | (4*(20+16))=x | 4 20 16 + * x = | 4:trip 20:tray 16:tray +:tray *:trip x:trip =:trip
EXPR: 0 | POS | INT | 10 | 9 | 1 | x=(4/(20-16)) | x 4 20 16 - / = | x:trip 4:trip 20:tray 16:tray -:tray /:trip =:trip
EXPR: 0 | POS | INT | 10 | 9 | 8 | x=((4+20)-16) | x 4 20 + 16 - = | x:tray 4:tray 20:tray +:tray 16:tray -:tray =:tray
EXPR: 0 | POS | INT | 10 | 9 |  | x=((4-20)+16) | x 4 20 - 16 + = | x:tray 4:tray 20:tray -:tray 16:tray +:tray =:tray
EXPR: 0 | POS | INT | 10 | 9 | 40 | x=((4+20)+16) | x 4 20 + 16 + = | x:tray 4:tray 20:tray +:tray 16:tray +:tray =:tray
EXPR: 0 | POS | INT | 12 | 9 | 144 | 4=(x/(20+16)) | 4 x 20 16 + / = | 4:trip x:trip 20:tray 16:tray +:tray /:trip =:trip
EXPR: 0 | POS | INT | 12 | 9 | 384 | (x/(4+20))=16 | x 4 20 + / 16 = | x:trip 4:tray 20:tray +:tray /:trip 16:trip =:trip
EXPR: 0 | POS | INT | 12 | 9 | 32 | ((4+x)-20)=16 | 4 x + 20 - 16 = | 4:tray x:tray +:tray 20:tray -:tray 16:tray =:tray
EXPR: 0 | POS | INT | 12 | 9 | 40 | (x-(4+20))=16 | x 4 20 + - 16 = | x:tray 4:tray 20:tray +:tray -:tray 16:tray =:tray
EXPR: 0 | POS | INT | 12 | 9 | 0 | 4=((x+20)-16) | 4 x 20 + 16 - = | 4:tray x:tray 20:tray +:tray 16:tray -:tray =:tray
EXPR: 0 | POS | INT | 12 | 9 | 0 | 4=((20-16)+x) | 4 20 16 - x + = | 4:tray 20:tray 16:tray -:tray x:tray +:tray =:tray
EXPR: 0 | POS | INT | 12 | 9 | 32 | 4=(20-(x-16)) | 4 20 x 16 - - = | 4:tray 20:tray x:tray 16:tray -:tray -:tray =:tray
EXPR: 0 | POS | INT | 12 | 9 | 0 | 4=(20-(x+16)) | 4 20 x 16 + - = | 4:tray 20:tray x:tray 16:tray +:tray -:tray =:tray
EXPR: 0 | POS | INT | 12 | 9 | 24 | (4*(x-20))=16 | 4 x 20 - * 16 = | 4:tray x:trip 20:trip -:trip *:tray 16:tray =:tray
EXPR: 0 | POS | INT | 12 | 9 | 400 | x=(20*(4+16)) | x 20 4 16 + * = | x:trip 20:trip 4:tray 16:tray +:tray *:trip =:trip
EXPR: 0 | POS | INT | 12 | 9 | 1 | x=(20/(4+16)) | x 20 4 16 + / = | x:trip 20:trip 4:tray 16:tray +:tray /:trip =:trip
EXPR: 0 | POS | INT | 12 | 9 | 32 | 4=((20-x)+16) | 4 20 x - 16 + = | 4:tray 20:tray x:tray -:tray 16:tray +:tray =:tray
EXPR: 0 | POS | INT | 12 | 9 | 8 | ((4-x)+20)=16 | 4 x - 20 + 16 = | 4:tray x:tray -:tray 20:tray +:tray 16:tray =:tray
EXPR: 0 | POS | INT | 12 | 9 | 16 | (4*(20-x))=16 | 4 20 x - * 16 = | 4:tray 20:trip x:trip -:trip *:tray 16:tray =:tray
EXPR: 0 | POS | INT | 12 | 9 | 16 | 4=(x/(20-16)) | 4 x 20 16 - / = | 4:trip x:trip 20:tray 16:tray -:tray /:trip =:trip
EXPR: 0 | POS | INT | 12 | 9 | 21 | 4=(20/(x-16)) | 4 20 x 16 - / = | 4:tray 20:tray x:trip 16:trip -:trip /:tray =:tray
EXPR: 0 | POS | INT | 12 | 9 | 0 | ((4+16)-20)=x | 4 16 + 20 - x = | 4:tray 16:tray +:tray 20:tray -:tray x:tray =:tray
EXPR: 0 | POS | INT | 12 | 9 | 400 | x=((4+16)*20) | x 4 16 + 20 * = | x:trip 4:tray 16:tray +:tray 20:trip *:trip =:trip
EXPR: 0 | POS | INT | 12 | 9 | 0 | 4=((20-16)-x) | 4 20 16 - x - = | 4:tray 20:tray 16:tray -:tray x:tray -:tray =:tray
EXPR: 0 | POS | INT | 12 | 9 | 8 | (4-(16-20))=x | 4 16 20 - - x = | 4:tray 16:tray 20:tray -:tray -:tray x:tray =:tray
EXPR: 0 | POS | INT | 12 | 9 | 32 | ((x+4)-20)=16 | x 4 + 20 - 16 = | x:tray 4:tray +:tray 20:tray -:tray 16:tray =:tray
EXPR: 0 | POS | INT | 12 | 9 | 40 | ((x-4)-20)=16 | x 4 - 20 - 16 = | x:tray 4:tray -:tray 20:tray -:tray 16:tray =:tray
EXPR: 0 | POS | INT | 12 | 9 | 0 | 4=((20-x)-16) | 4 20 x - 16 - = | 4:tray 20:tray x:tray -:tray 16:tray -:tray =:tray
EXPR: 0 | POS | INT | 12 | 9 |  | x=(4+(16-20)) | x 4 16 20 - + = | x:tray 4:tray 16:tray 20:tray -:tray +:tray =:tray
EXPR: 0 | POS | INT | 12 | 9 | 8 | ((4-16)+20)=x | 4 16 - 20 + x = | 4:tray 16:tray -:tray 20:tray +:tray x:tray =:tray
EXPR: 0 | POS | INT | 12 | 9 | 0 | (4+(16-20))=x | 4 16 20 - + x = | 4:tray 16:tray 20:tray -:tray +:tray x:tray =:tray
EXPR: 0 | POS | INT | 12 | 9 | 11 | 4=(20/(16-x)) | 4 20 16 x - / = | 4:tray 20:tray 16:trip x:trip -:trip /:tray =:tray
EXPR: 0 | POS | INT | 12 | 9 | 8 | (4-(x-20))=16 | 4 x 20 - - 16 = | 4:tray x:tray 20:tray -:tray -:tray 16:tray =:tray
EXPR: 0 | POS | INT | 12 | 9 | 8 | ((4+20)-x)=16 | 4 20 + x - 16 = | 4:tray 20:tray +:tray x:tray -:tray 16:tray =:tray
EXPR: 0 | POS | INT | 12 | 9 | 256 | ((20-4)*16)=x | 20 4 - 16 * x = | 20:tray 4:tray -:tray 16:trip *:trip x:trip =:trip
EXPR: 0 | POS | INT | 12 | 9 | 32 | ((4-20)+x)=16 | 4 20 - x + 16 = | 4:tray 20:tray -:tray x:tray +:tray 16:tray =:tray
EXPR: 0 | POS | INT | 12 | 9 | 8 | x=(20+(4-16)) | x 20 4 16 - + = | x:tray 20:tray 4:tray 16:tray -:tray +:tray =:tray
EXPR: 0 | POS | INT | 12 | 9 |  | ((x-4)+20)=16 | x 4 - 20 + 16 = | x:tray 4:tray -:tray 20:tray +:tray 16:tray =:tray
EXPR: 0 | POS | INT | 12 | 9 | 40 | 4=(x-(20+16)) | 4 x 20 16 + - = | 4:tray x:tray 20:tray 16:tray +:tray -:tray =:tray
EXPR: 0 | POS | INT | 12 | 9 | 40 | x=(20+(4+16)) | x 20 4 16 + + = | x:tray 20:tray 4:tray 16:tray +:tray +:tray =:tray
EXPR: 0 | POS | INT | 12 | 9 | 40 | ((4+16)+20)=x | 4 16 + 20 + x = | 4:tray 16:tray +:tray 20:tray +:tray x:tray =:tray
EXPR: 0 | POS | INT | 12 | 9 | 40 | (20+(4+16))=x | 20 4 16 + + x = | 20:tray 4:tray 16:tray +:tray +:tray x:tray =:tray
EXPR: 0 | POS | INT | 12 | 9 | 32 | (20-(4-16))=x | 20 4 16 - - x = | 20:tray 4:tray 16:tray -:tray -:tray x:tray =:tray
EXPR: 0 | POS | INT | 12 | 9 | 32 | (4+(x-20))=16 | 4 x 20 - + 16 = | 4:tray x:tray 20:tray -:tray +:tray 16:tray =:tray
EXPR: 0 | POS | INT | 12 | 9 | 32 | x=(20-(4-16)) | x 20 4 16 - - = | x:tray 20:tray 4:tray 16:tray -:tray -:tray =:tray
EXPR: 0 | POS | INT | 12 | 9 | 256 | x=((20-4)*16) | x 20 4 - 16 * = | x:trip 20:tray 4:tray -:tray 16:trip *:trip =:trip
EXPR: 0 | POS | INT | 12 | 9 | 400 | (20*(4+16))=x | 20 4 16 + * x = | 20:trip 4:tray 16:tray +:tray *:trip x:trip =:trip
EXPR: 0 | POS | INT | 12 | 9 | 1 | (20/(4+16))=x | 20 4 16 + / x = | 20:trip 4:tray 16:tray +:tray /:trip x:trip =:trip
EXPR: 0 | POS | INT | 12 | 9 | 32 | ((20-4)+16)=x | 20 4 - 16 + x = | 20:tray 4:tray -:tray 16:tray +:tray x:tray =:tray
EXPR: 0 | POS | INT | 12 | 9 |  | (x-(4-20))=16 | x 4 20 - - 16 = | x:tray 4:tray 20:tray -:tray -:tray 16:tray =:tray
EXPR: 0 | POS | INT | 12 | 9 |  | x=(20-(4+16)) | x 20 4 16 + - = | x:tray 20:tray 4:tray 16:tray +:tray -:tray =:tray
EXPR: 0 | POS | INT | 12 | 9 | 1 | (x*4)=(20-16) | x 4 * 20 16 - = | x:trip 4:tray *:tray 20:tray 16:tray -:tray =:tray
EXPR: 0 | POS | INT | 12 | 9 | 0 | 4=(x+(20-16)) | 4 x 20 16 - + = | 4:tray x:tray 20:tray 16:tray -:tray +:tray =:tray
EXPR: 0 | POS | INT | 12 | 9 | 8 | (20+(4-16))=x | 20 4 16 - + x = | 20:tray 4:tray 16:tray -:tray +:tray x:tray =:tray
EXPR: 0 | POS | INT | 12 | 9 | 0 | 4=(20+(x-16)) | 4 20 x 16 - + = | 4:tray 20:tray x:tray 16:tray -:tray +:tray =:tray
EXPR: 1 | POS | INT | 12 | 9 | 9 | (x*4)=(20+16) | x 4 * 20 16 + = | x:trip 4:tray *:tray 20:tray 16:tray +:tray =:tray
EXPR: 0 | POS | INT | 12 | 9 | 0 | 4=(20-(16-x)) | 4 20 16 x - - = | 4:tray 20:tray 16:tray x:tray -:tray -:tray =:tray
EXPR: 0 | POS | INT | 12 | 9 | 0 | 4=(20-(16+x)) | 4 20 16 x + - = | 4:tray 20:tray 16:tray x:tray +:tray -:tray =:tray
EXPR: 0 | POS | INT | 12 | 9 | 1 | (4/x)=(20-16) | 4 x / 20 16 - = | 4:tray x:trip /:tray 20:tray 16:tray -:tray =:tray
EXPR: 0 | POS | INT | 12 | 9 | 32 | x=((20-4)+16) | x 20 4 - 16 + = | x:tray 20:tray 4:tray -:tray 16:tray +:tray =:tray
EXPR: 0 | POS | INT | 12 | 9 | 8 | x=((4-16)+20) | x 4 16 - 20 + = | x:tray 4:tray 16:tray -:tray 20:tray +:tray =:tray
EXPR: 0 | POS | INT | 12 | 9 | 1 | (4*x)=(20-16) | 4 x * 20 16 - = | 4:tray x:trip *:tray 20:tray 16:tray -:tray =:tray
EXPR: 0 | POS | INT | 12 | 9 | 32 | 4=((20+16)-x) | 4 20 16 + x - = | 4:tray 20:tray 16:tray +:tray x:tray -:tray =:tray
EXPR: 0 | POS | INT | 12 | 9 | 8 | x=(4-(16-20)) | x 4 16 20 - - = | x:tray 4:tray 16:tray 20:tray -:tray -:tray =:tray
EXPR: 1 | POS | INT | 12 | 9 | 9 | (4*x)=(20+16) | 4 x * 20 16 + = | 4:tray x:trip *:tray 20:tray 16:tray +:tray =:tray
EXPR: 0 | POS | INT | 12 | 9 | 0 | 4=((20+x)-16) | 4 20 x + 16 - = | 4:tray 20:tray x:tray +:tray 16:tray -:tray =:tray
EXPR: 0 | POS | INT | 12 | 9 |  | x=((4+16)-20) | x 4 16 + 20 - = | x:tray 4:tray 16:tray +:tray 20:tray -:tray =:tray
EXPR: 0 | POS | INT | 12 | 9 |  | x=((20-4)-16) | x 20 4 - 16 - = | x:tray 20:tray 4:tray -:tray 16:tray -:tray =:tray
EXPR: 0 | POS | INT | 12 | 9 | 32 | (x+(4-20))=16 | x 4 20 - + 16 = | x:tray 4:tray 20:tray -:tray +:tray 16:tray =:tray
EXPR: 0 | POS | INT | 12 | 9 | 0 | (20-(4+16))=x | 20 4 16 + - x = | 20:tray 4:tray 16:tray +:tray -:tray x:tray =:tray
EXPR: 0 | POS | INT | 12 | 9 | 0 | ((20-4)-16)=x | 20 4 - 16 - x = | 20:tray 4:tray -:tray 16:tray -:tray x:tray =:tray
EXPR: 0 | POS | INT | 12 | 9 | 40 | x=((4+16)+20) | x 4 16 + 20 + = | x:tray 4:tray 16:tray +:tray 20:tray +:tray =:tray
EXPR: 0 | POS | INT | 12 | 9 | 32 | 4=(20+(16-x)) | 4 20 16 x - + = | 4:tray 20:tray 16:tray x:tray -:tray +:tray =:tray
EXPR: 0 | POS | INT | 12 | 9 | 8 | 4=((x-20)+16) | 4 x 20 - 16 + = | 4:tray x:tray 20:tray -:tray 16:tray +:tray =:tray
EXPR: 0 | POS | INT | 12 | 9 | 40 | 4=((x-20)-16) | 4 x 20 - 16 - = | 4:tray x:tray 20:tray -:tray 16:tray -:tray =:tray
EXPR: 0 | POS | INT | 12 | 9 | 8 | 4=(x-(20-16)) | 4 x 20 16 - - = | 4:tray x:tray 20:tray 16:tray -:tray -:tray =:tray
EXPR: 0 | POS | INT | 12 | 9 | 32 | (4-(20-x))=16 | 4 20 x - - 16 = | 4:tray 20:tray x:tray -:tray -:tray 16:tray =:tray
EXPR: 0 | POS | INT | 12 | 9 | 8 | (4+(20-x))=16 | 4 20 x - + 16 = | 4:tray 20:tray x:tray -:tray +:tray 16:tray =:tray
EXPR: 0 | POS | INT | 12 | 9 | 400 | ((4+16)*20)=x | 4 16 + 20 * x = | 4:tray 16:tray +:tray 20:trip *:trip x:trip =:trip
EXPR: 0 | POS | INT | 14 | 9 | 8 | 4=((x+16)-20) | 4 x 16 + 20 - = | 4:tray x:tray 16:tray +:tray 20:tray -:tray =:tray
EXPR: 0 | POS | INT | 14 | 9 | 21 | (4*(x-16))=20 | 4 x 16 - * 20 = | 4:tray x:trip 16:trip -:trip *:tray 20:tray =:tray
EXPR: 0 | POS | INT | 14 | 9 | 32 | ((4+x)-16)=20 | 4 x + 16 - 20 = | 4:tray x:tray +:tray 16:tray -:tray 20:tray =:tray
EXPR: 0 | POS | INT | 14 | 9 | 8 | 20=(x-(4-16)) | 20 x 4 16 - - = | 20:tray x:tray 4:tray 16:tray -:tray -:tray =:tray
EXPR: 0 | POS | INT | 14 | 9 | 40 | 20=(x-(4+16)) | 20 x 4 16 + - = | 20:tray x:tray 4:tray 16:tray +:tray -:tray =:tray
EXPR: 0 | POS | INT | 14 | 9 | 32 | 20=(x+(4-16)) | 20 x 4 16 - + = | 20:tray x:tray 4:tray 16:tray -:tray +:tray =:tray
EXPR: 0 | POS | INT | 14 | 9 | 0 | 20=(x+(4+16)) | 20 x 4 16 + + = | 20:tray x:tray 4:tray 16:tray +:tray +:tray =:tray
EXPR: 0 | POS | INT | 14 | 9 | 400 | 20=(x/(4+16)) | 20 x 4 16 + / = | 20:trip x:trip 4:tray 16:tray +:tray /:trip =:trip
EXPR: 0 | POS | INT | 14 | 9 | 11 | (4*(16-x))=20 | 4 16 x - * 20 = | 4:tray 16:trip x:trip -:trip *:tray 20:tray =:tray
EXPR: 0 | POS | INT | 14 | 9 | 1 | (4+16)=(20*x) | 4 16 + 20 x * = | 4:tray 16:tray +:tray 20:tray x:trip *:tray =:tray
EXPR: 0 | POS | INT | 14 | 9 | 24 | 4=(16/(x-20)) | 4 16 x 20 - / = | 4:tray 16:tray x:trip 20:trip -:trip /:tray =:tray
EXPR: 0 | POS | INT | 14 | 9 | 32 | 4=(16-(x-20)) | 4 16 x 20 - - = | 4:tray 16:tray x:tray 20:tray -:tray -:tray =:tray
EXPR: 0 | POS | INT | 14 | 9 | 40 | (x-(4+16))=20 | x 4 16 + - 20 = | x:tray 4:tray 16:tray +:tray -:tray 20:tray =:tray
EXPR: 0 | POS | INT | 14 | 9 | 8 | 4=((16-20)+x) | 4 16 20 - x + = | 4:tray 16:tray 20:tray -:tray x:tray +:tray =:tray
EXPR: 0 | POS | INT | 14 | 9 | 8 | 4=((16+x)-20) | 4 16 x + 20 - = | 4:tray 16:tray x:tray +:tray 20:tray -:tray =:tray
EXPR: 0 | POS | INT | 14 | 9 | 8 | ((20-x)+4)=16 | 20 x - 4 + 16 = | 20:tray x:tray -:tray 4:tray +:tray 16:tray =:tray
EXPR: 0 | POS | INT | 14 | 9 | 8 | 4=(16+(x-20)) | 4 16 x 20 - + = | 4:tray 16:tray x:tray 20:tray -:tray +:tray =:tray
EXPR: 0 | POS | INT | 14 | 9 | 32 | 20=((x+4)-16) | 20 x 4 + 16 - = | 20:tray x:tray 4:tray +:tray 16:tray -:tray =:tray
EXPR: 0 | POS | INT | 14 | 9 |  | (x+(4+16))=20 | x 4 16 + + 20 = | x:tray 4:tray 16:tray +:tray +:tray 20:tray =:tray
EXPR: 0 | POS | INT | 14 | 9 |  | (20-(4+x))=16 | 20 4 x + - 16 = | 20:tray 4:tray x:tray +:tray -:tray 16:tray =:tray
EXPR: 0 | POS | INT | 14 | 9 | 32 | ((x+4)-16)=20 | x 4 + 16 - 20 = | x:tray 4:tray +:tray 16:tray -:tray 20:tray =:tray
EXPR: 0 | POS | INT | 14 | 9 |  | ((x+4)+16)=20 | x 4 + 16 + 20 = | x:tray 4:tray +:tray 16:tray +:tray 20:tray =:tray
EXPR: 0 | POS | INT | 14 | 9 | 40 | ((x-4)-16)=20 | x 4 - 16 - 20 = | x:tray 4:tray -:tray 16:tray -:tray 20:tray =:tray
EXPR: 0 | POS | INT | 14 | 9 |  | (4-(x-16))=20 | 4 x 16 - - 20 = | 4:tray x:tray 16:tray -:tray -:tray 20:tray =:tray
EXPR: 0 | POS | INT | 14 | 9 | 1 | (x*20)=(4+16) | x 20 * 4 16 + = | x:trip 20:tray *:tray 4:tray 16:tray +:tray =:tray
EXPR: 0 | POS | INT | 14 | 9 |  | ((4-x)+16)=20 | 4 x - 16 + 20 = | 4:tray x:tray -:tray 16:tray +:tray 20:tray =:tray
EXPR: 0 | POS | INT | 14 | 9 |  | (4+(x+16))=20 | 4 x 16 + + 20 = | 4:tray x:tray 16:tray +:tray +:tray 20:tray =:tray
EXPR: 0 | POS | INT | 14 | 9 |  | ((20-x)-4)=16 | 20 x - 4 - 16 = | 20:tray x:tray -:tray 4:tray -:tray 16:tray =:tray
EXPR: 0 | POS | INT | 14 | 9 | 8 | 20=((x-4)+16) | 20 x 4 - 16 + = | 20:tray x:tray 4:tray -:tray 16:tray +:tray =:tray
EXPR: 0 | POS | INT | 14 | 9 | 1 | (4+16)=(20/x) | 4 16 + 20 x / = | 4:tray 16:tray +:tray 20:tray x:trip /:tray =:tray
EXPR: 0 | POS | INT | 14 | 9 | 32 | (4-(16-x))=20 | 4 16 x - - 20 = | 4:tray 16:tray x:tray -:tray -:tray 20:tray =:tray
EXPR: 0 | POS | INT | 14 | 9 |  | (4+(16-x))=20 | 4 16 x - + 20 = | 4:tray 16:tray x:tray -:tray +:tray 20:tray =:tray
EXPR: 0 | POS | INT | 14 | 9 | 8 | (20-(x-4))=16 | 20 x 4 - - 16 = | 20:tray x:tray 4:tray -:tray -:tray 16:tray =:tray
EXPR: 0 | POS | INT | 14 | 9 | 400 | (x/(4+16))=20 | x 4 16 + / 20 = | x:trip 4:tray 16:tray +:tray /:trip 20:trip =:trip
EXPR: 0 | POS | INT | 14 | 9 | 32 | ((4-16)+x)=20 | 4 16 - x + 20 = | 4:tray 16:tray -:tray x:tray +:tray 20:tray =:tray
EXPR: 0 | POS | INT | 14 | 9 |  | ((4+16)+x)=20 | 4 16 + x + 20 = | 4:tray 16:tray +:tray x:tray +:tray 20:tray =:tray
EXPR: 0 | POS | INT | 14 | 9 | 1 | (20/x)=(4+16) | 20 x / 4 16 + = | 20:tray x:trip /:tray 4:tray 16:tray +:tray =:tray
EXPR: 0 | POS | INT | 14 | 9 | 40 | ((x-20)-4)=16 | x 20 - 4 - 16 = | x:tray 20:tray -:tray 4:tray -:tray 16:tray =:tray
EXPR: 0 | POS | INT | 14 | 9 | 32 | ((x-20)+4)=16 | x 20 - 4 + 16 = | x:tray 20:tray -:tray 4:tray +:tray 16:tray =:tray
EXPR: 0 | POS | INT | 14 | 9 | 21 | 20=(4*(x-16)) | 20 4 x 16 - * = | 20:tray 4:tray x:trip 16:trip -:trip *:tray =:tray
EXPR: 0 | POS | INT | 14 | 9 | 1 | (20-4)=(x*16) | 20 4 - x 16 * = | 20:tray 4:tray -:tray x:trip 16:tray *:tray =:tray
EXPR: 0 | POS | INT | 14 | 9 | 0 | 20=((x+4)+16) | 20 x 4 + 16 + = | 20:tray x:tray 4:tray +:tray 16:tray +:tray =:tray
EXPR: 0 | POS | INT | 14 | 9 | 32 | 4=(16+(20-x)) | 4 16 20 x - + = | 4:tray 16:tray 20:tray x:tray -:tray +:tray =:tray
EXPR: 0 | POS | INT | 14 | 9 | 8 | 4=(16-(20-x)) | 4 16 20 x - - = | 4:tray 16:tray 20:tray x:tray -:tray -:tray =:tray
EXPR: 0 | POS | INT | 14 | 9 | 32 | (4+(x-16))=20 | 4 x 16 - + 20 = | 4:tray x:tray 16:tray -:tray +:tray 20:tray =:tray
EXPR: 0 | POS | INT | 14 | 9 | 16 | 4=(16/(20-x)) | 4 16 20 x - / = | 4:tray 16:tray 20:trip x:trip -:trip /:tray =:tray
EXPR: 0 | POS | INT | 14 | 9 | 8 | ((x-4)+16)=20 | x 4 - 16 + 20 = | x:tray 4:tray -:tray 16:tray +:tray 20:tray =:tray
EXPR: 0 | POS | INT | 14 | 9 | 1 | (20-4)=(16*x) | 20 4 - 16 x * = | 20:tray 4:tray -:tray 16:tray x:trip *:tray =:tray
EXPR: 0 | POS | INT | 14 | 9 | 1 | (20-4)=(16/x) | 20 4 - 16 x / = | 20:tray 4:tray -:tray 16:tray x:trip /:tray =:tray
EXPR: 0 | POS | INT | 14 | 9 |  | (4+(16+x))=20 | 4 16 x + + 20 = | 4:tray 16:tray x:tray +:tray +:tray 20:tray =:tray
EXPR: 0 | POS | INT | 14 | 9 | 40 | 20=((x-4)-16) | 20 x 4 - 16 - = | 20:tray x:tray 4:tray -:tray 16:tray -:tray =:tray
EXPR: 0 | POS | INT | 14 | 9 | 32 | (x-(20-4))=16 | x 20 4 - - 16 = | x:tray 20:tray 4:tray -:tray -:tray 16:tray =:tray
EXPR: 0 | POS | INT | 14 | 9 | 8 | (x-(4-16))=20 | x 4 16 - - 20 = | x:tray 4:tray 16:tray -:tray -:tray 20:tray =:tray
EXPR: 0 | POS | INT | 14 | 9 | 32 | 20=(4+(x-16)) | 20 4 x 16 - + = | 20:tray 4:tray x:tray 16:tray -:tray +:tray =:tray
EXPR: 0 | POS | INT | 14 | 9 | 0 | 20=(4-(x-16)) | 20 4 x 16 - - = | 20:tray 4:tray x:tray 16:tray -:tray -:tray =:tray
EXPR: 0 | POS | INT | 14 | 9 | 32 | (x+(4-16))=20 | x 4 16 - + 20 = | x:tray 4:tray 16:tray -:tray +:tray 20:tray =:tray
EXPR: 0 | POS | INT | 14 | 9 | 11 | 20=(4*(16-x)) | 20 4 16 x - * = | 20:tray 4:tray 16:trip x:trip -:trip *:tray =:tray
EXPR: 0 | POS | INT | 14 | 9 | 0 | 20=(4+(x+16)) | 20 4 x 16 + + = | 20:tray 4:tray x:tray 16:tray +:tray +:tray =:tray
EXPR: 0 | POS | INT | 14 | 9 |  | (20+(x-4))=16 | 20 x 4 - + 16 = | 20:tray x:tray 4:tray -:tray +:tray 16:tray =:tray
EXPR: 0 | POS | INT | 14 | 9 | 8 | 4=(x+(16-20)) | 4 x 16 20 - + = | 4:tray x:tray 16:tray 20:tray -:tray +:tray =:tray
EXPR: 0 | POS | INT | 14 | 9 | 0 | 4=(x-(16-20)) | 4 x 16 20 - - = | 4:tray x:tray 16:tray 20:tray -:tray -:tray =:tray
EXPR: 0 | POS | INT | 14 | 9 |  | (20-(x+4))=16 | 20 x 4 + - 16 = | 20:tray x:tray 4:tray +:tray -:tray 16:tray =:tray
EXPR: 0 | POS | INT | 14 | 9 | 0 | 20=(4+(16-x)) | 20 4 16 x - + = | 20:tray 4:tray 16:tray x:tray -:tray +:tray =:tray
EXPR: 0 | POS | INT | 14 | 9 |  | ((20+x)-4)=16 | 20 x + 4 - 16 = | 20:tray x:tray +:tray 4:tray -:tray 16:tray =:tray
EXPR: 0 | POS | INT | 14 | 9 |  | (x+(20-4))=16 | x 20 4 - + 16 = | x:tray 20:tray 4:tray -:tray +:tray 16:tray =:tray
EXPR: 0 | POS | INT | 14 | 9 | 1 | (4+16)=(x*20) | 4 16 + x 20 * = | 4:tray 16:tray +:tray x:trip 20:tray *:tray =:tray
EXPR: 0 | POS | INT | 14 | 9 | 0 | 20=(4+(16+x)) | 20 4 16 x + + = | 20:tray 4:tray 16:tray x:tray +:tray +:tray =:tray
EXPR: 0 | POS | INT | 14 | 9 | 32 | 20=(4-(16-x)) | 20 4 16 x - - = | 20:tray 4:tray 16:tray x:tray -:tray -:tray =:tray
EXPR: 0 | POS | INT | 14 | 9 | 32 | 20=((4+x)-16) | 20 4 x + 16 - = | 20:tray 4:tray x:tray +:tray 16:tray -:tray =:tray
EXPR: 0 | POS | INT | 14 | 9 | 0 | 20=((4+16)-x) | 20 4 16 + x - = | 20:tray 4:tray 16:tray +:tray x:tray -:tray =:tray
EXPR: 0 | POS | INT | 14 | 9 |  | ((20-4)+x)=16 | 20 4 - x + 16 = | 20:tray 4:tray -:tray x:tray +:tray 16:tray =:tray
EXPR: 0 | POS | INT | 14 | 9 |  | ((x+20)-4)=16 | x 20 + 4 - 16 = | x:tray 20:tray +:tray 4:tray -:tray 16:tray =:tray
EXPR: 0 | POS | INT | 14 | 9 | 0 | 4=((x-16)+20) | 4 x 16 - 20 + = | 4:tray x:tray 16:tray -:tray 20:tray +:tray =:tray
EXPR: 0 | POS | INT | 14 | 9 |  | (20-(4-x))=16 | 20 4 x - - 16 = | 20:tray 4:tray x:tray -:tray -:tray 16:tray =:tray
EXPR: 0 | POS | INT | 14 | 9 | 16 | ((20-x)*4)=16 | 20 x - 4 * 16 = | 20:trip x:trip -:trip 4:tray *:tray 16:tray =:tray
EXPR: 0 | POS | INT | 14 | 9 | 8 | (20+(4-x))=16 | 20 4 x - + 16 = | 20:tray 4:tray x:tray -:tray +:tray 16:tray =:tray
EXPR: 0 | POS | INT | 14 | 9 | 0 | 20=((4+x)+16) | 20 4 x + 16 + = | 20:tray 4:tray x:tray +:tray 16:tray +:tray =:tray
EXPR: 0 | POS | INT | 14 | 9 |  | ((20-4)-x)=16 | 20 4 - x - 16 = | 20:tray 4:tray -:tray x:tray -:tray 16:tray =:tray
EXPR: 0 | POS | INT | 14 | 9 | 1 | (20*x)=(4+16) | 20 x * 4 16 + = | 20:tray x:trip *:tray 4:tray 16:tray +:tray =:tray
EXPR: 0 | POS | INT | 14 | 9 | 0 | 20=((4+16)+x) | 20 4 16 + x + = | 20:tray 4:tray 16:tray +:tray x:tray +:tray =:tray
EXPR: 0 | POS | INT | 14 | 9 | 40 | 4=((x-16)-20) | 4 x 16 - 20 - = | 4:tray x:tray 16:tray -:tray 20:tray -:tray =:tray
EXPR: 0 | POS | INT | 14 | 9 | 32 | 4=((16-x)+20) | 4 16 x - 20 + = | 4:tray 16:tray x:tray -:tray 20:tray +:tray =:tray
EXPR: 0 | POS | INT | 14 | 9 | 0 | 20=((4-x)+16) | 20 4 x - 16 + = | 20:tray 4:tray x:tray -:tray 16:tray +:tray =:tray
EXPR: 0 | POS | INT | 14 | 9 |  | ((4+x)+16)=20 | 4 x + 16 + 20 = | 4:tray x:tray +:tray 16:tray +:tray 20:tray =:tray
EXPR: 0 | POS | INT | 14 | 9 | 256 | (x/(20-4))=16 | x 20 4 - / 16 = | x:trip 20:tray 4:tray -:tray /:trip 16:trip =:trip
EXPR: 0 | POS | INT | 14 | 9 |  | ((4+16)-x)=20 | 4 16 + x - 20 = | 4:tray 16:tray +:tray x:tray -:tray 20:tray =:tray
EXPR: 0 | POS | INT | 14 | 9 | 24 | ((x-20)*4)=16 | x 20 - 4 * 16 = | x:trip 20:trip -:trip 4:tray *:tray 16:tray =:tray
EXPR: 0 | POS | INT | 14 | 9 | 32 | 20=((4-16)+x) | 20 4 16 - x + = | 20:tray 4:tray 16:tray -:tray x:tray +:tray =:tray
EXPR: 0 | POS | INT | 15 | 9 | 384 | x=(16*(4+20)) | x 16 4 20 + * = | x:trip 16:trip 4:tray 20:tray +:tray *:trip =:trip
EXPR: 0 | POS | INT | 15 | 9 | 144 | x=((20+16)*4) | x 20 16 + 4 * = | x:trip 20:tray 16:tray +:tray 4:trip *:trip =:trip
EXPR: 0 | POS | INT | 15 | 9 | 16 | x=((20-16)*4) | x 20 16 - 4 * = | x:trip 20:tray 16:tray -:tray 4:trip *:trip =:trip
EXPR: 0 | POS | INT | 15 | 9 | 32 | x=((20+16)-4) | x 20 16 + 4 - = | x:tray 20:tray 16:tray +:tray 4:tray -:tray =:tray
EXPR: 0 | POS | INT | 15 | 9 | 40 | x=((20+16)+4) | x 20 16 + 4 + = | x:tray 20:tray 16:tray +:tray 4:tray +:tray =:tray
EXPR: 0 | POS | INT | 15 | 9 | 240 | x=((16-4)*20) | x 16 4 - 20 * = | x:trip 16:tray 4:tray -:tray 20:trip *:trip =:trip
EXPR: 0 | POS | INT | 15 | 9 | 32 | x=(20+(16-4)) | x 20 16 4 - + = | x:tray 20:tray 16:tray 4:tray -:tray +:tray =:tray
EXPR: 0 | POS | INT | 15 | 9 | 144 | ((20+16)*4)=x | 20 16 + 4 * x = | 20:tray 16:tray +:tray 4:trip *:trip x:trip =:trip
EXPR: 0 | POS | INT | 15 | 9 |  | x=(16+(4-20)) | x 16 4 20 - + = | x:tray 16:tray 4:tray 20:tray -:tray +:tray =:tray
EXPR: 0 | POS | INT | 15 | 9 | 240 | ((16-4)*20)=x | 16 4 - 20 * x = | 16:tray 4:tray -:tray 20:trip *:trip x:trip =:trip
EXPR: 0 | POS | INT | 15 | 9 | 40 | x=(16+(4+20)) | x 16 4 20 + + = | x:tray 16:tray 4:tray 20:tray +:tray +:tray =:tray
EXPR: 0 | POS | INT | 15 | 9 | 32 | x=(16-(4-20)) | x 16 4 20 - - = | x:tray 16:tray 4:tray 20:tray -:tray -:tray =:tray
EXPR: 0 | POS | INT | 15 | 9 | 16 | ((20-16)*4)=x | 20 16 - 4 * x = | 20:tray 16:tray -:tray 4:trip *:trip x:trip =:trip
EXPR: 0 | POS | INT | 15 | 9 | 40 | (16+(4+20))=x | 16 4 20 + + x = | 16:tray 4:tray 20:tray +:tray +:tray x:tray =:tray
EXPR: 0 | POS | INT | 15 | 9 | 32 | (16-(4-20))=x | 16 4 20 - - x = | 16:tray 4:tray 20:tray -:tray -:tray x:tray =:tray
EXPR: 0 | POS | INT | 15 | 9 | 0 | (16+(4-20))=x | 16 4 20 - + x = | 16:tray 4:tray 20:tray -:tray +:tray x:tray =:tray
EXPR: 0 | POS | INT | 15 | 9 | 32 | ((16-4)+20)=x | 16 4 - 20 + x = | 16:tray 4:tray -:tray 20:tray +:tray x:tray =:tray
EXPR: 0 | POS | INT | 15 | 9 | 240 | (20*(16-4))=x | 20 16 4 - * x = | 20:trip 16:tray 4:tray -:tray *:trip x:trip =:trip
EXPR: 0 | POS | INT | 15 | 9 | 8 | ((20-16)+4)=x | 20 16 - 4 + x = | 20:tray 16:tray -:tray 4:tray +:tray x:tray =:tray
EXPR: 0 | POS | INT | 15 | 9 | 384 | (16*(4+20))=x | 16 4 20 + * x = | 16:trip 4:tray 20:tray +:tray *:trip x:trip =:trip
EXPR: 0 | POS | INT | 15 | 9 | 8 | (20-(16-4))=x | 20 16 4 - - x = | 20:tray 16:tray 4:tray -:tray -:tray x:tray =:tray
EXPR: 0 | POS | INT | 15 | 9 | 32 | ((20+16)-4)=x | 20 16 + 4 - x = | 20:tray 16:tray +:tray 4:tray -:tray x:tray =:tray
EXPR: 0 | POS | INT | 15 | 9 | 40 | ((20+16)+4)=x | 20 16 + 4 + x = | 20:tray 16:tray +:tray 4:tray +:tray x:tray =:tray
EXPR: 0 | POS | INT | 15 | 9 | 240 | x=(20*(16-4)) | x 20 16 4 - * = | x:trip 20:trip 16:tray 4:tray -:tray *:trip =:trip
EXPR: 0 | POS | INT | 15 | 9 | 32 | (20+(16-4))=x | 20 16 4 - + x = | 20:tray 16:tray 4:tray -:tray +:tray x:tray =:tray
EXPR: 0 | POS | INT | 15 | 9 | 32 | x=((16-4)+20) | x 16 4 - 20 + = | x:tray 16:tray 4:tray -:tray 20:tray +:tray =:tray
EXPR: 0 | POS | INT | 15 | 9 | 8 | x=(20-(16-4)) | x 20 16 4 - - = | x:tray 20:tray 16:tray 4:tray -:tray -:tray =:tray
EXPR: 0 | POS | INT | 15 | 9 | 8 | x=((20-16)+4) | x 20 16 - 4 + = | x:tray 20:tray 16:tray -:tray 4:tray +:tray =:tray
EXPR: 0 | POS | INT | 15 | 9 |  | x=((20-16)-4) | x 20 16 - 4 - = | x:tray 20:tray 16:tray -:tray 4:tray -:tray =:tray
EXPR: 0 | POS | INT | 15 | 9 | 0 | ((20-16)-4)=x | 20 16 - 4 - x = | 20:tray 16:tray -:tray 4:tray -:tray x:tray =:tray
EXPR: 0 | POS | INT | 17 | 9 | 8 | 20=((x+16)-4) | 20 x 16 + 4 - = | 20:tray x:tray 16:tray +:tray 4:tray -:tray =:tray
EXPR: 0 | POS | INT | 17 | 9 | 0 | 16=(x-(4-20)) | 16 x 4 20 - - = | 16:tray x:tray 4:tray 20:tray -:tray -:tray =:tray
EXPR: 0 | POS | INT | 17 | 9 | 40 | 16=(x-(4+20)) | 16 x 4 20 + - = | 16:tray x:tray 4:tray 20:tray +:tray -:tray =:tray
EXPR: 0 | POS | INT | 17 | 9 | 32 | 20=(x-(16-4)) | 20 x 16 4 - - = | 20:tray x:tray 16:tray 4:tray -:tray -:tray =:tray
EXPR: 0 | POS | INT | 17 | 9 | 256 | (16*(20-4))=x | 16 20 4 - * x = | 16:trip 20:tray 4:tray -:tray *:trip x:trip =:trip
EXPR: 0 | POS | INT | 17 | 9 | 1 | (16/(20-4))=x | 16 20 4 - / x = | 16:trip 20:tray 4:tray -:tray /:trip x:trip =:trip
EXPR: 0 | POS | INT | 17 | 9 |  | (16-(x-4))=20 | 16 x 4 - - 20 = | 16:tray x:tray 4:tray -:tray -:tray 20:tray =:tray
EXPR: 0 | POS | INT | 17 | 9 | 32 | 16=((x+4)-20) | 16 x 4 + 20 - = | 16:tray x:tray 4:tray +:tray 20:tray -:tray =:tray
EXPR: 0 | POS | INT | 17 | 9 | 8 | (16+(x-4))=20 | 16 x 4 - + 20 = | 16:tray x:tray 4:tray -:tray +:tray 20:tray =:tray
EXPR: 0 | POS | INT | 17 | 9 | 144 | (x/(20+16))=4 | x 20 16 + / 4 = | x:trip 20:tray 16:tray +:tray /:trip 4:trip =:trip
EXPR: 0 | POS | INT | 17 | 9 | 32 | ((20-x)+16)=4 | 20 x - 16 + 4 = | 20:tray x:tray -:tray 16:tray +:tray 4:tray =:tray
EXPR: 0 | POS | INT | 17 | 9 | 8 | 20=((16+x)-4) | 20 16 x + 4 - = | 20:tray 16:tray x:tray +:tray 4:tray -:tray =:tray
EXPR: 0 | POS | INT | 17 | 9 | 32 | 20=((x-16)+4) | 20 x 16 - 4 + = | 20:tray x:tray 16:tray -:tray 4:tray +:tray =:tray
EXPR: 0 | POS | INT | 17 | 9 | 0 | 20=((16-x)+4) | 20 16 x - 4 + = | 20:tray 16:tray x:tray -:tray 4:tray +:tray =:tray
EXPR: 0 | POS | INT | 17 | 9 | 8 | 20=(x+(16-4)) | 20 x 16 4 - + = | 20:tray x:tray 16:tray 4:tray -:tray +:tray =:tray
EXPR: 0 | POS | INT | 17 | 9 | 8 | ((x+16)-4)=20 | x 16 + 4 - 20 = | x:tray 16:tray +:tray 4:tray -:tray 20:tray =:tray
EXPR: 0 | POS | INT | 17 | 9 |  | ((x+16)+4)=20 | x 16 + 4 + 20 = | x:tray 16:tray +:tray 4:tray +:tray 20:tray =:tray
EXPR: 0 | POS | INT | 17 | 9 | 40 | ((x-16)-4)=20 | x 16 - 4 - 20 = | x:tray 16:tray -:tray 4:tray -:tray 20:tray =:tray
EXPR: 0 | POS | INT | 17 | 9 | 384 | 16=(x/(4+20)) | 16 x 4 20 + / = | 16:trip x:trip 4:tray 20:tray +:tray /:trip =:trip
EXPR: 0 | POS | INT | 17 | 9 | 11 | 20=((16-x)*4) | 20 16 x - 4 * = | 20:tray 16:trip x:trip -:trip 4:tray *:tray =:tray
EXPR: 0 | POS | INT | 17 | 9 |  | ((20-x)-16)=4 | 20 x - 16 - 4 = | 20:tray x:tray -:tray 16:tray -:tray 4:tray =:tray
EXPR: 0 | POS | INT | 17 | 9 | 21 | (20/(x-16))=4 | 20 x 16 - / 4 = | 20:tray x:trip 16:trip -:trip /:tray 4:tray =:tray
EXPR: 0 | POS | INT | 17 | 9 |  | ((x+20)-16)=4 | x 20 + 16 - 4 = | x:tray 20:tray +:tray 16:tray -:tray 4:tray =:tray
EXPR: 0 | POS | INT | 17 | 9 | 21 | ((x-16)*4)=20 | x 16 - 4 * 20 = | x:trip 16:trip -:trip 4:tray *:tray 20:tray =:tray
EXPR: 0 | POS | INT | 17 | 9 | 11 | (20/(16-x))=4 | 20 16 x - / 4 = | 20:tray 16:trip x:trip -:trip /:tray 4:tray =:tray
EXPR: 0 | POS | INT | 17 | 9 |  | ((20+x)-16)=4 | 20 x + 16 - 4 = | 20:tray x:tray +:tray 16:tray -:tray 4:tray =:tray
EXPR: 0 | POS | INT | 17 | 9 | 8 | (x-(20-16))=4 | x 20 16 - - 4 = | x:tray 20:tray 16:tray -:tray -:tray 4:tray =:tray
EXPR: 0 | POS | INT | 17 | 9 |  | (x+(20-16))=4 | x 20 16 - + 4 = | x:tray 20:tray 16:tray -:tray +:tray 4:tray =:tray
EXPR: 0 | POS | INT | 17 | 9 | 21 | 20=((x-16)*4) | 20 x 16 - 4 * = | 20:tray x:trip 16:trip -:trip 4:tray *:tray =:tray
EXPR: 0 | POS | INT | 17 | 9 | 0 | 20=((x+16)+4) | 20 x 16 + 4 + = | 20:tray x:tray 16:tray +:tray 4:tray +:tray =:tray
EXPR: 0 | POS | INT | 17 | 9 | 8 | 20=((16-4)+x) | 20 16 4 - x + = | 20:tray 16:tray 4:tray -:tray x:tray +:tray =:tray
EXPR: 0 | POS | INT | 17 | 9 | 256 | x=(16*(20-4)) | x 16 20 4 - * = | x:trip 16:trip 20:tray 4:tray -:tray *:trip =:trip
EXPR: 0 | POS | INT | 17 | 9 | 8 | ((16+x)-4)=20 | 16 x + 4 - 20 = | 16:tray x:tray +:tray 4:tray -:tray 20:tray =:tray
EXPR: 0 | POS | INT | 17 | 9 |  | ((16+x)+4)=20 | 16 x + 4 + 20 = | 16:tray x:tray +:tray 4:tray +:tray 20:tray =:tray
EXPR: 0 | POS | INT | 17 | 9 | 8 | 20=(16+(x-4)) | 20 16 x 4 - + = | 20:tray 16:tray x:tray 4:tray -:tray +:tray =:tray
EXPR: 0 | POS | INT | 17 | 9 |  | (20-(16-x))=4 | 20 16 x - - 4 = | 20:tray 16:tray x:tray -:tray -:tray 4:tray =:tray
EXPR: 0 | POS | INT | 17 | 9 | 32 | (20+(16-x))=4 | 20 16 x - + 4 = | 20:tray 16:tray x:tray -:tray +:tray 4:tray =:tray
EXPR: 0 | POS | INT | 17 | 9 | 32 | x=(16+(20-4)) | x 16 20 4 - + = | x:tray 16:tray 20:tray 4:tray -:tray +:tray =:tray
EXPR: 0 | POS | INT | 17 | 9 | 1 | x=(16/(20-4)) | x 16 20 4 - / = | x:trip 16:trip 20:tray 4:tray -:tray /:trip =:trip
EXPR: 0 | POS | INT | 17 | 9 | 0 | 16=((x-4)+20) | 16 x 4 - 20 + = | 16:tray x:tray 4:tray -:tray 20:tray +:tray =:tray
EXPR: 0 | POS | INT | 17 | 9 | 24 | 16=(4*(x-20)) | 16 4 x 20 - * = | 16:tray 4:tray x:trip 20:trip -:trip *:tray =:tray
EXPR: 0 | POS | INT | 17 | 9 | 32 | (20-(x-16))=4 | 20 x 16 - - 4 = | 20:tray x:tray 16:tray -:tray -:tray 4:tray =:tray
EXPR: 0 | POS | INT | 17 | 9 |  | (20+(x-16))=4 | 20 x 16 - + 4 = | 20:tray x:tray 16:tray -:tray +:tray 4:tray =:tray
EXPR: 0 | POS | INT | 17 | 9 | 32 | ((x-16)+4)=20 | x 16 - 4 + 20 = | x:tray 16:tray -:tray 4:tray +:tray 20:tray =:tray
EXPR: 0 | POS | INT | 17 | 9 |  | x=(16-(20-4)) | x 16 20 4 - - = | x:tray 16:tray 20:tray 4:tray -:tray -:tray =:tray
EXPR: 0 | POS | INT | 17 | 9 | 32 | (x-(16-4))=20 | x 16 4 - - 20 = | x:tray 16:tray 4:tray -:tray -:tray 20:tray =:tray
EXPR: 0 | POS | INT | 17 | 9 | 8 | (x+(16-4))=20 | x 16 4 - + 20 = | x:tray 16:tray 4:tray -:tray +:tray 20:tray =:tray
EXPR: 0 | POS | INT | 17 | 9 | 0 | 20=(16-(x-4)) | 20 16 x 4 - - = | 20:tray 16:tray x:tray 4:tray -:tray -:tray =:tray
EXPR: 0 | POS | INT | 17 | 9 | 8 | ((x-20)+16)=4 | x 20 - 16 + 4 = | x:tray 20:tray -:tray 16:tray +:tray 4:tray =:tray
EXPR: 0 | POS | INT | 17 | 9 |  | ((16-x)+4)=20 | 16 x - 4 + 20 = | 16:tray x:tray -:tray 4:tray +:tray 20:tray =:tray
EXPR: 0 | POS | INT | 17 | 9 | 40 | (x-(20+16))=4 | x 20 16 + - 4 = | x:tray 20:tray 16:tray +:tray -:tray 4:tray =:tray
EXPR: 0 | POS | INT | 17 | 9 | 0 | ((16-20)+4)=x | 16 20 - 4 + x = | 16:tray 20:tray -:tray 4:tray +:tray x:tray =:tray
EXPR: 0 | POS | INT | 17 | 9 |  | ((20-16)+x)=4 | 20 16 - x + 4 = | 20:tray 16:tray -:tray x:tray +:tray 4:tray =:tray
EXPR: 0 | POS | INT | 17 | 9 | 32 | ((20+16)-x)=4 | 20 16 + x - 4 = | 20:tray 16:tray +:tray x:tray -:tray 4:tray =:tray
EXPR: 0 | POS | INT | 17 | 9 |  | ((20-16)-x)=4 | 20 16 - x - 4 = | 20:tray 16:tray -:tray x:tray -:tray 4:tray =:tray
EXPR: 0 | POS | INT | 17 | 9 | 0 | 20=(16+(x+4)) | 20 16 x 4 + + = | 20:tray 16:tray x:tray 4:tray +:tray +:tray =:tray
EXPR: 0 | POS | INT | 17 | 9 |  | (20-(16+x))=4 | 20 16 x + - 4 = | 20:tray 16:tray x:tray +:tray -:tray 4:tray =:tray
EXPR: 0 | POS | INT | 17 | 9 | 8 | 16=(4-(x-20)) | 16 4 x 20 - - = | 16:tray 4:tray x:tray 20:tray -:tray -:tray =:tray
EXPR: 0 | POS | INT | 17 | 9 | 40 | 16=((x-4)-20) | 16 x 4 - 20 - = | 16:tray x:tray 4:tray -:tray 20:tray -:tray =:tray
EXPR: 0 | POS | INT | 17 | 9 | 32 | 16=(4+(x-20)) | 16 4 x 20 - + = | 16:tray 4:tray x:tray 20:tray -:tray +:tray =:tray
EXPR: 0 | POS | INT | 17 | 9 | 1 | (20-16)=(x*4) | 20 16 - x 4 * = | 20:tray 16:tray -:tray x:trip 4:tray *:tray =:tray
EXPR: 0 | POS | INT | 17 | 9 | 8 | 16=((4+20)-x) | 16 4 20 + x - = | 16:tray 4:tray 20:tray +:tray x:tray -:tray =:tray
EXPR: 0 | POS | INT | 17 | 9 | 40 | ((x-20)-16)=4 | x 20 - 16 - 4 = | x:tray 20:tray -:tray 16:tray -:tray 4:tray =:tray
EXPR: 0 | POS | INT | 17 | 9 | 0 | 20=((16+x)+4) | 20 16 x + 4 + = | 20:tray 16:tray x:tray +:tray 4:tray +:tray =:tray
EXPR: 0 | POS | INT | 17 | 9 | 32 | 16=(x+(4-20)) | 16 x 4 20 - + = | 16:tray x:tray 4:tray 20:tray -:tray +:tray =:tray
EXPR: 0 | POS | INT | 17 | 9 | 32 | 16=((4-20)+x) | 16 4 20 - x + = | 16:tray 4:tray 20:tray -:tray x:tray +:tray =:tray
EXPR: 0 | POS | INT | 17 | 9 | 8 | ((16-4)+x)=20 | 16 4 - x + 20 = | 16:tray 4:tray -:tray x:tray +:tray 20:tray =:tray
EXPR: 0 | POS | INT | 17 | 9 |  | (16+(x+4))=20 | 16 x 4 + + 20 = | 16:tray x:tray 4:tray +:tray +:tray 20:tray =:tray
EXPR: 0 | POS | INT | 17 | 9 | 8 | 16=(4+(20-x)) | 16 4 20 x - + = | 16:tray 4:tray 20:tray x:tray -:tray +:tray =:tray
EXPR: 1 | POS | INT | 17 | 9 | 9 | (20+16)=(x*4) | 20 16 + x 4 * = | 20:tray 16:tray +:tray x:trip 4:tray *:tray =:tray
EXPR: 0 | POS | INT | 17 | 9 | 40 | 20=((x-16)-4) | 20 x 16 - 4 - = | 20:tray x:tray 16:tray -:tray 4:tray -:tray =:tray
EXPR: 0 | POS | INT | 17 | 9 |  | (16+(4-x))=20 | 16 4 x - + 20 = | 16:tray 4:tray x:tray -:tray +:tray 20:tray =:tray
EXPR: 0 | POS | INT | 17 | 9 | 32 | 16=((4+x)-20) | 16 4 x + 20 - = | 16:tray 4:tray x:tray +:tray 20:tray -:tray =:tray
EXPR: 0 | POS | INT | 17 | 9 | 0 | (16-(20-4))=x | 16 20 4 - - x = | 16:tray 20:tray 4:tray -:tray -:tray x:tray =:tray
EXPR: 0 | POS | INT | 17 | 9 | 32 | (16+(20-4))=x | 16 20 4 - + x = | 16:tray 20:tray 4:tray -:tray +:tray x:tray =:tray
EXPR: 0 | POS | INT | 17 | 9 | 32 | 16=(4-(20-x)) | 16 4 20 x - - = | 16:tray 4:tray 20:tray x:tray -:tray -:tray =:tray
EXPR: 0 | POS | INT | 17 | 9 | 0 | 20=(16+(4+x)) | 20 16 4 x + + = | 20:tray 16:tray 4:tray x:tray +:tray +:tray =:tray
EXPR: 0 | POS | INT | 17 | 9 | 240 | (x/(16-4))=20 | x 16 4 - / 20 = | x:trip 16:tray 4:tray -:tray /:trip 20:trip =:trip
EXPR: 0 | POS | INT | 17 | 9 | 16 | (x/(20-16))=4 | x 20 16 - / 4 = | x:trip 20:tray 16:tray -:tray /:trip 4:trip =:trip
EXPR: 0 | POS | INT | 17 | 9 | 0 | 20=(16+(4-x)) | 20 16 4 x - + = | 20:tray 16:tray 4:tray x:tray -:tray +:tray =:tray
EXPR: 0 | POS | INT | 17 | 9 |  | (16+(4+x))=20 | 16 4 x + + 20 = | 16:tray 4:tray x:tray +:tray +:tray 20:tray =:tray
EXPR: 0 | POS | INT | 17 | 9 |  | x=((16-20)+4) | x 16 20 - 4 + = | x:tray 16:tray 20:tray -:tray 4:tray +:tray =:tray
EXPR: 0 | POS | INT | 17 | 9 |  | (20-(x+16))=4 | 20 x 16 + - 4 = | 20:tray x:tray 16:tray +:tray -:tray 4:tray =:tray
EXPR: 0 | POS | INT | 17 | 9 | 11 | ((16-x)*4)=20 | 16 x - 4 * 20 = | 16:trip x:trip -:trip 4:tray *:tray 20:tray =:tray
EXPR: 0 | POS | INT | 17 | 9 | 8 | 16=((4-x)+20) | 16 4 x - 20 + = | 16:tray 4:tray x:tray -:tray 20:tray +:tray =:tray
EXPR: 0 | POS | INT | 17 | 9 | 240 | 20=(x/(16-4)) | 20 x 16 4 - / = | 20:trip x:trip 16:tray 4:tray -:tray /:trip =:trip
EXPR: 1 | POS | INT | 17 | 9 | 9 | (20+16)=(4*x) | 20 16 + 4 x * = | 20:tray 16:tray +:tray 4:tray x:trip *:tray =:tray
EXPR: 0 | POS | INT | 17 | 9 | 1 | (20-16)=(4*x) | 20 16 - 4 x * = | 20:tray 16:tray -:tray 4:tray x:trip *:tray =:tray
EXPR: 0 | POS | INT | 17 | 9 | 8 | 20=(16-(4-x)) | 20 16 4 x - - = | 20:tray 16:tray 4:tray x:tray -:tray -:tray =:tray
EXPR: 0 | POS | INT | 17 | 9 | 8 | (16-(4-x))=20 | 16 4 x - - 20 = | 16:tray 4:tray x:tray -:tray -:tray 20:tray =:tray
EXPR: 0 | POS | INT | 17 | 9 | 16 | 16=(4*(20-x)) | 16 4 20 x - * = | 16:tray 4:tray 20:trip x:trip -:trip *:tray =:tray
EXPR: 0 | POS | INT | 17 | 9 | 1 | (20-16)=(4/x) | 20 16 - 4 x / = | 20:tray 16:tray -:tray 4:tray x:trip /:tray =:tray
EXPR: 0 | POS | INT | 19 | 9 | 32 | 16=(x-(20-4)) | 16 x 20 4 - - = | 16:tray x:tray 20:tray 4:tray -:tray -:tray =:tray
EXPR: 0 | POS | INT | 19 | 9 | 32 | ((16-x)+20)=4 | 16 x - 20 + 4 = | 16:tray x:tray -:tray 20:tray +:tray 4:tray =:tray
EXPR: 0 | POS | INT | 19 | 9 | 0 | 16=((x+20)-4) | 16 x 20 + 4 - = | 16:tray x:tray 20:tray +:tray 4:tray -:tray =:tray
EXPR: 0 | POS | INT | 19 | 9 | 24 | (16/(x-20))=4 | 16 x 20 - / 4 = | 16:tray x:trip 20:trip -:trip /:tray 4:tray =:tray
EXPR: 0 | POS | INT | 19 | 9 | 8 | ((x+16)-20)=4 | x 16 + 20 - 4 = | x:tray 16:tray +:tray 20:tray -:tray 4:tray =:tray
EXPR: 0 | POS | INT | 19 | 9 | 40 | ((x-16)-20)=4 | x 16 - 20 - 4 = | x:tray 16:tray -:tray 20:tray -:tray 4:tray =:tray
EXPR: 0 | POS | INT | 19 | 9 | 8 | ((16+x)-20)=4 | 16 x + 20 - 4 = | 16:tray x:tray +:tray 20:tray -:tray 4:tray =:tray
EXPR: 0 | POS | INT | 19 | 9 |  | ((x-16)+20)=4 | x 16 - 20 + 4 = | x:tray 16:tray -:tray 20:tray +:tray 4:tray =:tray
EXPR: 0 | POS | INT | 19 | 9 | 8 | (16-(20-x))=4 | 16 20 x - - 4 = | 16:tray 20:tray x:tray -:tray -:tray 4:tray =:tray
EXPR: 0 | POS | INT | 19 | 9 | 0 | 16=((20+x)-4) | 16 20 x + 4 - = | 16:tray 20:tray x:tray +:tray 4:tray -:tray =:tray
EXPR: 0 | POS | INT | 19 | 9 | 32 | (16-(x-20))=4 | 16 x 20 - - 4 = | 16:tray x:tray 20:tray -:tray -:tray 4:tray =:tray
EXPR: 0 | POS | INT | 19 | 9 | 8 | (16+(x-20))=4 | 16 x 20 - + 4 = | 16:tray x:tray 20:tray -:tray +:tray 4:tray =:tray
EXPR: 0 | POS | INT | 19 | 9 | 32 | 16=((x-20)+4) | 16 x 20 - 4 + = | 16:tray x:tray 20:tray -:tray 4:tray +:tray =:tray
EXPR: 0 | POS | INT | 19 | 9 | 1 | (x*16)=(20-4) | x 16 * 20 4 - = | x:trip 16:tray *:tray 20:tray 4:tray -:tray =:tray
EXPR: 0 | POS | INT | 19 | 9 |  | (x-(16-20))=4 | x 16 20 - - 4 = | x:tray 16:tray 20:tray -:tray -:tray 4:tray =:tray
EXPR: 0 | POS | INT | 19 | 9 | 8 | (x+(16-20))=4 | x 16 20 - + 4 = | x:tray 16:tray 20:tray -:tray +:tray 4:tray =:tray
EXPR: 0 | POS | INT | 19 | 9 | 32 | (16+(20-x))=4 | 16 20 x - + 4 = | 16:tray 20:tray x:tray -:tray +:tray 4:tray =:tray
EXPR: 0 | POS | INT | 19 | 9 | 0 | 16=(20-(x+4)) | 16 20 x 4 + - = | 16:tray 20:tray x:tray 4:tray +:tray -:tray =:tray
EXPR: 0 | POS | INT | 19 | 9 | 40 | 16=((x-20)-4) | 16 x 20 - 4 - = | 16:tray x:tray 20:tray -:tray 4:tray -:tray =:tray
EXPR: 0 | POS | INT | 19 | 9 | 8 | 16=(20-(x-4)) | 16 20 x 4 - - = | 16:tray 20:tray x:tray 4:tray -:tray -:tray =:tray
EXPR: 0 | POS | INT | 19 | 9 | 256 | 16=(x/(20-4)) | 16 x 20 4 - / = | 16:trip x:trip 20:tray 4:tray -:tray /:trip =:trip
EXPR: 0 | POS | INT | 19 | 9 | 8 | ((16-20)+x)=4 | 16 20 - x + 4 = | 16:tray 20:tray -:tray x:tray +:tray 4:tray =:tray
EXPR: 0 | POS | INT | 19 | 9 | 1 | (16/x)=(20-4) | 16 x / 20 4 - = | 16:tray x:trip /:tray 20:tray 4:tray -:tray =:tray
EXPR: 0 | POS | INT | 19 | 9 | 16 | (16/(20-x))=4 | 16 20 x - / 4 = | 16:tray 20:trip x:trip -:trip /:tray 4:tray =:tray
EXPR: 0 | POS | INT | 19 | 9 | 0 | 16=(20+(x-4)) | 16 20 x 4 - + = | 16:tray 20:tray x:tray 4:tray -:tray +:tray =:tray
EXPR: 0 | POS | INT | 19 | 9 | 8 | 16=((20-x)+4) | 16 20 x - 4 + = | 16:tray 20:tray x:tray -:tray 4:tray +:tray =:tray
EXPR: 0 | POS | INT | 19 | 9 | 0 | 16=((20-x)-4) | 16 20 x - 4 - = | 16:tray 20:tray x:tray -:tray 4:tray -:tray =:tray
EXPR: 0 | POS | INT | 19 | 9 | 0 | 16=((20-4)+x) | 16 20 4 - x + = | 16:tray 20:tray 4:tray -:tray x:tray +:tray =:tray
EXPR: 0 | POS | INT | 19 | 9 | 0 | 16=((20-4)-x) | 16 20 4 - x - = | 16:tray 20:tray 4:tray -:tray x:tray -:tray =:tray
EXPR: 0 | POS | INT | 19 | 9 | 24 | 16=((x-20)*4) | 16 x 20 - 4 * = | 16:tray x:trip 20:trip -:trip 4:tray *:tray =:tray
EXPR: 0 | POS | INT | 19 | 9 | 0 | 16=(20-(4+x)) | 16 20 4 x + - = | 16:tray 20:tray 4:tray x:tray +:tray -:tray =:tray
EXPR: 0 | POS | INT | 19 | 9 | 0 | 16=(x+(20-4)) | 16 x 20 4 - + = | 16:tray x:tray 20:tray 4:tray -:tray +:tray =:tray
EXPR: 0 | POS | INT | 19 | 9 | 8 | 16=(20+(4-x)) | 16 20 4 x - + = | 16:tray 20:tray 4:tray x:tray -:tray +:tray =:tray
EXPR: 0 | POS | INT | 19 | 9 | 16 | 16=((20-x)*4) | 16 20 x - 4 * = | 16:tray 20:trip x:trip -:trip 4:tray *:tray =:tray
EXPR: 0 | POS | INT | 19 | 9 | 0 | 16=(20-(4-x)) | 16 20 4 x - - = | 16:tray 20:tray 4:tray x:tray -:tray -:tray =:tray
EXPR: 0 | POS | INT | 19 | 9 | 1 | (16*x)=(20-4) | 16 x * 20 4 - = | 16:tray x:trip *:tray 20:tray 4:tray -:tray =:tray
EXPR: 0 | POS | INT | 20 | 9 | 64 | x=((4*20)-16) | x 4 20 * 16 - = | x:trip 4:tray 20:trip *:trip 16:trip -:trip =:trip
EXPR: 0 | POS | INT | 20 | 9 | 96 | x=((4*20)+16) | x 4 20 * 16 + = | x:trip 4:tray 20:trip *:trip 16:trip +:trip =:trip
EXPR: 0 | POS | INT | 20 | 9 | 96 | ((4*20)+16)=x | 4 20 * 16 + x = | 4:trip 20:tray *:tray 16:tray +:tray x:tray =:tray
EXPR: 0 | POS | INT | 20 | 9 | 64 | ((4*20)-16)=x | 4 20 * 16 - x = | 4:trip 20:tray *:tray 16:tray -:tray x:tray =:tray
EXPR: 0 | POS | INT | 20 | 9 | 324 | (4+(20*16))=x | 4 20 16 * + x = | 4:tray 20:tray 16:trip *:tray +:tray x:tray =:tray
EXPR: 0 | POS | INT | 20 | 9 | 324 | x=(4+(20*16)) | x 4 20 16 * + = | x:trip 4:trip 20:tray 16:trip *:trip +:trip =:trip
NET 422 unique, non-negative, integer-valued solutions found out of 1000 total solutions
