parameters: n=7 l=3 k=1 p=5 q=2 m=9
TOTAL 1000 solutions found
SOLN: CORRECT | POS/NEG | INT/FRA | OBJ-SCORE | TRUE-ANS | ANS | INFIX | POSTFIX | TYPED-POSTFIX
EXPR: 0 | POS | INT | 0 | 9 | 729 | x=((30+51)*9) | x 30 51 + 9 * = | x:picture 30:picture 51:picture +:picture 9:album *:picture =:picture
EXPR: 1 | POS | INT | 0 | 9 | 9 | x=((30+51)/9) | x 30 51 + 9 / = | x:picture 30:picture 51:picture +:picture 9:album /:picture =:picture
EXPR: 0 | POS | INT | 0 | 9 | 489 | x=(30+(51*9)) | x 30 51 9 * + = | x:picture 30:picture 51:picture 9:album *:picture +:picture =:picture
EXPR: 1 | POS | INT | 0 | 9 | 9 | ((30+51)/9)=x | 30 51 + 9 / x = | 30:picture 51:picture +:picture 9:album /:picture x:picture =:picture
EXPR: 0 | POS | INT | 0 | 9 | 729 | ((30+51)*9)=x | 30 51 + 9 * x = | 30:picture 51:picture +:picture 9:album *:picture x:picture =:picture
EXPR: 0 | POS | INT | 0 | 9 | 489 | (30+(51*9))=x | 30 51 9 * + x = | 30:picture 51:picture 9:album *:picture +:picture x:picture =:picture
EXPR: 0 | POS | INT | 2 | 9 | 219 | x=((30*9)-51) | x 30 9 * 51 - = | x:picture 30:picture 9:album *:picture 51:picture -:picture =:picture
EXPR: 0 | POS | INT | 2 | 9 | 321 | x=((30*9)+51) | x 30 9 * 51 + = | x:picture 30:picture 9:album *:picture 51:picture +:picture =:picture
EXPR: 0 | POS | INT | 2 | 9 | 429 | 30=((51*9)-x) | 30 51 9 * x - = | 30:picture 51:picture 9:album *:picture x:picture -:picture =:picture
EXPR: 0 | POS | INT | 2 | 9 | 489 | 30=(x-(51*9)) | 30 x 51 9 * - = | 30:picture x:picture 51:picture 9:album *:picture -:picture =:picture
EXPR: 0 | POS | INT | 2 | 9 | 321 | ((30*9)+51)=x | 30 9 * 51 + x = | 30:picture 9:album *:picture 51:picture +:picture x:picture =:picture
EXPR: 0 | POS | INT | 2 | 9 | 321 | x=(51+(30*9)) | x 51 30 9 * + = | x:picture 51:picture 30:picture 9:album *:picture +:picture =:picture
EXPR: 0 | POS | INT | 2 | 9 | 219 | ((30*9)-51)=x | 30 9 * 51 - x = | 30:picture 9:album *:picture 51:picture -:picture x:picture =:picture
EXPR: 0 | POS | INT | 2 | 9 | 321 | (51+(30*9))=x | 51 30 9 * + x = | 51:picture 30:picture 9:album *:picture +:picture x:picture =:picture
EXPR: 0 | POS | INT | 2 | 9 | 219 | 30=((x+51)/9) | 30 x 51 + 9 / = | 30:picture x:picture 51:picture +:picture 9:album /:picture =:picture
EXPR: 0 | POS | INT | 2 | 9 | 219 | 30=((51+x)/9) | 30 51 x + 9 / = | 30:picture 51:picture x:picture +:picture 9:album /:picture =:picture
EXPR: 0 | POS | INT | 2 | 9 | 189 | 30=(51-(x/9)) | 30 51 x 9 / - = | 30:picture 51:picture x:picture 9:album /:picture -:picture =:picture
EXPR: 0 | POS | INT | 2 | 9 | 321 | 30=((x-51)/9) | 30 x 51 - 9 / = | 30:picture x:picture 51:picture -:picture 9:album /:picture =:picture
EXPR: 0 | POS | INT | 2 | 9 | 189 | x=((51-30)*9) | x 51 30 - 9 * = | x:picture 51:picture 30:picture -:picture 9:album *:picture =:picture
EXPR: 0 | POS | INT | 2 | 9 | 189 | ((51-30)*9)=x | 51 30 - 9 * x = | 51:picture 30:picture -:picture 9:album *:picture x:picture =:picture
EXPR: 0 | POS | INT | 4 | 9 | 429 | 51=((x+30)/9) | 51 x 30 + 9 / = | 51:picture x:picture 30:picture +:picture 9:album /:picture =:picture
EXPR: 0 | POS | INT | 4 | 9 | 429 | ((x+30)/9)=51 | x 30 + 9 / 51 = | x:picture 30:picture +:picture 9:album /:picture 51:picture =:picture
EXPR: 0 | POS | INT | 4 | 9 | 321 | 51=(x-(30*9)) | 51 x 30 9 * - = | 51:picture x:picture 30:picture 9:album *:picture -:picture =:picture
EXPR: 1 | POS | INT | 4 | 9 | 9 | 30=((9*x)-51) | 30 9 x * 51 - = | 30:picture 9:album x:picture *:picture 51:picture -:picture =:picture
EXPR: 0 | POS | INT | 4 | 9 | 219 | 51=((30*9)-x) | 51 30 9 * x - = | 51:picture 30:picture 9:album *:picture x:picture -:picture =:picture
EXPR: 0 | POS | INT | 4 | 9 | 729 | 30=((x/9)-51) | 30 x 9 / 51 - = | 30:picture x:picture 9:album /:picture 51:picture -:picture =:picture
EXPR: 0 | POS | INT | 4 | 9 | 429 | ((30+x)/9)=51 | 30 x + 9 / 51 = | 30:picture x:picture +:picture 9:album /:picture 51:picture =:picture
EXPR: 0 | POS | INT | 4 | 9 | 219 | ((30*9)-x)=51 | 30 9 * x - 51 = | 30:picture 9:album *:picture x:picture -:picture 51:picture =:picture
EXPR: 0 | POS | INT | 4 | 9 | 189 | 51=(30+(x/9)) | 51 30 x 9 / + = | 51:picture 30:picture x:picture 9:album /:picture +:picture =:picture
EXPR: 0 | POS | INT | 4 | 9 | 321 | (x-(30*9))=51 | x 30 9 * - 51 = | x:picture 30:picture 9:album *:picture -:picture 51:picture =:picture
EXPR: 0 | POS | INT | 4 | 9 | 489 | ((x-30)/9)=51 | x 30 - 9 / 51 = | x:picture 30:picture -:picture 9:album /:picture 51:picture =:picture
EXPR: 0 | POS | INT | 4 | 9 | 189 | (30+(x/9))=51 | 30 x 9 / + 51 = | 30:picture x:picture 9:album /:picture +:picture 51:picture =:picture
EXPR: 1 | POS | INT | 4 | 9 | 9 | 30=((x*9)-51) | 30 x 9 * 51 - = | 30:picture x:picture 9:album *:picture 51:picture -:picture =:picture
EXPR: 0 | POS | INT | 4 | 9 | 489 | 51=((x-30)/9) | 51 x 30 - 9 / = | 51:picture x:picture 30:picture -:picture 9:album /:picture =:picture
EXPR: 0 | POS | INT | 4 | 9 | 429 | 51=((30+x)/9) | 51 30 x + 9 / = | 51:picture 30:picture x:picture +:picture 9:album /:picture =:picture
EXPR: 0 | POS | INT | 5 | 9 | 489 | ((51*9)+30)=x | 51 9 * 30 + x = | 51:picture 9:album *:picture 30:picture +:picture x:picture =:picture
EXPR: 0 | POS | INT | 5 | 9 | 429 | ((51*9)-30)=x | 51 9 * 30 - x = | 51:picture 9:album *:picture 30:picture -:picture x:picture =:picture
EXPR: 0 | POS | INT | 5 | 9 | 729 | (9*(30+51))=x | 9 30 51 + * x = | 9:album 30:picture 51:picture +:picture *:picture x:picture =:picture
EXPR: 0 | POS | INT | 5 | 9 | 429 | x=((51*9)-30) | x 51 9 * 30 - = | x:picture 51:picture 9:album *:picture 30:picture -:picture =:picture
EXPR: 0 | POS | INT | 5 | 9 | 729 | x=(9*(30+51)) | x 9 30 51 + * = | x:picture 9:album 30:picture 51:picture +:picture *:picture =:picture
EXPR: 0 | POS | INT | 5 | 9 | 489 | x=((51*9)+30) | x 51 9 * 30 + = | x:picture 51:picture 9:album *:picture 30:picture +:picture =:picture
EXPR: 1 | POS | INT | 7 | 9 | 9 | ((x*9)-30)=51 | x 9 * 30 - 51 = | x:picture 9:album *:picture 30:picture -:picture 51:picture =:picture
EXPR: 0 | POS | INT | 7 | 9 | 189 | (9*(51-30))=x | 9 51 30 - * x = | 9:album 51:picture 30:picture -:picture *:picture x:picture =:picture
EXPR: 1 | POS | INT | 7 | 9 | 9 | 51=((9*x)-30) | 51 9 x * 30 - = | 51:picture 9:album x:picture *:picture 30:picture -:picture =:picture
EXPR: 0 | POS | INT | 7 | 9 | 219 | ((51+x)/9)=30 | 51 x + 9 / 30 = | 51:picture x:picture +:picture 9:album /:picture 30:picture =:picture
EXPR: 0 | POS | INT | 7 | 9 | 729 | ((x/9)-30)=51 | x 9 / 30 - 51 = | x:picture 9:album /:picture 30:picture -:picture 51:picture =:picture
EXPR: 0 | POS | INT | 7 | 9 | 189 | 51=((x/9)+30) | 51 x 9 / 30 + = | 51:picture x:picture 9:album /:picture 30:picture +:picture =:picture
EXPR: 0 | POS | INT | 7 | 9 | 189 | ((x/9)+30)=51 | x 9 / 30 + 51 = | x:picture 9:album /:picture 30:picture +:picture 51:picture =:picture
EXPR: 0 | POS | INT | 7 | 9 | 429 | ((51*9)-x)=30 | 51 9 * x - 30 = | 51:picture 9:album *:picture x:picture -:picture 30:picture =:picture
EXPR: 0 | POS | INT | 7 | 9 | 189 | (51-(x/9))=30 | 51 x 9 / - 30 = | 51:picture x:picture 9:album /:picture -:picture 30:picture =:picture
EXPR: 0 | POS | INT | 7 | 9 | 489 | (x-(51*9))=30 | x 51 9 * - 30 = | x:picture 51:picture 9:album *:picture -:picture 30:picture =:picture
EXPR: 0 | POS | INT | 7 | 9 | 729 | 51=((x/9)-30) | 51 x 9 / 30 - = | 51:picture x:picture 9:album /:picture 30:picture -:picture =:picture
EXPR: 0 | POS | INT | 7 | 9 | 219 | ((x+51)/9)=30 | x 51 + 9 / 30 = | x:picture 51:picture +:picture 9:album /:picture 30:picture =:picture
EXPR: 1 | POS | INT | 7 | 9 | 9 | 51=((x*9)-30) | 51 x 9 * 30 - = | 51:picture x:picture 9:album *:picture 30:picture -:picture =:picture
EXPR: 0 | POS | INT | 7 | 9 | 321 | ((x-51)/9)=30 | x 51 - 9 / 30 = | x:picture 51:picture -:picture 9:album /:picture 30:picture =:picture
EXPR: 0 | POS | INT | 7 | 9 | 189 | x=(9*(51-30)) | x 9 51 30 - * = | x:picture 9:album 51:picture 30:picture -:picture *:picture =:picture
EXPR: 1 | POS | INT | 7 | 9 | 9 | ((9*x)-30)=51 | 9 x * 30 - 51 = | 9:album x:picture *:picture 30:picture -:picture 51:picture =:picture
EXPR: 1 | POS | INT | 9 | 9 | 9 | ((x*9)-51)=30 | x 9 * 51 - 30 = | x:picture 9:album *:picture 51:picture -:picture 30:picture =:picture
EXPR: 0 | POS | INT | 9 | 9 | 729 | ((x/9)-51)=30 | x 9 / 51 - 30 = | x:picture 9:album /:picture 51:picture -:picture 30:picture =:picture
EXPR: 1 | POS | INT | 9 | 9 | 9 | ((9*x)-51)=30 | 9 x * 51 - 30 = | 9:album x:picture *:picture 51:picture -:picture 30:picture =:picture
EXPR: 0 | POS | INT | 10 | 9 | 72 | (30+(51-9))=x | 30 51 9 - + x = | 30:picture 51:picture 9:picture -:picture +:picture x:picture =:picture
EXPR: 0 | POS | INT | 10 | 9 | 1260 | (30*(51-9))=x | 30 51 9 - * x = | 30:picture 51:album 9:album -:album *:picture x:picture =:picture
EXPR: 0 | POS | INT | 10 | 9 | 90 | (30+(51+9))=x | 30 51 9 + + x = | 30:picture 51:picture 9:picture +:picture +:picture x:picture =:picture
EXPR: 0 | POS | INT | 10 | 9 | 1800 | (30*(51+9))=x | 30 51 9 + * x = | 30:picture 51:album 9:album +:album *:picture x:picture =:picture
EXPR: 0 | POS | INT | 10 | 9 | 72 | ((30+51)-9)=x | 30 51 + 9 - x = | 30:picture 51:picture +:picture 9:picture -:picture x:picture =:picture
EXPR: 0 | POS | INT | 10 | 9 | 90 | ((30+51)+9)=x | 30 51 + 9 + x = | 30:picture 51:picture +:picture 9:picture +:picture x:picture =:picture
EXPR: 0 | POS | INT | 10 | 9 | 90 | x=((30+51)+9) | x 30 51 + 9 + = | x:picture 30:picture 51:picture +:picture 9:picture +:picture =:picture
EXPR: 0 | POS | INT | 10 | 9 | 1800 | x=(30*(51+9)) | x 30 51 9 + * = | x:picture 30:picture 51:album 9:album +:album *:picture =:picture
EXPR: 0 | POS | INT | 10 | 9 | 1260 | x=(30*(51-9)) | x 30 51 9 - * = | x:picture 30:picture 51:album 9:album -:album *:picture =:picture
EXPR: 0 | POS | INT | 10 | 9 | 72 | x=((30+51)-9) | x 30 51 + 9 - = | x:picture 30:picture 51:picture +:picture 9:picture -:picture =:picture
EXPR: 0 | POS | INT | 10 | 9 | 72 | x=(30+(51-9)) | x 30 51 9 - + = | x:picture 30:picture 51:picture 9:picture -:picture +:picture =:picture
EXPR: 0 | POS | INT | 10 | 9 | 90 | x=(30+(51+9)) | x 30 51 9 + + = | x:picture 30:picture 51:picture 9:picture +:picture +:picture =:picture
EXPR: 0 | POS | INT | 12 | 9 | 72 | ((30+51)-x)=9 | 30 51 + x - 9 = | 30:picture 51:picture +:picture x:picture -:picture 9:picture =:picture
EXPR: 0 | POS | INT | 12 | 9 | 1989 | (51*(30+9))=x | 51 30 9 + * x = | 51:picture 30:album 9:album +:album *:picture x:picture =:picture
EXPR: 0 | POS | INT | 12 | 9 | 12 | x=((51-30)-9) | x 51 30 - 9 - = | x:picture 51:picture 30:picture -:picture 9:picture -:picture =:picture
EXPR: 0 | POS | INT | 12 | 9 | 30 | ((30-51)+x)=9 | 30 51 - x + 9 = | 30:picture 51:picture -:picture x:picture +:picture 9:picture =:picture
EXPR: 0 | POS | INT | 12 | 9 | 12 | 30=((51-9)-x) | 30 51 9 - x - = | 30:picture 51:picture 9:picture -:picture x:picture -:picture =:picture
EXPR: 0 | POS | INT | 12 | 9 | 12 | ((51-30)-9)=x | 51 30 - 9 - x = | 51:picture 30:picture -:picture 9:picture -:picture x:picture =:picture
EXPR: 0 | POS | INT | 12 | 9 | 1989 | x=((30+9)*51) | x 30 9 + 51 * = | x:picture 30:album 9:album +:album 51:picture *:picture =:picture
EXPR: 0 | POS | INT | 12 | 9 | 72 | (30-(9-51))=x | 30 9 51 - - x = | 30:picture 9:picture 51:picture -:picture -:picture x:picture =:picture
EXPR: 0 | POS | INT | 12 | 9 | 30 | (30+(x-51))=9 | 30 x 51 - + 9 = | 30:picture x:picture 51:picture -:picture +:picture 9:picture =:picture
EXPR: 0 | POS | INT | 12 | 9 | 90 | 30=((x-51)-9) | 30 x 51 - 9 - = | 30:picture x:picture 51:picture -:picture 9:picture -:picture =:picture
EXPR: 0 | POS | INT | 12 | 9 | 90 | ((30+9)+51)=x | 30 9 + 51 + x = | 30:picture 9:picture +:picture 51:picture +:picture x:picture =:picture
EXPR: 0 | POS | INT | 12 | 9 | 72 | (51+(30-9))=x | 51 30 9 - + x = | 51:picture 30:picture 9:picture -:picture +:picture x:picture =:picture
EXPR: 0 | POS | INT | 12 | 9 | 72 | (30-(x-51))=9 | 30 x 51 - - 9 = | 30:picture x:picture 51:picture -:picture -:picture 9:picture =:picture
EXPR: 0 | POS | INT | 12 | 9 | 30 | x=((51-30)+9) | x 51 30 - 9 + = | x:picture 51:picture 30:picture -:picture 9:picture +:picture =:picture
EXPR: 0 | POS | INT | 12 | 9 | 30 | ((x+30)-51)=9 | x 30 + 51 - 9 = | x:picture 30:picture +:picture 51:picture -:picture 9:picture =:picture
EXPR: 0 | POS | INT | 12 | 9 | 72 | x=((30-9)+51) | x 30 9 - 51 + = | x:picture 30:picture 9:picture -:picture 51:picture +:picture =:picture
EXPR: 0 | POS | INT | 12 | 9 | 90 | x=((30+9)+51) | x 30 9 + 51 + = | x:picture 30:picture 9:picture +:picture 51:picture +:picture =:picture
EXPR: 0 | POS | INT | 12 | 9 | 30 | ((30+x)-51)=9 | 30 x + 51 - 9 = | 30:picture x:picture +:picture 51:picture -:picture 9:picture =:picture
EXPR: 0 | POS | INT | 12 | 9 | 1989 | x=(51*(30+9)) | x 51 30 9 + * = | x:picture 51:picture 30:album 9:album +:album *:picture =:picture
EXPR: 0 | POS | INT | 12 | 9 | 1071 | (51*(30-9))=x | 51 30 9 - * x = | 51:picture 30:album 9:album -:album *:picture x:picture =:picture
EXPR: 0 | POS | INT | 12 | 9 | 1071 | x=(51*(30-9)) | x 51 30 9 - * = | x:picture 51:picture 30:album 9:album -:album *:picture =:picture
EXPR: 0 | POS | INT | 12 | 9 | 30 | (51-(30-9))=x | 51 30 9 - - x = | 51:picture 30:picture 9:picture -:picture -:picture x:picture =:picture
EXPR: 0 | POS | INT | 12 | 9 | 12 | (51-(30+9))=x | 51 30 9 + - x = | 51:picture 30:picture 9:picture +:picture -:picture x:picture =:picture
EXPR: 0 | POS | INT | 12 | 9 | 90 | (51+(30+9))=x | 51 30 9 + + x = | 51:picture 30:picture 9:picture +:picture +:picture x:picture =:picture
EXPR: 0 | POS | INT | 12 | 9 | 12 | 30=(51-(9+x)) | 30 51 9 x + - = | 30:picture 51:picture 9:picture x:picture +:picture -:picture =:picture
EXPR: 0 | POS | INT | 12 | 9 | 90 | (x-(30+51))=9 | x 30 51 + - 9 = | x:picture 30:picture 51:picture +:picture -:picture 9:picture =:picture
EXPR: 0 | POS | INT | 12 | 9 | 72 | ((30-9)+51)=x | 30 9 - 51 + x = | 30:picture 9:picture -:picture 51:picture +:picture x:picture =:picture
EXPR: 0 | POS | INT | 12 | 9 | 30 | (x+(30-51))=9 | x 30 51 - + 9 = | x:picture 30:picture 51:picture -:picture +:picture 9:picture =:picture
EXPR: 0 | POS | INT | 12 | 9 | 12 | 30=((51-x)-9) | 30 51 x - 9 - = | 30:picture 51:picture x:picture -:picture 9:picture -:picture =:picture
EXPR: 0 | POS | INT | 12 | 9 | 72 | 30=((x-51)+9) | 30 x 51 - 9 + = | 30:picture x:picture 51:picture -:picture 9:picture +:picture =:picture
EXPR: 0 | POS | INT | 12 | 9 | 1071 | ((30-9)*51)=x | 30 9 - 51 * x = | 30:album 9:album -:album 51:picture *:picture x:picture =:picture
EXPR: 0 | POS | INT | 12 | 9 | 30 | 30=(51+(9-x)) | 30 51 9 x - + = | 30:picture 51:picture 9:picture x:picture -:picture +:picture =:picture
EXPR: 0 | POS | INT | 12 | 9 | 30 | 30=((51-x)+9) | 30 51 x - 9 + = | 30:picture 51:picture x:picture -:picture 9:picture +:picture =:picture
EXPR: 0 | POS | INT | 12 | 9 | 1800 | 30=(x/(51+9)) | 30 x 51 9 + / = | 30:picture x:picture 51:album 9:album +:album /:picture =:picture
EXPR: 0 | POS | INT | 12 | 9 | 12 | 30=(51-(x+9)) | 30 51 x 9 + - = | 30:picture 51:picture x:picture 9:picture +:picture -:picture =:picture
EXPR: 0 | POS | INT | 12 | 9 | 90 | 30=(x-(51+9)) | 30 x 51 9 + - = | 30:picture x:picture 51:picture 9:picture +:picture -:picture =:picture
EXPR: 0 | POS | INT | 12 | 9 | 72 | ((30-x)+51)=9 | 30 x - 51 + 9 = | 30:picture x:picture -:picture 51:picture +:picture 9:picture =:picture
EXPR: 0 | POS | INT | 12 | 9 | 1260 | 30=(x/(51-9)) | 30 x 51 9 - / = | 30:picture x:picture 51:album 9:album -:album /:picture =:picture
EXPR: 0 | POS | INT | 12 | 9 | 72 | (30+(51-x))=9 | 30 51 x - + 9 = | 30:picture 51:picture x:picture -:picture +:picture 9:picture =:picture
EXPR: 0 | POS | INT | 12 | 9 | 72 | 30=(x-(51-9)) | 30 x 51 9 - - = | 30:picture x:picture 51:picture 9:picture -:picture -:picture =:picture
EXPR: 0 | POS | INT | 12 | 9 | 30 | (30-(51-x))=9 | 30 51 x - - 9 = | 30:picture 51:picture x:picture -:picture -:picture 9:picture =:picture
EXPR: 0 | POS | INT | 12 | 9 | 1989 | ((30+9)*51)=x | 30 9 + 51 * x = | 30:album 9:album +:album 51:picture *:picture x:picture =:picture
EXPR: 0 | POS | INT | 12 | 9 | 30 | 30=(51-(x-9)) | 30 51 x 9 - - = | 30:picture 51:picture x:picture 9:picture -:picture -:picture =:picture
EXPR: 0 | POS | INT | 12 | 9 | 12 | x=(51-(30+9)) | x 51 30 9 + - = | x:picture 51:picture 30:picture 9:picture +:picture -:picture =:picture
EXPR: 0 | POS | INT | 12 | 9 | 30 | 30=((51+9)-x) | 30 51 9 + x - = | 30:picture 51:picture 9:picture +:picture x:picture -:picture =:picture
EXPR: 0 | POS | INT | 12 | 9 | 1071 | x=((30-9)*51) | x 30 9 - 51 * = | x:picture 30:album 9:album -:album 51:picture *:picture =:picture
EXPR: 0 | POS | INT | 12 | 9 | 72 | x=(51+(30-9)) | x 51 30 9 - + = | x:picture 51:picture 30:picture 9:picture -:picture +:picture =:picture
EXPR: 0 | POS | INT | 12 | 9 | 30 | x=(51-(30-9)) | x 51 30 9 - - = | x:picture 51:picture 30:picture 9:picture -:picture -:picture =:picture
EXPR: 0 | POS | INT | 12 | 9 | 90 | ((x-30)-51)=9 | x 30 - 51 - 9 = | x:picture 30:picture -:picture 51:picture -:picture 9:picture =:picture
EXPR: 0 | POS | INT | 12 | 9 | 30 | ((51-30)+9)=x | 51 30 - 9 + x = | 51:picture 30:picture -:picture 9:picture +:picture x:picture =:picture
EXPR: 0 | POS | INT | 12 | 9 | 90 | x=(51+(30+9)) | x 51 30 9 + + = | x:picture 51:picture 30:picture 9:picture +:picture +:picture =:picture
EXPR: 0 | POS | INT | 12 | 9 | 729 | (x/(30+51))=9 | x 30 51 + / 9 = | x:album 30:picture 51:picture +:picture /:album 9:album =:album
EXPR: 0 | POS | INT | 12 | 9 | 72 | x=(30-(9-51)) | x 30 9 51 - - = | x:picture 30:picture 9:picture 51:picture -:picture -:picture =:picture
EXPR: 1 | POS | INT | 12 | 9 | 9 | (30+51)=(9*x) | 30 51 + 9 x * = | 30:picture 51:picture +:picture 9:album x:picture *:picture =:picture
EXPR: 0 | POS | INT | 12 | 9 | 729 | (30+51)=(x/9) | 30 51 + x 9 / = | 30:picture 51:picture +:picture x:picture 9:album /:picture =:picture
EXPR: 1 | POS | INT | 12 | 9 | 9 | (30+51)=(x*9) | 30 51 + x 9 * = | 30:picture 51:picture +:picture x:picture 9:album *:picture =:picture
EXPR: 0 | POS | INT | 12 | 9 | 429 | (x+30)=(51*9) | x 30 + 51 9 * = | x:picture 30:picture +:picture 51:picture 9:album *:picture =:picture
EXPR: 0 | POS | INT | 12 | 9 | 489 | (x-30)=(51*9) | x 30 - 51 9 * = | x:picture 30:picture -:picture 51:picture 9:album *:picture =:picture
EXPR: 0 | POS | INT | 12 | 9 | 429 | (30+x)=(51*9) | 30 x + 51 9 * = | 30:picture x:picture +:picture 51:picture 9:album *:picture =:picture
EXPR: 0 | POS | INT | 14 | 9 | 30 | 51=((x+30)-9) | 51 x 30 + 9 - = | 51:picture x:picture 30:picture +:picture 9:picture -:picture =:picture
EXPR: 0 | POS | INT | 14 | 9 | 30 | ((x+30)-9)=51 | x 30 + 9 - 51 = | x:picture 30:picture +:picture 9:picture -:picture 51:picture =:picture
EXPR: 0 | POS | INT | 14 | 9 | 72 | 30=((9+x)-51) | 30 9 x + 51 - = | 30:picture 9:picture x:picture +:picture 51:picture -:picture =:picture
EXPR: 0 | POS | INT | 14 | 9 | 30 | 51=((30-9)+x) | 51 30 9 - x + = | 51:picture 30:picture 9:picture -:picture x:picture +:picture =:picture
EXPR: 0 | POS | INT | 14 | 9 | 72 | (51+(30-x))=9 | 51 30 x - + 9 = | 51:picture 30:picture x:picture -:picture +:picture 9:picture =:picture
EXPR: 0 | POS | INT | 14 | 9 | 12 | 51=((x+30)+9) | 51 x 30 + 9 + = | 51:picture x:picture 30:picture +:picture 9:picture +:picture =:picture
EXPR: 0 | POS | INT | 14 | 9 | 12 | (51-(x+30))=9 | 51 x 30 + - 9 = | 51:picture x:picture 30:picture +:picture -:picture 9:picture =:picture
EXPR: 0 | POS | INT | 14 | 9 | 12 | (30+(x+9))=51 | 30 x 9 + + 51 = | 30:picture x:picture 9:picture +:picture +:picture 51:picture =:picture
EXPR: 0 | POS | INT | 14 | 9 | 90 | 30=((x-9)-51) | 30 x 9 - 51 - = | 30:picture x:picture 9:picture -:picture 51:picture -:picture =:picture
EXPR: 0 | POS | INT | 14 | 9 | 30 | ((x-51)+30)=9 | x 51 - 30 + 9 = | x:picture 51:picture -:picture 30:picture +:picture 9:picture =:picture
EXPR: 0 | POS | INT | 14 | 9 | 1989 | (x/(30+9))=51 | x 30 9 + / 51 = | x:picture 30:album 9:album +:album /:picture 51:picture =:picture
EXPR: 0 | POS | INT | 14 | 9 | 72 | 30=((x+9)-51) | 30 x 9 + 51 - = | 30:picture x:picture 9:picture +:picture 51:picture -:picture =:picture
EXPR: 0 | POS | INT | 14 | 9 | 12 | ((x+30)+9)=51 | x 30 + 9 + 51 = | x:picture 30:picture +:picture 9:picture +:picture 51:picture =:picture
EXPR: 0 | POS | INT | 14 | 9 | 12 | (30+(9+x))=51 | 30 9 x + + 51 = | 30:picture 9:picture x:picture +:picture +:picture 51:picture =:picture
EXPR: 0 | POS | INT | 14 | 9 | 12 | (51-(30+x))=9 | 51 30 x + - 9 = | 51:picture 30:picture x:picture +:picture -:picture 9:picture =:picture
EXPR: 0 | POS | INT | 14 | 9 | 72 | 30=((9-51)+x) | 30 9 51 - x + = | 30:picture 9:picture 51:picture -:picture x:picture +:picture =:picture
EXPR: 0 | POS | INT | 14 | 9 | 30 | (x+(30-9))=51 | x 30 9 - + 51 = | x:picture 30:picture 9:picture -:picture +:picture 51:picture =:picture
EXPR: 0 | POS | INT | 14 | 9 | 1989 | 51=(x/(30+9)) | 51 x 30 9 + / = | 51:picture x:picture 30:album 9:album +:album /:picture =:picture
EXPR: 0 | POS | INT | 14 | 9 | 1071 | 51=(x/(30-9)) | 51 x 30 9 - / = | 51:picture x:picture 30:album 9:album -:album /:picture =:picture
EXPR: 0 | POS | INT | 14 | 9 | 72 | 30=(9+(x-51)) | 30 9 x 51 - + = | 30:picture 9:picture x:picture 51:picture -:picture +:picture =:picture
EXPR: 0 | POS | INT | 14 | 9 | 30 | (30+(x-9))=51 | 30 x 9 - + 51 = | 30:picture x:picture 9:picture -:picture +:picture 51:picture =:picture
EXPR: 0 | POS | INT | 14 | 9 | 30 | 51=(30+(x-9)) | 51 30 x 9 - + = | 51:picture 30:picture x:picture 9:picture -:picture +:picture =:picture
EXPR: 0 | POS | INT | 14 | 9 | 30 | 30=((9-x)+51) | 30 9 x - 51 + = | 30:picture 9:picture x:picture -:picture 51:picture +:picture =:picture
EXPR: 0 | POS | INT | 14 | 9 | 30 | 30=(9+(51-x)) | 30 9 51 x - + = | 30:picture 9:picture 51:picture x:picture -:picture +:picture =:picture
EXPR: 0 | POS | INT | 14 | 9 | 30 | 51=(30-(9-x)) | 51 30 9 x - - = | 51:picture 30:picture 9:picture x:picture -:picture -:picture =:picture
EXPR: 0 | POS | INT | 14 | 9 | 30 | 30=(9-(x-51)) | 30 9 x 51 - - = | 30:picture 9:picture x:picture 51:picture -:picture -:picture =:picture
EXPR: 0 | POS | INT | 14 | 9 | 30 | ((30+x)-9)=51 | 30 x + 9 - 51 = | 30:picture x:picture +:picture 9:picture -:picture 51:picture =:picture
EXPR: 0 | POS | INT | 14 | 9 | 90 | 51=((x-30)-9) | 51 x 30 - 9 - = | 51:picture x:picture 30:picture -:picture 9:picture -:picture =:picture
EXPR: 0 | POS | INT | 14 | 9 | 90 | 51=(x-(30+9)) | 51 x 30 9 + - = | 51:picture x:picture 30:picture 9:picture +:picture -:picture =:picture
EXPR: 0 | POS | INT | 14 | 9 | 72 | 51=(x-(30-9)) | 51 x 30 9 - - = | 51:picture x:picture 30:picture 9:picture -:picture -:picture =:picture
EXPR: 0 | POS | INT | 14 | 9 | 1071 | (x/(30-9))=51 | x 30 9 - / 51 = | x:picture 30:album 9:album -:album /:picture 51:picture =:picture
EXPR: 0 | POS | INT | 14 | 9 | 72 | (x-(30-9))=51 | x 30 9 - - 51 = | x:picture 30:picture 9:picture -:picture -:picture 51:picture =:picture
EXPR: 0 | POS | INT | 14 | 9 | 72 | 51=((x-30)+9) | 51 x 30 - 9 + = | 51:picture x:picture 30:picture -:picture 9:picture +:picture =:picture
EXPR: 0 | POS | INT | 14 | 9 | 30 | (30-(9-x))=51 | 30 9 x - - 51 = | 30:picture 9:picture x:picture -:picture -:picture 51:picture =:picture
EXPR: 0 | POS | INT | 14 | 9 | 72 | ((51-x)+30)=9 | 51 x - 30 + 9 = | 51:picture x:picture -:picture 30:picture +:picture 9:picture =:picture
EXPR: 0 | POS | INT | 14 | 9 | 12 | 51=(30+(x+9)) | 51 30 x 9 + + = | 51:picture 30:picture x:picture 9:picture +:picture +:picture =:picture
EXPR: 0 | POS | INT | 14 | 9 | 12 | 51=((30+9)+x) | 51 30 9 + x + = | 51:picture 30:picture 9:picture +:picture x:picture +:picture =:picture
EXPR: 0 | POS | INT | 14 | 9 | 30 | (x-(51-30))=9 | x 51 30 - - 9 = | x:picture 51:picture 30:picture -:picture -:picture 9:picture =:picture
EXPR: 0 | POS | INT | 14 | 9 | 321 | (30*9)=(x-51) | 30 9 * x 51 - = | 30:picture 9:album *:picture x:picture 51:picture -:picture =:picture
EXPR: 0 | POS | INT | 14 | 9 | 219 | (30*9)=(51+x) | 30 9 * 51 x + = | 30:picture 9:album *:picture 51:picture x:picture +:picture =:picture
EXPR: 0 | POS | INT | 14 | 9 | 12 | ((51-30)-x)=9 | 51 30 - x - 9 = | 51:picture 30:picture -:picture x:picture -:picture 9:picture =:picture
EXPR: 0 | POS | INT | 14 | 9 | 12 | 51=((30+x)+9) | 51 30 x + 9 + = | 51:picture 30:picture x:picture +:picture 9:picture +:picture =:picture
EXPR: 0 | POS | INT | 14 | 9 | 90 | (x-(30+9))=51 | x 30 9 + - 51 = | x:picture 30:picture 9:picture +:picture -:picture 51:picture =:picture
EXPR: 0 | POS | INT | 14 | 9 | 12 | (x+(30+9))=51 | x 30 9 + + 51 = | x:picture 30:picture 9:picture +:picture +:picture 51:picture =:picture
EXPR: 0 | POS | INT | 14 | 9 | 30 | 51=((30+x)-9) | 51 30 x + 9 - = | 51:picture 30:picture x:picture +:picture 9:picture -:picture =:picture
EXPR: 0 | POS | INT | 14 | 9 | 219 | (30*9)=(x+51) | 30 9 * x 51 + = | 30:picture 9:album *:picture x:picture 51:picture +:picture =:picture
EXPR: 0 | POS | INT | 14 | 9 | 30 | 51=(x+(30-9)) | 51 x 30 9 - + = | 51:picture x:picture 30:picture 9:picture -:picture +:picture =:picture
EXPR: 0 | POS | INT | 14 | 9 | 90 | ((x-51)-30)=9 | x 51 - 30 - 9 = | x:picture 51:picture -:picture 30:picture -:picture 9:picture =:picture
EXPR: 0 | POS | INT | 14 | 9 | 12 | ((51-x)-30)=9 | 51 x - 30 - 9 = | 51:picture x:picture -:picture 30:picture -:picture 9:picture =:picture
EXPR: 0 | POS | INT | 14 | 9 | 12 | 51=(x+(30+9)) | 51 x 30 9 + + = | 51:picture x:picture 30:picture 9:picture +:picture +:picture =:picture
EXPR: 0 | POS | INT | 14 | 9 | 12 | ((30+x)+9)=51 | 30 x + 9 + 51 = | 30:picture x:picture +:picture 9:picture +:picture 51:picture =:picture
EXPR: 0 | POS | INT | 14 | 9 | 30 | ((30-9)+x)=51 | 30 9 - x + 51 = | 30:picture 9:picture -:picture x:picture +:picture 51:picture =:picture
EXPR: 0 | POS | INT | 14 | 9 | 12 | ((30+9)+x)=51 | 30 9 + x + 51 = | 30:picture 9:picture +:picture x:picture +:picture 51:picture =:picture
EXPR: 0 | POS | INT | 14 | 9 | 72 | ((x-30)+9)=51 | x 30 - 9 + 51 = | x:picture 30:picture -:picture 9:picture +:picture 51:picture =:picture
EXPR: 0 | POS | INT | 14 | 9 | 90 | ((x-30)-9)=51 | x 30 - 9 - 51 = | x:picture 30:picture -:picture 9:picture -:picture 51:picture =:picture
EXPR: 0 | POS | INT | 14 | 9 | 189 | (x/(51-30))=9 | x 51 30 - / 9 = | x:album 51:picture 30:picture -:picture /:album 9:album =:album
EXPR: 0 | POS | INT | 14 | 9 | 72 | 30=(x+(9-51)) | 30 x 9 51 - + = | 30:picture x:picture 9:picture 51:picture -:picture +:picture =:picture
EXPR: 0 | POS | INT | 14 | 9 | 72 | (51-(x-30))=9 | 51 x 30 - - 9 = | 51:picture x:picture 30:picture -:picture -:picture 9:picture =:picture
EXPR: 0 | POS | INT | 14 | 9 | 72 | 30=(9-(51-x)) | 30 9 51 x - - = | 30:picture 9:picture 51:picture x:picture -:picture -:picture =:picture
EXPR: 0 | POS | INT | 14 | 9 | 12 | 51=(30+(9+x)) | 51 30 9 x + + = | 51:picture 30:picture 9:picture x:picture +:picture +:picture =:picture
EXPR: 0 | POS | INT | 14 | 9 | 321 | (x-51)=(30*9) | x 51 - 30 9 * = | x:picture 51:picture -:picture 30:picture 9:album *:picture =:picture
EXPR: 0 | POS | INT | 14 | 9 | 219 | (51+x)=(30*9) | 51 x + 30 9 * = | 51:picture x:picture +:picture 30:picture 9:album *:picture =:picture
EXPR: 0 | POS | INT | 14 | 9 | 189 | (51-30)=(x/9) | 51 30 - x 9 / = | 51:picture 30:picture -:picture x:picture 9:album /:picture =:picture
EXPR: 0 | POS | INT | 14 | 9 | 219 | (x+51)=(30*9) | x 51 + 30 9 * = | x:picture 51:picture +:picture 30:picture 9:album *:picture =:picture
EXPR: 0 | POS | INT | 15 | 9 | 12 | ((51-9)-30)=x | 51 9 - 30 - x = | 51:picture 9:picture -:picture 30:picture -:picture x:picture =:picture
EXPR: 0 | POS | INT | 15 | 9 | 90 | ((51+9)+30)=x | 51 9 + 30 + x = | 51:picture 9:picture +:picture 30:picture +:picture x:picture =:picture
EXPR: 0 | POS | INT | 15 | 9 | 30 | (51+(9-30))=x | 51 9 30 - + x = | 51:picture 9:picture 30:picture -:picture +:picture x:picture =:picture
EXPR: 0 | POS | INT | 15 | 9 | 1260 | ((51-9)*30)=x | 51 9 - 30 * x = | 51:album 9:album -:album 30:picture *:picture x:picture =:picture
EXPR: 0 | POS | INT | 15 | 9 | 1800 | x=((51+9)*30) | x 51 9 + 30 * = | x:picture 51:album 9:album +:album 30:picture *:picture =:picture
EXPR: 0 | POS | INT | 15 | 9 | 30 | (9-(30-51))=x | 9 30 51 - - x = | 9:picture 30:picture 51:picture -:picture -:picture x:picture =:picture
EXPR: 0 | POS | INT | 15 | 9 | 1800 | ((51+9)*30)=x | 51 9 + 30 * x = | 51:album 9:album +:album 30:picture *:picture x:picture =:picture
EXPR: 0 | POS | INT | 15 | 9 | 30 | x=((9-30)+51) | x 9 30 - 51 + = | x:picture 9:picture 30:picture -:picture 51:picture +:picture =:picture
EXPR: 0 | POS | INT | 15 | 9 | 30 | ((51+9)-30)=x | 51 9 + 30 - x = | 51:picture 9:picture +:picture 30:picture -:picture x:picture =:picture
EXPR: 0 | POS | INT | 15 | 9 | 72 | (51-(9-30))=x | 51 9 30 - - x = | 51:picture 9:picture 30:picture -:picture -:picture x:picture =:picture
EXPR: 0 | POS | INT | 15 | 9 | 72 | ((51-9)+30)=x | 51 9 - 30 + x = | 51:picture 9:picture -:picture 30:picture +:picture x:picture =:picture
EXPR: 0 | POS | INT | 15 | 9 | 90 | (9+(30+51))=x | 9 30 51 + + x = | 9:picture 30:picture 51:picture +:picture +:picture x:picture =:picture
EXPR: 0 | POS | INT | 15 | 9 | 12 | x=((51-9)-30) | x 51 9 - 30 - = | x:picture 51:picture 9:picture -:picture 30:picture -:picture =:picture
EXPR: 0 | POS | INT | 15 | 9 | 72 | x=((51-9)+30) | x 51 9 - 30 + = | x:picture 51:picture 9:picture -:picture 30:picture +:picture =:picture
EXPR: 0 | POS | INT | 15 | 9 | 90 | x=((51+9)+30) | x 51 9 + 30 + = | x:picture 51:picture 9:picture +:picture 30:picture +:picture =:picture
EXPR: 0 | POS | INT | 15 | 9 | 30 | ((9-30)+51)=x | 9 30 - 51 + x = | 9:picture 30:picture -:picture 51:picture +:picture x:picture =:picture
EXPR: 0 | POS | INT | 15 | 9 | 30 | x=((51+9)-30) | x 51 9 + 30 - = | x:picture 51:picture 9:picture +:picture 30:picture -:picture =:picture
EXPR: 0 | POS | INT | 15 | 9 | 30 | x=(51+(9-30)) | x 51 9 30 - + = | x:picture 51:picture 9:picture 30:picture -:picture +:picture =:picture
EXPR: 0 | POS | INT | 15 | 9 | 72 | x=(51-(9-30)) | x 51 9 30 - - = | x:picture 51:picture 9:picture 30:picture -:picture -:picture =:picture
EXPR: 0 | POS | INT | 15 | 9 | 1260 | x=((51-9)*30) | x 51 9 - 30 * = | x:picture 51:album 9:album -:album 30:picture *:picture =:picture
EXPR: 0 | POS | INT | 15 | 9 | 30 | x=(9-(30-51)) | x 9 30 51 - - = | x:picture 9:picture 30:picture 51:picture -:picture -:picture =:picture
EXPR: 0 | POS | INT | 15 | 9 | 90 | x=(9+(30+51)) | x 9 30 51 + + = | x:picture 9:picture 30:picture 51:picture +:picture +:picture =:picture
EXPR: 0 | POS | INT | 17 | 9 | 30 | 9=((x+30)-51) | 9 x 30 + 51 - = | 9:picture x:picture 30:picture +:picture 51:picture -:picture =:picture
EXPR: 0 | POS | INT | 17 | 9 | 30 | (9+(51-30))=x | 9 51 30 - + x = | 9:picture 51:picture 30:picture -:picture +:picture x:picture =:picture
EXPR: 0 | POS | INT | 17 | 9 | 72 | 51=((9+x)-30) | 51 9 x + 30 - = | 51:picture 9:picture x:picture +:picture 30:picture -:picture =:picture
EXPR: 0 | POS | INT | 17 | 9 | 90 | 51=((x-9)-30) | 51 x 9 - 30 - = | 51:picture x:picture 9:picture -:picture 30:picture -:picture =:picture
EXPR: 0 | POS | INT | 17 | 9 | 72 | (9-(30-x))=51 | 9 30 x - - 51 = | 9:picture 30:picture x:picture -:picture -:picture 51:picture =:picture
EXPR: 0 | POS | INT | 17 | 9 | 12 | (51-(9+x))=30 | 51 9 x + - 30 = | 51:picture 9:picture x:picture +:picture -:picture 30:picture =:picture
EXPR: 0 | POS | INT | 17 | 9 | 72 | ((x-51)+9)=30 | x 51 - 9 + 30 = | x:picture 51:picture -:picture 9:picture +:picture 30:picture =:picture
EXPR: 0 | POS | INT | 17 | 9 | 72 | 51=((x+9)-30) | 51 x 9 + 30 - = | 51:picture x:picture 9:picture +:picture 30:picture -:picture =:picture
EXPR: 0 | POS | INT | 17 | 9 | 12 | ((x+9)+30)=51 | x 9 + 30 + 51 = | x:picture 9:picture +:picture 30:picture +:picture 51:picture =:picture
EXPR: 0 | POS | INT | 17 | 9 | 72 | ((9+x)-30)=51 | 9 x + 30 - 51 = | 9:picture x:picture +:picture 30:picture -:picture 51:picture =:picture
EXPR: 0 | POS | INT | 17 | 9 | 30 | 51=((x-9)+30) | 51 x 9 - 30 + = | 51:picture x:picture 9:picture -:picture 30:picture +:picture =:picture
EXPR: 0 | POS | INT | 17 | 9 | 1800 | (x/(51+9))=30 | x 51 9 + / 30 = | x:picture 51:album 9:album +:album /:picture 30:picture =:picture
EXPR: 0 | POS | INT | 17 | 9 | 729 | 9=(x/(30+51)) | 9 x 30 51 + / = | 9:album x:album 30:picture 51:picture +:picture /:album =:album
EXPR: 0 | POS | INT | 17 | 9 | 12 | 51=((9+x)+30) | 51 9 x + 30 + = | 51:picture 9:picture x:picture +:picture 30:picture +:picture =:picture
EXPR: 0 | POS | INT | 17 | 9 | 72 | ((x+9)-30)=51 | x 9 + 30 - 51 = | x:picture 9:picture +:picture 30:picture -:picture 51:picture =:picture
EXPR: 0 | POS | INT | 17 | 9 | 30 | (51+(9-x))=30 | 51 9 x - + 30 = | 51:picture 9:picture x:picture -:picture +:picture 30:picture =:picture
EXPR: 0 | POS | INT | 17 | 9 | 12 | 51=((x+9)+30) | 51 x 9 + 30 + = | 51:picture x:picture 9:picture +:picture 30:picture +:picture =:picture
EXPR: 0 | POS | INT | 17 | 9 | 12 | (9+(x+30))=51 | 9 x 30 + + 51 = | 9:picture x:picture 30:picture +:picture +:picture 51:picture =:picture
EXPR: 0 | POS | INT | 17 | 9 | 729 | (x/9)=(30+51) | x 9 / 30 51 + = | x:picture 9:album /:picture 30:picture 51:picture +:picture =:picture
EXPR: 0 | POS | INT | 17 | 9 | 72 | 9=(30-(x-51)) | 9 30 x 51 - - = | 9:picture 30:picture x:picture 51:picture -:picture -:picture =:picture
EXPR: 0 | POS | INT | 17 | 9 | 30 | 9=(30+(x-51)) | 9 30 x 51 - + = | 9:picture 30:picture x:picture 51:picture -:picture +:picture =:picture
EXPR: 0 | POS | INT | 17 | 9 | 72 | 51=(9-(30-x)) | 51 9 30 x - - = | 51:picture 9:picture 30:picture x:picture -:picture -:picture =:picture
EXPR: 0 | POS | INT | 17 | 9 | 72 | 9=((30-x)+51) | 9 30 x - 51 + = | 9:picture 30:picture x:picture -:picture 51:picture +:picture =:picture
EXPR: 0 | POS | INT | 17 | 9 | 90 | 9=((x-30)-51) | 9 x 30 - 51 - = | 9:picture x:picture 30:picture -:picture 51:picture -:picture =:picture
EXPR: 0 | POS | INT | 17 | 9 | 72 | 9=((30+51)-x) | 9 30 51 + x - = | 9:picture 30:picture 51:picture +:picture x:picture -:picture =:picture
EXPR: 0 | POS | INT | 17 | 9 | 72 | 51=(9+(x-30)) | 51 9 x 30 - + = | 51:picture 9:picture x:picture 30:picture -:picture +:picture =:picture
EXPR: 0 | POS | INT | 17 | 9 | 12 | 51=(9+(x+30)) | 51 9 x 30 + + = | 51:picture 9:picture x:picture 30:picture +:picture +:picture =:picture
EXPR: 0 | POS | INT | 17 | 9 | 72 | (x+(9-30))=51 | x 9 30 - + 51 = | x:picture 9:picture 30:picture -:picture +:picture 51:picture =:picture
EXPR: 0 | POS | INT | 17 | 9 | 30 | ((51+9)-x)=30 | 51 9 + x - 30 = | 51:picture 9:picture +:picture x:picture -:picture 30:picture =:picture
EXPR: 0 | POS | INT | 17 | 9 | 30 | ((51-x)+9)=30 | 51 x - 9 + 30 = | 51:picture x:picture -:picture 9:picture +:picture 30:picture =:picture
EXPR: 0 | POS | INT | 17 | 9 | 30 | 9=(30-(51-x)) | 9 30 51 x - - = | 9:picture 30:picture 51:picture x:picture -:picture -:picture =:picture
EXPR: 0 | POS | INT | 17 | 9 | 30 | (x-(9-30))=51 | x 9 30 - - 51 = | x:picture 9:picture 30:picture -:picture -:picture 51:picture =:picture
EXPR: 0 | POS | INT | 17 | 9 | 90 | (x-(51+9))=30 | x 51 9 + - 30 = | x:picture 51:picture 9:picture +:picture -:picture 30:picture =:picture
EXPR: 0 | POS | INT | 17 | 9 | 72 | 9=(30+(51-x)) | 9 30 51 x - + = | 9:picture 30:picture 51:picture x:picture -:picture +:picture =:picture
EXPR: 1 | POS | INT | 17 | 9 | 9 | (9*x)=(30+51) | 9 x * 30 51 + = | 9:album x:picture *:picture 30:picture 51:picture +:picture =:picture
EXPR: 0 | POS | INT | 17 | 9 | 72 | (x-(51-9))=30 | x 51 9 - - 30 = | x:picture 51:picture 9:picture -:picture -:picture 30:picture =:picture
EXPR: 0 | POS | INT | 17 | 9 | 12 | ((9+x)+30)=51 | 9 x + 30 + 51 = | 9:picture x:picture +:picture 30:picture +:picture 51:picture =:picture
EXPR: 0 | POS | INT | 17 | 9 | 30 | 9=((30+x)-51) | 9 30 x + 51 - = | 9:picture 30:picture x:picture +:picture 51:picture -:picture =:picture
EXPR: 0 | POS | INT | 17 | 9 | 30 | ((x-9)+30)=51 | x 9 - 30 + 51 = | x:picture 9:picture -:picture 30:picture +:picture 51:picture =:picture
EXPR: 0 | POS | INT | 17 | 9 | 72 | 51=((9-30)+x) | 51 9 30 - x + = | 51:picture 9:picture 30:picture -:picture x:picture +:picture =:picture
EXPR: 0 | POS | INT | 17 | 9 | 30 | (51-(x-9))=30 | 51 x 9 - - 30 = | 51:picture x:picture 9:picture -:picture -:picture 30:picture =:picture
EXPR: 0 | POS | INT | 17 | 9 | 30 | 9=(x+(30-51)) | 9 x 30 51 - + = | 9:picture x:picture 30:picture 51:picture -:picture +:picture =:picture
EXPR: 0 | POS | INT | 17 | 9 | 12 | 51=(9+(30+x)) | 51 9 30 x + + = | 51:picture 9:picture 30:picture x:picture +:picture +:picture =:picture
EXPR: 0 | POS | INT | 17 | 9 | 12 | (51-(x+9))=30 | 51 x 9 + - 30 = | 51:picture x:picture 9:picture +:picture -:picture 30:picture =:picture
EXPR: 0 | POS | INT | 17 | 9 | 72 | ((9-30)+x)=51 | 9 30 - x + 51 = | 9:picture 30:picture -:picture x:picture +:picture 51:picture =:picture
EXPR: 0 | POS | INT | 17 | 9 | 489 | (51*9)=(x-30) | 51 9 * x 30 - = | 51:picture 9:album *:picture x:picture 30:picture -:picture =:picture
EXPR: 0 | POS | INT | 17 | 9 | 30 | 51=(x-(9-30)) | 51 x 9 30 - - = | 51:picture x:picture 9:picture 30:picture -:picture -:picture =:picture
EXPR: 0 | POS | INT | 17 | 9 | 90 | ((x-9)-30)=51 | x 9 - 30 - 51 = | x:picture 9:picture -:picture 30:picture -:picture 51:picture =:picture
EXPR: 0 | POS | INT | 17 | 9 | 30 | 9=((30-51)+x) | 9 30 51 - x + = | 9:picture 30:picture 51:picture -:picture x:picture +:picture =:picture
EXPR: 0 | POS | INT | 17 | 9 | 429 | (51*9)=(x+30) | 51 9 * x 30 + = | 51:picture 9:album *:picture x:picture 30:picture +:picture =:picture
EXPR: 0 | POS | INT | 17 | 9 | 90 | 9=(x-(30+51)) | 9 x 30 51 + - = | 9:picture x:picture 30:picture 51:picture +:picture -:picture =:picture
EXPR: 1 | POS | INT | 17 | 9 | 9 | (x*9)=(30+51) | x 9 * 30 51 + = | x:picture 9:album *:picture 30:picture 51:picture +:picture =:picture
EXPR: 0 | POS | INT | 17 | 9 | 90 | ((x-51)-9)=30 | x 51 - 9 - 30 = | x:picture 51:picture -:picture 9:picture -:picture 30:picture =:picture
EXPR: 0 | POS | INT | 17 | 9 | 72 | (9+(x-30))=51 | 9 x 30 - + 51 = | 9:picture x:picture 30:picture -:picture +:picture 51:picture =:picture
EXPR: 0 | POS | INT | 17 | 9 | 429 | (51*9)=(30+x) | 51 9 * 30 x + = | 51:picture 9:album *:picture 30:picture x:picture +:picture =:picture
EXPR: 0 | POS | INT | 17 | 9 | 1260 | (x/(51-9))=30 | x 51 9 - / 30 = | x:picture 51:album 9:album -:album /:picture 30:picture =:picture
EXPR: 0 | POS | INT | 17 | 9 | 72 | 51=(x+(9-30)) | 51 x 9 30 - + = | 51:picture x:picture 9:picture 30:picture -:picture +:picture =:picture
EXPR: 0 | POS | INT | 17 | 9 | 12 | ((51-x)-9)=30 | 51 x - 9 - 30 = | 51:picture x:picture -:picture 9:picture -:picture 30:picture =:picture
EXPR: 0 | POS | INT | 17 | 9 | 12 | (9+(30+x))=51 | 9 30 x + + 51 = | 9:picture 30:picture x:picture +:picture +:picture 51:picture =:picture
EXPR: 0 | POS | INT | 17 | 9 | 12 | ((51-9)-x)=30 | 51 9 - x - 30 = | 51:picture 9:picture -:picture x:picture -:picture 30:picture =:picture
EXPR: 0 | POS | INT | 17 | 9 | 30 | x=(9+(51-30)) | x 9 51 30 - + = | x:picture 9:picture 51:picture 30:picture -:picture +:picture =:picture
EXPR: 0 | POS | INT | 19 | 9 | 72 | (9+(x-51))=30 | 9 x 51 - + 30 = | 9:picture x:picture 51:picture -:picture +:picture 30:picture =:picture
EXPR: 0 | POS | INT | 19 | 9 | 30 | (9-(x-51))=30 | 9 x 51 - - 30 = | 9:picture x:picture 51:picture -:picture -:picture 30:picture =:picture
EXPR: 0 | POS | INT | 19 | 9 | 72 | ((9-51)+x)=30 | 9 51 - x + 30 = | 9:picture 51:picture -:picture x:picture +:picture 30:picture =:picture
EXPR: 0 | POS | INT | 19 | 9 | 189 | 9=(x/(51-30)) | 9 x 51 30 - / = | 9:album x:album 51:picture 30:picture -:picture /:album =:album
EXPR: 0 | POS | INT | 19 | 9 | 72 | ((x+9)-51)=30 | x 9 + 51 - 30 = | x:picture 9:picture +:picture 51:picture -:picture 30:picture =:picture
EXPR: 0 | POS | INT | 19 | 9 | 72 | ((9+x)-51)=30 | 9 x + 51 - 30 = | 9:picture x:picture +:picture 51:picture -:picture 30:picture =:picture
EXPR: 0 | POS | INT | 19 | 9 | 12 | 9=(51-(x+30)) | 9 51 x 30 + - = | 9:picture 51:picture x:picture 30:picture +:picture -:picture =:picture
EXPR: 0 | POS | INT | 19 | 9 | 12 | 9=(51-(30+x)) | 9 51 30 x + - = | 9:picture 51:picture 30:picture x:picture +:picture -:picture =:picture
EXPR: 0 | POS | INT | 19 | 9 | 72 | 9=(51-(x-30)) | 9 51 x 30 - - = | 9:picture 51:picture x:picture 30:picture -:picture -:picture =:picture
EXPR: 0 | POS | INT | 19 | 9 | 12 | 9=((51-x)-30) | 9 51 x - 30 - = | 9:picture 51:picture x:picture -:picture 30:picture -:picture =:picture
EXPR: 0 | POS | INT | 19 | 9 | 30 | 9=(x-(51-30)) | 9 x 51 30 - - = | 9:picture x:picture 51:picture 30:picture -:picture -:picture =:picture
EXPR: 0 | POS | INT | 19 | 9 | 72 | 9=(51+(30-x)) | 9 51 30 x - + = | 9:picture 51:picture 30:picture x:picture -:picture +:picture =:picture
EXPR: 0 | POS | INT | 19 | 9 | 72 | 9=((51-x)+30) | 9 51 x - 30 + = | 9:picture 51:picture x:picture -:picture 30:picture +:picture =:picture
EXPR: 0 | POS | INT | 19 | 9 | 30 | ((9-x)+51)=30 | 9 x - 51 + 30 = | 9:picture x:picture -:picture 51:picture +:picture 30:picture =:picture
EXPR: 0 | POS | INT | 19 | 9 | 72 | (x+(9-51))=30 | x 9 51 - + 30 = | x:picture 9:picture 51:picture -:picture +:picture 30:picture =:picture
EXPR: 0 | POS | INT | 19 | 9 | 90 | 9=((x-51)-30) | 9 x 51 - 30 - = | 9:picture x:picture 51:picture -:picture 30:picture -:picture =:picture
EXPR: 0 | POS | INT | 19 | 9 | 30 | 9=((x-51)+30) | 9 x 51 - 30 + = | 9:picture x:picture 51:picture -:picture 30:picture +:picture =:picture
EXPR: 0 | POS | INT | 19 | 9 | 12 | 9=((51-30)-x) | 9 51 30 - x - = | 9:picture 51:picture 30:picture -:picture x:picture -:picture =:picture
EXPR: 0 | POS | INT | 19 | 9 | 90 | ((x-9)-51)=30 | x 9 - 51 - 30 = | x:picture 9:picture -:picture 51:picture -:picture 30:picture =:picture
EXPR: 0 | POS | INT | 19 | 9 | 189 | (x/9)=(51-30) | x 9 / 51 30 - = | x:picture 9:album /:picture 51:picture 30:picture -:picture =:picture
EXPR: 0 | POS | INT | 19 | 9 | 30 | (9+(51-x))=30 | 9 51 x - + 30 = | 9:picture 51:picture x:picture -:picture +:picture 30:picture =:picture
EXPR: 0 | POS | INT | 19 | 9 | 72 | (9-(51-x))=30 | 9 51 x - - 30 = | 9:picture 51:picture x:picture -:picture -:picture 30:picture =:picture
EXPR: 0 | POS | INT | 20 | 9 | 1521 | x=((30*51)-9) | x 30 51 * 9 - = | x:album 30:picture 51:album *:album 9:album -:album =:album
NET 301 unique, non-negative, integer-valued solutions found out of 1000 total solutions
