parameters: n=7 l=3 k=1 p=5 q=2 m=9
TOTAL 1000 solutions found
SOLN: CORRECT | POS/NEG | INT/FRA | OBJ-SCORE | TRUE-ANS | ANS | INFIX | POSTFIX | TYPED-POSTFIX
EXPR: 1 | POS | INT | 0 | 15 | 15 | x=(3*(12-7)) | x 3 12 7 - * = | x:dollar 3:dollar 12:people 7:people -:people *:dollar =:dollar
EXPR: 0 | POS | INT | 0 | 15 | 57 | x=(3*(12+7)) | x 3 12 7 + * = | x:dollar 3:dollar 12:people 7:people +:people *:dollar =:dollar
EXPR: 1 | POS | INT | 0 | 15 | 15 | (3*(12-7))=x | 3 12 7 - * x = | 3:dollar 12:people 7:people -:people *:dollar x:dollar =:dollar
EXPR: 0 | POS | INT | 0 | 15 | 57 | (3*(12+7))=x | 3 12 7 + * x = | 3:dollar 12:people 7:people +:people *:dollar x:dollar =:dollar
EXPR: 1 | POS | INT | 2 | 15 | 15 | 3=(x/(12-7)) | 3 x 12 7 - / = | 3:dollar x:dollar 12:people 7:people -:people /:dollar =:dollar
EXPR: 0 | POS | INT | 2 | 15 | 57 | 3=(x/(12+7)) | 3 x 12 7 + / = | 3:dollar x:dollar 12:people 7:people +:people /:dollar =:dollar
EXPR: 0 | POS | INT | 5 | 15 | 57 | ((12+7)*3)=x | 12 7 + 3 * x = | 12:people 7:people +:people 3:dollar *:dollar x:dollar =:dollar
EXPR: 1 | POS | INT | 5 | 15 | 15 | x=((12-7)*3) | x 12 7 - 3 * = | x:dollar 12:people 7:people -:people 3:dollar *:dollar =:dollar
EXPR: 0 | POS | INT | 5 | 15 | 57 | x=((12+7)*3) | x 12 7 + 3 * = | x:dollar 12:people 7:people +:people 3:dollar *:dollar =:dollar
EXPR: 1 | POS | INT | 5 | 15 | 15 | ((12-7)*3)=x | 12 7 - 3 * x = | 12:people 7:people -:people 3:dollar *:dollar x:dollar =:dollar
EXPR: 1 | POS | INT | 7 | 15 | 15 | (x/(12-7))=3 | x 12 7 - / 3 = | x:dollar 12:people 7:people -:people /:dollar 3:dollar =:dollar
EXPR: 0 | POS | INT | 7 | 15 | 57 | (x/(12+7))=3 | x 12 7 + / 3 = | x:dollar 12:people 7:people +:people /:dollar 3:dollar =:dollar
EXPR: 0 | POS | INT | 10 | 15 | 43 | x=((3*12)+7) | x 3 12 * 7 + = | x:dollar 3:dollar 12:people *:dollar 7:dollar +:dollar =:dollar
EXPR: 0 | POS | INT | 10 | 15 | 43 | ((3*12)+7)=x | 3 12 * 7 + x = | 3:dollar 12:people *:people 7:people +:people x:people =:people
EXPR: 0 | POS | INT | 10 | 15 | 29 | ((3*12)-7)=x | 3 12 * 7 - x = | 3:dollar 12:people *:people 7:people -:people x:people =:people
EXPR: 0 | POS | INT | 10 | 15 | 87 | x=(3+(12*7)) | x 3 12 7 * + = | x:dollar 3:dollar 12:people 7:dollar *:dollar +:dollar =:dollar
EXPR: 0 | POS | INT | 10 | 15 | 29 | x=((3*12)-7) | x 3 12 * 7 - = | x:people 3:dollar 12:people *:people 7:people -:people =:people
EXPR: 0 | POS | INT | 10 | 15 | 105 | x=((3+12)*7) | x 3 12 + 7 * = | x:dollar 3:dollar 12:dollar +:dollar 7:people *:dollar =:dollar
EXPR: 0 | POS | INT | 10 | 15 | 105 | ((3+12)*7)=x | 3 12 + 7 * x = | 3:dollar 12:dollar +:dollar 7:people *:dollar x:dollar =:dollar
EXPR: 0 | POS | INT | 10 | 15 | 87 | (3+(12*7))=x | 3 12 7 * + x = | 3:dollar 12:dollar 7:people *:dollar +:dollar x:dollar =:dollar
EXPR: 0 | POS | INT | 12 | 15 | 48 | (3+(x/12))=7 | 3 x 12 / + 7 = | 3:dollar x:dollar 12:people /:dollar +:dollar 7:dollar =:dollar
EXPR: 0 | POS | INT | 12 | 15 | 11 | x=((12/3)+7) | x 12 3 / 7 + = | x:people 12:people 3:dollar /:people 7:people +:people =:people
EXPR: 0 | POS | INT | 12 | 15 | 33 | ((3*7)+12)=x | 3 7 * 12 + x = | 3:dollar 7:people *:people 12:people +:people x:people =:people
EXPR: 0 | POS | INT | 12 | 15 | 87 | ((x-3)/12)=7 | x 3 - 12 / 7 = | x:dollar 3:dollar -:dollar 12:people /:dollar 7:dollar =:dollar
EXPR: 0 | POS | INT | 12 | 15 | 63 | x=((12-3)*7) | x 12 3 - 7 * = | x:dollar 12:dollar 3:dollar -:dollar 7:people *:dollar =:dollar
EXPR: 0 | POS | INT | 12 | 15 | 9 | ((3*7)-12)=x | 3 7 * 12 - x = | 3:dollar 7:people *:people 12:people -:people x:people =:people
EXPR: 0 | POS | INT | 12 | 15 | 29 | ((3*12)-x)=7 | 3 12 * x - 7 = | 3:dollar 12:people *:people x:people -:people 7:people =:people
EXPR: 0 | POS | INT | 12 | 15 | 33 | (12+(3*7))=x | 12 3 7 * + x = | 12:people 3:dollar 7:people *:people +:people x:people =:people
EXPR: 0 | POS | INT | 12 | 15 | 81 | ((x+3)/12)=7 | x 3 + 12 / 7 = | x:dollar 3:dollar +:dollar 12:people /:dollar 7:dollar =:dollar
EXPR: 0 | POS | INT | 12 | 15 | 63 | ((12-3)*7)=x | 12 3 - 7 * x = | 12:dollar 3:dollar -:dollar 7:people *:dollar x:dollar =:dollar
EXPR: 0 | POS | INT | 12 | 15 | 120 | (12*(3+7))=x | 12 3 7 + * x = | 12:people 3:dollar 7:dollar +:dollar *:dollar x:dollar =:dollar
EXPR: 0 | POS | INT | 12 | 15 | 81 | ((3+x)/12)=7 | 3 x + 12 / 7 = | 3:dollar x:dollar +:dollar 12:people /:dollar 7:dollar =:dollar
EXPR: 0 | POS | INT | 12 | 15 | 11 | ((12/3)+7)=x | 12 3 / 7 + x = | 12:people 3:dollar /:people 7:people +:people x:people =:people
EXPR: 0 | POS | INT | 12 | 15 | 33 | x=(12+(3*7)) | x 12 3 7 * + = | x:people 12:people 3:dollar 7:people *:people +:people =:people
EXPR: 0 | POS | INT | 12 | 15 | 120 | x=(12*(3+7)) | x 12 3 7 + * = | x:dollar 12:people 3:dollar 7:dollar +:dollar *:dollar =:dollar
EXPR: 0 | POS | INT | 12 | 15 | 9 | x=((3*7)-12) | x 3 7 * 12 - = | x:dollar 3:dollar 7:people *:dollar 12:dollar -:dollar =:dollar
EXPR: 0 | POS | INT | 12 | 15 | 63 | 3=(12-(x/7)) | 3 12 x 7 / - = | 3:dollar 12:dollar x:dollar 7:people /:dollar -:dollar =:dollar
EXPR: 0 | POS | INT | 12 | 15 | 33 | x=((3*7)+12) | x 3 7 * 12 + = | x:people 3:dollar 7:people *:people 12:people +:people =:people
EXPR: 0 | POS | INT | 12 | 15 | 87 | 3=(x-(12*7)) | 3 x 12 7 * - = | 3:dollar x:dollar 12:dollar 7:people *:dollar -:dollar =:dollar
EXPR: 0 | POS | INT | 12 | 15 | 57 | ((x/3)-12)=7 | x 3 / 12 - 7 = | x:people 3:dollar /:people 12:people -:people 7:people =:people
EXPR: 0 | POS | INT | 12 | 15 | 120 | x=((3+7)*12) | x 3 7 + 12 * = | x:dollar 3:dollar 7:dollar +:dollar 12:people *:dollar =:dollar
EXPR: 0 | POS | INT | 12 | 15 | 33 | 3=((x-12)/7) | 3 x 12 - 7 / = | 3:dollar x:dollar 12:dollar -:dollar 7:people /:dollar =:dollar
EXPR: 0 | POS | INT | 12 | 15 | 9 | 3=((12+x)/7) | 3 12 x + 7 / = | 3:dollar 12:dollar x:dollar +:dollar 7:people /:dollar =:dollar
EXPR: 0 | POS | INT | 12 | 15 | 81 | 3=((12*7)-x) | 3 12 7 * x - = | 3:dollar 12:people 7:dollar *:dollar x:dollar -:dollar =:dollar
EXPR: 0 | POS | INT | 12 | 15 | 9 | 3=((x+12)/7) | 3 x 12 + 7 / = | 3:dollar x:dollar 12:dollar +:dollar 7:people /:dollar =:dollar
EXPR: 0 | POS | INT | 12 | 15 | 3 | (3+(12/x))=7 | 3 12 x / + 7 = | 3:people 12:people x:dollar /:people +:people 7:people =:people
EXPR: 0 | POS | INT | 12 | 15 | 43 | (x-(3*12))=7 | x 3 12 * - 7 = | x:dollar 3:dollar 12:people *:dollar -:dollar 7:dollar =:dollar
EXPR: 0 | POS | INT | 12 | 15 | 252 | (3*12)=(x/7) | 3 12 * x 7 / = | 3:dollar 12:people *:dollar x:dollar 7:people /:dollar =:dollar
EXPR: 0 | POS | INT | 12 | 15 | 120 | 3=((x/12)-7) | 3 x 12 / 7 - = | 3:dollar x:dollar 12:people /:dollar 7:dollar -:dollar =:dollar
EXPR: 0 | POS | INT | 12 | 15 | 120 | ((3+7)*12)=x | 3 7 + 12 * x = | 3:dollar 7:dollar +:dollar 12:people *:dollar x:dollar =:dollar
EXPR: 0 | POS | INT | 14 | 15 | 9 | ((3*7)-x)=12 | 3 7 * x - 12 = | 3:dollar 7:people *:people x:people -:people 12:people =:people
EXPR: 0 | POS | INT | 14 | 15 | 57 | 12=((x/3)-7) | 12 x 3 / 7 - = | 12:people x:people 3:dollar /:people 7:people -:people =:people
EXPR: 0 | POS | INT | 14 | 15 | 3 | (3*(7-x))=12 | 3 7 x - * 12 = | 3:dollar 7:people x:people -:people *:people 12:people =:people
EXPR: 0 | POS | INT | 14 | 15 | 87 | 12=((x-3)/7) | 12 x 3 - 7 / = | 12:dollar x:dollar 3:dollar -:dollar 7:people /:dollar =:dollar
EXPR: 0 | POS | INT | 14 | 15 | 11 | (3*(x-7))=12 | 3 x 7 - * 12 = | 3:dollar x:people 7:people -:people *:people 12:people =:people
EXPR: 1 | POS | INT | 14 | 15 | 15 | ((x/3)+7)=12 | x 3 / 7 + 12 = | x:people 3:dollar /:people 7:people +:people 12:people =:people
EXPR: 0 | POS | INT | 14 | 15 | 33 | 12=(x-(3*7)) | 12 x 3 7 * - = | 12:dollar x:dollar 3:dollar 7:people *:dollar -:dollar =:dollar
EXPR: 0 | POS | INT | 14 | 15 | 81 | 12=((x+3)/7) | 12 x 3 + 7 / = | 12:dollar x:dollar 3:dollar +:dollar 7:people /:dollar =:dollar
EXPR: 0 | POS | INT | 14 | 15 | 11 | 12=(3*(x-7)) | 12 3 x 7 - * = | 12:people 3:dollar x:people 7:people -:people *:people =:people
EXPR: 1 | POS | INT | 14 | 15 | 15 | 12=((x/3)+7) | 12 x 3 / 7 + = | 12:people x:people 3:dollar /:people 7:people +:people =:people
EXPR: 0 | POS | INT | 14 | 15 | 48 | 3=(7-(x/12)) | 3 7 x 12 / - = | 3:dollar 7:dollar x:dollar 12:people /:dollar -:dollar =:dollar
EXPR: 0 | POS | INT | 14 | 15 | 11 | (x-(12/3))=7 | x 12 3 / - 7 = | x:people 12:people 3:dollar /:people -:people 7:people =:people
EXPR: 0 | POS | INT | 14 | 15 | 3 | (x+(12/3))=7 | x 12 3 / + 7 = | x:people 12:people 3:dollar /:people +:people 7:people =:people
EXPR: 0 | POS | INT | 14 | 15 | 63 | (3+(x/7))=12 | 3 x 7 / + 12 = | 3:dollar x:dollar 7:people /:dollar +:dollar 12:dollar =:dollar
EXPR: 1 | POS | INT | 14 | 15 | 15 | (12-(x/3))=7 | 12 x 3 / - 7 = | 12:people x:people 3:dollar /:people -:people 7:people =:people
EXPR: 0 | POS | INT | 14 | 15 | 120 | ((x/12)-3)=7 | x 12 / 3 - 7 = | x:dollar 12:people /:dollar 3:dollar -:dollar 7:dollar =:dollar
EXPR: 0 | POS | INT | 14 | 15 | 81 | ((3+x)/7)=12 | 3 x + 7 / 12 = | 3:dollar x:dollar +:dollar 7:people /:dollar 12:dollar =:dollar
EXPR: 0 | POS | INT | 14 | 15 | 48 | ((x/12)+3)=7 | x 12 / 3 + 7 = | x:dollar 12:people /:dollar 3:dollar +:dollar 7:dollar =:dollar
EXPR: 0 | POS | INT | 14 | 15 | 3 | ((12/x)+3)=7 | 12 x / 3 + 7 = | 12:people x:dollar /:people 3:people +:people 7:people =:people
EXPR: 0 | POS | INT | 14 | 15 | 57 | ((x/3)-7)=12 | x 3 / 7 - 12 = | x:people 3:dollar /:people 7:people -:people 12:people =:people
EXPR: 0 | POS | INT | 14 | 15 | 252 | (3*7)=(x/12) | 3 7 * x 12 / = | 3:dollar 7:people *:dollar x:dollar 12:people /:dollar =:dollar
EXPR: 0 | POS | INT | 14 | 15 | 33 | ((x-12)/3)=7 | x 12 - 3 / 7 = | x:people 12:people -:people 3:dollar /:people 7:people =:people
EXPR: 0 | POS | INT | 14 | 15 | 9 | ((x+12)/3)=7 | x 12 + 3 / 7 = | x:people 12:people +:people 3:dollar /:people 7:people =:people
EXPR: 0 | POS | INT | 14 | 15 | 29 | 3=((x+7)/12) | 3 x 7 + 12 / = | 3:dollar x:dollar 7:dollar +:dollar 12:people /:dollar =:dollar
EXPR: 0 | POS | INT | 14 | 15 | 252 | (x/12)=(3*7) | x 12 / 3 7 * = | x:dollar 12:people /:dollar 3:dollar 7:people *:dollar =:dollar
EXPR: 0 | POS | INT | 14 | 15 | 29 | 3=((7+x)/12) | 3 7 x + 12 / = | 3:dollar 7:dollar x:dollar +:dollar 12:people /:dollar =:dollar
EXPR: 0 | POS | INT | 14 | 15 | 43 | 3=((x-7)/12) | 3 x 7 - 12 / = | 3:dollar x:dollar 7:dollar -:dollar 12:people /:dollar =:dollar
EXPR: 0 | POS | INT | 14 | 15 | 87 | ((x-3)/7)=12 | x 3 - 7 / 12 = | x:dollar 3:dollar -:dollar 7:people /:dollar 12:dollar =:dollar
EXPR: 0 | POS | INT | 14 | 15 | 3 | 3=(7-(12/x)) | 3 7 12 x / - = | 3:people 7:people 12:people x:dollar /:people -:people =:people
EXPR: 0 | POS | INT | 14 | 15 | 9 | ((12+x)/3)=7 | 12 x + 3 / 7 = | 12:people x:people +:people 3:dollar /:people 7:people =:people
EXPR: 0 | POS | INT | 14 | 15 | 9 | 12=((3*7)-x) | 12 3 7 * x - = | 12:dollar 3:dollar 7:people *:dollar x:dollar -:dollar =:dollar
EXPR: 0 | POS | INT | 14 | 15 | 33 | (x-(3*7))=12 | x 3 7 * - 12 = | x:dollar 3:dollar 7:people *:dollar -:dollar 12:dollar =:dollar
EXPR: 0 | POS | INT | 14 | 15 | 81 | 12=((3+x)/7) | 12 3 x + 7 / = | 12:dollar 3:dollar x:dollar +:dollar 7:people /:dollar =:dollar
EXPR: 0 | POS | INT | 14 | 15 | 81 | ((x+3)/7)=12 | x 3 + 7 / 12 = | x:dollar 3:dollar +:dollar 7:people /:dollar 12:dollar =:dollar
EXPR: 0 | POS | INT | 14 | 15 | 3 | ((12/3)+x)=7 | 12 3 / x + 7 = | 12:people 3:dollar /:people x:people +:people 7:people =:people
EXPR: 0 | POS | INT | 14 | 15 | 105 | 3=((x/7)-12) | 3 x 7 / 12 - = | 3:dollar x:dollar 7:people /:dollar 12:dollar -:dollar =:dollar
EXPR: 0 | POS | INT | 14 | 15 | 3 | 12=(3*(7-x)) | 12 3 7 x - * = | 12:people 3:dollar 7:people x:people -:people *:people =:people
EXPR: 0 | POS | INT | 14 | 15 | 63 | 12=(3+(x/7)) | 12 3 x 7 / + = | 12:dollar 3:dollar x:dollar 7:people /:dollar +:dollar =:dollar
EXPR: 0 | POS | INT | 15 | 15 | 81 | x=((12*7)-3) | x 12 7 * 3 - = | x:dollar 12:people 7:dollar *:dollar 3:dollar -:dollar =:dollar
EXPR: 0 | POS | INT | 15 | 15 | 87 | x=((12*7)+3) | x 12 7 * 3 + = | x:dollar 12:people 7:dollar *:dollar 3:dollar +:dollar =:dollar
EXPR: 0 | POS | INT | 15 | 15 | 43 | x=(7+(3*12)) | x 7 3 12 * + = | x:people 7:people 3:dollar 12:people *:people +:people =:people
EXPR: 0 | POS | INT | 15 | 15 | 81 | ((12*7)-3)=x | 12 7 * 3 - x = | 12:people 7:dollar *:dollar 3:dollar -:dollar x:dollar =:dollar
EXPR: 0 | POS | INT | 15 | 15 | 87 | ((12*7)+3)=x | 12 7 * 3 + x = | 12:people 7:dollar *:dollar 3:dollar +:dollar x:dollar =:dollar
EXPR: 0 | POS | INT | 15 | 15 | 105 | (7*(3+12))=x | 7 3 12 + * x = | 7:people 3:dollar 12:dollar +:dollar *:dollar x:dollar =:dollar
EXPR: 0 | POS | INT | 15 | 15 | 43 | (7+(3*12))=x | 7 3 12 * + x = | 7:people 3:dollar 12:people *:people +:people x:people =:people
EXPR: 0 | POS | INT | 15 | 15 | 105 | x=(7*(3+12)) | x 7 3 12 + * = | x:dollar 7:people 3:dollar 12:dollar +:dollar *:dollar =:dollar
EXPR: 0 | POS | INT | 15 | 15 | 48 | (12*(7-3))=x | 12 7 3 - * x = | 12:people 7:dollar 3:dollar -:dollar *:dollar x:dollar =:dollar
EXPR: 0 | POS | INT | 15 | 15 | 48 | x=(12*(7-3)) | x 12 7 3 - * = | x:dollar 12:people 7:dollar 3:dollar -:dollar *:dollar =:dollar
EXPR: 0 | POS | INT | 15 | 15 | 48 | ((7-3)*12)=x | 7 3 - 12 * x = | 7:dollar 3:dollar -:dollar 12:people *:dollar x:dollar =:dollar
EXPR: 0 | POS | INT | 15 | 15 | 48 | x=((7-3)*12) | x 7 3 - 12 * = | x:dollar 7:dollar 3:dollar -:dollar 12:people *:dollar =:dollar
EXPR: 0 | POS | INT | 17 | 15 | 120 | ((x/12)-7)=3 | x 12 / 7 - 3 = | x:dollar 12:people /:dollar 7:dollar -:dollar 3:dollar =:dollar
EXPR: 0 | POS | INT | 17 | 15 | 81 | ((12*7)-x)=3 | 12 7 * x - 3 = | 12:dollar 7:people *:dollar x:dollar -:dollar 3:dollar =:dollar
EXPR: 0 | POS | INT | 17 | 15 | 57 | 7=((x/3)-12) | 7 x 3 / 12 - = | 7:people x:people 3:dollar /:people 12:people -:people =:people
EXPR: 1 | POS | INT | 17 | 15 | 15 | (7+(x/3))=12 | 7 x 3 / + 12 = | 7:people x:people 3:dollar /:people +:people 12:people =:people
EXPR: 0 | POS | INT | 17 | 15 | 29 | 7=((3*12)-x) | 7 3 12 * x - = | 7:people 3:dollar 12:people *:people x:people -:people =:people
EXPR: 0 | POS | INT | 17 | 15 | 3 | (7-(12/3))=x | 7 12 3 / - x = | 7:people 12:people 3:dollar /:people -:people x:people =:people
EXPR: 0 | POS | INT | 17 | 15 | 11 | (7+(12/3))=x | 7 12 3 / + x = | 7:people 12:people 3:dollar /:people +:people x:people =:people
EXPR: 0 | POS | INT | 17 | 15 | 87 | 7=((x-3)/12) | 7 x 3 - 12 / = | 7:dollar x:dollar 3:dollar -:dollar 12:people /:dollar =:dollar
EXPR: 0 | POS | INT | 17 | 15 | 81 | 7=((x+3)/12) | 7 x 3 + 12 / = | 7:dollar x:dollar 3:dollar +:dollar 12:people /:dollar =:dollar
EXPR: 0 | POS | INT | 17 | 15 | 43 | 7=(x-(3*12)) | 7 x 3 12 * - = | 7:people x:people 3:dollar 12:people *:people -:people =:people
EXPR: 0 | POS | INT | 17 | 15 | 63 | (12-(x/7))=3 | 12 x 7 / - 3 = | 12:dollar x:dollar 7:people /:dollar -:dollar 3:dollar =:dollar
EXPR: 0 | POS | INT | 17 | 15 | 3 | 12=(x*(7-3)) | 12 x 7 3 - * = | 12:people x:dollar 7:people 3:people -:people *:people =:people
EXPR: 0 | POS | INT | 17 | 15 | 63 | (7*(12-3))=x | 7 12 3 - * x = | 7:people 12:dollar 3:dollar -:dollar *:dollar x:dollar =:dollar
EXPR: 0 | POS | INT | 17 | 15 | 3 | x=(7-(12/3)) | x 7 12 3 / - = | x:people 7:people 12:people 3:dollar /:people -:people =:people
EXPR: 0 | POS | INT | 17 | 15 | 11 | x=(7+(12/3)) | x 7 12 3 / + = | x:people 7:people 12:people 3:dollar /:people +:people =:people
EXPR: 0 | POS | INT | 17 | 15 | 105 | ((x/7)-3)=12 | x 7 / 3 - 12 = | x:dollar 7:people /:dollar 3:dollar -:dollar 12:dollar =:dollar
EXPR: 0 | POS | INT | 17 | 15 | 63 | x=(7*(12-3)) | x 7 12 3 - * = | x:dollar 7:people 12:dollar 3:dollar -:dollar *:dollar =:dollar
EXPR: 0 | POS | INT | 17 | 15 | 43 | ((x-7)/3)=12 | x 7 - 3 / 12 = | x:people 7:people -:people 3:dollar /:people 12:people =:people
EXPR: 0 | POS | INT | 17 | 15 | 9 | ((12+x)/7)=3 | 12 x + 7 / 3 = | 12:dollar x:dollar +:dollar 7:people /:dollar 3:dollar =:dollar
EXPR: 0 | POS | INT | 17 | 15 | 11 | ((x-7)*3)=12 | x 7 - 3 * 12 = | x:people 7:people -:people 3:dollar *:people 12:people =:people
EXPR: 1 | POS | INT | 17 | 15 | 15 | 12=(7+(x/3)) | 12 7 x 3 / + = | 12:people 7:people x:people 3:dollar /:people +:people =:people
EXPR: 0 | POS | INT | 17 | 15 | 3 | 12=((7-3)*x) | 12 7 3 - x * = | 12:people 7:people 3:people -:people x:dollar *:people =:people
EXPR: 0 | POS | INT | 17 | 15 | 87 | (x-(12*7))=3 | x 12 7 * - 3 = | x:dollar 12:people 7:dollar *:dollar -:dollar 3:dollar =:dollar
EXPR: 0 | POS | INT | 17 | 15 | 81 | 7=((3+x)/12) | 7 3 x + 12 / = | 7:dollar 3:dollar x:dollar +:dollar 12:people /:dollar =:dollar
EXPR: 0 | POS | INT | 17 | 15 | 29 | ((x+7)/3)=12 | x 7 + 3 / 12 = | x:people 7:people +:people 3:dollar /:people 12:people =:people
EXPR: 0 | POS | INT | 17 | 15 | 29 | 12=((7+x)/3) | 12 7 x + 3 / = | 12:people 7:people x:people +:people 3:dollar /:people =:people
EXPR: 0 | POS | INT | 17 | 15 | 63 | ((x/7)+3)=12 | x 7 / 3 + 12 = | x:dollar 7:people /:dollar 3:dollar +:dollar 12:dollar =:dollar
EXPR: 0 | POS | INT | 17 | 15 | 3 | 12=((7-x)*3) | 12 7 x - 3 * = | 12:people 7:people x:people -:people 3:dollar *:people =:people
EXPR: 0 | POS | INT | 17 | 15 | 3 | 7=(3+(12/x)) | 7 3 12 x / + = | 7:people 3:people 12:people x:dollar /:people +:people =:people
EXPR: 0 | POS | INT | 17 | 15 | 29 | ((7+x)/3)=12 | 7 x + 3 / 12 = | 7:people x:people +:people 3:dollar /:people 12:people =:people
EXPR: 0 | POS | INT | 17 | 15 | 3 | ((7-x)*3)=12 | 7 x - 3 * 12 = | 7:people x:people -:people 3:dollar *:people 12:people =:people
EXPR: 0 | POS | INT | 17 | 15 | 48 | 7=(3+(x/12)) | 7 3 x 12 / + = | 7:dollar 3:dollar x:dollar 12:people /:dollar +:dollar =:dollar
EXPR: 0 | POS | INT | 17 | 15 | 252 | (x/7)=(3*12) | x 7 / 3 12 * = | x:dollar 7:people /:dollar 3:dollar 12:people *:dollar =:dollar
EXPR: 0 | POS | INT | 17 | 15 | 33 | ((x-12)/7)=3 | x 12 - 7 / 3 = | x:dollar 12:dollar -:dollar 7:people /:dollar 3:dollar =:dollar
EXPR: 0 | POS | INT | 17 | 15 | 105 | 12=((x/7)-3) | 12 x 7 / 3 - = | 12:dollar x:dollar 7:people /:dollar 3:dollar -:dollar =:dollar
EXPR: 0 | POS | INT | 17 | 15 | 9 | ((x+12)/7)=3 | x 12 + 7 / 3 = | x:dollar 12:dollar +:dollar 7:people /:dollar 3:dollar =:dollar
EXPR: 0 | POS | INT | 17 | 15 | 3 | (x*(7-3))=12 | x 7 3 - * 12 = | x:dollar 7:people 3:people -:people *:people 12:people =:people
EXPR: 0 | POS | INT | 17 | 15 | 3 | ((7-3)*x)=12 | 7 3 - x * 12 = | 7:people 3:people -:people x:dollar *:people 12:people =:people
EXPR: 0 | POS | INT | 17 | 15 | 63 | 12=((x/7)+3) | 12 x 7 / 3 + = | 12:dollar x:dollar 7:people /:dollar 3:dollar +:dollar =:dollar
EXPR: 0 | POS | INT | 17 | 15 | 11 | 12=((x-7)*3) | 12 x 7 - 3 * = | 12:people x:people 7:people -:people 3:dollar *:people =:people
EXPR: 0 | POS | INT | 17 | 15 | 43 | 12=((x-7)/3) | 12 x 7 - 3 / = | 12:people x:people 7:people -:people 3:dollar /:people =:people
EXPR: 0 | POS | INT | 17 | 15 | 29 | 12=((x+7)/3) | 12 x 7 + 3 / = | 12:people x:people 7:people +:people 3:dollar /:people =:people
EXPR: 0 | POS | INT | 19 | 15 | 105 | ((x/7)-12)=3 | x 7 / 12 - 3 = | x:dollar 7:people /:dollar 12:dollar -:dollar 3:dollar =:dollar
EXPR: 0 | POS | INT | 19 | 15 | 9 | 7=((x+12)/3) | 7 x 12 + 3 / = | 7:people x:people 12:people +:people 3:dollar /:people =:people
EXPR: 0 | POS | INT | 19 | 15 | 33 | 7=((x-12)/3) | 7 x 12 - 3 / = | 7:people x:people 12:people -:people 3:dollar /:people =:people
EXPR: 0 | POS | INT | 19 | 15 | 120 | 7=((x/12)-3) | 7 x 12 / 3 - = | 7:dollar x:dollar 12:people /:dollar 3:dollar -:dollar =:dollar
EXPR: 0 | POS | INT | 19 | 15 | 48 | (7-(x/12))=3 | 7 x 12 / - 3 = | 7:dollar x:dollar 12:people /:dollar -:dollar 3:dollar =:dollar
EXPR: 0 | POS | INT | 19 | 15 | 11 | 7=(x-(12/3)) | 7 x 12 3 / - = | 7:people x:people 12:people 3:dollar /:people -:people =:people
EXPR: 0 | POS | INT | 19 | 15 | 3 | 7=((12/3)+x) | 7 12 3 / x + = | 7:people 12:people 3:dollar /:people x:people +:people =:people
EXPR: 1 | POS | INT | 19 | 15 | 15 | 7=(12-(x/3)) | 7 12 x 3 / - = | 7:people 12:people x:people 3:dollar /:people -:people =:people
EXPR: 0 | POS | INT | 19 | 15 | 3 | 7=(x+(12/3)) | 7 x 12 3 / + = | 7:people x:people 12:people 3:dollar /:people +:people =:people
EXPR: 0 | POS | INT | 19 | 15 | 3 | 7=((12/x)+3) | 7 12 x / 3 + = | 7:people 12:people x:dollar /:people 3:people +:people =:people
NET 152 unique, non-negative, integer-valued solutions found out of 1000 total solutions
