parameters: n=7 l=3 k=1 p=5 q=3 m=9
TOTAL 1000 solutions found
SOLN: CORRECT | POS/NEG | INT/FRA | OBJ-SCORE | TRUE-ANS | ANS | INFIX | POSTFIX | TYPED-POSTFIX
EXPR: 0 | POS | INT | 10 | 72 | 120 | ((16*7)+8)=x | 16 7 * 8 + x = | 16:friend 7:life *:life 8:life +:life x:life =:life
EXPR: 0 | POS | INT | 10 | 72 | 240 | x=(16*(7+8)) | x 16 7 8 + * = | x:life 16:friend 7:life 8:life +:life *:life =:life
EXPR: 0 | POS | INT | 10 | 72 | 120 | x=((16*7)+8) | x 16 7 * 8 + = | x:life 16:life 7:player *:life 8:life +:life =:life
EXPR: 1 | POS | INT | 10 | 72 | 72 | x=(16+(7*8)) | x 16 7 8 * + = | x:life 16:life 7:player 8:life *:life +:life =:life
EXPR: 0 | POS | INT | 10 | 72 | 184 | x=((16+7)*8) | x 16 7 + 8 * = | x:life 16:friend 7:friend +:friend 8:life *:life =:life
EXPR: 0 | POS | INT | 10 | 72 | 104 | x=((16*7)-8) | x 16 7 * 8 - = | x:life 16:life 7:player *:life 8:life -:life =:life
EXPR: 0 | POS | INT | 10 | 72 | 184 | ((16+7)*8)=x | 16 7 + 8 * x = | 16:player 7:player +:player 8:life *:life x:life =:life
EXPR: 0 | POS | INT | 10 | 72 | 104 | ((16*7)-8)=x | 16 7 * 8 - x = | 16:life 7:player *:life 8:life -:life x:life =:life
EXPR: 1 | POS | INT | 10 | 72 | 72 | x=((16-7)*8) | x 16 7 - 8 * = | x:life 16:player 7:player -:player 8:life *:life =:life
EXPR: 1 | POS | INT | 10 | 72 | 72 | ((16-7)*8)=x | 16 7 - 8 * x = | 16:player 7:player -:player 8:life *:life x:life =:life
EXPR: 0 | POS | INT | 10 | 72 | 240 | (16*(7+8))=x | 16 7 8 + * x = | 16:friend 7:life 8:life +:life *:life x:life =:life
EXPR: 1 | POS | INT | 10 | 72 | 72 | (16+(7*8))=x | 16 7 8 * + x = | 16:life 7:player 8:life *:life +:life x:life =:life
EXPR: 0 | POS | INT | 12 | 72 | 135 | ((16*8)+7)=x | 16 8 * 7 + x = | 16:friend 8:life *:life 7:life +:life x:life =:life
EXPR: 0 | POS | INT | 12 | 72 | 56 | (16-(x/7))=8 | 16 x 7 / - 8 = | 16:life x:life 7:player /:life -:life 8:life =:life
EXPR: 0 | POS | INT | 12 | 72 | 135 | x=((16*8)+7) | x 16 8 * 7 + = | x:life 16:friend 8:life *:life 7:life +:life =:life
EXPR: 0 | POS | INT | 12 | 72 | 104 | ((16*7)-x)=8 | 16 7 * x - 8 = | 16:life 7:player *:life x:life -:life 8:life =:life
EXPR: 0 | POS | INT | 12 | 72 | 56 | (7*(16-8))=x | 7 16 8 - * x = | 7:player 16:life 8:life -:life *:life x:life =:life
EXPR: 0 | POS | INT | 12 | 72 | 168 | (7*(16+8))=x | 7 16 8 + * x = | 7:player 16:life 8:life +:life *:life x:life =:life
EXPR: 0 | POS | INT | 12 | 72 | 184 | (x/(16+7))=8 | x 16 7 + / 8 = | x:life 16:friend 7:friend +:friend /:life 8:life =:life
EXPR: 1 | POS | INT | 12 | 72 | 72 | (x/(16-7))=8 | x 16 7 - / 8 = | x:life 16:friend 7:friend -:friend /:life 8:life =:life
EXPR: 0 | POS | INT | 12 | 72 | 56 | ((16-8)*7)=x | 16 8 - 7 * x = | 16:life 8:life -:life 7:player *:life x:life =:life
EXPR: 0 | POS | INT | 12 | 72 | 168 | ((16+8)*7)=x | 16 8 + 7 * x = | 16:life 8:life +:life 7:player *:life x:life =:life
EXPR: 0 | POS | INT | 12 | 72 | 896 | (x/16)=(7*8) | x 16 / 7 8 * = | x:life 16:friend /:life 7:player 8:life *:life =:life
EXPR: 0 | POS | INT | 12 | 72 | 40 | ((16+x)/7)=8 | 16 x + 7 / 8 = | 16:life x:life +:life 7:player /:life 8:life =:life
EXPR: 1 | POS | INT | 12 | 72 | 72 | 16=(x-(7*8)) | 16 x 7 8 * - = | 16:life x:life 7:player 8:life *:life -:life =:life
EXPR: 0 | POS | INT | 12 | 72 | 120 | (x-(16*7))=8 | x 16 7 * - 8 = | x:life 16:life 7:player *:life -:life 8:life =:life
EXPR: 0 | POS | INT | 12 | 72 | 56 | x=((16-8)*7) | x 16 8 - 7 * = | x:life 16:life 8:life -:life 7:player *:life =:life
EXPR: 0 | POS | INT | 12 | 72 | 16 | x=(16*(8-7)) | x 16 8 7 - * = | x:life 16:friend 8:life 7:life -:life *:life =:life
EXPR: 0 | POS | INT | 12 | 72 | 16 | (16*(8-7))=x | 16 8 7 - * x = | 16:friend 8:life 7:life -:life *:life x:life =:life
EXPR: 0 | POS | INT | 12 | 72 | 121 | x=((16*8)-7) | x 16 8 * 7 - = | x:life 16:friend 8:life *:life 7:life -:life =:life
EXPR: 0 | POS | INT | 14 | 72 | 121 | ((16*8)-x)=7 | 16 8 * x - 7 = | 16:friend 8:life *:life x:life -:life 7:life =:life
EXPR: 0 | POS | INT | 14 | 72 | 120 | 16=((x-8)/7) | 16 x 8 - 7 / = | 16:life x:life 8:life -:life 7:player /:life =:life
EXPR: 0 | POS | INT | 14 | 72 | 104 | 16=((x+8)/7) | 16 x 8 + 7 / = | 16:life x:life 8:life +:life 7:player /:life =:life
EXPR: 0 | POS | INT | 14 | 72 | 135 | 7=(x-(16*8)) | 7 x 16 8 * - = | 7:life x:life 16:friend 8:life *:life -:life =:life
EXPR: 0 | POS | INT | 14 | 72 | 240 | 7=((x/16)-8) | 7 x 16 / 8 - = | 7:life x:life 16:friend /:life 8:life -:life =:life
EXPR: 0 | POS | INT | 14 | 72 | 135 | ((x-7)/16)=8 | x 7 - 16 / 8 = | x:life 7:life -:life 16:friend /:life 8:life =:life
EXPR: 0 | POS | INT | 14 | 72 | 896 | (x/7)=(16*8) | x 7 / 16 8 * = | x:life 7:player /:life 16:friend 8:life *:life =:life
EXPR: 0 | POS | INT | 15 | 72 | 120 | x=(8+(16*7)) | x 8 16 7 * + = | x:life 8:life 16:life 7:player *:life +:life =:life
EXPR: 0 | POS | INT | 15 | 72 | 120 | (8+(16*7))=x | 8 16 7 * + x = | 8:life 16:friend 7:life *:life +:life x:life =:life
EXPR: 0 | POS | INT | 15 | 72 | 184 | (8*(16+7))=x | 8 16 7 + * x = | 8:life 16:friend 7:friend +:friend *:life x:life =:life
EXPR: 1 | POS | INT | 15 | 72 | 72 | (8*(16-7))=x | 8 16 7 - * x = | 8:life 16:friend 7:friend -:friend *:life x:life =:life
EXPR: 0 | POS | INT | 17 | 72 | 16 | (8-(x/16))=7 | 8 x 16 / - 7 = | 8:life x:life 16:friend /:life -:life 7:life =:life
EXPR: 0 | POS | INT | 17 | 72 | 104 | ((8+x)/16)=7 | 8 x + 16 / 7 = | 8:life x:life +:life 16:friend /:life 7:life =:life
EXPR: 0 | POS | INT | 17 | 72 | 104 | ((x+8)/16)=7 | x 8 + 16 / 7 = | x:life 8:life +:life 16:friend /:life 7:life =:life
EXPR: 0 | POS | INT | 17 | 72 | 120 | ((x-8)/16)=7 | x 8 - 16 / 7 = | x:life 8:life -:life 16:friend /:life 7:life =:life
EXPR: 1 | POS | INT | 17 | 72 | 72 | 8=(x/(16-7)) | 8 x 16 7 - / = | 8:life x:life 16:player 7:player -:player /:life =:life
EXPR: 0 | POS | INT | 17 | 72 | 120 | 8=(x-(16*7)) | 8 x 16 7 * - = | 8:life x:life 16:friend 7:life *:life -:life =:life
EXPR: 0 | POS | INT | 17 | 72 | 104 | 8=((16*7)-x) | 8 16 7 * x - = | 8:life 16:life 7:player *:life x:life -:life =:life
EXPR: 0 | POS | INT | 17 | 72 | 16 | 8=((x/16)+7) | 8 x 16 / 7 + = | 8:life x:life 16:friend /:life 7:life +:life =:life
EXPR: 1 | POS | INT | 17 | 72 | 72 | (x-(7*8))=16 | x 7 8 * - 16 = | x:life 7:player 8:life *:life -:life 16:life =:life
EXPR: 0 | POS | INT | 19 | 72 | 135 | 8=((x-7)/16) | 8 x 7 - 16 / = | 8:life x:life 7:life -:life 16:friend /:life =:life
EXPR: 0 | POS | INT | 19 | 72 | 121 | 8=((x+7)/16) | 8 x 7 + 16 / = | 8:life x:life 7:life +:life 16:friend /:life =:life
EXPR: 0 | POS | INT | 19 | 72 | 120 | ((x-8)/7)=16 | x 8 - 7 / 16 = | x:life 8:life -:life 7:player /:life 16:life =:life
EXPR: 0 | POS | INT | 19 | 72 | 104 | ((x+8)/7)=16 | x 8 + 7 / 16 = | x:life 8:life +:life 7:player /:life 16:life =:life
EXPR: 0 | POS | INT | 20 | 72 | 15 | x=(16+(7-8)) | x 16 7 8 - + = | x:life 16:life 7:life 8:life -:life +:life =:life
EXPR: 0 | POS | INT | 20 | 72 | 1 | x=(16-(7+8)) | x 16 7 8 + - = | x:life 16:life 7:life 8:life +:life -:life =:life
EXPR: 0 | POS | INT | 20 | 72 | 31 | x=(16+(7+8)) | x 16 7 8 + + = | x:life 16:life 7:life 8:life +:life +:life =:life
EXPR: 0 | POS | INT | 20 | 72 | 15 | ((16+7)-8)=x | 16 7 + 8 - x = | 16:life 7:life +:life 8:life -:life x:life =:life
EXPR: 0 | POS | INT | 20 | 72 | 1 | (16-(7+8))=x | 16 7 8 + - x = | 16:life 7:life 8:life +:life -:life x:life =:life
EXPR: 0 | POS | INT | 22 | 72 | 17 | ((16+8)-7)=x | 16 8 + 7 - x = | 16:life 8:life +:life 7:life -:life x:life =:life
EXPR: 0 | POS | INT | 22 | 72 | 1 | (16-(x+7))=8 | 16 x 7 + - 8 = | 16:life x:life 7:life +:life -:life 8:life =:life
EXPR: 0 | POS | INT | 22 | 72 | 9 | ((16/8)+7)=x | 16 8 / 7 + x = | 16:player 8:life /:player 7:player +:player x:player =:player
EXPR: 0 | POS | INT | 22 | 72 | 9 | 16=((x-7)*8) | 16 x 7 - 8 * = | 16:life x:player 7:player -:player 8:life *:life =:life
EXPR: 0 | POS | INT | 22 | 72 | 896 | (16*7)=(x/8) | 16 7 * x 8 / = | 16:friend 7:player *:friend x:friend 8:life /:friend =:friend
EXPR: 0 | POS | INT | 22 | 72 | 135 | (7+(16*8))=x | 7 16 8 * + x = | 7:life 16:player 8:life *:life +:life x:life =:life
EXPR: 0 | POS | INT | 22 | 72 | 17 | (16+(8-7))=x | 16 8 7 - + x = | 16:life 8:life 7:life -:life +:life x:life =:life
EXPR: 0 | POS | INT | 22 | 72 | 16 | x=(16/(8-7)) | x 16 8 7 - / = | x:life 16:life 8:player 7:player -:player /:life =:life
EXPR: 0 | POS | INT | 22 | 72 | 168 | x=((16+8)*7) | x 16 8 + 7 * = | x:life 16:friend 8:friend +:friend 7:life *:life =:life
EXPR: 0 | POS | INT | 22 | 72 | 15 | ((16-x)+7)=8 | 16 x - 7 + 8 = | 16:life x:life -:life 7:life +:life 8:life =:life
EXPR: 0 | POS | INT | 22 | 72 | 15 | ((16-8)+7)=x | 16 8 - 7 + x = | 16:life 8:life -:life 7:life +:life x:life =:life
EXPR: 0 | POS | INT | 22 | 72 | 15 | 16=(x-(7-8)) | 16 x 7 8 - - = | 16:life x:life 7:life 8:life -:life -:life =:life
EXPR: 0 | POS | INT | 22 | 72 | 31 | 16=(x-(7+8)) | 16 x 7 8 + - = | 16:life x:life 7:life 8:life +:life -:life =:life
EXPR: 0 | POS | INT | 22 | 72 | 15 | 16=((x-7)+8) | 16 x 7 - 8 + = | 16:life x:life 7:life -:life 8:life +:life =:life
EXPR: 0 | POS | INT | 22 | 72 | 17 | 16=((x+7)-8) | 16 x 7 + 8 - = | 16:life x:life 7:life +:life 8:life -:life =:life
EXPR: 0 | POS | INT | 22 | 72 | 17 | x=(16+(8-7)) | x 16 8 7 - + = | x:life 16:life 8:life 7:life -:life +:life =:life
EXPR: 0 | POS | INT | 22 | 72 | 1 | ((16-x)-7)=8 | 16 x - 7 - 8 = | 16:life x:life -:life 7:life -:life 8:life =:life
EXPR: 0 | POS | INT | 22 | 72 | 31 | 16=((x-7)-8) | 16 x 7 - 8 - = | 16:life x:life 7:life -:life 8:life -:life =:life
EXPR: 0 | POS | INT | 22 | 72 | 121 | ((16*8)-7)=x | 16 8 * 7 - x = | 16:player 8:life *:player 7:player -:player x:player =:player
EXPR: 0 | POS | INT | 22 | 72 | 31 | ((16+8)+7)=x | 16 8 + 7 + x = | 16:life 8:life +:life 7:life +:life x:life =:life
EXPR: 0 | POS | INT | 22 | 72 | 15 | x=(16-(8-7)) | x 16 8 7 - - = | x:life 16:life 8:life 7:life -:life -:life =:life
EXPR: 0 | POS | INT | 22 | 72 | 17 | 16=(7+(x-8)) | 16 7 x 8 - + = | 16:life 7:life x:life 8:life -:life +:life =:life
EXPR: 0 | POS | INT | 22 | 72 | 1 | ((16-8)-7)=x | 16 8 - 7 - x = | 16:life 8:life -:life 7:life -:life x:life =:life
EXPR: 0 | POS | INT | 22 | 72 | 135 | x=(7+(16*8)) | x 7 16 8 * + = | x:player 7:player 16:friend 8:player *:player +:player =:player
EXPR: 0 | POS | INT | 22 | 72 | 104 | (16*7)=(x+8) | 16 7 * x 8 + = | 16:friend 7:life *:life x:life 8:life +:life =:life
EXPR: 0 | POS | INT | 22 | 72 | 1 | 16=(x+(7+8)) | 16 x 7 8 + + = | 16:life x:life 7:life 8:life +:life +:life =:life
EXPR: 0 | POS | INT | 22 | 72 | 240 | 16=(x/(7+8)) | 16 x 7 8 + / = | 16:friend x:friend 7:life 8:life +:life /:friend =:friend
EXPR: 0 | POS | INT | 22 | 72 | 5 | (16/(7-x))=8 | 16 7 x - / 8 = | 16:friend 7:life x:life -:life /:friend 8:friend =:friend
EXPR: 0 | POS | INT | 22 | 72 | 5 | (7-(16/8))=x | 7 16 8 / - x = | 7:friend 16:friend 8:life /:friend -:friend x:friend =:friend
EXPR: 0 | POS | INT | 24 | 72 | 9 | (x-(16/8))=7 | x 16 8 / - 7 = | x:player 16:player 8:life /:player -:player 7:player =:player
EXPR: 0 | POS | INT | 24 | 72 | 121 | 7=((16*8)-x) | 7 16 8 * x - = | 7:player 16:friend 8:player *:player x:player -:player =:player
EXPR: 0 | POS | INT | 24 | 72 | 16 | 16=(x*(8-7)) | 16 x 8 7 - * = | 16:friend x:life 8:friend 7:friend -:friend *:friend =:friend
EXPR: 0 | POS | INT | 24 | 72 | 135 | (x-(16*8))=7 | x 16 8 * - 7 = | x:player 16:friend 8:player *:player -:player 7:player =:player
EXPR: 0 | POS | INT | 24 | 72 | 1 | 16=(8+(x+7)) | 16 8 x 7 + + = | 16:life 8:life x:life 7:life +:life +:life =:life
EXPR: 0 | POS | INT | 24 | 72 | 56 | 7=(x/(16-8)) | 7 x 16 8 - / = | 7:life x:life 16:friend 8:friend -:friend /:life =:life
EXPR: 0 | POS | INT | 24 | 72 | 168 | 7=(x/(16+8)) | 7 x 16 8 + / = | 7:life x:life 16:friend 8:friend +:friend /:life =:life
EXPR: 0 | POS | INT | 24 | 72 | 15 | (7-(x-16))=8 | 7 x 16 - - 8 = | 7:life x:life 16:life -:life -:life 8:life =:life
EXPR: 0 | POS | INT | 24 | 72 | 17 | (7+(x-16))=8 | 7 x 16 - + 8 = | 7:life x:life 16:life -:life +:life 8:life =:life
EXPR: 0 | POS | INT | 24 | 72 | 15 | 16=(8+(x-7)) | 16 8 x 7 - + = | 16:life 8:life x:life 7:life -:life +:life =:life
EXPR: 0 | POS | INT | 24 | 72 | 16 | 16=((8-7)*x) | 16 8 7 - x * = | 16:friend 8:life 7:life -:life x:friend *:friend =:friend
EXPR: 0 | POS | INT | 24 | 72 | 15 | 7=((x-16)+8) | 7 x 16 - 8 + = | 7:life x:life 16:life -:life 8:life +:life =:life
EXPR: 0 | POS | INT | 24 | 72 | 15 | 16=((x+8)-7) | 16 x 8 + 7 - = | 16:life x:life 8:life +:life 7:life -:life =:life
EXPR: 0 | POS | INT | 24 | 72 | 168 | (x/(16+8))=7 | x 16 8 + / 7 = | x:player 16:friend 8:friend +:friend /:player 7:player =:player
EXPR: 0 | POS | INT | 24 | 72 | 40 | ((16+x)/8)=7 | 16 x + 8 / 7 = | 16:player x:player +:player 8:life /:player 7:player =:player
EXPR: 0 | POS | INT | 24 | 72 | 1 | 7=(16-(x+8)) | 7 16 x 8 + - = | 7:life 16:life x:life 8:life +:life -:life =:life
EXPR: 0 | POS | INT | 24 | 72 | 31 | 16=((x-8)-7) | 16 x 8 - 7 - = | 16:life x:life 8:life -:life 7:life -:life =:life
EXPR: 0 | POS | INT | 24 | 72 | 9 | 16=(8*(x-7)) | 16 8 x 7 - * = | 16:life 8:life x:player 7:player -:player *:life =:life
EXPR: 0 | POS | INT | 24 | 72 | 16 | 16=(x/(8-7)) | 16 x 8 7 - / = | 16:life x:life 8:player 7:player -:player /:life =:life
EXPR: 0 | POS | INT | 24 | 72 | 15 | ((7-x)+16)=8 | 7 x - 16 + 8 = | 7:life x:life -:life 16:life +:life 8:life =:life
EXPR: 1 | POS | INT | 24 | 72 | 72 | (16-(x/8))=7 | 16 x 8 / - 7 = | 16:player x:player 8:life /:player -:player 7:player =:player
EXPR: 0 | POS | INT | 24 | 72 | 31 | 7=((x-16)-8) | 7 x 16 - 8 - = | 7:life x:life 16:life -:life 8:life -:life =:life
EXPR: 0 | POS | INT | 24 | 72 | 121 | (7+x)=(16*8) | 7 x + 16 8 * = | 7:life x:life +:life 16:friend 8:life *:life =:life
EXPR: 0 | POS | INT | 24 | 72 | 121 | (16*8)=(x+7) | 16 8 * x 7 + = | 16:friend 8:life *:life x:life 7:life +:life =:life
EXPR: 0 | POS | INT | 24 | 72 | 17 | 7=((16+8)-x) | 7 16 8 + x - = | 7:life 16:life 8:life +:life x:life -:life =:life
EXPR: 0 | POS | INT | 24 | 72 | 135 | (x-7)=(16*8) | x 7 - 16 8 * = | x:life 7:life -:life 16:friend 8:life *:life =:life
EXPR: 0 | POS | INT | 24 | 72 | 121 | (x+7)=(16*8) | x 7 + 16 8 * = | x:life 7:life +:life 16:friend 8:life *:life =:life
EXPR: 0 | POS | INT | 24 | 72 | 17 | ((x+7)-16)=8 | x 7 + 16 - 8 = | x:life 7:life +:life 16:life -:life 8:life =:life
EXPR: 0 | POS | INT | 24 | 72 | 17 | 7=((16-x)+8) | 7 16 x - 8 + = | 7:life 16:life x:life -:life 8:life +:life =:life
EXPR: 0 | POS | INT | 24 | 72 | 121 | ((x+7)/16)=8 | x 7 + 16 / 8 = | x:player 7:player +:player 16:friend /:player 8:player =:player
EXPR: 0 | POS | INT | 24 | 72 | 16 | (7+(x/16))=8 | 7 x 16 / + 8 = | 7:player x:player 16:friend /:player +:player 8:player =:player
EXPR: 0 | POS | INT | 24 | 72 | 5 | 7=((16/8)+x) | 7 16 8 / x + = | 7:friend 16:friend 8:life /:friend x:friend +:friend =:friend
EXPR: 0 | POS | INT | 24 | 72 | 31 | ((x-7)-16)=8 | x 7 - 16 - 8 = | x:life 7:life -:life 16:life -:life 8:life =:life
EXPR: 1 | POS | INT | 25 | 72 | 72 | x=((7*8)+16) | x 7 8 * 16 + = | x:friend 7:friend 8:life *:friend 16:friend +:friend =:friend
EXPR: 0 | POS | INT | 25 | 72 | 40 | ((7*8)-16)=x | 7 8 * 16 - x = | 7:player 8:life *:player 16:player -:player x:player =:player
EXPR: 0 | POS | INT | 25 | 72 | 240 | x=((7+8)*16) | x 7 8 + 16 * = | x:friend 7:player 8:player +:player 16:friend *:friend =:friend
EXPR: 0 | POS | INT | 25 | 72 | 240 | ((7+8)*16)=x | 7 8 + 16 * x = | 7:player 8:player +:player 16:friend *:player x:player =:player
EXPR: 0 | POS | INT | 25 | 72 | 184 | x=(8*(16+7)) | x 8 16 7 + * = | x:player 8:life 16:player 7:player +:player *:player =:player
EXPR: 0 | POS | INT | 25 | 72 | 40 | x=((7*8)-16) | x 7 8 * 16 - = | x:friend 7:player 8:friend *:friend 16:friend -:friend =:friend
EXPR: 0 | POS | INT | 25 | 72 | 15 | (7-(8-16))=x | 7 8 16 - - x = | 7:life 8:life 16:life -:life -:life x:life =:life
EXPR: 1 | POS | INT | 25 | 72 | 72 | x=(8*(16-7)) | x 8 16 7 - * = | x:player 8:life 16:player 7:player -:player *:player =:player
EXPR: 0 | POS | INT | 25 | 72 | 31 | ((7+8)+16)=x | 7 8 + 16 + x = | 7:life 8:life +:life 16:life +:life x:life =:life
EXPR: 0 | POS | INT | 25 | 72 | 15 | x=(7-(8-16)) | x 7 8 16 - - = | x:life 7:life 8:life 16:life -:life -:life =:life
EXPR: 1 | POS | INT | 25 | 72 | 72 | ((7*8)+16)=x | 7 8 * 16 + x = | 7:friend 8:life *:friend 16:friend +:friend x:friend =:friend
EXPR: 0 | POS | INT | 27 | 72 | 16 | x=((8-7)*16) | x 8 7 - 16 * = | x:friend 8:player 7:player -:player 16:friend *:friend =:friend
EXPR: 0 | POS | INT | 27 | 72 | 184 | 7=((x/8)-16) | 7 x 8 / 16 - = | 7:friend x:friend 8:life /:friend 16:friend -:friend =:friend
EXPR: 0 | POS | INT | 27 | 72 | 15 | 7=(8+(x-16)) | 7 8 x 16 - + = | 7:life 8:life x:life 16:life -:life +:life =:life
EXPR: 0 | POS | INT | 27 | 72 | 15 | 7=(x+(8-16)) | 7 x 8 16 - + = | 7:life x:life 8:life 16:life -:life +:life =:life
EXPR: 0 | POS | INT | 27 | 72 | 104 | (x+8)=(16*7) | x 8 + 16 7 * = | x:life 8:life +:life 16:life 7:player *:life =:life
EXPR: 0 | POS | INT | 27 | 72 | 31 | 8=(x-(16+7)) | 8 x 16 7 + - = | 8:life x:life 16:life 7:life +:life -:life =:life
EXPR: 0 | POS | INT | 27 | 72 | 120 | (x-8)=(16*7) | x 8 - 16 7 * = | x:life 8:life -:life 16:life 7:player *:life =:life
EXPR: 0 | POS | INT | 27 | 72 | 5 | 8=(16/(7-x)) | 8 16 7 x - / = | 8:life 16:life 7:player x:player -:player /:life =:life
EXPR: 0 | POS | INT | 27 | 72 | 17 | ((8-7)+16)=x | 8 7 - 16 + x = | 8:life 7:life -:life 16:life +:life x:life =:life
EXPR: 0 | POS | INT | 27 | 72 | 16 | 7=(8-(x/16)) | 7 8 x 16 / - = | 7:life 8:life x:life 16:player /:life -:life =:life
EXPR: 0 | POS | INT | 27 | 72 | 16 | (8-(16/x))=7 | 8 16 x / - 7 = | 8:player 16:player x:life /:player -:player 7:player =:player
EXPR: 0 | POS | INT | 27 | 72 | 16 | 7=(8-(16/x)) | 7 8 16 x / - = | 7:player 8:player 16:player x:life /:player -:player =:player
EXPR: 0 | POS | INT | 27 | 72 | 15 | 7=((8-16)+x) | 7 8 16 - x + = | 7:life 8:life 16:life -:life x:life +:life =:life
EXPR: 0 | POS | INT | 27 | 72 | 14 | (8*x)=(16*7) | 8 x * 16 7 * = | 8:life x:friend *:friend 16:friend 7:player *:friend =:friend
EXPR: 0 | POS | INT | 27 | 72 | 40 | 8=((x+16)/7) | 8 x 16 + 7 / = | 8:friend x:friend 16:friend +:friend 7:player /:friend =:friend
EXPR: 0 | POS | INT | 27 | 72 | 16 | ((8-7)*16)=x | 8 7 - 16 * x = | 8:life 7:life -:life 16:player *:life x:life =:life
EXPR: 0 | POS | INT | 27 | 72 | 121 | ((7+x)/8)=16 | 7 x + 8 / 16 = | 7:player x:player +:player 8:life /:player 16:player =:player
NET 149 unique, non-negative, integer-valued solutions found out of 1000 total solutions
