parameters: n=7 l=3 k=1 p=5 q=2 m=9
TOTAL 1000 solutions found
SOLN: CORRECT | POS/NEG | INT/FRA | OBJ-SCORE | TRUE-ANS | ANS | INFIX | POSTFIX | TYPED-POSTFIX
EXPR: 1 | POS | INT | 2 | 64 | 64 | ((12-4)*8)=x | 12 4 - 8 * x = | 12:member 4:member -:member 8:point *:point x:point =:point
EXPR: 0 | POS | INT | 2 | 64 | 128 | ((12+4)*8)=x | 12 4 + 8 * x = | 12:member 4:member +:member 8:point *:point x:point =:point
EXPR: 1 | POS | INT | 2 | 64 | 64 | x=((12-4)*8) | x 12 4 - 8 * = | x:point 12:member 4:member -:member 8:point *:point =:point
EXPR: 0 | POS | INT | 2 | 64 | 11 | (12/(x-8))=4 | 12 x 8 - / 4 = | 12:member x:point 8:point -:point /:member 4:member =:member
EXPR: 0 | POS | INT | 2 | 64 | 128 | x=((12+4)*8) | x 12 4 + 8 * = | x:point 12:member 4:member +:member 8:point *:point =:point
EXPR: 0 | POS | INT | 2 | 64 | 5 | (12/(8-x))=4 | 12 8 x - / 4 = | 12:member 8:point x:point -:point /:member 4:member =:member
EXPR: 0 | POS | INT | 2 | 64 | 128 | x=(8*(12+4)) | x 8 12 4 + * = | x:point 8:point 12:member 4:member +:member *:point =:point
EXPR: 1 | POS | INT | 2 | 64 | 64 | x=(8*(12-4)) | x 8 12 4 - * = | x:point 8:point 12:member 4:member -:member *:point =:point
EXPR: 0 | POS | INT | 2 | 64 | 11 | 12=((x-8)*4) | 12 x 8 - 4 * = | 12:member x:point 8:point -:point 4:member *:member =:member
EXPR: 0 | POS | INT | 2 | 64 | 128 | (8*(12+4))=x | 8 12 4 + * x = | 8:point 12:member 4:member +:member *:point x:point =:point
EXPR: 0 | POS | INT | 2 | 64 | 1 | (8/(12-4))=x | 8 12 4 - / x = | 8:point 12:member 4:member -:member /:point x:point =:point
EXPR: 1 | POS | INT | 2 | 64 | 64 | (8*(12-4))=x | 8 12 4 - * x = | 8:point 12:member 4:member -:member *:point x:point =:point
EXPR: 0 | POS | INT | 2 | 64 | 5 | 12=((8-x)*4) | 12 8 x - 4 * = | 12:member 8:point x:point -:point 4:member *:member =:member
EXPR: 0 | POS | INT | 2 | 64 | 1 | x=(8/(12-4)) | x 8 12 4 - / = | x:point 8:point 12:member 4:member -:member /:point =:point
EXPR: 0 | POS | INT | 4 | 64 | 128 | (x/(12+4))=8 | x 12 4 + / 8 = | x:point 12:member 4:member +:member /:point 8:point =:point
EXPR: 0 | POS | INT | 4 | 64 | 1 | 8=(x*(12-4)) | 8 x 12 4 - * = | 8:point x:point 12:member 4:member -:member *:point =:point
EXPR: 0 | POS | INT | 4 | 64 | 128 | 8=(x/(12+4)) | 8 x 12 4 + / = | 8:point x:point 12:member 4:member +:member /:point =:point
EXPR: 0 | POS | INT | 4 | 64 | 1 | (x*(12-4))=8 | x 12 4 - * 8 = | x:point 12:member 4:member -:member *:point 8:point =:point
EXPR: 1 | POS | INT | 4 | 64 | 64 | (x/(12-4))=8 | x 12 4 - / 8 = | x:point 12:member 4:member -:member /:point 8:point =:point
EXPR: 1 | POS | INT | 4 | 64 | 64 | 8=(x/(12-4)) | 8 x 12 4 - / = | 8:point x:point 12:member 4:member -:member /:point =:point
EXPR: 0 | POS | INT | 4 | 64 | 11 | 12=(4*(x-8)) | 12 4 x 8 - * = | 12:member 4:member x:point 8:point -:point *:member =:member
EXPR: 0 | POS | INT | 4 | 64 | 1 | 8=((12-4)*x) | 8 12 4 - x * = | 8:point 12:member 4:member -:member x:point *:point =:point
EXPR: 0 | POS | INT | 4 | 64 | 1 | ((12-4)*x)=8 | 12 4 - x * 8 = | 12:member 4:member -:member x:point *:point 8:point =:point
EXPR: 0 | POS | INT | 7 | 64 | 11 | ((x-8)*4)=12 | x 8 - 4 * 12 = | x:point 8:point -:point 4:member *:member 12:member =:member
EXPR: 0 | POS | INT | 7 | 64 | 5 | 4=(12/(8-x)) | 4 12 8 x - / = | 4:member 12:member 8:point x:point -:point /:member =:member
EXPR: 0 | POS | INT | 7 | 64 | 11 | 4=(12/(x-8)) | 4 12 x 8 - / = | 4:member 12:member x:point 8:point -:point /:member =:member
EXPR: 0 | POS | INT | 7 | 64 | 5 | ((8-x)*4)=12 | 8 x - 4 * 12 = | 8:point x:point -:point 4:member *:member 12:member =:member
EXPR: 0 | POS | INT | 9 | 64 | 11 | (4*(x-8))=12 | 4 x 8 - * 12 = | 4:member x:point 8:point -:point *:member 12:member =:member
EXPR: 0 | POS | INT | 9 | 64 | 5 | (4*(8-x))=12 | 4 8 x - * 12 = | 4:member 8:point x:point -:point *:member 12:member =:member
EXPR: 0 | POS | INT | 10 | 64 | 80 | ((12+8)*4)=x | 12 8 + 4 * x = | 12:point 8:point +:point 4:member *:point x:point =:point
EXPR: 0 | POS | INT | 10 | 64 | 48 | x=(12*(8-4)) | x 12 8 4 - * = | x:point 12:member 8:point 4:point -:point *:point =:point
EXPR: 0 | POS | INT | 10 | 64 | 1 | ((12-8)/4)=x | 12 8 - 4 / x = | 12:point 8:point -:point 4:member /:point x:point =:point
EXPR: 0 | POS | INT | 10 | 64 | 16 | ((12-8)*4)=x | 12 8 - 4 * x = | 12:point 8:point -:point 4:member *:point x:point =:point
EXPR: 0 | POS | INT | 10 | 64 | 144 | x=(12*(8+4)) | x 12 8 4 + * = | x:point 12:member 8:point 4:point +:point *:point =:point
EXPR: 0 | POS | INT | 10 | 64 | 48 | (12*(8-4))=x | 12 8 4 - * x = | 12:member 8:point 4:point -:point *:point x:point =:point
EXPR: 0 | POS | INT | 10 | 64 | 16 | x=((12-8)*4) | x 12 8 - 4 * = | x:point 12:point 8:point -:point 4:member *:point =:point
EXPR: 0 | POS | INT | 10 | 64 | 92 | ((12*8)-4)=x | 12 8 * 4 - x = | 12:member 8:point *:point 4:point -:point x:point =:point
EXPR: 0 | POS | INT | 10 | 64 | 1 | x=((12-8)/4) | x 12 8 - 4 / = | x:point 12:point 8:point -:point 4:member /:point =:point
EXPR: 0 | POS | INT | 10 | 64 | 100 | ((12*8)+4)=x | 12 8 * 4 + x = | 12:member 8:point *:point 4:point +:point x:point =:point
EXPR: 0 | POS | INT | 10 | 64 | 5 | ((12+8)/4)=x | 12 8 + 4 / x = | 12:point 8:point +:point 4:member /:point x:point =:point
EXPR: 0 | POS | INT | 10 | 64 | 92 | x=((12*8)-4) | x 12 8 * 4 - = | x:point 12:member 8:point *:point 4:point -:point =:point
EXPR: 0 | POS | INT | 10 | 64 | 44 | (12+(8*4))=x | 12 8 4 * + x = | 12:member 8:point 4:member *:member +:member x:member =:member
EXPR: 0 | POS | INT | 10 | 64 | 5 | x=((12+8)/4) | x 12 8 + 4 / = | x:point 12:point 8:point +:point 4:member /:point =:point
EXPR: 0 | POS | INT | 10 | 64 | 100 | x=((12*8)+4) | x 12 8 * 4 + = | x:point 12:member 8:point *:point 4:point +:point =:point
EXPR: 0 | POS | INT | 10 | 64 | 80 | x=((12+8)*4) | x 12 8 + 4 * = | x:point 12:point 8:point +:point 4:member *:point =:point
EXPR: 0 | POS | INT | 10 | 64 | 144 | (12*(8+4))=x | 12 8 4 + * x = | 12:member 8:point 4:point +:point *:point x:point =:point
EXPR: 0 | POS | INT | 10 | 64 | 44 | x=(12+(8*4)) | x 12 8 4 * + = | x:member 12:member 8:point 4:member *:member +:member =:member
EXPR: 0 | POS | INT | 10 | 64 | 10 | x=(12-(8/4)) | x 12 8 4 / - = | x:point 12:point 8:point 4:member /:point -:point =:point
EXPR: 0 | POS | INT | 10 | 64 | 14 | x=(12+(8/4)) | x 12 8 4 / + = | x:point 12:point 8:point 4:member /:point +:point =:point
EXPR: 0 | POS | INT | 10 | 64 | 10 | (12-(8/4))=x | 12 8 4 / - x = | 12:point 8:point 4:member /:point -:point x:point =:point
EXPR: 0 | POS | INT | 10 | 64 | 14 | (12+(8/4))=x | 12 8 4 / + x = | 12:point 8:point 4:member /:point +:point x:point =:point
EXPR: 0 | POS | INT | 12 | 64 | 20 | 12=((8*4)-x) | 12 8 4 * x - = | 12:point 8:point 4:member *:point x:point -:point =:point
EXPR: 0 | POS | INT | 12 | 64 | 1 | (x*(12-8))=4 | x 12 8 - * 4 = | x:point 12:member 8:member -:member *:member 4:member =:member
EXPR: 0 | POS | INT | 12 | 64 | 144 | ((x/12)-8)=4 | x 12 / 8 - 4 = | x:point 12:member /:point 8:point -:point 4:point =:point
EXPR: 0 | POS | INT | 12 | 64 | 56 | x=((12*4)+8) | x 12 4 * 8 + = | x:point 12:member 4:point *:point 8:point +:point =:point
EXPR: 0 | POS | INT | 12 | 64 | 40 | 12=((x+8)/4) | 12 x 8 + 4 / = | 12:point x:point 8:point +:point 4:member /:point =:point
EXPR: 0 | POS | INT | 12 | 64 | 14 | 12=(x-(8/4)) | 12 x 8 4 / - = | 12:point x:point 8:point 4:member /:point -:point =:point
EXPR: 0 | POS | INT | 12 | 64 | 10 | 12=(x+(8/4)) | 12 x 8 4 / + = | 12:point x:point 8:point 4:member /:point +:point =:point
EXPR: 0 | POS | INT | 12 | 64 | 5 | x=(8-(12/4)) | x 8 12 4 / - = | x:point 8:point 12:point 4:member /:point -:point =:point
EXPR: 0 | POS | INT | 12 | 64 | 1 | (12-(8*x))=4 | 12 8 x * - 4 = | 12:member 8:point x:member *:member -:member 4:member =:member
EXPR: 0 | POS | INT | 12 | 64 | 1 | (12-(x*8))=4 | 12 x 8 * - 4 = | 12:member x:point 8:member *:member -:member 4:member =:member
EXPR: 0 | POS | INT | 12 | 64 | 2 | 12=((x*8)-4) | 12 x 8 * 4 - = | 12:member x:point 8:member *:member 4:member -:member =:member
EXPR: 0 | POS | INT | 12 | 64 | 1 | 12=((x*8)+4) | 12 x 8 * 4 + = | 12:member x:point 8:member *:member 4:member +:member =:member
EXPR: 0 | POS | INT | 12 | 64 | 1 | ((12*x)-8)=4 | 12 x * 8 - 4 = | 12:member x:point *:member 8:member -:member 4:member =:member
EXPR: 0 | POS | INT | 12 | 64 | 128 | 12=((x/8)-4) | 12 x 8 / 4 - = | 12:member x:member 8:point /:member 4:member -:member =:member
EXPR: 1 | POS | INT | 12 | 64 | 64 | 12=((x/8)+4) | 12 x 8 / 4 + = | 12:member x:member 8:point /:member 4:member +:member =:member
EXPR: 0 | POS | INT | 12 | 64 | 384 | (x/12)=(8*4) | x 12 / 8 4 * = | x:point 12:member /:point 8:point 4:member *:point =:point
EXPR: 0 | POS | INT | 12 | 64 | 2 | 12=((8*x)-4) | 12 8 x * 4 - = | 12:member 8:point x:member *:member 4:member -:member =:member
EXPR: 0 | POS | INT | 12 | 64 | 56 | 12=((x-8)/4) | 12 x 8 - 4 / = | 12:point x:point 8:point -:point 4:member /:point =:point
EXPR: 0 | POS | INT | 12 | 64 | 40 | ((12*4)-8)=x | 12 4 * 8 - x = | 12:member 4:point *:point 8:point -:point x:point =:point
EXPR: 0 | POS | INT | 12 | 64 | 56 | ((12*4)+8)=x | 12 4 * 8 + x = | 12:member 4:point *:point 8:point +:point x:point =:point
EXPR: 0 | POS | INT | 12 | 64 | 100 | (x-(12*8))=4 | x 12 8 * - 4 = | x:point 12:member 8:point *:point -:point 4:point =:point
EXPR: 0 | POS | INT | 12 | 64 | 44 | ((x-12)/8)=4 | x 12 - 8 / 4 = | x:member 12:member -:member 8:point /:member 4:member =:member
EXPR: 0 | POS | INT | 12 | 64 | 20 | ((x+12)/8)=4 | x 12 + 8 / 4 = | x:member 12:member +:member 8:point /:member 4:member =:member
EXPR: 0 | POS | INT | 12 | 64 | 40 | x=((12*4)-8) | x 12 4 * 8 - = | x:point 12:member 4:point *:point 8:point -:point =:point
EXPR: 0 | POS | INT | 12 | 64 | 11 | x=(8+(12/4)) | x 8 12 4 / + = | x:point 8:point 12:point 4:member /:point +:point =:point
EXPR: 0 | POS | INT | 12 | 64 | 56 | x=(8+(12*4)) | x 8 12 4 * + = | x:point 8:point 12:point 4:member *:point +:point =:point
EXPR: 0 | POS | INT | 12 | 64 | 5 | ((12+8)/x)=4 | 12 8 + x / 4 = | 12:member 8:member +:member x:point /:member 4:member =:member
EXPR: 0 | POS | INT | 12 | 64 | 1 | ((12-8)*x)=4 | 12 8 - x * 4 = | 12:member 8:member -:member x:point *:member 4:member =:member
EXPR: 0 | POS | INT | 12 | 64 | 1 | ((12-8)/x)=4 | 12 8 - x / 4 = | 12:member 8:member -:member x:point /:member 4:member =:member
EXPR: 0 | POS | INT | 12 | 64 | 11 | ((12/4)+8)=x | 12 4 / 8 + x = | 12:point 4:member /:point 8:point +:point x:point =:point
EXPR: 0 | POS | INT | 12 | 64 | 92 | ((12*8)-x)=4 | 12 8 * x - 4 = | 12:member 8:point *:member x:member -:member 4:member =:member
EXPR: 0 | POS | INT | 12 | 64 | 1 | 12=((8*x)+4) | 12 8 x * 4 + = | 12:member 8:member x:point *:member 4:member +:member =:member
EXPR: 0 | POS | INT | 12 | 64 | 1 | 12=((8/x)+4) | 12 8 x / 4 + = | 12:member 8:member x:point /:member 4:member +:member =:member
EXPR: 0 | POS | INT | 12 | 64 | 1 | 12=(8+(x*4)) | 12 8 x 4 * + = | 12:point 8:point x:point 4:member *:point +:point =:point
EXPR: 0 | POS | INT | 12 | 64 | 16 | 12=(8+(x/4)) | 12 8 x 4 / + = | 12:point 8:point x:point 4:member /:point +:point =:point
EXPR: 0 | POS | INT | 12 | 64 | 10 | 12=((8/4)+x) | 12 8 4 / x + = | 12:point 8:point 4:member /:point x:point +:point =:point
EXPR: 0 | POS | INT | 12 | 64 | 44 | 12=(x-(8*4)) | 12 x 8 4 * - = | 12:member x:member 8:point 4:member *:member -:member =:member
EXPR: 0 | POS | INT | 12 | 64 | 1 | x=((12-4)/8) | x 12 4 - 8 / = | x:member 12:member 4:member -:member 8:point /:member =:member
EXPR: 0 | POS | INT | 12 | 64 | 56 | (8+(12*4))=x | 8 12 4 * + x = | 8:point 12:member 4:point *:point +:point x:point =:point
EXPR: 0 | POS | INT | 12 | 64 | 11 | (8+(12/4))=x | 8 12 4 / + x = | 8:point 12:point 4:member /:point +:point x:point =:point
EXPR: 0 | POS | INT | 12 | 64 | 11 | x=((12/4)+8) | x 12 4 / 8 + = | x:point 12:point 4:member /:point 8:point +:point =:point
EXPR: 0 | POS | INT | 12 | 64 | 2 | ((12+4)/8)=x | 12 4 + 8 / x = | 12:member 4:member +:member 8:point /:member x:member =:member
EXPR: 0 | POS | INT | 12 | 64 | 2 | x=((12+4)/8) | x 12 4 + 8 / = | x:member 12:member 4:member +:member 8:point /:member =:member
EXPR: 0 | POS | INT | 12 | 64 | 5 | (8-(12/4))=x | 8 12 4 / - x = | 8:point 12:point 4:member /:point -:point x:point =:point
EXPR: 0 | POS | INT | 12 | 64 | 1 | ((x*12)-8)=4 | x 12 * 8 - 4 = | x:point 12:member *:member 8:member -:member 4:member =:member
EXPR: 0 | POS | INT | 12 | 64 | 24 | (12*8)=(x*4) | 12 8 * x 4 * = | 12:member 8:point *:point x:point 4:member *:point =:point
EXPR: 0 | POS | INT | 12 | 64 | 1 | ((12/x)-8)=4 | 12 x / 8 - 4 = | 12:member x:point /:member 8:member -:member 4:member =:member
EXPR: 0 | POS | INT | 12 | 64 | 3 | 12=((8-4)*x) | 12 8 4 - x * = | 12:member 8:member 4:member -:member x:point *:member =:member
EXPR: 0 | POS | INT | 12 | 64 | 1 | 12=((8+4)*x) | 12 8 4 + x * = | 12:member 8:member 4:member +:member x:point *:member =:member
EXPR: 0 | POS | INT | 12 | 64 | 1 | 12=(x*(8+4)) | 12 x 8 4 + * = | 12:member x:point 8:member 4:member +:member *:member =:member
EXPR: 0 | POS | INT | 12 | 64 | 3 | 12=(x*(8-4)) | 12 x 8 4 - * = | 12:member x:point 8:member 4:member -:member *:member =:member
EXPR: 0 | POS | INT | 12 | 64 | 40 | 12=((8+x)/4) | 12 8 x + 4 / = | 12:point 8:point x:point +:point 4:member /:point =:point
EXPR: 0 | POS | INT | 12 | 64 | 1 | (12-(8/x))=4 | 12 8 x / - 4 = | 12:member 8:member x:point /:member -:member 4:member =:member
EXPR: 1 | POS | INT | 12 | 64 | 64 | (12-(x/8))=4 | 12 x 8 / - 4 = | 12:member x:member 8:point /:member -:member 4:member =:member
EXPR: 0 | POS | INT | 12 | 64 | 24 | (12*8)=(4*x) | 12 8 * 4 x * = | 12:member 8:point *:member 4:member x:point *:member =:member
EXPR: 0 | POS | INT | 12 | 64 | 1 | 12=((8+4)/x) | 12 8 4 + x / = | 12:member 8:member 4:member +:member x:point /:member =:member
EXPR: 0 | POS | INT | 12 | 64 | 1 | ((12-4)/8)=x | 12 4 - 8 / x = | 12:member 4:member -:member 8:point /:member x:member =:member
EXPR: 0 | POS | INT | 12 | 64 | 1 | 12=(8+(4*x)) | 12 8 4 x * + = | 12:point 8:point 4:member x:point *:point +:point =:point
EXPR: 0 | POS | INT | 14 | 64 | 14 | 8=((x-12)*4) | 8 x 12 - 4 * = | 8:point x:point 12:point -:point 4:member *:point =:point
EXPR: 0 | POS | INT | 14 | 64 | 1 | (12-(x*4))=8 | 12 x 4 * - 8 = | 12:point x:point 4:member *:point -:point 8:point =:point
EXPR: 0 | POS | INT | 14 | 64 | 1 | ((12*x)-4)=8 | 12 x * 4 - 8 = | 12:member x:point *:member 4:member -:member 8:member =:member
EXPR: 0 | POS | INT | 14 | 64 | 2 | 8=((12+4)/x) | 8 12 4 + x / = | 8:member 12:member 4:member +:member x:point /:member =:member
EXPR: 0 | POS | INT | 14 | 64 | 5 | 12=((x*4)-8) | 12 x 4 * 8 - = | 12:member x:point 4:member *:member 8:member -:member =:member
EXPR: 0 | POS | INT | 14 | 64 | 1 | 12=((x*4)+8) | 12 x 4 * 8 + = | 12:member x:point 4:member *:member 8:member +:member =:member
EXPR: 0 | POS | INT | 14 | 64 | 44 | ((x-12)/4)=8 | x 12 - 4 / 8 = | x:point 12:point -:point 4:member /:point 8:point =:point
EXPR: 0 | POS | INT | 14 | 64 | 14 | ((x-12)*4)=8 | x 12 - 4 * 8 = | x:point 12:point -:point 4:member *:point 8:point =:point
EXPR: 0 | POS | INT | 14 | 64 | 1 | 8=((12*x)-4) | 8 12 x * 4 - = | 8:point 12:member x:point *:point 4:point -:point =:point
EXPR: 0 | POS | INT | 14 | 64 | 1 | 8=((x*12)-4) | 8 x 12 * 4 - = | 8:member x:point 12:member *:member 4:member -:member =:member
EXPR: 0 | POS | INT | 14 | 64 | 1 | 8=(12-(4*x)) | 8 12 4 x * - = | 8:member 12:member 4:member x:point *:member -:member =:member
EXPR: 0 | POS | INT | 14 | 64 | 1 | 8=(12-(4/x)) | 8 12 4 x / - = | 8:member 12:member 4:member x:point /:member -:member =:member
EXPR: 0 | POS | INT | 14 | 64 | 144 | ((x/12)-4)=8 | x 12 / 4 - 8 = | x:point 12:member /:point 4:point -:point 8:point =:point
EXPR: 0 | POS | INT | 14 | 64 | 48 | ((x/12)+4)=8 | x 12 / 4 + 8 = | x:point 12:member /:point 4:point +:point 8:point =:point
EXPR: 0 | POS | INT | 14 | 64 | 5 | ((12/4)+x)=8 | 12 4 / x + 8 = | 12:point 4:member /:point x:point +:point 8:point =:point
EXPR: 0 | POS | INT | 14 | 64 | 11 | 8=(x-(12/4)) | 8 x 12 4 / - = | 8:point x:point 12:point 4:member /:point -:point =:point
EXPR: 0 | POS | INT | 14 | 64 | 5 | 8=(x+(12/4)) | 8 x 12 4 / + = | 8:point x:point 12:point 4:member /:point +:point =:point
EXPR: 0 | POS | INT | 14 | 64 | 56 | ((x-8)/12)=4 | x 8 - 12 / 4 = | x:point 8:point -:point 12:member /:point 4:point =:point
EXPR: 0 | POS | INT | 14 | 64 | 20 | 8=((12+x)/4) | 8 12 x + 4 / = | 8:point 12:point x:point +:point 4:member /:point =:point
EXPR: 0 | POS | INT | 14 | 64 | 10 | ((12-x)*4)=8 | 12 x - 4 * 8 = | 12:point x:point -:point 4:member *:point 8:point =:point
EXPR: 0 | POS | INT | 14 | 64 | 1 | 8=((12-4)/x) | 8 12 4 - x / = | 8:member 12:member 4:member -:member x:point /:member =:member
EXPR: 0 | POS | INT | 14 | 64 | 2 | ((8*x)-12)=4 | 8 x * 12 - 4 = | 8:point x:member *:member 12:member -:member 4:member =:member
EXPR: 0 | POS | INT | 14 | 64 | 20 | ((12+x)/4)=8 | 12 x + 4 / 8 = | 12:point x:point +:point 4:member /:point 8:point =:point
EXPR: 0 | POS | INT | 14 | 64 | 56 | 8=(x-(12*4)) | 8 x 12 4 * - = | 8:point x:point 12:member 4:point *:point -:point =:point
EXPR: 0 | POS | INT | 14 | 64 | 1 | 12=(4+(8*x)) | 12 4 8 x * + = | 12:member 4:member 8:member x:point *:member +:member =:member
EXPR: 0 | POS | INT | 14 | 64 | 40 | ((8+x)/12)=4 | 8 x + 12 / 4 = | 8:point x:point +:point 12:member /:point 4:point =:point
EXPR: 0 | POS | INT | 14 | 64 | 1 | 12=(4+(8/x)) | 12 4 8 x / + = | 12:member 4:member 8:member x:point /:member +:member =:member
EXPR: 0 | POS | INT | 14 | 64 | 16 | 8=(12-(x/4)) | 8 12 x 4 / - = | 8:point 12:point x:point 4:member /:point -:point =:point
EXPR: 0 | POS | INT | 14 | 64 | 40 | ((12*4)-x)=8 | 12 4 * x - 8 = | 12:point 4:member *:point x:point -:point 8:point =:point
EXPR: 0 | POS | INT | 14 | 64 | 5 | (x+(12/4))=8 | x 12 4 / + 8 = | x:point 12:point 4:member /:point +:point 8:point =:point
EXPR: 0 | POS | INT | 14 | 64 | 11 | (x-(12/4))=8 | x 12 4 / - 8 = | x:point 12:point 4:member /:point -:point 8:point =:point
EXPR: 0 | POS | INT | 14 | 64 | 16 | (12-(x/4))=8 | 12 x 4 / - 8 = | 12:point x:point 4:member /:point -:point 8:point =:point
EXPR: 0 | POS | INT | 14 | 64 | 56 | (x-(12*4))=8 | x 12 4 * - 8 = | x:point 12:point 4:member *:point -:point 8:point =:point
EXPR: 0 | POS | INT | 14 | 64 | 1 | ((x*12)-4)=8 | x 12 * 4 - 8 = | x:point 12:member *:point 4:point -:point 8:point =:point
EXPR: 0 | POS | INT | 14 | 64 | 20 | 8=((x+12)/4) | 8 x 12 + 4 / = | 8:point x:point 12:point +:point 4:member /:point =:point
EXPR: 0 | POS | INT | 14 | 64 | 2 | ((x*8)-12)=4 | x 8 * 12 - 4 = | x:point 8:member *:member 12:member -:member 4:member =:member
EXPR: 0 | POS | INT | 14 | 64 | 1 | ((12/x)-4)=8 | 12 x / 4 - 8 = | 12:member x:point /:member 4:member -:member 8:member =:member
EXPR: 0 | POS | INT | 14 | 64 | 3 | ((12/x)+4)=8 | 12 x / 4 + 8 = | 12:member x:point /:member 4:member +:member 8:member =:member
EXPR: 0 | POS | INT | 14 | 64 | 5 | 8=((12/4)+x) | 8 12 4 / x + = | 8:point 12:point 4:member /:point x:point +:point =:point
EXPR: 0 | POS | INT | 14 | 64 | 24 | (12/x)=(4/8) | 12 x / 4 8 / = | 12:member x:point /:member 4:member 8:point /:member =:member
EXPR: 0 | POS | INT | 14 | 64 | 1 | 12=(4+(x*8)) | 12 4 x 8 * + = | 12:member 4:member x:point 8:member *:member +:member =:member
EXPR: 0 | POS | INT | 14 | 64 | 1 | (12-(4*x))=8 | 12 4 x * - 8 = | 12:point 4:member x:point *:point -:point 8:point =:point
EXPR: 0 | POS | INT | 14 | 64 | 40 | 8=((12*4)-x) | 8 12 4 * x - = | 8:point 12:point 4:member *:point x:point -:point =:point
EXPR: 0 | POS | INT | 14 | 64 | 100 | 12=((x-4)/8) | 12 x 4 - 8 / = | 12:member x:member 4:member -:member 8:point /:member =:member
EXPR: 0 | POS | INT | 14 | 64 | 1 | 8=(12-(x*4)) | 8 12 x 4 * - = | 8:member 12:member x:point 4:member *:member -:member =:member
EXPR: 0 | POS | INT | 14 | 64 | 3 | 8=((12/x)+4) | 8 12 x / 4 + = | 8:member 12:member x:point /:member 4:member +:member =:member
EXPR: 0 | POS | INT | 14 | 64 | 1 | 8=((12/x)-4) | 8 12 x / 4 - = | 8:member 12:member x:point /:member 4:member -:member =:member
EXPR: 0 | POS | INT | 14 | 64 | 16 | 12=((x/4)+8) | 12 x 4 / 8 + = | 12:point x:point 4:member /:point 8:point +:point =:point
EXPR: 0 | POS | INT | 14 | 64 | 10 | 8=((12-x)*4) | 8 12 x - 4 * = | 8:point 12:point x:point -:point 4:member *:point =:point
EXPR: 0 | POS | INT | 14 | 64 | 1 | (12-(4/x))=8 | 12 4 x / - 8 = | 12:member 4:member x:point /:member -:member 8:member =:member
EXPR: 0 | POS | INT | 14 | 64 | 5 | 12=((4*x)-8) | 12 4 x * 8 - = | 12:point 4:member x:point *:point 8:point -:point =:point
EXPR: 0 | POS | INT | 14 | 64 | 1 | 12=((4*x)+8) | 12 4 x * 8 + = | 12:point 4:member x:point *:point 8:point +:point =:point
EXPR: 0 | POS | INT | 14 | 64 | 48 | 8=((x/12)+4) | 8 x 12 / 4 + = | 8:point x:point 12:member /:point 4:point +:point =:point
EXPR: 0 | POS | INT | 14 | 64 | 44 | 8=((x-12)/4) | 8 x 12 - 4 / = | 8:point x:point 12:point -:point 4:member /:point =:point
EXPR: 0 | POS | INT | 14 | 64 | 128 | ((x/8)-12)=4 | x 8 / 12 - 4 = | x:member 8:point /:member 12:member -:member 4:member =:member
EXPR: 1 | POS | INT | 14 | 64 | 64 | 12=(4+(x/8)) | 12 4 x 8 / + = | 12:member 4:member x:member 8:point /:member +:member =:member
EXPR: 0 | POS | INT | 14 | 64 | 3 | (8-(12/x))=4 | 8 12 x / - 4 = | 8:member 12:member x:point /:member -:member 4:member =:member
EXPR: 0 | POS | INT | 14 | 64 | 1 | 12=((4/x)+8) | 12 4 x / 8 + = | 12:member 4:member x:point /:member 8:member +:member =:member
EXPR: 0 | POS | INT | 14 | 64 | 5 | 12=(4*(8-x)) | 12 4 8 x - * = | 12:point 4:member 8:point x:point -:point *:point =:point
EXPR: 0 | POS | INT | 14 | 64 | 1 | ((12-4)/x)=8 | 12 4 - x / 8 = | 12:member 4:member -:member x:point /:member 8:member =:member
EXPR: 0 | POS | INT | 14 | 64 | 2 | ((12+4)/x)=8 | 12 4 + x / 8 = | 12:member 4:member +:member x:point /:member 8:member =:member
EXPR: 0 | POS | INT | 15 | 64 | 16 | x=(4*(12-8)) | x 4 12 8 - * = | x:point 4:member 12:point 8:point -:point *:point =:point
EXPR: 0 | POS | INT | 15 | 64 | 100 | (4+(12*8))=x | 4 12 8 * + x = | 4:member 12:member 8:point *:member +:member x:member =:member
EXPR: 0 | POS | INT | 15 | 64 | 48 | x=((8-4)*12) | x 8 4 - 12 * = | x:point 8:point 4:point -:point 12:member *:point =:point
EXPR: 0 | POS | INT | 15 | 64 | 80 | x=(4*(12+8)) | x 4 12 8 + * = | x:point 4:member 12:point 8:point +:point *:point =:point
EXPR: 0 | POS | INT | 15 | 64 | 80 | (4*(12+8))=x | 4 12 8 + * x = | 4:member 12:point 8:point +:point *:point x:point =:point
EXPR: 0 | POS | INT | 15 | 64 | 14 | ((8/4)+12)=x | 8 4 / 12 + x = | 8:point 4:member /:point 12:point +:point x:point =:point
EXPR: 0 | POS | INT | 15 | 64 | 20 | ((8*4)-12)=x | 8 4 * 12 - x = | 8:point 4:member *:point 12:point -:point x:point =:point
EXPR: 0 | POS | INT | 15 | 64 | 44 | ((8*4)+12)=x | 8 4 * 12 + x = | 8:point 4:member *:point 12:point +:point x:point =:point
EXPR: 0 | POS | INT | 15 | 64 | 100 | x=(4+(12*8)) | x 4 12 8 * + = | x:point 4:point 12:member 8:point *:point +:point =:point
EXPR: 0 | POS | INT | 15 | 64 | 14 | x=((8/4)+12) | x 8 4 / 12 + = | x:point 8:point 4:member /:point 12:point +:point =:point
EXPR: 0 | POS | INT | 15 | 64 | 1 | x=((8+4)/12) | x 8 4 + 12 / = | x:point 8:point 4:point +:point 12:member /:point =:point
EXPR: 0 | POS | INT | 15 | 64 | 20 | x=((8*4)-12) | x 8 4 * 12 - = | x:member 8:point 4:member *:member 12:member -:member =:member
EXPR: 0 | POS | INT | 15 | 64 | 44 | x=((8*4)+12) | x 8 4 * 12 + = | x:member 8:point 4:member *:member 12:member +:member =:member
EXPR: 0 | POS | INT | 15 | 64 | 144 | x=((8+4)*12) | x 8 4 + 12 * = | x:point 8:point 4:point +:point 12:member *:point =:point
EXPR: 0 | POS | INT | 15 | 64 | 48 | ((8-4)*12)=x | 8 4 - 12 * x = | 8:point 4:point -:point 12:member *:point x:point =:point
EXPR: 0 | POS | INT | 15 | 64 | 1 | ((8+4)/12)=x | 8 4 + 12 / x = | 8:point 4:point +:point 12:member /:point x:point =:point
EXPR: 0 | POS | INT | 15 | 64 | 144 | ((8+4)*12)=x | 8 4 + 12 * x = | 8:point 4:point +:point 12:member *:point x:point =:point
EXPR: 0 | POS | INT | 15 | 64 | 16 | (4*(12-8))=x | 4 12 8 - * x = | 4:member 12:point 8:point -:point *:point x:point =:point
EXPR: 0 | POS | INT | 17 | 64 | 24 | (x*4)=(12*8) | x 4 * 12 8 * = | x:point 4:member *:point 12:member 8:point *:point =:point
EXPR: 0 | POS | INT | 17 | 64 | 1 | 4=((12*x)-8) | 4 12 x * 8 - = | 4:point 12:member x:point *:point 8:point -:point =:point
EXPR: 0 | POS | INT | 17 | 64 | 1 | (8+(x*4))=12 | 8 x 4 * + 12 = | 8:member x:point 4:member *:member +:member 12:member =:member
EXPR: 0 | POS | INT | 17 | 64 | 2 | ((8*x)-4)=12 | 8 x * 4 - 12 = | 8:member x:point *:member 4:member -:member 12:member =:member
EXPR: 0 | POS | INT | 17 | 64 | 1 | ((8*x)+4)=12 | 8 x * 4 + 12 = | 8:member x:point *:member 4:member +:member 12:member =:member
EXPR: 0 | POS | INT | 17 | 64 | 1 | ((x*8)+4)=12 | x 8 * 4 + 12 = | x:point 8:member *:member 4:member +:member 12:member =:member
EXPR: 0 | POS | INT | 17 | 64 | 128 | ((x/8)-4)=12 | x 8 / 4 - 12 = | x:member 8:point /:member 4:member -:member 12:member =:member
EXPR: 0 | POS | INT | 17 | 64 | 5 | 8=((x*4)-12) | 8 x 4 * 12 - = | 8:member x:point 4:member *:member 12:member -:member =:member
EXPR: 0 | POS | INT | 17 | 64 | 44 | (x-(8*4))=12 | x 8 4 * - 12 = | x:member 8:point 4:member *:member -:member 12:member =:member
EXPR: 0 | POS | INT | 17 | 64 | 1 | 4=(12-(8*x)) | 4 12 8 x * - = | 4:member 12:member 8:point x:member *:member -:member =:member
EXPR: 0 | POS | INT | 17 | 64 | 92 | 4=((12*8)-x) | 4 12 8 * x - = | 4:point 12:member 8:point *:point x:point -:point =:point
EXPR: 0 | POS | INT | 17 | 64 | 3 | (x*(8-4))=12 | x 8 4 - * 12 = | x:point 8:member 4:member -:member *:member 12:member =:member
EXPR: 0 | POS | INT | 17 | 64 | 14 | (4*(x-12))=8 | 4 x 12 - * 8 = | 4:member x:point 12:point -:point *:point 8:point =:point
EXPR: 0 | POS | INT | 17 | 64 | 2 | ((x*8)-4)=12 | x 8 * 4 - 12 = | x:point 8:member *:member 4:member -:member 12:member =:member
EXPR: 1 | POS | INT | 17 | 64 | 64 | ((x/8)+4)=12 | x 8 / 4 + 12 = | x:member 8:point /:member 4:member +:member 12:member =:member
EXPR: 0 | POS | INT | 17 | 64 | 1 | 4=((x*12)-8) | 4 x 12 * 8 - = | 4:member x:point 12:member *:member 8:member -:member =:member
EXPR: 0 | POS | INT | 17 | 64 | 56 | ((x-8)/4)=12 | x 8 - 4 / 12 = | x:point 8:point -:point 4:member /:point 12:point =:point
EXPR: 0 | POS | INT | 17 | 64 | 92 | 8=((x+4)/12) | 8 x 4 + 12 / = | 8:point x:point 4:point +:point 12:member /:point =:point
EXPR: 0 | POS | INT | 17 | 64 | 100 | ((x-4)/12)=8 | x 4 - 12 / 8 = | x:point 4:point -:point 12:member /:point 8:point =:point
EXPR: 0 | POS | INT | 17 | 64 | 384 | (x/4)=(12*8) | x 4 / 12 8 * = | x:point 4:member /:point 12:member 8:point *:point =:point
EXPR: 0 | POS | INT | 17 | 64 | 144 | 4=((x/12)-8) | 4 x 12 / 8 - = | 4:point x:point 12:member /:point 8:point -:point =:point
EXPR: 0 | POS | INT | 17 | 64 | 5 | ((x*4)-12)=8 | x 4 * 12 - 8 = | x:point 4:member *:member 12:member -:member 8:member =:member
EXPR: 0 | POS | INT | 17 | 64 | 10 | (x+(8/4))=12 | x 8 4 / + 12 = | x:point 8:point 4:member /:point +:point 12:point =:point
EXPR: 0 | POS | INT | 17 | 64 | 14 | (x-(8/4))=12 | x 8 4 / - 12 = | x:point 8:point 4:member /:point -:point 12:point =:point
EXPR: 0 | POS | INT | 17 | 64 | 100 | 4=(x-(12*8)) | 4 x 12 8 * - = | 4:member x:member 12:member 8:point *:member -:member =:member
EXPR: 0 | POS | INT | 17 | 64 | 40 | ((8+x)/4)=12 | 8 x + 4 / 12 = | 8:point x:point +:point 4:member /:point 12:point =:point
EXPR: 0 | POS | INT | 17 | 64 | 1 | ((8/x)+4)=12 | 8 x / 4 + 12 = | 8:member x:point /:member 4:member +:member 12:member =:member
EXPR: 0 | POS | INT | 17 | 64 | 24 | (4*x)=(12*8) | 4 x * 12 8 * = | 4:member x:point *:point 12:member 8:point *:point =:point
EXPR: 0 | POS | INT | 17 | 64 | 1 | 4=(12-(8/x)) | 4 12 8 x / - = | 4:member 12:member 8:member x:point /:member -:member =:member
EXPR: 0 | POS | INT | 17 | 64 | 1 | 4=(x*(12-8)) | 4 x 12 8 - * = | 4:member x:point 12:member 8:member -:member *:member =:member
EXPR: 0 | POS | INT | 17 | 64 | 1 | (8+(4*x))=12 | 8 4 x * + 12 = | 8:point 4:member x:point *:point +:point 12:point =:point
EXPR: 0 | POS | INT | 17 | 64 | 1 | (8+(4/x))=12 | 8 4 x / + 12 = | 8:member 4:member x:point /:member +:member 12:member =:member
EXPR: 0 | POS | INT | 17 | 64 | 5 | 4=((12+8)/x) | 4 12 8 + x / = | 4:member 12:member 8:member +:member x:point /:member =:member
EXPR: 0 | POS | INT | 17 | 64 | 80 | ((x/4)-12)=8 | x 4 / 12 - 8 = | x:point 4:member /:point 12:point -:point 8:point =:point
EXPR: 0 | POS | INT | 17 | 64 | 20 | ((8*4)-x)=12 | 8 4 * x - 12 = | 8:point 4:member *:member x:member -:member 12:member =:member
EXPR: 0 | POS | INT | 17 | 64 | 48 | 8=(4+(x/12)) | 8 4 x 12 / + = | 8:point 4:point x:point 12:member /:point +:point =:point
EXPR: 0 | POS | INT | 17 | 64 | 5 | ((4*x)-12)=8 | 4 x * 12 - 8 = | 4:member x:point *:point 12:point -:point 8:point =:point
EXPR: 0 | POS | INT | 17 | 64 | 1 | 4=((12-8)/x) | 4 12 8 - x / = | 4:member 12:member 8:member -:member x:point /:member =:member
EXPR: 0 | POS | INT | 17 | 64 | 16 | (8+(x/4))=12 | 8 x 4 / + 12 = | 8:point x:point 4:member /:point +:point 12:point =:point
EXPR: 0 | POS | INT | 17 | 64 | 48 | (4+(x/12))=8 | 4 x 12 / + 8 = | 4:point x:point 12:member /:point +:point 8:point =:point
EXPR: 0 | POS | INT | 17 | 64 | 20 | 4=((12+x)/8) | 4 12 x + 8 / = | 4:member 12:member x:member +:member 8:point /:member =:member
EXPR: 0 | POS | INT | 17 | 64 | 10 | 8=(4*(12-x)) | 8 4 12 x - * = | 8:point 4:member 12:point x:point -:point *:point =:point
EXPR: 0 | POS | INT | 17 | 64 | 5 | 8=((4*x)-12) | 8 4 x * 12 - = | 8:member 4:member x:point *:member 12:member -:member =:member
EXPR: 0 | POS | INT | 17 | 64 | 10 | (4*(12-x))=8 | 4 12 x - * 8 = | 4:member 12:point x:point -:point *:point 8:point =:point
EXPR: 0 | POS | INT | 17 | 64 | 3 | 8=(4+(12/x)) | 8 4 12 x / + = | 8:member 4:member 12:member x:point /:member +:member =:member
EXPR: 0 | POS | INT | 17 | 64 | 44 | 4=((x-12)/8) | 4 x 12 - 8 / = | 4:member x:member 12:member -:member 8:point /:member =:member
EXPR: 0 | POS | INT | 17 | 64 | 92 | ((4+x)/12)=8 | 4 x + 12 / 8 = | 4:point x:point +:point 12:member /:point 8:point =:point
EXPR: 0 | POS | INT | 17 | 64 | 1 | 4=(12-(x*8)) | 4 12 x 8 * - = | 4:member 12:member x:point 8:member *:member -:member =:member
EXPR: 0 | POS | INT | 17 | 64 | 14 | 8=(4*(x-12)) | 8 4 x 12 - * = | 8:point 4:member x:point 12:point -:point *:point =:point
EXPR: 0 | POS | INT | 17 | 64 | 3 | ((8-4)*x)=12 | 8 4 - x * 12 = | 8:member 4:member -:member x:point *:member 12:member =:member
EXPR: 0 | POS | INT | 17 | 64 | 40 | ((x+8)/4)=12 | x 8 + 4 / 12 = | x:point 8:point +:point 4:member /:point 12:point =:point
EXPR: 0 | POS | INT | 17 | 64 | 10 | ((8/4)+x)=12 | 8 4 / x + 12 = | 8:point 4:member /:point x:point +:point 12:point =:point
EXPR: 0 | POS | INT | 17 | 64 | 100 | 8=((x-4)/12) | 8 x 4 - 12 / = | 8:point x:point 4:point -:point 12:member /:point =:point
EXPR: 0 | POS | INT | 17 | 64 | 1 | ((8+4)*x)=12 | 8 4 + x * 12 = | 8:member 4:member +:member x:point *:member 12:member =:member
EXPR: 0 | POS | INT | 17 | 64 | 1 | ((8+4)/x)=12 | 8 4 + x / 12 = | 8:member 4:member +:member x:point /:member 12:member =:member
EXPR: 1 | POS | INT | 17 | 64 | 64 | 4=(12-(x/8)) | 4 12 x 8 / - = | 4:member 12:member x:member 8:point /:member -:member =:member
EXPR: 0 | POS | INT | 17 | 64 | 1 | 4=((12/x)-8) | 4 12 x / 8 - = | 4:member 12:member x:point /:member 8:member -:member =:member
EXPR: 0 | POS | INT | 17 | 64 | 384 | (8*4)=(x/12) | 8 4 * x 12 / = | 8:point 4:member *:point x:point 12:member /:point =:point
EXPR: 0 | POS | INT | 17 | 64 | 1 | 4=((12-8)*x) | 4 12 8 - x * = | 4:member 12:member 8:member -:member x:point *:member =:member
EXPR: 0 | POS | INT | 17 | 64 | 1 | (x*(8+4))=12 | x 8 4 + * 12 = | x:point 8:member 4:member +:member *:member 12:member =:member
EXPR: 0 | POS | INT | 17 | 64 | 24 | (8/4)=(x/12) | 8 4 / x 12 / = | 8:point 4:member /:point x:point 12:member /:point =:point
EXPR: 0 | POS | INT | 19 | 64 | 100 | ((x-4)/8)=12 | x 4 - 8 / 12 = | x:member 4:member -:member 8:point /:member 12:member =:member
EXPR: 0 | POS | INT | 19 | 64 | 92 | ((x+4)/8)=12 | x 4 + 8 / 12 = | x:member 4:member +:member 8:point /:member 12:member =:member
EXPR: 0 | POS | INT | 19 | 64 | 80 | ((x/4)-8)=12 | x 4 / 8 - 12 = | x:point 4:member /:point 8:point -:point 12:point =:point
EXPR: 0 | POS | INT | 19 | 64 | 16 | ((x/4)+8)=12 | x 4 / 8 + 12 = | x:point 4:member /:point 8:point +:point 12:point =:point
EXPR: 0 | POS | INT | 19 | 64 | 5 | ((4*x)-8)=12 | 4 x * 8 - 12 = | 4:member x:point *:member 8:member -:member 12:member =:member
EXPR: 0 | POS | INT | 19 | 64 | 1 | ((4*x)+8)=12 | 4 x * 8 + 12 = | 4:member x:point *:member 8:member +:member 12:member =:member
EXPR: 0 | POS | INT | 19 | 64 | 1 | (4+(x*8))=12 | 4 x 8 * + 12 = | 4:member x:point 8:member *:member +:member 12:member =:member
EXPR: 0 | POS | INT | 19 | 64 | 2 | 4=((x*8)-12) | 4 x 8 * 12 - = | 4:member x:point 8:member *:member 12:member -:member =:member
EXPR: 0 | POS | INT | 19 | 64 | 56 | 4=((x-8)/12) | 4 x 8 - 12 / = | 4:point x:point 8:point -:point 12:member /:point =:point
EXPR: 0 | POS | INT | 19 | 64 | 2 | 4=((8*x)-12) | 4 8 x * 12 - = | 4:member 8:point x:member *:member 12:member -:member =:member
EXPR: 0 | POS | INT | 19 | 64 | 128 | 4=((x/8)-12) | 4 x 8 / 12 - = | 4:member x:member 8:point /:member 12:member -:member =:member
EXPR: 0 | POS | INT | 19 | 64 | 1 | (4+(8*x))=12 | 4 8 x * + 12 = | 4:member 8:member x:point *:member +:member 12:member =:member
EXPR: 0 | POS | INT | 19 | 64 | 5 | ((x*4)-8)=12 | x 4 * 8 - 12 = | x:point 4:member *:point 8:point -:point 12:point =:point
EXPR: 0 | POS | INT | 19 | 64 | 1 | ((x*4)+8)=12 | x 4 * 8 + 12 = | x:point 4:member *:point 8:point +:point 12:point =:point
EXPR: 0 | POS | INT | 19 | 64 | 24 | (4/8)=(12/x) | 4 8 / 12 x / = | 4:member 8:point /:member 12:member x:point /:member =:member
EXPR: 1 | POS | INT | 19 | 64 | 64 | (4+(x/8))=12 | 4 x 8 / + 12 = | 4:member x:member 8:point /:member +:member 12:member =:member
EXPR: 0 | POS | INT | 19 | 64 | 3 | 4=(8-(12/x)) | 4 8 12 x / - = | 4:member 8:member 12:member x:point /:member -:member =:member
EXPR: 0 | POS | INT | 19 | 64 | 40 | 4=((x+8)/12) | 4 x 8 + 12 / = | 4:point x:point 8:point +:point 12:member /:point =:point
EXPR: 0 | POS | INT | 19 | 64 | 1 | ((4/x)+8)=12 | 4 x / 8 + 12 = | 4:member x:point /:member 8:member +:member 12:member =:member
EXPR: 0 | POS | INT | 19 | 64 | 40 | 4=((8+x)/12) | 4 8 x + 12 / = | 4:point 8:point x:point +:point 12:member /:point =:point
EXPR: 0 | POS | INT | 19 | 64 | 1 | (4+(8/x))=12 | 4 8 x / + 12 = | 4:member 8:member x:point /:member +:member 12:member =:member
EXPR: 0 | POS | INT | 19 | 64 | 92 | ((4+x)/8)=12 | 4 x + 8 / 12 = | 4:member x:member +:member 8:point /:member 12:member =:member
EXPR: 0 | POS | INT | 20 | 64 | 1 | (12/(8+4))=x | 12 8 4 + / x = | 12:member 8:point 4:point +:point /:member x:member =:member
EXPR: 0 | POS | INT | 20 | 64 | 1 | x=(12/(8+4)) | x 12 8 4 + / = | x:point 12:point 8:member 4:member +:member /:point =:point
EXPR: 0 | POS | INT | 20 | 64 | 16 | x=((12+8)-4) | x 12 8 + 4 - = | x:point 12:point 8:point +:point 4:point -:point =:point
EXPR: 0 | POS | INT | 20 | 64 | 24 | x=((12+8)+4) | x 12 8 + 4 + = | x:point 12:point 8:point +:point 4:point +:point =:point
EXPR: 0 | POS | INT | 20 | 64 | 0 | ((12-8)-4)=x | 12 8 - 4 - x = | 12:point 8:point -:point 4:point -:point x:point =:point
EXPR: 0 | POS | INT | 20 | 64 | 24 | x=(12+(8+4)) | x 12 8 4 + + = | x:point 12:point 8:point 4:point +:point +:point =:point
EXPR: 0 | POS | INT | 20 | 64 | 16 | x=(12+(8-4)) | x 12 8 4 - + = | x:point 12:point 8:point 4:point -:point +:point =:point
EXPR: 0 | POS | INT | 20 | 64 | 8 | ((12-8)+4)=x | 12 8 - 4 + x = | 12:point 8:point -:point 4:point +:point x:point =:point
EXPR: 0 | POS | INT | 20 | 64 |  | x=(12-(8+4)) | x 12 8 4 + - = | x:member 12:member 8:member 4:member +:member -:member =:member
EXPR: 0 | POS | INT | 20 | 64 | 3 | x=(12/(8-4)) | x 12 8 4 - / = | x:member 12:member 8:point 4:point -:point /:member =:member
EXPR: 0 | POS | INT | 20 | 64 | 8 | x=(12-(8-4)) | x 12 8 4 - - = | x:member 12:member 8:member 4:member -:member -:member =:member
EXPR: 0 | POS | INT | 20 | 64 | 3 | (12/(8-4))=x | 12 8 4 - / x = | 12:point 8:member 4:member -:member /:point x:point =:point
EXPR: 0 | POS | INT | 20 | 64 | 0 | (12-(8+4))=x | 12 8 4 + - x = | 12:member 8:member 4:member +:member -:member x:member =:member
EXPR: 0 | POS | INT | 20 | 64 | 16 | ((12+8)-4)=x | 12 8 + 4 - x = | 12:point 8:point +:point 4:point -:point x:point =:point
EXPR: 0 | POS | INT | 20 | 64 | 24 | (12+(8+4))=x | 12 8 4 + + x = | 12:point 8:point 4:point +:point +:point x:point =:point
NET 286 unique, non-negative, integer-valued solutions found out of 1000 total solutions
