parameters: n=7 l=3 k=1 p=5 q=2 m=9
TOTAL 1000 solutions found
SOLN: CORRECT | POS/NEG | INT/FRA | OBJ-SCORE | TRUE-ANS | ANS | INFIX | POSTFIX | TYPED-POSTFIX
EXPR: 1 | POS | INT | 0 | 16 | 16 | x=(4*(9-5)) | x 4 9 5 - * = | x:problem 4:problem 9:worksheet 5:worksheet -:worksheet *:problem =:problem
EXPR: 0 | POS | INT | 0 | 16 | 1 | x=(4/(9-5)) | x 4 9 5 - / = | x:problem 4:problem 9:worksheet 5:worksheet -:worksheet /:problem =:problem
EXPR: 0 | POS | INT | 0 | 16 | 56 | x=(4*(9+5)) | x 4 9 5 + * = | x:problem 4:problem 9:worksheet 5:worksheet +:worksheet *:problem =:problem
EXPR: 0 | POS | INT | 0 | 16 | 1 | (4/(9-5))=x | 4 9 5 - / x = | 4:problem 9:worksheet 5:worksheet -:worksheet /:problem x:problem =:problem
EXPR: 1 | POS | INT | 0 | 16 | 16 | (4*(9-5))=x | 4 9 5 - * x = | 4:problem 9:worksheet 5:worksheet -:worksheet *:problem x:problem =:problem
EXPR: 0 | POS | INT | 0 | 16 | 56 | (4*(9+5))=x | 4 9 5 + * x = | 4:problem 9:worksheet 5:worksheet +:worksheet *:problem x:problem =:problem
EXPR: 1 | POS | INT | 2 | 16 | 16 | 4=(x/(9-5)) | 4 x 9 5 - / = | 4:problem x:problem 9:worksheet 5:worksheet -:worksheet /:problem =:problem
EXPR: 0 | POS | INT | 2 | 16 | 56 | 4=(x/(9+5)) | 4 x 9 5 + / = | 4:problem x:problem 9:worksheet 5:worksheet +:worksheet /:problem =:problem
EXPR: 0 | POS | INT | 2 | 16 | 1 | 4=(x*(9-5)) | 4 x 9 5 - * = | 4:problem x:problem 9:worksheet 5:worksheet -:worksheet *:problem =:problem
EXPR: 0 | POS | INT | 2 | 16 | 1 | 4=((9-5)*x) | 4 9 5 - x * = | 4:problem 9:worksheet 5:worksheet -:worksheet x:problem *:problem =:problem
EXPR: 0 | POS | INT | 5 | 16 | 56 | ((9+5)*4)=x | 9 5 + 4 * x = | 9:worksheet 5:worksheet +:worksheet 4:problem *:problem x:problem =:problem
EXPR: 1 | POS | INT | 5 | 16 | 16 | x=((9-5)*4) | x 9 5 - 4 * = | x:problem 9:worksheet 5:worksheet -:worksheet 4:problem *:problem =:problem
EXPR: 0 | POS | INT | 5 | 16 | 56 | x=((9+5)*4) | x 9 5 + 4 * = | x:problem 9:worksheet 5:worksheet +:worksheet 4:problem *:problem =:problem
EXPR: 1 | POS | INT | 5 | 16 | 16 | ((9-5)*4)=x | 9 5 - 4 * x = | 9:worksheet 5:worksheet -:worksheet 4:problem *:problem x:problem =:problem
EXPR: 1 | POS | INT | 7 | 16 | 16 | (x/(9-5))=4 | x 9 5 - / 4 = | x:problem 9:worksheet 5:worksheet -:worksheet /:problem 4:problem =:problem
EXPR: 0 | POS | INT | 7 | 16 | 1 | (x*(9-5))=4 | x 9 5 - * 4 = | x:problem 9:worksheet 5:worksheet -:worksheet *:problem 4:problem =:problem
EXPR: 0 | POS | INT | 7 | 16 | 56 | (x/(9+5))=4 | x 9 5 + / 4 = | x:problem 9:worksheet 5:worksheet +:worksheet /:problem 4:problem =:problem
EXPR: 0 | POS | INT | 7 | 16 | 1 | ((9-5)*x)=4 | 9 5 - x * 4 = | 9:worksheet 5:worksheet -:worksheet x:problem *:problem 4:problem =:problem
EXPR: 0 | POS | INT | 10 | 16 | 41 | x=((4*9)+5) | x 4 9 * 5 + = | x:problem 4:problem 9:worksheet *:problem 5:problem +:problem =:problem
EXPR: 0 | POS | INT | 10 | 16 | 41 | ((4*9)+5)=x | 4 9 * 5 + x = | 4:problem 9:worksheet *:worksheet 5:worksheet +:worksheet x:worksheet =:worksheet
EXPR: 0 | POS | INT | 10 | 16 | 31 | ((4*9)-5)=x | 4 9 * 5 - x = | 4:problem 9:worksheet *:worksheet 5:worksheet -:worksheet x:worksheet =:worksheet
EXPR: 0 | POS | INT | 10 | 16 | 49 | x=(4+(9*5)) | x 4 9 5 * + = | x:problem 4:problem 9:worksheet 5:problem *:problem +:problem =:problem
EXPR: 0 | POS | INT | 10 | 16 | 31 | x=((4*9)-5) | x 4 9 * 5 - = | x:worksheet 4:problem 9:worksheet *:worksheet 5:worksheet -:worksheet =:worksheet
EXPR: 0 | POS | INT | 10 | 16 | 65 | x=((4+9)*5) | x 4 9 + 5 * = | x:problem 4:problem 9:problem +:problem 5:worksheet *:problem =:problem
EXPR: 0 | POS | INT | 10 | 16 | 65 | ((4+9)*5)=x | 4 9 + 5 * x = | 4:problem 9:problem +:problem 5:worksheet *:problem x:problem =:problem
EXPR: 0 | POS | INT | 10 | 16 | 49 | (4+(9*5))=x | 4 9 5 * + x = | 4:problem 9:problem 5:worksheet *:problem +:problem x:problem =:problem
EXPR: 0 | POS | INT | 12 | 16 | 9 | (4+(x/9))=5 | 4 x 9 / + 5 = | 4:problem x:problem 9:worksheet /:problem +:problem 5:problem =:problem
EXPR: 0 | POS | INT | 12 | 16 | 1 | x=((9-4)/5) | x 9 4 - 5 / = | x:problem 9:problem 4:problem -:problem 5:worksheet /:problem =:problem
EXPR: 0 | POS | INT | 12 | 16 | 29 | ((4*5)+9)=x | 4 5 * 9 + x = | 4:problem 5:worksheet *:worksheet 9:worksheet +:worksheet x:worksheet =:worksheet
EXPR: 0 | POS | INT | 12 | 16 | 49 | ((x-4)/9)=5 | x 4 - 9 / 5 = | x:problem 4:problem -:problem 9:worksheet /:problem 5:problem =:problem
EXPR: 0 | POS | INT | 12 | 16 | 1 | ((9-4)/5)=x | 9 4 - 5 / x = | 9:problem 4:problem -:problem 5:worksheet /:problem x:problem =:problem
EXPR: 0 | POS | INT | 12 | 16 | 25 | x=((9-4)*5) | x 9 4 - 5 * = | x:problem 9:problem 4:problem -:problem 5:worksheet *:problem =:problem
EXPR: 0 | POS | INT | 12 | 16 | 11 | ((4*5)-9)=x | 4 5 * 9 - x = | 4:problem 5:worksheet *:worksheet 9:worksheet -:worksheet x:worksheet =:worksheet
EXPR: 0 | POS | INT | 12 | 16 | 31 | ((4*9)-x)=5 | 4 9 * x - 5 = | 4:problem 9:worksheet *:worksheet x:worksheet -:worksheet 5:worksheet =:worksheet
EXPR: 0 | POS | INT | 12 | 16 | 29 | (9+(4*5))=x | 9 4 5 * + x = | 9:worksheet 4:problem 5:worksheet *:worksheet +:worksheet x:worksheet =:worksheet
EXPR: 0 | POS | INT | 12 | 16 | 41 | ((x+4)/9)=5 | x 4 + 9 / 5 = | x:problem 4:problem +:problem 9:worksheet /:problem 5:problem =:problem
EXPR: 0 | POS | INT | 12 | 16 | 25 | ((9-4)*5)=x | 9 4 - 5 * x = | 9:problem 4:problem -:problem 5:worksheet *:problem x:problem =:problem
EXPR: 0 | POS | INT | 12 | 16 | 81 | (9*(4+5))=x | 9 4 5 + * x = | 9:worksheet 4:problem 5:problem +:problem *:problem x:problem =:problem
EXPR: 0 | POS | INT | 12 | 16 | 41 | ((4+x)/9)=5 | 4 x + 9 / 5 = | 4:problem x:problem +:problem 9:worksheet /:problem 5:problem =:problem
EXPR: 0 | POS | INT | 12 | 16 | 1 | 4=(9-(x*5)) | 4 9 x 5 * - = | 4:problem 9:problem x:problem 5:worksheet *:problem -:problem =:problem
EXPR: 0 | POS | INT | 12 | 16 | 29 | x=(9+(4*5)) | x 9 4 5 * + = | x:worksheet 9:worksheet 4:problem 5:worksheet *:worksheet +:worksheet =:worksheet
EXPR: 0 | POS | INT | 12 | 16 | 1 | 4=(9-(5*x)) | 4 9 5 x * - = | 4:problem 9:problem 5:worksheet x:problem *:problem -:problem =:problem
EXPR: 0 | POS | INT | 12 | 16 | 81 | x=(9*(4+5)) | x 9 4 5 + * = | x:problem 9:worksheet 4:problem 5:problem +:problem *:problem =:problem
EXPR: 0 | POS | INT | 12 | 16 | 11 | x=((4*5)-9) | x 4 5 * 9 - = | x:problem 4:problem 5:worksheet *:problem 9:problem -:problem =:problem
EXPR: 0 | POS | INT | 12 | 16 | 1 | 4=(9-(5/x)) | 4 9 5 x / - = | 4:worksheet 9:worksheet 5:worksheet x:problem /:worksheet -:worksheet =:worksheet
EXPR: 0 | POS | INT | 12 | 16 | 25 | 4=(9-(x/5)) | 4 9 x 5 / - = | 4:problem 9:problem x:problem 5:worksheet /:problem -:problem =:problem
EXPR: 0 | POS | INT | 12 | 16 | 29 | x=((4*5)+9) | x 4 5 * 9 + = | x:worksheet 4:problem 5:worksheet *:worksheet 9:worksheet +:worksheet =:worksheet
EXPR: 0 | POS | INT | 12 | 16 | 49 | 4=(x-(9*5)) | 4 x 9 5 * - = | 4:problem x:problem 9:problem 5:worksheet *:problem -:problem =:problem
EXPR: 0 | POS | INT | 12 | 16 | 56 | ((x/4)-9)=5 | x 4 / 9 - 5 = | x:worksheet 4:problem /:worksheet 9:worksheet -:worksheet 5:worksheet =:worksheet
EXPR: 0 | POS | INT | 12 | 16 | 1 | x=((4+5)/9) | x 4 5 + 9 / = | x:problem 4:problem 5:problem +:problem 9:worksheet /:problem =:problem
EXPR: 0 | POS | INT | 12 | 16 | 81 | x=((4+5)*9) | x 4 5 + 9 * = | x:problem 4:problem 5:problem +:problem 9:worksheet *:problem =:problem
EXPR: 0 | POS | INT | 12 | 16 | 1 | 4=((9/x)-5) | 4 9 x / 5 - = | 4:worksheet 9:worksheet x:problem /:worksheet 5:worksheet -:worksheet =:worksheet
EXPR: 0 | POS | INT | 12 | 16 | 1 | 4=((9*x)-5) | 4 9 x * 5 - = | 4:worksheet 9:worksheet x:problem *:worksheet 5:worksheet -:worksheet =:worksheet
EXPR: 0 | POS | INT | 12 | 16 | 1 | 4=((9-5)/x) | 4 9 5 - x / = | 4:worksheet 9:worksheet 5:worksheet -:worksheet x:problem /:worksheet =:worksheet
EXPR: 0 | POS | INT | 12 | 16 | 29 | 4=((x-9)/5) | 4 x 9 - 5 / = | 4:problem x:problem 9:problem -:problem 5:worksheet /:problem =:problem
EXPR: 0 | POS | INT | 12 | 16 | 11 | 4=((9+x)/5) | 4 9 x + 5 / = | 4:problem 9:problem x:problem +:problem 5:worksheet /:problem =:problem
EXPR: 0 | POS | INT | 12 | 16 | 41 | 4=((9*5)-x) | 4 9 5 * x - = | 4:problem 9:worksheet 5:problem *:problem x:problem -:problem =:problem
EXPR: 0 | POS | INT | 12 | 16 | 11 | 4=((x+9)/5) | 4 x 9 + 5 / = | 4:problem x:problem 9:problem +:problem 5:worksheet /:problem =:problem
EXPR: 0 | POS | INT | 12 | 16 | 9 | (4+(9/x))=5 | 4 9 x / + 5 = | 4:worksheet 9:worksheet x:problem /:worksheet +:worksheet 5:worksheet =:worksheet
EXPR: 0 | POS | INT | 12 | 16 | 1 | ((4+5)/9)=x | 4 5 + 9 / x = | 4:problem 5:problem +:problem 9:worksheet /:problem x:problem =:problem
EXPR: 0 | POS | INT | 12 | 16 | 41 | (x-(4*9))=5 | x 4 9 * - 5 = | x:problem 4:problem 9:worksheet *:problem -:problem 5:problem =:problem
EXPR: 0 | POS | INT | 12 | 16 | 180 | (4*9)=(x/5) | 4 9 * x 5 / = | 4:problem 9:worksheet *:problem x:problem 5:worksheet /:problem =:problem
EXPR: 0 | POS | INT | 12 | 16 | 1 | 4=((x*9)-5) | 4 x 9 * 5 - = | 4:worksheet x:problem 9:worksheet *:worksheet 5:worksheet -:worksheet =:worksheet
EXPR: 0 | POS | INT | 12 | 16 | 81 | 4=((x/9)-5) | 4 x 9 / 5 - = | 4:problem x:problem 9:worksheet /:problem 5:problem -:problem =:problem
EXPR: 0 | POS | INT | 12 | 16 | 81 | ((4+5)*9)=x | 4 5 + 9 * x = | 4:problem 5:problem +:problem 9:worksheet *:problem x:problem =:problem
EXPR: 0 | POS | INT | 14 | 16 | 11 | ((4*5)-x)=9 | 4 5 * x - 9 = | 4:problem 5:worksheet *:worksheet x:worksheet -:worksheet 9:worksheet =:worksheet
EXPR: 0 | POS | INT | 14 | 16 | 56 | 9=((x/4)-5) | 9 x 4 / 5 - = | 9:worksheet x:worksheet 4:problem /:worksheet 5:worksheet -:worksheet =:worksheet
EXPR: 0 | POS | INT | 14 | 16 | 49 | 9=((x-4)/5) | 9 x 4 - 5 / = | 9:problem x:problem 4:problem -:problem 5:worksheet /:problem =:problem
EXPR: 1 | POS | INT | 14 | 16 | 16 | ((x/4)+5)=9 | x 4 / 5 + 9 = | x:worksheet 4:problem /:worksheet 5:worksheet +:worksheet 9:worksheet =:worksheet
EXPR: 0 | POS | INT | 14 | 16 | 1 | 9=((x*4)+5) | 9 x 4 * 5 + = | 9:worksheet x:worksheet 4:problem *:worksheet 5:worksheet +:worksheet =:worksheet
EXPR: 0 | POS | INT | 14 | 16 | 29 | 9=(x-(4*5)) | 9 x 4 5 * - = | 9:problem x:problem 4:problem 5:worksheet *:problem -:problem =:problem
EXPR: 0 | POS | INT | 14 | 16 | 1 | ((4/x)+5)=9 | 4 x / 5 + 9 = | 4:worksheet x:problem /:worksheet 5:worksheet +:worksheet 9:worksheet =:worksheet
EXPR: 0 | POS | INT | 14 | 16 | 41 | 9=((x+4)/5) | 9 x 4 + 5 / = | 9:problem x:problem 4:problem +:problem 5:worksheet /:problem =:problem
EXPR: 0 | POS | INT | 14 | 16 | 1 | 9=(x*(4+5)) | 9 x 4 5 + * = | 9:worksheet x:problem 4:worksheet 5:worksheet +:worksheet *:worksheet =:worksheet
EXPR: 0 | POS | INT | 14 | 16 | 1 | (9-(x*4))=5 | 9 x 4 * - 5 = | 9:worksheet x:worksheet 4:problem *:worksheet -:worksheet 5:worksheet =:worksheet
EXPR: 0 | POS | INT | 14 | 16 | 1 | (4+(x*5))=9 | 4 x 5 * + 9 = | 4:worksheet x:problem 5:worksheet *:worksheet +:worksheet 9:worksheet =:worksheet
EXPR: 0 | POS | INT | 14 | 16 | 1 | 9=(4+(x*5)) | 9 4 x 5 * + = | 9:problem 4:problem x:problem 5:worksheet *:problem +:problem =:problem
EXPR: 1 | POS | INT | 14 | 16 | 16 | 9=((x/4)+5) | 9 x 4 / 5 + = | 9:worksheet x:worksheet 4:problem /:worksheet 5:worksheet +:worksheet =:worksheet
EXPR: 0 | POS | INT | 14 | 16 | 1 | ((9*x)-4)=5 | 9 x * 4 - 5 = | 9:worksheet x:problem *:worksheet 4:worksheet -:worksheet 5:worksheet =:worksheet
EXPR: 0 | POS | INT | 14 | 16 | 9 | 4=(5-(x/9)) | 4 5 x 9 / - = | 4:problem 5:problem x:problem 9:worksheet /:problem -:problem =:problem
EXPR: 0 | POS | INT | 14 | 16 | 1 | ((x*9)-4)=5 | x 9 * 4 - 5 = | x:problem 9:worksheet *:worksheet 4:worksheet -:worksheet 5:worksheet =:worksheet
EXPR: 0 | POS | INT | 14 | 16 | 25 | (4+(x/5))=9 | 4 x 5 / + 9 = | 4:problem x:problem 5:worksheet /:problem +:problem 9:problem =:problem
EXPR: 0 | POS | INT | 14 | 16 | 1 | 9=(4+(5*x)) | 9 4 5 x * + = | 9:problem 4:problem 5:worksheet x:problem *:problem +:problem =:problem
EXPR: 1 | POS | INT | 14 | 16 | 16 | (9-(x/4))=5 | 9 x 4 / - 5 = | 9:worksheet x:worksheet 4:problem /:worksheet -:worksheet 5:worksheet =:worksheet
EXPR: 0 | POS | INT | 14 | 16 | 81 | ((x/9)-4)=5 | x 9 / 4 - 5 = | x:problem 9:worksheet /:problem 4:problem -:problem 5:problem =:problem
EXPR: 0 | POS | INT | 14 | 16 | 1 | ((9-4)/x)=5 | 9 4 - x / 5 = | 9:worksheet 4:worksheet -:worksheet x:problem /:worksheet 5:worksheet =:worksheet
EXPR: 0 | POS | INT | 14 | 16 | 1 | ((4+5)*x)=9 | 4 5 + x * 9 = | 4:worksheet 5:worksheet +:worksheet x:problem *:worksheet 9:worksheet =:worksheet
EXPR: 0 | POS | INT | 14 | 16 | 1 | ((4*x)+5)=9 | 4 x * 5 + 9 = | 4:worksheet x:problem *:worksheet 5:worksheet +:worksheet 9:worksheet =:worksheet
EXPR: 0 | POS | INT | 14 | 16 | 41 | ((4+x)/5)=9 | 4 x + 5 / 9 = | 4:problem x:problem +:problem 5:worksheet /:problem 9:problem =:problem
EXPR: 0 | POS | INT | 14 | 16 | 1 | 9=(4+(5/x)) | 9 4 5 x / + = | 9:worksheet 4:worksheet 5:worksheet x:problem /:worksheet +:worksheet =:worksheet
EXPR: 0 | POS | INT | 14 | 16 | 9 | ((x/9)+4)=5 | x 9 / 4 + 5 = | x:problem 9:worksheet /:problem 4:problem +:problem 5:problem =:problem
EXPR: 0 | POS | INT | 14 | 16 | 9 | ((9/x)+4)=5 | 9 x / 4 + 5 = | 9:worksheet x:problem /:worksheet 4:worksheet +:worksheet 5:worksheet =:worksheet
EXPR: 0 | POS | INT | 14 | 16 | 56 | ((x/4)-5)=9 | x 4 / 5 - 9 = | x:worksheet 4:problem /:worksheet 5:worksheet -:worksheet 9:worksheet =:worksheet
EXPR: 0 | POS | INT | 14 | 16 | 180 | (4*5)=(x/9) | 4 5 * x 9 / = | 4:problem 5:worksheet *:problem x:problem 9:worksheet /:problem =:problem
EXPR: 0 | POS | INT | 14 | 16 | 1 | ((9/x)-4)=5 | 9 x / 4 - 5 = | 9:worksheet x:problem /:worksheet 4:worksheet -:worksheet 5:worksheet =:worksheet
EXPR: 0 | POS | INT | 14 | 16 | 1 | 9=((4/x)+5) | 9 4 x / 5 + = | 9:worksheet 4:worksheet x:problem /:worksheet 5:worksheet +:worksheet =:worksheet
EXPR: 0 | POS | INT | 14 | 16 | 1 | 9=((4*x)+5) | 9 4 x * 5 + = | 9:worksheet 4:worksheet x:problem *:worksheet 5:worksheet +:worksheet =:worksheet
EXPR: 0 | POS | INT | 14 | 16 | 29 | ((x-9)/4)=5 | x 9 - 4 / 5 = | x:worksheet 9:worksheet -:worksheet 4:problem /:worksheet 5:worksheet =:worksheet
EXPR: 0 | POS | INT | 14 | 16 | 1 | 9=((4+5)/x) | 9 4 5 + x / = | 9:worksheet 4:worksheet 5:worksheet +:worksheet x:problem /:worksheet =:worksheet
EXPR: 0 | POS | INT | 14 | 16 | 1 | (4+(5*x))=9 | 4 5 x * + 9 = | 4:problem 5:worksheet x:problem *:problem +:problem 9:problem =:problem
EXPR: 0 | POS | INT | 14 | 16 | 11 | ((x+9)/4)=5 | x 9 + 4 / 5 = | x:worksheet 9:worksheet +:worksheet 4:problem /:worksheet 5:worksheet =:worksheet
EXPR: 0 | POS | INT | 14 | 16 | 31 | 4=((x+5)/9) | 4 x 5 + 9 / = | 4:problem x:problem 5:problem +:problem 9:worksheet /:problem =:problem
EXPR: 0 | POS | INT | 14 | 16 | 180 | (x/9)=(4*5) | x 9 / 4 5 * = | x:problem 9:worksheet /:problem 4:problem 5:worksheet *:problem =:problem
EXPR: 0 | POS | INT | 14 | 16 | 1 | (9-(4*x))=5 | 9 4 x * - 5 = | 9:worksheet 4:problem x:worksheet *:worksheet -:worksheet 5:worksheet =:worksheet
EXPR: 0 | POS | INT | 14 | 16 | 1 | 9=((4+5)*x) | 9 4 5 + x * = | 9:worksheet 4:worksheet 5:worksheet +:worksheet x:problem *:worksheet =:worksheet
EXPR: 0 | POS | INT | 14 | 16 | 31 | 4=((5+x)/9) | 4 5 x + 9 / = | 4:problem 5:problem x:problem +:problem 9:worksheet /:problem =:problem
EXPR: 0 | POS | INT | 14 | 16 | 1 | (4+(5/x))=9 | 4 5 x / + 9 = | 4:worksheet 5:worksheet x:problem /:worksheet +:worksheet 9:worksheet =:worksheet
EXPR: 0 | POS | INT | 14 | 16 | 41 | 4=((x-5)/9) | 4 x 5 - 9 / = | 4:problem x:problem 5:problem -:problem 9:worksheet /:problem =:problem
EXPR: 0 | POS | INT | 14 | 16 | 49 | ((x-4)/5)=9 | x 4 - 5 / 9 = | x:problem 4:problem -:problem 5:worksheet /:problem 9:problem =:problem
EXPR: 0 | POS | INT | 14 | 16 | 1 | ((9-4)*x)=5 | 9 4 - x * 5 = | 9:worksheet 4:worksheet -:worksheet x:problem *:worksheet 5:worksheet =:worksheet
EXPR: 0 | POS | INT | 14 | 16 | 9 | 4=(5-(9/x)) | 4 5 9 x / - = | 4:worksheet 5:worksheet 9:worksheet x:problem /:worksheet -:worksheet =:worksheet
EXPR: 0 | POS | INT | 14 | 16 | 1 | (x*(4+5))=9 | x 4 5 + * 9 = | x:problem 4:worksheet 5:worksheet +:worksheet *:worksheet 9:worksheet =:worksheet
EXPR: 0 | POS | INT | 14 | 16 | 11 | ((9+x)/4)=5 | 9 x + 4 / 5 = | 9:worksheet x:worksheet +:worksheet 4:problem /:worksheet 5:worksheet =:worksheet
EXPR: 0 | POS | INT | 14 | 16 | 11 | 9=((4*5)-x) | 9 4 5 * x - = | 9:problem 4:problem 5:worksheet *:problem x:problem -:problem =:problem
EXPR: 0 | POS | INT | 14 | 16 | 29 | (x-(4*5))=9 | x 4 5 * - 9 = | x:problem 4:problem 5:worksheet *:problem -:problem 9:problem =:problem
EXPR: 0 | POS | INT | 14 | 16 | 41 | 9=((4+x)/5) | 9 4 x + 5 / = | 9:problem 4:problem x:problem +:problem 5:worksheet /:problem =:problem
EXPR: 0 | POS | INT | 14 | 16 | 1 | (x*(9-4))=5 | x 9 4 - * 5 = | x:problem 9:worksheet 4:worksheet -:worksheet *:worksheet 5:worksheet =:worksheet
EXPR: 0 | POS | INT | 14 | 16 | 41 | ((x+4)/5)=9 | x 4 + 5 / 9 = | x:problem 4:problem +:problem 5:worksheet /:problem 9:problem =:problem
EXPR: 0 | POS | INT | 14 | 16 | 65 | 4=((x/5)-9) | 4 x 5 / 9 - = | 4:problem x:problem 5:worksheet /:problem 9:problem -:problem =:problem
EXPR: 0 | POS | INT | 14 | 16 | 1 | (9-(4/x))=5 | 9 4 x / - 5 = | 9:worksheet 4:worksheet x:problem /:worksheet -:worksheet 5:worksheet =:worksheet
EXPR: 0 | POS | INT | 14 | 16 | 1 | ((x*4)+5)=9 | x 4 * 5 + 9 = | x:problem 4:worksheet *:worksheet 5:worksheet +:worksheet 9:worksheet =:worksheet
EXPR: 0 | POS | INT | 14 | 16 | 1 | ((4+5)/x)=9 | 4 5 + x / 9 = | 4:worksheet 5:worksheet +:worksheet x:problem /:worksheet 9:worksheet =:worksheet
EXPR: 0 | POS | INT | 14 | 16 | 25 | 9=(4+(x/5)) | 9 4 x 5 / + = | 9:problem 4:problem x:problem 5:worksheet /:problem +:problem =:problem
EXPR: 0 | POS | INT | 15 | 16 | 41 | x=((9*5)-4) | x 9 5 * 4 - = | x:problem 9:worksheet 5:problem *:problem 4:problem -:problem =:problem
EXPR: 0 | POS | INT | 15 | 16 | 49 | x=((9*5)+4) | x 9 5 * 4 + = | x:problem 9:worksheet 5:problem *:problem 4:problem +:problem =:problem
EXPR: 0 | POS | INT | 15 | 16 | 41 | x=(5+(4*9)) | x 5 4 9 * + = | x:worksheet 5:worksheet 4:problem 9:worksheet *:worksheet +:worksheet =:worksheet
EXPR: 0 | POS | INT | 15 | 16 | 41 | ((9*5)-4)=x | 9 5 * 4 - x = | 9:worksheet 5:problem *:problem 4:problem -:problem x:problem =:problem
EXPR: 0 | POS | INT | 15 | 16 | 49 | ((9*5)+4)=x | 9 5 * 4 + x = | 9:worksheet 5:problem *:problem 4:problem +:problem x:problem =:problem
EXPR: 0 | POS | INT | 15 | 16 | 65 | (5*(4+9))=x | 5 4 9 + * x = | 5:worksheet 4:problem 9:problem +:problem *:problem x:problem =:problem
EXPR: 0 | POS | INT | 15 | 16 | 1 | ((9-5)/4)=x | 9 5 - 4 / x = | 9:worksheet 5:worksheet -:worksheet 4:problem /:worksheet x:worksheet =:worksheet
EXPR: 0 | POS | INT | 15 | 16 | 41 | (5+(4*9))=x | 5 4 9 * + x = | 5:worksheet 4:problem 9:worksheet *:worksheet +:worksheet x:worksheet =:worksheet
EXPR: 0 | POS | INT | 15 | 16 | 65 | x=(5*(4+9)) | x 5 4 9 + * = | x:problem 5:worksheet 4:problem 9:problem +:problem *:problem =:problem
EXPR: 0 | POS | INT | 15 | 16 | 9 | (9*(5-4))=x | 9 5 4 - * x = | 9:worksheet 5:problem 4:problem -:problem *:problem x:problem =:problem
EXPR: 0 | POS | INT | 15 | 16 | 9 | x=(9*(5-4)) | x 9 5 4 - * = | x:problem 9:worksheet 5:problem 4:problem -:problem *:problem =:problem
EXPR: 0 | POS | INT | 15 | 16 | 9 | ((5-4)*9)=x | 5 4 - 9 * x = | 5:problem 4:problem -:problem 9:worksheet *:problem x:problem =:problem
EXPR: 0 | POS | INT | 15 | 16 | 1 | x=((9-5)/4) | x 9 5 - 4 / = | x:worksheet 9:worksheet 5:worksheet -:worksheet 4:problem /:worksheet =:worksheet
EXPR: 0 | POS | INT | 15 | 16 | 9 | x=((5-4)*9) | x 5 4 - 9 * = | x:problem 5:problem 4:problem -:problem 9:worksheet *:problem =:problem
EXPR: 0 | POS | INT | 17 | 16 | 1 | ((x*9)-5)=4 | x 9 * 5 - 4 = | x:problem 9:worksheet *:problem 5:problem -:problem 4:problem =:problem
EXPR: 0 | POS | INT | 17 | 16 | 81 | ((x/9)-5)=4 | x 9 / 5 - 4 = | x:problem 9:worksheet /:problem 5:problem -:problem 4:problem =:problem
EXPR: 0 | POS | INT | 17 | 16 | 41 | ((9*5)-x)=4 | 9 5 * x - 4 = | 9:problem 5:worksheet *:problem x:problem -:problem 4:problem =:problem
EXPR: 0 | POS | INT | 17 | 16 | 56 | 5=((x/4)-9) | 5 x 4 / 9 - = | 5:worksheet x:worksheet 4:problem /:worksheet 9:worksheet -:worksheet =:worksheet
EXPR: 1 | POS | INT | 17 | 16 | 16 | (5+(x/4))=9 | 5 x 4 / + 9 = | 5:worksheet x:worksheet 4:problem /:worksheet +:worksheet 9:worksheet =:worksheet
EXPR: 0 | POS | INT | 17 | 16 | 31 | 5=((4*9)-x) | 5 4 9 * x - = | 5:worksheet 4:problem 9:worksheet *:worksheet x:worksheet -:worksheet =:worksheet
EXPR: 0 | POS | INT | 17 | 16 | 1 | (5+(x*4))=9 | 5 x 4 * + 9 = | 5:worksheet x:worksheet 4:problem *:worksheet +:worksheet 9:worksheet =:worksheet
EXPR: 0 | POS | INT | 17 | 16 | 49 | 5=((x-4)/9) | 5 x 4 - 9 / = | 5:problem x:problem 4:problem -:problem 9:worksheet /:problem =:problem
EXPR: 0 | POS | INT | 17 | 16 | 41 | 5=((x+4)/9) | 5 x 4 + 9 / = | 5:problem x:problem 4:problem +:problem 9:worksheet /:problem =:problem
EXPR: 0 | POS | INT | 17 | 16 | 1 | 9=(5+(4*x)) | 9 5 4 x * + = | 9:worksheet 5:worksheet 4:problem x:worksheet *:worksheet +:worksheet =:worksheet
EXPR: 0 | POS | INT | 17 | 16 | 41 | 5=(x-(4*9)) | 5 x 4 9 * - = | 5:worksheet x:worksheet 4:problem 9:worksheet *:worksheet -:worksheet =:worksheet
EXPR: 0 | POS | INT | 17 | 16 | 1 | ((9-5)/x)=4 | 9 5 - x / 4 = | 9:worksheet 5:worksheet -:worksheet x:problem /:worksheet 4:worksheet =:worksheet
EXPR: 0 | POS | INT | 17 | 16 | 25 | (9-(x/5))=4 | 9 x 5 / - 4 = | 9:problem x:problem 5:worksheet /:problem -:problem 4:problem =:problem
EXPR: 0 | POS | INT | 17 | 16 | 1 | (9-(5*x))=4 | 9 5 x * - 4 = | 9:problem 5:worksheet x:problem *:problem -:problem 4:problem =:problem
EXPR: 0 | POS | INT | 17 | 16 | 1 | (9-(x*5))=4 | 9 x 5 * - 4 = | 9:problem x:problem 5:worksheet *:problem -:problem 4:problem =:problem
EXPR: 0 | POS | INT | 17 | 16 | 1 | ((5*x)+4)=9 | 5 x * 4 + 9 = | 5:worksheet x:problem *:problem 4:problem +:problem 9:problem =:problem
EXPR: 0 | POS | INT | 17 | 16 | 9 | 9=(x*(5-4)) | 9 x 5 4 - * = | 9:worksheet x:problem 5:worksheet 4:worksheet -:worksheet *:worksheet =:worksheet
EXPR: 0 | POS | INT | 17 | 16 | 25 | (5*(9-4))=x | 5 9 4 - * x = | 5:worksheet 9:problem 4:problem -:problem *:problem x:problem =:problem
EXPR: 0 | POS | INT | 17 | 16 | 1 | ((9/x)-5)=4 | 9 x / 5 - 4 = | 9:worksheet x:problem /:worksheet 5:worksheet -:worksheet 4:worksheet =:worksheet
EXPR: 0 | POS | INT | 17 | 16 | 65 | ((x/5)-4)=9 | x 5 / 4 - 9 = | x:problem 5:worksheet /:problem 4:problem -:problem 9:problem =:problem
EXPR: 0 | POS | INT | 17 | 16 | 25 | x=(5*(9-4)) | x 5 9 4 - * = | x:problem 5:worksheet 9:problem 4:problem -:problem *:problem =:problem
EXPR: 0 | POS | INT | 17 | 16 | 1 | ((x*5)+4)=9 | x 5 * 4 + 9 = | x:problem 5:worksheet *:worksheet 4:worksheet +:worksheet 9:worksheet =:worksheet
EXPR: 0 | POS | INT | 17 | 16 | 41 | ((x-5)/4)=9 | x 5 - 4 / 9 = | x:worksheet 5:worksheet -:worksheet 4:problem /:worksheet 9:worksheet =:worksheet
EXPR: 0 | POS | INT | 17 | 16 | 11 | ((9+x)/5)=4 | 9 x + 5 / 4 = | 9:problem x:problem +:problem 5:worksheet /:problem 4:problem =:problem
EXPR: 1 | POS | INT | 17 | 16 | 16 | 9=(5+(x/4)) | 9 5 x 4 / + = | 9:worksheet 5:worksheet x:worksheet 4:problem /:worksheet +:worksheet =:worksheet
EXPR: 0 | POS | INT | 17 | 16 | 1 | ((5/x)+4)=9 | 5 x / 4 + 9 = | 5:worksheet x:problem /:worksheet 4:worksheet +:worksheet 9:worksheet =:worksheet
EXPR: 0 | POS | INT | 17 | 16 | 9 | 9=((5-4)*x) | 9 5 4 - x * = | 9:worksheet 5:worksheet 4:worksheet -:worksheet x:problem *:worksheet =:worksheet
EXPR: 0 | POS | INT | 17 | 16 | 1 | 9=(5+(x*4)) | 9 5 x 4 * + = | 9:worksheet 5:worksheet x:worksheet 4:problem *:worksheet +:worksheet =:worksheet
EXPR: 0 | POS | INT | 17 | 16 | 49 | (x-(9*5))=4 | x 9 5 * - 4 = | x:problem 9:worksheet 5:problem *:problem -:problem 4:problem =:problem
EXPR: 0 | POS | INT | 17 | 16 | 1 | ((9*x)-5)=4 | 9 x * 5 - 4 = | 9:worksheet x:problem *:worksheet 5:worksheet -:worksheet 4:worksheet =:worksheet
EXPR: 0 | POS | INT | 17 | 16 | 41 | 5=((4+x)/9) | 5 4 x + 9 / = | 5:problem 4:problem x:problem +:problem 9:worksheet /:problem =:problem
EXPR: 0 | POS | INT | 17 | 16 | 1 | (5+(4*x))=9 | 5 4 x * + 9 = | 5:worksheet 4:problem x:worksheet *:worksheet +:worksheet 9:worksheet =:worksheet
EXPR: 0 | POS | INT | 17 | 16 | 1 | (9-(5/x))=4 | 9 5 x / - 4 = | 9:worksheet 5:worksheet x:problem /:worksheet -:worksheet 4:worksheet =:worksheet
EXPR: 0 | POS | INT | 17 | 16 | 31 | ((x+5)/4)=9 | x 5 + 4 / 9 = | x:worksheet 5:worksheet +:worksheet 4:problem /:worksheet 9:worksheet =:worksheet
EXPR: 0 | POS | INT | 17 | 16 | 1 | 9=((5/x)+4) | 9 5 x / 4 + = | 9:worksheet 5:worksheet x:problem /:worksheet 4:worksheet +:worksheet =:worksheet
EXPR: 0 | POS | INT | 17 | 16 | 31 | 9=((5+x)/4) | 9 5 x + 4 / = | 9:worksheet 5:worksheet x:worksheet +:worksheet 4:problem /:worksheet =:worksheet
EXPR: 0 | POS | INT | 17 | 16 | 25 | ((x/5)+4)=9 | x 5 / 4 + 9 = | x:problem 5:worksheet /:problem 4:problem +:problem 9:problem =:problem
EXPR: 0 | POS | INT | 17 | 16 | 1 | 9=(5+(4/x)) | 9 5 4 x / + = | 9:worksheet 5:worksheet 4:worksheet x:problem /:worksheet +:worksheet =:worksheet
EXPR: 0 | POS | INT | 17 | 16 | 9 | 5=(4+(9/x)) | 5 4 9 x / + = | 5:worksheet 4:worksheet 9:worksheet x:problem /:worksheet +:worksheet =:worksheet
EXPR: 0 | POS | INT | 17 | 16 | 31 | ((5+x)/4)=9 | 5 x + 4 / 9 = | 5:worksheet x:worksheet +:worksheet 4:problem /:worksheet 9:worksheet =:worksheet
EXPR: 0 | POS | INT | 17 | 16 | 9 | 5=(4+(x/9)) | 5 4 x 9 / + = | 5:problem 4:problem x:problem 9:worksheet /:problem +:problem =:problem
EXPR: 0 | POS | INT | 17 | 16 | 180 | (x/5)=(4*9) | x 5 / 4 9 * = | x:problem 5:worksheet /:problem 4:problem 9:worksheet *:problem =:problem
EXPR: 0 | POS | INT | 17 | 16 | 1 | 9=((5*x)+4) | 9 5 x * 4 + = | 9:problem 5:worksheet x:problem *:problem 4:problem +:problem =:problem
EXPR: 0 | POS | INT | 17 | 16 | 1 | (5+(4/x))=9 | 5 4 x / + 9 = | 5:worksheet 4:worksheet x:problem /:worksheet +:worksheet 9:worksheet =:worksheet
EXPR: 0 | POS | INT | 17 | 16 | 29 | ((x-9)/5)=4 | x 9 - 5 / 4 = | x:problem 9:problem -:problem 5:worksheet /:problem 4:problem =:problem
EXPR: 0 | POS | INT | 17 | 16 | 65 | 9=((x/5)-4) | 9 x 5 / 4 - = | 9:problem x:problem 5:worksheet /:problem 4:problem -:problem =:problem
EXPR: 0 | POS | INT | 17 | 16 | 11 | ((x+9)/5)=4 | x 9 + 5 / 4 = | x:problem 9:problem +:problem 5:worksheet /:problem 4:problem =:problem
EXPR: 0 | POS | INT | 17 | 16 | 1 | 9=((x*5)+4) | 9 x 5 * 4 + = | 9:worksheet x:problem 5:worksheet *:worksheet 4:worksheet +:worksheet =:worksheet
EXPR: 0 | POS | INT | 17 | 16 | 9 | (x*(5-4))=9 | x 5 4 - * 9 = | x:problem 5:worksheet 4:worksheet -:worksheet *:worksheet 9:worksheet =:worksheet
EXPR: 0 | POS | INT | 17 | 16 | 9 | ((5-4)*x)=9 | 5 4 - x * 9 = | 5:worksheet 4:worksheet -:worksheet x:problem *:worksheet 9:worksheet =:worksheet
EXPR: 0 | POS | INT | 17 | 16 | 25 | 9=((x/5)+4) | 9 x 5 / 4 + = | 9:problem x:problem 5:worksheet /:problem 4:problem +:problem =:problem
EXPR: 0 | POS | INT | 17 | 16 | 41 | 9=((x-5)/4) | 9 x 5 - 4 / = | 9:worksheet x:worksheet 5:worksheet -:worksheet 4:problem /:worksheet =:worksheet
EXPR: 0 | POS | INT | 17 | 16 | 31 | 9=((x+5)/4) | 9 x 5 + 4 / = | 9:worksheet x:worksheet 5:worksheet +:worksheet 4:problem /:worksheet =:worksheet
EXPR: 0 | POS | INT | 19 | 16 | 65 | ((x/5)-9)=4 | x 5 / 9 - 4 = | x:problem 5:worksheet /:problem 9:problem -:problem 4:problem =:problem
EXPR: 0 | POS | INT | 19 | 16 | 11 | 5=((x+9)/4) | 5 x 9 + 4 / = | 5:worksheet x:worksheet 9:worksheet +:worksheet 4:problem /:worksheet =:worksheet
EXPR: 0 | POS | INT | 19 | 16 | 1 | 5=(x*(9-4)) | 5 x 9 4 - * = | 5:worksheet x:problem 9:worksheet 4:worksheet -:worksheet *:worksheet =:worksheet
EXPR: 0 | POS | INT | 19 | 16 | 29 | 5=((x-9)/4) | 5 x 9 - 4 / = | 5:worksheet x:worksheet 9:worksheet -:worksheet 4:problem /:worksheet =:worksheet
EXPR: 0 | POS | INT | 19 | 16 | 81 | 5=((x/9)-4) | 5 x 9 / 4 - = | 5:problem x:problem 9:worksheet /:problem 4:problem -:problem =:problem
EXPR: 0 | POS | INT | 19 | 16 | 9 | (5-(x/9))=4 | 5 x 9 / - 4 = | 5:problem x:problem 9:worksheet /:problem -:problem 4:problem =:problem
EXPR: 0 | POS | INT | 19 | 16 | 1 | 5=(9-(4*x)) | 5 9 4 x * - = | 5:worksheet 9:worksheet 4:problem x:worksheet *:worksheet -:worksheet =:worksheet
EXPR: 1 | POS | INT | 19 | 16 | 16 | 5=(9-(x/4)) | 5 9 x 4 / - = | 5:worksheet 9:worksheet x:worksheet 4:problem /:worksheet -:worksheet =:worksheet
EXPR: 0 | POS | INT | 19 | 16 | 1 | 5=((9-4)/x) | 5 9 4 - x / = | 5:worksheet 9:worksheet 4:worksheet -:worksheet x:problem /:worksheet =:worksheet
EXPR: 0 | POS | INT | 19 | 16 | 1 | 5=(9-(x*4)) | 5 9 x 4 * - = | 5:worksheet 9:worksheet x:worksheet 4:problem *:worksheet -:worksheet =:worksheet
EXPR: 0 | POS | INT | 19 | 16 | 1 | 5=((x*9)-4) | 5 x 9 * 4 - = | 5:worksheet x:problem 9:worksheet *:worksheet 4:worksheet -:worksheet =:worksheet
EXPR: 0 | POS | INT | 19 | 16 | 1 | 5=(9-(4/x)) | 5 9 4 x / - = | 5:worksheet 9:worksheet 4:worksheet x:problem /:worksheet -:worksheet =:worksheet
EXPR: 0 | POS | INT | 19 | 16 | 9 | 5=((9/x)+4) | 5 9 x / 4 + = | 5:worksheet 9:worksheet x:problem /:worksheet 4:worksheet +:worksheet =:worksheet
EXPR: 0 | POS | INT | 19 | 16 | 1 | 5=((9-4)*x) | 5 9 4 - x * = | 5:worksheet 9:worksheet 4:worksheet -:worksheet x:problem *:worksheet =:worksheet
NET 204 unique, non-negative, integer-valued solutions found out of 1000 total solutions
