parameters: n=7 l=3 k=1 p=5 q=3 m=9
TOTAL 1000 solutions found
SOLN: CORRECT | POS/NEG | INT/FRA | OBJ-SCORE | TRUE-ANS | ANS | INFIX | POSTFIX | TYPED-POSTFIX
EXPR: 0 | POS | INT | 10 | 6 | 34 | x=((9*3)+7) | x 9 3 * 7 + = | x:potato 9:potato 3:minute *:potato 7:potato +:potato =:potato
EXPR: 0 | POS | INT | 10 | 6 | 30 | (9+(3*7))=x | 9 3 7 * + x = | 9:potato 3:minute 7:potato *:potato +:potato x:potato =:potato
EXPR: 0 | POS | INT | 10 | 6 | 30 | x=(9+(3*7)) | x 9 3 7 * + = | x:potato 9:potato 3:minute 7:potato *:potato +:potato =:potato
EXPR: 0 | POS | INT | 10 | 6 | 20 | x=((9*3)-7) | x 9 3 * 7 - = | x:potato 9:potato 3:minute *:potato 7:potato -:potato =:potato
EXPR: 0 | POS | INT | 10 | 6 | 10 | x=((9/3)+7) | x 9 3 / 7 + = | x:potato 9:potato 3:minute /:potato 7:potato +:potato =:potato
EXPR: 0 | POS | INT | 10 | 6 | 34 | ((9*3)+7)=x | 9 3 * 7 + x = | 9:potato 3:minute *:potato 7:potato +:potato x:potato =:potato
EXPR: 0 | POS | INT | 10 | 6 | 10 | ((9/3)+7)=x | 9 3 / 7 + x = | 9:potato 3:minute /:potato 7:potato +:potato x:potato =:potato
EXPR: 0 | POS | INT | 10 | 6 | 20 | ((9*3)-7)=x | 9 3 * 7 - x = | 9:potato 3:minute *:potato 7:potato -:potato x:potato =:potato
EXPR: 0 | POS | INT | 12 | 6 | 48 | x=(3*(9+7)) | x 3 9 7 + * = | x:LENGTH 3:LENGTH 9:potato 7:potato +:potato *:LENGTH =:LENGTH
EXPR: 1 | POS | INT | 12 | 6 | 6 | x=((9-7)*3) | x 9 7 - 3 * = | x:LENGTH 9:potato 7:potato -:potato 3:LENGTH *:LENGTH =:LENGTH
EXPR: 0 | POS | INT | 12 | 6 | 48 | x=((9+7)*3) | x 9 7 + 3 * = | x:minute 9:potato 7:potato +:potato 3:minute *:minute =:minute
EXPR: 1 | POS | INT | 12 | 6 | 6 | x=(3*(9-7)) | x 3 9 7 - * = | x:potato 3:minute 9:potato 7:potato -:potato *:potato =:potato
EXPR: 1 | POS | INT | 12 | 6 | 6 | (3*(9-7))=x | 3 9 7 - * x = | 3:minute 9:potato 7:potato -:potato *:minute x:minute =:minute
EXPR: 0 | POS | INT | 12 | 6 | 34 | (x-(9*3))=7 | x 9 3 * - 7 = | x:potato 9:potato 3:minute *:potato -:potato 7:potato =:potato
EXPR: 0 | POS | INT | 12 | 6 | 4 | ((9/3)+x)=7 | 9 3 / x + 7 = | 9:potato 3:minute /:potato x:potato +:potato 7:potato =:potato
EXPR: 0 | POS | INT | 12 | 6 | 48 | (3*(9+7))=x | 3 9 7 + * x = | 3:minute 9:potato 7:potato +:potato *:potato x:potato =:potato
EXPR: 0 | POS | INT | 14 | 6 | 34 | 9=((x-7)/3) | 9 x 7 - 3 / = | 9:potato x:potato 7:potato -:potato 3:minute /:potato =:potato
EXPR: 1 | POS | INT | 14 | 6 | 6 | (x/(9-7))=3 | x 9 7 - / 3 = | x:minute 9:potato 7:potato -:potato /:minute 3:minute =:minute
EXPR: 0 | POS | INT | 14 | 6 | 20 | 9=((x+7)/3) | 9 x 7 + 3 / = | 9:potato x:potato 7:potato +:potato 3:minute /:potato =:potato
EXPR: 0 | POS | INT | 14 | 6 | 48 | ((x/3)-9)=7 | x 3 / 9 - 7 = | x:potato 3:minute /:potato 9:potato -:potato 7:potato =:potato
EXPR: 0 | POS | INT | 14 | 6 | 4 | 9=((7-x)*3) | 9 7 x - 3 * = | 9:potato 7:potato x:potato -:potato 3:minute *:potato =:potato
EXPR: 0 | POS | INT | 15 | 6 | 30 | ((3*7)+9)=x | 3 7 * 9 + x = | 3:minute 7:potato *:potato 9:potato +:potato x:potato =:potato
EXPR: 0 | POS | INT | 15 | 6 | 30 | x=((3*7)+9) | x 3 7 * 9 + = | x:potato 3:minute 7:potato *:potato 9:potato +:potato =:potato
EXPR: 0 | POS | INT | 15 | 6 | 12 | ((3*7)-9)=x | 3 7 * 9 - x = | 3:minute 7:potato *:potato 9:potato -:potato x:potato =:potato
EXPR: 0 | POS | INT | 15 | 6 | 34 | (7+(9*3))=x | 7 9 3 * + x = | 7:potato 9:potato 3:minute *:potato +:potato x:potato =:potato
EXPR: 0 | POS | INT | 15 | 6 | 10 | (7+(9/3))=x | 7 9 3 / + x = | 7:potato 9:potato 3:minute /:potato +:potato x:potato =:potato
EXPR: 0 | POS | INT | 15 | 6 | 4 | (7-(9/3))=x | 7 9 3 / - x = | 7:potato 9:potato 3:minute /:potato -:potato x:potato =:potato
EXPR: 0 | POS | INT | 15 | 6 | 10 | x=(7+(9/3)) | x 7 9 3 / + = | x:potato 7:potato 9:potato 3:minute /:potato +:potato =:potato
EXPR: 0 | POS | INT | 15 | 6 | 4 | x=(7-(9/3)) | x 7 9 3 / - = | x:potato 7:potato 9:potato 3:minute /:potato -:potato =:potato
EXPR: 0 | POS | INT | 15 | 6 | 12 | x=((3*7)-9) | x 3 7 * 9 - = | x:potato 3:minute 7:potato *:potato 9:potato -:potato =:potato
EXPR: 0 | POS | INT | 17 | 6 | 12 | 7=((9+x)/3) | 7 9 x + 3 / = | 7:potato 9:potato x:potato +:potato 3:minute /:potato =:potato
EXPR: 1 | POS | INT | 17 | 6 | 6 | ((x/3)+7)=9 | x 3 / 7 + 9 = | x:potato 3:minute /:potato 7:potato +:potato 9:potato =:potato
EXPR: 0 | POS | INT | 17 | 6 | 48 | ((x/3)-7)=9 | x 3 / 7 - 9 = | x:potato 3:minute /:potato 7:potato -:potato 9:potato =:potato
EXPR: 0 | POS | INT | 17 | 6 | 30 | 7=((x-9)/3) | 7 x 9 - 3 / = | 7:potato x:potato 9:potato -:potato 3:minute /:potato =:potato
EXPR: 0 | POS | INT | 17 | 6 | 12 | 7=((x+9)/3) | 7 x 9 + 3 / = | 7:potato x:potato 9:potato +:potato 3:minute /:potato =:potato
EXPR: 0 | POS | INT | 17 | 6 | 4 | (3*(7-x))=9 | 3 7 x - * 9 = | 3:minute 7:potato x:potato -:potato *:potato 9:potato =:potato
EXPR: 1 | POS | INT | 19 | 6 | 6 | (7+(x/3))=9 | 7 x 3 / + 9 = | 7:potato x:potato 3:minute /:potato +:potato 9:potato =:potato
EXPR: 0 | POS | INT | 20 | 6 | 84 | x=((9+3)*7) | x 9 3 + 7 * = | x:LENGTH 9:potato 3:potato +:potato 7:LENGTH *:LENGTH =:LENGTH
EXPR: 0 | POS | INT | 20 | 6 | 90 | (9*(3+7))=x | 9 3 7 + * x = | 9:potato 3:minute 7:minute +:minute *:potato x:potato =:potato
EXPR: 0 | POS | INT | 20 | 6 | 13 | x=((9-3)+7) | x 9 3 - 7 + = | x:potato 9:potato 3:potato -:potato 7:potato +:potato =:potato
EXPR: 0 | POS | INT | 20 | 6 | 42 | x=((9-3)*7) | x 9 3 - 7 * = | x:LENGTH 9:LENGTH 3:LENGTH -:LENGTH 7:potato *:LENGTH =:LENGTH
EXPR: 0 | POS | INT | 20 | 6 | 19 | x=((9+3)+7) | x 9 3 + 7 + = | x:potato 9:potato 3:potato +:potato 7:potato +:potato =:potato
EXPR: 0 | POS | INT | 20 | 6 | 5 | x=((9+3)-7) | x 9 3 + 7 - = | x:potato 9:potato 3:potato +:potato 7:potato -:potato =:potato
EXPR: 0 | POS | INT | 20 | 6 | 90 | x=(9*(3+7)) | x 9 3 7 + * = | x:LENGTH 9:LENGTH 3:potato 7:potato +:potato *:LENGTH =:LENGTH
EXPR: 0 | POS | INT | 20 | 6 | 5 | (9+(3-7))=x | 9 3 7 - + x = | 9:potato 3:potato 7:potato -:potato +:potato x:potato =:potato
EXPR: 0 | POS | INT | 20 | 6 | 13 | (9-(3-7))=x | 9 3 7 - - x = | 9:potato 3:potato 7:potato -:potato -:potato x:potato =:potato
EXPR: 0 | POS | INT | 20 | 6 | 84 | ((9+3)*7)=x | 9 3 + 7 * x = | 9:minute 3:minute +:minute 7:LENGTH *:LENGTH x:LENGTH =:LENGTH
EXPR: 0 | POS | INT | 20 | 6 | 42 | ((9-3)*7)=x | 9 3 - 7 * x = | 9:minute 3:minute -:minute 7:LENGTH *:LENGTH x:LENGTH =:LENGTH
EXPR: 0 | POS | INT | 20 | 6 | 5 | ((9+3)-7)=x | 9 3 + 7 - x = | 9:potato 3:potato +:potato 7:potato -:potato x:potato =:potato
EXPR: 0 | POS | INT | 20 | 6 | 19 | ((9+3)+7)=x | 9 3 + 7 + x = | 9:potato 3:potato +:potato 7:potato +:potato x:potato =:potato
EXPR: 0 | POS | INT | 22 | 6 | 13 | (9+(7-3))=x | 9 7 3 - + x = | 9:potato 7:potato 3:potato -:potato +:potato x:potato =:potato
EXPR: 0 | POS | INT | 22 | 6 | 5 | (9-(7-3))=x | 9 7 3 - - x = | 9:potato 7:potato 3:potato -:potato -:potato x:potato =:potato
EXPR: 0 | POS | INT | 22 | 6 | 66 | x=((9*7)+3) | x 9 7 * 3 + = | x:minute 9:potato 7:minute *:minute 3:minute +:minute =:minute
EXPR: 0 | POS | INT | 22 | 6 | 60 | x=((9*7)-3) | x 9 7 * 3 - = | x:LENGTH 9:potato 7:LENGTH *:LENGTH 3:LENGTH -:LENGTH =:LENGTH
EXPR: 0 | POS | INT | 22 | 6 | 66 | x=(3+(9*7)) | x 3 9 7 * + = | x:LENGTH 3:LENGTH 9:LENGTH 7:potato *:LENGTH +:LENGTH =:LENGTH
EXPR: 0 | POS | INT | 22 | 6 | 60 | ((9*7)-3)=x | 9 7 * 3 - x = | 9:potato 7:minute *:minute 3:minute -:minute x:minute =:minute
EXPR: 0 | POS | INT | 22 | 6 | 36 | x=(9*(7-3)) | x 9 7 3 - * = | x:LENGTH 9:LENGTH 7:minute 3:minute -:minute *:LENGTH =:LENGTH
EXPR: 0 | POS | INT | 22 | 6 | 19 | x=((9+7)+3) | x 9 7 + 3 + = | x:potato 9:potato 7:potato +:potato 3:potato +:potato =:potato
EXPR: 0 | POS | INT | 22 | 6 | 66 | ((9*7)+3)=x | 9 7 * 3 + x = | 9:potato 7:minute *:minute 3:minute +:minute x:minute =:minute
EXPR: 0 | POS | INT | 22 | 6 | 66 | (3+(9*7))=x | 3 9 7 * + x = | 3:minute 9:minute 7:potato *:minute +:minute x:minute =:minute
EXPR: 0 | POS | INT | 22 | 6 | 4 | 9=(3*(7-x)) | 9 3 7 x - * = | 9:minute 3:minute 7:LENGTH x:LENGTH -:LENGTH *:minute =:minute
EXPR: 0 | POS | INT | 22 | 6 | 66 | 9=((x-3)/7) | 9 x 3 - 7 / = | 9:minute x:minute 3:minute -:minute 7:potato /:minute =:minute
EXPR: 0 | POS | INT | 22 | 6 | 1 | x=((3-9)+7) | x 3 9 - 7 + = | x:potato 3:potato 9:potato -:potato 7:potato +:potato =:potato
EXPR: 0 | POS | INT | 22 | 6 | 60 | 9=((x+3)/7) | 9 x 3 + 7 / = | 9:LENGTH x:LENGTH 3:LENGTH +:LENGTH 7:potato /:LENGTH =:LENGTH
EXPR: 0 | POS | INT | 22 | 6 | 5 | ((9+3)-x)=7 | 9 3 + x - 7 = | 9:potato 3:potato +:potato x:potato -:potato 7:potato =:potato
EXPR: 0 | POS | INT | 22 | 6 | 36 | (9*(7-3))=x | 9 7 3 - * x = | 9:potato 7:minute 3:minute -:minute *:minute x:minute =:minute
EXPR: 0 | POS | INT | 22 | 6 | 1 | (9+(x-3))=7 | 9 x 3 - + 7 = | 9:potato x:potato 3:potato -:potato +:potato 7:potato =:potato
EXPR: 0 | POS | INT | 22 | 6 | 30 | 9=(x-(3*7)) | 9 x 3 7 * - = | 9:LENGTH x:LENGTH 3:LENGTH 7:potato *:LENGTH -:LENGTH =:LENGTH
EXPR: 0 | POS | INT | 22 | 6 | 20 | ((9*3)-x)=7 | 9 3 * x - 7 = | 9:potato 3:minute *:minute x:minute -:minute 7:minute =:minute
EXPR: 0 | POS | INT | 22 | 6 | 42 | (x/(9-3))=7 | x 9 3 - / 7 = | x:LENGTH 9:potato 3:potato -:potato /:LENGTH 7:LENGTH =:LENGTH
EXPR: 1 | POS | INT | 22 | 6 | 6 | ((9-7)*3)=x | 9 7 - 3 * x = | 9:LENGTH 7:LENGTH -:LENGTH 3:minute *:LENGTH x:LENGTH =:LENGTH
EXPR: 0 | POS | INT | 22 | 6 | 48 | ((9+7)*3)=x | 9 7 + 3 * x = | 9:LENGTH 7:LENGTH +:LENGTH 3:minute *:LENGTH x:LENGTH =:LENGTH
EXPR: 0 | POS | INT | 22 | 6 | 60 | 9=((3+x)/7) | 9 3 x + 7 / = | 9:minute 3:minute x:minute +:minute 7:potato /:minute =:minute
EXPR: 0 | POS | INT | 22 | 6 | 5 | 9=((x-3)+7) | 9 x 3 - 7 + = | 9:potato x:potato 3:potato -:potato 7:potato +:potato =:potato
EXPR: 0 | POS | INT | 22 | 6 | 5 | ((9-7)+3)=x | 9 7 - 3 + x = | 9:potato 7:potato -:potato 3:potato +:potato x:potato =:potato
EXPR: 0 | POS | INT | 22 | 6 | 13 | ((9+7)-3)=x | 9 7 + 3 - x = | 9:potato 7:potato +:potato 3:potato -:potato x:potato =:potato
EXPR: 0 | POS | INT | 22 | 6 | 12 | ((9+x)/3)=7 | 9 x + 3 / 7 = | 9:LENGTH x:LENGTH +:LENGTH 3:minute /:LENGTH 7:LENGTH =:LENGTH
EXPR: 0 | POS | INT | 22 | 6 | 19 | ((9+7)+3)=x | 9 7 + 3 + x = | 9:potato 7:potato +:potato 3:potato +:potato x:potato =:potato
EXPR: 0 | POS | INT | 22 | 6 | 19 | x=(3+(9+7)) | x 3 9 7 + + = | x:potato 3:potato 9:potato 7:potato +:potato +:potato =:potato
EXPR: 0 | POS | INT | 22 | 6 | 5 | (9-(x-3))=7 | 9 x 3 - - 7 = | 9:potato x:potato 3:potato -:potato -:potato 7:potato =:potato
EXPR: 0 | POS | INT | 22 | 6 | 19 | 9=((x-3)-7) | 9 x 3 - 7 - = | 9:potato x:potato 3:potato -:potato 7:potato -:potato =:potato
EXPR: 0 | POS | INT | 22 | 6 | 1 | ((x+9)-3)=7 | x 9 + 3 - 7 = | x:potato 9:potato +:potato 3:potato -:potato 7:potato =:potato
EXPR: 0 | POS | INT | 22 | 6 | 48 | 9=((x/3)-7) | 9 x 3 / 7 - = | 9:LENGTH x:LENGTH 3:minute /:LENGTH 7:LENGTH -:LENGTH =:LENGTH
EXPR: 1 | POS | INT | 22 | 6 | 6 | 9=((x/3)+7) | 9 x 3 / 7 + = | 9:LENGTH x:LENGTH 3:minute /:LENGTH 7:LENGTH +:LENGTH =:LENGTH
EXPR: 0 | POS | INT | 22 | 6 | 19 | (x-(9+3))=7 | x 9 3 + - 7 = | x:potato 9:potato 3:potato +:potato -:potato 7:potato =:potato
EXPR: 0 | POS | INT | 22 | 6 | 1 | ((3-9)+7)=x | 3 9 - 7 + x = | 3:potato 9:potato -:potato 7:potato +:potato x:potato =:potato
EXPR: 0 | POS | INT | 22 | 6 | 13 | x=(9+(7-3)) | x 9 7 3 - + = | x:potato 9:potato 7:potato 3:potato -:potato +:potato =:potato
EXPR: 0 | POS | INT | 22 | 6 | 5 | x=(9-(7-3)) | x 9 7 3 - - = | x:potato 9:potato 7:potato 3:potato -:potato -:potato =:potato
EXPR: 0 | POS | INT | 22 | 6 | 13 | 9=(x+(3-7)) | 9 x 3 7 - + = | 9:potato x:potato 3:potato 7:potato -:potato +:potato =:potato
EXPR: 0 | POS | INT | 22 | 6 | 10 | 9=(3*(x-7)) | 9 3 x 7 - * = | 9:potato 3:potato x:LENGTH 7:LENGTH -:LENGTH *:potato =:potato
EXPR: 0 | POS | INT | 24 | 6 | 60 | 3=((9*7)-x) | 3 9 7 * x - = | 3:LENGTH 9:LENGTH 7:potato *:LENGTH x:LENGTH -:LENGTH =:LENGTH
EXPR: 0 | POS | INT | 24 | 6 | 1 | (9+(x-7))=3 | 9 x 7 - + 3 = | 9:potato x:potato 7:potato -:potato +:potato 3:potato =:potato
EXPR: 0 | POS | INT | 24 | 6 | 13 | ((x+3)-9)=7 | x 3 + 9 - 7 = | x:potato 3:potato +:potato 9:potato -:potato 7:potato =:potato
EXPR: 0 | POS | INT | 24 | 6 | 12 | ((x+9)/7)=3 | x 9 + 7 / 3 = | x:minute 9:minute +:minute 7:potato /:minute 3:minute =:minute
EXPR: 0 | POS | INT | 24 | 6 | 5 | 3=((x-9)+7) | 3 x 9 - 7 + = | 3:potato x:potato 9:potato -:potato 7:potato +:potato =:potato
EXPR: 0 | POS | INT | 24 | 6 | 5 | 9=((7-3)+x) | 9 7 3 - x + = | 9:potato 7:potato 3:potato -:potato x:potato +:potato =:potato
EXPR: 0 | POS | INT | 24 | 6 | 19 | 3=((x-9)-7) | 3 x 9 - 7 - = | 3:potato x:potato 9:potato -:potato 7:potato -:potato =:potato
EXPR: 0 | POS | INT | 24 | 6 | 1 | (x+(9-7))=3 | x 9 7 - + 3 = | x:potato 9:potato 7:potato -:potato +:potato 3:potato =:potato
EXPR: 0 | POS | INT | 24 | 6 | 13 | ((9-x)+7)=3 | 9 x - 7 + 3 = | 9:potato x:potato -:potato 7:potato +:potato 3:potato =:potato
EXPR: 0 | POS | INT | 24 | 6 | 5 | (x-(9-7))=3 | x 9 7 - - 3 = | x:potato 9:potato 7:potato -:potato -:potato 3:potato =:potato
EXPR: 0 | POS | INT | 24 | 6 | 13 | (3+(x-9))=7 | 3 x 9 - + 7 = | 3:potato x:potato 9:potato -:potato +:potato 7:potato =:potato
EXPR: 0 | POS | INT | 24 | 6 | 5 | ((3-x)+9)=7 | 3 x - 9 + 7 = | 3:potato x:potato -:potato 9:potato +:potato 7:potato =:potato
EXPR: 0 | POS | INT | 24 | 6 | 1 | 3=((9+x)-7) | 3 9 x + 7 - = | 3:potato 9:potato x:potato +:potato 7:potato -:potato =:potato
EXPR: 0 | POS | INT | 24 | 6 | 13 | 3=((9+7)-x) | 3 9 7 + x - = | 3:potato 9:potato 7:potato +:potato x:potato -:potato =:potato
EXPR: 0 | POS | INT | 24 | 6 | 36 | (3+(x/9))=7 | 3 x 9 / + 7 = | 3:minute x:minute 9:potato /:minute +:minute 7:minute =:minute
EXPR: 0 | POS | INT | 24 | 6 | 12 | 3=((9+x)/7) | 3 9 x + 7 / = | 3:LENGTH 9:LENGTH x:LENGTH +:LENGTH 7:potato /:LENGTH =:LENGTH
EXPR: 0 | POS | INT | 24 | 6 | 10 | 9=((x-7)*3) | 9 x 7 - 3 * = | 9:LENGTH x:LENGTH 7:LENGTH -:LENGTH 3:minute *:LENGTH =:LENGTH
EXPR: 0 | POS | INT | 24 | 6 | 66 | 3=(x-(9*7)) | 3 x 9 7 * - = | 3:minute x:minute 9:minute 7:potato *:minute -:minute =:minute
EXPR: 0 | POS | INT | 24 | 6 | 13 | (x+(3-9))=7 | x 3 9 - + 7 = | x:potato 3:potato 9:potato -:potato +:potato 7:potato =:potato
EXPR: 0 | POS | INT | 24 | 6 | 1 | (x-(3-9))=7 | x 3 9 - - 7 = | x:potato 3:potato 9:potato -:potato -:potato 7:potato =:potato
EXPR: 0 | POS | INT | 24 | 6 | 189 | (x/3)=(9*7) | x 3 / 9 7 * = | x:LENGTH 3:minute /:LENGTH 9:LENGTH 7:potato *:LENGTH =:LENGTH
EXPR: 0 | POS | INT | 24 | 6 | 5 | (3-(x-9))=7 | 3 x 9 - - 7 = | 3:potato x:potato 9:potato -:potato -:potato 7:potato =:potato
EXPR: 0 | POS | INT | 24 | 6 | 10 | (9/(x-7))=3 | 9 x 7 - / 3 = | 9:potato x:LENGTH 7:LENGTH -:LENGTH /:potato 3:potato =:potato
EXPR: 0 | POS | INT | 24 | 6 | 13 | ((3-9)+x)=7 | 3 9 - x + 7 = | 3:potato 9:potato -:potato x:potato +:potato 7:potato =:potato
EXPR: 0 | POS | INT | 24 | 6 | 84 | 9=((x/7)-3) | 9 x 7 / 3 - = | 9:LENGTH x:LENGTH 7:potato /:LENGTH 3:LENGTH -:LENGTH =:LENGTH
EXPR: 0 | POS | INT | 24 | 6 | 90 | 3=((x/9)-7) | 3 x 9 / 7 - = | 3:LENGTH x:LENGTH 9:potato /:LENGTH 7:LENGTH -:LENGTH =:LENGTH
EXPR: 0 | POS | INT | 24 | 6 | 12 | 3=((x+9)/7) | 3 x 9 + 7 / = | 3:minute x:minute 9:minute +:minute 7:potato /:minute =:minute
EXPR: 0 | POS | INT | 24 | 6 | 42 | 9=((x/7)+3) | 9 x 7 / 3 + = | 9:LENGTH x:LENGTH 7:potato /:LENGTH 3:LENGTH +:LENGTH =:LENGTH
EXPR: 0 | POS | INT | 24 | 6 | 66 | (x-(9*7))=3 | x 9 7 * - 3 = | x:LENGTH 9:LENGTH 7:potato *:LENGTH -:LENGTH 3:LENGTH =:LENGTH
EXPR: 0 | POS | INT | 24 | 6 | 13 | (9-(x-7))=3 | 9 x 7 - - 3 = | 9:potato x:potato 7:potato -:potato -:potato 3:potato =:potato
EXPR: 0 | POS | INT | 24 | 6 | 5 | 9=(x+(7-3)) | 9 x 7 3 - + = | 9:potato x:potato 7:potato 3:potato -:potato +:potato =:potato
EXPR: 0 | POS | INT | 24 | 6 | 1 | 3=(x+(9-7)) | 3 x 9 7 - + = | 3:potato x:potato 9:potato 7:potato -:potato +:potato =:potato
EXPR: 0 | POS | INT | 24 | 6 | 13 | 3=(9+(7-x)) | 3 9 7 x - + = | 3:potato 9:potato 7:potato x:potato -:potato +:potato =:potato
EXPR: 0 | POS | INT | 24 | 6 | 21 | (x*3)=(9*7) | x 3 * 9 7 * = | x:LENGTH 3:minute *:LENGTH 9:LENGTH 7:potato *:LENGTH =:LENGTH
EXPR: 0 | POS | INT | 25 | 6 | 1 | (3+(7-9))=x | 3 7 9 - + x = | 3:potato 7:potato 9:potato -:potato +:potato x:potato =:potato
EXPR: 0 | POS | INT | 25 | 6 | 34 | x=(7+(9*3)) | x 7 9 3 * + = | x:minute 7:minute 9:potato 3:minute *:minute +:minute =:minute
EXPR: 0 | POS | INT | 25 | 6 | 42 | x=(7*(9-3)) | x 7 9 3 - * = | x:LENGTH 7:LENGTH 9:potato 3:potato -:potato *:LENGTH =:LENGTH
EXPR: 0 | POS | INT | 25 | 6 | 90 | ((3+7)*9)=x | 3 7 + 9 * x = | 3:LENGTH 7:LENGTH +:LENGTH 9:potato *:LENGTH x:LENGTH =:LENGTH
EXPR: 0 | POS | INT | 25 | 6 | 42 | (7*(9-3))=x | 7 9 3 - * x = | 7:LENGTH 9:minute 3:minute -:minute *:LENGTH x:LENGTH =:LENGTH
EXPR: 0 | POS | INT | 25 | 6 | 84 | (7*(9+3))=x | 7 9 3 + * x = | 7:potato 9:minute 3:minute +:minute *:minute x:minute =:minute
EXPR: 0 | POS | INT | 25 | 6 | 90 | x=((3+7)*9) | x 3 7 + 9 * = | x:LENGTH 3:minute 7:minute +:minute 9:LENGTH *:LENGTH =:LENGTH
EXPR: 0 | POS | INT | 25 | 6 | 5 | (3-(7-9))=x | 3 7 9 - - x = | 3:potato 7:potato 9:potato -:potato -:potato x:potato =:potato
EXPR: 0 | POS | INT | 25 | 6 | 5 | ((3-7)+9)=x | 3 7 - 9 + x = | 3:potato 7:potato -:potato 9:potato +:potato x:potato =:potato
EXPR: 0 | POS | INT | 25 | 6 | 19 | x=(7+(9+3)) | x 7 9 3 + + = | x:potato 7:potato 9:potato 3:potato +:potato +:potato =:potato
EXPR: 0 | POS | INT | 25 | 6 | 1 | ((7-9)+3)=x | 7 9 - 3 + x = | 7:potato 9:potato -:potato 3:potato +:potato x:potato =:potato
EXPR: 0 | POS | INT | 25 | 6 | 84 | x=(7*(9+3)) | x 7 9 3 + * = | x:minute 7:potato 9:minute 3:minute +:minute *:minute =:minute
EXPR: 0 | POS | INT | 27 | 6 | 10 | (3*(x-7))=9 | 3 x 7 - * 9 = | 3:potato x:LENGTH 7:LENGTH -:LENGTH *:potato 9:potato =:potato
EXPR: 0 | POS | INT | 27 | 6 | 4 | 7=((9/3)+x) | 7 9 3 / x + = | 7:potato 9:potato 3:LENGTH /:potato x:potato +:potato =:potato
EXPR: 0 | POS | INT | 27 | 6 | 13 | 3=(7+(9-x)) | 3 7 9 x - + = | 3:potato 7:potato 9:potato x:potato -:potato +:potato =:potato
EXPR: 0 | POS | INT | 27 | 6 | 60 | ((x+3)/7)=9 | x 3 + 7 / 9 = | x:minute 3:minute +:minute 7:potato /:minute 9:minute =:minute
EXPR: 0 | POS | INT | 27 | 6 | 20 | 3=((x+7)/9) | 3 x 7 + 9 / = | 3:LENGTH x:LENGTH 7:LENGTH +:LENGTH 9:potato /:LENGTH =:LENGTH
EXPR: 0 | POS | INT | 27 | 6 | 34 | 3=((x-7)/9) | 3 x 7 - 9 / = | 3:LENGTH x:LENGTH 7:LENGTH -:LENGTH 9:potato /:LENGTH =:LENGTH
EXPR: 0 | POS | INT | 27 | 6 | 12 | ((3*7)-x)=9 | 3 7 * x - 9 = | 3:minute 7:potato *:minute x:minute -:minute 9:minute =:minute
NET 143 unique, non-negative, integer-valued solutions found out of 1000 total solutions
