parameters: n=7 l=3 k=1 p=5 q=2 m=9
TOTAL 1000 solutions found
SOLN: CORRECT | POS/NEG | INT/FRA | OBJ-SCORE | TRUE-ANS | ANS | INFIX | POSTFIX | TYPED-POSTFIX
EXPR: 1 | POS | INT | 0 | 32 | 32 | ((9-5)*8.0)=x | 9 5 - 8.0 * x = | 9:customer 5:customer -:customer 8.0:money *:money x:money =:money
EXPR: 0 | POS | INT | 0 | 32 | 112 | ((9+5)*8.0)=x | 9 5 + 8.0 * x = | 9:customer 5:customer +:customer 8.0:money *:money x:money =:money
EXPR: 0 | POS | INT | 0 | 32 | 112 | x=((9+5)*8.0) | x 9 5 + 8.0 * = | x:money 9:customer 5:customer +:customer 8.0:money *:money =:money
EXPR: 1 | POS | INT | 0 | 32 | 32 | x=((9-5)*8.0) | x 9 5 - 8.0 * = | x:money 9:customer 5:customer -:customer 8.0:money *:money =:money
EXPR: 0 | POS | INT | 2 | 32 | 112 | (x/(9+5))=8.0 | x 9 5 + / 8.0 = | x:money 9:customer 5:customer +:customer /:money 8.0:money =:money
EXPR: 1 | POS | INT | 2 | 32 | 32 | (x/(9-5))=8.0 | x 9 5 - / 8.0 = | x:money 9:customer 5:customer -:customer /:money 8.0:money =:money
EXPR: 0 | POS | INT | 2 | 32 | 2 | (x*(9-5))=8.0 | x 9 5 - * 8.0 = | x:money 9:customer 5:customer -:customer *:money 8.0:money =:money
EXPR: 0 | POS | INT | 2 | 32 | 2 | ((9-5)*x)=8.0 | 9 5 - x * 8.0 = | 9:customer 5:customer -:customer x:money *:money 8.0:money =:money
EXPR: 0 | POS | INT | 5 | 32 | 2 | x=(8.0/(9-5)) | x 8.0 9 5 - / = | x:money 8.0:money 9:customer 5:customer -:customer /:money =:money
EXPR: 1 | POS | INT | 5 | 32 | 32 | x=(8.0*(9-5)) | x 8.0 9 5 - * = | x:money 8.0:money 9:customer 5:customer -:customer *:money =:money
EXPR: 0 | POS | INT | 5 | 32 | 112 | x=(8.0*(9+5)) | x 8.0 9 5 + * = | x:money 8.0:money 9:customer 5:customer +:customer *:money =:money
EXPR: 0 | POS | INT | 5 | 32 | 2 | (8.0/(9-5))=x | 8.0 9 5 - / x = | 8.0:money 9:customer 5:customer -:customer /:money x:money =:money
EXPR: 1 | POS | INT | 5 | 32 | 32 | (8.0*(9-5))=x | 8.0 9 5 - * x = | 8.0:money 9:customer 5:customer -:customer *:money x:money =:money
EXPR: 0 | POS | INT | 5 | 32 | 112 | (8.0*(9+5))=x | 8.0 9 5 + * x = | 8.0:money 9:customer 5:customer +:customer *:money x:money =:money
EXPR: 0 | POS | INT | 7 | 32 | 2 | 8.0=((9-5)*x) | 8.0 9 5 - x * = | 8.0:money 9:customer 5:customer -:customer x:money *:money =:money
EXPR: 0 | POS | INT | 7 | 32 | 112 | 8.0=(x/(9+5)) | 8.0 x 9 5 + / = | 8.0:money x:money 9:customer 5:customer +:customer /:money =:money
EXPR: 0 | POS | INT | 10 | 32 | 53 | x=((9*5)+8.0) | x 9 5 * 8.0 + = | x:money 9:customer 5:money *:money 8.0:money +:money =:money
EXPR: 0 | POS | INT | 10 | 32 | 117 | (9*(5+8.0))=x | 9 5 8.0 + * x = | 9:customer 5:money 8.0:money +:money *:money x:money =:money
EXPR: 0 | POS | INT | 10 | 32 | 49 | (9+(5*8.0))=x | 9 5 8.0 * + x = | 9:money 5:customer 8.0:money *:money +:money x:money =:money
EXPR: 0 | POS | INT | 10 | 32 | 53 | ((9*5)+8.0)=x | 9 5 * 8.0 + x = | 9:money 5:customer *:money 8.0:money +:money x:money =:money
EXPR: 0 | POS | INT | 10 | 32 | 37 | ((9*5)-8.0)=x | 9 5 * 8.0 - x = | 9:money 5:customer *:money 8.0:money -:money x:money =:money
EXPR: 0 | POS | INT | 10 | 32 | 49 | x=(9+(5*8.0)) | x 9 5 8.0 * + = | x:money 9:money 5:customer 8.0:money *:money +:money =:money
EXPR: 0 | POS | INT | 10 | 32 | 37 | x=((9*5)-8.0) | x 9 5 * 8.0 - = | x:money 9:customer 5:money *:money 8.0:money -:money =:money
EXPR: 0 | POS | INT | 10 | 32 | 117 | x=(9*(5+8.0)) | x 9 5 8.0 + * = | x:money 9:customer 5:money 8.0:money +:money *:money =:money
EXPR: 0 | POS | INT | 12 | 32 | 5 | x=(5*(9-8.0)) | x 5 9 8.0 - * = | x:money 5:customer 9:money 8.0:money -:money *:money =:money
EXPR: 0 | POS | INT | 12 | 32 | 85 | x=(5*(9+8.0)) | x 5 9 8.0 + * = | x:money 5:customer 9:money 8.0:money +:money *:money =:money
EXPR: 0 | POS | INT | 12 | 32 | 37 | ((9*5)-x)=8.0 | 9 5 * x - 8.0 = | 9:customer 5:money *:money x:money -:money 8.0:money =:money
EXPR: 0 | POS | INT | 12 | 32 | 77 | x=((9*8.0)+5) | x 9 8.0 * 5 + = | x:money 9:customer 8.0:money *:money 5:money +:money =:money
EXPR: 0 | POS | INT | 12 | 32 | 67 | x=((9*8.0)-5) | x 9 8.0 * 5 - = | x:money 9:customer 8.0:money *:money 5:money -:money =:money
EXPR: 0 | POS | INT | 12 | 32 | 67 | ((9*8.0)-5)=x | 9 8.0 * 5 - x = | 9:customer 8.0:money *:money 5:money -:money x:money =:money
EXPR: 0 | POS | INT | 12 | 32 | 53 | (x-(9*5))=8.0 | x 9 5 * - 8.0 = | x:money 9:money 5:customer *:money -:money 8.0:money =:money
EXPR: 0 | POS | INT | 12 | 32 | 5 | (9-(5/x))=8.0 | 9 5 x / - 8.0 = | 9:customer 5:customer x:money /:customer -:customer 8.0:customer =:customer
EXPR: 0 | POS | INT | 12 | 32 | 77 | 9=((x-5)/8.0) | 9 x 5 - 8.0 / = | 9:customer x:customer 5:customer -:customer 8.0:money /:customer =:customer
EXPR: 0 | POS | INT | 12 | 32 | 67 | 9=((x+5)/8.0) | 9 x 5 + 8.0 / = | 9:customer x:customer 5:customer +:customer 8.0:money /:customer =:customer
EXPR: 0 | POS | INT | 12 | 32 | 77 | ((9*8.0)+5)=x | 9 8.0 * 5 + x = | 9:customer 8.0:money *:money 5:money +:money x:money =:money
EXPR: 0 | POS | INT | 12 | 32 | 3 | ((9/x)+5)=8.0 | 9 x / 5 + 8.0 = | 9:customer x:money /:customer 5:customer +:customer 8.0:customer =:customer
EXPR: 1 | POS | INT | 12 | 32 | 32 | 9=(5+(x/8.0)) | 9 5 x 8.0 / + = | 9:customer 5:customer x:customer 8.0:money /:customer +:customer =:customer
EXPR: 0 | POS | INT | 12 | 32 | 85 | x=((9+8.0)*5) | x 9 8.0 + 5 * = | x:money 9:money 8.0:money +:money 5:customer *:money =:money
EXPR: 0 | POS | INT | 12 | 32 | 31 | ((9+x)/5)=8.0 | 9 x + 5 / 8.0 = | 9:money x:money +:money 5:customer /:money 8.0:money =:money
EXPR: 0 | POS | INT | 12 | 32 | 77 | (5+(9*8.0))=x | 5 9 8.0 * + x = | 5:money 9:customer 8.0:money *:money +:money x:money =:money
EXPR: 0 | POS | INT | 12 | 32 | 5 | (9-(x/5))=8.0 | 9 x 5 / - 8.0 = | 9:money x:money 5:customer /:money -:money 8.0:money =:money
EXPR: 0 | POS | INT | 12 | 32 | 5 | x=((9-8.0)*5) | x 9 8.0 - 5 * = | x:money 9:money 8.0:money -:money 5:customer *:money =:money
EXPR: 0 | POS | INT | 12 | 32 | 5 | (5*(9-8.0))=x | 5 9 8.0 - * x = | 5:customer 9:money 8.0:money -:money *:money x:money =:money
EXPR: 0 | POS | INT | 12 | 32 | 85 | (5*(9+8.0))=x | 5 9 8.0 + * x = | 5:customer 9:money 8.0:money +:money *:money x:money =:money
EXPR: 0 | POS | INT | 12 | 32 | 360 | (x/9)=(5*8.0) | x 9 / 5 8.0 * = | x:money 9:customer /:money 5:customer 8.0:money *:money =:money
EXPR: 0 | POS | INT | 12 | 32 | 31 | ((x+9)/5)=8.0 | x 9 + 5 / 8.0 = | x:money 9:money +:money 5:customer /:money 8.0:money =:money
EXPR: 0 | POS | INT | 12 | 32 | 5 | 9=((5/x)+8.0) | 9 5 x / 8.0 + = | 9:customer 5:customer x:money /:customer 8.0:customer +:customer =:customer
EXPR: 0 | POS | INT | 12 | 32 | 49 | 9=(x-(5*8.0)) | 9 x 5 8.0 * - = | 9:customer x:customer 5:customer 8.0:money *:customer -:customer =:customer
EXPR: 0 | POS | INT | 12 | 32 | 5 | 9=((x/5)+8.0) | 9 x 5 / 8.0 + = | 9:money x:money 5:customer /:money 8.0:money +:money =:money
EXPR: 0 | POS | INT | 12 | 32 | 77 | x=(5+(9*8.0)) | x 5 9 8.0 * + = | x:customer 5:customer 9:customer 8.0:money *:customer +:customer =:customer
EXPR: 0 | POS | INT | 12 | 32 | 27 | (9*(8.0-5))=x | 9 8.0 5 - * x = | 9:customer 8.0:money 5:money -:money *:money x:money =:money
EXPR: 0 | POS | INT | 12 | 32 | 5 | ((9-8.0)*5)=x | 9 8.0 - 5 * x = | 9:money 8.0:money -:money 5:customer *:money x:money =:money
EXPR: 0 | POS | INT | 12 | 32 | 85 | ((9+8.0)*5)=x | 9 8.0 + 5 * x = | 9:money 8.0:money +:money 5:customer *:money x:money =:money
EXPR: 0 | POS | INT | 12 | 32 | 2 | 9=(5+(8.0/x)) | 9 5 8.0 x / + = | 9:customer 5:customer 8.0:customer x:money /:customer +:customer =:customer
EXPR: 0 | POS | INT | 12 | 32 | 27 | x=(9*(8.0-5)) | x 9 8.0 5 - * = | x:money 9:customer 8.0:money 5:money -:money *:money =:money
EXPR: 0 | POS | INT | 12 | 32 | 85 | 9=((x/5)-8.0) | 9 x 5 / 8.0 - = | 9:money x:money 5:customer /:money 8.0:money -:money =:money
EXPR: 0 | POS | INT | 12 | 32 | 117 | ((x/9)-5)=8.0 | x 9 / 5 - 8.0 = | x:money 9:customer /:money 5:money -:money 8.0:money =:money
EXPR: 0 | POS | INT | 12 | 32 | 27 | ((x/9)+5)=8.0 | x 9 / 5 + 8.0 = | x:money 9:customer /:money 5:money +:money 8.0:money =:money
EXPR: 0 | POS | INT | 12 | 32 | 31 | 9=((5*8.0)-x) | 9 5 8.0 * x - = | 9:customer 5:customer 8.0:money *:customer x:customer -:customer =:customer
EXPR: 0 | POS | INT | 12 | 32 | 67 | 9=((5+x)/8.0) | 9 5 x + 8.0 / = | 9:customer 5:customer x:customer +:customer 8.0:money /:customer =:customer
EXPR: 0 | POS | INT | 12 | 32 | 49 | ((x-9)/5)=8.0 | x 9 - 5 / 8.0 = | x:money 9:money -:money 5:customer /:money 8.0:money =:money
EXPR: 0 | POS | INT | 14 | 32 | 67 | ((9*8.0)-x)=5 | 9 8.0 * x - 5 = | 9:customer 8.0:money *:money x:money -:money 5:money =:money
EXPR: 0 | POS | INT | 14 | 32 | 31 | ((9+x)/8.0)=5 | 9 x + 8.0 / 5 = | 9:customer x:customer +:customer 8.0:money /:customer 5:customer =:customer
EXPR: 0 | POS | INT | 14 | 32 | 5 | ((9-8.0)*x)=5 | 9 8.0 - x * 5 = | 9:customer 8.0:customer -:customer x:money *:customer 5:customer =:customer
EXPR: 0 | POS | INT | 14 | 32 | 5 | 9=(8.0+(5/x)) | 9 8.0 5 x / + = | 9:customer 8.0:customer 5:customer x:money /:customer +:customer =:customer
EXPR: 0 | POS | INT | 14 | 32 | 27 | (5+(x/9))=8.0 | 5 x 9 / + 8.0 = | 5:money x:money 9:customer /:money +:money 8.0:money =:money
EXPR: 0 | POS | INT | 14 | 32 | 67 | ((x+5)/9)=8.0 | x 5 + 9 / 8.0 = | x:money 5:money +:money 9:customer /:money 8.0:money =:money
EXPR: 0 | POS | INT | 14 | 32 | 77 | ((x-5)/9)=8.0 | x 5 - 9 / 8.0 = | x:money 5:money -:money 9:customer /:money 8.0:money =:money
EXPR: 0 | POS | INT | 14 | 32 | 360 | (x/5)=(9*8.0) | x 5 / 9 8.0 * = | x:money 5:customer /:money 9:customer 8.0:money *:money =:money
EXPR: 0 | POS | INT | 14 | 32 | 31 | ((x+9)/8.0)=5 | x 9 + 8.0 / 5 = | x:customer 9:customer +:customer 8.0:money /:customer 5:customer =:customer
EXPR: 0 | POS | INT | 14 | 32 | 5 | (x*(9-8.0))=5 | x 9 8.0 - * 5 = | x:money 9:customer 8.0:customer -:customer *:customer 5:customer =:customer
EXPR: 0 | POS | INT | 14 | 32 | 117 | 5=((x/9)-8.0) | 5 x 9 / 8.0 - = | 5:money x:money 9:customer /:money 8.0:money -:money =:money
EXPR: 0 | POS | INT | 14 | 32 | 77 | (x-(9*8.0))=5 | x 9 8.0 * - 5 = | x:customer 9:customer 8.0:money *:customer -:customer 5:customer =:customer
EXPR: 0 | POS | INT | 14 | 32 | 5 | 9=(8.0+(x/5)) | 9 8.0 x 5 / + = | 9:money 8.0:money x:money 5:customer /:money +:money =:money
EXPR: 0 | POS | INT | 14 | 32 | 49 | ((x-9)/8.0)=5 | x 9 - 8.0 / 5 = | x:customer 9:customer -:customer 8.0:money /:customer 5:customer =:customer
EXPR: 0 | POS | INT | 14 | 32 | 67 | ((5+x)/9)=8.0 | 5 x + 9 / 8.0 = | 5:money x:money +:money 9:customer /:money 8.0:money =:money
EXPR: 0 | POS | INT | 14 | 32 | 77 | 5=(x-(9*8.0)) | 5 x 9 8.0 * - = | 5:money x:money 9:customer 8.0:money *:money -:money =:money
EXPR: 0 | POS | INT | 14 | 32 | 2 | 5=(9-(8.0/x)) | 5 9 8.0 x / - = | 5:customer 9:customer 8.0:customer x:money /:customer -:customer =:customer
EXPR: 1 | POS | INT | 14 | 32 | 32 | (9-(x/8.0))=5 | 9 x 8.0 / - 5 = | 9:customer x:customer 8.0:money /:customer -:customer 5:customer =:customer
EXPR: 1 | POS | INT | 14 | 32 | 32 | 5=(9-(x/8.0)) | 5 9 x 8.0 / - = | 5:customer 9:customer x:customer 8.0:money /:customer -:customer =:customer
EXPR: 0 | POS | INT | 14 | 32 | 37 | 9=((8.0+x)/5) | 9 8.0 x + 5 / = | 9:money 8.0:money x:money +:money 5:customer /:money =:money
EXPR: 0 | POS | INT | 14 | 32 | 37 | 9=((x+8.0)/5) | 9 x 8.0 + 5 / = | 9:money x:money 8.0:money +:money 5:customer /:money =:money
EXPR: 0 | POS | INT | 14 | 32 | 53 | 9=((x-8.0)/5) | 9 x 8.0 - 5 / = | 9:money x:money 8.0:money -:money 5:customer /:money =:money
EXPR: 0 | POS | INT | 14 | 32 | 67 | 5=((9*8.0)-x) | 5 9 8.0 * x - = | 5:customer 9:customer 8.0:money *:customer x:customer -:customer =:customer
EXPR: 0 | POS | INT | 14 | 32 | 3 | 9=((8.0-5)*x) | 9 8.0 5 - x * = | 9:customer 8.0:customer 5:customer -:customer x:money *:customer =:customer
EXPR: 0 | POS | INT | 14 | 32 | 3 | (5+(9/x))=8.0 | 5 9 x / + 8.0 = | 5:customer 9:customer x:money /:customer +:customer 8.0:customer =:customer
EXPR: 0 | POS | INT | 14 | 32 | 117 | ((x/9)-8.0)=5 | x 9 / 8.0 - 5 = | x:money 9:customer /:money 8.0:money -:money 5:money =:money
EXPR: 0 | POS | INT | 14 | 32 | 5 | 5=((9-8.0)*x) | 5 9 8.0 - x * = | 5:customer 9:customer 8.0:customer -:customer x:money *:customer =:customer
EXPR: 0 | POS | INT | 14 | 32 | 360 | (9*8.0)=(x/5) | 9 8.0 * x 5 / = | 9:customer 8.0:money *:money x:money 5:customer /:money =:money
EXPR: 0 | POS | INT | 14 | 32 | 5 | 5=(x*(9-8.0)) | 5 x 9 8.0 - * = | 5:customer x:money 9:customer 8.0:customer -:customer *:customer =:customer
EXPR: 1 | POS | INT | 14 | 32 | 32 | 9=((x/8.0)+5) | 9 x 8.0 / 5 + = | 9:customer x:customer 8.0:money /:customer 5:customer +:customer =:customer
EXPR: 0 | POS | INT | 14 | 32 | 31 | 5=((9+x)/8.0) | 5 9 x + 8.0 / = | 5:customer 9:customer x:customer +:customer 8.0:money /:customer =:customer
EXPR: 0 | POS | INT | 14 | 32 | 31 | 5=((x+9)/8.0) | 5 x 9 + 8.0 / = | 5:customer x:customer 9:customer +:customer 8.0:money /:customer =:customer
EXPR: 0 | POS | INT | 14 | 32 | 85 | ((x/5)-9)=8.0 | x 5 / 9 - 8.0 = | x:money 5:customer /:money 9:money -:money 8.0:money =:money
EXPR: 0 | POS | INT | 14 | 32 | 3 | 9=(x*(8.0-5)) | 9 x 8.0 5 - * = | 9:customer x:money 8.0:customer 5:customer -:customer *:customer =:customer
EXPR: 0 | POS | INT | 14 | 32 | 112 | 9=((x/8.0)-5) | 9 x 8.0 / 5 - = | 9:customer x:customer 8.0:money /:customer 5:customer -:customer =:customer
EXPR: 0 | POS | INT | 14 | 32 | 2 | 9=((8.0/x)+5) | 9 8.0 x / 5 + = | 9:customer 8.0:customer x:money /:customer 5:customer +:customer =:customer
EXPR: 0 | POS | INT | 14 | 32 | 2 | (9-(8.0/x))=5 | 9 8.0 x / - 5 = | 9:customer 8.0:customer x:money /:customer -:customer 5:customer =:customer
EXPR: 0 | POS | INT | 14 | 32 | 49 | 5=((x-9)/8.0) | 5 x 9 - 8.0 / = | 5:customer x:customer 9:customer -:customer 8.0:money /:customer =:customer
EXPR: 0 | POS | INT | 15 | 32 | 53 | x=(8.0+(9*5)) | x 8.0 9 5 * + = | x:money 8.0:money 9:customer 5:money *:money +:money =:money
EXPR: 0 | POS | INT | 15 | 32 | 31 | ((5*8.0)-9)=x | 5 8.0 * 9 - x = | 5:customer 8.0:money *:customer 9:customer -:customer x:customer =:customer
EXPR: 0 | POS | INT | 15 | 32 | 49 | x=((5*8.0)+9) | x 5 8.0 * 9 + = | x:money 5:customer 8.0:money *:money 9:money +:money =:money
EXPR: 0 | POS | INT | 15 | 32 | 31 | x=((5*8.0)-9) | x 5 8.0 * 9 - = | x:money 5:customer 8.0:money *:money 9:money -:money =:money
EXPR: 0 | POS | INT | 15 | 32 | 49 | ((5*8.0)+9)=x | 5 8.0 * 9 + x = | 5:customer 8.0:money *:customer 9:customer +:customer x:customer =:customer
EXPR: 0 | POS | INT | 15 | 32 | 53 | (8.0+(9*5))=x | 8.0 9 5 * + x = | 8.0:money 9:money 5:customer *:money +:money x:money =:money
EXPR: 0 | POS | INT | 15 | 32 | 117 | ((5+8.0)*9)=x | 5 8.0 + 9 * x = | 5:money 8.0:money +:money 9:customer *:money x:money =:money
EXPR: 0 | POS | INT | 15 | 32 | 117 | x=((5+8.0)*9) | x 5 8.0 + 9 * = | x:money 5:money 8.0:money +:money 9:customer *:money =:money
EXPR: 0 | POS | INT | 17 | 32 | 27 | ((8.0-5)*9)=x | 8.0 5 - 9 * x = | 8.0:money 5:money -:money 9:customer *:money x:money =:money
EXPR: 0 | POS | INT | 17 | 32 | 27 | (8.0-(x/9))=5 | 8.0 x 9 / - 5 = | 8.0:money x:money 9:customer /:money -:money 5:money =:money
EXPR: 0 | POS | INT | 17 | 32 | 31 | ((5*8.0)-x)=9 | 5 8.0 * x - 9 = | 5:customer 8.0:money *:money x:money -:money 9:money =:money
EXPR: 0 | POS | INT | 17 | 32 | 85 | ((x/5)-8.0)=9 | x 5 / 8.0 - 9 = | x:money 5:customer /:money 8.0:money -:money 9:money =:money
EXPR: 1 | POS | INT | 17 | 32 | 32 | (5+(x/8.0))=9 | 5 x 8.0 / + 9 = | 5:customer x:customer 8.0:money /:customer +:customer 9:customer =:customer
EXPR: 0 | POS | INT | 17 | 32 | 2 | (5+(8.0/x))=9 | 5 8.0 x / + 9 = | 5:customer 8.0:customer x:money /:customer +:customer 9:customer =:customer
EXPR: 0 | POS | INT | 17 | 32 | 53 | 8.0=(x-(9*5)) | 8.0 x 9 5 * - = | 8.0:money x:money 9:customer 5:money *:money -:money =:money
EXPR: 0 | POS | INT | 17 | 32 | 27 | 8.0=((x/9)+5) | 8.0 x 9 / 5 + = | 8.0:money x:money 9:customer /:money 5:money +:money =:money
EXPR: 0 | POS | INT | 17 | 32 | 37 | 8.0=((9*5)-x) | 8.0 9 5 * x - = | 8.0:money 9:money 5:customer *:money x:money -:money =:money
EXPR: 0 | POS | INT | 17 | 32 | 5 | ((x/5)+8.0)=9 | x 5 / 8.0 + 9 = | x:money 5:customer /:money 8.0:money +:money 9:money =:money
EXPR: 0 | POS | INT | 17 | 32 | 37 | ((8.0+x)/9)=5 | 8.0 x + 9 / 5 = | 8.0:money x:money +:money 9:customer /:money 5:money =:money
EXPR: 0 | POS | INT | 17 | 32 | 49 | (x-(5*8.0))=9 | x 5 8.0 * - 9 = | x:customer 5:customer 8.0:money *:customer -:customer 9:customer =:customer
EXPR: 0 | POS | INT | 17 | 32 | 27 | x=((8.0-5)*9) | x 8.0 5 - 9 * = | x:money 8.0:money 5:money -:money 9:customer *:money =:money
EXPR: 0 | POS | INT | 17 | 32 | 67 | ((5+x)/8.0)=9 | 5 x + 8.0 / 9 = | 5:customer x:customer +:customer 8.0:money /:customer 9:customer =:customer
EXPR: 0 | POS | INT | 17 | 32 | 3 | 8.0=((9/x)+5) | 8.0 9 x / 5 + = | 8.0:customer 9:customer x:money /:customer 5:customer +:customer =:customer
EXPR: 0 | POS | INT | 17 | 32 | 37 | ((x+8.0)/9)=5 | x 8.0 + 9 / 5 = | x:money 8.0:money +:money 9:customer /:money 5:money =:money
EXPR: 0 | POS | INT | 17 | 32 | 67 | ((x+5)/8.0)=9 | x 5 + 8.0 / 9 = | x:customer 5:customer +:customer 8.0:money /:customer 9:customer =:customer
EXPR: 0 | POS | INT | 17 | 32 | 3 | (8.0-(9/x))=5 | 8.0 9 x / - 5 = | 8.0:customer 9:customer x:money /:customer -:customer 5:customer =:customer
EXPR: 0 | POS | INT | 17 | 32 | 5 | 8.0=(9-(5/x)) | 8.0 9 5 x / - = | 8.0:customer 9:customer 5:customer x:money /:customer -:customer =:customer
EXPR: 0 | POS | INT | 17 | 32 | 53 | ((x-8.0)/9)=5 | x 8.0 - 9 / 5 = | x:money 8.0:money -:money 9:customer /:money 5:money =:money
EXPR: 0 | POS | INT | 17 | 32 | 360 | (5*8.0)=(x/9) | 5 8.0 * x 9 / = | 5:customer 8.0:money *:money x:money 9:customer /:money =:money
EXPR: 0 | POS | INT | 17 | 32 | 112 | ((x/8.0)-9)=5 | x 8.0 / 9 - 5 = | x:customer 8.0:money /:customer 9:customer -:customer 5:customer =:customer
EXPR: 0 | POS | INT | 17 | 32 | 37 | 5=((x+8.0)/9) | 5 x 8.0 + 9 / = | 5:money x:money 8.0:money +:money 9:customer /:money =:money
EXPR: 0 | POS | INT | 17 | 32 | 53 | 5=((x-8.0)/9) | 5 x 8.0 - 9 / = | 5:money x:money 8.0:money -:money 9:customer /:money =:money
EXPR: 0 | POS | INT | 17 | 32 | 5 | ((5/x)+8.0)=9 | 5 x / 8.0 + 9 = | 5:customer x:money /:customer 8.0:customer +:customer 9:customer =:customer
EXPR: 0 | POS | INT | 17 | 32 | 49 | 8.0=((x-9)/5) | 8.0 x 9 - 5 / = | 8.0:money x:money 9:money -:money 5:customer /:money =:money
EXPR: 0 | POS | INT | 17 | 32 | 31 | 8.0=((x+9)/5) | 8.0 x 9 + 5 / = | 8.0:money x:money 9:money +:money 5:customer /:money =:money
EXPR: 0 | POS | INT | 17 | 32 | 31 | 8.0=((9+x)/5) | 8.0 9 x + 5 / = | 8.0:money 9:money x:money +:money 5:customer /:money =:money
EXPR: 0 | POS | INT | 17 | 32 | 117 | 8.0=((x/9)-5) | 8.0 x 9 / 5 - = | 8.0:money x:money 9:customer /:money 5:money -:money =:money
EXPR: 0 | POS | INT | 17 | 32 | 77 | ((x-5)/8.0)=9 | x 5 - 8.0 / 9 = | x:customer 5:customer -:customer 8.0:money /:customer 9:customer =:customer
EXPR: 0 | POS | INT | 17 | 32 | 3 | 5=(8.0-(9/x)) | 5 8.0 9 x / - = | 5:customer 8.0:customer 9:customer x:money /:customer -:customer =:customer
EXPR: 0 | POS | INT | 17 | 32 | 27 | 5=(8.0-(x/9)) | 5 8.0 x 9 / - = | 5:money 8.0:money x:money 9:customer /:money -:money =:money
EXPR: 0 | POS | INT | 17 | 32 | 37 | 5=((8.0+x)/9) | 5 8.0 x + 9 / = | 5:money 8.0:money x:money +:money 9:customer /:money =:money
EXPR: 0 | POS | INT | 17 | 32 | 112 | 5=((x/8.0)-9) | 5 x 8.0 / 9 - = | 5:customer x:customer 8.0:money /:customer 9:customer -:customer =:customer
EXPR: 0 | POS | INT | 17 | 32 | 5 | 8.0=(9-(x/5)) | 8.0 9 x 5 / - = | 8.0:money 9:money x:money 5:customer /:money -:money =:money
EXPR: 0 | POS | INT | 19 | 32 | 5 | (8.0+(5/x))=9 | 8.0 5 x / + 9 = | 8.0:customer 5:customer x:money /:customer +:customer 9:customer =:customer
EXPR: 0 | POS | INT | 19 | 32 | 3 | 8.0=(5+(9/x)) | 8.0 5 9 x / + = | 8.0:customer 5:customer 9:customer x:money /:customer +:customer =:customer
EXPR: 0 | POS | INT | 19 | 32 | 3 | (x*(8.0-5))=9 | x 8.0 5 - * 9 = | x:money 8.0:customer 5:customer -:customer *:customer 9:customer =:customer
EXPR: 0 | POS | INT | 19 | 32 | 5 | (8.0+(x/5))=9 | 8.0 x 5 / + 9 = | 8.0:money x:money 5:customer /:money +:money 9:money =:money
EXPR: 0 | POS | INT | 19 | 32 | 85 | 8.0=((x/5)-9) | 8.0 x 5 / 9 - = | 8.0:money x:money 5:customer /:money 9:money -:money =:money
EXPR: 0 | POS | INT | 19 | 32 | 37 | ((8.0+x)/5)=9 | 8.0 x + 5 / 9 = | 8.0:money x:money +:money 5:customer /:money 9:money =:money
EXPR: 0 | POS | INT | 19 | 32 | 37 | ((x+8.0)/5)=9 | x 8.0 + 5 / 9 = | x:money 8.0:money +:money 5:customer /:money 9:money =:money
EXPR: 0 | POS | INT | 19 | 32 | 67 | 8.0=((5+x)/9) | 8.0 5 x + 9 / = | 8.0:money 5:money x:money +:money 9:customer /:money =:money
EXPR: 0 | POS | INT | 19 | 32 | 53 | ((x-8.0)/5)=9 | x 8.0 - 5 / 9 = | x:money 8.0:money -:money 5:customer /:money 9:money =:money
EXPR: 0 | POS | INT | 19 | 32 | 112 | ((x/8.0)-5)=9 | x 8.0 / 5 - 9 = | x:customer 8.0:money /:customer 5:customer -:customer 9:customer =:customer
EXPR: 1 | POS | INT | 19 | 32 | 32 | ((x/8.0)+5)=9 | x 8.0 / 5 + 9 = | x:customer 8.0:money /:customer 5:customer +:customer 9:customer =:customer
EXPR: 0 | POS | INT | 19 | 32 | 3 | ((8.0-5)*x)=9 | 8.0 5 - x * 9 = | 8.0:customer 5:customer -:customer x:money *:customer 9:customer =:customer
EXPR: 0 | POS | INT | 19 | 32 | 2 | ((8.0/x)+5)=9 | 8.0 x / 5 + 9 = | 8.0:customer x:money /:customer 5:customer +:customer 9:customer =:customer
EXPR: 0 | POS | INT | 19 | 32 | 27 | 8.0=(5+(x/9)) | 8.0 5 x 9 / + = | 8.0:money 5:money x:money 9:customer /:money +:money =:money
EXPR: 0 | POS | INT | 19 | 32 | 77 | 8.0=((x-5)/9) | 8.0 x 5 - 9 / = | 8.0:money x:money 5:money -:money 9:customer /:money =:money
EXPR: 0 | POS | INT | 19 | 32 | 67 | 8.0=((x+5)/9) | 8.0 x 5 + 9 / = | 8.0:money x:money 5:money +:money 9:customer /:money =:money
EXPR: 0 | POS | INT | 20 | 32 | 12 | (9-(5-8.0))=x | 9 5 8.0 - - x = | 9:customer 5:customer 8.0:customer -:customer -:customer x:customer =:customer
EXPR: 0 | POS | INT | 20 | 32 | 6 | (9+(5-8.0))=x | 9 5 8.0 - + x = | 9:money 5:money 8.0:money -:money +:money x:money =:money
EXPR: 0 | POS | INT | 20 | 32 | 22 | ((9+5)+8.0)=x | 9 5 + 8.0 + x = | 9:customer 5:customer +:customer 8.0:customer +:customer x:customer =:customer
EXPR: 0 | POS | INT | 20 | 32 | 12 | ((9-5)+8.0)=x | 9 5 - 8.0 + x = | 9:money 5:money -:money 8.0:money +:money x:money =:money
NET 162 unique, non-negative, integer-valued solutions found out of 1000 total solutions
