parameters: n=7 l=3 k=1 p=5 q=3 m=9
TOTAL 1000 solutions found
SOLN: CORRECT | POS/NEG | INT/FRA | OBJ-SCORE | TRUE-ANS | ANS | INFIX | POSTFIX | TYPED-POSTFIX
EXPR: 0 | POS | INT | 10 | 42 | 62 | ((5*11)+7)=x | 5 11 * 7 + x = | 5:brownie 11:cup *:cup 7:cup +:cup x:cup =:cup
EXPR: 0 | POS | INT | 10 | 42 | 90 | x=(5*(11+7)) | x 5 11 7 + * = | x:cup 5:brownie 11:cup 7:cup +:cup *:cup =:cup
EXPR: 0 | POS | INT | 10 | 42 | 62 | x=((5*11)+7) | x 5 11 * 7 + = | x:cup 5:cup 11:total *:cup 7:cup +:cup =:cup
EXPR: 0 | POS | INT | 10 | 42 | 82 | x=(5+(11*7)) | x 5 11 7 * + = | x:cup 5:cup 11:total 7:cup *:cup +:cup =:cup
EXPR: 0 | POS | INT | 10 | 42 | 112 | x=((5+11)*7) | x 5 11 + 7 * = | x:cup 5:brownie 11:brownie +:brownie 7:cup *:cup =:cup
EXPR: 0 | POS | INT | 10 | 42 | 48 | x=((5*11)-7) | x 5 11 * 7 - = | x:cup 5:cup 11:total *:cup 7:cup -:cup =:cup
EXPR: 0 | POS | INT | 10 | 42 | 20 | x=(5*(11-7)) | x 5 11 7 - * = | x:cup 5:brownie 11:cup 7:cup -:cup *:cup =:cup
EXPR: 0 | POS | INT | 10 | 42 | 112 | ((5+11)*7)=x | 5 11 + 7 * x = | 5:total 11:total +:total 7:cup *:cup x:cup =:cup
EXPR: 0 | POS | INT | 10 | 42 | 48 | ((5*11)-7)=x | 5 11 * 7 - x = | 5:cup 11:total *:cup 7:cup -:cup x:cup =:cup
EXPR: 0 | POS | INT | 10 | 42 | 90 | (5*(11+7))=x | 5 11 7 + * x = | 5:brownie 11:cup 7:cup +:cup *:cup x:cup =:cup
EXPR: 0 | POS | INT | 10 | 42 | 20 | (5*(11-7))=x | 5 11 7 - * x = | 5:brownie 11:cup 7:cup -:cup *:cup x:cup =:cup
EXPR: 0 | POS | INT | 10 | 42 | 82 | (5+(11*7))=x | 5 11 7 * + x = | 5:cup 11:total 7:cup *:cup +:cup x:cup =:cup
EXPR: 0 | POS | INT | 12 | 42 | 46 | ((5*7)+11)=x | 5 7 * 11 + x = | 5:brownie 7:cup *:cup 11:cup +:cup x:cup =:cup
EXPR: 0 | POS | INT | 12 | 42 | 22 | (5+(x/11))=7 | 5 x 11 / + 7 = | 5:cup x:cup 11:total /:cup +:cup 7:cup =:cup
EXPR: 0 | POS | INT | 12 | 42 | 46 | x=((5*7)+11) | x 5 7 * 11 + = | x:cup 5:brownie 7:cup *:cup 11:cup +:cup =:cup
EXPR: 0 | POS | INT | 12 | 42 | 48 | ((5*11)-x)=7 | 5 11 * x - 7 = | 5:cup 11:total *:cup x:cup -:cup 7:cup =:cup
EXPR: 0 | POS | INT | 12 | 42 | 132 | (11*(5+7))=x | 11 5 7 + * x = | 11:total 5:cup 7:cup +:cup *:cup x:cup =:cup
EXPR: 0 | POS | INT | 12 | 42 | 112 | (x/(5+11))=7 | x 5 11 + / 7 = | x:cup 5:brownie 11:brownie +:brownie /:cup 7:cup =:cup
EXPR: 0 | POS | INT | 12 | 42 | 132 | ((5+7)*11)=x | 5 7 + 11 * x = | 5:cup 7:cup +:cup 11:total *:cup x:cup =:cup
EXPR: 1 | POS | INT | 12 | 42 | 42 | x=((11-5)*7) | x 11 5 - 7 * = | x:cup 11:brownie 5:brownie -:brownie 7:cup *:cup =:cup
EXPR: 0 | POS | INT | 12 | 42 | 385 | (x/5)=(11*7) | x 5 / 11 7 * = | x:cup 5:brownie /:cup 11:total 7:cup *:cup =:cup
EXPR: 0 | POS | INT | 12 | 42 | 72 | ((5+x)/11)=7 | 5 x + 11 / 7 = | 5:cup x:cup +:cup 11:total /:cup 7:cup =:cup
EXPR: 0 | POS | INT | 12 | 42 | 82 | 5=(x-(11*7)) | 5 x 11 7 * - = | 5:cup x:cup 11:total 7:cup *:cup -:cup =:cup
EXPR: 1 | POS | INT | 12 | 42 | 42 | ((11-5)*7)=x | 11 5 - 7 * x = | 11:brownie 5:brownie -:brownie 7:cup *:cup x:cup =:cup
EXPR: 0 | POS | INT | 12 | 42 | 62 | (x-(5*11))=7 | x 5 11 * - 7 = | x:cup 5:cup 11:total *:cup -:cup 7:cup =:cup
EXPR: 0 | POS | INT | 12 | 42 | 82 | ((x-5)/11)=7 | x 5 - 11 / 7 = | x:cup 5:cup -:cup 11:total /:cup 7:cup =:cup
EXPR: 0 | POS | INT | 14 | 42 | 24 | ((5*7)-x)=11 | 5 7 * x - 11 = | 5:brownie 7:cup *:cup x:cup -:cup 11:cup =:cup
EXPR: 1 | POS | INT | 14 | 42 | 42 | (x/(11-5))=7 | x 11 5 - / 7 = | x:cup 11:total 5:total -:total /:cup 7:cup =:cup
EXPR: 0 | POS | INT | 14 | 42 | 22 | ((x/11)+5)=7 | x 11 / 5 + 7 = | x:cup 11:total /:cup 5:cup +:cup 7:cup =:cup
EXPR: 0 | POS | INT | 14 | 42 | 62 | 5=((x-7)/11) | 5 x 7 - 11 / = | 5:cup x:cup 7:cup -:cup 11:total /:cup =:cup
EXPR: 0 | POS | INT | 14 | 42 | 48 | 5=((x+7)/11) | 5 x 7 + 11 / = | 5:cup x:cup 7:cup +:cup 11:total /:cup =:cup
EXPR: 0 | POS | INT | 14 | 42 | 46 | 11=(x-(5*7)) | 11 x 5 7 * - = | 11:cup x:cup 5:brownie 7:cup *:cup -:cup =:cup
EXPR: 0 | POS | INT | 14 | 42 | 20 | 11=((x/5)+7) | 11 x 5 / 7 + = | 11:cup x:cup 5:brownie /:cup 7:cup +:cup =:cup
EXPR: 0 | POS | INT | 14 | 42 | 90 | 11=((x/5)-7) | 11 x 5 / 7 - = | 11:cup x:cup 5:brownie /:cup 7:cup -:cup =:cup
EXPR: 0 | POS | INT | 14 | 42 | 20 | ((x/5)+7)=11 | x 5 / 7 + 11 = | x:cup 5:brownie /:cup 7:cup +:cup 11:cup =:cup
EXPR: 0 | POS | INT | 14 | 42 | 46 | ((x-11)/5)=7 | x 11 - 5 / 7 = | x:cup 11:cup -:cup 5:brownie /:cup 7:cup =:cup
EXPR: 0 | POS | INT | 14 | 42 | 132 | ((x/11)-5)=7 | x 11 / 5 - 7 = | x:cup 11:total /:cup 5:cup -:cup 7:cup =:cup
EXPR: 0 | POS | INT | 15 | 42 | 62 | x=(7+(5*11)) | x 7 5 11 * + = | x:cup 7:cup 5:cup 11:total *:cup +:cup =:cup
EXPR: 0 | POS | INT | 15 | 42 | 62 | (7+(5*11))=x | 7 5 11 * + x = | 7:cup 5:brownie 11:cup *:cup +:cup x:cup =:cup
EXPR: 0 | POS | INT | 15 | 42 | 112 | (7*(5+11))=x | 7 5 11 + * x = | 7:cup 5:brownie 11:brownie +:brownie *:cup x:cup =:cup
EXPR: 0 | POS | INT | 15 | 42 | 22 | x=(11*(7-5)) | x 11 7 5 - * = | x:cup 11:total 7:cup 5:cup -:cup *:cup =:cup
EXPR: 0 | POS | INT | 15 | 42 | 22 | ((7-5)*11)=x | 7 5 - 11 * x = | 7:cup 5:cup -:cup 11:total *:cup x:cup =:cup
EXPR: 0 | POS | INT | 15 | 42 | 112 | x=(7*(5+11)) | x 7 5 11 + * = | x:cup 7:cup 5:brownie 11:brownie +:brownie *:cup =:cup
EXPR: 0 | POS | INT | 15 | 42 | 72 | x=((11*7)-5) | x 11 7 * 5 - = | x:cup 11:total 7:cup *:cup 5:cup -:cup =:cup
EXPR: 0 | POS | INT | 15 | 42 | 22 | x=((7-5)*11) | x 7 5 - 11 * = | x:cup 7:cup 5:cup -:cup 11:total *:cup =:cup
EXPR: 0 | POS | INT | 15 | 42 | 82 | x=((11*7)+5) | x 11 7 * 5 + = | x:cup 11:total 7:cup *:cup 5:cup +:cup =:cup
EXPR: 0 | POS | INT | 15 | 42 | 20 | x=((11-7)*5) | x 11 7 - 5 * = | x:cup 11:cup 7:cup -:cup 5:brownie *:cup =:cup
EXPR: 0 | POS | INT | 15 | 42 | 22 | (11*(7-5))=x | 11 7 5 - * x = | 11:total 7:cup 5:cup -:cup *:cup x:cup =:cup
EXPR: 1 | POS | INT | 17 | 42 | 42 | x=(7*(11-5)) | x 7 11 5 - * = | x:cup 7:cup 11:total 5:total -:total *:cup =:cup
EXPR: 0 | POS | INT | 17 | 42 | 48 | ((7+x)/5)=11 | 7 x + 5 / 11 = | 7:cup x:cup +:cup 5:brownie /:cup 11:cup =:cup
EXPR: 0 | POS | INT | 17 | 42 | 48 | ((x+7)/5)=11 | x 7 + 5 / 11 = | x:cup 7:cup +:cup 5:brownie /:cup 11:cup =:cup
EXPR: 0 | POS | INT | 17 | 42 | 62 | ((x-7)/5)=11 | x 7 - 5 / 11 = | x:cup 7:cup -:cup 5:brownie /:cup 11:cup =:cup
EXPR: 0 | POS | INT | 17 | 42 | 62 | 7=(x-(5*11)) | 7 x 5 11 * - = | 7:cup x:cup 5:brownie 11:cup *:cup -:cup =:cup
EXPR: 1 | POS | INT | 17 | 42 | 42 | (7*(11-5))=x | 7 11 5 - * x = | 7:cup 11:total 5:total -:total *:cup x:cup =:cup
EXPR: 0 | POS | INT | 17 | 42 | 132 | ((x/11)-7)=5 | x 11 / 7 - 5 = | x:cup 11:total /:cup 7:cup -:cup 5:cup =:cup
EXPR: 0 | POS | INT | 17 | 42 | 62 | 11=((x-7)/5) | 11 x 7 - 5 / = | 11:cup x:cup 7:cup -:cup 5:brownie /:cup =:cup
EXPR: 0 | POS | INT | 17 | 42 | 48 | 11=((x+7)/5) | 11 x 7 + 5 / = | 11:cup x:cup 7:cup +:cup 5:brownie /:cup =:cup
EXPR: 0 | POS | INT | 17 | 42 | 48 | 11=((7+x)/5) | 11 7 x + 5 / = | 11:cup 7:cup x:cup +:cup 5:brownie /:cup =:cup
EXPR: 1 | POS | INT | 19 | 42 | 42 | 7=(x/(11-5)) | 7 x 11 5 - / = | 7:cup x:cup 11:total 5:total -:total /:cup =:cup
EXPR: 0 | POS | INT | 19 | 42 | 46 | 7=((x-11)/5) | 7 x 11 - 5 / = | 7:cup x:cup 11:cup -:cup 5:brownie /:cup =:cup
EXPR: 0 | POS | INT | 19 | 42 | 24 | 7=((x+11)/5) | 7 x 11 + 5 / = | 7:cup x:cup 11:cup +:cup 5:brownie /:cup =:cup
EXPR: 0 | POS | INT | 19 | 42 | 62 | ((x-7)/11)=5 | x 7 - 11 / 5 = | x:cup 7:cup -:cup 11:total /:cup 5:cup =:cup
EXPR: 0 | POS | INT | 19 | 42 | 48 | ((x+7)/11)=5 | x 7 + 11 / 5 = | x:cup 7:cup +:cup 11:total /:cup 5:cup =:cup
EXPR: 0 | POS | INT | 19 | 42 | 48 | ((7+x)/11)=5 | 7 x + 11 / 5 = | 7:cup x:cup +:cup 11:total /:cup 5:cup =:cup
EXPR: 0 | POS | INT | 19 | 42 | 22 | (7-(x/11))=5 | 7 x 11 / - 5 = | 7:cup x:cup 11:total /:cup -:cup 5:cup =:cup
EXPR: 0 | POS | INT | 20 | 42 | 9 | x=(5+(11-7)) | x 5 11 7 - + = | x:cup 5:cup 11:cup 7:cup -:cup +:cup =:cup
EXPR: 0 | POS | INT | 20 | 42 | 23 | x=(5+(11+7)) | x 5 11 7 + + = | x:cup 5:cup 11:cup 7:cup +:cup +:cup =:cup
EXPR: 0 | POS | INT | 20 | 42 | 1 | x=(5-(11-7)) | x 5 11 7 - - = | x:cup 5:cup 11:cup 7:cup -:cup -:cup =:cup
EXPR: 0 | POS | INT | 20 | 42 | 9 | (5+(11-7))=x | 5 11 7 - + x = | 5:cup 11:cup 7:cup -:cup +:cup x:cup =:cup
EXPR: 0 | POS | INT | 22 | 42 | 13 | ((5+x)-11)=7 | 5 x + 11 - 7 = | 5:cup x:cup +:cup 11:cup -:cup 7:cup =:cup
EXPR: 0 | POS | INT | 22 | 42 | 24 | x=((5*7)-11) | x 5 7 * 11 - = | x:total 5:brownie 7:total *:total 11:total -:total =:total
EXPR: 0 | POS | INT | 22 | 42 | 1 | ((5+7)-11)=x | 5 7 + 11 - x = | 5:cup 7:cup +:cup 11:cup -:cup x:cup =:cup
EXPR: 0 | POS | INT | 22 | 42 | 385 | (5*11)=(x/7) | 5 11 * x 7 / = | 5:brownie 11:total *:brownie x:brownie 7:cup /:brownie =:brownie
EXPR: 0 | POS | INT | 22 | 42 | 46 | (11+(5*7))=x | 11 5 7 * + x = | 11:cup 5:total 7:cup *:cup +:cup x:cup =:cup
EXPR: 0 | POS | INT | 22 | 42 | 13 | x=((11-5)+7) | x 11 5 - 7 + = | x:cup 11:cup 5:cup -:cup 7:cup +:cup =:cup
EXPR: 0 | POS | INT | 22 | 42 | 1 | (5+(7-11))=x | 5 7 11 - + x = | 5:cup 7:cup 11:cup -:cup +:cup x:cup =:cup
EXPR: 0 | POS | INT | 22 | 42 | 132 | x=((5+7)*11) | x 5 7 + 11 * = | x:cup 5:brownie 7:brownie +:brownie 11:cup *:cup =:cup
EXPR: 0 | POS | INT | 22 | 42 | 9 | ((5-x)+11)=7 | 5 x - 11 + 7 = | 5:cup x:cup -:cup 11:cup +:cup 7:cup =:cup
EXPR: 0 | POS | INT | 22 | 42 | 9 | ((5-7)+11)=x | 5 7 - 11 + x = | 5:cup 7:cup -:cup 11:cup +:cup x:cup =:cup
EXPR: 0 | POS | INT | 22 | 42 | 9 | 5=(x-(11-7)) | 5 x 11 7 - - = | 5:cup x:cup 11:cup 7:cup -:cup -:cup =:cup
EXPR: 0 | POS | INT | 22 | 42 | 23 | 5=(x-(11+7)) | 5 x 11 7 + - = | 5:cup x:cup 11:cup 7:cup +:cup -:cup =:cup
EXPR: 0 | POS | INT | 22 | 42 | 9 | 5=((x-11)+7) | 5 x 11 - 7 + = | 5:cup x:cup 11:cup -:cup 7:cup +:cup =:cup
EXPR: 0 | POS | INT | 22 | 42 | 1 | 5=((x+11)-7) | 5 x 11 + 7 - = | 5:cup x:cup 11:cup +:cup 7:cup -:cup =:cup
EXPR: 0 | POS | INT | 22 | 42 | 1 | x=(5+(7-11)) | x 5 7 11 - + = | x:cup 5:cup 7:cup 11:cup -:cup +:cup =:cup
EXPR: 0 | POS | INT | 22 | 42 | 23 | 5=((x-11)-7) | 5 x 11 - 7 - = | 5:cup x:cup 11:cup -:cup 7:cup -:cup =:cup
EXPR: 0 | POS | INT | 22 | 42 | 24 | ((5*7)-11)=x | 5 7 * 11 - x = | 5:total 7:cup *:total 11:total -:total x:total =:total
EXPR: 0 | POS | INT | 22 | 42 | 23 | ((5+7)+11)=x | 5 7 + 11 + x = | 5:cup 7:cup +:cup 11:cup +:cup x:cup =:cup
EXPR: 0 | POS | INT | 22 | 42 | 9 | x=(5-(7-11)) | x 5 7 11 - - = | x:cup 5:cup 7:cup 11:cup -:cup -:cup =:cup
EXPR: 0 | POS | INT | 22 | 42 | 1 | 5=(11+(x-7)) | 5 11 x 7 - + = | 5:cup 11:cup x:cup 7:cup -:cup +:cup =:cup
EXPR: 0 | POS | INT | 22 | 42 | 72 | ((x+5)/11)=7 | x 5 + 11 / 7 = | x:brownie 5:brownie +:brownie 11:total /:brownie 7:brownie =:brownie
EXPR: 0 | POS | INT | 22 | 42 | 13 | 5=(11-(x-7)) | 5 11 x 7 - - = | 5:cup 11:cup x:cup 7:cup -:cup -:cup =:cup
EXPR: 0 | POS | INT | 22 | 42 | 13 | ((11-5)+7)=x | 11 5 - 7 + x = | 11:cup 5:cup -:cup 7:cup +:cup x:cup =:cup
EXPR: 0 | POS | INT | 22 | 42 | 82 | (x-5)=(11*7) | x 5 - 11 7 * = | x:cup 5:cup -:cup 11:total 7:cup *:cup =:cup
EXPR: 0 | POS | INT | 22 | 42 | 72 | (x+5)=(11*7) | x 5 + 11 7 * = | x:cup 5:cup +:cup 11:total 7:cup *:cup =:cup
EXPR: 0 | POS | INT | 22 | 42 | 9 | (5+(11-x))=7 | 5 11 x - + 7 = | 5:cup 11:cup x:cup -:cup +:cup 7:cup =:cup
EXPR: 0 | POS | INT | 22 | 42 | 13 | 5=((11+7)-x) | 5 11 7 + x - = | 5:cup 11:cup 7:cup +:cup x:cup -:cup =:cup
EXPR: 0 | POS | INT | 22 | 42 | 1 | 5=((11-7)+x) | 5 11 7 - x + = | 5:cup 11:cup 7:cup -:cup x:cup +:cup =:cup
EXPR: 0 | POS | INT | 22 | 42 | 1 | 5=((11+x)-7) | 5 11 x + 7 - = | 5:cup 11:cup x:cup +:cup 7:cup -:cup =:cup
EXPR: 0 | POS | INT | 22 | 42 | 9 | (5-(7-11))=x | 5 7 11 - - x = | 5:cup 7:cup 11:cup -:cup -:cup x:cup =:cup
EXPR: 0 | POS | INT | 24 | 42 | 24 | 11=((5*7)-x) | 11 5 7 * x - = | 11:total 5:brownie 7:total *:total x:total -:total =:total
EXPR: 0 | POS | INT | 24 | 42 | 385 | (x/11)=(5*7) | x 11 / 5 7 * = | x:cup 11:brownie /:cup 5:brownie 7:cup *:cup =:cup
EXPR: 0 | POS | INT | 24 | 42 | 46 | (x-(5*7))=11 | x 5 7 * - 11 = | x:total 5:brownie 7:total *:total -:total 11:total =:total
EXPR: 0 | POS | INT | 24 | 42 | 132 | 11=(x/(5+7)) | 11 x 5 7 + / = | 11:cup x:cup 5:brownie 7:brownie +:brownie /:cup =:cup
EXPR: 0 | POS | INT | 24 | 42 | 9 | (11-(x-5))=7 | 11 x 5 - - 7 = | 11:cup x:cup 5:cup -:cup -:cup 7:cup =:cup
EXPR: 0 | POS | INT | 24 | 42 | 1 | (11+(x-5))=7 | 11 x 5 - + 7 = | 11:cup x:cup 5:cup -:cup +:cup 7:cup =:cup
EXPR: 0 | POS | INT | 24 | 42 | 9 | 5=(7+(x-11)) | 5 7 x 11 - + = | 5:cup 7:cup x:cup 11:cup -:cup +:cup =:cup
EXPR: 0 | POS | INT | 24 | 42 | 13 | ((5+x)-7)=11 | 5 x + 7 - 11 = | 5:cup x:cup +:cup 7:cup -:cup 11:cup =:cup
EXPR: 0 | POS | INT | 24 | 42 | 13 | 11=((x+5)-7) | 11 x 5 + 7 - = | 11:cup x:cup 5:cup +:cup 7:cup -:cup =:cup
EXPR: 0 | POS | INT | 24 | 42 | 9 | 11=((x-5)+7) | 11 x 5 - 7 + = | 11:cup x:cup 5:cup -:cup 7:cup +:cup =:cup
EXPR: 0 | POS | INT | 24 | 42 | 9 | 5=((x+7)-11) | 5 x 7 + 11 - = | 5:cup x:cup 7:cup +:cup 11:cup -:cup =:cup
EXPR: 0 | POS | INT | 24 | 42 | 132 | (x/(5+7))=11 | x 5 7 + / 11 = | x:total 5:brownie 7:brownie +:brownie /:total 11:total =:total
EXPR: 0 | POS | INT | 24 | 42 | 72 | ((5+x)/7)=11 | 5 x + 7 / 11 = | 5:total x:total +:total 7:cup /:total 11:total =:total
EXPR: 0 | POS | INT | 24 | 42 | 23 | 5=((x-7)-11) | 5 x 7 - 11 - = | 5:cup x:cup 7:cup -:cup 11:cup -:cup =:cup
EXPR: 0 | POS | INT | 24 | 42 | 13 | 5=(7-(x-11)) | 5 7 x 11 - - = | 5:cup 7:cup x:cup 11:cup -:cup -:cup =:cup
EXPR: 0 | POS | INT | 24 | 42 | 20 | (11-(x/5))=7 | 11 x 5 / - 7 = | 11:total x:total 5:brownie /:total -:total 7:total =:total
EXPR: 0 | POS | INT | 24 | 42 | 9 | ((11-x)+5)=7 | 11 x - 5 + 7 = | 11:cup x:cup -:cup 5:cup +:cup 7:cup =:cup
EXPR: 0 | POS | INT | 24 | 42 | 23 | ((x-5)-7)=11 | x 5 - 7 - 11 = | x:cup 5:cup -:cup 7:cup -:cup 11:cup =:cup
EXPR: 0 | POS | INT | 24 | 42 | 132 | (x/11)=(5+7) | x 11 / 5 7 + = | x:cup 11:total /:cup 5:cup 7:cup +:cup =:cup
EXPR: 0 | POS | INT | 24 | 42 | 1 | ((11+x)-5)=7 | 11 x + 5 - 7 = | 11:cup x:cup +:cup 5:cup -:cup 7:cup =:cup
EXPR: 0 | POS | INT | 24 | 42 | 9 | ((x-5)+7)=11 | x 5 - 7 + 11 = | x:cup 5:cup -:cup 7:cup +:cup 11:cup =:cup
EXPR: 0 | POS | INT | 24 | 42 | 1 | (x+(11-5))=7 | x 11 5 - + 7 = | x:cup 11:cup 5:cup -:cup +:cup 7:cup =:cup
EXPR: 1 | POS | INT | 24 | 42 | 42 | (5+(x/7))=11 | 5 x 7 / + 11 = | 5:brownie x:brownie 7:cup /:brownie +:brownie 11:brownie =:brownie
EXPR: 0 | POS | INT | 24 | 42 | 9 | 5=((7+x)-11) | 5 7 x + 11 - = | 5:cup 7:cup x:cup +:cup 11:cup -:cup =:cup
EXPR: 0 | POS | INT | 24 | 42 | 24 | ((x+11)/5)=7 | x 11 + 5 / 7 = | x:cup 11:cup +:cup 5:total /:cup 7:cup =:cup
EXPR: 0 | POS | INT | 25 | 42 | 72 | ((11*7)-5)=x | 11 7 * 5 - x = | 11:total 7:cup *:total 5:total -:total x:total =:total
EXPR: 0 | POS | INT | 25 | 42 | 13 | x=((7-5)+11) | x 7 5 - 11 + = | x:cup 7:cup 5:cup -:cup 11:cup +:cup =:cup
EXPR: 0 | POS | INT | 25 | 42 | 90 | x=((11+7)*5) | x 11 7 + 5 * = | x:brownie 11:total 7:total +:total 5:brownie *:brownie =:brownie
EXPR: 0 | POS | INT | 25 | 42 | 90 | ((11+7)*5)=x | 11 7 + 5 * x = | 11:total 7:total +:total 5:brownie *:total x:total =:total
EXPR: 0 | POS | INT | 25 | 42 | 9 | (11-(7-5))=x | 11 7 5 - - x = | 11:cup 7:cup 5:cup -:cup -:cup x:cup =:cup
EXPR: 0 | POS | INT | 25 | 42 | 13 | (11+(7-5))=x | 11 7 5 - + x = | 11:cup 7:cup 5:cup -:cup +:cup x:cup =:cup
EXPR: 0 | POS | INT | 25 | 42 | 20 | ((11-7)*5)=x | 11 7 - 5 * x = | 11:total 7:total -:total 5:cup *:cup x:cup =:cup
EXPR: 0 | POS | INT | 25 | 42 | 23 | ((11+7)+5)=x | 11 7 + 5 + x = | 11:cup 7:cup +:cup 5:cup +:cup x:cup =:cup
EXPR: 0 | POS | INT | 27 | 42 | 22 | 11=(x/(7-5)) | 11 x 7 5 - / = | 11:total x:total 7:cup 5:cup -:cup /:total =:total
EXPR: 0 | POS | INT | 27 | 42 | 112 | 11=((x/7)-5) | 11 x 7 / 5 - = | 11:brownie x:brownie 7:cup /:brownie 5:brownie -:brownie =:brownie
EXPR: 1 | POS | INT | 27 | 42 | 42 | 11=((x/7)+5) | 11 x 7 / 5 + = | 11:brownie x:brownie 7:cup /:brownie 5:brownie +:brownie =:brownie
EXPR: 0 | POS | INT | 27 | 42 | 20 | (x/(11-7))=5 | x 11 7 - / 5 = | x:brownie 11:total 7:total -:total /:brownie 5:brownie =:brownie
EXPR: 0 | POS | INT | 27 | 42 | 9 | 11=(7+(x-5)) | 11 7 x 5 - + = | 11:cup 7:cup x:cup 5:cup -:cup +:cup =:cup
EXPR: 0 | POS | INT | 27 | 42 | 9 | 11=(x+(7-5)) | 11 x 7 5 - + = | 11:cup x:cup 7:cup 5:cup -:cup +:cup =:cup
EXPR: 0 | POS | INT | 27 | 42 | 13 | 11=(x-(7-5)) | 11 x 7 5 - - = | 11:cup x:cup 7:cup 5:cup -:cup -:cup =:cup
EXPR: 0 | POS | INT | 27 | 42 | 48 | (x+7)=(5*11) | x 7 + 5 11 * = | x:cup 7:cup +:cup 5:cup 11:total *:cup =:cup
EXPR: 0 | POS | INT | 27 | 42 | 23 | 7=(x-(5+11)) | 7 x 5 11 + - = | 7:cup x:cup 5:cup 11:cup +:cup -:cup =:cup
EXPR: 0 | POS | INT | 27 | 42 | 13 | 11=((x-7)+5) | 11 x 7 - 5 + = | 11:cup x:cup 7:cup -:cup 5:cup +:cup =:cup
EXPR: 0 | POS | INT | 27 | 42 | 62 | (x-7)=(5*11) | x 7 - 5 11 * = | x:cup 7:cup -:cup 5:cup 11:total *:cup =:cup
NET 143 unique, non-negative, integer-valued solutions found out of 1000 total solutions
