parameters: n=7 l=3 k=1 p=5 q=2 m=9
TOTAL 1000 solutions found
SOLN: CORRECT | POS/NEG | INT/FRA | OBJ-SCORE | TRUE-ANS | ANS | INFIX | POSTFIX | TYPED-POSTFIX
EXPR: 1 | POS | INT | 0 | 24 | 24 | x=(3*(15-7)) | x 3 15 7 - * = | x:problem 3:problem 15:worksheet 7:worksheet -:worksheet *:problem =:problem
EXPR: 0 | POS | INT | 0 | 24 | 66 | x=(3*(15+7)) | x 3 15 7 + * = | x:problem 3:problem 15:worksheet 7:worksheet +:worksheet *:problem =:problem
EXPR: 1 | POS | INT | 0 | 24 | 24 | (3*(15-7))=x | 3 15 7 - * x = | 3:problem 15:worksheet 7:worksheet -:worksheet *:problem x:problem =:problem
EXPR: 0 | POS | INT | 0 | 24 | 66 | (3*(15+7))=x | 3 15 7 + * x = | 3:problem 15:worksheet 7:worksheet +:worksheet *:problem x:problem =:problem
EXPR: 1 | POS | INT | 2 | 24 | 24 | 3=(x/(15-7)) | 3 x 15 7 - / = | 3:problem x:problem 15:worksheet 7:worksheet -:worksheet /:problem =:problem
EXPR: 0 | POS | INT | 2 | 24 | 66 | 3=(x/(15+7)) | 3 x 15 7 + / = | 3:problem x:problem 15:worksheet 7:worksheet +:worksheet /:problem =:problem
EXPR: 0 | POS | INT | 5 | 24 | 66 | ((15+7)*3)=x | 15 7 + 3 * x = | 15:worksheet 7:worksheet +:worksheet 3:problem *:problem x:problem =:problem
EXPR: 1 | POS | INT | 5 | 24 | 24 | x=((15-7)*3) | x 15 7 - 3 * = | x:problem 15:worksheet 7:worksheet -:worksheet 3:problem *:problem =:problem
EXPR: 0 | POS | INT | 5 | 24 | 66 | x=((15+7)*3) | x 15 7 + 3 * = | x:problem 15:worksheet 7:worksheet +:worksheet 3:problem *:problem =:problem
EXPR: 1 | POS | INT | 5 | 24 | 24 | ((15-7)*3)=x | 15 7 - 3 * x = | 15:worksheet 7:worksheet -:worksheet 3:problem *:problem x:problem =:problem
EXPR: 1 | POS | INT | 7 | 24 | 24 | (x/(15-7))=3 | x 15 7 - / 3 = | x:problem 15:worksheet 7:worksheet -:worksheet /:problem 3:problem =:problem
EXPR: 0 | POS | INT | 10 | 24 | 52 | x=((3*15)+7) | x 3 15 * 7 + = | x:problem 3:problem 15:worksheet *:problem 7:problem +:problem =:problem
EXPR: 0 | POS | INT | 10 | 24 | 52 | ((3*15)+7)=x | 3 15 * 7 + x = | 3:problem 15:worksheet *:worksheet 7:worksheet +:worksheet x:worksheet =:worksheet
EXPR: 0 | POS | INT | 10 | 24 | 38 | ((3*15)-7)=x | 3 15 * 7 - x = | 3:problem 15:worksheet *:worksheet 7:worksheet -:worksheet x:worksheet =:worksheet
EXPR: 0 | POS | INT | 10 | 24 | 108 | x=(3+(15*7)) | x 3 15 7 * + = | x:problem 3:problem 15:worksheet 7:problem *:problem +:problem =:problem
EXPR: 0 | POS | INT | 10 | 24 | 38 | x=((3*15)-7) | x 3 15 * 7 - = | x:worksheet 3:problem 15:worksheet *:worksheet 7:worksheet -:worksheet =:worksheet
EXPR: 0 | POS | INT | 10 | 24 | 126 | x=((3+15)*7) | x 3 15 + 7 * = | x:problem 3:problem 15:problem +:problem 7:worksheet *:problem =:problem
EXPR: 0 | POS | INT | 10 | 24 | 126 | ((3+15)*7)=x | 3 15 + 7 * x = | 3:problem 15:problem +:problem 7:worksheet *:problem x:problem =:problem
EXPR: 0 | POS | INT | 10 | 24 | 108 | (3+(15*7))=x | 3 15 7 * + x = | 3:problem 15:problem 7:worksheet *:problem +:problem x:problem =:problem
EXPR: 0 | POS | INT | 12 | 24 | 60 | (3+(x/15))=7 | 3 x 15 / + 7 = | 3:problem x:problem 15:worksheet /:problem +:problem 7:problem =:problem
EXPR: 0 | POS | INT | 12 | 24 | 12 | x=((15/3)+7) | x 15 3 / 7 + = | x:worksheet 15:worksheet 3:problem /:worksheet 7:worksheet +:worksheet =:worksheet
EXPR: 0 | POS | INT | 12 | 24 | 36 | ((3*7)+15)=x | 3 7 * 15 + x = | 3:problem 7:worksheet *:worksheet 15:worksheet +:worksheet x:worksheet =:worksheet
EXPR: 0 | POS | INT | 12 | 24 | 108 | ((x-3)/15)=7 | x 3 - 15 / 7 = | x:problem 3:problem -:problem 15:worksheet /:problem 7:problem =:problem
EXPR: 0 | POS | INT | 12 | 24 | 84 | x=((15-3)*7) | x 15 3 - 7 * = | x:problem 15:problem 3:problem -:problem 7:worksheet *:problem =:problem
EXPR: 0 | POS | INT | 12 | 24 | 6 | ((3*7)-15)=x | 3 7 * 15 - x = | 3:problem 7:worksheet *:worksheet 15:worksheet -:worksheet x:worksheet =:worksheet
EXPR: 0 | POS | INT | 12 | 24 | 38 | ((3*15)-x)=7 | 3 15 * x - 7 = | 3:problem 15:worksheet *:worksheet x:worksheet -:worksheet 7:worksheet =:worksheet
EXPR: 0 | POS | INT | 12 | 24 | 36 | (15+(3*7))=x | 15 3 7 * + x = | 15:worksheet 3:problem 7:worksheet *:worksheet +:worksheet x:worksheet =:worksheet
EXPR: 0 | POS | INT | 12 | 24 | 102 | ((x+3)/15)=7 | x 3 + 15 / 7 = | x:problem 3:problem +:problem 15:worksheet /:problem 7:problem =:problem
EXPR: 0 | POS | INT | 12 | 24 | 84 | ((15-3)*7)=x | 15 3 - 7 * x = | 15:problem 3:problem -:problem 7:worksheet *:problem x:problem =:problem
EXPR: 0 | POS | INT | 12 | 24 | 150 | (15*(3+7))=x | 15 3 7 + * x = | 15:worksheet 3:problem 7:problem +:problem *:problem x:problem =:problem
EXPR: 0 | POS | INT | 12 | 24 | 102 | ((3+x)/15)=7 | 3 x + 15 / 7 = | 3:problem x:problem +:problem 15:worksheet /:problem 7:problem =:problem
EXPR: 0 | POS | INT | 12 | 24 | 12 | ((15/3)+7)=x | 15 3 / 7 + x = | 15:worksheet 3:problem /:worksheet 7:worksheet +:worksheet x:worksheet =:worksheet
EXPR: 0 | POS | INT | 12 | 24 | 36 | x=(15+(3*7)) | x 15 3 7 * + = | x:worksheet 15:worksheet 3:problem 7:worksheet *:worksheet +:worksheet =:worksheet
EXPR: 0 | POS | INT | 12 | 24 | 150 | x=(15*(3+7)) | x 15 3 7 + * = | x:problem 15:worksheet 3:problem 7:problem +:problem *:problem =:problem
EXPR: 0 | POS | INT | 12 | 24 | 6 | x=((3*7)-15) | x 3 7 * 15 - = | x:problem 3:problem 7:worksheet *:problem 15:problem -:problem =:problem
EXPR: 0 | POS | INT | 12 | 24 | 84 | 3=(15-(x/7)) | 3 15 x 7 / - = | 3:problem 15:problem x:problem 7:worksheet /:problem -:problem =:problem
EXPR: 0 | POS | INT | 12 | 24 | 36 | x=((3*7)+15) | x 3 7 * 15 + = | x:worksheet 3:problem 7:worksheet *:worksheet 15:worksheet +:worksheet =:worksheet
EXPR: 0 | POS | INT | 12 | 24 | 108 | 3=(x-(15*7)) | 3 x 15 7 * - = | 3:problem x:problem 15:problem 7:worksheet *:problem -:problem =:problem
EXPR: 0 | POS | INT | 12 | 24 | 66 | ((x/3)-15)=7 | x 3 / 15 - 7 = | x:worksheet 3:problem /:worksheet 15:worksheet -:worksheet 7:worksheet =:worksheet
EXPR: 0 | POS | INT | 12 | 24 | 150 | x=((3+7)*15) | x 3 7 + 15 * = | x:problem 3:problem 7:problem +:problem 15:worksheet *:problem =:problem
EXPR: 0 | POS | INT | 12 | 24 | 36 | 3=((x-15)/7) | 3 x 15 - 7 / = | 3:problem x:problem 15:problem -:problem 7:worksheet /:problem =:problem
EXPR: 0 | POS | INT | 12 | 24 | 6 | 3=((15+x)/7) | 3 15 x + 7 / = | 3:problem 15:problem x:problem +:problem 7:worksheet /:problem =:problem
EXPR: 0 | POS | INT | 12 | 24 | 102 | 3=((15*7)-x) | 3 15 7 * x - = | 3:problem 15:worksheet 7:problem *:problem x:problem -:problem =:problem
EXPR: 0 | POS | INT | 12 | 24 | 6 | 3=((x+15)/7) | 3 x 15 + 7 / = | 3:problem x:problem 15:problem +:problem 7:worksheet /:problem =:problem
EXPR: 0 | POS | INT | 12 | 24 | 150 | 3=((x/15)-7) | 3 x 15 / 7 - = | 3:problem x:problem 15:worksheet /:problem 7:problem -:problem =:problem
EXPR: 0 | POS | INT | 14 | 24 | 84 | 15=(3+(x/7)) | 15 3 x 7 / + = | 15:problem 3:problem x:problem 7:worksheet /:problem +:problem =:problem
EXPR: 0 | POS | INT | 14 | 24 | 6 | ((3*7)-x)=15 | 3 7 * x - 15 = | 3:problem 7:worksheet *:worksheet x:worksheet -:worksheet 15:worksheet =:worksheet
EXPR: 0 | POS | INT | 14 | 24 | 66 | 15=((x/3)-7) | 15 x 3 / 7 - = | 15:worksheet x:worksheet 3:problem /:worksheet 7:worksheet -:worksheet =:worksheet
EXPR: 0 | POS | INT | 14 | 24 | 2 | (3*(7-x))=15 | 3 7 x - * 15 = | 3:problem 7:worksheet x:worksheet -:worksheet *:worksheet 15:worksheet =:worksheet
EXPR: 0 | POS | INT | 14 | 24 | 108 | 15=((x-3)/7) | 15 x 3 - 7 / = | 15:problem x:problem 3:problem -:problem 7:worksheet /:problem =:problem
EXPR: 0 | POS | INT | 14 | 24 | 12 | (3*(x-7))=15 | 3 x 7 - * 15 = | 3:problem x:worksheet 7:worksheet -:worksheet *:worksheet 15:worksheet =:worksheet
EXPR: 1 | POS | INT | 14 | 24 | 24 | ((x/3)+7)=15 | x 3 / 7 + 15 = | x:worksheet 3:problem /:worksheet 7:worksheet +:worksheet 15:worksheet =:worksheet
EXPR: 0 | POS | INT | 14 | 24 | 36 | 15=(x-(3*7)) | 15 x 3 7 * - = | 15:problem x:problem 3:problem 7:worksheet *:problem -:problem =:problem
EXPR: 0 | POS | INT | 14 | 24 | 102 | 15=((x+3)/7) | 15 x 3 + 7 / = | 15:problem x:problem 3:problem +:problem 7:worksheet /:problem =:problem
EXPR: 0 | POS | INT | 14 | 24 | 12 | 15=(3*(x-7)) | 15 3 x 7 - * = | 15:worksheet 3:problem x:worksheet 7:worksheet -:worksheet *:worksheet =:worksheet
EXPR: 1 | POS | INT | 14 | 24 | 24 | 15=((x/3)+7) | 15 x 3 / 7 + = | 15:worksheet x:worksheet 3:problem /:worksheet 7:worksheet +:worksheet =:worksheet
EXPR: 0 | POS | INT | 14 | 24 | 60 | 3=(7-(x/15)) | 3 7 x 15 / - = | 3:problem 7:problem x:problem 15:worksheet /:problem -:problem =:problem
EXPR: 0 | POS | INT | 14 | 24 | 12 | (x-(15/3))=7 | x 15 3 / - 7 = | x:worksheet 15:worksheet 3:problem /:worksheet -:worksheet 7:worksheet =:worksheet
EXPR: 0 | POS | INT | 14 | 24 | 2 | (x+(15/3))=7 | x 15 3 / + 7 = | x:worksheet 15:worksheet 3:problem /:worksheet +:worksheet 7:worksheet =:worksheet
EXPR: 0 | POS | INT | 14 | 24 | 84 | (3+(x/7))=15 | 3 x 7 / + 15 = | 3:problem x:problem 7:worksheet /:problem +:problem 15:problem =:problem
EXPR: 1 | POS | INT | 14 | 24 | 24 | (15-(x/3))=7 | 15 x 3 / - 7 = | 15:worksheet x:worksheet 3:problem /:worksheet -:worksheet 7:worksheet =:worksheet
EXPR: 0 | POS | INT | 14 | 24 | 150 | ((x/15)-3)=7 | x 15 / 3 - 7 = | x:problem 15:worksheet /:problem 3:problem -:problem 7:problem =:problem
EXPR: 0 | POS | INT | 14 | 24 | 102 | ((3+x)/7)=15 | 3 x + 7 / 15 = | 3:problem x:problem +:problem 7:worksheet /:problem 15:problem =:problem
EXPR: 0 | POS | INT | 14 | 24 | 60 | ((x/15)+3)=7 | x 15 / 3 + 7 = | x:problem 15:worksheet /:problem 3:problem +:problem 7:problem =:problem
EXPR: 0 | POS | INT | 14 | 24 | 66 | ((x/3)-7)=15 | x 3 / 7 - 15 = | x:worksheet 3:problem /:worksheet 7:worksheet -:worksheet 15:worksheet =:worksheet
EXPR: 0 | POS | INT | 14 | 24 | 315 | (3*7)=(x/15) | 3 7 * x 15 / = | 3:problem 7:worksheet *:problem x:problem 15:worksheet /:problem =:problem
EXPR: 0 | POS | INT | 14 | 24 | 36 | ((x-15)/3)=7 | x 15 - 3 / 7 = | x:worksheet 15:worksheet -:worksheet 3:problem /:worksheet 7:worksheet =:worksheet
EXPR: 0 | POS | INT | 14 | 24 | 6 | ((x+15)/3)=7 | x 15 + 3 / 7 = | x:worksheet 15:worksheet +:worksheet 3:problem /:worksheet 7:worksheet =:worksheet
EXPR: 0 | POS | INT | 14 | 24 | 38 | 3=((x+7)/15) | 3 x 7 + 15 / = | 3:problem x:problem 7:problem +:problem 15:worksheet /:problem =:problem
EXPR: 0 | POS | INT | 14 | 24 | 315 | (x/15)=(3*7) | x 15 / 3 7 * = | x:problem 15:worksheet /:problem 3:problem 7:worksheet *:problem =:problem
EXPR: 0 | POS | INT | 14 | 24 | 38 | 3=((7+x)/15) | 3 7 x + 15 / = | 3:problem 7:problem x:problem +:problem 15:worksheet /:problem =:problem
EXPR: 0 | POS | INT | 14 | 24 | 52 | 3=((x-7)/15) | 3 x 7 - 15 / = | 3:problem x:problem 7:problem -:problem 15:worksheet /:problem =:problem
EXPR: 0 | POS | INT | 14 | 24 | 108 | ((x-3)/7)=15 | x 3 - 7 / 15 = | x:problem 3:problem -:problem 7:worksheet /:problem 15:problem =:problem
EXPR: 0 | POS | INT | 14 | 24 | 6 | ((15+x)/3)=7 | 15 x + 3 / 7 = | 15:worksheet x:worksheet +:worksheet 3:problem /:worksheet 7:worksheet =:worksheet
EXPR: 0 | POS | INT | 14 | 24 | 6 | 15=((3*7)-x) | 15 3 7 * x - = | 15:problem 3:problem 7:worksheet *:problem x:problem -:problem =:problem
EXPR: 0 | POS | INT | 14 | 24 | 102 | ((x+3)/7)=15 | x 3 + 7 / 15 = | x:problem 3:problem +:problem 7:worksheet /:problem 15:problem =:problem
EXPR: 0 | POS | INT | 14 | 24 | 102 | 15=((3+x)/7) | 15 3 x + 7 / = | 15:problem 3:problem x:problem +:problem 7:worksheet /:problem =:problem
EXPR: 0 | POS | INT | 14 | 24 | 2 | 15=(3*(7-x)) | 15 3 7 x - * = | 15:worksheet 3:problem 7:worksheet x:worksheet -:worksheet *:worksheet =:worksheet
EXPR: 0 | POS | INT | 14 | 24 | 36 | (x-(3*7))=15 | x 3 7 * - 15 = | x:problem 3:problem 7:worksheet *:problem -:problem 15:problem =:problem
EXPR: 0 | POS | INT | 15 | 24 | 102 | x=((15*7)-3) | x 15 7 * 3 - = | x:problem 15:worksheet 7:problem *:problem 3:problem -:problem =:problem
EXPR: 0 | POS | INT | 15 | 24 | 108 | x=((15*7)+3) | x 15 7 * 3 + = | x:problem 15:worksheet 7:problem *:problem 3:problem +:problem =:problem
EXPR: 0 | POS | INT | 15 | 24 | 52 | x=(7+(3*15)) | x 7 3 15 * + = | x:worksheet 7:worksheet 3:problem 15:worksheet *:worksheet +:worksheet =:worksheet
EXPR: 0 | POS | INT | 15 | 24 | 102 | ((15*7)-3)=x | 15 7 * 3 - x = | 15:worksheet 7:problem *:problem 3:problem -:problem x:problem =:problem
EXPR: 0 | POS | INT | 15 | 24 | 108 | ((15*7)+3)=x | 15 7 * 3 + x = | 15:worksheet 7:problem *:problem 3:problem +:problem x:problem =:problem
EXPR: 0 | POS | INT | 15 | 24 | 126 | (7*(3+15))=x | 7 3 15 + * x = | 7:worksheet 3:problem 15:problem +:problem *:problem x:problem =:problem
EXPR: 0 | POS | INT | 15 | 24 | 52 | (7+(3*15))=x | 7 3 15 * + x = | 7:worksheet 3:problem 15:worksheet *:worksheet +:worksheet x:worksheet =:worksheet
EXPR: 0 | POS | INT | 15 | 24 | 126 | x=(7*(3+15)) | x 7 3 15 + * = | x:problem 7:worksheet 3:problem 15:problem +:problem *:problem =:problem
EXPR: 0 | POS | INT | 15 | 24 | 60 | (15*(7-3))=x | 15 7 3 - * x = | 15:worksheet 7:problem 3:problem -:problem *:problem x:problem =:problem
EXPR: 0 | POS | INT | 15 | 24 | 60 | x=(15*(7-3)) | x 15 7 3 - * = | x:problem 15:worksheet 7:problem 3:problem -:problem *:problem =:problem
EXPR: 0 | POS | INT | 15 | 24 | 60 | ((7-3)*15)=x | 7 3 - 15 * x = | 7:problem 3:problem -:problem 15:worksheet *:problem x:problem =:problem
EXPR: 0 | POS | INT | 15 | 24 | 60 | x=((7-3)*15) | x 7 3 - 15 * = | x:problem 7:problem 3:problem -:problem 15:worksheet *:problem =:problem
EXPR: 0 | POS | INT | 17 | 24 | 150 | ((x/15)-7)=3 | x 15 / 7 - 3 = | x:problem 15:worksheet /:problem 7:problem -:problem 3:problem =:problem
EXPR: 0 | POS | INT | 17 | 24 | 102 | ((15*7)-x)=3 | 15 7 * x - 3 = | 15:problem 7:worksheet *:problem x:problem -:problem 3:problem =:problem
EXPR: 0 | POS | INT | 17 | 24 | 66 | 7=((x/3)-15) | 7 x 3 / 15 - = | 7:worksheet x:worksheet 3:problem /:worksheet 15:worksheet -:worksheet =:worksheet
EXPR: 1 | POS | INT | 17 | 24 | 24 | (7+(x/3))=15 | 7 x 3 / + 15 = | 7:worksheet x:worksheet 3:problem /:worksheet +:worksheet 15:worksheet =:worksheet
EXPR: 0 | POS | INT | 17 | 24 | 38 | 7=((3*15)-x) | 7 3 15 * x - = | 7:worksheet 3:problem 15:worksheet *:worksheet x:worksheet -:worksheet =:worksheet
EXPR: 0 | POS | INT | 17 | 24 | 2 | (7-(15/3))=x | 7 15 3 / - x = | 7:worksheet 15:worksheet 3:problem /:worksheet -:worksheet x:worksheet =:worksheet
EXPR: 0 | POS | INT | 17 | 24 | 12 | (7+(15/3))=x | 7 15 3 / + x = | 7:worksheet 15:worksheet 3:problem /:worksheet +:worksheet x:worksheet =:worksheet
EXPR: 0 | POS | INT | 17 | 24 | 108 | 7=((x-3)/15) | 7 x 3 - 15 / = | 7:problem x:problem 3:problem -:problem 15:worksheet /:problem =:problem
EXPR: 0 | POS | INT | 17 | 24 | 102 | 7=((x+3)/15) | 7 x 3 + 15 / = | 7:problem x:problem 3:problem +:problem 15:worksheet /:problem =:problem
EXPR: 0 | POS | INT | 17 | 24 | 52 | 7=(x-(3*15)) | 7 x 3 15 * - = | 7:worksheet x:worksheet 3:problem 15:worksheet *:worksheet -:worksheet =:worksheet
EXPR: 0 | POS | INT | 17 | 24 | 84 | (15-(x/7))=3 | 15 x 7 / - 3 = | 15:problem x:problem 7:worksheet /:problem -:problem 3:problem =:problem
EXPR: 0 | POS | INT | 17 | 24 | 84 | (7*(15-3))=x | 7 15 3 - * x = | 7:worksheet 15:problem 3:problem -:problem *:problem x:problem =:problem
EXPR: 0 | POS | INT | 17 | 24 | 2 | x=(7-(15/3)) | x 7 15 3 / - = | x:worksheet 7:worksheet 15:worksheet 3:problem /:worksheet -:worksheet =:worksheet
EXPR: 0 | POS | INT | 17 | 24 | 12 | x=(7+(15/3)) | x 7 15 3 / + = | x:worksheet 7:worksheet 15:worksheet 3:problem /:worksheet +:worksheet =:worksheet
EXPR: 0 | POS | INT | 17 | 24 | 126 | ((x/7)-3)=15 | x 7 / 3 - 15 = | x:problem 7:worksheet /:problem 3:problem -:problem 15:problem =:problem
EXPR: 0 | POS | INT | 17 | 24 | 84 | x=(7*(15-3)) | x 7 15 3 - * = | x:problem 7:worksheet 15:problem 3:problem -:problem *:problem =:problem
EXPR: 0 | POS | INT | 17 | 24 | 52 | ((x-7)/3)=15 | x 7 - 3 / 15 = | x:worksheet 7:worksheet -:worksheet 3:problem /:worksheet 15:worksheet =:worksheet
EXPR: 0 | POS | INT | 17 | 24 | 6 | ((15+x)/7)=3 | 15 x + 7 / 3 = | 15:problem x:problem +:problem 7:worksheet /:problem 3:problem =:problem
EXPR: 0 | POS | INT | 17 | 24 | 12 | ((x-7)*3)=15 | x 7 - 3 * 15 = | x:worksheet 7:worksheet -:worksheet 3:problem *:worksheet 15:worksheet =:worksheet
EXPR: 1 | POS | INT | 17 | 24 | 24 | 15=(7+(x/3)) | 15 7 x 3 / + = | 15:worksheet 7:worksheet x:worksheet 3:problem /:worksheet +:worksheet =:worksheet
EXPR: 0 | POS | INT | 17 | 24 | 108 | (x-(15*7))=3 | x 15 7 * - 3 = | x:problem 15:worksheet 7:problem *:problem -:problem 3:problem =:problem
EXPR: 0 | POS | INT | 17 | 24 | 102 | 7=((3+x)/15) | 7 3 x + 15 / = | 7:problem 3:problem x:problem +:problem 15:worksheet /:problem =:problem
EXPR: 0 | POS | INT | 17 | 24 | 38 | ((x+7)/3)=15 | x 7 + 3 / 15 = | x:worksheet 7:worksheet +:worksheet 3:problem /:worksheet 15:worksheet =:worksheet
EXPR: 0 | POS | INT | 17 | 24 | 38 | 15=((7+x)/3) | 15 7 x + 3 / = | 15:worksheet 7:worksheet x:worksheet +:worksheet 3:problem /:worksheet =:worksheet
EXPR: 0 | POS | INT | 17 | 24 | 84 | ((x/7)+3)=15 | x 7 / 3 + 15 = | x:problem 7:worksheet /:problem 3:problem +:problem 15:problem =:problem
EXPR: 0 | POS | INT | 17 | 24 | 2 | 15=((7-x)*3) | 15 7 x - 3 * = | 15:worksheet 7:worksheet x:worksheet -:worksheet 3:problem *:worksheet =:worksheet
EXPR: 0 | POS | INT | 17 | 24 | 38 | ((7+x)/3)=15 | 7 x + 3 / 15 = | 7:worksheet x:worksheet +:worksheet 3:problem /:worksheet 15:worksheet =:worksheet
EXPR: 0 | POS | INT | 17 | 24 | 2 | ((7-x)*3)=15 | 7 x - 3 * 15 = | 7:worksheet x:worksheet -:worksheet 3:problem *:worksheet 15:worksheet =:worksheet
EXPR: 0 | POS | INT | 17 | 24 | 60 | 7=(3+(x/15)) | 7 3 x 15 / + = | 7:problem 3:problem x:problem 15:worksheet /:problem +:problem =:problem
EXPR: 0 | POS | INT | 17 | 24 | 36 | ((x-15)/7)=3 | x 15 - 7 / 3 = | x:problem 15:problem -:problem 7:worksheet /:problem 3:problem =:problem
EXPR: 0 | POS | INT | 17 | 24 | 315 | (x/7)=(3*15) | x 7 / 3 15 * = | x:problem 7:worksheet /:problem 3:problem 15:worksheet *:problem =:problem
EXPR: 0 | POS | INT | 17 | 24 | 52 | 15=((x-7)/3) | 15 x 7 - 3 / = | 15:worksheet x:worksheet 7:worksheet -:worksheet 3:problem /:worksheet =:worksheet
EXPR: 0 | POS | INT | 17 | 24 | 38 | 15=((x+7)/3) | 15 x 7 + 3 / = | 15:worksheet x:worksheet 7:worksheet +:worksheet 3:problem /:worksheet =:worksheet
EXPR: 0 | POS | INT | 17 | 24 | 12 | 15=((x-7)*3) | 15 x 7 - 3 * = | 15:worksheet x:worksheet 7:worksheet -:worksheet 3:problem *:worksheet =:worksheet
EXPR: 0 | POS | INT | 17 | 24 | 126 | 15=((x/7)-3) | 15 x 7 / 3 - = | 15:problem x:problem 7:worksheet /:problem 3:problem -:problem =:problem
EXPR: 0 | POS | INT | 17 | 24 | 6 | ((x+15)/7)=3 | x 15 + 7 / 3 = | x:problem 15:problem +:problem 7:worksheet /:problem 3:problem =:problem
EXPR: 0 | POS | INT | 19 | 24 | 126 | ((x/7)-15)=3 | x 7 / 15 - 3 = | x:problem 7:worksheet /:problem 15:problem -:problem 3:problem =:problem
EXPR: 0 | POS | INT | 19 | 24 | 6 | 7=((x+15)/3) | 7 x 15 + 3 / = | 7:worksheet x:worksheet 15:worksheet +:worksheet 3:problem /:worksheet =:worksheet
EXPR: 0 | POS | INT | 19 | 24 | 36 | 7=((x-15)/3) | 7 x 15 - 3 / = | 7:worksheet x:worksheet 15:worksheet -:worksheet 3:problem /:worksheet =:worksheet
EXPR: 0 | POS | INT | 19 | 24 | 150 | 7=((x/15)-3) | 7 x 15 / 3 - = | 7:problem x:problem 15:worksheet /:problem 3:problem -:problem =:problem
EXPR: 0 | POS | INT | 19 | 24 | 60 | (7-(x/15))=3 | 7 x 15 / - 3 = | 7:problem x:problem 15:worksheet /:problem -:problem 3:problem =:problem
EXPR: 0 | POS | INT | 19 | 24 | 12 | 7=(x-(15/3)) | 7 x 15 3 / - = | 7:worksheet x:worksheet 15:worksheet 3:problem /:worksheet -:worksheet =:worksheet
EXPR: 0 | POS | INT | 19 | 24 | 2 | 7=((15/3)+x) | 7 15 3 / x + = | 7:worksheet 15:worksheet 3:problem /:worksheet x:worksheet +:worksheet =:worksheet
EXPR: 1 | POS | INT | 19 | 24 | 24 | 7=(15-(x/3)) | 7 15 x 3 / - = | 7:worksheet 15:worksheet x:worksheet 3:problem /:worksheet -:worksheet =:worksheet
EXPR: 0 | POS | INT | 19 | 24 | 2 | 7=(x+(15/3)) | 7 x 15 3 / + = | 7:worksheet x:worksheet 15:worksheet 3:problem /:worksheet +:worksheet =:worksheet
EXPR: 0 | POS | INT | 19 | 24 | 38 | ((7+x)/15)=3 | 7 x + 15 / 3 = | 7:problem x:problem +:problem 15:worksheet /:problem 3:problem =:problem
EXPR: 0 | POS | INT | 19 | 24 | 6 | 7=((15+x)/3) | 7 15 x + 3 / = | 7:worksheet 15:worksheet x:worksheet +:worksheet 3:problem /:worksheet =:worksheet
EXPR: 0 | POS | INT | 19 | 24 | 52 | ((x-7)/15)=3 | x 7 - 15 / 3 = | x:problem 7:problem -:problem 15:worksheet /:problem 3:problem =:problem
EXPR: 0 | POS | INT | 19 | 24 | 60 | 7=((x/15)+3) | 7 x 15 / 3 + = | 7:problem x:problem 15:worksheet /:problem 3:problem +:problem =:problem
EXPR: 0 | POS | INT | 20 | 24 | 25 | ((3+15)+7)=x | 3 15 + 7 + x = | 3:problem 15:problem +:problem 7:problem +:problem x:problem =:problem
EXPR: 0 | POS | INT | 20 | 24 | 11 | ((3+15)-7)=x | 3 15 + 7 - x = | 3:problem 15:problem +:problem 7:problem -:problem x:problem =:problem
EXPR: 0 | POS | INT | 20 | 24 | 11 | x=(3+(15-7)) | x 3 15 7 - + = | x:problem 3:problem 15:problem 7:problem -:problem +:problem =:problem
EXPR: 0 | POS | INT | 20 | 24 | 11 | (3+(15-7))=x | 3 15 7 - + x = | 3:worksheet 15:worksheet 7:worksheet -:worksheet +:worksheet x:worksheet =:worksheet
EXPR: 0 | POS | INT | 20 | 24 | 25 | x=((3+15)+7) | x 3 15 + 7 + = | x:problem 3:problem 15:problem +:problem 7:problem +:problem =:problem
EXPR: 0 | POS | INT | 20 | 24 | 25 | (3+(15+7))=x | 3 15 7 + + x = | 3:worksheet 15:worksheet 7:worksheet +:worksheet +:worksheet x:worksheet =:worksheet
EXPR: 0 | POS | INT | 20 | 24 | 11 | x=((3+15)-7) | x 3 15 + 7 - = | x:problem 3:problem 15:problem +:problem 7:problem -:problem =:problem
EXPR: 0 | POS | INT | 20 | 24 | 25 | x=(3+(15+7)) | x 3 15 7 + + = | x:worksheet 3:worksheet 15:worksheet 7:worksheet +:worksheet +:worksheet =:worksheet
NET 148 unique, non-negative, integer-valued solutions found out of 1000 total solutions
