parameters: n=7 l=3 k=1 p=5 q=2 m=9
TOTAL 1000 solutions found
SOLN: CORRECT | POS/NEG | INT/FRA | OBJ-SCORE | TRUE-ANS | ANS | INFIX | POSTFIX | TYPED-POSTFIX
EXPR: 1 | POS | INT | 0 | 27 | 27 | x=(9.0*(11-8)) | x 9.0 11 8 - * = | x:money 9.0:money 11:rose 8:rose -:rose *:money =:money
EXPR: 0 | POS | INT | 0 | 27 | 3 | x=(9.0/(11-8)) | x 9.0 11 8 - / = | x:money 9.0:money 11:rose 8:rose -:rose /:money =:money
EXPR: 0 | POS | INT | 0 | 27 | 171 | x=(9.0*(11+8)) | x 9.0 11 8 + * = | x:money 9.0:money 11:rose 8:rose +:rose *:money =:money
EXPR: 0 | POS | INT | 0 | 27 | 3 | (9.0/(11-8))=x | 9.0 11 8 - / x = | 9.0:money 11:rose 8:rose -:rose /:money x:money =:money
EXPR: 1 | POS | INT | 0 | 27 | 27 | (9.0*(11-8))=x | 9.0 11 8 - * x = | 9.0:money 11:rose 8:rose -:rose *:money x:money =:money
EXPR: 0 | POS | INT | 0 | 27 | 171 | (9.0*(11+8))=x | 9.0 11 8 + * x = | 9.0:money 11:rose 8:rose +:rose *:money x:money =:money
EXPR: 1 | POS | INT | 2 | 27 | 27 | 9.0=(x/(11-8)) | 9.0 x 11 8 - / = | 9.0:money x:money 11:rose 8:rose -:rose /:money =:money
EXPR: 0 | POS | INT | 2 | 27 | 171 | 9.0=(x/(11+8)) | 9.0 x 11 8 + / = | 9.0:money x:money 11:rose 8:rose +:rose /:money =:money
EXPR: 0 | POS | INT | 2 | 27 | 3 | 9.0=(x*(11-8)) | 9.0 x 11 8 - * = | 9.0:money x:money 11:rose 8:rose -:rose *:money =:money
EXPR: 0 | POS | INT | 5 | 27 | 171 | ((11+8)*9.0)=x | 11 8 + 9.0 * x = | 11:rose 8:rose +:rose 9.0:money *:money x:money =:money
EXPR: 1 | POS | INT | 5 | 27 | 27 | x=((11-8)*9.0) | x 11 8 - 9.0 * = | x:money 11:rose 8:rose -:rose 9.0:money *:money =:money
EXPR: 0 | POS | INT | 5 | 27 | 171 | x=((11+8)*9.0) | x 11 8 + 9.0 * = | x:money 11:rose 8:rose +:rose 9.0:money *:money =:money
EXPR: 1 | POS | INT | 5 | 27 | 27 | ((11-8)*9.0)=x | 11 8 - 9.0 * x = | 11:rose 8:rose -:rose 9.0:money *:money x:money =:money
EXPR: 1 | POS | INT | 7 | 27 | 27 | (x/(11-8))=9.0 | x 11 8 - / 9.0 = | x:money 11:rose 8:rose -:rose /:money 9.0:money =:money
EXPR: 0 | POS | INT | 7 | 27 | 3 | (x*(11-8))=9.0 | x 11 8 - * 9.0 = | x:money 11:rose 8:rose -:rose *:money 9.0:money =:money
EXPR: 0 | POS | INT | 10 | 27 | 107 | x=((9.0*11)+8) | x 9.0 11 * 8 + = | x:money 9.0:money 11:rose *:money 8:money +:money =:money
EXPR: 0 | POS | INT | 10 | 27 | 107 | ((9.0*11)+8)=x | 9.0 11 * 8 + x = | 9.0:money 11:rose *:rose 8:rose +:rose x:rose =:rose
EXPR: 0 | POS | INT | 10 | 27 | 91 | ((9.0*11)-8)=x | 9.0 11 * 8 - x = | 9.0:money 11:rose *:rose 8:rose -:rose x:rose =:rose
EXPR: 0 | POS | INT | 10 | 27 | 97 | x=(9.0+(11*8)) | x 9.0 11 8 * + = | x:money 9.0:money 11:rose 8:money *:money +:money =:money
EXPR: 0 | POS | INT | 10 | 27 | 91 | x=((9.0*11)-8) | x 9.0 11 * 8 - = | x:rose 9.0:money 11:rose *:rose 8:rose -:rose =:rose
EXPR: 0 | POS | INT | 10 | 27 | 160 | x=((9.0+11)*8) | x 9.0 11 + 8 * = | x:money 9.0:money 11:money +:money 8:rose *:money =:money
EXPR: 0 | POS | INT | 10 | 27 | 160 | ((9.0+11)*8)=x | 9.0 11 + 8 * x = | 9.0:money 11:money +:money 8:rose *:money x:money =:money
EXPR: 0 | POS | INT | 10 | 27 | 97 | (9.0+(11*8))=x | 9.0 11 8 * + x = | 9.0:money 11:money 8:rose *:money +:money x:money =:money
EXPR: 0 | POS | INT | 12 | 27 | 11 | (9.0-(x/11))=8 | 9.0 x 11 / - 8 = | 9.0:money x:money 11:rose /:money -:money 8:money =:money
EXPR: 0 | POS | INT | 12 | 27 | 11 | x=(11*(9.0-8)) | x 11 9.0 8 - * = | x:money 11:rose 9.0:money 8:money -:money *:money =:money
EXPR: 0 | POS | INT | 12 | 27 | 83 | ((9.0*8)+11)=x | 9.0 8 * 11 + x = | 9.0:money 8:rose *:rose 11:rose +:rose x:rose =:rose
EXPR: 0 | POS | INT | 12 | 27 | 97 | ((x-9.0)/11)=8 | x 9.0 - 11 / 8 = | x:money 9.0:money -:money 11:rose /:money 8:money =:money
EXPR: 0 | POS | INT | 12 | 27 | 16 | x=((11-9.0)*8) | x 11 9.0 - 8 * = | x:money 11:money 9.0:money -:money 8:rose *:money =:money
EXPR: 0 | POS | INT | 12 | 27 | 61 | ((9.0*8)-11)=x | 9.0 8 * 11 - x = | 9.0:money 8:rose *:rose 11:rose -:rose x:rose =:rose
EXPR: 0 | POS | INT | 12 | 27 | 91 | ((9.0*11)-x)=8 | 9.0 11 * x - 8 = | 9.0:money 11:rose *:rose x:rose -:rose 8:rose =:rose
EXPR: 0 | POS | INT | 12 | 27 | 83 | (11+(9.0*8))=x | 11 9.0 8 * + x = | 11:rose 9.0:money 8:rose *:rose +:rose x:rose =:rose
EXPR: 0 | POS | INT | 12 | 27 | 79 | ((x+9.0)/11)=8 | x 9.0 + 11 / 8 = | x:money 9.0:money +:money 11:rose /:money 8:money =:money
EXPR: 0 | POS | INT | 12 | 27 | 16 | ((11-9.0)*8)=x | 11 9.0 - 8 * x = | 11:money 9.0:money -:money 8:rose *:money x:money =:money
EXPR: 0 | POS | INT | 12 | 27 | 187 | (11*(9.0+8))=x | 11 9.0 8 + * x = | 11:rose 9.0:money 8:money +:money *:money x:money =:money
EXPR: 0 | POS | INT | 12 | 27 | 79 | ((9.0+x)/11)=8 | 9.0 x + 11 / 8 = | 9.0:money x:money +:money 11:rose /:money 8:money =:money
EXPR: 0 | POS | INT | 12 | 27 | 83 | x=(11+(9.0*8)) | x 11 9.0 8 * + = | x:rose 11:rose 9.0:money 8:rose *:rose +:rose =:rose
EXPR: 0 | POS | INT | 12 | 27 | 187 | x=(11*(9.0+8)) | x 11 9.0 8 + * = | x:money 11:rose 9.0:money 8:money +:money *:money =:money
EXPR: 0 | POS | INT | 12 | 27 | 11 | (11*(9.0-8))=x | 11 9.0 8 - * x = | 11:rose 9.0:money 8:money -:money *:money x:money =:money
EXPR: 0 | POS | INT | 12 | 27 | 61 | x=((9.0*8)-11) | x 9.0 8 * 11 - = | x:money 9.0:money 8:rose *:money 11:money -:money =:money
EXPR: 0 | POS | INT | 12 | 27 | 4 | 9.0=(11-(8/x)) | 9.0 11 8 x / - = | 9.0:rose 11:rose 8:rose x:money /:rose -:rose =:rose
EXPR: 0 | POS | INT | 12 | 27 | 16 | 9.0=(11-(x/8)) | 9.0 11 x 8 / - = | 9.0:money 11:money x:money 8:rose /:money -:money =:money
EXPR: 0 | POS | INT | 12 | 27 | 83 | x=((9.0*8)+11) | x 9.0 8 * 11 + = | x:rose 9.0:money 8:rose *:rose 11:rose +:rose =:rose
EXPR: 0 | POS | INT | 12 | 27 | 97 | 9.0=(x-(11*8)) | 9.0 x 11 8 * - = | 9.0:money x:money 11:money 8:rose *:money -:money =:money
EXPR: 0 | POS | INT | 12 | 27 | 171 | ((x/9.0)-11)=8 | x 9.0 / 11 - 8 = | x:rose 9.0:money /:rose 11:rose -:rose 8:rose =:rose
EXPR: 0 | POS | INT | 12 | 27 | 11 | 9.0=((11/x)+8) | 9.0 11 x / 8 + = | 9.0:rose 11:rose x:money /:rose 8:rose +:rose =:rose
EXPR: 0 | POS | INT | 12 | 27 | 11 | x=((9.0-8)*11) | x 9.0 8 - 11 * = | x:money 9.0:money 8:money -:money 11:rose *:money =:money
EXPR: 0 | POS | INT | 12 | 27 | 187 | x=((9.0+8)*11) | x 9.0 8 + 11 * = | x:money 9.0:money 8:money +:money 11:rose *:money =:money
EXPR: 0 | POS | INT | 12 | 27 | 83 | 9.0=((x-11)/8) | 9.0 x 11 - 8 / = | 9.0:money x:money 11:money -:money 8:rose /:money =:money
EXPR: 0 | POS | INT | 12 | 27 | 61 | 9.0=((11+x)/8) | 9.0 11 x + 8 / = | 9.0:money 11:money x:money +:money 8:rose /:money =:money
EXPR: 0 | POS | INT | 12 | 27 | 79 | 9.0=((11*8)-x) | 9.0 11 8 * x - = | 9.0:money 11:rose 8:money *:money x:money -:money =:money
EXPR: 0 | POS | INT | 12 | 27 | 61 | 9.0=((x+11)/8) | 9.0 x 11 + 8 / = | 9.0:money x:money 11:money +:money 8:rose /:money =:money
EXPR: 0 | POS | INT | 12 | 27 | 11 | (9.0-(11/x))=8 | 9.0 11 x / - 8 = | 9.0:rose 11:rose x:money /:rose -:rose 8:rose =:rose
EXPR: 0 | POS | INT | 12 | 27 | 187 | ((9.0+8)*11)=x | 9.0 8 + 11 * x = | 9.0:money 8:money +:money 11:rose *:money x:money =:money
EXPR: 0 | POS | INT | 12 | 27 | 11 | ((9.0-8)*11)=x | 9.0 8 - 11 * x = | 9.0:money 8:money -:money 11:rose *:money x:money =:money
EXPR: 0 | POS | INT | 12 | 27 | 11 | 9.0=((x/11)+8) | 9.0 x 11 / 8 + = | 9.0:money x:money 11:rose /:money 8:money +:money =:money
EXPR: 0 | POS | INT | 12 | 27 | 187 | 9.0=((x/11)-8) | 9.0 x 11 / 8 - = | 9.0:money x:money 11:rose /:money 8:money -:money =:money
EXPR: 0 | POS | INT | 12 | 27 | 3 | 9.0=((11-8)*x) | 9.0 11 8 - x * = | 9.0:rose 11:rose 8:rose -:rose x:money *:rose =:rose
EXPR: 0 | POS | INT | 14 | 27 | 16 | 11=(9.0+(x/8)) | 11 9.0 x 8 / + = | 11:money 9.0:money x:money 8:rose /:money +:money =:money
EXPR: 0 | POS | INT | 14 | 27 | 61 | ((9.0*8)-x)=11 | 9.0 8 * x - 11 = | 9.0:money 8:rose *:rose x:rose -:rose 11:rose =:rose
EXPR: 0 | POS | INT | 14 | 27 | 171 | 11=((x/9.0)-8) | 11 x 9.0 / 8 - = | 11:rose x:rose 9.0:money /:rose 8:rose -:rose =:rose
EXPR: 0 | POS | INT | 14 | 27 | 11 | 9.0=(8+(x/11)) | 9.0 8 x 11 / + = | 9.0:money 8:money x:money 11:rose /:money +:money =:money
EXPR: 0 | POS | INT | 14 | 27 | 97 | 11=((x-9.0)/8) | 11 x 9.0 - 8 / = | 11:money x:money 9.0:money -:money 8:rose /:money =:money
EXPR: 1 | POS | INT | 14 | 27 | 27 | ((x/9.0)+8)=11 | x 9.0 / 8 + 11 = | x:rose 9.0:money /:rose 8:rose +:rose 11:rose =:rose
EXPR: 0 | POS | INT | 14 | 27 | 83 | 11=(x-(9.0*8)) | 11 x 9.0 8 * - = | 11:money x:money 9.0:money 8:rose *:money -:money =:money
EXPR: 0 | POS | INT | 14 | 27 | 3 | ((9.0/x)+8)=11 | 9.0 x / 8 + 11 = | 9.0:rose x:money /:rose 8:rose +:rose 11:rose =:rose
EXPR: 0 | POS | INT | 14 | 27 | 79 | 11=((x+9.0)/8) | 11 x 9.0 + 8 / = | 11:money x:money 9.0:money +:money 8:rose /:money =:money
EXPR: 0 | POS | INT | 14 | 27 | 11 | 11=(x*(9.0-8)) | 11 x 9.0 8 - * = | 11:rose x:money 9.0:rose 8:rose -:rose *:rose =:rose
EXPR: 1 | POS | INT | 14 | 27 | 27 | 11=((x/9.0)+8) | 11 x 9.0 / 8 + = | 11:rose x:rose 9.0:money /:rose 8:rose +:rose =:rose
EXPR: 0 | POS | INT | 14 | 27 | 16 | (9.0+(x/8))=11 | 9.0 x 8 / + 11 = | 9.0:money x:money 8:rose /:money +:money 11:money =:money
EXPR: 1 | POS | INT | 14 | 27 | 27 | (11-(x/9.0))=8 | 11 x 9.0 / - 8 = | 11:rose x:rose 9.0:money /:rose -:rose 8:rose =:rose
EXPR: 0 | POS | INT | 14 | 27 | 187 | ((x/11)-9.0)=8 | x 11 / 9.0 - 8 = | x:money 11:rose /:money 9.0:money -:money 8:money =:money
EXPR: 0 | POS | INT | 14 | 27 | 79 | ((9.0+x)/8)=11 | 9.0 x + 8 / 11 = | 9.0:money x:money +:money 8:rose /:money 11:money =:money
EXPR: 0 | POS | INT | 14 | 27 | 4 | 11=(9.0+(8/x)) | 11 9.0 8 x / + = | 11:rose 9.0:rose 8:rose x:money /:rose +:rose =:rose
EXPR: 0 | POS | INT | 14 | 27 | 11 | (x*(9.0-8))=11 | x 9.0 8 - * 11 = | x:money 9.0:rose 8:rose -:rose *:rose 11:rose =:rose
EXPR: 0 | POS | INT | 14 | 27 | 171 | ((x/9.0)-8)=11 | x 9.0 / 8 - 11 = | x:rose 9.0:money /:rose 8:rose -:rose 11:rose =:rose
EXPR: 0 | POS | INT | 14 | 27 | 792 | (9.0*8)=(x/11) | 9.0 8 * x 11 / = | 9.0:money 8:rose *:money x:money 11:rose /:money =:money
EXPR: 0 | POS | INT | 14 | 27 | 11 | ((9.0-8)*x)=11 | 9.0 8 - x * 11 = | 9.0:rose 8:rose -:rose x:money *:rose 11:rose =:rose
EXPR: 0 | POS | INT | 14 | 27 | 3 | 11=((9.0/x)+8) | 11 9.0 x / 8 + = | 11:rose 9.0:rose x:money /:rose 8:rose +:rose =:rose
EXPR: 0 | POS | INT | 14 | 27 | 83 | ((x-11)/9.0)=8 | x 11 - 9.0 / 8 = | x:rose 11:rose -:rose 9.0:money /:rose 8:rose =:rose
EXPR: 0 | POS | INT | 14 | 27 | 61 | ((x+11)/9.0)=8 | x 11 + 9.0 / 8 = | x:rose 11:rose +:rose 9.0:money /:rose 8:rose =:rose
EXPR: 0 | POS | INT | 14 | 27 | 91 | 9.0=((x+8)/11) | 9.0 x 8 + 11 / = | 9.0:money x:money 8:money +:money 11:rose /:money =:money
EXPR: 0 | POS | INT | 14 | 27 | 792 | (x/11)=(9.0*8) | x 11 / 9.0 8 * = | x:money 11:rose /:money 9.0:money 8:rose *:money =:money
EXPR: 0 | POS | INT | 14 | 27 | 11 | 11=((9.0-8)*x) | 11 9.0 8 - x * = | 11:rose 9.0:rose 8:rose -:rose x:money *:rose =:rose
EXPR: 0 | POS | INT | 14 | 27 | 91 | 9.0=((8+x)/11) | 9.0 8 x + 11 / = | 9.0:money 8:money x:money +:money 11:rose /:money =:money
EXPR: 0 | POS | INT | 14 | 27 | 4 | (9.0+(8/x))=11 | 9.0 8 x / + 11 = | 9.0:rose 8:rose x:money /:rose +:rose 11:rose =:rose
EXPR: 0 | POS | INT | 14 | 27 | 107 | 9.0=((x-8)/11) | 9.0 x 8 - 11 / = | 9.0:money x:money 8:money -:money 11:rose /:money =:money
EXPR: 0 | POS | INT | 14 | 27 | 97 | ((x-9.0)/8)=11 | x 9.0 - 8 / 11 = | x:money 9.0:money -:money 8:rose /:money 11:money =:money
EXPR: 0 | POS | INT | 14 | 27 | 4 | ((11-9.0)*x)=8 | 11 9.0 - x * 8 = | 11:rose 9.0:rose -:rose x:money *:rose 8:rose =:rose
EXPR: 0 | POS | INT | 14 | 27 | 61 | ((11+x)/9.0)=8 | 11 x + 9.0 / 8 = | 11:rose x:rose +:rose 9.0:money /:rose 8:rose =:rose
EXPR: 0 | POS | INT | 14 | 27 | 61 | 11=((9.0*8)-x) | 11 9.0 8 * x - = | 11:money 9.0:money 8:rose *:money x:money -:money =:money
EXPR: 0 | POS | INT | 14 | 27 | 11 | 9.0=(8+(11/x)) | 9.0 8 11 x / + = | 9.0:rose 8:rose 11:rose x:money /:rose +:rose =:rose
EXPR: 0 | POS | INT | 14 | 27 | 79 | ((x+9.0)/8)=11 | x 9.0 + 8 / 11 = | x:money 9.0:money +:money 8:rose /:money 11:money =:money
EXPR: 0 | POS | INT | 14 | 27 | 4 | (x*(11-9.0))=8 | x 11 9.0 - * 8 = | x:money 11:rose 9.0:rose -:rose *:rose 8:rose =:rose
EXPR: 0 | POS | INT | 14 | 27 | 3 | (11-(9.0/x))=8 | 11 9.0 x / - 8 = | 11:rose 9.0:rose x:money /:rose -:rose 8:rose =:rose
EXPR: 0 | POS | INT | 14 | 27 | 83 | (x-(9.0*8))=11 | x 9.0 8 * - 11 = | x:money 9.0:money 8:rose *:money -:money 11:money =:money
EXPR: 0 | POS | INT | 14 | 27 | 79 | 11=((9.0+x)/8) | 11 9.0 x + 8 / = | 11:money 9.0:money x:money +:money 8:rose /:money =:money
EXPR: 0 | POS | INT | 15 | 27 | 79 | x=((11*8)-9.0) | x 11 8 * 9.0 - = | x:money 11:rose 8:money *:money 9.0:money -:money =:money
EXPR: 0 | POS | INT | 15 | 27 | 97 | x=((11*8)+9.0) | x 11 8 * 9.0 + = | x:money 11:rose 8:money *:money 9.0:money +:money =:money
EXPR: 0 | POS | INT | 15 | 27 | 107 | x=(8+(9.0*11)) | x 8 9.0 11 * + = | x:rose 8:rose 9.0:money 11:rose *:rose +:rose =:rose
EXPR: 0 | POS | INT | 15 | 27 | 79 | ((11*8)-9.0)=x | 11 8 * 9.0 - x = | 11:rose 8:money *:money 9.0:money -:money x:money =:money
EXPR: 0 | POS | INT | 15 | 27 | 97 | ((11*8)+9.0)=x | 11 8 * 9.0 + x = | 11:rose 8:money *:money 9.0:money +:money x:money =:money
EXPR: 0 | POS | INT | 15 | 27 | 160 | (8*(9.0+11))=x | 8 9.0 11 + * x = | 8:rose 9.0:money 11:money +:money *:money x:money =:money
EXPR: 0 | POS | INT | 15 | 27 | 107 | (8+(9.0*11))=x | 8 9.0 11 * + x = | 8:rose 9.0:money 11:rose *:rose +:rose x:rose =:rose
EXPR: 0 | POS | INT | 15 | 27 | 160 | x=(8*(9.0+11)) | x 8 9.0 11 + * = | x:money 8:rose 9.0:money 11:money +:money *:money =:money
EXPR: 0 | POS | INT | 17 | 27 | 187 | ((x/11)-8)=9.0 | x 11 / 8 - 9.0 = | x:money 11:rose /:money 8:money -:money 9.0:money =:money
EXPR: 0 | POS | INT | 17 | 27 | 79 | ((11*8)-x)=9.0 | 11 8 * x - 9.0 = | 11:money 8:rose *:money x:money -:money 9.0:money =:money
EXPR: 0 | POS | INT | 17 | 27 | 171 | 8=((x/9.0)-11) | 8 x 9.0 / 11 - = | 8:rose x:rose 9.0:money /:rose 11:rose -:rose =:rose
EXPR: 1 | POS | INT | 17 | 27 | 27 | (8+(x/9.0))=11 | 8 x 9.0 / + 11 = | 8:rose x:rose 9.0:money /:rose +:rose 11:rose =:rose
EXPR: 0 | POS | INT | 17 | 27 | 91 | 8=((9.0*11)-x) | 8 9.0 11 * x - = | 8:rose 9.0:money 11:rose *:rose x:rose -:rose =:rose
EXPR: 0 | POS | INT | 17 | 27 | 97 | 8=((x-9.0)/11) | 8 x 9.0 - 11 / = | 8:money x:money 9.0:money -:money 11:rose /:money =:money
EXPR: 0 | POS | INT | 17 | 27 | 79 | 8=((x+9.0)/11) | 8 x 9.0 + 11 / = | 8:money x:money 9.0:money +:money 11:rose /:money =:money
EXPR: 0 | POS | INT | 17 | 27 | 107 | 8=(x-(9.0*11)) | 8 x 9.0 11 * - = | 8:rose x:rose 9.0:money 11:rose *:rose -:rose =:rose
EXPR: 0 | POS | INT | 17 | 27 | 16 | (11-(x/8))=9.0 | 11 x 8 / - 9.0 = | 11:money x:money 8:rose /:money -:money 9.0:money =:money
EXPR: 0 | POS | INT | 17 | 27 | 16 | (8*(11-9.0))=x | 8 11 9.0 - * x = | 8:rose 11:money 9.0:money -:money *:money x:money =:money
EXPR: 0 | POS | INT | 17 | 27 | 11 | ((11/x)+8)=9.0 | 11 x / 8 + 9.0 = | 11:rose x:money /:rose 8:rose +:rose 9.0:rose =:rose
EXPR: 0 | POS | INT | 17 | 27 | 160 | ((x/8)-9.0)=11 | x 8 / 9.0 - 11 = | x:money 8:rose /:money 9.0:money -:money 11:money =:money
EXPR: 0 | POS | INT | 17 | 27 | 16 | x=(8*(11-9.0)) | x 8 11 9.0 - * = | x:money 8:rose 11:money 9.0:money -:money *:money =:money
EXPR: 0 | POS | INT | 17 | 27 | 107 | ((x-8)/9.0)=11 | x 8 - 9.0 / 11 = | x:rose 8:rose -:rose 9.0:money /:rose 11:rose =:rose
EXPR: 0 | POS | INT | 17 | 27 | 61 | ((11+x)/8)=9.0 | 11 x + 8 / 9.0 = | 11:money x:money +:money 8:rose /:money 9.0:money =:money
EXPR: 1 | POS | INT | 17 | 27 | 27 | 11=(8+(x/9.0)) | 11 8 x 9.0 / + = | 11:rose 8:rose x:rose 9.0:money /:rose +:rose =:rose
EXPR: 0 | POS | INT | 17 | 27 | 4 | ((8/x)+9.0)=11 | 8 x / 9.0 + 11 = | 8:rose x:money /:rose 9.0:rose +:rose 11:rose =:rose
EXPR: 0 | POS | INT | 17 | 27 | 97 | (x-(11*8))=9.0 | x 11 8 * - 9.0 = | x:money 11:rose 8:money *:money -:money 9.0:money =:money
EXPR: 0 | POS | INT | 17 | 27 | 11 | ((x/11)+8)=9.0 | x 11 / 8 + 9.0 = | x:money 11:rose /:money 8:money +:money 9.0:money =:money
EXPR: 0 | POS | INT | 17 | 27 | 79 | 8=((9.0+x)/11) | 8 9.0 x + 11 / = | 8:money 9.0:money x:money +:money 11:rose /:money =:money
EXPR: 0 | POS | INT | 17 | 27 | 11 | 8=(9.0-(x/11)) | 8 9.0 x 11 / - = | 8:money 9.0:money x:money 11:rose /:money -:money =:money
EXPR: 0 | POS | INT | 17 | 27 | 4 | (11-(8/x))=9.0 | 11 8 x / - 9.0 = | 11:rose 8:rose x:money /:rose -:rose 9.0:rose =:rose
EXPR: 0 | POS | INT | 17 | 27 | 91 | ((x+8)/9.0)=11 | x 8 + 9.0 / 11 = | x:rose 8:rose +:rose 9.0:money /:rose 11:rose =:rose
EXPR: 0 | POS | INT | 17 | 27 | 4 | 11=((8/x)+9.0) | 11 8 x / 9.0 + = | 11:rose 8:rose x:money /:rose 9.0:rose +:rose =:rose
EXPR: 0 | POS | INT | 17 | 27 | 91 | 11=((8+x)/9.0) | 11 8 x + 9.0 / = | 11:rose 8:rose x:rose +:rose 9.0:money /:rose =:rose
EXPR: 0 | POS | INT | 17 | 27 | 16 | ((x/8)+9.0)=11 | x 8 / 9.0 + 11 = | x:money 8:rose /:money 9.0:money +:money 11:money =:money
EXPR: 0 | POS | INT | 17 | 27 | 11 | 8=(9.0-(11/x)) | 8 9.0 11 x / - = | 8:rose 9.0:rose 11:rose x:money /:rose -:rose =:rose
EXPR: 0 | POS | INT | 17 | 27 | 3 | 11=(8+(9.0/x)) | 11 8 9.0 x / + = | 11:rose 8:rose 9.0:rose x:money /:rose +:rose =:rose
EXPR: 0 | POS | INT | 17 | 27 | 91 | ((8+x)/9.0)=11 | 8 x + 9.0 / 11 = | 8:rose x:rose +:rose 9.0:money /:rose 11:rose =:rose
EXPR: 0 | POS | INT | 17 | 27 | 3 | (8+(9.0/x))=11 | 8 9.0 x / + 11 = | 8:rose 9.0:rose x:money /:rose +:rose 11:rose =:rose
EXPR: 0 | POS | INT | 17 | 27 | 83 | ((x-11)/8)=9.0 | x 11 - 8 / 9.0 = | x:money 11:money -:money 8:rose /:money 9.0:money =:money
EXPR: 0 | POS | INT | 17 | 27 | 61 | ((x+11)/8)=9.0 | x 11 + 8 / 9.0 = | x:money 11:money +:money 8:rose /:money 9.0:money =:money
EXPR: 0 | POS | INT | 17 | 27 | 792 | (x/8)=(9.0*11) | x 8 / 9.0 11 * = | x:money 8:rose /:money 9.0:money 11:rose *:money =:money
EXPR: 0 | POS | INT | 17 | 27 | 160 | 11=((x/8)-9.0) | 11 x 8 / 9.0 - = | 11:money x:money 8:rose /:money 9.0:money -:money =:money
EXPR: 0 | POS | INT | 17 | 27 | 107 | 11=((x-8)/9.0) | 11 x 8 - 9.0 / = | 11:rose x:rose 8:rose -:rose 9.0:money /:rose =:rose
EXPR: 0 | POS | INT | 17 | 27 | 91 | 11=((x+8)/9.0) | 11 x 8 + 9.0 / = | 11:rose x:rose 8:rose +:rose 9.0:money /:rose =:rose
EXPR: 0 | POS | INT | 17 | 27 | 16 | 11=((x/8)+9.0) | 11 x 8 / 9.0 + = | 11:money x:money 8:rose /:money 9.0:money +:money =:money
EXPR: 0 | POS | INT | 19 | 27 | 160 | ((x/8)-11)=9.0 | x 8 / 11 - 9.0 = | x:money 8:rose /:money 11:money -:money 9.0:money =:money
EXPR: 0 | POS | INT | 19 | 27 | 61 | 8=((x+11)/9.0) | 8 x 11 + 9.0 / = | 8:rose x:rose 11:rose +:rose 9.0:money /:rose =:rose
EXPR: 0 | POS | INT | 19 | 27 | 4 | 8=(x*(11-9.0)) | 8 x 11 9.0 - * = | 8:rose x:money 11:rose 9.0:rose -:rose *:rose =:rose
EXPR: 0 | POS | INT | 19 | 27 | 83 | 8=((x-11)/9.0) | 8 x 11 - 9.0 / = | 8:rose x:rose 11:rose -:rose 9.0:money /:rose =:rose
EXPR: 0 | POS | INT | 19 | 27 | 187 | 8=((x/11)-9.0) | 8 x 11 / 9.0 - = | 8:money x:money 11:rose /:money 9.0:money -:money =:money
EXPR: 0 | POS | INT | 19 | 27 | 11 | (8+(x/11))=9.0 | 8 x 11 / + 9.0 = | 8:money x:money 11:rose /:money +:money 9.0:money =:money
EXPR: 1 | POS | INT | 19 | 27 | 27 | 8=(11-(x/9.0)) | 8 11 x 9.0 / - = | 8:rose 11:rose x:rose 9.0:money /:rose -:rose =:rose
EXPR: 0 | POS | INT | 19 | 27 | 3 | 8=(11-(9.0/x)) | 8 11 9.0 x / - = | 8:rose 11:rose 9.0:rose x:money /:rose -:rose =:rose
EXPR: 0 | POS | INT | 19 | 27 | 4 | 8=((11-9.0)*x) | 8 11 9.0 - x * = | 8:rose 11:rose 9.0:rose -:rose x:money *:rose =:rose
EXPR: 0 | POS | INT | 19 | 27 | 11 | (8+(11/x))=9.0 | 8 11 x / + 9.0 = | 8:rose 11:rose x:money /:rose +:rose 9.0:rose =:rose
EXPR: 0 | POS | INT | 19 | 27 | 91 | ((8+x)/11)=9.0 | 8 x + 11 / 9.0 = | 8:money x:money +:money 11:rose /:money 9.0:money =:money
EXPR: 0 | POS | INT | 19 | 27 | 61 | 8=((11+x)/9.0) | 8 11 x + 9.0 / = | 8:rose 11:rose x:rose +:rose 9.0:money /:rose =:rose
EXPR: 0 | POS | INT | 19 | 27 | 107 | ((x-8)/11)=9.0 | x 8 - 11 / 9.0 = | x:money 8:money -:money 11:rose /:money 9.0:money =:money
EXPR: 0 | POS | INT | 19 | 27 | 91 | ((x+8)/11)=9.0 | x 8 + 11 / 9.0 = | x:money 8:money +:money 11:rose /:money 9.0:money =:money
EXPR: 0 | POS | INT | 20 | 27 | 6 | x=(9.0-(11-8)) | x 9.0 11 8 - - = | x:rose 9.0:rose 11:rose 8:rose -:rose -:rose =:rose
EXPR: 0 | POS | INT | 20 | 27 | 6 | x=((9.0-11)+8) | x 9.0 11 - 8 + = | x:money 9.0:money 11:money -:money 8:money +:money =:money
EXPR: 0 | POS | INT | 20 | 27 | 28 | ((9.0+11)+8)=x | 9.0 11 + 8 + x = | 9.0:money 11:money +:money 8:money +:money x:money =:money
EXPR: 0 | POS | INT | 20 | 27 | 6 | ((9.0-11)+8)=x | 9.0 11 - 8 + x = | 9.0:money 11:money -:money 8:money +:money x:money =:money
EXPR: 0 | POS | INT | 20 | 27 | 12 | ((9.0+11)-8)=x | 9.0 11 + 8 - x = | 9.0:money 11:money +:money 8:money -:money x:money =:money
EXPR: 0 | POS | INT | 20 | 27 | 12 | x=(9.0+(11-8)) | x 9.0 11 8 - + = | x:money 9.0:money 11:money 8:money -:money +:money =:money
EXPR: 0 | POS | INT | 20 | 27 | 12 | (9.0+(11-8))=x | 9.0 11 8 - + x = | 9.0:rose 11:rose 8:rose -:rose +:rose x:rose =:rose
EXPR: 0 | POS | INT | 20 | 27 | 28 | x=((9.0+11)+8) | x 9.0 11 + 8 + = | x:money 9.0:money 11:money +:money 8:money +:money =:money
EXPR: 0 | POS | INT | 20 | 27 | 6 | (9.0-(11-8))=x | 9.0 11 8 - - x = | 9.0:rose 11:rose 8:rose -:rose -:rose x:rose =:rose
EXPR: 0 | POS | INT | 20 | 27 | 28 | (9.0+(11+8))=x | 9.0 11 8 + + x = | 9.0:rose 11:rose 8:rose +:rose +:rose x:rose =:rose
NET 165 unique, non-negative, integer-valued solutions found out of 1000 total solutions
