parameters: n=7 l=3 k=1 p=5 q=2 m=9
TOTAL 1000 solutions found
SOLN: CORRECT | POS/NEG | INT/FRA | OBJ-SCORE | TRUE-ANS | ANS | INFIX | POSTFIX | TYPED-POSTFIX
EXPR: 1 | POS | INT | 2 | 30 | 30 | ((12-7)*6)=x | 12 7 - 6 * x = | 12:box 7:box -:box 6:piece *:piece x:piece =:piece
EXPR: 0 | POS | INT | 2 | 30 | 114 | ((12+7)*6)=x | 12 7 + 6 * x = | 12:box 7:box +:box 6:piece *:piece x:piece =:piece
EXPR: 1 | POS | INT | 2 | 30 | 30 | x=((12-7)*6) | x 12 7 - 6 * = | x:piece 12:box 7:box -:box 6:piece *:piece =:piece
EXPR: 0 | POS | INT | 2 | 30 | 114 | x=((12+7)*6) | x 12 7 + 6 * = | x:piece 12:box 7:box +:box 6:piece *:piece =:piece
EXPR: 0 | POS | INT | 2 | 30 | 114 | x=(6*(12+7)) | x 6 12 7 + * = | x:piece 6:piece 12:box 7:box +:box *:piece =:piece
EXPR: 1 | POS | INT | 2 | 30 | 30 | x=(6*(12-7)) | x 6 12 7 - * = | x:piece 6:piece 12:box 7:box -:box *:piece =:piece
EXPR: 0 | POS | INT | 2 | 30 | 114 | (6*(12+7))=x | 6 12 7 + * x = | 6:piece 12:box 7:box +:box *:piece x:piece =:piece
EXPR: 1 | POS | INT | 2 | 30 | 30 | (6*(12-7))=x | 6 12 7 - * x = | 6:piece 12:box 7:box -:box *:piece x:piece =:piece
EXPR: 0 | POS | INT | 4 | 30 | 114 | (x/(12+7))=6 | x 12 7 + / 6 = | x:piece 12:box 7:box +:box /:piece 6:piece =:piece
EXPR: 0 | POS | INT | 4 | 30 | 114 | 6=(x/(12+7)) | 6 x 12 7 + / = | 6:piece x:piece 12:box 7:box +:box /:piece =:piece
EXPR: 1 | POS | INT | 4 | 30 | 30 | (x/(12-7))=6 | x 12 7 - / 6 = | x:piece 12:box 7:box -:box /:piece 6:piece =:piece
EXPR: 1 | POS | INT | 4 | 30 | 30 | 6=(x/(12-7)) | 6 x 12 7 - / = | 6:piece x:piece 12:box 7:box -:box /:piece =:piece
EXPR: 0 | POS | INT | 10 | 30 | 126 | ((12+6)*7)=x | 12 6 + 7 * x = | 12:piece 6:piece +:piece 7:box *:piece x:piece =:piece
EXPR: 0 | POS | INT | 10 | 30 | 42 | ((12-6)*7)=x | 12 6 - 7 * x = | 12:piece 6:piece -:piece 7:box *:piece x:piece =:piece
EXPR: 0 | POS | INT | 10 | 30 | 156 | x=(12*(6+7)) | x 12 6 7 + * = | x:piece 12:box 6:piece 7:piece +:piece *:piece =:piece
EXPR: 0 | POS | INT | 10 | 30 | 9 | ((12/6)+7)=x | 12 6 / 7 + x = | 12:box 6:piece /:box 7:box +:box x:box =:box
EXPR: 0 | POS | INT | 10 | 30 | 42 | x=((12-6)*7) | x 12 6 - 7 * = | x:piece 12:piece 6:piece -:piece 7:box *:piece =:piece
EXPR: 0 | POS | INT | 10 | 30 | 65 | ((12*6)-7)=x | 12 6 * 7 - x = | 12:box 6:piece *:piece 7:piece -:piece x:piece =:piece
EXPR: 0 | POS | INT | 10 | 30 | 79 | ((12*6)+7)=x | 12 6 * 7 + x = | 12:box 6:piece *:piece 7:piece +:piece x:piece =:piece
EXPR: 0 | POS | INT | 10 | 30 | 65 | x=((12*6)-7) | x 12 6 * 7 - = | x:piece 12:box 6:piece *:piece 7:piece -:piece =:piece
EXPR: 0 | POS | INT | 10 | 30 | 54 | (12+(6*7))=x | 12 6 7 * + x = | 12:box 6:piece 7:box *:box +:box x:box =:box
EXPR: 0 | POS | INT | 10 | 30 | 79 | x=((12*6)+7) | x 12 6 * 7 + = | x:piece 12:box 6:piece *:piece 7:piece +:piece =:piece
EXPR: 0 | POS | INT | 10 | 30 | 126 | x=((12+6)*7) | x 12 6 + 7 * = | x:piece 12:piece 6:piece +:piece 7:box *:piece =:piece
EXPR: 0 | POS | INT | 10 | 30 | 156 | (12*(6+7))=x | 12 6 7 + * x = | 12:box 6:piece 7:piece +:piece *:piece x:piece =:piece
EXPR: 0 | POS | INT | 10 | 30 | 54 | x=(12+(6*7)) | x 12 6 7 * + = | x:box 12:box 6:piece 7:box *:box +:box =:box
EXPR: 0 | POS | INT | 10 | 30 | 9 | x=((12/6)+7) | x 12 6 / 7 + = | x:box 12:box 6:piece /:box 7:box +:box =:box
EXPR: 1 | POS | INT | 12 | 30 | 30 | 12=((6*7)-x) | 12 6 7 * x - = | 12:piece 6:piece 7:box *:piece x:piece -:piece =:piece
EXPR: 0 | POS | INT | 12 | 30 | 156 | ((x/12)-6)=7 | x 12 / 6 - 7 = | x:piece 12:box /:piece 6:piece -:piece 7:piece =:piece
EXPR: 0 | POS | INT | 12 | 30 | 12 | ((x/12)+6)=7 | x 12 / 6 + 7 = | x:piece 12:box /:piece 6:piece +:piece 7:piece =:piece
EXPR: 0 | POS | INT | 12 | 30 | 90 | x=((12*7)+6) | x 12 7 * 6 + = | x:piece 12:box 7:piece *:piece 6:piece +:piece =:piece
EXPR: 0 | POS | INT | 12 | 30 | 78 | 12=((x+6)/7) | 12 x 6 + 7 / = | 12:piece x:piece 6:piece +:piece 7:box /:piece =:piece
EXPR: 0 | POS | INT | 12 | 30 | 114 | 12=((x/6)-7) | 12 x 6 / 7 - = | 12:box x:box 6:piece /:box 7:box -:box =:box
EXPR: 1 | POS | INT | 12 | 30 | 30 | 12=((x/6)+7) | 12 x 6 / 7 + = | 12:box x:box 6:piece /:box 7:box +:box =:box
EXPR: 0 | POS | INT | 12 | 30 | 504 | (x/12)=(6*7) | x 12 / 6 7 * = | x:piece 12:box /:piece 6:piece 7:box *:piece =:piece
EXPR: 0 | POS | INT | 12 | 30 | 12 | x=(12*(7-6)) | x 12 7 6 - * = | x:piece 12:box 7:piece 6:piece -:piece *:piece =:piece
EXPR: 0 | POS | INT | 12 | 30 | 90 | 12=((x-6)/7) | 12 x 6 - 7 / = | 12:piece x:piece 6:piece -:piece 7:box /:piece =:piece
EXPR: 0 | POS | INT | 12 | 30 | 78 | ((12*7)-6)=x | 12 7 * 6 - x = | 12:box 7:piece *:piece 6:piece -:piece x:piece =:piece
EXPR: 0 | POS | INT | 12 | 30 | 90 | ((12*7)+6)=x | 12 7 * 6 + x = | 12:box 7:piece *:piece 6:piece +:piece x:piece =:piece
EXPR: 0 | POS | INT | 12 | 30 | 79 | (x-(12*6))=7 | x 12 6 * - 7 = | x:piece 12:box 6:piece *:piece -:piece 7:piece =:piece
EXPR: 0 | POS | INT | 12 | 30 | 54 | ((x-12)/6)=7 | x 12 - 6 / 7 = | x:box 12:box -:box 6:piece /:box 7:box =:box
EXPR: 1 | POS | INT | 12 | 30 | 30 | ((x+12)/6)=7 | x 12 + 6 / 7 = | x:box 12:box +:box 6:piece /:box 7:box =:box
EXPR: 0 | POS | INT | 12 | 30 | 78 | x=((12*7)-6) | x 12 7 * 6 - = | x:piece 12:box 7:piece *:piece 6:piece -:piece =:piece
EXPR: 0 | POS | INT | 12 | 30 | 12 | (12*(7-6))=x | 12 7 6 - * x = | 12:box 7:piece 6:piece -:piece *:piece x:piece =:piece
EXPR: 0 | POS | INT | 12 | 30 | 90 | x=(6+(12*7)) | x 6 12 7 * + = | x:piece 6:piece 12:piece 7:box *:piece +:piece =:piece
EXPR: 0 | POS | INT | 12 | 30 | 5 | (x+(12/6))=7 | x 12 6 / + 7 = | x:box 12:box 6:piece /:box +:box 7:box =:box
EXPR: 0 | POS | INT | 12 | 30 | 5 | ((12/6)+x)=7 | 12 6 / x + 7 = | 12:box 6:piece /:box x:box +:box 7:box =:box
EXPR: 0 | POS | INT | 12 | 30 | 65 | ((12*6)-x)=7 | 12 6 * x - 7 = | 12:box 6:piece *:box x:box -:box 7:box =:box
EXPR: 0 | POS | INT | 12 | 30 | 42 | 12=(6+(x/7)) | 12 6 x 7 / + = | 12:piece 6:piece x:piece 7:box /:piece +:piece =:piece
EXPR: 0 | POS | INT | 12 | 30 | 54 | 12=(x-(6*7)) | 12 x 6 7 * - = | 12:box x:box 6:piece 7:box *:box -:box =:box
EXPR: 0 | POS | INT | 12 | 30 | 9 | (x-(12/6))=7 | x 12 6 / - 7 = | x:box 12:box 6:piece /:box -:box 7:box =:box
EXPR: 0 | POS | INT | 12 | 30 | 90 | (6+(12*7))=x | 6 12 7 * + x = | 6:piece 12:box 7:piece *:piece +:piece x:piece =:piece
EXPR: 0 | POS | INT | 12 | 30 | 12 | ((12/x)+6)=7 | 12 x / 6 + 7 = | 12:box x:piece /:box 6:box +:box 7:box =:box
EXPR: 0 | POS | INT | 12 | 30 | 78 | 12=((6+x)/7) | 12 6 x + 7 / = | 12:piece 6:piece x:piece +:piece 7:box /:piece =:piece
EXPR: 0 | POS | INT | 12 | 30 | 5 | 12=(6*(7-x)) | 12 6 7 x - * = | 12:box 6:piece 7:box x:box -:box *:box =:box
EXPR: 1 | POS | INT | 12 | 30 | 30 | (12-(x/6))=7 | 12 x 6 / - 7 = | 12:box x:box 6:piece /:box -:box 7:box =:box
EXPR: 0 | POS | INT | 14 | 30 | 54 | ((x-12)/7)=6 | x 12 - 7 / 6 = | x:piece 12:piece -:piece 7:box /:piece 6:piece =:piece
EXPR: 0 | POS | INT | 14 | 30 | 156 | ((x/12)-7)=6 | x 12 / 7 - 6 = | x:piece 12:box /:piece 7:piece -:piece 6:piece =:piece
EXPR: 0 | POS | INT | 14 | 30 | 90 | ((x-6)/12)=7 | x 6 - 12 / 7 = | x:piece 6:piece -:piece 12:box /:piece 7:piece =:piece
EXPR: 1 | POS | INT | 14 | 30 | 30 | 6=((12+x)/7) | 6 12 x + 7 / = | 6:piece 12:piece x:piece +:piece 7:box /:piece =:piece
EXPR: 1 | POS | INT | 14 | 30 | 30 | ((12+x)/7)=6 | 12 x + 7 / 6 = | 12:piece x:piece +:piece 7:box /:piece 6:piece =:piece
EXPR: 0 | POS | INT | 14 | 30 | 90 | 6=(x-(12*7)) | 6 x 12 7 * - = | 6:piece x:piece 12:box 7:piece *:piece -:piece =:piece
EXPR: 0 | POS | INT | 14 | 30 | 78 | ((6+x)/12)=7 | 6 x + 12 / 7 = | 6:piece x:piece +:piece 12:box /:piece 7:piece =:piece
EXPR: 0 | POS | INT | 14 | 30 | 42 | 6=(12-(x/7)) | 6 12 x 7 / - = | 6:piece 12:piece x:piece 7:box /:piece -:piece =:piece
EXPR: 0 | POS | INT | 14 | 30 | 78 | ((12*7)-x)=6 | 12 7 * x - 6 = | 12:piece 7:box *:piece x:piece -:piece 6:piece =:piece
EXPR: 0 | POS | INT | 14 | 30 | 42 | (12-(x/7))=6 | 12 x 7 / - 6 = | 12:piece x:piece 7:box /:piece -:piece 6:piece =:piece
EXPR: 0 | POS | INT | 14 | 30 | 90 | (x-(12*7))=6 | x 12 7 * - 6 = | x:piece 12:piece 7:box *:piece -:piece 6:piece =:piece
EXPR: 1 | POS | INT | 14 | 30 | 30 | 6=((x+12)/7) | 6 x 12 + 7 / = | 6:piece x:piece 12:piece +:piece 7:box /:piece =:piece
EXPR: 0 | POS | INT | 14 | 30 | 9 | 12=((x-7)*6) | 12 x 7 - 6 * = | 12:box x:box 7:box -:box 6:piece *:box =:box
EXPR: 0 | POS | INT | 14 | 30 | 78 | 6=((12*7)-x) | 6 12 7 * x - = | 6:piece 12:piece 7:box *:piece x:piece -:piece =:piece
EXPR: 0 | POS | INT | 14 | 30 | 79 | 12=((x-7)/6) | 12 x 7 - 6 / = | 12:box x:box 7:box -:box 6:piece /:box =:box
EXPR: 0 | POS | INT | 14 | 30 | 42 | 12=((x/7)+6) | 12 x 7 / 6 + = | 12:piece x:piece 7:box /:piece 6:piece +:piece =:piece
EXPR: 0 | POS | INT | 14 | 30 | 12 | 12=((7-6)*x) | 12 7 6 - x * = | 12:box 7:box 6:box -:box x:piece *:box =:box
EXPR: 0 | POS | INT | 14 | 30 | 12 | (6+(x/12))=7 | 6 x 12 / + 7 = | 6:piece x:piece 12:box /:piece +:piece 7:piece =:piece
EXPR: 0 | POS | INT | 14 | 30 | 5 | 12=((7-x)*6) | 12 7 x - 6 * = | 12:box 7:box x:box -:box 6:piece *:box =:box
EXPR: 0 | POS | INT | 14 | 30 | 54 | 6=((x-12)/7) | 6 x 12 - 7 / = | 6:piece x:piece 12:piece -:piece 7:box /:piece =:piece
EXPR: 0 | POS | INT | 14 | 30 | 114 | ((x/6)-12)=7 | x 6 / 12 - 7 = | x:box 6:piece /:box 12:box -:box 7:box =:box
EXPR: 1 | POS | INT | 14 | 30 | 30 | 12=(7+(x/6)) | 12 7 x 6 / + = | 12:box 7:box x:box 6:piece /:box +:box =:box
EXPR: 0 | POS | INT | 14 | 30 | 12 | (6+(12/x))=7 | 6 12 x / + 7 = | 6:box 12:box x:piece /:box +:box 7:box =:box
EXPR: 0 | POS | INT | 14 | 30 | 156 | 6=((x/12)-7) | 6 x 12 / 7 - = | 6:piece x:piece 12:box /:piece 7:piece -:piece =:piece
EXPR: 0 | POS | INT | 14 | 30 | 65 | 12=((x+7)/6) | 12 x 7 + 6 / = | 12:box x:box 7:box +:box 6:piece /:box =:box
EXPR: 0 | POS | INT | 14 | 30 | 126 | 12=((x/7)-6) | 12 x 7 / 6 - = | 12:piece x:piece 7:box /:piece 6:piece -:piece =:piece
EXPR: 0 | POS | INT | 14 | 30 | 12 | 12=(x*(7-6)) | 12 x 7 6 - * = | 12:box x:piece 7:box 6:box -:box *:box =:box
EXPR: 0 | POS | INT | 14 | 30 | 65 | 12=((7+x)/6) | 12 7 x + 6 / = | 12:box 7:box x:box +:box 6:piece /:box =:box
EXPR: 0 | POS | INT | 15 | 30 | 42 | x=(7*(12-6)) | x 7 12 6 - * = | x:piece 7:box 12:piece 6:piece -:piece *:piece =:piece
EXPR: 0 | POS | INT | 15 | 30 | 79 | (7+(12*6))=x | 7 12 6 * + x = | 7:box 12:box 6:piece *:box +:box x:box =:box
EXPR: 0 | POS | INT | 15 | 30 | 9 | (7+(12/6))=x | 7 12 6 / + x = | 7:box 12:box 6:piece /:box +:box x:box =:box
EXPR: 0 | POS | INT | 15 | 30 | 126 | x=(7*(12+6)) | x 7 12 6 + * = | x:piece 7:box 12:piece 6:piece +:piece *:piece =:piece
EXPR: 0 | POS | INT | 15 | 30 | 126 | (7*(12+6))=x | 7 12 6 + * x = | 7:box 12:piece 6:piece +:piece *:piece x:piece =:piece
EXPR: 1 | POS | INT | 15 | 30 | 30 | ((6*7)-12)=x | 6 7 * 12 - x = | 6:piece 7:box *:piece 12:piece -:piece x:piece =:piece
EXPR: 0 | POS | INT | 15 | 30 | 54 | ((6*7)+12)=x | 6 7 * 12 + x = | 6:piece 7:box *:piece 12:piece +:piece x:piece =:piece
EXPR: 0 | POS | INT | 15 | 30 | 79 | x=(7+(12*6)) | x 7 12 6 * + = | x:piece 7:piece 12:box 6:piece *:piece +:piece =:piece
EXPR: 1 | POS | INT | 15 | 30 | 30 | x=((6*7)-12) | x 6 7 * 12 - = | x:box 6:piece 7:box *:box 12:box -:box =:box
EXPR: 0 | POS | INT | 15 | 30 | 54 | x=((6*7)+12) | x 6 7 * 12 + = | x:box 6:piece 7:box *:box 12:box +:box =:box
EXPR: 0 | POS | INT | 15 | 30 | 156 | x=((6+7)*12) | x 6 7 + 12 * = | x:piece 6:piece 7:piece +:piece 12:box *:piece =:piece
EXPR: 0 | POS | INT | 15 | 30 | 156 | ((6+7)*12)=x | 6 7 + 12 * x = | 6:piece 7:piece +:piece 12:box *:piece x:piece =:piece
EXPR: 0 | POS | INT | 15 | 30 | 5 | (7-(12/6))=x | 7 12 6 / - x = | 7:box 12:box 6:piece /:box -:box x:box =:box
EXPR: 0 | POS | INT | 15 | 30 | 42 | (7*(12-6))=x | 7 12 6 - * x = | 7:box 12:piece 6:piece -:piece *:piece x:piece =:piece
EXPR: 0 | POS | INT | 15 | 30 | 5 | x=(7-(12/6)) | x 7 12 6 / - = | x:box 7:box 12:box 6:piece /:box -:box =:box
EXPR: 0 | POS | INT | 15 | 30 | 9 | x=(7+(12/6)) | x 7 12 6 / + = | x:box 7:box 12:box 6:piece /:box +:box =:box
EXPR: 0 | POS | INT | 17 | 30 | 114 | ((x/6)-7)=12 | x 6 / 7 - 12 = | x:box 6:piece /:box 7:box -:box 12:box =:box
EXPR: 0 | POS | INT | 17 | 30 | 54 | (x-(6*7))=12 | x 6 7 * - 12 = | x:box 6:piece 7:box *:box -:box 12:box =:box
EXPR: 0 | POS | INT | 17 | 30 | 65 | 7=((12*6)-x) | 7 12 6 * x - = | 7:piece 12:box 6:piece *:piece x:piece -:piece =:piece
EXPR: 1 | POS | INT | 17 | 30 | 30 | ((x/6)+7)=12 | x 6 / 7 + 12 = | x:box 6:piece /:box 7:box +:box 12:box =:box
EXPR: 0 | POS | INT | 17 | 30 | 90 | ((x-6)/7)=12 | x 6 - 7 / 12 = | x:piece 6:piece -:piece 7:box /:piece 12:piece =:piece
EXPR: 0 | POS | INT | 17 | 30 | 65 | 6=((x+7)/12) | 6 x 7 + 12 / = | 6:piece x:piece 7:piece +:piece 12:box /:piece =:piece
EXPR: 0 | POS | INT | 17 | 30 | 79 | ((x-7)/12)=6 | x 7 - 12 / 6 = | x:piece 7:piece -:piece 12:box /:piece 6:piece =:piece
EXPR: 0 | POS | INT | 17 | 30 | 504 | (x/7)=(12*6) | x 7 / 12 6 * = | x:piece 7:box /:piece 12:box 6:piece *:piece =:piece
EXPR: 0 | POS | INT | 17 | 30 | 156 | 7=((x/12)-6) | 7 x 12 / 6 - = | 7:piece x:piece 12:box /:piece 6:piece -:piece =:piece
EXPR: 0 | POS | INT | 17 | 30 | 9 | (6*(x-7))=12 | 6 x 7 - * 12 = | 6:piece x:box 7:box -:box *:box 12:box =:box
EXPR: 0 | POS | INT | 17 | 30 | 5 | 7=((12/6)+x) | 7 12 6 / x + = | 7:box 12:box 6:piece /:box x:box +:box =:box
EXPR: 0 | POS | INT | 17 | 30 | 5 | (6*(7-x))=12 | 6 7 x - * 12 = | 6:piece 7:box x:box -:box *:box 12:box =:box
EXPR: 0 | POS | INT | 17 | 30 | 79 | 7=(x-(12*6)) | 7 x 12 6 * - = | 7:box x:box 12:box 6:piece *:box -:box =:box
EXPR: 0 | POS | INT | 17 | 30 | 9 | 7=(x-(12/6)) | 7 x 12 6 / - = | 7:box x:box 12:box 6:piece /:box -:box =:box
EXPR: 0 | POS | INT | 17 | 30 | 78 | ((6+x)/7)=12 | 6 x + 7 / 12 = | 6:piece x:piece +:piece 7:box /:piece 12:piece =:piece
EXPR: 0 | POS | INT | 17 | 30 | 5 | 7=(x+(12/6)) | 7 x 12 6 / + = | 7:box x:box 12:box 6:piece /:box +:box =:box
EXPR: 0 | POS | INT | 17 | 30 | 12 | 6=(7-(12/x)) | 6 7 12 x / - = | 6:box 7:box 12:box x:piece /:box -:box =:box
EXPR: 0 | POS | INT | 17 | 30 | 12 | (7-(x/12))=6 | 7 x 12 / - 6 = | 7:piece x:piece 12:box /:piece -:piece 6:piece =:piece
EXPR: 0 | POS | INT | 17 | 30 | 126 | ((x/7)-12)=6 | x 7 / 12 - 6 = | x:piece 7:box /:piece 12:piece -:piece 6:piece =:piece
EXPR: 1 | POS | INT | 17 | 30 | 30 | ((6*7)-x)=12 | 6 7 * x - 12 = | 6:piece 7:box *:box x:box -:box 12:box =:box
EXPR: 0 | POS | INT | 17 | 30 | 42 | (6+(x/7))=12 | 6 x 7 / + 12 = | 6:piece x:piece 7:box /:piece +:piece 12:piece =:piece
EXPR: 0 | POS | INT | 17 | 30 | 12 | 6=(7-(x/12)) | 6 7 x 12 / - = | 6:piece 7:piece x:piece 12:box /:piece -:piece =:piece
EXPR: 1 | POS | INT | 17 | 30 | 30 | 7=((12+x)/6) | 7 12 x + 6 / = | 7:box 12:box x:box +:box 6:piece /:box =:box
EXPR: 0 | POS | INT | 17 | 30 | 12 | 7=((12/x)+6) | 7 12 x / 6 + = | 7:box 12:box x:piece /:box 6:box +:box =:box
EXPR: 0 | POS | INT | 17 | 30 | 12 | x=((7-6)*12) | x 7 6 - 12 * = | x:piece 7:piece 6:piece -:piece 12:box *:piece =:piece
EXPR: 0 | POS | INT | 17 | 30 | 79 | 6=((x-7)/12) | 6 x 7 - 12 / = | 6:piece x:piece 7:piece -:piece 12:box /:piece =:piece
EXPR: 0 | POS | INT | 17 | 30 | 12 | ((7-6)*12)=x | 7 6 - 12 * x = | 7:piece 6:piece -:piece 12:box *:piece x:piece =:piece
EXPR: 0 | POS | INT | 17 | 30 | 54 | 7=((x-12)/6) | 7 x 12 - 6 / = | 7:box x:box 12:box -:box 6:piece /:box =:box
EXPR: 0 | POS | INT | 17 | 30 | 12 | 7=((x/12)+6) | 7 x 12 / 6 + = | 7:piece x:piece 12:box /:piece 6:piece +:piece =:piece
EXPR: 0 | POS | INT | 17 | 30 | 65 | 6=((7+x)/12) | 6 7 x + 12 / = | 6:piece 7:piece x:piece +:piece 12:box /:piece =:piece
EXPR: 0 | POS | INT | 17 | 30 | 504 | (6*7)=(x/12) | 6 7 * x 12 / = | 6:piece 7:box *:piece x:piece 12:box /:piece =:piece
EXPR: 0 | POS | INT | 17 | 30 | 65 | ((7+x)/12)=6 | 7 x + 12 / 6 = | 7:piece x:piece +:piece 12:box /:piece 6:piece =:piece
EXPR: 0 | POS | INT | 17 | 30 | 12 | (7-(12/x))=6 | 7 12 x / - 6 = | 7:box 12:box x:piece /:box -:box 6:box =:box
EXPR: 0 | POS | INT | 17 | 30 | 126 | 6=((x/7)-12) | 6 x 7 / 12 - = | 6:piece x:piece 7:box /:piece 12:piece -:piece =:piece
EXPR: 0 | POS | INT | 19 | 30 | 9 | ((x-7)*6)=12 | x 7 - 6 * 12 = | x:box 7:box -:box 6:piece *:box 12:box =:box
EXPR: 0 | POS | INT | 19 | 30 | 79 | ((x-7)/6)=12 | x 7 - 6 / 12 = | x:box 7:box -:box 6:piece /:box 12:box =:box
EXPR: 0 | POS | INT | 19 | 30 | 65 | ((x+7)/6)=12 | x 7 + 6 / 12 = | x:box 7:box +:box 6:piece /:box 12:box =:box
EXPR: 0 | POS | INT | 19 | 30 | 126 | ((x/7)-6)=12 | x 7 / 6 - 12 = | x:piece 7:box /:piece 6:piece -:piece 12:piece =:piece
EXPR: 0 | POS | INT | 19 | 30 | 42 | ((x/7)+6)=12 | x 7 / 6 + 12 = | x:piece 7:box /:piece 6:piece +:piece 12:piece =:piece
EXPR: 0 | POS | INT | 19 | 30 | 90 | 7=((x-6)/12) | 7 x 6 - 12 / = | 7:piece x:piece 6:piece -:piece 12:box /:piece =:piece
EXPR: 0 | POS | INT | 19 | 30 | 114 | 7=((x/6)-12) | 7 x 6 / 12 - = | 7:box x:box 6:piece /:box 12:box -:box =:box
EXPR: 0 | POS | INT | 19 | 30 | 12 | (x*(7-6))=12 | x 7 6 - * 12 = | x:piece 7:box 6:box -:box *:box 12:box =:box
EXPR: 0 | POS | INT | 19 | 30 | 5 | ((7-x)*6)=12 | 7 x - 6 * 12 = | 7:box x:box -:box 6:piece *:box 12:box =:box
EXPR: 0 | POS | INT | 19 | 30 | 12 | ((7-6)*x)=12 | 7 6 - x * 12 = | 7:box 6:box -:box x:piece *:box 12:box =:box
EXPR: 1 | POS | INT | 19 | 30 | 30 | (7+(x/6))=12 | 7 x 6 / + 12 = | 7:box x:box 6:piece /:box +:box 12:box =:box
EXPR: 0 | POS | INT | 19 | 30 | 78 | 7=((x+6)/12) | 7 x 6 + 12 / = | 7:piece x:piece 6:piece +:piece 12:box /:piece =:piece
EXPR: 0 | POS | INT | 19 | 30 | 12 | 7=(6+(12/x)) | 7 6 12 x / + = | 7:box 6:box 12:box x:piece /:box +:box =:box
EXPR: 0 | POS | INT | 19 | 30 | 78 | 7=((6+x)/12) | 7 6 x + 12 / = | 7:piece 6:piece x:piece +:piece 12:box /:piece =:piece
EXPR: 0 | POS | INT | 19 | 30 | 12 | 7=(6+(x/12)) | 7 6 x 12 / + = | 7:piece 6:piece x:piece 12:box /:piece +:piece =:piece
EXPR: 0 | POS | INT | 20 | 30 | 11 | x=((12+6)-7) | x 12 6 + 7 - = | x:piece 12:piece 6:piece +:piece 7:piece -:piece =:piece
EXPR: 0 | POS | INT | 20 | 30 | 25 | x=((12+6)+7) | x 12 6 + 7 + = | x:piece 12:piece 6:piece +:piece 7:piece +:piece =:piece
EXPR: 0 | POS | INT | 20 | 30 | 25 | x=(12+(6+7)) | x 12 6 7 + + = | x:piece 12:piece 6:piece 7:piece +:piece +:piece =:piece
EXPR: 0 | POS | INT | 20 | 30 | 11 | x=(12+(6-7)) | x 12 6 7 - + = | x:piece 12:piece 6:piece 7:piece -:piece +:piece =:piece
EXPR: 0 | POS | INT | 20 | 30 | 13 | ((12-6)+7)=x | 12 6 - 7 + x = | 12:piece 6:piece -:piece 7:piece +:piece x:piece =:piece
EXPR: 0 | POS | INT | 20 | 30 | 13 | x=(12-(6-7)) | x 12 6 7 - - = | x:box 12:box 6:box 7:box -:box -:box =:box
EXPR: 0 | POS | INT | 20 | 30 | 25 | (12+(6+7))=x | 12 6 7 + + x = | 12:box 6:box 7:box +:box +:box x:box =:box
NET 155 unique, non-negative, integer-valued solutions found out of 1000 total solutions
