parameters: n=7 l=3 k=1 p=5 q=3 m=9
TOTAL 1000 solutions found
SOLN: CORRECT | POS/NEG | INT/FRA | OBJ-SCORE | TRUE-ANS | ANS | INFIX | POSTFIX | TYPED-POSTFIX
EXPR: 0 | POS | INT | 10 | 54 | 118 | ((7*16)+6)=x | 7 16 * 6 + x = | 7:brownie 16:cup *:cup 6:cup +:cup x:cup =:cup
EXPR: 0 | POS | INT | 10 | 54 | 154 | x=(7*(16+6)) | x 7 16 6 + * = | x:cup 7:brownie 16:cup 6:cup +:cup *:cup =:cup
EXPR: 0 | POS | INT | 10 | 54 | 118 | x=((7*16)+6) | x 7 16 * 6 + = | x:cup 7:cup 16:total *:cup 6:cup +:cup =:cup
EXPR: 0 | POS | INT | 10 | 54 | 103 | x=(7+(16*6)) | x 7 16 6 * + = | x:cup 7:cup 16:total 6:cup *:cup +:cup =:cup
EXPR: 0 | POS | INT | 10 | 54 | 138 | x=((7+16)*6) | x 7 16 + 6 * = | x:cup 7:brownie 16:brownie +:brownie 6:cup *:cup =:cup
EXPR: 0 | POS | INT | 10 | 54 | 106 | x=((7*16)-6) | x 7 16 * 6 - = | x:cup 7:cup 16:total *:cup 6:cup -:cup =:cup
EXPR: 0 | POS | INT | 10 | 54 | 70 | x=(7*(16-6)) | x 7 16 6 - * = | x:cup 7:brownie 16:cup 6:cup -:cup *:cup =:cup
EXPR: 0 | POS | INT | 10 | 54 | 138 | ((7+16)*6)=x | 7 16 + 6 * x = | 7:total 16:total +:total 6:cup *:cup x:cup =:cup
EXPR: 0 | POS | INT | 10 | 54 | 106 | ((7*16)-6)=x | 7 16 * 6 - x = | 7:cup 16:total *:cup 6:cup -:cup x:cup =:cup
EXPR: 0 | POS | INT | 10 | 54 | 154 | (7*(16+6))=x | 7 16 6 + * x = | 7:brownie 16:cup 6:cup +:cup *:cup x:cup =:cup
EXPR: 0 | POS | INT | 10 | 54 | 70 | (7*(16-6))=x | 7 16 6 - * x = | 7:brownie 16:cup 6:cup -:cup *:cup x:cup =:cup
EXPR: 0 | POS | INT | 10 | 54 | 103 | (7+(16*6))=x | 7 16 6 * + x = | 7:cup 16:total 6:cup *:cup +:cup x:cup =:cup
EXPR: 0 | POS | INT | 12 | 54 | 58 | ((7*6)+16)=x | 7 6 * 16 + x = | 7:brownie 6:cup *:cup 16:cup +:cup x:cup =:cup
EXPR: 0 | POS | INT | 12 | 54 | 16 | (7-(x/16))=6 | 7 x 16 / - 6 = | 7:cup x:cup 16:total /:cup -:cup 6:cup =:cup
EXPR: 0 | POS | INT | 12 | 54 | 58 | x=((7*6)+16) | x 7 6 * 16 + = | x:cup 7:brownie 6:cup *:cup 16:cup +:cup =:cup
EXPR: 0 | POS | INT | 12 | 54 | 106 | ((7*16)-x)=6 | 7 16 * x - 6 = | 7:cup 16:total *:cup x:cup -:cup 6:cup =:cup
EXPR: 0 | POS | INT | 12 | 54 | 16 | (16*(7-6))=x | 16 7 6 - * x = | 16:total 7:cup 6:cup -:cup *:cup x:cup =:cup
EXPR: 0 | POS | INT | 12 | 54 | 208 | (16*(7+6))=x | 16 7 6 + * x = | 16:total 7:cup 6:cup +:cup *:cup x:cup =:cup
EXPR: 0 | POS | INT | 12 | 54 | 138 | (x/(7+16))=6 | x 7 16 + / 6 = | x:cup 7:brownie 16:brownie +:brownie /:cup 6:cup =:cup
EXPR: 0 | POS | INT | 12 | 54 | 16 | ((7-6)*16)=x | 7 6 - 16 * x = | 7:cup 6:cup -:cup 16:total *:cup x:cup =:cup
EXPR: 0 | POS | INT | 12 | 54 | 208 | ((7+6)*16)=x | 7 6 + 16 * x = | 7:cup 6:cup +:cup 16:total *:cup x:cup =:cup
EXPR: 1 | POS | INT | 12 | 54 | 54 | x=((16-7)*6) | x 16 7 - 6 * = | x:cup 16:brownie 7:brownie -:brownie 6:cup *:cup =:cup
EXPR: 0 | POS | INT | 12 | 54 | 672 | (x/7)=(16*6) | x 7 / 16 6 * = | x:cup 7:brownie /:cup 16:total 6:cup *:cup =:cup
EXPR: 0 | POS | INT | 12 | 54 | 89 | ((7+x)/16)=6 | 7 x + 16 / 6 = | 7:cup x:cup +:cup 16:total /:cup 6:cup =:cup
EXPR: 0 | POS | INT | 12 | 54 | 103 | 7=(x-(16*6)) | 7 x 16 6 * - = | 7:cup x:cup 16:total 6:cup *:cup -:cup =:cup
EXPR: 1 | POS | INT | 12 | 54 | 54 | ((16-7)*6)=x | 16 7 - 6 * x = | 16:brownie 7:brownie -:brownie 6:cup *:cup x:cup =:cup
EXPR: 0 | POS | INT | 12 | 54 | 118 | (x-(7*16))=6 | x 7 16 * - 6 = | x:cup 7:cup 16:total *:cup -:cup 6:cup =:cup
EXPR: 0 | POS | INT | 12 | 54 | 16 | x=((7-6)*16) | x 7 6 - 16 * = | x:cup 7:cup 6:cup -:cup 16:total *:cup =:cup
EXPR: 0 | POS | INT | 12 | 54 | 16 | 7=((x/16)+6) | 7 x 16 / 6 + = | 7:cup x:cup 16:total /:cup 6:cup +:cup =:cup
EXPR: 0 | POS | INT | 12 | 54 | 58 | (16+(7*6))=x | 16 7 6 * + x = | 16:cup 7:brownie 6:cup *:cup +:cup x:cup =:cup
EXPR: 0 | POS | INT | 12 | 54 | 58 | x=(16+(7*6)) | x 16 7 6 * + = | x:cup 16:cup 7:brownie 6:cup *:cup +:cup =:cup
EXPR: 0 | POS | INT | 14 | 54 | 26 | ((7*6)-x)=16 | 7 6 * x - 16 = | 7:brownie 6:cup *:cup x:cup -:cup 16:cup =:cup
EXPR: 1 | POS | INT | 14 | 54 | 54 | (x/(16-7))=6 | x 16 7 - / 6 = | x:cup 16:total 7:total -:total /:cup 6:cup =:cup
EXPR: 0 | POS | INT | 14 | 54 | 118 | 7=((x-6)/16) | 7 x 6 - 16 / = | 7:cup x:cup 6:cup -:cup 16:total /:cup =:cup
EXPR: 0 | POS | INT | 14 | 54 | 106 | 7=((x+6)/16) | 7 x 6 + 16 / = | 7:cup x:cup 6:cup +:cup 16:total /:cup =:cup
EXPR: 0 | POS | INT | 14 | 54 | 58 | 16=(x-(7*6)) | 16 x 7 6 * - = | 16:cup x:cup 7:brownie 6:cup *:cup -:cup =:cup
EXPR: 0 | POS | INT | 14 | 54 | 70 | 16=((x/7)+6) | 16 x 7 / 6 + = | 16:cup x:cup 7:brownie /:cup 6:cup +:cup =:cup
EXPR: 0 | POS | INT | 14 | 54 | 154 | 16=((x/7)-6) | 16 x 7 / 6 - = | 16:cup x:cup 7:brownie /:cup 6:cup -:cup =:cup
EXPR: 0 | POS | INT | 14 | 54 | 208 | ((x/16)-7)=6 | x 16 / 7 - 6 = | x:cup 16:total /:cup 7:cup -:cup 6:cup =:cup
EXPR: 0 | POS | INT | 14 | 54 | 672 | (x/16)=(7*6) | x 16 / 7 6 * = | x:cup 16:total /:cup 7:brownie 6:cup *:cup =:cup
EXPR: 0 | POS | INT | 14 | 54 | 70 | ((x/7)+6)=16 | x 7 / 6 + 16 = | x:cup 7:brownie /:cup 6:cup +:cup 16:cup =:cup
EXPR: 0 | POS | INT | 15 | 54 | 118 | x=(6+(7*16)) | x 6 7 16 * + = | x:cup 6:cup 7:cup 16:total *:cup +:cup =:cup
EXPR: 0 | POS | INT | 15 | 54 | 118 | (6+(7*16))=x | 6 7 16 * + x = | 6:cup 7:brownie 16:cup *:cup +:cup x:cup =:cup
EXPR: 0 | POS | INT | 15 | 54 | 138 | (6*(7+16))=x | 6 7 16 + * x = | 6:cup 7:brownie 16:brownie +:brownie *:cup x:cup =:cup
EXPR: 0 | POS | INT | 15 | 54 | 138 | x=(6*(7+16)) | x 6 7 16 + * = | x:cup 6:cup 7:total 16:total +:total *:cup =:cup
EXPR: 1 | POS | INT | 17 | 54 | 54 | x=(6*(16-7)) | x 6 16 7 - * = | x:cup 6:cup 16:total 7:total -:total *:cup =:cup
EXPR: 0 | POS | INT | 17 | 54 | 106 | ((6+x)/7)=16 | 6 x + 7 / 16 = | 6:cup x:cup +:cup 7:brownie /:cup 16:cup =:cup
EXPR: 0 | POS | INT | 17 | 54 | 106 | ((x+6)/7)=16 | x 6 + 7 / 16 = | x:cup 6:cup +:cup 7:brownie /:cup 16:cup =:cup
EXPR: 0 | POS | INT | 17 | 54 | 118 | ((x-6)/7)=16 | x 6 - 7 / 16 = | x:cup 6:cup -:cup 7:brownie /:cup 16:cup =:cup
EXPR: 0 | POS | INT | 17 | 54 | 118 | 6=(x-(7*16)) | 6 x 7 16 * - = | 6:cup x:cup 7:brownie 16:cup *:cup -:cup =:cup
EXPR: 1 | POS | INT | 17 | 54 | 54 | (6*(16-7))=x | 6 16 7 - * x = | 6:cup 16:total 7:total -:total *:cup x:cup =:cup
EXPR: 0 | POS | INT | 17 | 54 | 106 | 6=((7*16)-x) | 6 7 16 * x - = | 6:cup 7:cup 16:total *:cup x:cup -:cup =:cup
EXPR: 0 | POS | INT | 17 | 54 | 118 | 16=((x-6)/7) | 16 x 6 - 7 / = | 16:cup x:cup 6:cup -:cup 7:brownie /:cup =:cup
EXPR: 0 | POS | INT | 17 | 54 | 106 | 16=((x+6)/7) | 16 x 6 + 7 / = | 16:cup x:cup 6:cup +:cup 7:brownie /:cup =:cup
EXPR: 0 | POS | INT | 17 | 54 | 70 | 16=(6+(x/7)) | 16 6 x 7 / + = | 16:cup 6:cup x:cup 7:brownie /:cup +:cup =:cup
EXPR: 0 | POS | INT | 17 | 54 | 103 | (x-(16*6))=7 | x 16 6 * - 7 = | x:cup 16:total 6:cup *:cup -:cup 7:cup =:cup
EXPR: 1 | POS | INT | 19 | 54 | 54 | 6=(x/(16-7)) | 6 x 16 7 - / = | 6:cup x:cup 16:total 7:total -:total /:cup =:cup
EXPR: 0 | POS | INT | 19 | 54 | 58 | 6=((x-16)/7) | 6 x 16 - 7 / = | 6:cup x:cup 16:cup -:cup 7:brownie /:cup =:cup
EXPR: 0 | POS | INT | 19 | 54 | 26 | 6=((x+16)/7) | 6 x 16 + 7 / = | 6:cup x:cup 16:cup +:cup 7:brownie /:cup =:cup
EXPR: 0 | POS | INT | 19 | 54 | 118 | ((x-6)/16)=7 | x 6 - 16 / 7 = | x:cup 6:cup -:cup 16:total /:cup 7:cup =:cup
EXPR: 0 | POS | INT | 19 | 54 | 106 | ((x+6)/16)=7 | x 6 + 16 / 7 = | x:cup 6:cup +:cup 16:total /:cup 7:cup =:cup
EXPR: 0 | POS | INT | 19 | 54 | 106 | ((6+x)/16)=7 | 6 x + 16 / 7 = | 6:cup x:cup +:cup 16:total /:cup 7:cup =:cup
EXPR: 0 | POS | INT | 19 | 54 | 70 | 6=(16-(x/7)) | 6 16 x 7 / - = | 6:cup 16:cup x:cup 7:brownie /:cup -:cup =:cup
EXPR: 0 | POS | INT | 19 | 54 | 208 | 6=((x/16)-7) | 6 x 16 / 7 - = | 6:cup x:cup 16:total /:cup 7:cup -:cup =:cup
EXPR: 0 | POS | INT | 20 | 54 | 17 | x=(7+(16-6)) | x 7 16 6 - + = | x:cup 7:cup 16:cup 6:cup -:cup +:cup =:cup
EXPR: 0 | POS | INT | 20 | 54 | 29 | x=(7+(16+6)) | x 7 16 6 + + = | x:cup 7:cup 16:cup 6:cup +:cup +:cup =:cup
EXPR: 0 | POS | INT | 20 | 54 | 29 | (7+(16+6))=x | 7 16 6 + + x = | 7:cup 16:cup 6:cup +:cup +:cup x:cup =:cup
EXPR: 0 | POS | INT | 22 | 54 | 15 | ((7+x)-16)=6 | 7 x + 16 - 6 = | 7:cup x:cup +:cup 16:cup -:cup 6:cup =:cup
EXPR: 0 | POS | INT | 22 | 54 | 26 | x=((7*6)-16) | x 7 6 * 16 - = | x:total 7:brownie 6:total *:total 16:total -:total =:total
EXPR: 0 | POS | INT | 22 | 54 | 672 | (7*16)=(x/6) | 7 16 * x 6 / = | 7:brownie 16:total *:brownie x:brownie 6:cup /:brownie =:brownie
EXPR: 0 | POS | INT | 22 | 54 | 16 | (7-(16/x))=6 | 7 16 x / - 6 = | 7:brownie 16:brownie x:cup /:brownie -:brownie 6:brownie =:brownie
EXPR: 0 | POS | INT | 22 | 54 | 15 | x=((16-7)+6) | x 16 7 - 6 + = | x:cup 16:cup 7:cup -:cup 6:cup +:cup =:cup
EXPR: 0 | POS | INT | 22 | 54 | 208 | x=((7+6)*16) | x 7 6 + 16 * = | x:cup 7:brownie 6:brownie +:brownie 16:cup *:cup =:cup
EXPR: 0 | POS | INT | 22 | 54 | 17 | ((7-x)+16)=6 | 7 x - 16 + 6 = | 7:cup x:cup -:cup 16:cup +:cup 6:cup =:cup
EXPR: 0 | POS | INT | 22 | 54 | 17 | ((7-6)+16)=x | 7 6 - 16 + x = | 7:cup 6:cup -:cup 16:cup +:cup x:cup =:cup
EXPR: 0 | POS | INT | 22 | 54 | 17 | 7=(x-(16-6)) | 7 x 16 6 - - = | 7:cup x:cup 16:cup 6:cup -:cup -:cup =:cup
EXPR: 0 | POS | INT | 22 | 54 | 29 | 7=(x-(16+6)) | 7 x 16 6 + - = | 7:cup x:cup 16:cup 6:cup +:cup -:cup =:cup
EXPR: 0 | POS | INT | 22 | 54 | 17 | 7=((x-16)+6) | 7 x 16 - 6 + = | 7:cup x:cup 16:cup -:cup 6:cup +:cup =:cup
EXPR: 0 | POS | INT | 22 | 54 | 16 | 7=((16/x)+6) | 7 16 x / 6 + = | 7:total 16:total x:cup /:total 6:total +:total =:total
EXPR: 0 | POS | INT | 22 | 54 | 29 | 7=((x-16)-6) | 7 x 16 - 6 - = | 7:cup x:cup 16:cup -:cup 6:cup -:cup =:cup
EXPR: 0 | POS | INT | 22 | 54 | 26 | ((7*6)-16)=x | 7 6 * 16 - x = | 7:total 6:cup *:total 16:total -:total x:total =:total
EXPR: 0 | POS | INT | 22 | 54 | 29 | ((7+6)+16)=x | 7 6 + 16 + x = | 7:cup 6:cup +:cup 16:cup +:cup x:cup =:cup
EXPR: 0 | POS | INT | 22 | 54 | 17 | x=(7-(6-16)) | x 7 6 16 - - = | x:cup 7:cup 6:cup 16:cup -:cup -:cup =:cup
EXPR: 0 | POS | INT | 22 | 54 | 3 | ((16-7)-6)=x | 16 7 - 6 - x = | 16:cup 7:cup -:cup 6:cup -:cup x:cup =:cup
EXPR: 0 | POS | INT | 22 | 54 | 16 | x=(16*(7-6)) | x 16 7 6 - * = | x:brownie 16:total 7:brownie 6:brownie -:brownie *:brownie =:brownie
EXPR: 0 | POS | INT | 22 | 54 | 208 | x=(16*(7+6)) | x 16 7 6 + * = | x:brownie 16:total 7:brownie 6:brownie +:brownie *:brownie =:brownie
EXPR: 0 | POS | INT | 22 | 54 | 89 | 7=((16*6)-x) | 7 16 6 * x - = | 7:total 16:total 6:cup *:total x:total -:total =:total
EXPR: 0 | POS | INT | 22 | 54 | 15 | (7+(x-16))=6 | 7 x 16 - + 6 = | 7:cup x:cup 16:cup -:cup +:cup 6:cup =:cup
EXPR: 0 | POS | INT | 22 | 54 | 103 | (x-7)=(16*6) | x 7 - 16 6 * = | x:cup 7:cup -:cup 16:total 6:cup *:cup =:cup
EXPR: 0 | POS | INT | 22 | 54 | 58 | 7=((x-16)/6) | 7 x 16 - 6 / = | 7:total x:total 16:total -:total 6:cup /:total =:total
EXPR: 0 | POS | INT | 22 | 54 | 26 | 7=((x+16)/6) | 7 x 16 + 6 / = | 7:total x:total 16:total +:total 6:cup /:total =:total
EXPR: 0 | POS | INT | 22 | 54 | 154 | 7=(x/(16+6)) | 7 x 16 6 + / = | 7:brownie x:brownie 16:cup 6:cup +:cup /:brownie =:brownie
EXPR: 0 | POS | INT | 22 | 54 | 15 | (x+(7-16))=6 | x 7 16 - + 6 = | x:cup 7:cup 16:cup -:cup +:cup 6:cup =:cup
EXPR: 0 | POS | INT | 22 | 54 | 70 | 7=(x/(16-6)) | 7 x 16 6 - / = | 7:cup x:cup 16:total 6:total -:total /:cup =:cup
EXPR: 0 | POS | INT | 22 | 54 | 17 | (7-(6-16))=x | 7 6 16 - - x = | 7:cup 6:cup 16:cup -:cup -:cup x:cup =:cup
EXPR: 0 | POS | INT | 22 | 54 | 15 | ((16-7)+6)=x | 16 7 - 6 + x = | 16:cup 7:cup -:cup 6:cup +:cup x:cup =:cup
EXPR: 0 | POS | INT | 24 | 54 | 16 | 16=(x*(7-6)) | 16 x 7 6 - * = | 16:brownie x:cup 7:brownie 6:brownie -:brownie *:brownie =:brownie
EXPR: 0 | POS | INT | 24 | 54 | 26 | 16=((7*6)-x) | 16 7 6 * x - = | 16:total 7:brownie 6:total *:total x:total -:total =:total
EXPR: 0 | POS | INT | 24 | 54 | 58 | (x-(7*6))=16 | x 7 6 * - 16 = | x:total 7:brownie 6:total *:total -:total 16:total =:total
EXPR: 0 | POS | INT | 24 | 54 | 16 | 16=((7-6)*x) | 16 7 6 - x * = | 16:brownie 7:brownie 6:brownie -:brownie x:cup *:brownie =:brownie
EXPR: 0 | POS | INT | 24 | 54 | 16 | 16=(x/(7-6)) | 16 x 7 6 - / = | 16:cup x:cup 7:brownie 6:brownie -:brownie /:cup =:cup
EXPR: 0 | POS | INT | 24 | 54 | 208 | 16=(x/(7+6)) | 16 x 7 6 + / = | 16:cup x:cup 7:brownie 6:brownie +:brownie /:cup =:cup
EXPR: 0 | POS | INT | 24 | 54 | 17 | (16-(x-7))=6 | 16 x 7 - - 6 = | 16:cup x:cup 7:cup -:cup -:cup 6:cup =:cup
EXPR: 0 | POS | INT | 24 | 54 | 17 | 7=(6+(x-16)) | 7 6 x 16 - + = | 7:cup 6:cup x:cup 16:cup -:cup +:cup =:cup
EXPR: 0 | POS | INT | 24 | 54 | 15 | ((7+x)-6)=16 | 7 x + 6 - 16 = | 7:cup x:cup +:cup 6:cup -:cup 16:cup =:cup
EXPR: 0 | POS | INT | 24 | 54 | 15 | 16=((x+7)-6) | 16 x 7 + 6 - = | 16:cup x:cup 7:cup +:cup 6:cup -:cup =:cup
EXPR: 0 | POS | INT | 24 | 54 | 17 | 16=((x-7)+6) | 16 x 7 - 6 + = | 16:cup x:cup 7:cup -:cup 6:cup +:cup =:cup
EXPR: 0 | POS | INT | 24 | 54 | 17 | 7=((x+6)-16) | 7 x 6 + 16 - = | 7:cup x:cup 6:cup +:cup 16:cup -:cup =:cup
EXPR: 0 | POS | INT | 24 | 54 | 208 | (x/(7+6))=16 | x 7 6 + / 16 = | x:total 7:brownie 6:brownie +:brownie /:total 16:total =:total
EXPR: 0 | POS | INT | 24 | 54 | 89 | ((7+x)/6)=16 | 7 x + 6 / 16 = | 7:total x:total +:total 6:cup /:total 16:total =:total
EXPR: 0 | POS | INT | 24 | 54 | 3 | 16=(7+(x+6)) | 16 7 x 6 + + = | 16:cup 7:cup x:cup 6:cup +:cup +:cup =:cup
EXPR: 0 | POS | INT | 24 | 54 | 29 | 7=((x-6)-16) | 7 x 6 - 16 - = | 7:cup x:cup 6:cup -:cup 16:cup -:cup =:cup
EXPR: 0 | POS | INT | 24 | 54 | 15 | 7=(6-(x-16)) | 7 6 x 16 - - = | 7:cup 6:cup x:cup 16:cup -:cup -:cup =:cup
EXPR: 0 | POS | INT | 24 | 54 | 16 | (x*(7-6))=16 | x 7 6 - * 16 = | x:cup 7:brownie 6:brownie -:brownie *:cup 16:cup =:cup
EXPR: 0 | POS | INT | 24 | 54 | 16 | ((7-6)*x)=16 | 7 6 - x * 16 = | 7:brownie 6:brownie -:brownie x:cup *:cup 16:cup =:cup
EXPR: 0 | POS | INT | 24 | 54 | 70 | (16-(x/7))=6 | 16 x 7 / - 6 = | 16:total x:total 7:brownie /:total -:total 6:total =:total
EXPR: 0 | POS | INT | 24 | 54 | 17 | ((16-x)+7)=6 | 16 x - 7 + 6 = | 16:cup x:cup -:cup 7:cup +:cup 6:cup =:cup
EXPR: 0 | POS | INT | 24 | 54 | 3 | ((16-x)-7)=6 | 16 x - 7 - 6 = | 16:cup x:cup -:cup 7:cup -:cup 6:cup =:cup
EXPR: 0 | POS | INT | 24 | 54 | 26 | (16+x)=(7*6) | 16 x + 7 6 * = | 16:cup x:cup +:cup 7:brownie 6:cup *:cup =:cup
EXPR: 0 | POS | INT | 24 | 54 | 26 | ((x+16)/7)=6 | x 16 + 7 / 6 = | x:total 16:total +:total 7:brownie /:total 6:total =:total
EXPR: 0 | POS | INT | 24 | 54 | 58 | ((x-16)/7)=6 | x 16 - 7 / 6 = | x:total 16:total -:total 7:brownie /:total 6:total =:total
EXPR: 0 | POS | INT | 24 | 54 | 3 | 16=(7+(6+x)) | 16 7 6 x + + = | 16:cup 7:cup 6:cup x:cup +:cup +:cup =:cup
EXPR: 0 | POS | INT | 24 | 54 | 15 | 16=(x+(7-6)) | 16 x 7 6 - + = | 16:cup x:cup 7:cup 6:cup -:cup +:cup =:cup
EXPR: 0 | POS | INT | 24 | 54 | 17 | 16=(x-(7-6)) | 16 x 7 6 - - = | 16:cup x:cup 7:cup 6:cup -:cup -:cup =:cup
EXPR: 1 | POS | INT | 24 | 54 | 54 | 16=(7+(x/6)) | 16 7 x 6 / + = | 16:brownie 7:brownie x:brownie 6:cup /:brownie +:brownie =:brownie
EXPR: 0 | POS | INT | 24 | 54 | 17 | ((x-7)+6)=16 | x 7 - 6 + 16 = | x:cup 7:cup -:cup 6:cup +:cup 16:cup =:cup
EXPR: 0 | POS | INT | 24 | 54 | 15 | (x+(7-6))=16 | x 7 6 - + 16 = | x:cup 7:cup 6:cup -:cup +:cup 16:cup =:cup
EXPR: 0 | POS | INT | 24 | 54 | 3 | (16-(x+7))=6 | 16 x 7 + - 6 = | 16:cup x:cup 7:cup +:cup -:cup 6:cup =:cup
EXPR: 1 | POS | INT | 24 | 54 | 54 | (7+(x/6))=16 | 7 x 6 / + 16 = | 7:brownie x:brownie 6:cup /:brownie +:brownie 16:brownie =:brownie
EXPR: 0 | POS | INT | 25 | 54 | 103 | x=((16*6)+7) | x 16 6 * 7 + = | x:brownie 16:brownie 6:cup *:brownie 7:brownie +:brownie =:brownie
EXPR: 0 | POS | INT | 25 | 54 | 89 | ((16*6)-7)=x | 16 6 * 7 - x = | 16:total 6:cup *:total 7:total -:total x:total =:total
EXPR: 0 | POS | INT | 25 | 54 | 15 | x=((6-7)+16) | x 6 7 - 16 + = | x:cup 6:cup 7:cup -:cup 16:cup +:cup =:cup
EXPR: 0 | POS | INT | 25 | 54 | 154 | x=((16+6)*7) | x 16 6 + 7 * = | x:brownie 16:total 6:total +:total 7:brownie *:brownie =:brownie
EXPR: 0 | POS | INT | 25 | 54 | 154 | ((16+6)*7)=x | 16 6 + 7 * x = | 16:total 6:total +:total 7:brownie *:total x:total =:total
EXPR: 0 | POS | INT | 25 | 54 | 70 | x=((16-6)*7) | x 16 6 - 7 * = | x:brownie 16:total 6:total -:total 7:brownie *:brownie =:brownie
EXPR: 0 | POS | INT | 25 | 54 | 89 | x=((16*6)-7) | x 16 6 * 7 - = | x:brownie 16:total 6:brownie *:brownie 7:brownie -:brownie =:brownie
EXPR: 0 | POS | INT | 25 | 54 | 17 | (16-(6-7))=x | 16 6 7 - - x = | 16:cup 6:cup 7:cup -:cup -:cup x:cup =:cup
EXPR: 0 | POS | INT | 25 | 54 | 15 | (16+(6-7))=x | 16 6 7 - + x = | 16:cup 6:cup 7:cup -:cup +:cup x:cup =:cup
EXPR: 0 | POS | INT | 25 | 54 | 29 | ((16+6)+7)=x | 16 6 + 7 + x = | 16:cup 6:cup +:cup 7:cup +:cup x:cup =:cup
EXPR: 0 | POS | INT | 25 | 54 | 3 | ((16-6)-7)=x | 16 6 - 7 - x = | 16:cup 6:cup -:cup 7:cup -:cup x:cup =:cup
EXPR: 0 | POS | INT | 25 | 54 | 70 | ((16-6)*7)=x | 16 6 - 7 * x = | 16:total 6:total -:total 7:cup *:cup x:cup =:cup
EXPR: 0 | POS | INT | 25 | 54 | 103 | ((16*6)+7)=x | 16 6 * 7 + x = | 16:brownie 6:cup *:brownie 7:brownie +:brownie x:brownie =:brownie
EXPR: 0 | POS | INT | 27 | 54 | 3 | ((6+x)+7)=16 | 6 x + 7 + 16 = | 6:cup x:cup +:cup 7:cup +:cup 16:cup =:cup
EXPR: 0 | POS | INT | 27 | 54 | 138 | 16=((x/6)-7) | 16 x 6 / 7 - = | 16:brownie x:brownie 6:cup /:brownie 7:brownie -:brownie =:brownie
EXPR: 1 | POS | INT | 27 | 54 | 54 | 16=((x/6)+7) | 16 x 6 / 7 + = | 16:brownie x:brownie 6:cup /:brownie 7:brownie +:brownie =:brownie
EXPR: 0 | POS | INT | 27 | 54 | 70 | (x/(16-6))=7 | x 16 6 - / 7 = | x:brownie 16:total 6:total -:total /:brownie 7:brownie =:brownie
EXPR: 0 | POS | INT | 27 | 54 | 17 | 16=(6+(x-7)) | 16 6 x 7 - + = | 16:cup 6:cup x:cup 7:cup -:cup +:cup =:cup
EXPR: 0 | POS | INT | 27 | 54 | 17 | 16=(x+(6-7)) | 16 x 6 7 - + = | 16:cup x:cup 6:cup 7:cup -:cup +:cup =:cup
EXPR: 0 | POS | INT | 27 | 54 | 15 | 16=(x-(6-7)) | 16 x 6 7 - - = | 16:cup x:cup 6:cup 7:cup -:cup -:cup =:cup
EXPR: 0 | POS | INT | 27 | 54 | 106 | (x+6)=(7*16) | x 6 + 7 16 * = | x:cup 6:cup +:cup 7:cup 16:total *:cup =:cup
EXPR: 0 | POS | INT | 27 | 54 | 29 | 6=(x-(7+16)) | 6 x 7 16 + - = | 6:cup x:cup 7:cup 16:cup +:cup -:cup =:cup
EXPR: 0 | POS | INT | 27 | 54 | 15 | 16=((x-6)+7) | 16 x 6 - 7 + = | 16:cup x:cup 6:cup -:cup 7:cup +:cup =:cup
EXPR: 0 | POS | INT | 27 | 54 | 118 | (x-6)=(7*16) | x 6 - 7 16 * = | x:cup 6:cup -:cup 7:cup 16:total *:cup =:cup
NET 153 unique, non-negative, integer-valued solutions found out of 1000 total solutions
