parameters: n=7 l=3 k=1 p=5 q=3 m=9
TOTAL 1000 solutions found
SOLN: CORRECT | POS/NEG | INT/FRA | OBJ-SCORE | TRUE-ANS | ANS | INFIX | POSTFIX | TYPED-POSTFIX
EXPR: 0 | POS | INT | 10 | 15 | 27 | ((8*3)+3)=x | 8 3 * 3 + x = | 8:friend 3:life *:life 3:life +:life x:life =:life
EXPR: 0 | POS | INT | 10 | 15 | 48 | x=(8*(3+3)) | x 8 3 3 + * = | x:life 8:friend 3:life 3:life +:life *:life =:life
EXPR: 0 | POS | INT | 10 | 15 | 27 | x=((8*3)+3) | x 8 3 * 3 + = | x:life 8:life 3:player *:life 3:life +:life =:life
EXPR: 0 | POS | INT | 10 | 15 | 17 | x=(8+(3*3)) | x 8 3 3 * + = | x:life 8:life 3:player 3:life *:life +:life =:life
EXPR: 0 | POS | INT | 10 | 15 | 33 | x=((8+3)*3) | x 8 3 + 3 * = | x:life 8:friend 3:friend +:friend 3:life *:life =:life
EXPR: 0 | POS | INT | 10 | 15 | 21 | x=((8*3)-3) | x 8 3 * 3 - = | x:life 8:life 3:player *:life 3:life -:life =:life
EXPR: 0 | POS | INT | 10 | 15 |  | x=(8*(3-3)) | x 8 3 3 - * = | x:life 8:friend 3:life 3:life -:life *:life =:life
EXPR: 0 | POS | INT | 10 | 15 | 33 | ((8+3)*3)=x | 8 3 + 3 * x = | 8:player 3:player +:player 3:life *:life x:life =:life
EXPR: 0 | POS | INT | 10 | 15 | 21 | ((8*3)-3)=x | 8 3 * 3 - x = | 8:life 3:player *:life 3:life -:life x:life =:life
EXPR: 1 | POS | INT | 10 | 15 | 15 | x=((8-3)*3) | x 8 3 - 3 * = | x:life 8:player 3:player -:player 3:life *:life =:life
EXPR: 1 | POS | INT | 10 | 15 | 15 | ((8-3)*3)=x | 8 3 - 3 * x = | 8:player 3:player -:player 3:life *:life x:life =:life
EXPR: 0 | POS | INT | 10 | 15 | 48 | (8*(3+3))=x | 8 3 3 + * x = | 8:friend 3:life 3:life +:life *:life x:life =:life
EXPR: 0 | POS | INT | 10 | 15 | 0 | (8*(3-3))=x | 8 3 3 - * x = | 8:friend 3:life 3:life -:life *:life x:life =:life
EXPR: 0 | POS | INT | 10 | 15 | 17 | (8+(3*3))=x | 8 3 3 * + x = | 8:life 3:player 3:life *:life +:life x:life =:life
EXPR: 0 | POS | INT | 12 | 15 | 9 | ((x-8)*3)=3 | x 8 - 3 * 3 = | x:life 8:life -:life 3:player *:life 3:life =:life
EXPR: 1 | POS | INT | 12 | 15 | 15 | (8-(x/3))=3 | 8 x 3 / - 3 = | 8:life x:life 3:player /:life -:life 3:life =:life
EXPR: 0 | POS | INT | 12 | 15 | 9 | (8+(3/3))=x | 8 3 3 / + x = | 8:life 3:life 3:player /:life +:life x:life =:life
EXPR: 0 | POS | INT | 12 | 15 | 7 | (8-(3/3))=x | 8 3 3 / - x = | 8:life 3:life 3:player /:life -:life x:life =:life
EXPR: 0 | POS | INT | 12 | 15 | 21 | ((8*3)-x)=3 | 8 3 * x - 3 = | 8:life 3:player *:life x:life -:life 3:life =:life
EXPR: 1 | POS | INT | 12 | 15 | 15 | (3*(8-3))=x | 3 8 3 - * x = | 3:player 8:life 3:life -:life *:life x:life =:life
EXPR: 0 | POS | INT | 12 | 15 | 33 | (3*(8+3))=x | 3 8 3 + * x = | 3:player 8:life 3:life +:life *:life x:life =:life
EXPR: 0 | POS | INT | 12 | 15 | 33 | (x/(8+3))=3 | x 8 3 + / 3 = | x:life 8:friend 3:friend +:friend /:life 3:life =:life
EXPR: 1 | POS | INT | 12 | 15 | 15 | (x/(8-3))=3 | x 8 3 - / 3 = | x:life 8:friend 3:friend -:friend /:life 3:life =:life
EXPR: 0 | POS | INT | 12 | 15 | 72 | (x/8)=(3*3) | x 8 / 3 3 * = | x:life 8:friend /:life 3:player 3:life *:life =:life
EXPR: 0 | POS | INT | 12 | 15 | 1 | ((8+x)/3)=3 | 8 x + 3 / 3 = | 8:life x:life +:life 3:player /:life 3:life =:life
EXPR: 0 | POS | INT | 12 | 15 | 17 | 8=(x-(3*3)) | 8 x 3 3 * - = | 8:life x:life 3:player 3:life *:life -:life =:life
EXPR: 0 | POS | INT | 12 | 15 |  | ((8*x)+3)=3 | 8 x * 3 + 3 = | 8:friend x:life *:life 3:life +:life 3:life =:life
EXPR: 0 | POS | INT | 14 | 15 |  | (3+(x*8))=3 | 3 x 8 * + 3 = | 3:life x:life 8:friend *:life +:life 3:life =:life
EXPR: 0 | POS | INT | 14 | 15 |  | (3-(x*8))=3 | 3 x 8 * - 3 = | 3:life x:life 8:friend *:life -:life 3:life =:life
EXPR: 0 | POS | INT | 14 | 15 | 7 | (3*(8-x))=3 | 3 8 x - * 3 = | 3:player 8:life x:life -:life *:life 3:life =:life
EXPR: 0 | POS | INT | 14 | 15 | 27 | 8=((x-3)/3) | 8 x 3 - 3 / = | 8:life x:life 3:life -:life 3:player /:life =:life
EXPR: 0 | POS | INT | 14 | 15 | 21 | 8=((x+3)/3) | 8 x 3 + 3 / = | 8:life x:life 3:life +:life 3:player /:life =:life
EXPR: 0 | POS | INT | 14 | 15 | 27 | 3=(x-(8*3)) | 3 x 8 3 * - = | 3:life x:life 8:friend 3:life *:life -:life =:life
EXPR: 0 | POS | INT | 14 | 15 |  | (3+(x/8))=3 | 3 x 8 / + 3 = | 3:life x:life 8:friend /:life +:life 3:life =:life
EXPR: 0 | POS | INT | 14 | 15 | 21 | ((x+3)/8)=3 | x 3 + 8 / 3 = | x:life 3:life +:life 8:friend /:life 3:life =:life
EXPR: 0 | POS | INT | 14 | 15 | 9 | (3*(x-8))=3 | 3 x 8 - * 3 = | 3:player x:life 8:life -:life *:life 3:life =:life
EXPR: 0 | POS | INT | 15 | 15 | 27 | x=(3+(8*3)) | x 3 8 3 * + = | x:life 3:life 8:life 3:player *:life +:life =:life
EXPR: 0 | POS | INT | 15 | 15 | 27 | (3+(8*3))=x | 3 8 3 * + x = | 3:life 8:friend 3:life *:life +:life x:life =:life
EXPR: 0 | POS | INT | 15 | 15 |  | x=((3-3)*8) | x 3 3 - 8 * = | x:life 3:life 3:life -:life 8:friend *:life =:life
EXPR: 0 | POS | INT | 15 | 15 |  | x=((3-3)/8) | x 3 3 - 8 / = | x:life 3:life 3:life -:life 8:friend /:life =:life
EXPR: 0 | POS | INT | 17 | 15 |  | (3-(8*x))=3 | 3 8 x * - 3 = | 3:life 8:friend x:life *:life -:life 3:life =:life
EXPR: 0 | POS | INT | 17 | 15 | 9 | ((3/3)+8)=x | 3 3 / 8 + x = | 3:life 3:player /:life 8:life +:life x:life =:life
EXPR: 0 | POS | INT | 17 | 15 |  | (3-(x/8))=3 | 3 x 8 / - 3 = | 3:life x:life 8:friend /:life -:life 3:life =:life
EXPR: 0 | POS | INT | 17 | 15 | 21 | ((3+x)/8)=3 | 3 x + 8 / 3 = | 3:life x:life +:life 8:friend /:life 3:life =:life
EXPR: 0 | POS | INT | 17 | 15 | 27 | ((x-3)/8)=3 | x 3 - 8 / 3 = | x:life 3:life -:life 8:friend /:life 3:life =:life
EXPR: 0 | POS | INT | 17 | 15 | 0 | 3=((8*x)+3) | 3 8 x * 3 + = | 3:life 8:friend x:life *:life 3:life +:life =:life
EXPR: 0 | POS | INT | 17 | 15 | 0 | 3=(3+(x*8)) | 3 3 x 8 * + = | 3:life 3:life x:life 8:friend *:life +:life =:life
EXPR: 1 | POS | INT | 17 | 15 | 15 | 3=(x/(8-3)) | 3 x 8 3 - / = | 3:life x:life 8:player 3:player -:player /:life =:life
EXPR: 0 | POS | INT | 17 | 15 | 0 | 3=(3-(8*x)) | 3 3 8 x * - = | 3:life 3:life 8:friend x:life *:life -:life =:life
EXPR: 0 | POS | INT | 17 | 15 | 0 | 3=(3+(8*x)) | 3 3 8 x * + = | 3:life 3:life 8:friend x:life *:life +:life =:life
EXPR: 0 | POS | INT | 17 | 15 | 27 | 3=((x-3)/8) | 3 x 3 - 8 / = | 3:life x:life 3:life -:life 8:friend /:life =:life
EXPR: 0 | POS | INT | 17 | 15 | 21 | 3=((x+3)/8) | 3 x 3 + 8 / = | 3:life x:life 3:life +:life 8:friend /:life =:life
EXPR: 0 | POS | INT | 19 | 15 | 7 | ((3/3)+x)=8 | 3 3 / x + 8 = | 3:life 3:player /:life x:life +:life 8:life =:life
EXPR: 0 | POS | INT | 19 | 15 | 27 | ((x-3)/3)=8 | x 3 - 3 / 8 = | x:life 3:life -:life 3:player /:life 8:life =:life
EXPR: 0 | POS | INT | 19 | 15 | 21 | ((x+3)/3)=8 | x 3 + 3 / 8 = | x:life 3:life +:life 3:player /:life 8:life =:life
EXPR: 0 | POS | INT | 19 | 15 | 21 | ((3+x)/3)=8 | 3 x + 3 / 8 = | 3:life x:life +:life 3:player /:life 8:life =:life
EXPR: 0 | POS | INT | 20 | 15 | 8 | x=(8+(3-3)) | x 8 3 3 - + = | x:life 8:life 3:life 3:life -:life +:life =:life
EXPR: 0 | POS | INT | 20 | 15 | zoo | (8/(3-3))=x | 8 3 3 - / x = | 8:life 3:player 3:player -:player /:life x:life =:life
EXPR: 0 | POS | INT | 22 | 15 | 8 | ((8+3)-3)=x | 8 3 + 3 - x = | 8:life 3:life +:life 3:life -:life x:life =:life
EXPR: 0 | POS | INT | 22 | 15 | 2 | (8-(x+3))=3 | 8 x 3 + - 3 = | 8:life x:life 3:life +:life -:life 3:life =:life
EXPR: 0 | POS | INT | 22 | 15 | 72 | (8*3)=(x/3) | 8 3 * x 3 / = | 8:friend 3:player *:friend x:friend 3:life /:friend =:friend
EXPR: 0 | POS | INT | 22 | 15 | 8 | (8+(3-3))=x | 8 3 3 - + x = | 8:life 3:life 3:life -:life +:life x:life =:life
EXPR: 0 | POS | INT | 22 | 15 | - | 8=(x*(3-3)) | 8 x 3 3 - * = | 8:friend x:life 3:friend 3:friend -:friend *:friend =:friend
EXPR: 0 | POS | INT | 22 | 15 | zoo | x=(8/(3-3)) | x 8 3 3 - / = | x:life 8:life 3:player 3:player -:player /:life =:life
EXPR: 0 | POS | INT | 22 | 15 | 8 | ((8-x)+3)=3 | 8 x - 3 + 3 = | 8:life x:life -:life 3:life +:life 3:life =:life
EXPR: 0 | POS | INT | 22 | 15 | 8 | ((8-3)+3)=x | 8 3 - 3 + x = | 8:life 3:life -:life 3:life +:life x:life =:life
EXPR: 0 | POS | INT | 22 | 15 | 8 | 8=(x-(3-3)) | 8 x 3 3 - - = | 8:life x:life 3:life 3:life -:life -:life =:life
EXPR: 0 | POS | INT | 22 | 15 | 14 | 8=(x-(3+3)) | 8 x 3 3 + - = | 8:life x:life 3:life 3:life +:life -:life =:life
EXPR: 0 | POS | INT | 22 | 15 | 7 | x=(8-(3/3)) | x 8 3 3 / - = | x:life 8:life 3:life 3:friend /:life -:life =:life
EXPR: 0 | POS | INT | 22 | 15 | 9 | x=(8+(3/3)) | x 8 3 3 / + = | x:life 8:life 3:life 3:friend /:life +:life =:life
EXPR: 0 | POS | INT | 22 | 15 | 8 | 8=((x-3)+3) | 8 x 3 - 3 + = | 8:life x:life 3:life -:life 3:life +:life =:life
EXPR: 0 | POS | INT | 22 | 15 | 8 | 8=((x+3)-3) | 8 x 3 + 3 - = | 8:life x:life 3:life +:life 3:life -:life =:life
EXPR: 0 | POS | INT | 22 | 15 | 2 | ((8-x)-3)=3 | 8 x - 3 - 3 = | 8:life x:life -:life 3:life -:life 3:life =:life
EXPR: 0 | POS | INT | 22 | 15 | 14 | 8=((x-3)-3) | 8 x 3 - 3 - = | 8:life x:life 3:life -:life 3:life -:life =:life
EXPR: 0 | POS | INT | 22 | 15 | 14 | ((8+3)+3)=x | 8 3 + 3 + x = | 8:life 3:life +:life 3:life +:life x:life =:life
EXPR: 0 | POS | INT | 22 | 15 | 7 | 8=((3/3)+x) | 8 3 3 / x + = | 8:player 3:player 3:life /:player x:player +:player =:player
EXPR: 0 | POS | INT | 22 | 15 | 8 | x=(8-(3-3)) | x 8 3 3 - - = | x:life 8:life 3:life 3:life -:life -:life =:life
EXPR: 0 | POS | INT | 22 | 15 | 7 | ((8-x)*3)=3 | 8 x - 3 * 3 = | 8:life x:life -:life 3:friend *:life 3:life =:life
EXPR: 0 | POS | INT | 22 | 15 | 1 | 8=((3*3)-x) | 8 3 3 * x - = | 8:player 3:player 3:life *:player x:player -:player =:player
EXPR: 0 | POS | INT | 22 | 15 | 2 | 8=(x+(3+3)) | 8 x 3 3 + + = | 8:life x:life 3:life 3:life +:life +:life =:life
EXPR: 0 | POS | INT | 22 | 15 | 17 | (x-8)=(3*3) | x 8 - 3 3 * = | x:life 8:life -:life 3:player 3:life *:life =:life
EXPR: 0 | POS | INT | 22 | 15 | - | 8=((3-3)*x) | 8 3 3 - x * = | 8:player 3:player 3:player -:player x:life *:player =:player
EXPR: 0 | POS | INT | 22 | 15 | 8 | 8=(3+(x-3)) | 8 3 x 3 - + = | 8:life 3:life x:life 3:life -:life +:life =:life
EXPR: 0 | POS | INT | 24 | 15 | - | (3-(8/x))=3 | 3 8 x / - 3 = | 3:friend 8:friend x:life /:friend -:friend 3:friend =:friend
EXPR: 0 | POS | INT | 24 | 15 | 21 | 3=((8*3)-x) | 3 8 3 * x - = | 3:player 8:friend 3:player *:player x:player -:player =:player
EXPR: 0 | POS | INT | 24 | 15 | 72 | (x/3)=(8*3) | x 3 / 8 3 * = | x:life 3:friend /:life 8:friend 3:life *:life =:life
EXPR: 0 | POS | INT | 24 | 15 | 27 | (x-(8*3))=3 | x 8 3 * - 3 = | x:player 8:friend 3:player *:player -:player 3:player =:player
EXPR: 0 | POS | INT | 24 | 15 | 2 | 8=(3+(x+3)) | 8 3 x 3 + + = | 8:life 3:life x:life 3:life +:life +:life =:life
EXPR: 0 | POS | INT | 24 | 15 | 33 | 3=(x/(8+3)) | 3 x 8 3 + / = | 3:life x:life 8:friend 3:friend +:friend /:life =:life
EXPR: 0 | POS | INT | 24 | 15 | 8 | (3-(x-8))=3 | 3 x 8 - - 3 = | 3:life x:life 8:life -:life -:life 3:life =:life
EXPR: 0 | POS | INT | 24 | 15 | 8 | (3+(x-8))=3 | 3 x 8 - + 3 = | 3:life x:life 8:life -:life +:life 3:life =:life
EXPR: 0 | POS | INT | 24 | 15 | 7 | (3/(8-x))=3 | 3 8 x - / 3 = | 3:player 8:life x:life -:life /:player 3:player =:player
EXPR: 0 | POS | INT | 24 | 15 | 8 | 3=((x-8)+3) | 3 x 8 - 3 + = | 3:life x:life 8:life -:life 3:life +:life =:life
EXPR: 0 | POS | INT | 24 | 15 | 2 | 3=(8-(x+3)) | 3 8 x 3 + - = | 3:life 8:life x:life 3:life +:life -:life =:life
EXPR: 0 | POS | INT | 24 | 15 | 1 | ((x+8)/3)=3 | x 8 + 3 / 3 = | x:friend 8:friend +:friend 3:life /:friend 3:friend =:friend
EXPR: 0 | POS | INT | 24 | 15 | - | (3+(8/x))=3 | 3 8 x / + 3 = | 3:friend 8:friend x:life /:friend +:friend 3:friend =:friend
EXPR: 0 | POS | INT | 24 | 15 | 7 | 3=((8-x)*3) | 3 8 x - 3 * = | 3:life 8:friend x:friend -:friend 3:life *:life =:life
EXPR: 0 | POS | INT | 24 | 15 | - | 8=((3-3)/x) | 8 3 3 - x / = | 8:player 3:player 3:player -:player x:life /:player =:player
EXPR: 0 | POS | INT | 24 | 15 |  | (x/8)=(3-3) | x 8 / 3 3 - = | x:life 8:friend /:life 3:life 3:life -:life =:life
EXPR: 0 | POS | INT | 24 | 15 |  | (x*8)=(3-3) | x 8 * 3 3 - = | x:life 8:friend *:life 3:life 3:life -:life =:life
EXPR: 0 | POS | INT | 24 | 15 | - | ((8/x)+3)=3 | 8 x / 3 + 3 = | 8:friend x:life /:friend 3:friend +:friend 3:friend =:friend
EXPR: 0 | POS | INT | 24 | 15 | 8 | 8=(x+(3-3)) | 8 x 3 3 - + = | 8:life x:life 3:life 3:life -:life +:life =:life
EXPR: 0 | POS | INT | 24 | 15 | 21 | (3+x)=(8*3) | 3 x + 8 3 * = | 3:life x:life +:life 8:friend 3:life *:life =:life
EXPR: 0 | POS | INT | 24 | 15 | 2 | 8=(3+(3+x)) | 8 3 3 x + + = | 8:life 3:life 3:life x:life +:life +:life =:life
EXPR: 0 | POS | INT | 24 | 15 | 14 | ((x-3)-8)=3 | x 3 - 8 - 3 = | x:life 3:life -:life 8:life -:life 3:life =:life
EXPR: 1 | POS | INT | 24 | 15 | 15 | 3=(8-(x/3)) | 3 8 x 3 / - = | 3:friend 8:friend x:friend 3:life /:friend -:friend =:friend
EXPR: 0 | POS | INT | 24 | 15 | 33 | 8=((x/3)-3) | 8 x 3 / 3 - = | 8:friend x:friend 3:life /:friend 3:friend -:friend =:friend
EXPR: 0 | POS | INT | 24 | 15 | 33 | ((x/3)-8)=3 | x 3 / 8 - 3 = | x:friend 3:player /:friend 8:friend -:friend 3:friend =:friend
EXPR: 0 | POS | INT | 25 | 15 | 17 | x=((3*3)+8) | x 3 3 * 8 + = | x:friend 3:friend 3:life *:friend 8:friend +:friend =:friend
EXPR: 0 | POS | INT | 25 | 15 | 9 | x=((3/3)+8) | x 3 3 / 8 + = | x:friend 3:friend 3:life /:friend 8:friend +:friend =:friend
EXPR: 0 | POS | INT | 25 | 15 | 1 | ((3*3)-8)=x | 3 3 * 8 - x = | 3:player 3:life *:player 8:player -:player x:player =:player
EXPR: 0 | POS | INT | 25 | 15 | 48 | x=((3+3)*8) | x 3 3 + 8 * = | x:friend 3:player 3:player +:player 8:friend *:friend =:friend
EXPR: 0 | POS | INT | 25 | 15 | 48 | ((3+3)*8)=x | 3 3 + 8 * x = | 3:player 3:player +:player 8:friend *:player x:player =:player
EXPR: 0 | POS | INT | 25 | 15 | 33 | x=(3*(8+3)) | x 3 8 3 + * = | x:player 3:life 8:player 3:player +:player *:player =:player
EXPR: 0 | POS | INT | 25 | 15 | 1 | x=((3*3)-8) | x 3 3 * 8 - = | x:friend 3:player 3:friend *:friend 8:friend -:friend =:friend
EXPR: 0 | POS | INT | 25 | 15 | 8 | (3-(3-8))=x | 3 3 8 - - x = | 3:life 3:life 8:life -:life -:life x:life =:life
EXPR: 1 | POS | INT | 25 | 15 | 15 | x=(3*(8-3)) | x 3 8 3 - * = | x:player 3:life 8:player 3:player -:player *:player =:player
EXPR: 0 | POS | INT | 25 | 15 | 17 | ((3*3)+8)=x | 3 3 * 8 + x = | 3:player 3:life *:player 8:player +:player x:player =:player
EXPR: 0 | POS | INT | 25 | 15 | 0 | ((3-3)*8)=x | 3 3 - 8 * x = | 3:player 3:player -:player 8:friend *:player x:player =:player
EXPR: 0 | POS | INT | 27 | 15 | 9 | 3=(3*(x-8)) | 3 3 x 8 - * = | 3:friend 3:life x:friend 8:friend -:friend *:friend =:friend
EXPR: 0 | POS | INT | 27 | 15 | 0 | ((3-3)/8)=x | 3 3 - 8 / x = | 3:life 3:life -:life 8:player /:life x:life =:life
EXPR: 0 | POS | INT | 27 | 15 | 9 | 3=(3/(x-8)) | 3 3 x 8 - / = | 3:player 3:player x:life 8:life -:life /:player =:player
EXPR: 0 | POS | INT | 27 | 15 | 7 | 3=(3*(8-x)) | 3 3 8 x - * = | 3:player 3:life 8:player x:player -:player *:player =:player
EXPR: 0 | POS | INT | 27 | 15 | 33 | 3=((x/3)-8) | 3 x 3 / 8 - = | 3:friend x:friend 3:life /:friend 8:friend -:friend =:friend
EXPR: 0 | POS | INT | 27 | 15 | 7 | 3=(3/(8-x)) | 3 3 8 x - / = | 3:life 3:life 8:friend x:friend -:friend /:life =:life
EXPR: 0 | POS | INT | 27 | 15 | - | (x/(3-3))=8 | x 3 3 - / 8 = | x:friend 3:player 3:player -:player /:friend 8:friend =:friend
EXPR: 0 | POS | INT | 27 | 15 | 8 | 3=(3+(x-8)) | 3 3 x 8 - + = | 3:life 3:life x:life 8:life -:life +:life =:life
EXPR: 0 | POS | INT | 27 | 15 | 8 | 3=(x+(3-8)) | 3 x 3 8 - + = | 3:life x:life 3:life 8:life -:life +:life =:life
EXPR: 0 | POS | INT | 27 | 15 | 21 | (x+3)=(8*3) | x 3 + 8 3 * = | x:life 3:life +:life 8:life 3:player *:life =:life
EXPR: 0 | POS | INT | 27 | 15 | 14 | 3=(x-(8+3)) | 3 x 8 3 + - = | 3:life x:life 8:life 3:life +:life -:life =:life
EXPR: 0 | POS | INT | 27 | 15 | 27 | (x-3)=(8*3) | x 3 - 8 3 * = | x:life 3:life -:life 8:life 3:player *:life =:life
EXPR: 0 | POS | INT | 27 | 15 |  | (3+(8*x))=3 | 3 8 x * + 3 = | 3:life 8:player x:life *:life +:life 3:life =:life
EXPR: 0 | POS | INT | 27 | 15 | 8 | ((3-3)+8)=x | 3 3 - 8 + x = | 3:life 3:life -:life 8:life +:life x:life =:life
EXPR: 0 | POS | INT | 27 | 15 | 17 | (x-(3*3))=8 | x 3 3 * - 8 = | x:friend 3:player 3:friend *:friend -:friend 8:friend =:friend
EXPR: 0 | POS | INT | 27 | 15 | 0 | 3=(3-(x*8)) | 3 3 x 8 * - = | 3:life 3:life x:life 8:player *:life -:life =:life
EXPR: 0 | POS | INT | 27 | 15 | 0 | 3=(3-(x/8)) | 3 3 x 8 / - = | 3:life 3:life x:life 8:player /:life -:life =:life
EXPR: 0 | POS | INT | 27 | 15 | 9 | 3=((x-8)*3) | 3 x 8 - 3 * = | 3:friend x:friend 8:friend -:friend 3:player *:friend =:friend
EXPR: 0 | POS | INT | 27 | 15 | - | ((3-3)/x)=8 | 3 3 - x / 8 = | 3:player 3:player -:player x:life /:player 8:player =:player
EXPR: 0 | POS | INT | 27 | 15 | - | 3=(3-(8/x)) | 3 3 8 x / - = | 3:player 3:player 8:player x:life /:player -:player =:player
EXPR: 0 | POS | INT | 27 | 15 | - | 3=(3+(8/x)) | 3 3 8 x / + = | 3:player 3:player 8:player x:life /:player +:player =:player
EXPR: 0 | POS | INT | 27 | 15 | 8 | 3=((3-8)+x) | 3 3 8 - x + = | 3:life 3:life 8:life -:life x:life +:life =:life
EXPR: 0 | POS | INT | 27 | 15 | 8 | (3*x)=(8*3) | 3 x * 8 3 * = | 3:life x:friend *:friend 8:friend 3:player *:friend =:friend
EXPR: 0 | POS | INT | 27 | 15 | 1 | 3=((x+8)/3) | 3 x 8 + 3 / = | 3:friend x:friend 8:friend +:friend 3:player /:friend =:friend
EXPR: 0 | POS | INT | 27 | 15 | - | (x*(3-3))=8 | x 3 3 - * 8 = | x:life 3:friend 3:friend -:friend *:friend 8:friend =:friend
EXPR: 0 | POS | INT | 27 | 15 | 8 | x=((3-3)+8) | x 3 3 - 8 + = | x:life 3:life 3:life -:life 8:life +:life =:life
EXPR: 0 | POS | INT | 27 | 15 | 8 | ((3-x)+8)=3 | 3 x - 8 + 3 = | 3:life x:life -:life 8:life +:life 3:life =:life
EXPR: 0 | POS | INT | 27 | 15 | 48 | (x/(3+3))=8 | x 3 3 + / 8 = | x:friend 3:player 3:player +:player /:friend 8:friend =:friend
EXPR: 0 | POS | INT | 27 | 15 | 8 | 3=(3-(x-8)) | 3 3 x 8 - - = | 3:life 3:life x:life 8:life -:life -:life =:life
EXPR: 0 | POS | INT | 27 | 15 | 8 | 3=(x-(8-3)) | 3 x 8 3 - - = | 3:life x:life 8:life 3:life -:life -:life =:life
EXPR: 0 | POS | INT | 27 | 15 | - | 3=((8/x)+3) | 3 8 x / 3 + = | 3:player 8:player x:life /:player 3:player +:player =:player
EXPR: 0 | POS | INT | 27 | 15 | 8 | ((3+x)-3)=8 | 3 x + 3 - 8 = | 3:life x:life +:life 3:life -:life 8:life =:life
EXPR: 0 | POS | INT | 27 | 15 | - | ((3-3)*x)=8 | 3 3 - x * 8 = | 3:player 3:player -:player x:life *:life 8:life =:life
NET 152 unique, non-negative, integer-valued solutions found out of 1000 total solutions
