parameters: n=7 l=3 k=1 p=5 q=1 m=9
TOTAL 480 solutions found
SOLN: CORRECT | POS/NEG | INT/FRA | OBJ-SCORE | TRUE-ANS | ANS | INFIX | POSTFIX | TYPED-POSTFIX
EXPR: 0 | POS | INT | 0 | 6 | 17 | (9+(6+2))=x | 9 6 2 + + x = | 9:friend 6:friend 2:friend +:friend +:friend x:friend =:friend
EXPR: 0 | POS | INT | 0 | 6 | 5 | x=(9-(6-2)) | x 9 6 2 - - = | x:friend 9:friend 6:friend 2:friend -:friend -:friend =:friend
EXPR: 0 | POS | INT | 0 | 6 | 13 | x=(9+(6-2)) | x 9 6 2 - + = | x:friend 9:friend 6:friend 2:friend -:friend +:friend =:friend
EXPR: 0 | POS | INT | 0 | 6 | 17 | x=(9+(6+2)) | x 9 6 2 + + = | x:friend 9:friend 6:friend 2:friend +:friend +:friend =:friend
EXPR: 0 | POS | INT | 0 | 6 | 1 | x=(9-(6+2)) | x 9 6 2 + - = | x:friend 9:friend 6:friend 2:friend +:friend -:friend =:friend
EXPR: 0 | POS | INT | 0 | 6 | 5 | (9-(6-2))=x | 9 6 2 - - x = | 9:friend 6:friend 2:friend -:friend -:friend x:friend =:friend
EXPR: 0 | POS | INT | 0 | 6 | 13 | (9+(6-2))=x | 9 6 2 - + x = | 9:friend 6:friend 2:friend -:friend +:friend x:friend =:friend
EXPR: 0 | POS | INT | 0 | 6 | 1 | x=((9-6)-2) | x 9 6 - 2 - = | x:friend 9:friend 6:friend -:friend 2:friend -:friend =:friend
EXPR: 0 | POS | INT | 0 | 6 | 5 | x=((9-6)+2) | x 9 6 - 2 + = | x:friend 9:friend 6:friend -:friend 2:friend +:friend =:friend
EXPR: 0 | POS | INT | 0 | 6 | 13 | ((9+6)-2)=x | 9 6 + 2 - x = | 9:friend 6:friend +:friend 2:friend -:friend x:friend =:friend
EXPR: 0 | POS | INT | 0 | 6 | 1 | (9-(6+2))=x | 9 6 2 + - x = | 9:friend 6:friend 2:friend +:friend -:friend x:friend =:friend
EXPR: 0 | POS | INT | 0 | 6 | 13 | x=((9+6)-2) | x 9 6 + 2 - = | x:friend 9:friend 6:friend +:friend 2:friend -:friend =:friend
EXPR: 0 | POS | INT | 0 | 6 | 17 | x=((9+6)+2) | x 9 6 + 2 + = | x:friend 9:friend 6:friend +:friend 2:friend +:friend =:friend
EXPR: 0 | POS | INT | 0 | 6 | 5 | ((9-6)+2)=x | 9 6 - 2 + x = | 9:friend 6:friend -:friend 2:friend +:friend x:friend =:friend
EXPR: 0 | POS | INT | 0 | 6 | 1 | ((9-6)-2)=x | 9 6 - 2 - x = | 9:friend 6:friend -:friend 2:friend -:friend x:friend =:friend
EXPR: 0 | POS | INT | 0 | 6 | 17 | ((9+6)+2)=x | 9 6 + 2 + x = | 9:friend 6:friend +:friend 2:friend +:friend x:friend =:friend
EXPR: 0 | POS | INT | 2 | 6 | 13 | x=(9-(2-6)) | x 9 2 6 - - = | x:friend 9:friend 2:friend 6:friend -:friend -:friend =:friend
EXPR: 0 | POS | INT | 2 | 6 | 1 | x=((9-2)-6) | x 9 2 - 6 - = | x:friend 9:friend 2:friend -:friend 6:friend -:friend =:friend
EXPR: 0 | POS | INT | 2 | 6 | 13 | (9-(x-6))=2 | 9 x 6 - - 2 = | 9:friend x:friend 6:friend -:friend -:friend 2:friend =:friend
EXPR: 0 | POS | INT | 2 | 6 | 13 | x=(6+(9-2)) | x 6 9 2 - + = | x:friend 6:friend 9:friend 2:friend -:friend +:friend =:friend
EXPR: 0 | POS | INT | 2 | 6 | 5 | x=(9+(2-6)) | x 9 2 6 - + = | x:friend 9:friend 2:friend 6:friend -:friend +:friend =:friend
EXPR: 0 | POS | INT | 2 | 6 | 5 | x=((9+2)-6) | x 9 2 + 6 - = | x:friend 9:friend 2:friend +:friend 6:friend -:friend =:friend
EXPR: 0 | POS | INT | 2 | 6 | 17 | ((9+2)+6)=x | 9 2 + 6 + x = | 9:friend 2:friend +:friend 6:friend +:friend x:friend =:friend
EXPR: 0 | POS | INT | 2 | 6 | 13 | (9-(2-6))=x | 9 2 6 - - x = | 9:friend 2:friend 6:friend -:friend -:friend x:friend =:friend
EXPR: 0 | POS | INT | 2 | 6 | 5 | ((9+2)-6)=x | 9 2 + 6 - x = | 9:friend 2:friend +:friend 6:friend -:friend x:friend =:friend
EXPR: 0 | POS | INT | 2 | 6 | 1 | ((9-2)-6)=x | 9 2 - 6 - x = | 9:friend 2:friend -:friend 6:friend -:friend x:friend =:friend
EXPR: 0 | POS | INT | 2 | 6 | 17 | x=((9+2)+6) | x 9 2 + 6 + = | x:friend 9:friend 2:friend +:friend 6:friend +:friend =:friend
EXPR: 0 | POS | INT | 2 | 6 | 5 | 9=(6-(2-x)) | 9 6 2 x - - = | 9:friend 6:friend 2:friend x:friend -:friend -:friend =:friend
EXPR: 0 | POS | INT | 2 | 6 | 17 | x=(6+(9+2)) | x 6 9 2 + + = | x:friend 6:friend 9:friend 2:friend +:friend +:friend =:friend
EXPR: 0 | POS | INT | 2 | 6 | 1 | 9=(6+(x+2)) | 9 6 x 2 + + = | 9:friend 6:friend x:friend 2:friend +:friend +:friend =:friend
EXPR: 0 | POS | INT | 2 | 6 | 1 | (9-(x+6))=2 | 9 x 6 + - 2 = | 9:friend x:friend 6:friend +:friend -:friend 2:friend =:friend
EXPR: 0 | POS | INT | 2 | 6 | 5 | 9=(6+(x-2)) | 9 6 x 2 - + = | 9:friend 6:friend x:friend 2:friend -:friend +:friend =:friend
EXPR: 0 | POS | INT | 2 | 6 | 13 | x=((9-2)+6) | x 9 2 - 6 + = | x:friend 9:friend 2:friend -:friend 6:friend +:friend =:friend
EXPR: 0 | POS | INT | 2 | 6 | 5 | (x-(9-6))=2 | x 9 6 - - 2 = | x:friend 9:friend 6:friend -:friend -:friend 2:friend =:friend
EXPR: 0 | POS | INT | 2 | 6 | 17 | (x-(9+6))=2 | x 9 6 + - 2 = | x:friend 9:friend 6:friend +:friend -:friend 2:friend =:friend
EXPR: 0 | POS | INT | 2 | 6 | 5 | 9=((6-2)+x) | 9 6 2 - x + = | 9:friend 6:friend 2:friend -:friend x:friend +:friend =:friend
EXPR: 0 | POS | INT | 2 | 6 | 13 | ((9-2)+6)=x | 9 2 - 6 + x = | 9:friend 2:friend -:friend 6:friend +:friend x:friend =:friend
EXPR: 0 | POS | INT | 2 | 6 | 5 | (9+(2-6))=x | 9 2 6 - + x = | 9:friend 2:friend 6:friend -:friend +:friend x:friend =:friend
EXPR: 0 | POS | INT | 2 | 6 | 5 | ((x-9)+6)=2 | x 9 - 6 + 2 = | x:friend 9:friend -:friend 6:friend +:friend 2:friend =:friend
EXPR: 0 | POS | INT | 2 | 6 | 13 | ((9+6)-x)=2 | 9 6 + x - 2 = | 9:friend 6:friend +:friend x:friend -:friend 2:friend =:friend
EXPR: 0 | POS | INT | 2 | 6 | 17 | 9=((x-6)-2) | 9 x 6 - 2 - = | 9:friend x:friend 6:friend -:friend 2:friend -:friend =:friend
EXPR: 0 | POS | INT | 2 | 6 | 13 | 9=((x-6)+2) | 9 x 6 - 2 + = | 9:friend x:friend 6:friend -:friend 2:friend +:friend =:friend
EXPR: 0 | POS | INT | 2 | 6 | 13 | (6+(9-2))=x | 6 9 2 - + x = | 6:friend 9:friend 2:friend -:friend +:friend x:friend =:friend
EXPR: 0 | POS | INT | 2 | 6 | 5 | 9=((6+x)-2) | 9 6 x + 2 - = | 9:friend 6:friend x:friend +:friend 2:friend -:friend =:friend
EXPR: 0 | POS | INT | 2 | 6 | 1 | 9=((6+x)+2) | 9 6 x + 2 + = | 9:friend 6:friend x:friend +:friend 2:friend +:friend =:friend
EXPR: 0 | POS | INT | 2 | 6 | 1 | ((9-x)-6)=2 | 9 x - 6 - 2 = | 9:friend x:friend -:friend 6:friend -:friend 2:friend =:friend
EXPR: 0 | POS | INT | 2 | 6 | 5 | 9=((x+6)-2) | 9 x 6 + 2 - = | 9:friend x:friend 6:friend +:friend 2:friend -:friend =:friend
EXPR: 0 | POS | INT | 2 | 6 | 17 | ((x-9)-6)=2 | x 9 - 6 - 2 = | x:friend 9:friend -:friend 6:friend -:friend 2:friend =:friend
EXPR: 0 | POS | INT | 2 | 6 | 1 | ((9-6)-x)=2 | 9 6 - x - 2 = | 9:friend 6:friend -:friend x:friend -:friend 2:friend =:friend
EXPR: 0 | POS | INT | 2 | 6 | 1 | 9=(6+(2+x)) | 9 6 2 x + + = | 9:friend 6:friend 2:friend x:friend +:friend +:friend =:friend
EXPR: 0 | POS | INT | 2 | 6 | 17 | (6+(9+2))=x | 6 9 2 + + x = | 6:friend 9:friend 2:friend +:friend +:friend x:friend =:friend
EXPR: 0 | POS | INT | 2 | 6 | 13 | 9=(x-(6-2)) | 9 x 6 2 - - = | 9:friend x:friend 6:friend 2:friend -:friend -:friend =:friend
EXPR: 0 | POS | INT | 2 | 6 | 5 | 9=(x+(6-2)) | 9 x 6 2 - + = | 9:friend x:friend 6:friend 2:friend -:friend +:friend =:friend
EXPR: 0 | POS | INT | 2 | 6 | 17 | 9=(x-(6+2)) | 9 x 6 2 + - = | 9:friend x:friend 6:friend 2:friend +:friend -:friend =:friend
EXPR: 0 | POS | INT | 2 | 6 | 1 | 9=(x+(6+2)) | 9 x 6 2 + + = | 9:friend x:friend 6:friend 2:friend +:friend +:friend =:friend
EXPR: 0 | POS | INT | 2 | 6 | 1 | 9=((6+2)+x) | 9 6 2 + x + = | 9:friend 6:friend 2:friend +:friend x:friend +:friend =:friend
EXPR: 0 | POS | INT | 2 | 6 | 13 | (9+(6-x))=2 | 9 6 x - + 2 = | 9:friend 6:friend x:friend -:friend +:friend 2:friend =:friend
EXPR: 0 | POS | INT | 2 | 6 | 13 | ((9-x)+6)=2 | 9 x - 6 + 2 = | 9:friend x:friend -:friend 6:friend +:friend 2:friend =:friend
EXPR: 0 | POS | INT | 2 | 6 | 1 | 9=((x+6)+2) | 9 x 6 + 2 + = | 9:friend x:friend 6:friend +:friend 2:friend +:friend =:friend
EXPR: 0 | POS | INT | 2 | 6 | 1 | (9-(6+x))=2 | 9 6 x + - 2 = | 9:friend 6:friend x:friend +:friend -:friend 2:friend =:friend
EXPR: 0 | POS | INT | 4 | 6 | 1 | 6=((9-x)-2) | 6 9 x - 2 - = | 6:friend 9:friend x:friend -:friend 2:friend -:friend =:friend
EXPR: 0 | POS | INT | 4 | 6 | 1 | 6=((9-2)-x) | 6 9 2 - x - = | 6:friend 9:friend 2:friend -:friend x:friend -:friend =:friend
EXPR: 0 | POS | INT | 4 | 6 | 1 | 6=(9-(2+x)) | 6 9 2 x + - = | 6:friend 9:friend 2:friend x:friend +:friend -:friend =:friend
EXPR: 0 | POS | INT | 4 | 6 | 5 | 6=((9-x)+2) | 6 9 x - 2 + = | 6:friend 9:friend x:friend -:friend 2:friend +:friend =:friend
EXPR: 0 | POS | INT | 4 | 6 | 5 | 6=((9+2)-x) | 6 9 2 + x - = | 6:friend 9:friend 2:friend +:friend x:friend -:friend =:friend
EXPR: 0 | POS | INT | 4 | 6 | 13 | (6-(x-9))=2 | 6 x 9 - - 2 = | 6:friend x:friend 9:friend -:friend -:friend 2:friend =:friend
EXPR: 0 | POS | INT | 4 | 6 | 17 | (x-(9+2))=6 | x 9 2 + - 6 = | x:friend 9:friend 2:friend +:friend -:friend 6:friend =:friend
EXPR: 0 | POS | INT | 4 | 6 | 13 | (x-(9-2))=6 | x 9 2 - - 6 = | x:friend 9:friend 2:friend -:friend -:friend 6:friend =:friend
EXPR: 0 | POS | INT | 4 | 6 | 1 | ((9-2)-x)=6 | 9 2 - x - 6 = | 9:friend 2:friend -:friend x:friend -:friend 6:friend =:friend
EXPR: 0 | POS | INT | 4 | 6 | 17 | 9=((x-2)-6) | 9 x 2 - 6 - = | 9:friend x:friend 2:friend -:friend 6:friend -:friend =:friend
EXPR: 0 | POS | INT | 4 | 6 | 5 | (9-(x-2))=6 | 9 x 2 - - 6 = | 9:friend x:friend 2:friend -:friend -:friend 6:friend =:friend
EXPR: 0 | POS | INT | 4 | 6 | 13 | 9=((x+2)-6) | 9 x 2 + 6 - = | 9:friend x:friend 2:friend +:friend 6:friend -:friend =:friend
EXPR: 0 | POS | INT | 4 | 6 | 5 | 6=(9-(x-2)) | 6 9 x 2 - - = | 6:friend 9:friend x:friend 2:friend -:friend -:friend =:friend
EXPR: 0 | POS | INT | 4 | 6 | 5 | 9=((x-2)+6) | 9 x 2 - 6 + = | 9:friend x:friend 2:friend -:friend 6:friend +:friend =:friend
EXPR: 0 | POS | INT | 4 | 6 | 1 | 6=(9-(x+2)) | 6 9 x 2 + - = | 6:friend 9:friend x:friend 2:friend +:friend -:friend =:friend
EXPR: 0 | POS | INT | 4 | 6 | 13 | (6+(9-x))=2 | 6 9 x - + 2 = | 6:friend 9:friend x:friend -:friend +:friend 2:friend =:friend
EXPR: 0 | POS | INT | 4 | 6 | 17 | 6=((x-9)-2) | 6 x 9 - 2 - = | 6:friend x:friend 9:friend -:friend 2:friend -:friend =:friend
EXPR: 0 | POS | INT | 4 | 6 | 5 | (x+(6-9))=2 | x 6 9 - + 2 = | x:friend 6:friend 9:friend -:friend +:friend 2:friend =:friend
EXPR: 0 | POS | INT | 4 | 6 | 5 | ((x+6)-9)=2 | x 6 + 9 - 2 = | x:friend 6:friend +:friend 9:friend -:friend 2:friend =:friend
EXPR: 0 | POS | INT | 4 | 6 | 5 | ((6-9)+x)=2 | 6 9 - x + 2 = | 6:friend 9:friend -:friend x:friend +:friend 2:friend =:friend
EXPR: 0 | POS | INT | 4 | 6 | 1 | 9=((x+2)+6) | 9 x 2 + 6 + = | 9:friend x:friend 2:friend +:friend 6:friend +:friend =:friend
EXPR: 0 | POS | INT | 4 | 6 | 5 | 6=(9+(2-x)) | 6 9 2 x - + = | 6:friend 9:friend 2:friend x:friend -:friend +:friend =:friend
EXPR: 0 | POS | INT | 4 | 6 | 5 | (6+(x-9))=2 | 6 x 9 - + 2 = | 6:friend x:friend 9:friend -:friend +:friend 2:friend =:friend
EXPR: 0 | POS | INT | 4 | 6 | 5 | (6-(9-x))=2 | 6 9 x - - 2 = | 6:friend 9:friend x:friend -:friend -:friend 2:friend =:friend
EXPR: 0 | POS | INT | 4 | 6 | 1 | 9=(2+(x+6)) | 9 2 x 6 + + = | 9:friend 2:friend x:friend 6:friend +:friend +:friend =:friend
EXPR: 0 | POS | INT | 4 | 6 | 1 | ((9-x)-2)=6 | 9 x - 2 - 6 = | 9:friend x:friend -:friend 2:friend -:friend 6:friend =:friend
EXPR: 0 | POS | INT | 4 | 6 | 13 | 9=(2+(x-6)) | 9 2 x 6 - + = | 9:friend 2:friend x:friend 6:friend -:friend +:friend =:friend
EXPR: 0 | POS | INT | 4 | 6 | 13 | 9=(2-(6-x)) | 9 2 6 x - - = | 9:friend 2:friend 6:friend x:friend -:friend -:friend =:friend
EXPR: 0 | POS | INT | 4 | 6 | 1 | (9-(x+2))=6 | 9 x 2 + - 6 = | 9:friend x:friend 2:friend +:friend -:friend 6:friend =:friend
EXPR: 0 | POS | INT | 4 | 6 | 5 | (9+(2-x))=6 | 9 2 x - + 6 = | 9:friend 2:friend x:friend -:friend +:friend 6:friend =:friend
EXPR: 0 | POS | INT | 4 | 6 | 17 | ((x-6)-9)=2 | x 6 - 9 - 2 = | x:friend 6:friend -:friend 9:friend -:friend 2:friend =:friend
EXPR: 0 | POS | INT | 4 | 6 | 17 | ((x-9)-2)=6 | x 9 - 2 - 6 = | x:friend 9:friend -:friend 2:friend -:friend 6:friend =:friend
EXPR: 0 | POS | INT | 4 | 6 | 1 | 9=(2+(6+x)) | 9 2 6 x + + = | 9:friend 2:friend 6:friend x:friend +:friend +:friend =:friend
EXPR: 0 | POS | INT | 4 | 6 | 13 | 9=((2+x)-6) | 9 2 x + 6 - = | 9:friend 2:friend x:friend +:friend 6:friend -:friend =:friend
EXPR: 0 | POS | INT | 4 | 6 | 5 | 9=(x-(2-6)) | 9 x 2 6 - - = | 9:friend x:friend 2:friend 6:friend -:friend -:friend =:friend
EXPR: 0 | POS | INT | 4 | 6 | 1 | (9-(2+x))=6 | 9 2 x + - 6 = | 9:friend 2:friend x:friend +:friend -:friend 6:friend =:friend
EXPR: 0 | POS | INT | 4 | 6 | 13 | 9=((2-6)+x) | 9 2 6 - x + = | 9:friend 2:friend 6:friend -:friend x:friend +:friend =:friend
EXPR: 0 | POS | INT | 4 | 6 | 13 | 6=(x-(9-2)) | 6 x 9 2 - - = | 6:friend x:friend 9:friend 2:friend -:friend -:friend =:friend
EXPR: 0 | POS | INT | 4 | 6 | 13 | 6=((x-9)+2) | 6 x 9 - 2 + = | 6:friend x:friend 9:friend -:friend 2:friend +:friend =:friend
EXPR: 0 | POS | INT | 4 | 6 | 1 | 9=((2+x)+6) | 9 2 x + 6 + = | 9:friend 2:friend x:friend +:friend 6:friend +:friend =:friend
EXPR: 0 | POS | INT | 4 | 6 | 13 | ((x-9)+2)=6 | x 9 - 2 + 6 = | x:friend 9:friend -:friend 2:friend +:friend 6:friend =:friend
EXPR: 0 | POS | INT | 4 | 6 | 13 | 9=(x+(2-6)) | 9 x 2 6 - + = | 9:friend x:friend 2:friend 6:friend -:friend +:friend =:friend
EXPR: 0 | POS | INT | 4 | 6 | 5 | ((6+x)-9)=2 | 6 x + 9 - 2 = | 6:friend x:friend +:friend 9:friend -:friend 2:friend =:friend
EXPR: 0 | POS | INT | 4 | 6 | 5 | ((9+2)-x)=6 | 9 2 + x - 6 = | 9:friend 2:friend +:friend x:friend -:friend 6:friend =:friend
EXPR: 0 | POS | INT | 4 | 6 | 17 | 6=(x-(9+2)) | 6 x 9 2 + - = | 6:friend x:friend 9:friend 2:friend +:friend -:friend =:friend
EXPR: 0 | POS | INT | 4 | 6 | 13 | ((6-x)+9)=2 | 6 x - 9 + 2 = | 6:friend x:friend -:friend 9:friend +:friend 2:friend =:friend
EXPR: 0 | POS | INT | 4 | 6 | 5 | ((9-x)+2)=6 | 9 x - 2 + 6 = | 9:friend x:friend -:friend 2:friend +:friend 6:friend =:friend
EXPR: 0 | POS | INT | 5 | 6 | 13 | (6-(2-9))=x | 6 2 9 - - x = | 6:friend 2:friend 9:friend -:friend -:friend x:friend =:friend
EXPR: 0 | POS | INT | 5 | 6 | 17 | x=(2+(9+6)) | x 2 9 6 + + = | x:friend 2:friend 9:friend 6:friend +:friend +:friend =:friend
EXPR: 0 | POS | INT | 5 | 6 | 17 | ((6+2)+9)=x | 6 2 + 9 + x = | 6:friend 2:friend +:friend 9:friend +:friend x:friend =:friend
EXPR: 0 | POS | INT | 5 | 6 | 13 | x=((6-2)+9) | x 6 2 - 9 + = | x:friend 6:friend 2:friend -:friend 9:friend +:friend =:friend
EXPR: 0 | POS | INT | 5 | 6 | 13 | ((6-2)+9)=x | 6 2 - 9 + x = | 6:friend 2:friend -:friend 9:friend +:friend x:friend =:friend
EXPR: 0 | POS | INT | 5 | 6 | 13 | x=(6-(2-9)) | x 6 2 9 - - = | x:friend 6:friend 2:friend 9:friend -:friend -:friend =:friend
EXPR: 0 | POS | INT | 5 | 6 | 5 | (2+(9-6))=x | 2 9 6 - + x = | 2:friend 9:friend 6:friend -:friend +:friend x:friend =:friend
EXPR: 0 | POS | INT | 5 | 6 | 17 | (2+(9+6))=x | 2 9 6 + + x = | 2:friend 9:friend 6:friend +:friend +:friend x:friend =:friend
EXPR: 0 | POS | INT | 5 | 6 | 5 | x=(2+(9-6)) | x 2 9 6 - + = | x:friend 2:friend 9:friend 6:friend -:friend +:friend =:friend
EXPR: 0 | POS | INT | 5 | 6 | 17 | x=((6+2)+9) | x 6 2 + 9 + = | x:friend 6:friend 2:friend +:friend 9:friend +:friend =:friend
EXPR: 0 | POS | INT | 7 | 6 | 13 | 2=(9-(x-6)) | 2 9 x 6 - - = | 2:friend 9:friend x:friend 6:friend -:friend -:friend =:friend
EXPR: 0 | POS | INT | 7 | 6 | 5 | ((x+6)-2)=9 | x 6 + 2 - 9 = | x:friend 6:friend +:friend 2:friend -:friend 9:friend =:friend
EXPR: 0 | POS | INT | 7 | 6 | 13 | 6=((2-9)+x) | 6 2 9 - x + = | 6:friend 2:friend 9:friend -:friend x:friend +:friend =:friend
EXPR: 0 | POS | INT | 7 | 6 | 1 | 2=(9-(x+6)) | 2 9 x 6 + - = | 2:friend 9:friend x:friend 6:friend +:friend -:friend =:friend
EXPR: 0 | POS | INT | 7 | 6 | 5 | ((2-6)+9)=x | 2 6 - 9 + x = | 2:friend 6:friend -:friend 9:friend +:friend x:friend =:friend
EXPR: 0 | POS | INT | 7 | 6 | 5 | ((6-2)+x)=9 | 6 2 - x + 9 = | 6:friend 2:friend -:friend x:friend +:friend 9:friend =:friend
EXPR: 0 | POS | INT | 7 | 6 | 1 | ((6+2)+x)=9 | 6 2 + x + 9 = | 6:friend 2:friend +:friend x:friend +:friend 9:friend =:friend
EXPR: 0 | POS | INT | 7 | 6 | 1 | 2=(9-(6+x)) | 2 9 6 x + - = | 2:friend 9:friend 6:friend x:friend +:friend -:friend =:friend
EXPR: 0 | POS | INT | 7 | 6 | 1 | 2=((9-x)-6) | 2 9 x - 6 - = | 2:friend 9:friend x:friend -:friend 6:friend -:friend =:friend
EXPR: 0 | POS | INT | 7 | 6 | 13 | (2+(x-9))=6 | 2 x 9 - + 6 = | 2:friend x:friend 9:friend -:friend +:friend 6:friend =:friend
EXPR: 0 | POS | INT | 7 | 6 | 5 | (x+(6-2))=9 | x 6 2 - + 9 = | x:friend 6:friend 2:friend -:friend +:friend 9:friend =:friend
EXPR: 0 | POS | INT | 7 | 6 | 17 | ((x-2)-9)=6 | x 2 - 9 - 6 = | x:friend 2:friend -:friend 9:friend -:friend 6:friend =:friend
EXPR: 0 | POS | INT | 7 | 6 | 13 | (x-(6-2))=9 | x 6 2 - - 9 = | x:friend 6:friend 2:friend -:friend -:friend 9:friend =:friend
EXPR: 0 | POS | INT | 7 | 6 | 1 | (x+(6+2))=9 | x 6 2 + + 9 = | x:friend 6:friend 2:friend +:friend +:friend 9:friend =:friend
EXPR: 0 | POS | INT | 7 | 6 | 13 | 2=((9-x)+6) | 2 9 x - 6 + = | 2:friend 9:friend x:friend -:friend 6:friend +:friend =:friend
EXPR: 0 | POS | INT | 7 | 6 | 13 | 2=(9+(6-x)) | 2 9 6 x - + = | 2:friend 9:friend 6:friend x:friend -:friend +:friend =:friend
EXPR: 0 | POS | INT | 7 | 6 | 5 | (2-(6-9))=x | 2 6 9 - - x = | 2:friend 6:friend 9:friend -:friend -:friend x:friend =:friend
EXPR: 0 | POS | INT | 7 | 6 | 17 | 2=((x-9)-6) | 2 x 9 - 6 - = | 2:friend x:friend 9:friend -:friend 6:friend -:friend =:friend
EXPR: 0 | POS | INT | 7 | 6 | 5 | 6=((2-x)+9) | 6 2 x - 9 + = | 6:friend 2:friend x:friend -:friend 9:friend +:friend =:friend
EXPR: 0 | POS | INT | 7 | 6 | 5 | x=(2-(6-9)) | x 2 6 9 - - = | x:friend 2:friend 6:friend 9:friend -:friend -:friend =:friend
EXPR: 0 | POS | INT | 7 | 6 | 5 | (6+(x-2))=9 | 6 x 2 - + 9 = | 6:friend x:friend 2:friend -:friend +:friend 9:friend =:friend
EXPR: 0 | POS | INT | 7 | 6 | 5 | (2+(9-x))=6 | 2 9 x - + 6 = | 2:friend 9:friend x:friend -:friend +:friend 6:friend =:friend
EXPR: 0 | POS | INT | 7 | 6 | 17 | 6=((x-2)-9) | 6 x 2 - 9 - = | 6:friend x:friend 2:friend -:friend 9:friend -:friend =:friend
EXPR: 0 | POS | INT | 7 | 6 | 5 | (2-(x-9))=6 | 2 x 9 - - 6 = | 2:friend x:friend 9:friend -:friend -:friend 6:friend =:friend
EXPR: 0 | POS | INT | 7 | 6 | 13 | (2-(9-x))=6 | 2 9 x - - 6 = | 2:friend 9:friend x:friend -:friend -:friend 6:friend =:friend
EXPR: 0 | POS | INT | 7 | 6 | 13 | 6=((x+2)-9) | 6 x 2 + 9 - = | 6:friend x:friend 2:friend +:friend 9:friend -:friend =:friend
EXPR: 0 | POS | INT | 7 | 6 | 5 | (6-(2-x))=9 | 6 2 x - - 9 = | 6:friend 2:friend x:friend -:friend -:friend 9:friend =:friend
EXPR: 0 | POS | INT | 7 | 6 | 1 | 2=((9-6)-x) | 2 9 6 - x - = | 2:friend 9:friend 6:friend -:friend x:friend -:friend =:friend
EXPR: 0 | POS | INT | 7 | 6 | 13 | ((2-9)+x)=6 | 2 9 - x + 6 = | 2:friend 9:friend -:friend x:friend +:friend 6:friend =:friend
EXPR: 0 | POS | INT | 7 | 6 | 13 | 6=(2-(9-x)) | 6 2 9 x - - = | 6:friend 2:friend 9:friend x:friend -:friend -:friend =:friend
EXPR: 0 | POS | INT | 7 | 6 | 1 | (6+(x+2))=9 | 6 x 2 + + 9 = | 6:friend x:friend 2:friend +:friend +:friend 9:friend =:friend
EXPR: 0 | POS | INT | 7 | 6 | 13 | 2=((9+6)-x) | 2 9 6 + x - = | 2:friend 9:friend 6:friend +:friend x:friend -:friend =:friend
EXPR: 0 | POS | INT | 7 | 6 | 13 | ((x-6)+2)=9 | x 6 - 2 + 9 = | x:friend 6:friend -:friend 2:friend +:friend 9:friend =:friend
EXPR: 0 | POS | INT | 7 | 6 | 13 | 6=(2+(x-9)) | 6 2 x 9 - + = | 6:friend 2:friend x:friend 9:friend -:friend +:friend =:friend
EXPR: 0 | POS | INT | 7 | 6 | 5 | 6=(2-(x-9)) | 6 2 x 9 - - = | 6:friend 2:friend x:friend 9:friend -:friend -:friend =:friend
EXPR: 0 | POS | INT | 7 | 6 | 17 | ((x-6)-2)=9 | x 6 - 2 - 9 = | x:friend 6:friend -:friend 2:friend -:friend 9:friend =:friend
EXPR: 0 | POS | INT | 7 | 6 | 1 | (6+(2+x))=9 | 6 2 x + + 9 = | 6:friend 2:friend x:friend +:friend +:friend 9:friend =:friend
EXPR: 0 | POS | INT | 7 | 6 | 5 | 2=((x-9)+6) | 2 x 9 - 6 + = | 2:friend x:friend 9:friend -:friend 6:friend +:friend =:friend
EXPR: 0 | POS | INT | 7 | 6 | 5 | 6=(2+(9-x)) | 6 2 9 x - + = | 6:friend 2:friend 9:friend x:friend -:friend +:friend =:friend
EXPR: 0 | POS | INT | 7 | 6 | 13 | 6=((2+x)-9) | 6 2 x + 9 - = | 6:friend 2:friend x:friend +:friend 9:friend -:friend =:friend
EXPR: 0 | POS | INT | 7 | 6 | 1 | ((x+6)+2)=9 | x 6 + 2 + 9 = | x:friend 6:friend +:friend 2:friend +:friend 9:friend =:friend
EXPR: 0 | POS | INT | 7 | 6 | 5 | x=((2-6)+9) | x 2 6 - 9 + = | x:friend 2:friend 6:friend -:friend 9:friend +:friend =:friend
EXPR: 0 | POS | INT | 7 | 6 | 13 | ((x+2)-9)=6 | x 2 + 9 - 6 = | x:friend 2:friend +:friend 9:friend -:friend 6:friend =:friend
EXPR: 0 | POS | INT | 7 | 6 | 5 | 2=(x-(9-6)) | 2 x 9 6 - - = | 2:friend x:friend 9:friend 6:friend -:friend -:friend =:friend
EXPR: 0 | POS | INT | 7 | 6 | 13 | 6=(x+(2-9)) | 6 x 2 9 - + = | 6:friend x:friend 2:friend 9:friend -:friend +:friend =:friend
EXPR: 0 | POS | INT | 7 | 6 | 1 | ((6+x)+2)=9 | 6 x + 2 + 9 = | 6:friend x:friend +:friend 2:friend +:friend 9:friend =:friend
EXPR: 0 | POS | INT | 7 | 6 | 17 | 2=(x-(9+6)) | 2 x 9 6 + - = | 2:friend x:friend 9:friend 6:friend +:friend -:friend =:friend
EXPR: 0 | POS | INT | 7 | 6 | 17 | (x-(6+2))=9 | x 6 2 + - 9 = | x:friend 6:friend 2:friend +:friend -:friend 9:friend =:friend
EXPR: 0 | POS | INT | 7 | 6 | 13 | (x+(2-9))=6 | x 2 9 - + 6 = | x:friend 2:friend 9:friend -:friend +:friend 6:friend =:friend
EXPR: 0 | POS | INT | 7 | 6 | 5 | ((6+x)-2)=9 | 6 x + 2 - 9 = | 6:friend x:friend +:friend 2:friend -:friend 9:friend =:friend
EXPR: 0 | POS | INT | 7 | 6 | 13 | ((2+x)-9)=6 | 2 x + 9 - 6 = | 2:friend x:friend +:friend 9:friend -:friend 6:friend =:friend
EXPR: 0 | POS | INT | 7 | 6 | 5 | ((2-x)+9)=6 | 2 x - 9 + 6 = | 2:friend x:friend -:friend 9:friend +:friend 6:friend =:friend
EXPR: 0 | POS | INT | 9 | 6 | 13 | 2=(6-(x-9)) | 2 6 x 9 - - = | 2:friend 6:friend x:friend 9:friend -:friend -:friend =:friend
EXPR: 0 | POS | INT | 9 | 6 | 5 | 2=(6-(9-x)) | 2 6 9 x - - = | 2:friend 6:friend 9:friend x:friend -:friend -:friend =:friend
EXPR: 0 | POS | INT | 9 | 6 | 5 | 2=(6+(x-9)) | 2 6 x 9 - + = | 2:friend 6:friend x:friend 9:friend -:friend +:friend =:friend
EXPR: 0 | POS | INT | 9 | 6 | 17 | 2=((x-6)-9) | 2 x 6 - 9 - = | 2:friend x:friend 6:friend -:friend 9:friend -:friend =:friend
EXPR: 0 | POS | INT | 9 | 6 | 5 | (x-(2-6))=9 | x 2 6 - - 9 = | x:friend 2:friend 6:friend -:friend -:friend 9:friend =:friend
EXPR: 0 | POS | INT | 9 | 6 | 5 | 2=((x+6)-9) | 2 x 6 + 9 - = | 2:friend x:friend 6:friend +:friend 9:friend -:friend =:friend
EXPR: 0 | POS | INT | 9 | 6 | 13 | 2=((6-x)+9) | 2 6 x - 9 + = | 2:friend 6:friend x:friend -:friend 9:friend +:friend =:friend
EXPR: 0 | POS | INT | 9 | 6 | 17 | ((x-2)-6)=9 | x 2 - 6 - 9 = | x:friend 2:friend -:friend 6:friend -:friend 9:friend =:friend
EXPR: 0 | POS | INT | 9 | 6 | 13 | (x+(2-6))=9 | x 2 6 - + 9 = | x:friend 2:friend 6:friend -:friend +:friend 9:friend =:friend
EXPR: 0 | POS | INT | 9 | 6 | 1 | ((x+2)+6)=9 | x 2 + 6 + 9 = | x:friend 2:friend +:friend 6:friend +:friend 9:friend =:friend
EXPR: 0 | POS | INT | 9 | 6 | 5 | 2=((6+x)-9) | 2 6 x + 9 - = | 2:friend 6:friend x:friend +:friend 9:friend -:friend =:friend
EXPR: 0 | POS | INT | 9 | 6 | 13 | (2+(x-6))=9 | 2 x 6 - + 9 = | 2:friend x:friend 6:friend -:friend +:friend 9:friend =:friend
EXPR: 0 | POS | INT | 9 | 6 | 13 | ((2-6)+x)=9 | 2 6 - x + 9 = | 2:friend 6:friend -:friend x:friend +:friend 9:friend =:friend
EXPR: 0 | POS | INT | 9 | 6 | 13 | 2=(6+(9-x)) | 2 6 9 x - + = | 2:friend 6:friend 9:friend x:friend -:friend +:friend =:friend
EXPR: 0 | POS | INT | 9 | 6 | 1 | (2+(x+6))=9 | 2 x 6 + + 9 = | 2:friend x:friend 6:friend +:friend +:friend 9:friend =:friend
EXPR: 0 | POS | INT | 9 | 6 | 5 | ((x-2)+6)=9 | x 2 - 6 + 9 = | x:friend 2:friend -:friend 6:friend +:friend 9:friend =:friend
EXPR: 0 | POS | INT | 9 | 6 | 5 | 2=((6-9)+x) | 2 6 9 - x + = | 2:friend 6:friend 9:friend -:friend x:friend +:friend =:friend
EXPR: 0 | POS | INT | 9 | 6 | 1 | ((2+x)+6)=9 | 2 x + 6 + 9 = | 2:friend x:friend +:friend 6:friend +:friend 9:friend =:friend
EXPR: 0 | POS | INT | 9 | 6 | 13 | ((x+2)-6)=9 | x 2 + 6 - 9 = | x:friend 2:friend +:friend 6:friend -:friend 9:friend =:friend
EXPR: 0 | POS | INT | 9 | 6 | 13 | ((2+x)-6)=9 | 2 x + 6 - 9 = | 2:friend x:friend +:friend 6:friend -:friend 9:friend =:friend
EXPR: 0 | POS | INT | 9 | 6 | 13 | (2-(6-x))=9 | 2 6 x - - 9 = | 2:friend 6:friend x:friend -:friend -:friend 9:friend =:friend
EXPR: 0 | POS | INT | 9 | 6 | 1 | (2+(6+x))=9 | 2 6 x + + 9 = | 2:friend 6:friend x:friend +:friend +:friend 9:friend =:friend
EXPR: 0 | POS | INT | 9 | 6 | 5 | 2=(x+(6-9)) | 2 x 6 9 - + = | 2:friend x:friend 6:friend 9:friend -:friend +:friend =:friend
EXPR: 0 | POS | INT | 12 | 6 | 1 | (9-x)=(6+2) | 9 x - 6 2 + = | 9:friend x:friend -:friend 6:friend 2:friend +:friend =:friend
EXPR: 0 | POS | INT | 12 | 6 | 1 | (9-6)=(2+x) | 9 6 - 2 x + = | 9:friend 6:friend -:friend 2:friend x:friend +:friend =:friend
EXPR: 0 | POS | INT | 12 | 6 | 1 | (9-6)=(x+2) | 9 6 - x 2 + = | 9:friend 6:friend -:friend x:friend 2:friend +:friend =:friend
EXPR: 0 | POS | INT | 12 | 6 | 5 | (9-x)=(6-2) | 9 x - 6 2 - = | 9:friend x:friend -:friend 6:friend 2:friend -:friend =:friend
EXPR: 0 | POS | INT | 12 | 6 | 5 | (9-6)=(x-2) | 9 6 - x 2 - = | 9:friend 6:friend -:friend x:friend 2:friend -:friend =:friend
EXPR: 0 | POS | INT | 12 | 6 | 17 | (x-9)=(6+2) | x 9 - 6 2 + = | x:friend 9:friend -:friend 6:friend 2:friend +:friend =:friend
EXPR: 0 | POS | INT | 12 | 6 | 17 | (9+6)=(x-2) | 9 6 + x 2 - = | 9:friend 6:friend +:friend x:friend 2:friend -:friend =:friend
EXPR: 0 | POS | INT | 12 | 6 | 13 | (9+6)=(x+2) | 9 6 + x 2 + = | 9:friend 6:friend +:friend x:friend 2:friend +:friend =:friend
EXPR: 0 | POS | INT | 12 | 6 | 13 | (9+6)=(2+x) | 9 6 + 2 x + = | 9:friend 6:friend +:friend 2:friend x:friend +:friend =:friend
EXPR: 0 | POS | INT | 12 | 6 | 13 | (x-9)=(6-2) | x 9 - 6 2 - = | x:friend 9:friend -:friend 6:friend 2:friend -:friend =:friend
EXPR: 0 | POS | INT | 14 | 6 | 1 | (9-2)=(x+6) | 9 2 - x 6 + = | 9:friend 2:friend -:friend x:friend 6:friend +:friend =:friend
EXPR: 0 | POS | INT | 14 | 6 | 17 | (9+2)=(x-6) | 9 2 + x 6 - = | 9:friend 2:friend +:friend x:friend 6:friend -:friend =:friend
EXPR: 0 | POS | INT | 14 | 6 | 13 | (9-x)=(2-6) | 9 x - 2 6 - = | 9:friend x:friend -:friend 2:friend 6:friend -:friend =:friend
EXPR: 0 | POS | INT | 14 | 6 | 5 | (x-9)=(2-6) | x 9 - 2 6 - = | x:friend 9:friend -:friend 2:friend 6:friend -:friend =:friend
EXPR: 0 | POS | INT | 14 | 6 | 13 | (9-2)=(x-6) | 9 2 - x 6 - = | 9:friend 2:friend -:friend x:friend 6:friend -:friend =:friend
EXPR: 0 | POS | INT | 14 | 6 | 5 | (9+2)=(6+x) | 9 2 + 6 x + = | 9:friend 2:friend +:friend 6:friend x:friend +:friend =:friend
EXPR: 0 | POS | INT | 14 | 6 | 5 | (9+2)=(x+6) | 9 2 + x 6 + = | 9:friend 2:friend +:friend x:friend 6:friend +:friend =:friend
EXPR: 0 | POS | INT | 14 | 6 | 5 | (6-9)=(2-x) | 6 9 - 2 x - = | 6:friend 9:friend -:friend 2:friend x:friend -:friend =:friend
EXPR: 0 | POS | INT | 14 | 6 | 1 | (6+x)=(9-2) | 6 x + 9 2 - = | 6:friend x:friend +:friend 9:friend 2:friend -:friend =:friend
EXPR: 0 | POS | INT | 14 | 6 | 1 | (9-2)=(6+x) | 9 2 - 6 x + = | 9:friend 2:friend -:friend 6:friend x:friend +:friend =:friend
EXPR: 0 | POS | INT | 14 | 6 | 5 | (6+x)=(9+2) | 6 x + 9 2 + = | 6:friend x:friend +:friend 9:friend 2:friend +:friend =:friend
EXPR: 0 | POS | INT | 14 | 6 | 17 | (x-6)=(9+2) | x 6 - 9 2 + = | x:friend 6:friend -:friend 9:friend 2:friend +:friend =:friend
EXPR: 0 | POS | INT | 14 | 6 | 1 | (x+6)=(9-2) | x 6 + 9 2 - = | x:friend 6:friend +:friend 9:friend 2:friend -:friend =:friend
EXPR: 0 | POS | INT | 14 | 6 | 13 | (x-6)=(9-2) | x 6 - 9 2 - = | x:friend 6:friend -:friend 9:friend 2:friend -:friend =:friend
EXPR: 0 | POS | INT | 14 | 6 | 5 | (x+6)=(9+2) | x 6 + 9 2 + = | x:friend 6:friend +:friend 9:friend 2:friend +:friend =:friend
EXPR: 0 | POS | INT | 17 | 6 | 1 | (6+2)=(9-x) | 6 2 + 9 x - = | 6:friend 2:friend +:friend 9:friend x:friend -:friend =:friend
EXPR: 0 | POS | INT | 17 | 6 | 13 | (6-x)=(2-9) | 6 x - 2 9 - = | 6:friend x:friend -:friend 2:friend 9:friend -:friend =:friend
EXPR: 0 | POS | INT | 17 | 6 | 17 | (x-2)=(9+6) | x 2 - 9 6 + = | x:friend 2:friend -:friend 9:friend 6:friend +:friend =:friend
EXPR: 0 | POS | INT | 17 | 6 | 13 | (6-2)=(x-9) | 6 2 - x 9 - = | 6:friend 2:friend -:friend x:friend 9:friend -:friend =:friend
EXPR: 0 | POS | INT | 17 | 6 | 5 | (x-2)=(9-6) | x 2 - 9 6 - = | x:friend 2:friend -:friend 9:friend 6:friend -:friend =:friend
EXPR: 0 | POS | INT | 17 | 6 | 1 | (x+2)=(9-6) | x 2 + 9 6 - = | x:friend 2:friend +:friend 9:friend 6:friend -:friend =:friend
EXPR: 0 | POS | INT | 17 | 6 | 17 | (6+2)=(x-9) | 6 2 + x 9 - = | 6:friend 2:friend +:friend x:friend 9:friend -:friend =:friend
EXPR: 0 | POS | INT | 17 | 6 | 5 | (6-2)=(9-x) | 6 2 - 9 x - = | 6:friend 2:friend -:friend 9:friend x:friend -:friend =:friend
EXPR: 0 | POS | INT | 17 | 6 | 1 | (2+x)=(9-6) | 2 x + 9 6 - = | 2:friend x:friend +:friend 9:friend 6:friend -:friend =:friend
EXPR: 0 | POS | INT | 17 | 6 | 13 | (2-9)=(6-x) | 2 9 - 6 x - = | 2:friend 9:friend -:friend 6:friend x:friend -:friend =:friend
EXPR: 0 | POS | INT | 17 | 6 | 13 | (x+2)=(9+6) | x 2 + 9 6 + = | x:friend 2:friend +:friend 9:friend 6:friend +:friend =:friend
EXPR: 0 | POS | INT | 17 | 6 | 13 | (2+x)=(9+6) | 2 x + 9 6 + = | 2:friend x:friend +:friend 9:friend 6:friend +:friend =:friend
EXPR: 0 | POS | INT | 19 | 6 | 5 | (2-x)=(6-9) | 2 x - 6 9 - = | 2:friend x:friend -:friend 6:friend 9:friend -:friend =:friend
EXPR: 0 | POS | INT | 19 | 6 | 5 | (2-6)=(x-9) | 2 6 - x 9 - = | 2:friend 6:friend -:friend x:friend 9:friend -:friend =:friend
EXPR: 0 | POS | INT | 19 | 6 | 13 | (2-6)=(9-x) | 2 6 - 9 x - = | 2:friend 6:friend -:friend 9:friend x:friend -:friend =:friend
NET 232 unique, non-negative, integer-valued solutions found out of 480 total solutions
