parameters: n=7 l=3 k=1 p=5 q=3 m=9
TOTAL 1000 solutions found
SOLN: CORRECT | POS/NEG | INT/FRA | OBJ-SCORE | TRUE-ANS | ANS | INFIX | POSTFIX | TYPED-POSTFIX
EXPR: 0 | POS | INT | 10 | 9 | 1961 | x=((93*21)+8) | x 93 21 * 8 + = | x:file 93:file 21:rest *:file 8:file +:file =:file
EXPR: 0 | POS | INT | 10 | 9 | 261 | (93+(21*8))=x | 93 21 8 * + x = | 93:file 21:rest 8:file *:file +:file x:file =:file
EXPR: 0 | POS | INT | 10 | 9 | 261 | x=(93+(21*8)) | x 93 21 8 * + = | x:file 93:file 21:rest 8:file *:file +:file =:file
EXPR: 0 | POS | INT | 10 | 9 | 1945 | x=((93*21)-8) | x 93 21 * 8 - = | x:file 93:file 21:rest *:file 8:file -:file =:file
EXPR: 0 | POS | INT | 10 | 9 | 1961 | ((93*21)+8)=x | 93 21 * 8 + x = | 93:file 21:rest *:file 8:file +:file x:file =:file
EXPR: 0 | POS | INT | 10 | 9 | 1945 | ((93*21)-8)=x | 93 21 * 8 - x = | 93:file 21:rest *:file 8:file -:file x:file =:file
EXPR: 0 | POS | INT | 12 | 9 | 2121 | x=(21*(93+8)) | x 21 93 8 + * = | x:folder 21:folder 93:file 8:file +:file *:folder =:folder
EXPR: 0 | POS | INT | 12 | 9 | 1785 | x=((93-8)*21) | x 93 8 - 21 * = | x:folder 93:file 8:file -:file 21:folder *:folder =:folder
EXPR: 0 | POS | INT | 12 | 9 | 2121 | x=((93+8)*21) | x 93 8 + 21 * = | x:rest 93:file 8:file +:file 21:rest *:rest =:rest
EXPR: 0 | POS | INT | 12 | 9 | 1785 | x=(21*(93-8)) | x 21 93 8 - * = | x:file 21:rest 93:file 8:file -:file *:file =:file
EXPR: 0 | POS | INT | 12 | 9 | 1785 | (21*(93-8))=x | 21 93 8 - * x = | 21:rest 93:file 8:file -:file *:rest x:rest =:rest
EXPR: 0 | POS | INT | 12 | 9 | 1961 | (x-(93*21))=8 | x 93 21 * - 8 = | x:file 93:file 21:rest *:file -:file 8:file =:file
EXPR: 0 | POS | INT | 12 | 9 | 2121 | ((93+8)*21)=x | 93 8 + 21 * x = | 93:file 8:file +:file 21:folder *:folder x:folder =:folder
EXPR: 0 | POS | INT | 12 | 9 | 1785 | ((93-8)*21)=x | 93 8 - 21 * x = | 93:file 8:file -:file 21:folder *:folder x:folder =:folder
EXPR: 0 | POS | INT | 12 | 9 | 2121 | (21*(93+8))=x | 21 93 8 + * x = | 21:rest 93:file 8:file +:file *:file x:file =:file
EXPR: 0 | POS | INT | 14 | 9 | 1961 | 93=((x-8)/21) | 93 x 8 - 21 / = | 93:file x:file 8:file -:file 21:rest /:file =:file
EXPR: 1 | POS | INT | 14 | 9 | 9 | 21=(93-(x*8)) | 21 93 x 8 * - = | 21:file 93:file x:folder 8:file *:file -:file =:file
EXPR: 1 | POS | INT | 14 | 9 | 9 | (93-(x*8))=21 | 93 x 8 * - 21 = | 93:file x:folder 8:file *:file -:file 21:file =:file
EXPR: 0 | POS | INT | 14 | 9 | 1785 | (x/(93-8))=21 | x 93 8 - / 21 = | x:rest 93:file 8:file -:file /:rest 21:rest =:rest
EXPR: 0 | POS | INT | 14 | 9 | 2121 | (x/(93+8))=21 | x 93 8 + / 21 = | x:folder 93:file 8:file +:file /:folder 21:folder =:folder
EXPR: 0 | POS | INT | 15 | 9 | 261 | ((21*8)+93)=x | 21 8 * 93 + x = | 21:rest 8:file *:file 93:file +:file x:file =:file
EXPR: 0 | POS | INT | 15 | 9 | 261 | x=((21*8)+93) | x 21 8 * 93 + = | x:file 21:rest 8:file *:file 93:file +:file =:file
EXPR: 0 | POS | INT | 15 | 9 | 75 | ((21*8)-93)=x | 21 8 * 93 - x = | 21:rest 8:file *:file 93:file -:file x:file =:file
EXPR: 0 | POS | INT | 15 | 9 | 1961 | (8+(93*21))=x | 8 93 21 * + x = | 8:file 93:file 21:rest *:file +:file x:file =:file
EXPR: 1 | POS | INT | 17 | 9 | 9 | (21+(x*8))=93 | 21 x 8 * + 93 = | 21:file x:folder 8:file *:file +:file 93:file =:file
EXPR: 0 | POS | INT | 17 | 9 | 75 | 8=((93+x)/21) | 8 93 x + 21 / = | 8:file 93:file x:file +:file 21:rest /:file =:file
EXPR: 0 | POS | INT | 17 | 9 | 1785 | ((x/21)+8)=93 | x 21 / 8 + 93 = | x:file 21:rest /:file 8:file +:file 93:file =:file
EXPR: 0 | POS | INT | 17 | 9 | 2121 | ((x/21)-8)=93 | x 21 / 8 - 93 = | x:file 21:rest /:file 8:file -:file 93:file =:file
EXPR: 0 | POS | INT | 17 | 9 | 261 | 8=((x-93)/21) | 8 x 93 - 21 / = | 8:file x:file 93:file -:file 21:rest /:file =:file
EXPR: 0 | POS | INT | 17 | 9 | 75 | 8=((x+93)/21) | 8 x 93 + 21 / = | 8:file x:file 93:file +:file 21:rest /:file =:file
EXPR: 0 | POS | INT | 17 | 9 | 261 | (x-(21*8))=93 | x 21 8 * - 93 = | x:file 21:rest 8:file *:file -:file 93:file =:file
EXPR: 1 | POS | INT | 19 | 9 | 9 | ((8*x)+21)=93 | 8 x * 21 + 93 = | 8:file x:folder *:file 21:file +:file 93:file =:file
EXPR: 0 | POS | INT | 20 | 9 | 912 | x=((93+21)*8) | x 93 21 + 8 * = | x:folder 93:file 21:file +:file 8:folder *:folder =:folder
EXPR: 1 | POS | INT | 20 | 9 | 9 | x=((93-21)/8) | x 93 21 - 8 / = | x:folder 93:folder 21:folder -:folder 8:file /:folder =:folder
EXPR: 0 | POS | INT | 20 | 9 | 2697 | (93*(21+8))=x | 93 21 8 + * x = | 93:file 21:rest 8:rest +:rest *:file x:file =:file
EXPR: 0 | POS | INT | 20 | 9 | 80 | x=((93-21)+8) | x 93 21 - 8 + = | x:file 93:file 21:file -:file 8:file +:file =:file
EXPR: 0 | POS | INT | 20 | 9 | 576 | x=((93-21)*8) | x 93 21 - 8 * = | x:folder 93:folder 21:folder -:folder 8:file *:folder =:folder
EXPR: 0 | POS | INT | 20 | 9 | 122 | x=((93+21)+8) | x 93 21 + 8 + = | x:file 93:file 21:file +:file 8:file +:file =:file
EXPR: 0 | POS | INT | 20 | 9 | 1209 | (93*(21-8))=x | 93 21 8 - * x = | 93:file 21:rest 8:rest -:rest *:file x:file =:file
EXPR: 0 | POS | INT | 20 | 9 | 1209 | x=(93*(21-8)) | x 93 21 8 - * = | x:rest 93:file 21:rest 8:rest -:rest *:rest =:rest
EXPR: 0 | POS | INT | 20 | 9 | 106 | x=((93+21)-8) | x 93 21 + 8 - = | x:file 93:file 21:file +:file 8:file -:file =:file
EXPR: 0 | POS | INT | 20 | 9 | 2697 | x=(93*(21+8)) | x 93 21 8 + * = | x:folder 93:folder 21:file 8:file +:file *:folder =:folder
EXPR: 0 | POS | INT | 20 | 9 | 106 | (93+(21-8))=x | 93 21 8 - + x = | 93:file 21:file 8:file -:file +:file x:file =:file
EXPR: 1 | POS | INT | 20 | 9 | 9 | ((93-21)/8)=x | 93 21 - 8 / x = | 93:rest 21:rest -:rest 8:file /:rest x:rest =:rest
EXPR: 0 | POS | INT | 20 | 9 | 64 | x=((93-21)-8) | x 93 21 - 8 - = | x:file 93:file 21:file -:file 8:file -:file =:file
EXPR: 0 | POS | INT | 20 | 9 | 80 | (93-(21-8))=x | 93 21 8 - - x = | 93:file 21:file 8:file -:file -:file x:file =:file
EXPR: 0 | POS | INT | 20 | 9 | 912 | ((93+21)*8)=x | 93 21 + 8 * x = | 93:rest 21:rest +:rest 8:folder *:folder x:folder =:folder
EXPR: 0 | POS | INT | 20 | 9 | 576 | ((93-21)*8)=x | 93 21 - 8 * x = | 93:rest 21:rest -:rest 8:folder *:folder x:folder =:folder
EXPR: 0 | POS | INT | 20 | 9 | 106 | ((93+21)-8)=x | 93 21 + 8 - x = | 93:file 21:file +:file 8:file -:file x:file =:file
EXPR: 0 | POS | INT | 20 | 9 | 122 | ((93+21)+8)=x | 93 21 + 8 + x = | 93:file 21:file +:file 8:file +:file x:file =:file
EXPR: 0 | POS | INT | 20 | 9 | 64 | ((93-21)-8)=x | 93 21 - 8 - x = | 93:file 21:file -:file 8:file -:file x:file =:file
EXPR: 0 | POS | INT | 20 | 9 | 80 | ((93-21)+8)=x | 93 21 - 8 + x = | 93:file 21:file -:file 8:file +:file x:file =:file
EXPR: 0 | POS | INT | 20 | 9 | 64 | (93-(21+8))=x | 93 21 8 + - x = | 93:file 21:file 8:file +:file -:file x:file =:file
EXPR: 0 | POS | INT | 22 | 9 | 80 | (93+(8-21))=x | 93 8 21 - + x = | 93:file 8:file 21:file -:file +:file x:file =:file
EXPR: 0 | POS | INT | 22 | 9 | 106 | (93-(8-21))=x | 93 8 21 - - x = | 93:file 8:file 21:file -:file -:file x:file =:file
EXPR: 1 | POS | INT | 22 | 9 | 9 | 93=(21+(8*x)) | 93 21 8 x * + = | 93:rest 21:rest 8:rest x:folder *:rest +:rest =:rest
EXPR: 0 | POS | INT | 22 | 9 | 765 | x=((93*8)+21) | x 93 8 * 21 + = | x:rest 93:file 8:rest *:rest 21:rest +:rest =:rest
EXPR: 0 | POS | INT | 22 | 9 | 723 | x=((93*8)-21) | x 93 8 * 21 - = | x:folder 93:file 8:folder *:folder 21:folder -:folder =:folder
EXPR: 0 | POS | INT | 22 | 9 | 765 | x=(21+(93*8)) | x 21 93 8 * + = | x:folder 21:folder 93:folder 8:file *:folder +:folder =:folder
EXPR: 0 | POS | INT | 22 | 9 | 723 | ((93*8)-21)=x | 93 8 * 21 - x = | 93:file 8:rest *:rest 21:rest -:rest x:rest =:rest
EXPR: 0 | POS | INT | 22 | 9 | 122 | x=((93+8)+21) | x 93 8 + 21 + = | x:file 93:file 8:file +:file 21:file +:file =:file
EXPR: 0 | POS | INT | 22 | 9 | 765 | ((93*8)+21)=x | 93 8 * 21 + x = | 93:file 8:rest *:rest 21:rest +:rest x:rest =:rest
EXPR: 0 | POS | INT | 22 | 9 | 765 | (21+(93*8))=x | 21 93 8 * + x = | 21:rest 93:rest 8:file *:rest +:rest x:rest =:rest
EXPR: 0 | POS | INT | 22 | 9 | 765 | 93=((x-21)/8) | 93 x 21 - 8 / = | 93:rest x:rest 21:rest -:rest 8:file /:rest =:rest
EXPR: 0 | POS | INT | 22 | 9 | 723 | 93=((x+21)/8) | 93 x 21 + 8 / = | 93:folder x:folder 21:folder +:folder 8:file /:folder =:folder
EXPR: 0 | POS | INT | 22 | 9 | 106 | ((93+21)-x)=8 | 93 21 + x - 8 = | 93:file 21:file +:file x:file -:file 8:file =:file
EXPR: 0 | POS | INT | 22 | 9 | 261 | 93=(x-(21*8)) | 93 x 21 8 * - = | 93:folder x:folder 21:folder 8:file *:folder -:folder =:folder
EXPR: 0 | POS | INT | 22 | 9 | 1945 | ((93*21)-x)=8 | 93 21 * x - 8 = | 93:file 21:rest *:rest x:rest -:rest 8:rest =:rest
EXPR: 0 | POS | INT | 22 | 9 | 576 | (x/(93-21))=8 | x 93 21 - / 8 = | x:folder 93:file 21:file -:file /:folder 8:folder =:folder
EXPR: 0 | POS | INT | 22 | 9 | 723 | 93=((21+x)/8) | 93 21 x + 8 / = | 93:rest 21:rest x:rest +:rest 8:file /:rest =:rest
EXPR: 0 | POS | INT | 22 | 9 | 106 | 93=((x-21)+8) | 93 x 21 - 8 + = | 93:file x:file 21:file -:file 8:file +:file =:file
EXPR: 0 | POS | INT | 22 | 9 | 106 | ((93-8)+21)=x | 93 8 - 21 + x = | 93:file 8:file -:file 21:file +:file x:file =:file
EXPR: 0 | POS | INT | 22 | 9 | 80 | ((93+8)-21)=x | 93 8 + 21 - x = | 93:file 8:file +:file 21:file -:file x:file =:file
EXPR: 0 | POS | INT | 22 | 9 | 75 | ((93+x)/21)=8 | 93 x + 21 / 8 = | 93:folder x:folder +:folder 21:rest /:folder 8:folder =:folder
EXPR: 0 | POS | INT | 22 | 9 | 64 | ((93-8)-21)=x | 93 8 - 21 - x = | 93:file 8:file -:file 21:file -:file x:file =:file
EXPR: 0 | POS | INT | 22 | 9 | 122 | ((93+8)+21)=x | 93 8 + 21 + x = | 93:file 8:file +:file 21:file +:file x:file =:file
EXPR: 0 | POS | INT | 22 | 9 | 122 | x=(21+(93+8)) | x 21 93 8 + + = | x:file 21:file 93:file 8:file +:file +:file =:file
EXPR: 0 | POS | INT | 22 | 9 | 106 | (93-(x-21))=8 | 93 x 21 - - 8 = | 93:file x:file 21:file -:file -:file 8:file =:file
EXPR: 0 | POS | INT | 22 | 9 | 122 | 93=((x-21)-8) | 93 x 21 - 8 - = | 93:file x:file 21:file -:file 8:file -:file =:file
EXPR: 1 | POS | INT | 22 | 9 | 9 | ((93-21)/x)=8 | 93 21 - x / 8 = | 93:rest 21:rest -:rest x:folder /:rest 8:rest =:rest
EXPR: 0 | POS | INT | 22 | 9 | 2121 | 93=((x/21)-8) | 93 x 21 / 8 - = | 93:file x:file 21:folder /:file 8:file -:file =:file
EXPR: 0 | POS | INT | 22 | 9 | 1785 | 93=((x/21)+8) | 93 x 21 / 8 + = | 93:file x:file 21:folder /:file 8:file +:file =:file
EXPR: 0 | POS | INT | 22 | 9 | 106 | x=((93-8)+21) | x 93 8 - 21 + = | x:file 93:file 8:file -:file 21:file +:file =:file
EXPR: 0 | POS | INT | 22 | 9 | 75 | ((x+93)/21)=8 | x 93 + 21 / 8 = | x:folder 93:folder +:folder 21:rest /:folder 8:folder =:folder
EXPR: 0 | POS | INT | 22 | 9 | 912 | (x/(93+21))=8 | x 93 21 + / 8 = | x:file 93:rest 21:rest +:rest /:file 8:file =:file
EXPR: 0 | POS | INT | 24 | 9 | 723 | 21=((93*8)-x) | 21 93 8 * x - = | 21:folder 93:folder 8:file *:folder x:folder -:folder =:folder
EXPR: 0 | POS | INT | 24 | 9 | 1945 | 93=((x+8)/21) | 93 x 8 + 21 / = | 93:folder x:folder 8:folder +:folder 21:rest /:folder =:folder
EXPR: 0 | POS | INT | 24 | 9 | 80 | ((x+21)-93)=8 | x 21 + 93 - 8 = | x:file 21:file +:file 93:file -:file 8:file =:file
EXPR: 0 | POS | INT | 24 | 9 | 75 | ((x+93)/8)=21 | x 93 + 8 / 21 = | x:rest 93:rest +:rest 8:file /:rest 21:rest =:rest
EXPR: 0 | POS | INT | 24 | 9 | 106 | 21=((x-93)+8) | 21 x 93 - 8 + = | 21:file x:file 93:file -:file 8:file +:file =:file
EXPR: 1 | POS | INT | 24 | 9 | 9 | (93-(8*x))=21 | 93 8 x * - 21 = | 93:folder 8:file x:folder *:folder -:folder 21:folder =:folder
EXPR: 0 | POS | INT | 24 | 9 | 106 | 93=((8-21)+x) | 93 8 21 - x + = | 93:file 8:file 21:file -:file x:file +:file =:file
EXPR: 0 | POS | INT | 24 | 9 | 122 | 21=((x-93)-8) | 21 x 93 - 8 - = | 21:file x:file 93:file -:file 8:file -:file =:file
EXPR: 0 | POS | INT | 24 | 9 | 64 | 21=(93-(8+x)) | 21 93 8 x + - = | 21:file 93:file 8:file x:file +:file -:file =:file
EXPR: 0 | POS | INT | 24 | 9 | 80 | ((93-x)+8)=21 | 93 x - 8 + 21 = | 93:file x:file -:file 8:file +:file 21:file =:file
EXPR: 0 | POS | INT | 24 | 9 | 106 | (x-(93-8))=21 | x 93 8 - - 21 = | x:file 93:file 8:file -:file -:file 21:file =:file
EXPR: 0 | POS | INT | 24 | 9 | 80 | (21+(x-93))=8 | 21 x 93 - + 8 = | 21:file x:file 93:file -:file +:file 8:file =:file
EXPR: 0 | POS | INT | 24 | 9 | 106 | ((21-x)+93)=8 | 21 x - 93 + 8 = | 21:file x:file -:file 93:file +:file 8:file =:file
EXPR: 0 | POS | INT | 24 | 9 | 80 | 21=((93+8)-x) | 21 93 8 + x - = | 21:file 93:file 8:file +:file x:file -:file =:file
EXPR: 0 | POS | INT | 24 | 9 | 75 | 21=((93+x)/8) | 21 93 x + 8 / = | 21:folder 93:folder x:folder +:folder 8:file /:folder =:folder
EXPR: 0 | POS | INT | 24 | 9 | 765 | 21=(x-(93*8)) | 21 x 93 8 * - = | 21:rest x:rest 93:rest 8:file *:rest -:rest =:rest
EXPR: 0 | POS | INT | 24 | 9 | 1209 | (21-(x/93))=8 | 21 x 93 / - 8 = | 21:rest x:rest 93:file /:rest -:rest 8:rest =:rest
EXPR: 0 | POS | INT | 24 | 9 | 80 | (x+(21-93))=8 | x 21 93 - + 8 = | x:file 21:file 93:file -:file +:file 8:file =:file
EXPR: 0 | POS | INT | 24 | 9 | 15624 | (x/21)=(93*8) | x 21 / 93 8 * = | x:folder 21:rest /:folder 93:folder 8:file *:folder =:folder
EXPR: 0 | POS | INT | 24 | 9 | 64 | ((93-x)-8)=21 | 93 x - 8 - 21 = | 93:file x:file -:file 8:file -:file 21:file =:file
EXPR: 0 | POS | INT | 24 | 9 | 723 | ((93*8)-x)=21 | 93 8 * x - 21 = | 93:file 8:rest *:rest x:rest -:rest 21:rest =:rest
EXPR: 1 | POS | INT | 24 | 9 | 9 | 93=((x*8)+21) | 93 x 8 * 21 + = | 93:folder x:folder 8:file *:folder 21:folder +:folder =:folder
EXPR: 0 | POS | INT | 24 | 9 | 122 | 93=((x-8)-21) | 93 x 8 - 21 - = | 93:file x:file 8:file -:file 21:file -:file =:file
EXPR: 0 | POS | INT | 24 | 9 | 75 | 21=((x+93)/8) | 21 x 93 + 8 / = | 21:rest x:rest 93:rest +:rest 8:file /:rest =:rest
EXPR: 1 | POS | INT | 24 | 9 | 9 | 21=(93-(8*x)) | 21 93 8 x * - = | 21:folder 93:folder 8:file x:folder *:folder -:folder =:folder
EXPR: 0 | POS | INT | 24 | 9 | 723 | ((x+21)/93)=8 | x 21 + 93 / 8 = | x:rest 21:rest +:rest 93:file /:rest 8:rest =:rest
EXPR: 0 | POS | INT | 24 | 9 | 2121 | (93+8)=(x/21) | 93 8 + x 21 / = | 93:file 8:file +:file x:file 21:rest /:file =:file
EXPR: 0 | POS | INT | 24 | 9 | 1785 | (93-8)=(x/21) | 93 8 - x 21 / = | 93:file 8:file -:file x:file 21:rest /:file =:file
EXPR: 0 | POS | INT | 25 | 9 | 1209 | x=((21-8)*93) | x 21 8 - 93 * = | x:rest 21:rest 8:rest -:rest 93:file *:rest =:rest
EXPR: 0 | POS | INT | 25 | 9 | 1961 | x=(8+(93*21)) | x 8 93 21 * + = | x:rest 8:rest 93:file 21:rest *:rest +:rest =:rest
EXPR: 0 | POS | INT | 25 | 9 | 576 | x=(8*(93-21)) | x 8 93 21 - * = | x:folder 8:folder 93:file 21:file -:file *:folder =:folder
EXPR: 0 | POS | INT | 25 | 9 | 1209 | ((21-8)*93)=x | 21 8 - 93 * x = | 21:folder 8:folder -:folder 93:file *:folder x:folder =:folder
EXPR: 0 | POS | INT | 25 | 9 | 2697 | ((21+8)*93)=x | 21 8 + 93 * x = | 21:folder 8:folder +:folder 93:file *:folder x:folder =:folder
EXPR: 0 | POS | INT | 25 | 9 | 576 | (8*(93-21))=x | 8 93 21 - * x = | 8:folder 93:rest 21:rest -:rest *:folder x:folder =:folder
EXPR: 0 | POS | INT | 25 | 9 | 75 | x=((21*8)-93) | x 21 8 * 93 - = | x:rest 21:rest 8:file *:rest 93:rest -:rest =:rest
EXPR: 0 | POS | INT | 25 | 9 | 912 | (8*(93+21))=x | 8 93 21 + * x = | 8:file 93:rest 21:rest +:rest *:rest x:rest =:rest
EXPR: 0 | POS | INT | 25 | 9 | 2697 | x=((21+8)*93) | x 21 8 + 93 * = | x:folder 21:rest 8:rest +:rest 93:folder *:folder =:folder
EXPR: 0 | POS | INT | 25 | 9 | 106 | (21-(8-93))=x | 21 8 93 - - x = | 21:file 8:file 93:file -:file -:file x:file =:file
EXPR: 0 | POS | INT | 25 | 9 | 106 | ((21-8)+93)=x | 21 8 - 93 + x = | 21:file 8:file -:file 93:file +:file x:file =:file
EXPR: 0 | POS | INT | 25 | 9 | 122 | (8+(93+21))=x | 8 93 21 + + x = | 8:file 93:file 21:file +:file +:file x:file =:file
EXPR: 0 | POS | INT | 25 | 9 | 106 | x=(21-(8-93)) | x 21 8 93 - - = | x:file 21:file 8:file 93:file -:file -:file =:file
EXPR: 0 | POS | INT | 25 | 9 | 80 | x=(8+(93-21)) | x 8 93 21 - + = | x:file 8:file 93:file 21:file -:file +:file =:file
EXPR: 0 | POS | INT | 27 | 9 | 80 | 21=(8+(93-x)) | 21 8 93 x - + = | 21:file 8:file 93:file x:file -:file +:file =:file
NET 128 unique, non-negative, integer-valued solutions found out of 1000 total solutions
