parameters: n=7 l=3 k=1 p=5 q=3 m=9
TOTAL 1000 solutions found
SOLN: CORRECT | POS/NEG | INT/FRA | OBJ-SCORE | TRUE-ANS | ANS | INFIX | POSTFIX | TYPED-POSTFIX
EXPR: 0 | POS | INT | 10 | 9 | 464 | x=((46*10)+4) | x 46 10 * 4 + = | x:book 46:book 10:rest *:book 4:book +:book =:book
EXPR: 0 | POS | INT | 10 | 9 | 86 | (46+(10*4))=x | 46 10 4 * + x = | 46:book 10:rest 4:book *:book +:book x:book =:book
EXPR: 0 | POS | INT | 10 | 9 | 86 | x=(46+(10*4)) | x 46 10 4 * + = | x:book 46:book 10:rest 4:book *:book +:book =:book
EXPR: 0 | POS | INT | 10 | 9 | 6 | (46-(10*4))=x | 46 10 4 * - x = | 46:book 10:rest 4:book *:book -:book x:book =:book
EXPR: 0 | POS | INT | 10 | 9 | 6 | x=(46-(10*4)) | x 46 10 4 * - = | x:book 46:book 10:rest 4:book *:book -:book =:book
EXPR: 0 | POS | INT | 10 | 9 | 456 | x=((46*10)-4) | x 46 10 * 4 - = | x:book 46:book 10:rest *:book 4:book -:book =:book
EXPR: 0 | POS | INT | 10 | 9 | 464 | ((46*10)+4)=x | 46 10 * 4 + x = | 46:book 10:rest *:book 4:book +:book x:book =:book
EXPR: 0 | POS | INT | 10 | 9 | 456 | ((46*10)-4)=x | 46 10 * 4 - x = | 46:book 10:rest *:book 4:book -:book x:book =:book
EXPR: 0 | POS | INT | 12 | 9 | 500 | x=(10*(46+4)) | x 10 46 4 + * = | x:shelf 10:shelf 46:book 4:book +:book *:shelf =:shelf
EXPR: 0 | POS | INT | 12 | 9 | 420 | x=((46-4)*10) | x 46 4 - 10 * = | x:shelf 46:book 4:book -:book 10:shelf *:shelf =:shelf
EXPR: 0 | POS | INT | 12 | 9 | 500 | x=((46+4)*10) | x 46 4 + 10 * = | x:rest 46:book 4:book +:book 10:rest *:rest =:rest
EXPR: 0 | POS | INT | 12 | 9 | 420 | x=(10*(46-4)) | x 10 46 4 - * = | x:book 10:rest 46:book 4:book -:book *:book =:book
EXPR: 0 | POS | INT | 12 | 9 | 420 | (10*(46-4))=x | 10 46 4 - * x = | 10:rest 46:book 4:book -:book *:rest x:rest =:rest
EXPR: 0 | POS | INT | 12 | 9 | 5 | 46=((x*10)-4) | 46 x 10 * 4 - = | 46:book x:shelf 10:book *:book 4:book -:book =:book
EXPR: 0 | POS | INT | 12 | 9 | 464 | (x-(46*10))=4 | x 46 10 * - 4 = | x:book 46:book 10:rest *:book -:book 4:book =:book
EXPR: 0 | POS | INT | 12 | 9 | 500 | ((46+4)*10)=x | 46 4 + 10 * x = | 46:book 4:book +:book 10:shelf *:shelf x:shelf =:shelf
EXPR: 0 | POS | INT | 12 | 9 | 420 | ((46-4)*10)=x | 46 4 - 10 * x = | 46:book 4:book -:book 10:shelf *:shelf x:shelf =:shelf
EXPR: 0 | POS | INT | 12 | 9 | 14 | ((46+10)/x)=4 | 46 10 + x / 4 = | 46:book 10:book +:book x:shelf /:book 4:book =:book
EXPR: 0 | POS | INT | 14 | 9 | 14 | 46=((x*4)-10) | 46 x 4 * 10 - = | 46:book x:shelf 4:book *:book 10:book -:book =:book
EXPR: 0 | POS | INT | 14 | 9 | 464 | 46=((x-4)/10) | 46 x 4 - 10 / = | 46:book x:book 4:book -:book 10:rest /:book =:book
EXPR: 1 | POS | INT | 14 | 9 | 9 | 10=(46-(x*4)) | 10 46 x 4 * - = | 10:book 46:book x:shelf 4:book *:book -:book =:book
EXPR: 0 | POS | INT | 14 | 9 | 5 | ((x*10)-46)=4 | x 10 * 46 - 4 = | x:shelf 10:book *:book 46:book -:book 4:book =:book
EXPR: 1 | POS | INT | 14 | 9 | 9 | (46-(x*4))=10 | 46 x 4 * - 10 = | 46:book x:shelf 4:book *:book -:book 10:book =:book
EXPR: 0 | POS | INT | 14 | 9 | 5 | 10=((46+4)/x) | 10 46 4 + x / = | 10:book 46:book 4:book +:book x:shelf /:book =:book
EXPR: 0 | POS | INT | 14 | 9 | 420 | (x/(46-4))=10 | x 46 4 - / 10 = | x:rest 46:book 4:book -:book /:rest 10:rest =:rest
EXPR: 0 | POS | INT | 14 | 9 | 500 | ((x/10)-46)=4 | x 10 / 46 - 4 = | x:book 10:rest /:book 46:book -:book 4:book =:book
EXPR: 0 | POS | INT | 14 | 9 | 456 | 46=((x+4)/10) | 46 x 4 + 10 / = | 46:book x:book 4:book +:book 10:rest /:book =:book
EXPR: 0 | POS | INT | 15 | 9 | 86 | ((10*4)+46)=x | 10 4 * 46 + x = | 10:rest 4:book *:book 46:book +:book x:book =:book
EXPR: 0 | POS | INT | 15 | 9 | 86 | x=((10*4)+46) | x 10 4 * 46 + = | x:book 10:rest 4:book *:book 46:book +:book =:book
EXPR: 0 | POS | INT | 15 | 9 | 464 | (4+(46*10))=x | 4 46 10 * + x = | 4:book 46:book 10:rest *:book +:book x:book =:book
EXPR: 1 | POS | INT | 17 | 9 | 9 | (10+(x*4))=46 | 10 x 4 * + 46 = | 10:book x:shelf 4:book *:book +:book 46:book =:book
EXPR: 0 | POS | INT | 17 | 9 | 14 | ((x*4)-46)=10 | x 4 * 46 - 10 = | x:shelf 4:book *:book 46:book -:book 10:book =:book
EXPR: 0 | POS | INT | 17 | 9 | 14 | 10=((x*4)-46) | 10 x 4 * 46 - = | 10:book x:shelf 4:book *:book 46:book -:book =:book
EXPR: 0 | POS | INT | 17 | 9 | 420 | ((x/10)+4)=46 | x 10 / 4 + 46 = | x:book 10:rest /:book 4:book +:book 46:book =:book
EXPR: 0 | POS | INT | 17 | 9 | 500 | ((x/10)-4)=46 | x 10 / 4 - 46 = | x:book 10:rest /:book 4:book -:book 46:book =:book
EXPR: 0 | POS | INT | 17 | 9 | 5 | ((x*10)-4)=46 | x 10 * 4 - 46 = | x:book 10:rest *:book 4:book -:book 46:book =:book
EXPR: 0 | POS | INT | 17 | 9 | 5 | ((10*x)-4)=46 | 10 x * 4 - 46 = | 10:book x:shelf *:book 4:book -:book 46:book =:book
EXPR: 0 | POS | INT | 17 | 9 | 86 | 4=((x-46)/10) | 4 x 46 - 10 / = | 4:book x:book 46:book -:book 10:rest /:book =:book
EXPR: 0 | POS | INT | 17 | 9 | 115 | (x*4)=(46*10) | x 4 * 46 10 * = | x:shelf 4:book *:book 46:book 10:rest *:book =:book
EXPR: 0 | POS | INT | 17 | 9 | 6 | (x+(10*4))=46 | x 10 4 * + 46 = | x:book 10:rest 4:book *:book +:book 46:book =:book
EXPR: 0 | POS | INT | 17 | 9 | 86 | (x-(10*4))=46 | x 10 4 * - 46 = | x:book 10:rest 4:book *:book -:book 46:book =:book
EXPR: 0 | POS | INT | 19 | 9 | 14 | ((x*4)-10)=46 | x 4 * 10 - 46 = | x:shelf 4:book *:book 10:book -:book 46:book =:book
EXPR: 1 | POS | INT | 19 | 9 | 9 | ((4*x)+10)=46 | 4 x * 10 + 46 = | 4:book x:shelf *:book 10:book +:book 46:book =:book
EXPR: 0 | POS | INT | 19 | 9 | 5 | 4=((x*10)-46) | 4 x 10 * 46 - = | 4:book x:shelf 10:book *:book 46:book -:book =:book
EXPR: 0 | POS | INT | 19 | 9 | 115 | (4/10)=(46/x) | 4 10 / 46 x / = | 4:book 10:rest /:book 46:book x:shelf /:book =:book
EXPR: 0 | POS | INT | 19 | 9 | 5 | 4=((10*x)-46) | 4 10 x * 46 - = | 4:book 10:rest x:book *:book 46:book -:book =:book
EXPR: 0 | POS | INT | 20 | 9 | 224 | x=((46+10)*4) | x 46 10 + 4 * = | x:shelf 46:book 10:book +:book 4:shelf *:shelf =:shelf
EXPR: 1 | POS | INT | 20 | 9 | 9 | x=((46-10)/4) | x 46 10 - 4 / = | x:shelf 46:shelf 10:shelf -:shelf 4:book /:shelf =:shelf
EXPR: 0 | POS | INT | 20 | 9 | 644 | (46*(10+4))=x | 46 10 4 + * x = | 46:book 10:rest 4:rest +:rest *:book x:book =:book
EXPR: 0 | POS | INT | 20 | 9 | 40 | x=((46-10)+4) | x 46 10 - 4 + = | x:book 46:book 10:book -:book 4:book +:book =:book
EXPR: 0 | POS | INT | 20 | 9 | 144 | x=((46-10)*4) | x 46 10 - 4 * = | x:shelf 46:shelf 10:shelf -:shelf 4:book *:shelf =:shelf
EXPR: 0 | POS | INT | 20 | 9 | 60 | x=((46+10)+4) | x 46 10 + 4 + = | x:book 46:book 10:book +:book 4:book +:book =:book
EXPR: 0 | POS | INT | 20 | 9 | 276 | (46*(10-4))=x | 46 10 4 - * x = | 46:book 10:rest 4:rest -:rest *:book x:book =:book
EXPR: 0 | POS | INT | 20 | 9 | 276 | x=(46*(10-4)) | x 46 10 4 - * = | x:rest 46:book 10:rest 4:rest -:rest *:rest =:rest
EXPR: 0 | POS | INT | 20 | 9 | 52 | x=((46+10)-4) | x 46 10 + 4 - = | x:book 46:book 10:book +:book 4:book -:book =:book
EXPR: 0 | POS | INT | 20 | 9 | 644 | x=(46*(10+4)) | x 46 10 4 + * = | x:shelf 46:shelf 10:book 4:book +:book *:shelf =:shelf
EXPR: 0 | POS | INT | 20 | 9 | 52 | (46+(10-4))=x | 46 10 4 - + x = | 46:book 10:book 4:book -:book +:book x:book =:book
EXPR: 0 | POS | INT | 20 | 9 | 14 | ((46+10)/4)=x | 46 10 + 4 / x = | 46:rest 10:rest +:rest 4:book /:rest x:rest =:rest
EXPR: 1 | POS | INT | 20 | 9 | 9 | ((46-10)/4)=x | 46 10 - 4 / x = | 46:rest 10:rest -:rest 4:book /:rest x:rest =:rest
EXPR: 0 | POS | INT | 20 | 9 | 32 | x=((46-10)-4) | x 46 10 - 4 - = | x:book 46:book 10:book -:book 4:book -:book =:book
EXPR: 0 | POS | INT | 20 | 9 | 40 | (46-(10-4))=x | 46 10 4 - - x = | 46:book 10:book 4:book -:book -:book x:book =:book
EXPR: 0 | POS | INT | 20 | 9 | 224 | ((46+10)*4)=x | 46 10 + 4 * x = | 46:rest 10:rest +:rest 4:shelf *:shelf x:shelf =:shelf
EXPR: 0 | POS | INT | 20 | 9 | 144 | ((46-10)*4)=x | 46 10 - 4 * x = | 46:rest 10:rest -:rest 4:shelf *:shelf x:shelf =:shelf
EXPR: 0 | POS | INT | 20 | 9 | 52 | ((46+10)-4)=x | 46 10 + 4 - x = | 46:book 10:book +:book 4:book -:book x:book =:book
EXPR: 0 | POS | INT | 20 | 9 | 60 | ((46+10)+4)=x | 46 10 + 4 + x = | 46:book 10:book +:book 4:book +:book x:book =:book
EXPR: 0 | POS | INT | 20 | 9 | 32 | ((46-10)-4)=x | 46 10 - 4 - x = | 46:book 10:book -:book 4:book -:book x:book =:book
EXPR: 0 | POS | INT | 20 | 9 | 14 | x=((46+10)/4) | x 46 10 + 4 / = | x:shelf 46:shelf 10:shelf +:shelf 4:book /:shelf =:shelf
EXPR: 0 | POS | INT | 20 | 9 | 32 | (46-(10+4))=x | 46 10 4 + - x = | 46:book 10:book 4:book +:book -:book x:book =:book
EXPR: 0 | POS | INT | 20 | 9 | 32 | x=(46-(10+4)) | x 46 10 4 + - = | x:book 46:book 10:book 4:book +:book -:book =:book
EXPR: 0 | POS | INT | 20 | 9 | 60 | x=(46+(10+4)) | x 46 10 4 + + = | x:book 46:book 10:book 4:book +:book +:book =:book
EXPR: 0 | POS | INT | 22 | 9 | 40 | (46+(4-10))=x | 46 4 10 - + x = | 46:book 4:book 10:book -:book +:book x:book =:book
EXPR: 0 | POS | INT | 22 | 9 | 52 | (46-(4-10))=x | 46 4 10 - - x = | 46:book 4:book 10:book -:book -:book x:book =:book
EXPR: 0 | POS | INT | 22 | 9 | 6 | ((46-x)/10)=4 | 46 x - 10 / 4 = | 46:shelf x:shelf -:shelf 10:rest /:shelf 4:shelf =:shelf
EXPR: 1 | POS | INT | 22 | 9 | 9 | 46=(10+(4*x)) | 46 10 4 x * + = | 46:rest 10:rest 4:rest x:shelf *:rest +:rest =:rest
EXPR: 0 | POS | INT | 22 | 9 | 194 | x=((46*4)+10) | x 46 4 * 10 + = | x:rest 46:book 4:rest *:rest 10:rest +:rest =:rest
EXPR: 0 | POS | INT | 22 | 9 | 174 | x=((46*4)-10) | x 46 4 * 10 - = | x:shelf 46:book 4:shelf *:shelf 10:shelf -:shelf =:shelf
EXPR: 0 | POS | INT | 22 | 9 | 194 | x=(10+(46*4)) | x 10 46 4 * + = | x:shelf 10:shelf 46:shelf 4:book *:shelf +:shelf =:shelf
EXPR: 0 | POS | INT | 22 | 9 | 174 | ((46*4)-10)=x | 46 4 * 10 - x = | 46:book 4:rest *:rest 10:rest -:rest x:rest =:rest
EXPR: 0 | POS | INT | 22 | 9 | 60 | x=((46+4)+10) | x 46 4 + 10 + = | x:book 46:book 4:book +:book 10:book +:book =:book
EXPR: 0 | POS | INT | 22 | 9 | 194 | ((46*4)+10)=x | 46 4 * 10 + x = | 46:book 4:rest *:rest 10:rest +:rest x:rest =:rest
EXPR: 0 | POS | INT | 22 | 9 | 194 | (10+(46*4))=x | 10 46 4 * + x = | 10:rest 46:rest 4:book *:rest +:rest x:rest =:rest
EXPR: 0 | POS | INT | 22 | 9 | 194 | 46=((x-10)/4) | 46 x 10 - 4 / = | 46:rest x:rest 10:rest -:rest 4:book /:rest =:rest
EXPR: 0 | POS | INT | 22 | 9 | 174 | 46=((x+10)/4) | 46 x 10 + 4 / = | 46:shelf x:shelf 10:shelf +:shelf 4:book /:shelf =:shelf
EXPR: 0 | POS | INT | 22 | 9 | 52 | ((46+10)-x)=4 | 46 10 + x - 4 = | 46:book 10:book +:book x:book -:book 4:book =:book
EXPR: 0 | POS | INT | 22 | 9 | 86 | 46=(x-(10*4)) | 46 x 10 4 * - = | 46:shelf x:shelf 10:shelf 4:book *:shelf -:shelf =:shelf
EXPR: 0 | POS | INT | 22 | 9 | 6 | 46=(x+(10*4)) | 46 x 10 4 * + = | 46:shelf x:shelf 10:shelf 4:book *:shelf +:shelf =:shelf
EXPR: 0 | POS | INT | 22 | 9 | 456 | ((46*10)-x)=4 | 46 10 * x - 4 = | 46:book 10:rest *:rest x:rest -:rest 4:rest =:rest
EXPR: 0 | POS | INT | 22 | 9 | 144 | (x/(46-10))=4 | x 46 10 - / 4 = | x:shelf 46:book 10:book -:book /:shelf 4:shelf =:shelf
EXPR: 0 | POS | INT | 22 | 9 | 174 | 46=((10+x)/4) | 46 10 x + 4 / = | 46:rest 10:rest x:rest +:rest 4:book /:rest =:rest
EXPR: 0 | POS | INT | 22 | 9 | 52 | 46=((x-10)+4) | 46 x 10 - 4 + = | 46:book x:book 10:book -:book 4:book +:book =:book
EXPR: 0 | POS | INT | 22 | 9 | 52 | ((46-4)+10)=x | 46 4 - 10 + x = | 46:book 4:book -:book 10:book +:book x:book =:book
EXPR: 0 | POS | INT | 22 | 9 | 40 | ((46+4)-10)=x | 46 4 + 10 - x = | 46:book 4:book +:book 10:book -:book x:book =:book
EXPR: 0 | POS | INT | 22 | 9 | 32 | ((46-4)-10)=x | 46 4 - 10 - x = | 46:book 4:book -:book 10:book -:book x:book =:book
EXPR: 0 | POS | INT | 22 | 9 | 60 | ((46+4)+10)=x | 46 4 + 10 + x = | 46:book 4:book +:book 10:book +:book x:book =:book
EXPR: 0 | POS | INT | 22 | 9 | 60 | x=(10+(46+4)) | x 10 46 4 + + = | x:book 10:book 46:book 4:book +:book +:book =:book
EXPR: 0 | POS | INT | 22 | 9 | 52 | (46-(x-10))=4 | 46 x 10 - - 4 = | 46:book x:book 10:book -:book -:book 4:book =:book
EXPR: 0 | POS | INT | 22 | 9 | 60 | 46=((x-10)-4) | 46 x 10 - 4 - = | 46:book x:book 10:book -:book 4:book -:book =:book
EXPR: 0 | POS | INT | 22 | 9 | 52 | ((46-x)+10)=4 | 46 x - 10 + 4 = | 46:book x:book -:book 10:book +:book 4:book =:book
EXPR: 0 | POS | INT | 22 | 9 | 644 | 46=(x/(10+4)) | 46 x 10 4 + / = | 46:shelf x:shelf 10:book 4:book +:book /:shelf =:shelf
EXPR: 0 | POS | INT | 22 | 9 | 115 | (x/46)=(10/4) | x 46 / 10 4 / = | x:shelf 46:book /:shelf 10:shelf 4:book /:shelf =:shelf
EXPR: 0 | POS | INT | 22 | 9 | 276 | 46=(x/(10-4)) | 46 x 10 4 - / = | 46:shelf x:shelf 10:book 4:book -:book /:shelf =:shelf
EXPR: 0 | POS | INT | 22 | 9 | 6 | (46-x)=(10*4) | 46 x - 10 4 * = | 46:book x:book -:book 10:rest 4:book *:book =:book
EXPR: 0 | POS | INT | 22 | 9 | 40 | x=(46+(4-10)) | x 46 4 10 - + = | x:book 46:book 4:book 10:book -:book +:book =:book
EXPR: 0 | POS | INT | 22 | 9 | 52 | x=(46-(4-10)) | x 46 4 10 - - = | x:book 46:book 4:book 10:book -:book -:book =:book
EXPR: 0 | POS | INT | 24 | 9 | 174 | 10=((46*4)-x) | 10 46 4 * x - = | 10:shelf 46:shelf 4:book *:shelf x:shelf -:shelf =:shelf
EXPR: 0 | POS | INT | 24 | 9 | 40 | ((x+10)-46)=4 | x 10 + 46 - 4 = | x:book 10:book +:book 46:book -:book 4:book =:book
EXPR: 0 | POS | INT | 24 | 9 | 5 | (46+4)=(x*10) | 46 4 + x 10 * = | 46:book 4:book +:book x:shelf 10:book *:book =:book
EXPR: 0 | POS | INT | 24 | 9 | 5 | (46+4)=(10*x) | 46 4 + 10 x * = | 46:book 4:book +:book 10:book x:shelf *:book =:book
EXPR: 0 | POS | INT | 24 | 9 | 52 | 10=((x-46)+4) | 10 x 46 - 4 + = | 10:book x:book 46:book -:book 4:book +:book =:book
EXPR: 1 | POS | INT | 24 | 9 | 9 | (46-(4*x))=10 | 46 4 x * - 10 = | 46:shelf 4:book x:shelf *:shelf -:shelf 10:shelf =:shelf
EXPR: 0 | POS | INT | 24 | 9 | 5 | (x*10)=(46+4) | x 10 * 46 4 + = | x:shelf 10:book *:book 46:book 4:book +:book =:book
EXPR: 0 | POS | INT | 24 | 9 | 52 | 46=((4-10)+x) | 46 4 10 - x + = | 46:book 4:book 10:book -:book x:book +:book =:book
EXPR: 0 | POS | INT | 24 | 9 | 60 | 10=((x-46)-4) | 10 x 46 - 4 - = | 10:book x:book 46:book -:book 4:book -:book =:book
EXPR: 0 | POS | INT | 24 | 9 | 32 | 10=(46-(4+x)) | 10 46 4 x + - = | 10:book 46:book 4:book x:book +:book -:book =:book
EXPR: 0 | POS | INT | 24 | 9 | 40 | ((46-x)+4)=10 | 46 x - 4 + 10 = | 46:book x:book -:book 4:book +:book 10:book =:book
EXPR: 0 | POS | INT | 24 | 9 | 52 | (x-(46-4))=10 | x 46 4 - - 10 = | x:book 46:book 4:book -:book -:book 10:book =:book
EXPR: 0 | POS | INT | 24 | 9 | 40 | (10+(x-46))=4 | 10 x 46 - + 4 = | 10:book x:book 46:book -:book +:book 4:book =:book
EXPR: 0 | POS | INT | 24 | 9 | 52 | ((10-x)+46)=4 | 10 x - 46 + 4 = | 10:book x:book -:book 46:book +:book 4:book =:book
EXPR: 0 | POS | INT | 24 | 9 | 40 | 10=((46+4)-x) | 10 46 4 + x - = | 10:book 46:book 4:book +:book x:book -:book =:book
EXPR: 0 | POS | INT | 24 | 9 | 115 | (x/10)=(46/4) | x 10 / 46 4 / = | x:shelf 10:rest /:shelf 46:shelf 4:book /:shelf =:shelf
EXPR: 0 | POS | INT | 24 | 9 | 194 | 10=(x-(46*4)) | 10 x 46 4 * - = | 10:rest x:rest 46:rest 4:book *:rest -:rest =:rest
EXPR: 0 | POS | INT | 24 | 9 | 276 | (10-(x/46))=4 | 10 x 46 / - 4 = | 10:rest x:rest 46:book /:rest -:rest 4:rest =:rest
EXPR: 0 | POS | INT | 24 | 9 | 40 | (x+(10-46))=4 | x 10 46 - + 4 = | x:book 10:book 46:book -:book +:book 4:book =:book
EXPR: 0 | POS | INT | 24 | 9 | 1840 | (x/10)=(46*4) | x 10 / 46 4 * = | x:shelf 10:rest /:shelf 46:shelf 4:book *:shelf =:shelf
EXPR: 0 | POS | INT | 24 | 9 | 32 | ((46-x)-4)=10 | 46 x - 4 - 10 = | 46:book x:book -:book 4:book -:book 10:book =:book
EXPR: 0 | POS | INT | 24 | 9 | 5 | ((46+4)/x)=10 | 46 4 + x / 10 = | 46:rest 4:rest +:rest x:shelf /:rest 10:rest =:rest
EXPR: 0 | POS | INT | 24 | 9 | 174 | ((46*4)-x)=10 | 46 4 * x - 10 = | 46:book 4:rest *:rest x:rest -:rest 10:rest =:rest
EXPR: 0 | POS | INT | 24 | 9 | 60 | 46=((x-4)-10) | 46 x 4 - 10 - = | 46:book x:book 4:book -:book 10:book -:book =:book
EXPR: 0 | POS | INT | 24 | 9 | 194 | (x-(46*4))=10 | x 46 4 * - 10 = | x:rest 46:book 4:rest *:rest -:rest 10:rest =:rest
EXPR: 0 | POS | INT | 24 | 9 | 40 | 10=((46-x)+4) | 10 46 x - 4 + = | 10:book 46:book x:book -:book 4:book +:book =:book
EXPR: 0 | POS | INT | 24 | 9 | 32 | 10=((46-x)-4) | 10 46 x - 4 - = | 10:book 46:book x:book -:book 4:book -:book =:book
EXPR: 0 | POS | INT | 24 | 9 | 6 | ((46-x)/4)=10 | 46 x - 4 / 10 = | 46:shelf x:shelf -:shelf 4:book /:shelf 10:shelf =:shelf
EXPR: 0 | POS | INT | 25 | 9 | 276 | x=((10-4)*46) | x 10 4 - 46 * = | x:rest 10:rest 4:rest -:rest 46:book *:rest =:rest
EXPR: 0 | POS | INT | 25 | 9 | 464 | x=(4+(46*10)) | x 4 46 10 * + = | x:rest 4:rest 46:book 10:rest *:rest +:rest =:rest
EXPR: 0 | POS | INT | 25 | 9 | 144 | x=(4*(46-10)) | x 4 46 10 - * = | x:shelf 4:shelf 46:book 10:book -:book *:shelf =:shelf
EXPR: 0 | POS | INT | 25 | 9 | 276 | ((10-4)*46)=x | 10 4 - 46 * x = | 10:shelf 4:shelf -:shelf 46:book *:shelf x:shelf =:shelf
EXPR: 0 | POS | INT | 25 | 9 | 644 | ((10+4)*46)=x | 10 4 + 46 * x = | 10:shelf 4:shelf +:shelf 46:book *:shelf x:shelf =:shelf
EXPR: 0 | POS | INT | 25 | 9 | 144 | (4*(46-10))=x | 4 46 10 - * x = | 4:shelf 46:rest 10:rest -:rest *:shelf x:shelf =:shelf
EXPR: 0 | POS | INT | 25 | 9 | 224 | (4*(46+10))=x | 4 46 10 + * x = | 4:book 46:rest 10:rest +:rest *:rest x:rest =:rest
EXPR: 0 | POS | INT | 25 | 9 | 644 | x=((10+4)*46) | x 10 4 + 46 * = | x:shelf 10:rest 4:rest +:rest 46:shelf *:shelf =:shelf
EXPR: 0 | POS | INT | 25 | 9 | 52 | (10-(4-46))=x | 10 4 46 - - x = | 10:book 4:book 46:book -:book -:book x:book =:book
EXPR: 0 | POS | INT | 25 | 9 | 52 | ((10-4)+46)=x | 10 4 - 46 + x = | 10:book 4:book -:book 46:book +:book x:book =:book
EXPR: 0 | POS | INT | 25 | 9 | 60 | (4+(46+10))=x | 4 46 10 + + x = | 4:book 46:book 10:book +:book +:book x:book =:book
EXPR: 0 | POS | INT | 25 | 9 | 224 | x=(4*(46+10)) | x 4 46 10 + * = | x:shelf 4:shelf 46:book 10:book +:book *:shelf =:shelf
EXPR: 0 | POS | INT | 27 | 9 | 40 | 10=(4+(46-x)) | 10 4 46 x - + = | 10:book 4:book 46:book x:book -:book +:book =:book
EXPR: 0 | POS | INT | 27 | 9 | 174 | ((x+10)/4)=46 | x 10 + 4 / 46 = | x:rest 10:rest +:rest 4:book /:rest 46:rest =:rest
EXPR: 0 | POS | INT | 27 | 9 | 456 | 10=((x+4)/46) | 10 x 4 + 46 / = | 10:shelf x:shelf 4:shelf +:shelf 46:book /:shelf =:shelf
NET 147 unique, non-negative, integer-valued solutions found out of 1000 total solutions
