parameters: n=7 l=3 k=1 p=5 q=2 m=9
TOTAL 1000 solutions found
SOLN: CORRECT | POS/NEG | INT/FRA | OBJ-SCORE | TRUE-ANS | ANS | INFIX | POSTFIX | TYPED-POSTFIX
EXPR: 0 | POS | INT | 0 | 9 | 135 | x=((36+9)*3) | x 36 9 + 3 * = | x:student 36:student 9:student +:student 3:group *:student =:student
EXPR: 0 | POS | INT | 0 | 9 | 15 | x=((36+9)/3) | x 36 9 + 3 / = | x:student 36:student 9:student +:student 3:group /:student =:student
EXPR: 1 | POS | INT | 0 | 9 | 9 | x=((36-9)/3) | x 36 9 - 3 / = | x:student 36:student 9:student -:student 3:group /:student =:student
EXPR: 0 | POS | INT | 0 | 9 | 33 | x=(36-(9/3)) | x 36 9 3 / - = | x:student 36:student 9:student 3:group /:student -:student =:student
EXPR: 1 | POS | INT | 0 | 9 | 9 | x=(36-(9*3)) | x 36 9 3 * - = | x:student 36:student 9:student 3:group *:student -:student =:student
EXPR: 0 | POS | INT | 0 | 9 | 39 | x=(36+(9/3)) | x 36 9 3 / + = | x:student 36:student 9:student 3:group /:student +:student =:student
EXPR: 1 | POS | INT | 0 | 9 | 9 | ((36-9)/3)=x | 36 9 - 3 / x = | 36:student 9:student -:student 3:group /:student x:student =:student
EXPR: 0 | POS | INT | 0 | 9 | 63 | x=(36+(9*3)) | x 36 9 3 * + = | x:student 36:student 9:student 3:group *:student +:student =:student
EXPR: 0 | POS | INT | 0 | 9 | 81 | ((36-9)*3)=x | 36 9 - 3 * x = | 36:student 9:student -:student 3:group *:student x:student =:student
EXPR: 0 | POS | INT | 0 | 9 | 81 | x=((36-9)*3) | x 36 9 - 3 * = | x:student 36:student 9:student -:student 3:group *:student =:student
EXPR: 0 | POS | INT | 0 | 9 | 15 | ((36+9)/3)=x | 36 9 + 3 / x = | 36:student 9:student +:student 3:group /:student x:student =:student
EXPR: 0 | POS | INT | 0 | 9 | 135 | ((36+9)*3)=x | 36 9 + 3 * x = | 36:student 9:student +:student 3:group *:student x:student =:student
EXPR: 0 | POS | INT | 0 | 9 | 63 | (36+(9*3))=x | 36 9 3 * + x = | 36:student 9:student 3:group *:student +:student x:student =:student
EXPR: 1 | POS | INT | 0 | 9 | 9 | (36-(9*3))=x | 36 9 3 * - x = | 36:student 9:student 3:group *:student -:student x:student =:student
EXPR: 0 | POS | INT | 0 | 9 | 39 | (36+(9/3))=x | 36 9 3 / + x = | 36:student 9:student 3:group /:student +:student x:student =:student
EXPR: 0 | POS | INT | 0 | 9 | 33 | (36-(9/3))=x | 36 9 3 / - x = | 36:student 9:student 3:group /:student -:student x:student =:student
EXPR: 0 | POS | INT | 2 | 9 | 3 | x=((36/3)-9) | x 36 3 / 9 - = | x:student 36:student 3:group /:student 9:student -:student =:student
EXPR: 0 | POS | INT | 2 | 9 | 99 | x=((36*3)-9) | x 36 3 * 9 - = | x:student 36:student 3:group *:student 9:student -:student =:student
EXPR: 0 | POS | INT | 2 | 9 | 21 | x=((36/3)+9) | x 36 3 / 9 + = | x:student 36:student 3:group /:student 9:student +:student =:student
EXPR: 0 | POS | INT | 2 | 9 | 117 | x=((36*3)+9) | x 36 3 * 9 + = | x:student 36:student 3:group *:student 9:student +:student =:student
EXPR: 0 | POS | INT | 2 | 9 | 63 | 36=(x-(9*3)) | 36 x 9 3 * - = | 36:student x:student 9:student 3:group *:student -:student =:student
EXPR: 0 | POS | INT | 2 | 9 | 39 | 36=(x-(9/3)) | 36 x 9 3 / - = | 36:student x:student 9:student 3:group /:student -:student =:student
EXPR: 0 | POS | INT | 2 | 9 | 117 | ((36*3)+9)=x | 36 3 * 9 + x = | 36:student 3:group *:student 9:student +:student x:student =:student
EXPR: 0 | POS | INT | 2 | 9 | 117 | x=(9+(36*3)) | x 9 36 3 * + = | x:student 9:student 36:student 3:group *:student +:student =:student
EXPR: 1 | POS | INT | 2 | 9 | 9 | 36=((9*3)+x) | 36 9 3 * x + = | 36:student 9:student 3:group *:student x:student +:student =:student
EXPR: 1 | POS | INT | 2 | 9 | 9 | 36=(x+(9*3)) | 36 x 9 3 * + = | 36:student x:student 9:student 3:group *:student +:student =:student
EXPR: 0 | POS | INT | 2 | 9 | 33 | 36=(x+(9/3)) | 36 x 9 3 / + = | 36:student x:student 9:student 3:group /:student +:student =:student
EXPR: 0 | POS | INT | 2 | 9 | 99 | ((36*3)-9)=x | 36 3 * 9 - x = | 36:student 3:group *:student 9:student -:student x:student =:student
EXPR: 0 | POS | INT | 2 | 9 | 117 | (9+(36*3))=x | 9 36 3 * + x = | 9:student 36:student 3:group *:student +:student x:student =:student
EXPR: 0 | POS | INT | 2 | 9 | 99 | 36=((x+9)/3) | 36 x 9 + 3 / = | 36:student x:student 9:student +:student 3:group /:student =:student
EXPR: 0 | POS | INT | 2 | 9 | 99 | 36=((9+x)/3) | 36 9 x + 3 / = | 36:student 9:student x:student +:student 3:group /:student =:student
EXPR: 0 | POS | INT | 2 | 9 | 3 | 36=((9+x)*3) | 36 9 x + 3 * = | 36:student 9:student x:student +:student 3:group *:student =:student
EXPR: 0 | POS | INT | 2 | 9 | 3 | 36=((x+9)*3) | 36 x 9 + 3 * = | 36:student x:student 9:student +:student 3:group *:student =:student
EXPR: 0 | POS | INT | 2 | 9 | 117 | 36=((x-9)/3) | 36 x 9 - 3 / = | 36:student x:student 9:student -:student 3:group /:student =:student
EXPR: 0 | POS | INT | 2 | 9 | 33 | 36=((9/3)+x) | 36 9 3 / x + = | 36:student 9:student 3:group /:student x:student +:student =:student
EXPR: 1 | POS | INT | 2 | 9 | 9 | 36=(9+(3*x)) | 36 9 3 x * + = | 36:student 9:student 3:group x:student *:student +:student =:student
EXPR: 0 | POS | INT | 2 | 9 | 21 | 36=((x-9)*3) | 36 x 9 - 3 * = | 36:student x:student 9:student -:student 3:group *:student =:student
EXPR: 1 | POS | INT | 2 | 9 | 9 | 36=(9+(x*3)) | 36 9 x 3 * + = | 36:student 9:student x:student 3:group *:student +:student =:student
EXPR: 0 | POS | INT | 2 | 9 | 81 | 36=(9+(x/3)) | 36 9 x 3 / + = | 36:student 9:student x:student 3:group /:student +:student =:student
EXPR: 0 | POS | INT | 2 | 9 | 21 | (9+(36/3))=x | 9 36 3 / + x = | 9:student 36:student 3:group /:student +:student x:student =:student
EXPR: 0 | POS | INT | 2 | 9 | 21 | ((36/3)+9)=x | 36 3 / 9 + x = | 36:student 3:group /:student 9:student +:student x:student =:student
EXPR: 0 | POS | INT | 2 | 9 | 3 | ((36/3)-9)=x | 36 3 / 9 - x = | 36:student 3:group /:student 9:student -:student x:student =:student
EXPR: 0 | POS | INT | 2 | 9 | 21 | x=(9+(36/3)) | x 9 36 3 / + = | x:student 9:student 36:student 3:group /:student +:student =:student
EXPR: 0 | POS | INT | 4 | 9 | 21 | (x-(36/3))=9 | x 36 3 / - 9 = | x:student 36:student 3:group /:student -:student 9:student =:student
EXPR: 1 | POS | INT | 4 | 9 | 9 | 36=((x*3)+9) | 36 x 3 * 9 + = | 36:student x:student 3:group *:student 9:student +:student =:student
EXPR: 1 | POS | INT | 4 | 9 | 9 | (36-(3*x))=9 | 36 3 x * - 9 = | 36:student 3:group x:student *:student -:student 9:student =:student
EXPR: 0 | POS | INT | 4 | 9 | 117 | 9=(x-(36*3)) | 9 x 36 3 * - = | 9:student x:student 36:student 3:group *:student -:student =:student
EXPR: 0 | POS | INT | 4 | 9 | 21 | 9=(x-(36/3)) | 9 x 36 3 / - = | 9:student x:student 36:student 3:group /:student -:student =:student
EXPR: 1 | POS | INT | 4 | 9 | 9 | 9=(36-(3*x)) | 9 36 3 x * - = | 9:student 36:student 3:group x:student *:student -:student =:student
EXPR: 1 | POS | INT | 4 | 9 | 9 | 9=(36-(x*3)) | 9 36 x 3 * - = | 9:student 36:student x:student 3:group *:student -:student =:student
EXPR: 0 | POS | INT | 4 | 9 | 81 | 9=(36-(x/3)) | 9 36 x 3 / - = | 9:student 36:student x:student 3:group /:student -:student =:student
EXPR: 0 | POS | INT | 4 | 9 | 3 | 36=(3*(9+x)) | 36 3 9 x + * = | 36:student 3:group 9:student x:student +:student *:student =:student
EXPR: 0 | POS | INT | 4 | 9 | 15 | 36=((3*x)-9) | 36 3 x * 9 - = | 36:student 3:group x:student *:student 9:student -:student =:student
EXPR: 0 | POS | INT | 4 | 9 | 3 | 9=((36/3)-x) | 9 36 3 / x - = | 9:student 36:student 3:group /:student x:student -:student =:student
EXPR: 0 | POS | INT | 4 | 9 | 99 | 9=((36*3)-x) | 9 36 3 * x - = | 9:student 36:student 3:group *:student x:student -:student =:student
EXPR: 0 | POS | INT | 4 | 9 | 3 | 36=(3*(x+9)) | 36 3 x 9 + * = | 36:student 3:group x:student 9:student +:student *:student =:student
EXPR: 0 | POS | INT | 4 | 9 | 21 | 36=(3*(x-9)) | 36 3 x 9 - * = | 36:student 3:group x:student 9:student -:student *:student =:student
EXPR: 0 | POS | INT | 4 | 9 | 135 | 36=((x/3)-9) | 36 x 3 / 9 - = | 36:student x:student 3:group /:student 9:student -:student =:student
EXPR: 1 | POS | INT | 4 | 9 | 9 | (36-(x*3))=9 | 36 x 3 * - 9 = | 36:student x:student 3:group *:student -:student 9:student =:student
EXPR: 0 | POS | INT | 4 | 9 | 81 | 36=((x/3)+9) | 36 x 3 / 9 + = | 36:student x:student 3:group /:student 9:student +:student =:student
EXPR: 0 | POS | INT | 4 | 9 | 99 | ((36*3)-x)=9 | 36 3 * x - 9 = | 36:student 3:group *:student x:student -:student 9:student =:student
EXPR: 0 | POS | INT | 4 | 9 | 117 | (x-(36*3))=9 | x 36 3 * - 9 = | x:student 36:student 3:group *:student -:student 9:student =:student
EXPR: 0 | POS | INT | 4 | 9 | 63 | ((x-36)/3)=9 | x 36 - 3 / 9 = | x:student 36:student -:student 3:group /:student 9:student =:student
EXPR: 0 | POS | INT | 4 | 9 | 33 | ((36-x)*3)=9 | 36 x - 3 * 9 = | 36:student x:student -:student 3:group *:student 9:student =:student
EXPR: 1 | POS | INT | 4 | 9 | 9 | ((36-x)/3)=9 | 36 x - 3 / 9 = | 36:student x:student -:student 3:group /:student 9:student =:student
EXPR: 0 | POS | INT | 4 | 9 | 81 | (36-(x/3))=9 | 36 x 3 / - 9 = | 36:student x:student 3:group /:student -:student 9:student =:student
EXPR: 0 | POS | INT | 4 | 9 | 15 | 36=((x*3)-9) | 36 x 3 * 9 - = | 36:student x:student 3:group *:student 9:student -:student =:student
EXPR: 0 | POS | INT | 4 | 9 | 63 | 9=((x-36)/3) | 9 x 36 - 3 / = | 9:student x:student 36:student -:student 3:group /:student =:student
EXPR: 0 | POS | INT | 4 | 9 | 39 | ((x-36)*3)=9 | x 36 - 3 * 9 = | x:student 36:student -:student 3:group *:student 9:student =:student
EXPR: 1 | POS | INT | 4 | 9 | 9 | 9=((36-x)/3) | 9 36 x - 3 / = | 9:student 36:student x:student -:student 3:group /:student =:student
EXPR: 0 | POS | INT | 4 | 9 | 39 | 9=((x-36)*3) | 9 x 36 - 3 * = | 9:student x:student 36:student -:student 3:group *:student =:student
EXPR: 1 | POS | INT | 4 | 9 | 9 | 36=((3*x)+9) | 36 3 x * 9 + = | 36:student 3:group x:student *:student 9:student +:student =:student
EXPR: 0 | POS | INT | 4 | 9 | 33 | 9=((36-x)*3) | 9 36 x - 3 * = | 9:student 36:student x:student -:student 3:group *:student =:student
EXPR: 0 | POS | INT | 4 | 9 | 3 | ((36/3)-x)=9 | 36 3 / x - 9 = | 36:student 3:group /:student x:student -:student 9:student =:student
EXPR: 0 | POS | INT | 5 | 9 | 63 | ((9*3)+36)=x | 9 3 * 36 + x = | 9:student 3:group *:student 36:student +:student x:student =:student
EXPR: 0 | POS | INT | 5 | 9 | 81 | (3*(36-9))=x | 3 36 9 - * x = | 3:group 36:student 9:student -:student *:student x:student =:student
EXPR: 0 | POS | INT | 5 | 9 | 135 | (3*(36+9))=x | 3 36 9 + * x = | 3:group 36:student 9:student +:student *:student x:student =:student
EXPR: 0 | POS | INT | 5 | 9 | 135 | x=(3*(36+9)) | x 3 36 9 + * = | x:student 3:group 36:student 9:student +:student *:student =:student
EXPR: 0 | POS | INT | 5 | 9 | 81 | x=(3*(36-9)) | x 3 36 9 - * = | x:student 3:group 36:student 9:student -:student *:student =:student
EXPR: 0 | POS | INT | 5 | 9 | 63 | x=((9*3)+36) | x 9 3 * 36 + = | x:student 9:student 3:group *:student 36:student +:student =:student
EXPR: 0 | POS | INT | 5 | 9 | 39 | x=((9/3)+36) | x 9 3 / 36 + = | x:student 9:student 3:group /:student 36:student +:student =:student
EXPR: 0 | POS | INT | 5 | 9 | 39 | ((9/3)+36)=x | 9 3 / 36 + x = | 9:student 3:group /:student 36:student +:student x:student =:student
EXPR: 0 | POS | INT | 7 | 9 | 33 | (x+(9/3))=36 | x 9 3 / + 36 = | x:student 9:student 3:group /:student +:student 36:student =:student
EXPR: 0 | POS | INT | 7 | 9 | 39 | (x-(9/3))=36 | x 9 3 / - 36 = | x:student 9:student 3:group /:student -:student 36:student =:student
EXPR: 1 | POS | INT | 7 | 9 | 9 | (9+(x*3))=36 | 9 x 3 * + 36 = | 9:student x:student 3:group *:student +:student 36:student =:student
EXPR: 1 | POS | INT | 7 | 9 | 9 | (9+(3*x))=36 | 9 3 x * + 36 = | 9:student 3:group x:student *:student +:student 36:student =:student
EXPR: 0 | POS | INT | 7 | 9 | 15 | ((x*3)-36)=9 | x 3 * 36 - 9 = | x:student 3:group *:student 36:student -:student 9:student =:student
EXPR: 0 | POS | INT | 7 | 9 | 15 | 9=((3*x)-36) | 9 3 x * 36 - = | 9:student 3:group x:student *:student 36:student -:student =:student
EXPR: 0 | POS | INT | 7 | 9 | 39 | 9=(3*(x-36)) | 9 3 x 36 - * = | 9:student 3:group x:student 36:student -:student *:student =:student
EXPR: 0 | POS | INT | 7 | 9 | 99 | ((9+x)/3)=36 | 9 x + 3 / 36 = | 9:student x:student +:student 3:group /:student 36:student =:student
EXPR: 0 | POS | INT | 7 | 9 | 33 | 9=(3*(36-x)) | 9 3 36 x - * = | 9:student 3:group 36:student x:student -:student *:student =:student
EXPR: 0 | POS | INT | 7 | 9 | 135 | ((x/3)-36)=9 | x 3 / 36 - 9 = | x:student 3:group /:student 36:student -:student 9:student =:student
EXPR: 1 | POS | INT | 7 | 9 | 9 | ((9*3)+x)=36 | 9 3 * x + 36 = | 9:student 3:group *:student x:student +:student 36:student =:student
EXPR: 1 | POS | INT | 7 | 9 | 9 | (x+(9*3))=36 | x 9 3 * + 36 = | x:student 9:student 3:group *:student +:student 36:student =:student
EXPR: 0 | POS | INT | 7 | 9 | 63 | (x-(9*3))=36 | x 9 3 * - 36 = | x:student 9:student 3:group *:student -:student 36:student =:student
EXPR: 0 | POS | INT | 7 | 9 | 3 | ((9+x)*3)=36 | 9 x + 3 * 36 = | 9:student x:student +:student 3:group *:student 36:student =:student
EXPR: 0 | POS | INT | 7 | 9 | 81 | (9+(x/3))=36 | 9 x 3 / + 36 = | 9:student x:student 3:group /:student +:student 36:student =:student
EXPR: 0 | POS | INT | 7 | 9 | 135 | 9=((x/3)-36) | 9 x 3 / 36 - = | 9:student x:student 3:group /:student 36:student -:student =:student
EXPR: 0 | POS | INT | 7 | 9 | 99 | ((x+9)/3)=36 | x 9 + 3 / 36 = | x:student 9:student +:student 3:group /:student 36:student =:student
EXPR: 0 | POS | INT | 7 | 9 | 33 | (3*(36-x))=9 | 3 36 x - * 9 = | 3:group 36:student x:student -:student *:student 9:student =:student
EXPR: 0 | POS | INT | 7 | 9 | 15 | 9=((x*3)-36) | 9 x 3 * 36 - = | 9:student x:student 3:group *:student 36:student -:student =:student
EXPR: 0 | POS | INT | 7 | 9 | 3 | ((x+9)*3)=36 | x 9 + 3 * 36 = | x:student 9:student +:student 3:group *:student 36:student =:student
EXPR: 0 | POS | INT | 7 | 9 | 117 | ((x-9)/3)=36 | x 9 - 3 / 36 = | x:student 9:student -:student 3:group /:student 36:student =:student
EXPR: 0 | POS | INT | 7 | 9 | 21 | ((x-9)*3)=36 | x 9 - 3 * 36 = | x:student 9:student -:student 3:group *:student 36:student =:student
EXPR: 0 | POS | INT | 7 | 9 | 39 | (3*(x-36))=9 | 3 x 36 - * 9 = | 3:group x:student 36:student -:student *:student 9:student =:student
EXPR: 0 | POS | INT | 7 | 9 | 33 | ((9/3)+x)=36 | 9 3 / x + 36 = | 9:student 3:group /:student x:student +:student 36:student =:student
EXPR: 0 | POS | INT | 7 | 9 | 15 | ((3*x)-36)=9 | 3 x * 36 - 9 = | 3:group x:student *:student 36:student -:student 9:student =:student
EXPR: 0 | POS | INT | 9 | 9 | 15 | ((x*3)-9)=36 | x 3 * 9 - 36 = | x:student 3:group *:student 9:student -:student 36:student =:student
EXPR: 1 | POS | INT | 9 | 9 | 9 | ((x*3)+9)=36 | x 3 * 9 + 36 = | x:student 3:group *:student 9:student +:student 36:student =:student
EXPR: 0 | POS | INT | 9 | 9 | 135 | ((x/3)-9)=36 | x 3 / 9 - 36 = | x:student 3:group /:student 9:student -:student 36:student =:student
EXPR: 0 | POS | INT | 9 | 9 | 81 | ((x/3)+9)=36 | x 3 / 9 + 36 = | x:student 3:group /:student 9:student +:student 36:student =:student
EXPR: 0 | POS | INT | 9 | 9 | 3 | (3*(x+9))=36 | 3 x 9 + * 36 = | 3:group x:student 9:student +:student *:student 36:student =:student
EXPR: 0 | POS | INT | 9 | 9 | 21 | (3*(x-9))=36 | 3 x 9 - * 36 = | 3:group x:student 9:student -:student *:student 36:student =:student
EXPR: 0 | POS | INT | 9 | 9 | 3 | (3*(9+x))=36 | 3 9 x + * 36 = | 3:group 9:student x:student +:student *:student 36:student =:student
EXPR: 0 | POS | INT | 9 | 9 | 15 | ((3*x)-9)=36 | 3 x * 9 - 36 = | 3:group x:student *:student 9:student -:student 36:student =:student
EXPR: 1 | POS | INT | 9 | 9 | 9 | ((3*x)+9)=36 | 3 x * 9 + 36 = | 3:group x:student *:student 9:student +:student 36:student =:student
EXPR: 0 | POS | INT | 10 | 9 | 30 | ((36-9)+3)=x | 36 9 - 3 + x = | 36:student 9:student -:student 3:student +:student x:student =:student
EXPR: 0 | POS | INT | 10 | 9 | 6 | (36/(9-3))=x | 36 9 3 - / x = | 36:student 9:group 3:group -:group /:student x:student =:student
EXPR: 0 | POS | INT | 10 | 9 | 42 | (36+(9-3))=x | 36 9 3 - + x = | 36:student 9:student 3:student -:student +:student x:student =:student
EXPR: 0 | POS | INT | 10 | 9 | 3 | (36/(9+3))=x | 36 9 3 + / x = | 36:student 9:group 3:group +:group /:student x:student =:student
EXPR: 0 | POS | INT | 10 | 9 | 216 | (36*(9-3))=x | 36 9 3 - * x = | 36:student 9:group 3:group -:group *:student x:student =:student
EXPR: 0 | POS | INT | 10 | 9 | 30 | (36-(9-3))=x | 36 9 3 - - x = | 36:student 9:student 3:student -:student -:student x:student =:student
EXPR: 0 | POS | INT | 10 | 9 | 48 | (36+(9+3))=x | 36 9 3 + + x = | 36:student 9:student 3:student +:student +:student x:student =:student
EXPR: 0 | POS | INT | 10 | 9 | 432 | (36*(9+3))=x | 36 9 3 + * x = | 36:student 9:group 3:group +:group *:student x:student =:student
EXPR: 0 | POS | INT | 10 | 9 | 42 | ((36+9)-3)=x | 36 9 + 3 - x = | 36:student 9:student +:student 3:student -:student x:student =:student
EXPR: 0 | POS | INT | 10 | 9 | 24 | ((36-9)-3)=x | 36 9 - 3 - x = | 36:student 9:student -:student 3:student -:student x:student =:student
EXPR: 0 | POS | INT | 10 | 9 | 3 | x=(36/(9+3)) | x 36 9 3 + / = | x:student 36:student 9:group 3:group +:group /:student =:student
EXPR: 0 | POS | INT | 10 | 9 | 48 | ((36+9)+3)=x | 36 9 + 3 + x = | 36:student 9:student +:student 3:student +:student x:student =:student
EXPR: 0 | POS | INT | 10 | 9 | 48 | x=((36+9)+3) | x 36 9 + 3 + = | x:student 36:student 9:student +:student 3:student +:student =:student
EXPR: 0 | POS | INT | 10 | 9 | 30 | x=((36-9)+3) | x 36 9 - 3 + = | x:student 36:student 9:student -:student 3:student +:student =:student
EXPR: 0 | POS | INT | 10 | 9 | 432 | x=(36*(9+3)) | x 36 9 3 + * = | x:student 36:student 9:group 3:group +:group *:student =:student
EXPR: 0 | POS | INT | 10 | 9 | 216 | x=(36*(9-3)) | x 36 9 3 - * = | x:student 36:student 9:group 3:group -:group *:student =:student
EXPR: 0 | POS | INT | 10 | 9 | 42 | x=((36+9)-3) | x 36 9 + 3 - = | x:student 36:student 9:student +:student 3:student -:student =:student
EXPR: 0 | POS | INT | 10 | 9 | 24 | x=((36-9)-3) | x 36 9 - 3 - = | x:student 36:student 9:student -:student 3:student -:student =:student
EXPR: 0 | POS | INT | 10 | 9 | 24 | (36-(9+3))=x | 36 9 3 + - x = | 36:student 9:student 3:student +:student -:student x:student =:student
EXPR: 0 | POS | INT | 10 | 9 | 6 | x=(36/(9-3)) | x 36 9 3 - / = | x:student 36:student 9:group 3:group -:group /:student =:student
EXPR: 0 | POS | INT | 10 | 9 | 24 | x=(36-(9+3)) | x 36 9 3 + - = | x:student 36:student 9:student 3:student +:student -:student =:student
EXPR: 0 | POS | INT | 10 | 9 | 30 | x=(36-(9-3)) | x 36 9 3 - - = | x:student 36:student 9:student 3:student -:student -:student =:student
EXPR: 0 | POS | INT | 10 | 9 | 42 | x=(36+(9-3)) | x 36 9 3 - + = | x:student 36:student 9:student 3:student -:student +:student =:student
EXPR: 0 | POS | INT | 10 | 9 | 48 | x=(36+(9+3)) | x 36 9 3 + + = | x:student 36:student 9:student 3:student +:student +:student =:student
EXPR: 0 | POS | INT | 12 | 9 | 42 | ((36+9)-x)=3 | 36 9 + x - 3 = | 36:student 9:student +:student x:student -:student 3:student =:student
EXPR: 0 | POS | INT | 12 | 9 | 351 | (9*(36+3))=x | 9 36 3 + * x = | 9:student 36:group 3:group +:group *:student x:student =:student
EXPR: 0 | POS | INT | 12 | 9 | 24 | x=((36-3)-9) | x 36 3 - 9 - = | x:student 36:student 3:student -:student 9:student -:student =:student
EXPR: 0 | POS | INT | 12 | 9 | 3 | 36=((9+3)*x) | 36 9 3 + x * = | 36:student 9:group 3:group +:group x:student *:student =:student
EXPR: 0 | POS | INT | 12 | 9 | 30 | (36+(3-9))=x | 36 3 9 - + x = | 36:student 3:student 9:student -:student +:student x:student =:student
EXPR: 0 | POS | INT | 12 | 9 | 30 | 36=((x+9)-3) | 36 x 9 + 3 - = | 36:student x:student 9:student +:student 3:student -:student =:student
EXPR: 0 | POS | INT | 12 | 9 | 351 | x=((36+3)*9) | x 36 3 + 9 * = | x:student 36:group 3:group +:group 9:student *:student =:student
EXPR: 0 | POS | INT | 12 | 9 | 42 | (36-(3-9))=x | 36 3 9 - - x = | 36:student 3:student 9:student -:student -:student x:student =:student
EXPR: 0 | POS | INT | 12 | 9 | 3 | (36/(x+9))=3 | 36 x 9 + / 3 = | 36:group x:student 9:student +:student /:group 3:group =:group
EXPR: 0 | POS | INT | 12 | 9 | 30 | 36=((9+x)-3) | 36 9 x + 3 - = | 36:student 9:student x:student +:student 3:student -:student =:student
EXPR: 0 | POS | INT | 12 | 9 | 24 | 36=((9+x)+3) | 36 9 x + 3 + = | 36:student 9:student x:student +:student 3:student +:student =:student
EXPR: 0 | POS | INT | 12 | 9 | 24 | (36-(x+9))=3 | 36 x 9 + - 3 = | 36:student x:student 9:student +:student -:student 3:student =:student
EXPR: 0 | POS | INT | 12 | 9 | 24 | 36=((x+9)+3) | 36 x 9 + 3 + = | 36:student x:student 9:student +:student 3:student +:student =:student
EXPR: 0 | POS | INT | 12 | 9 | 24 | ((36-9)-x)=3 | 36 9 - x - 3 = | 36:student 9:student -:student x:student -:student 3:student =:student
EXPR: 0 | POS | INT | 12 | 9 | 24 | ((36-3)-9)=x | 36 3 - 9 - x = | 36:student 3:student -:student 9:student -:student x:student =:student
EXPR: 0 | POS | INT | 12 | 9 | 24 | ((36-x)-9)=3 | 36 x - 9 - 3 = | 36:student x:student -:student 9:student -:student 3:student =:student
EXPR: 0 | POS | INT | 12 | 9 | 48 | 36=((x-9)-3) | 36 x 9 - 3 - = | 36:student x:student 9:student -:student 3:student -:student =:student
EXPR: 0 | POS | INT | 12 | 9 | 24 | (36-(9+x))=3 | 36 9 x + - 3 = | 36:student 9:student x:student +:student -:student 3:student =:student
EXPR: 0 | POS | INT | 12 | 9 | 30 | x=((36+3)-9) | x 36 3 + 9 - = | x:student 36:student 3:student +:student 9:student -:student =:student
EXPR: 0 | POS | INT | 12 | 9 | 3 | (36/(9+x))=3 | 36 9 x + / 3 = | 36:group 9:student x:student +:student /:group 3:group =:group
EXPR: 0 | POS | INT | 12 | 9 | 21 | (36/(x-9))=3 | 36 x 9 - / 3 = | 36:group x:student 9:student -:student /:group 3:group =:group
EXPR: 0 | POS | INT | 12 | 9 | 48 | ((36+3)+9)=x | 36 3 + 9 + x = | 36:student 3:student +:student 9:student +:student x:student =:student
EXPR: 0 | POS | INT | 12 | 9 | 42 | (9+(36-3))=x | 9 36 3 - + x = | 9:student 36:student 3:student -:student +:student x:student =:student
EXPR: 0 | POS | INT | 12 | 9 | 42 | (36-(x-9))=3 | 36 x 9 - - 3 = | 36:student x:student 9:student -:student -:student 3:student =:student
EXPR: 0 | POS | INT | 12 | 9 | 1 | 36=(9*(3+x)) | 36 9 3 x + * = | 36:student 9:student 3:group x:group +:group *:student =:student
EXPR: 0 | POS | INT | 12 | 9 | 1 | 36=(9*(x+3)) | 36 9 x 3 + * = | 36:student 9:student x:group 3:group +:group *:student =:student
EXPR: 0 | POS | INT | 12 | 9 | 42 | x=((36-3)+9) | x 36 3 - 9 + = | x:student 36:student 3:student -:student 9:student +:student =:student
EXPR: 0 | POS | INT | 12 | 9 | 48 | x=((36+3)+9) | x 36 3 + 9 + = | x:student 36:student 3:student +:student 9:student +:student =:student
EXPR: 0 | POS | INT | 12 | 9 | 30 | 36=(9+(x-3)) | 36 9 x 3 - + = | 36:student 9:student x:student 3:student -:student +:student =:student
EXPR: 0 | POS | INT | 12 | 9 | 351 | x=(9*(36+3)) | x 9 36 3 + * = | x:student 9:student 36:group 3:group +:group *:student =:student
EXPR: 0 | POS | INT | 12 | 9 | 297 | (9*(36-3))=x | 9 36 3 - * x = | 9:student 36:group 3:group -:group *:student x:student =:student
EXPR: 0 | POS | INT | 12 | 9 | 297 | x=(9*(36-3)) | x 9 36 3 - * = | x:student 9:student 36:group 3:group -:group *:student =:student
EXPR: 0 | POS | INT | 12 | 9 | 30 | ((36+3)-9)=x | 36 3 + 9 - x = | 36:student 3:student +:student 9:student -:student x:student =:student
EXPR: 0 | POS | INT | 12 | 9 | 48 | (9+(36+3))=x | 9 36 3 + + x = | 9:student 36:student 3:student +:student +:student x:student =:student
EXPR: 0 | POS | INT | 12 | 9 | 24 | 36=(9+(x+3)) | 36 9 x 3 + + = | 36:student 9:student x:student 3:student +:student +:student =:student
EXPR: 0 | POS | INT | 12 | 9 | 30 | 36=((9-3)+x) | 36 9 3 - x + = | 36:student 9:student 3:student -:student x:student +:student =:student
EXPR: 0 | POS | INT | 12 | 9 | 48 | (x-(36+9))=3 | x 36 9 + - 3 = | x:student 36:student 9:student +:student -:student 3:student =:student
EXPR: 0 | POS | INT | 12 | 9 | 42 | ((36-3)+9)=x | 36 3 - 9 + x = | 36:student 3:student -:student 9:student +:student x:student =:student
EXPR: 0 | POS | INT | 12 | 9 | 42 | 36=((x-9)+3) | 36 x 9 - 3 + = | 36:student x:student 9:student -:student 3:student +:student =:student
EXPR: 0 | POS | INT | 12 | 9 | 297 | ((36-3)*9)=x | 36 3 - 9 * x = | 36:group 3:group -:group 9:student *:student x:student =:student
EXPR: 0 | POS | INT | 12 | 9 | 30 | (x-(36-9))=3 | x 36 9 - - 3 = | x:student 36:student 9:student -:student -:student 3:student =:student
EXPR: 0 | POS | INT | 12 | 9 | 24 | 36=(9+(3+x)) | 36 9 3 x + + = | 36:student 9:student 3:student x:student +:student +:student =:student
EXPR: 0 | POS | INT | 12 | 9 | 432 | 36=(x/(9+3)) | 36 x 9 3 + / = | 36:student x:student 9:group 3:group +:group /:student =:student
EXPR: 0 | POS | INT | 12 | 9 | 48 | 36=(x-(9+3)) | 36 x 9 3 + - = | 36:student x:student 9:student 3:student +:student -:student =:student
EXPR: 0 | POS | INT | 12 | 9 | 42 | ((36-x)+9)=3 | 36 x - 9 + 3 = | 36:student x:student -:student 9:student +:student 3:student =:student
EXPR: 0 | POS | INT | 12 | 9 | 6 | 36=((9-3)*x) | 36 9 3 - x * = | 36:student 9:group 3:group -:group x:student *:student =:student
EXPR: 0 | POS | INT | 12 | 9 | 216 | 36=(x/(9-3)) | 36 x 9 3 - / = | 36:student x:student 9:group 3:group -:group /:student =:student
EXPR: 0 | POS | INT | 12 | 9 | 3 | 36=(x*(9+3)) | 36 x 9 3 + * = | 36:student x:student 9:group 3:group +:group *:student =:student
EXPR: 0 | POS | INT | 12 | 9 | 6 | 36=(x*(9-3)) | 36 x 9 3 - * = | 36:student x:student 9:group 3:group -:group *:student =:student
EXPR: 0 | POS | INT | 12 | 9 | 42 | (36+(9-x))=3 | 36 9 x - + 3 = | 36:student 9:student x:student -:student +:student 3:student =:student
EXPR: 0 | POS | INT | 12 | 9 | 42 | 36=(x-(9-3)) | 36 x 9 3 - - = | 36:student x:student 9:student 3:student -:student -:student =:student
EXPR: 0 | POS | INT | 12 | 9 | 30 | 36=(9-(3-x)) | 36 9 3 x - - = | 36:student 9:student 3:student x:student -:student -:student =:student
EXPR: 0 | POS | INT | 12 | 9 | 351 | ((36+3)*9)=x | 36 3 + 9 * x = | 36:group 3:group +:group 9:student *:student x:student =:student
EXPR: 0 | POS | INT | 12 | 9 | 24 | 36=((9+3)+x) | 36 9 3 + x + = | 36:student 9:student 3:student +:student x:student +:student =:student
EXPR: 0 | POS | INT | 12 | 9 | 30 | ((x-36)+9)=3 | x 36 - 9 + 3 = | x:student 36:student -:student 9:student +:student 3:student =:student
EXPR: 0 | POS | INT | 12 | 9 | 297 | x=((36-3)*9) | x 36 3 - 9 * = | x:student 36:group 3:group -:group 9:student *:student =:student
EXPR: 0 | POS | INT | 12 | 9 | 42 | x=(9+(36-3)) | x 9 36 3 - + = | x:student 9:student 36:student 3:student -:student +:student =:student
EXPR: 0 | POS | INT | 12 | 9 | 48 | ((x-36)-9)=3 | x 36 - 9 - 3 = | x:student 36:student -:student 9:student -:student 3:student =:student
EXPR: 0 | POS | INT | 12 | 9 | 30 | 36=(x+(9-3)) | 36 x 9 3 - + = | 36:student x:student 9:student 3:student -:student +:student =:student
EXPR: 0 | POS | INT | 12 | 9 | 7 | 36=(9*(x-3)) | 36 9 x 3 - * = | 36:student 9:student x:group 3:group -:group *:student =:student
EXPR: 0 | POS | INT | 12 | 9 | 24 | 36=(x+(9+3)) | 36 x 9 3 + + = | 36:student x:student 9:student 3:student +:student +:student =:student
EXPR: 0 | POS | INT | 12 | 9 | 48 | x=(9+(36+3)) | x 9 36 3 + + = | x:student 9:student 36:student 3:student +:student +:student =:student
EXPR: 0 | POS | INT | 12 | 9 | 135 | (x/(36+9))=3 | x 36 9 + / 3 = | x:group 36:student 9:student +:student /:group 3:group =:group
EXPR: 0 | POS | INT | 12 | 9 | 81 | (x/(36-9))=3 | x 36 9 - / 3 = | x:group 36:student 9:student -:student /:group 3:group =:group
EXPR: 0 | POS | INT | 12 | 9 | 30 | x=(36+(3-9)) | x 36 3 9 - + = | x:student 36:student 3:student 9:student -:student +:student =:student
EXPR: 0 | POS | INT | 12 | 9 | 42 | x=(36-(3-9)) | x 36 3 9 - - = | x:student 36:student 3:student 9:student -:student -:student =:student
EXPR: 1 | POS | INT | 12 | 9 | 9 | (36-9)=(3*x) | 36 9 - 3 x * = | 36:student 9:student -:student 3:group x:student *:student =:student
EXPR: 0 | POS | INT | 12 | 9 | 15 | (36+9)=(3*x) | 36 9 + 3 x * = | 36:student 9:student +:student 3:group x:student *:student =:student
EXPR: 0 | POS | INT | 12 | 9 | 135 | (36+9)=(x/3) | 36 9 + x 3 / = | 36:student 9:student +:student x:student 3:group /:student =:student
EXPR: 0 | POS | INT | 12 | 9 | 15 | (36+9)=(x*3) | 36 9 + x 3 * = | 36:student 9:student +:student x:student 3:group *:student =:student
EXPR: 0 | POS | INT | 12 | 9 | 39 | (x-36)=(9/3) | x 36 - 9 3 / = | x:student 36:student -:student 9:student 3:group /:student =:student
EXPR: 0 | POS | INT | 12 | 9 | 81 | (36-9)=(x/3) | 36 9 - x 3 / = | 36:student 9:student -:student x:student 3:group /:student =:student
EXPR: 0 | POS | INT | 12 | 9 | 63 | (x-36)=(9*3) | x 36 - 9 3 * = | x:student 36:student -:student 9:student 3:group *:student =:student
EXPR: 1 | POS | INT | 12 | 9 | 9 | (36-9)=(x*3) | 36 9 - x 3 * = | 36:student 9:student -:student x:student 3:group *:student =:student
EXPR: 0 | POS | INT | 12 | 9 | 33 | (36-x)=(9/3) | 36 x - 9 3 / = | 36:student x:student -:student 9:student 3:group /:student =:student
EXPR: 1 | POS | INT | 12 | 9 | 9 | (36-x)=(9*3) | 36 x - 9 3 * = | 36:student x:student -:student 9:student 3:group *:student =:student
EXPR: 0 | POS | INT | 14 | 9 | 1 | 36=((x+3)*9) | 36 x 3 + 9 * = | 36:student x:group 3:group +:group 9:student *:student =:student
EXPR: 0 | POS | INT | 14 | 9 | 30 | ((x+9)-36)=3 | x 9 + 36 - 3 = | x:student 9:student +:student 36:student -:student 3:student =:student
EXPR: 0 | POS | INT | 14 | 9 | 42 | 36=((3+x)-9) | 36 3 x + 9 - = | 36:student 3:student x:student +:student 9:student -:student =:student
EXPR: 0 | POS | INT | 14 | 9 | 24 | 9=((36-3)-x) | 9 36 3 - x - = | 9:student 36:student 3:student -:student x:student -:student =:student
EXPR: 0 | POS | INT | 14 | 9 | 1 | 9=(36/(x+3)) | 9 36 x 3 + / = | 9:student 36:student x:group 3:group +:group /:student =:student
EXPR: 0 | POS | INT | 14 | 9 | 7 | 9=(36/(x-3)) | 9 36 x 3 - / = | 9:student 36:student x:group 3:group -:group /:student =:student
EXPR: 0 | POS | INT | 14 | 9 | 30 | 36=((x-3)+9) | 36 x 3 - 9 + = | 36:student x:student 3:student -:student 9:student +:student =:student
EXPR: 0 | POS | INT | 14 | 9 | 42 | (9+(36-x))=3 | 9 36 x - + 3 = | 9:student 36:student x:student -:student +:student 3:student =:student
EXPR: 0 | POS | INT | 14 | 9 | 39 | (9/(x-36))=3 | 9 x 36 - / 3 = | 9:group x:student 36:student -:student /:group 3:group =:group
EXPR: 0 | POS | INT | 14 | 9 | 24 | ((36-x)-3)=9 | 36 x - 3 - 9 = | 36:student x:student -:student 3:student -:student 9:student =:student
EXPR: 0 | POS | INT | 14 | 9 | 24 | (36-(x+3))=9 | 36 x 3 + - 9 = | 36:student x:student 3:student +:student -:student 9:student =:student
EXPR: 0 | POS | INT | 14 | 9 | 1 | 9=(36/(3+x)) | 9 36 3 x + / = | 9:student 36:student 3:group x:group +:group /:student =:student
EXPR: 0 | POS | INT | 14 | 9 | 24 | ((36-3)-x)=9 | 36 3 - x - 9 = | 36:student 3:student -:student x:student -:student 9:student =:student
EXPR: 0 | POS | INT | 14 | 9 | 48 | 36=((x-3)-9) | 36 x 3 - 9 - = | 36:student x:student 3:student -:student 9:student -:student =:student
EXPR: 0 | POS | INT | 14 | 9 | 24 | (36-(3+x))=9 | 36 3 x + - 9 = | 36:student 3:student x:student +:student -:student 9:student =:student
EXPR: 0 | POS | INT | 14 | 9 | 24 | 36=((x+3)+9) | 36 x 3 + 9 + = | 36:student x:student 3:student +:student 9:student +:student =:student
EXPR: 0 | POS | INT | 14 | 9 | 30 | ((9+x)-36)=3 | 9 x + 36 - 3 = | 9:student x:student +:student 36:student -:student 3:student =:student
EXPR: 0 | POS | INT | 14 | 9 | 351 | (x/(36+3))=9 | x 36 3 + / 9 = | x:student 36:group 3:group +:group /:student 9:student =:student
EXPR: 0 | POS | INT | 14 | 9 | 42 | 36=((x+3)-9) | 36 x 3 + 9 - = | 36:student x:student 3:student +:student 9:student -:student =:student
EXPR: 0 | POS | INT | 14 | 9 | 30 | (9-(36-x))=3 | 9 36 x - - 3 = | 9:student 36:student x:student -:student -:student 3:student =:student
EXPR: 0 | POS | INT | 14 | 9 | 33 | (9/(36-x))=3 | 9 36 x - / 3 = | 9:group 36:student x:student -:student /:group 3:group =:group
EXPR: 0 | POS | INT | 14 | 9 | 24 | 36=((3+x)+9) | 36 3 x + 9 + = | 36:student 3:student x:student +:student 9:student +:student =:student
EXPR: 0 | POS | INT | 14 | 9 | 30 | (x+(9-36))=3 | x 9 36 - + 3 = | x:student 9:student 36:student -:student +:student 3:student =:student
EXPR: 0 | POS | INT | 14 | 9 | 1 | 36=((3+x)*9) | 36 3 x + 9 * = | 36:student 3:group x:group +:group 9:student *:student =:student
EXPR: 0 | POS | INT | 14 | 9 | 42 | 36=((3-9)+x) | 36 3 9 - x + = | 36:student 3:student 9:student -:student x:student +:student =:student
EXPR: 0 | POS | INT | 14 | 9 | 30 | (36+(3-x))=9 | 36 3 x - + 9 = | 36:student 3:student x:student -:student +:student 9:student =:student
EXPR: 0 | POS | INT | 14 | 9 | 351 | 9=(x/(36+3)) | 9 x 36 3 + / = | 9:student x:student 36:group 3:group +:group /:student =:student
EXPR: 0 | POS | INT | 14 | 9 | 297 | 9=(x/(36-3)) | 9 x 36 3 - / = | 9:student x:student 36:group 3:group -:group /:student =:student
EXPR: 0 | POS | INT | 14 | 9 | 24 | 9=(36-(3+x)) | 9 36 3 x + - = | 9:student 36:student 3:student x:student +:student -:student =:student
EXPR: 0 | POS | INT | 14 | 9 | 42 | 36=(3+(x-9)) | 36 3 x 9 - + = | 36:student 3:student x:student 9:student -:student +:student =:student
EXPR: 0 | POS | INT | 14 | 9 | 24 | 36=(3+(x+9)) | 36 3 x 9 + + = | 36:student 3:student x:student 9:student +:student +:student =:student
EXPR: 0 | POS | INT | 14 | 9 | 30 | 9=((36-x)+3) | 9 36 x - 3 + = | 9:student 36:student x:student -:student 3:student +:student =:student
EXPR: 0 | POS | INT | 14 | 9 | 30 | (36-(x-3))=9 | 36 x 3 - - 9 = | 36:student x:student 3:student -:student -:student 9:student =:student
EXPR: 0 | POS | INT | 14 | 9 | 30 | 9=((36+3)-x) | 9 36 3 + x - = | 9:student 36:student 3:student +:student x:student -:student =:student
EXPR: 0 | POS | INT | 14 | 9 | 48 | 9=((x-36)-3) | 9 x 36 - 3 - = | 9:student x:student 36:student -:student 3:student -:student =:student
EXPR: 0 | POS | INT | 14 | 9 | 48 | 9=(x-(36+3)) | 9 x 36 3 + - = | 9:student x:student 36:student 3:student +:student -:student =:student
EXPR: 0 | POS | INT | 14 | 9 | 42 | 9=(x-(36-3)) | 9 x 36 3 - - = | 9:student x:student 36:student 3:student -:student -:student =:student
EXPR: 0 | POS | INT | 14 | 9 | 297 | (x/(36-3))=9 | x 36 3 - / 9 = | x:student 36:group 3:group -:group /:student 9:student =:student
EXPR: 0 | POS | INT | 14 | 9 | 24 | 36=(3+(9+x)) | 36 3 9 x + + = | 36:student 3:student 9:student x:student +:student +:student =:student
EXPR: 0 | POS | INT | 14 | 9 | 42 | (x-(36-3))=9 | x 36 3 - - 9 = | x:student 36:student 3:student -:student -:student 9:student =:student
EXPR: 0 | POS | INT | 14 | 9 | 42 | 9=((x-36)+3) | 9 x 36 - 3 + = | 9:student x:student 36:student -:student 3:student +:student =:student
EXPR: 0 | POS | INT | 14 | 9 | 42 | ((9-x)+36)=3 | 9 x - 36 + 3 = | 9:student x:student -:student 36:student +:student 3:student =:student
EXPR: 0 | POS | INT | 14 | 9 | 30 | 9=(36+(3-x)) | 9 36 3 x - + = | 9:student 36:student 3:student x:student -:student +:student =:student
EXPR: 0 | POS | INT | 14 | 9 | 30 | (9+(x-36))=3 | 9 x 36 - + 3 = | 9:student x:student 36:student -:student +:student 3:student =:student
EXPR: 0 | POS | INT | 14 | 9 | 117 | (36*3)=(x-9) | 36 3 * x 9 - = | 36:student 3:group *:student x:student 9:student -:student =:student
EXPR: 0 | POS | INT | 14 | 9 | 99 | (36*3)=(9+x) | 36 3 * 9 x + = | 36:student 3:group *:student 9:student x:student +:student =:student
EXPR: 0 | POS | INT | 14 | 9 | 30 | ((36-x)+3)=9 | 36 x - 3 + 9 = | 36:student x:student -:student 3:student +:student 9:student =:student
EXPR: 0 | POS | INT | 14 | 9 | 24 | 9=((36-x)-3) | 9 36 x - 3 - = | 9:student 36:student x:student -:student 3:student -:student =:student
EXPR: 0 | POS | INT | 14 | 9 | 48 | (x-(36+3))=9 | x 36 3 + - 9 = | x:student 36:student 3:student +:student -:student 9:student =:student
EXPR: 0 | POS | INT | 14 | 9 | 99 | (36*3)=(x+9) | 36 3 * x 9 + = | 36:student 3:group *:student x:student 9:student +:student =:student
EXPR: 0 | POS | INT | 14 | 9 | 30 | ((36+3)-x)=9 | 36 3 + x - 9 = | 36:student 3:student +:student x:student -:student 9:student =:student
EXPR: 0 | POS | INT | 14 | 9 | 21 | (36/3)=(x-9) | 36 3 / x 9 - = | 36:student 3:group /:student x:student 9:student -:student =:student
EXPR: 0 | POS | INT | 14 | 9 | 30 | ((9-36)+x)=3 | 9 36 - x + 3 = | 9:student 36:student -:student x:student +:student 3:student =:student
EXPR: 0 | POS | INT | 14 | 9 | 48 | ((x-9)-36)=3 | x 9 - 36 - 3 = | x:student 9:student -:student 36:student -:student 3:student =:student
EXPR: 0 | POS | INT | 14 | 9 | 7 | (36/(x-3))=9 | 36 x 3 - / 9 = | 36:student x:group 3:group -:group /:student 9:student =:student
EXPR: 0 | POS | INT | 14 | 9 | 42 | ((x-36)+3)=9 | x 36 - 3 + 9 = | x:student 36:student -:student 3:student +:student 9:student =:student
EXPR: 0 | POS | INT | 14 | 9 | 1 | (36/(x+3))=9 | 36 x 3 + / 9 = | 36:student x:group 3:group +:group /:student 9:student =:student
EXPR: 0 | POS | INT | 14 | 9 | 48 | ((x-36)-3)=9 | x 36 - 3 - 9 = | x:student 36:student -:student 3:student -:student 9:student =:student
EXPR: 0 | POS | INT | 14 | 9 | 7 | 36=((x-3)*9) | 36 x 3 - 9 * = | 36:student x:group 3:group -:group 9:student *:student =:student
EXPR: 0 | POS | INT | 14 | 9 | 42 | 36=(x+(3-9)) | 36 x 3 9 - + = | 36:student x:student 3:student 9:student -:student +:student =:student
EXPR: 0 | POS | INT | 14 | 9 | 3 | (36/3)=(x+9) | 36 3 / x 9 + = | 36:student 3:group /:student x:student 9:student +:student =:student
EXPR: 0 | POS | INT | 14 | 9 | 42 | (9-(x-36))=3 | 9 x 36 - - 3 = | 9:student x:student 36:student -:student -:student 3:student =:student
EXPR: 0 | POS | INT | 14 | 9 | 42 | 36=(3-(9-x)) | 36 3 9 x - - = | 36:student 3:student 9:student x:student -:student -:student =:student
EXPR: 0 | POS | INT | 14 | 9 | 1 | (36/(3+x))=9 | 36 3 x + / 9 = | 36:student 3:group x:group +:group /:student 9:student =:student
EXPR: 0 | POS | INT | 14 | 9 | 24 | 9=(36-(x+3)) | 9 36 x 3 + - = | 9:student 36:student x:student 3:student +:student -:student =:student
EXPR: 0 | POS | INT | 14 | 9 | 30 | 9=(36-(x-3)) | 9 36 x 3 - - = | 9:student 36:student x:student 3:student -:student -:student =:student
EXPR: 0 | POS | INT | 14 | 9 | 3 | (36/3)=(9+x) | 36 3 / 9 x + = | 36:student 3:group /:student 9:student x:student +:student =:student
EXPR: 0 | POS | INT | 14 | 9 | 30 | 36=(x-(3-9)) | 36 x 3 9 - - = | 36:student x:student 3:student 9:student -:student -:student =:student
EXPR: 0 | POS | INT | 14 | 9 | 3 | (9+x)=(36/3) | 9 x + 36 3 / = | 9:student x:student +:student 36:student 3:group /:student =:student
EXPR: 0 | POS | INT | 14 | 9 | 21 | (x-9)=(36/3) | x 9 - 36 3 / = | x:student 9:student -:student 36:student 3:group /:student =:student
EXPR: 0 | POS | INT | 14 | 9 | 117 | (x-9)=(36*3) | x 9 - 36 3 * = | x:student 9:student -:student 36:student 3:group *:student =:student
EXPR: 0 | POS | INT | 14 | 9 | 99 | (9+x)=(36*3) | 9 x + 36 3 * = | 9:student x:student +:student 36:student 3:group *:student =:student
EXPR: 0 | POS | INT | 14 | 9 | 3 | (x+9)=(36/3) | x 9 + 36 3 / = | x:student 9:student +:student 36:student 3:group /:student =:student
EXPR: 0 | POS | INT | 14 | 9 | 99 | (x+9)=(36*3) | x 9 + 36 3 * = | x:student 9:student +:student 36:student 3:group *:student =:student
EXPR: 0 | POS | INT | 15 | 9 | 48 | ((9+3)+36)=x | 9 3 + 36 + x = | 9:student 3:student +:student 36:student +:student x:student =:student
EXPR: 0 | POS | INT | 15 | 9 | 30 | (3+(36-9))=x | 3 36 9 - + x = | 3:student 36:student 9:student -:student +:student x:student =:student
EXPR: 0 | POS | INT | 15 | 9 | 216 | ((9-3)*36)=x | 9 3 - 36 * x = | 9:group 3:group -:group 36:student *:student x:student =:student
EXPR: 0 | POS | INT | 15 | 9 | 432 | x=((9+3)*36) | x 9 3 + 36 * = | x:student 9:group 3:group +:group 36:student *:student =:student
EXPR: 0 | POS | INT | 15 | 9 | 432 | ((9+3)*36)=x | 9 3 + 36 * x = | 9:group 3:group +:group 36:student *:student x:student =:student
EXPR: 0 | POS | INT | 15 | 9 | 42 | (9-(3-36))=x | 9 3 36 - - x = | 9:student 3:student 36:student -:student -:student x:student =:student
EXPR: 0 | POS | INT | 15 | 9 | 42 | ((9-3)+36)=x | 9 3 - 36 + x = | 9:student 3:student -:student 36:student +:student x:student =:student
EXPR: 0 | POS | INT | 15 | 9 | 48 | (3+(36+9))=x | 3 36 9 + + x = | 3:student 36:student 9:student +:student +:student x:student =:student
EXPR: 0 | POS | INT | 15 | 9 | 42 | x=((9-3)+36) | x 9 3 - 36 + = | x:student 9:student 3:student -:student 36:student +:student =:student
EXPR: 0 | POS | INT | 15 | 9 | 48 | x=((9+3)+36) | x 9 3 + 36 + = | x:student 9:student 3:student +:student 36:student +:student =:student
EXPR: 0 | POS | INT | 15 | 9 | 30 | x=(3+(36-9)) | x 3 36 9 - + = | x:student 3:student 36:student 9:student -:student +:student =:student
EXPR: 0 | POS | INT | 15 | 9 | 42 | x=(9-(3-36)) | x 9 3 36 - - = | x:student 9:student 3:student 36:student -:student -:student =:student
EXPR: 0 | POS | INT | 15 | 9 | 216 | x=((9-3)*36) | x 9 3 - 36 * = | x:student 9:group 3:group -:group 36:student *:student =:student
EXPR: 0 | POS | INT | 15 | 9 | 48 | x=(3+(36+9)) | x 3 36 9 + + = | x:student 3:student 36:student 9:student +:student +:student =:student
EXPR: 0 | POS | INT | 17 | 9 | 30 | ((3-9)+36)=x | 3 9 - 36 + x = | 3:student 9:student -:student 36:student +:student x:student =:student
EXPR: 0 | POS | INT | 17 | 9 | 3 | 3=(36/(x+9)) | 3 36 x 9 + / = | 3:group 36:group x:student 9:student +:student /:group =:group
EXPR: 0 | POS | INT | 17 | 9 | 30 | ((x+9)-3)=36 | x 9 + 3 - 36 = | x:student 9:student +:student 3:student -:student 36:student =:student
EXPR: 0 | POS | INT | 17 | 9 | 3 | 3=(36/(9+x)) | 3 36 9 x + / = | 3:group 36:group 9:student x:student +:student /:group =:group
EXPR: 0 | POS | INT | 17 | 9 | 42 | 9=((3+x)-36) | 9 3 x + 36 - = | 9:student 3:student x:student +:student 36:student -:student =:student
EXPR: 0 | POS | INT | 17 | 9 | 48 | 9=((x-3)-36) | 9 x 3 - 36 - = | 9:student x:student 3:student -:student 36:student -:student =:student
EXPR: 0 | POS | INT | 17 | 9 | 30 | (9+(x-3))=36 | 9 x 3 - + 36 = | 9:student x:student 3:student -:student +:student 36:student =:student
EXPR: 0 | POS | INT | 17 | 9 | 30 | (3+(36-x))=9 | 3 36 x - + 9 = | 3:student 36:student x:student -:student +:student 9:student =:student
EXPR: 0 | POS | INT | 17 | 9 | 42 | (3-(36-x))=9 | 3 36 x - - 9 = | 3:student 36:student x:student -:student -:student 9:student =:student
EXPR: 0 | POS | INT | 17 | 9 | 30 | (3-(9-36))=x | 3 9 36 - - x = | 3:student 9:student 36:student -:student -:student x:student =:student
EXPR: 0 | POS | INT | 17 | 9 | 7 | (9*(x-3))=36 | 9 x 3 - * 36 = | 9:student x:group 3:group -:group *:student 36:student =:student
EXPR: 0 | POS | INT | 17 | 9 | 42 | ((x-9)+3)=36 | x 9 - 3 + 36 = | x:student 9:student -:student 3:student +:student 36:student =:student
EXPR: 0 | POS | INT | 17 | 9 | 42 | 9=((x+3)-36) | 9 x 3 + 36 - = | 9:student x:student 3:student +:student 36:student -:student =:student
EXPR: 0 | POS | INT | 17 | 9 | 24 | ((9+x)+3)=36 | 9 x + 3 + 36 = | 9:student x:student +:student 3:student +:student 36:student =:student
EXPR: 0 | POS | INT | 17 | 9 | 24 | (9+(x+3))=36 | 9 x 3 + + 36 = | 9:student x:student 3:student +:student +:student 36:student =:student
EXPR: 0 | POS | INT | 17 | 9 | 42 | ((3+x)-36)=9 | 3 x + 36 - 9 = | 3:student x:student +:student 36:student -:student 9:student =:student
EXPR: 0 | POS | INT | 17 | 9 | 21 | 3=(36/(x-9)) | 3 36 x 9 - / = | 3:group 36:group x:student 9:student -:student /:group =:group
EXPR: 0 | POS | INT | 17 | 9 | 3 | (x*(9+3))=36 | x 9 3 + * 36 = | x:student 9:group 3:group +:group *:student 36:student =:student
EXPR: 0 | POS | INT | 17 | 9 | 432 | (x/(9+3))=36 | x 9 3 + / 36 = | x:student 9:group 3:group +:group /:student 36:student =:student
EXPR: 0 | POS | INT | 17 | 9 | 135 | 3=(x/(36+9)) | 3 x 36 9 + / = | 3:group x:group 36:student 9:student +:student /:group =:group
EXPR: 0 | POS | INT | 17 | 9 | 81 | 3=(x/(36-9)) | 3 x 36 9 - / = | 3:group x:group 36:student 9:student -:student /:group =:group
EXPR: 0 | POS | INT | 17 | 9 | 24 | ((9+3)+x)=36 | 9 3 + x + 36 = | 9:student 3:student +:student x:student +:student 36:student =:student
EXPR: 0 | POS | INT | 17 | 9 | 6 | ((9-3)*x)=36 | 9 3 - x * 36 = | 9:group 3:group -:group x:student *:student 36:student =:student
EXPR: 0 | POS | INT | 17 | 9 | 24 | ((x+9)+3)=36 | x 9 + 3 + 36 = | x:student 9:student +:student 3:student +:student 36:student =:student
EXPR: 0 | POS | INT | 17 | 9 | 3 | ((9+3)*x)=36 | 9 3 + x * 36 = | 9:group 3:group +:group x:student *:student 36:student =:student
EXPR: 0 | POS | INT | 17 | 9 | 42 | ((x+3)-36)=9 | x 3 + 36 - 9 = | x:student 3:student +:student 36:student -:student 9:student =:student
EXPR: 0 | POS | INT | 17 | 9 | 135 | (x/3)=(36+9) | x 3 / 36 9 + = | x:student 3:group /:student 36:student 9:student +:student =:student
EXPR: 0 | POS | INT | 17 | 9 | 24 | 3=(36-(x+9)) | 3 36 x 9 + - = | 3:student 36:student x:student 9:student +:student -:student =:student
EXPR: 0 | POS | INT | 17 | 9 | 30 | (x+(9-3))=36 | x 9 3 - + 36 = | x:student 9:student 3:student -:student +:student 36:student =:student
EXPR: 0 | POS | INT | 17 | 9 | 42 | 3=(36-(x-9)) | 3 36 x 9 - - = | 3:student 36:student x:student 9:student -:student -:student =:student
EXPR: 0 | POS | INT | 17 | 9 | 24 | 3=((36-x)-9) | 3 36 x - 9 - = | 3:student 36:student x:student -:student 9:student -:student =:student
EXPR: 0 | POS | INT | 17 | 9 | 30 | x=((3-9)+36) | x 3 9 - 36 + = | x:student 3:student 9:student -:student 36:student +:student =:student
EXPR: 0 | POS | INT | 17 | 9 | 42 | 9=(3-(36-x)) | 9 3 36 x - - = | 9:student 3:student 36:student x:student -:student -:student =:student
EXPR: 0 | POS | INT | 17 | 9 | 42 | 3=((36-x)+9) | 3 36 x - 9 + = | 3:student 36:student x:student -:student 9:student +:student =:student
EXPR: 0 | POS | INT | 17 | 9 | 30 | (9-(3-x))=36 | 9 3 x - - 36 = | 9:student 3:student x:student -:student -:student 36:student =:student
EXPR: 0 | POS | INT | 17 | 9 | 48 | 3=((x-36)-9) | 3 x 36 - 9 - = | 3:student x:student 36:student -:student 9:student -:student =:student
EXPR: 0 | POS | INT | 17 | 9 | 42 | 3=((36+9)-x) | 3 36 9 + x - = | 3:student 36:student 9:student +:student x:student -:student =:student
EXPR: 0 | POS | INT | 17 | 9 | 24 | (9+(3+x))=36 | 9 3 x + + 36 = | 9:student 3:student x:student +:student +:student 36:student =:student
EXPR: 0 | POS | INT | 17 | 9 | 42 | 9=(3+(x-36)) | 9 3 x 36 - + = | 9:student 3:student x:student 36:student -:student +:student =:student
EXPR: 0 | POS | INT | 17 | 9 | 42 | (x+(3-36))=9 | x 3 36 - + 9 = | x:student 3:student 36:student -:student +:student 9:student =:student
EXPR: 0 | POS | INT | 17 | 9 | 30 | ((9+x)-3)=36 | 9 x + 3 - 36 = | 9:student x:student +:student 3:student -:student 36:student =:student
EXPR: 0 | POS | INT | 17 | 9 | 24 | 3=(36-(9+x)) | 3 36 9 x + - = | 3:student 36:student 9:student x:student +:student -:student =:student
EXPR: 0 | POS | INT | 17 | 9 | 30 | 3=((x-36)+9) | 3 x 36 - 9 + = | 3:student x:student 36:student -:student 9:student +:student =:student
EXPR: 1 | POS | INT | 17 | 9 | 9 | (3*x)=(36-9) | 3 x * 36 9 - = | 3:group x:student *:student 36:student 9:student -:student =:student
EXPR: 0 | POS | INT | 17 | 9 | 48 | (x-(9+3))=36 | x 9 3 + - 36 = | x:student 9:student 3:student +:student -:student 36:student =:student
EXPR: 0 | POS | INT | 17 | 9 | 30 | ((3-x)+36)=9 | 3 x - 36 + 9 = | 3:student x:student -:student 36:student +:student 9:student =:student
EXPR: 0 | POS | INT | 17 | 9 | 30 | ((9-3)+x)=36 | 9 3 - x + 36 = | 9:student 3:student -:student x:student +:student 36:student =:student
EXPR: 0 | POS | INT | 17 | 9 | 42 | 3=(36+(9-x)) | 3 36 9 x - + = | 3:student 36:student 9:student x:student -:student +:student =:student
EXPR: 0 | POS | INT | 17 | 9 | 15 | (3*x)=(36+9) | 3 x * 36 9 + = | 3:group x:student *:student 36:student 9:student +:student =:student
EXPR: 1 | POS | INT | 17 | 9 | 9 | (x*3)=(36-9) | x 3 * 36 9 - = | x:student 3:group *:student 36:student 9:student -:student =:student
EXPR: 0 | POS | INT | 17 | 9 | 42 | (x-(9-3))=36 | x 9 3 - - 36 = | x:student 9:student 3:student -:student -:student 36:student =:student
EXPR: 0 | POS | INT | 17 | 9 | 42 | 9=((3-36)+x) | 9 3 36 - x + = | 9:student 3:student 36:student -:student x:student +:student =:student
EXPR: 0 | POS | INT | 17 | 9 | 24 | (x+(9+3))=36 | x 9 3 + + 36 = | x:student 9:student 3:student +:student +:student 36:student =:student
EXPR: 0 | POS | INT | 17 | 9 | 30 | 9=(3+(36-x)) | 9 3 36 x - + = | 9:student 3:student 36:student x:student -:student +:student =:student
EXPR: 0 | POS | INT | 17 | 9 | 24 | 3=((36-9)-x) | 3 36 9 - x - = | 3:student 36:student 9:student -:student x:student -:student =:student
EXPR: 0 | POS | INT | 17 | 9 | 42 | ((3-36)+x)=9 | 3 36 - x + 9 = | 3:student 36:student -:student x:student +:student 9:student =:student
EXPR: 0 | POS | INT | 17 | 9 | 30 | 9=((3-x)+36) | 9 3 x - 36 + = | 9:student 3:student x:student -:student 36:student +:student =:student
EXPR: 0 | POS | INT | 17 | 9 | 39 | (9/3)=(x-36) | 9 3 / x 36 - = | 9:student 3:group /:student x:student 36:student -:student =:student
EXPR: 0 | POS | INT | 17 | 9 | 63 | (9*3)=(x-36) | 9 3 * x 36 - = | 9:student 3:group *:student x:student 36:student -:student =:student
EXPR: 0 | POS | INT | 17 | 9 | 48 | ((x-3)-36)=9 | x 3 - 36 - 9 = | x:student 3:student -:student 36:student -:student 9:student =:student
EXPR: 0 | POS | INT | 17 | 9 | 48 | 3=(x-(36+9)) | 3 x 36 9 + - = | 3:student x:student 36:student 9:student +:student -:student =:student
EXPR: 0 | POS | INT | 17 | 9 | 81 | (x/3)=(36-9) | x 3 / 36 9 - = | x:student 3:group /:student 36:student 9:student -:student =:student
EXPR: 0 | POS | INT | 17 | 9 | 15 | (x*3)=(36+9) | x 3 * 36 9 + = | x:student 3:group *:student 36:student 9:student +:student =:student
EXPR: 0 | POS | INT | 17 | 9 | 48 | ((x-9)-3)=36 | x 9 - 3 - 36 = | x:student 9:student -:student 3:student -:student 36:student =:student
EXPR: 0 | POS | INT | 17 | 9 | 30 | 9=(3-(x-36)) | 9 3 x 36 - - = | 9:student 3:student x:student 36:student -:student -:student =:student
EXPR: 0 | POS | INT | 17 | 9 | 42 | (3+(x-36))=9 | 3 x 36 - + 9 = | 3:student x:student 36:student -:student +:student 9:student =:student
EXPR: 1 | POS | INT | 17 | 9 | 9 | (9*3)=(36-x) | 9 3 * 36 x - = | 9:student 3:group *:student 36:student x:student -:student =:student
EXPR: 0 | POS | INT | 17 | 9 | 216 | (x/(9-3))=36 | x 9 3 - / 36 = | x:student 9:group 3:group -:group /:student 36:student =:student
EXPR: 0 | POS | INT | 17 | 9 | 6 | (x*(9-3))=36 | x 9 3 - * 36 = | x:student 9:group 3:group -:group *:student 36:student =:student
EXPR: 0 | POS | INT | 17 | 9 | 30 | (3-(x-36))=9 | 3 x 36 - - 9 = | 3:student x:student 36:student -:student -:student 9:student =:student
EXPR: 0 | POS | INT | 17 | 9 | 1 | (9*(x+3))=36 | 9 x 3 + * 36 = | 9:student x:group 3:group +:group *:student 36:student =:student
EXPR: 0 | POS | INT | 17 | 9 | 42 | 9=(x+(3-36)) | 9 x 3 36 - + = | 9:student x:student 3:student 36:student -:student +:student =:student
EXPR: 0 | POS | INT | 17 | 9 | 30 | 3=(x-(36-9)) | 3 x 36 9 - - = | 3:student x:student 36:student 9:student -:student -:student =:student
EXPR: 0 | POS | INT | 17 | 9 | 33 | (9/3)=(36-x) | 9 3 / 36 x - = | 9:student 3:group /:student 36:student x:student -:student =:student
EXPR: 0 | POS | INT | 17 | 9 | 1 | (9*(3+x))=36 | 9 3 x + * 36 = | 9:student 3:group x:group +:group *:student 36:student =:student
EXPR: 0 | POS | INT | 17 | 9 | 30 | x=(3-(9-36)) | x 3 9 36 - - = | x:student 3:student 9:student 36:student -:student -:student =:student
EXPR: 0 | POS | INT | 19 | 9 | 39 | 3=(9/(x-36)) | 3 9 x 36 - / = | 3:group 9:group x:student 36:student -:student /:group =:group
EXPR: 0 | POS | INT | 19 | 9 | 33 | 3=(9/(36-x)) | 3 9 36 x - / = | 3:group 9:group 36:student x:student -:student /:group =:group
EXPR: 0 | POS | INT | 19 | 9 | 42 | (3+(x-9))=36 | 3 x 9 - + 36 = | 3:student x:student 9:student -:student +:student 36:student =:student
EXPR: 0 | POS | INT | 19 | 9 | 42 | ((3-9)+x)=36 | 3 9 - x + 36 = | 3:student 9:student -:student x:student +:student 36:student =:student
EXPR: 0 | POS | INT | 19 | 9 | 42 | ((x+3)-9)=36 | x 3 + 9 - 36 = | x:student 3:student +:student 9:student -:student 36:student =:student
EXPR: 0 | POS | INT | 19 | 9 | 42 | ((3+x)-9)=36 | 3 x + 9 - 36 = | 3:student x:student +:student 9:student -:student 36:student =:student
EXPR: 0 | POS | INT | 19 | 9 | 24 | ((x+3)+9)=36 | x 3 + 9 + 36 = | x:student 3:student +:student 9:student +:student 36:student =:student
EXPR: 0 | POS | INT | 19 | 9 | 30 | 3=(9+(x-36)) | 3 9 x 36 - + = | 3:student 9:student x:student 36:student -:student +:student =:student
EXPR: 0 | POS | INT | 19 | 9 | 42 | 3=(9-(x-36)) | 3 9 x 36 - - = | 3:student 9:student x:student 36:student -:student -:student =:student
EXPR: 0 | POS | INT | 19 | 9 | 7 | ((x-3)*9)=36 | x 3 - 9 * 36 = | x:group 3:group -:group 9:student *:student 36:student =:student
EXPR: 0 | POS | INT | 19 | 9 | 1 | ((x+3)*9)=36 | x 3 + 9 * 36 = | x:group 3:group +:group 9:student *:student 36:student =:student
EXPR: 0 | POS | INT | 19 | 9 | 30 | 3=(9-(36-x)) | 3 9 36 x - - = | 3:student 9:student 36:student x:student -:student -:student =:student
EXPR: 0 | POS | INT | 19 | 9 | 42 | 3=(9+(36-x)) | 3 9 36 x - + = | 3:student 9:student 36:student x:student -:student +:student =:student
EXPR: 0 | POS | INT | 19 | 9 | 42 | 3=((9-x)+36) | 3 9 x - 36 + = | 3:student 9:student x:student -:student 36:student +:student =:student
EXPR: 0 | POS | INT | 19 | 9 | 42 | (x+(3-9))=36 | x 3 9 - + 36 = | x:student 3:student 9:student -:student +:student 36:student =:student
EXPR: 0 | POS | INT | 19 | 9 | 24 | (3+(x+9))=36 | 3 x 9 + + 36 = | 3:student x:student 9:student +:student +:student 36:student =:student
EXPR: 0 | POS | INT | 19 | 9 | 30 | (x-(3-9))=36 | x 3 9 - - 36 = | x:student 3:student 9:student -:student -:student 36:student =:student
EXPR: 0 | POS | INT | 19 | 9 | 30 | ((x-3)+9)=36 | x 3 - 9 + 36 = | x:student 3:student -:student 9:student +:student 36:student =:student
EXPR: 0 | POS | INT | 19 | 9 | 30 | 3=(x+(9-36)) | 3 x 9 36 - + = | 3:student x:student 9:student 36:student -:student +:student =:student
EXPR: 0 | POS | INT | 19 | 9 | 24 | ((3+x)+9)=36 | 3 x + 9 + 36 = | 3:student x:student +:student 9:student +:student 36:student =:student
EXPR: 0 | POS | INT | 19 | 9 | 48 | 3=((x-9)-36) | 3 x 9 - 36 - = | 3:student x:student 9:student -:student 36:student -:student =:student
EXPR: 0 | POS | INT | 19 | 9 | 30 | 3=((x+9)-36) | 3 x 9 + 36 - = | 3:student x:student 9:student +:student 36:student -:student =:student
EXPR: 0 | POS | INT | 19 | 9 | 24 | (3+(9+x))=36 | 3 9 x + + 36 = | 3:student 9:student x:student +:student +:student 36:student =:student
EXPR: 0 | POS | INT | 19 | 9 | 1 | ((3+x)*9)=36 | 3 x + 9 * 36 = | 3:group x:group +:group 9:student *:student 36:student =:student
EXPR: 0 | POS | INT | 19 | 9 | 30 | 3=((9+x)-36) | 3 9 x + 36 - = | 3:student 9:student x:student +:student 36:student -:student =:student
EXPR: 0 | POS | INT | 19 | 9 | 30 | 3=((9-36)+x) | 3 9 36 - x + = | 3:student 9:student 36:student -:student x:student +:student =:student
EXPR: 0 | POS | INT | 19 | 9 | 48 | ((x-3)-9)=36 | x 3 - 9 - 36 = | x:student 3:student -:student 9:student -:student 36:student =:student
EXPR: 0 | POS | INT | 19 | 9 | 42 | (3-(9-x))=36 | 3 9 x - - 36 = | 3:student 9:student x:student -:student -:student 36:student =:student
EXPR: 0 | POS | INT | 20 | 9 | 1 | x=((36/9)-3) | x 36 9 / 3 - = | x:group 36:group 9:student /:group 3:group -:group =:group
EXPR: 0 | POS | INT | 20 | 9 | 321 | x=((36*9)-3) | x 36 9 * 3 - = | x:group 36:student 9:group *:group 3:group -:group =:group
NET 410 unique, non-negative, integer-valued solutions found out of 1000 total solutions
