parameters: n=7 l=3 k=1 p=5 q=3 m=9
TOTAL 1000 solutions found
SOLN: CORRECT | POS/NEG | INT/FRA | OBJ-SCORE | TRUE-ANS | ANS | INFIX | POSTFIX | TYPED-POSTFIX
EXPR: 0 | POS | INT | 10 | 9 | 2 | (64/(28+4))=x | 64 28 4 + / x = | 64:puppy 28:rest 4:rest +:rest /:puppy x:puppy =:puppy
EXPR: 0 | POS | INT | 10 | 9 | 1788 | x=((64*28)-4) | x 64 28 * 4 - = | x:rest 64:puppy 28:rest *:rest 4:rest -:rest =:rest
EXPR: 0 | POS | INT | 10 | 9 | 1536 | x=(64*(28-4)) | x 64 28 4 - * = | x:cage 64:cage 28:rest 4:rest -:rest *:cage =:cage
EXPR: 0 | POS | INT | 10 | 9 | 2048 | x=(64*(28+4)) | x 64 28 4 + * = | x:cage 64:cage 28:rest 4:rest +:rest *:cage =:cage
EXPR: 0 | POS | INT | 10 | 9 | 1796 | x=((64*28)+4) | x 64 28 * 4 + = | x:rest 64:puppy 28:rest *:rest 4:rest +:rest =:rest
EXPR: 0 | POS | INT | 10 | 9 | 2048 | (64*(28+4))=x | 64 28 4 + * x = | 64:cage 28:rest 4:rest +:rest *:cage x:cage =:cage
EXPR: 0 | POS | INT | 10 | 9 | 1536 | (64*(28-4))=x | 64 28 4 - * x = | 64:cage 28:rest 4:rest -:rest *:cage x:cage =:cage
EXPR: 0 | POS | INT | 10 | 9 | 2 | x=(64/(28+4)) | x 64 28 4 + / = | x:puppy 64:puppy 28:rest 4:rest +:rest /:puppy =:puppy
EXPR: 0 | POS | INT | 10 | 9 | 1788 | ((64*28)-4)=x | 64 28 * 4 - x = | 64:puppy 28:rest *:rest 4:rest -:rest x:rest =:rest
EXPR: 0 | POS | INT | 10 | 9 | 1796 | ((64*28)+4)=x | 64 28 * 4 + x = | 64:puppy 28:rest *:rest 4:rest +:rest x:rest =:rest
EXPR: 0 | POS | INT | 12 | 9 | 2 | ((64/x)-28)=4 | 64 x / 28 - 4 = | 64:rest x:cage /:rest 28:rest -:rest 4:rest =:rest
EXPR: 0 | POS | INT | 12 | 9 | 284 | x=(28+(64*4)) | x 28 64 4 * + = | x:rest 28:rest 64:puppy 4:rest *:rest +:rest =:rest
EXPR: 0 | POS | INT | 12 | 9 | 1788 | ((64*28)-x)=4 | 64 28 * x - 4 = | 64:puppy 28:rest *:rest x:rest -:rest 4:rest =:rest
EXPR: 0 | POS | INT | 12 | 9 | 228 | ((64*4)-28)=x | 64 4 * 28 - x = | 64:puppy 4:rest *:rest 28:rest -:rest x:rest =:rest
EXPR: 0 | POS | INT | 12 | 9 | 284 | ((64*4)+28)=x | 64 4 * 28 + x = | 64:puppy 4:rest *:rest 28:rest +:rest x:rest =:rest
EXPR: 0 | POS | INT | 12 | 9 | 23 | ((64+28)/x)=4 | 64 28 + x / 4 = | 64:rest 28:rest +:rest x:cage /:rest 4:rest =:rest
EXPR: 0 | POS | INT | 12 | 9 | 284 | x=((64*4)+28) | x 64 4 * 28 + = | x:rest 64:puppy 4:rest *:rest 28:rest +:rest =:rest
EXPR: 0 | POS | INT | 12 | 9 | 228 | x=((64*4)-28) | x 64 4 * 28 - = | x:rest 64:puppy 4:rest *:rest 28:rest -:rest =:rest
EXPR: 0 | POS | INT | 12 | 9 | 2 | 64=((28+4)*x) | 64 28 4 + x * = | 64:puppy 28:rest 4:rest +:rest x:puppy *:puppy =:puppy
EXPR: 0 | POS | INT | 12 | 9 | 284 | (28+(64*4))=x | 28 64 4 * + x = | 28:rest 64:puppy 4:rest *:rest +:rest x:rest =:rest
EXPR: 0 | POS | INT | 12 | 9 | 448 | (64*28)=(x*4) | 64 28 * x 4 * = | 64:puppy 28:rest *:rest x:cage 4:rest *:rest =:rest
EXPR: 0 | POS | INT | 14 | 9 | 1536 | ((x/64)+4)=28 | x 64 / 4 + 28 = | x:rest 64:puppy /:rest 4:rest +:rest 28:rest =:rest
EXPR: 0 | POS | INT | 14 | 9 | 228 | ((64*4)-x)=28 | 64 4 * x - 28 = | 64:puppy 4:rest *:rest x:rest -:rest 28:rest =:rest
EXPR: 0 | POS | INT | 14 | 9 | 284 | (x-(64*4))=28 | x 64 4 * - 28 = | x:rest 64:puppy 4:rest *:rest -:rest 28:rest =:rest
EXPR: 1 | POS | INT | 14 | 9 | 9 | (64-(x*4))=28 | 64 x 4 * - 28 = | 64:rest x:cage 4:rest *:rest -:rest 28:rest =:rest
EXPR: 0 | POS | INT | 14 | 9 | 71 | ((x-64)*4)=28 | x 64 - 4 * 28 = | x:cage 64:cage -:cage 4:rest *:rest 28:rest =:rest
EXPR: 0 | POS | INT | 14 | 9 | 71 | 28=((x-64)*4) | 28 x 64 - 4 * = | 28:rest x:cage 64:cage -:cage 4:rest *:rest =:rest
EXPR: 1 | POS | INT | 14 | 9 | 9 | 28=(64-(x*4)) | 28 64 x 4 * - = | 28:rest 64:rest x:cage 4:rest *:rest -:rest =:rest
EXPR: 0 | POS | INT | 15 | 9 | 1536 | x=((28-4)*64) | x 28 4 - 64 * = | x:cage 28:rest 4:rest -:rest 64:cage *:cage =:cage
EXPR: 0 | POS | INT | 15 | 9 | 2048 | x=((28+4)*64) | x 28 4 + 64 * = | x:cage 28:rest 4:rest +:rest 64:cage *:cage =:cage
EXPR: 0 | POS | INT | 15 | 9 | 1536 | ((28-4)*64)=x | 28 4 - 64 * x = | 28:rest 4:rest -:rest 64:puppy *:puppy x:puppy =:puppy
EXPR: 0 | POS | INT | 15 | 9 | 1796 | (4+(64*28))=x | 4 64 28 * + x = | 4:rest 64:puppy 28:rest *:rest +:rest x:rest =:rest
EXPR: 0 | POS | INT | 17 | 9 | 23 | ((x*4)-64)=28 | x 4 * 64 - 28 = | x:cage 4:rest *:rest 64:rest -:rest 28:rest =:rest
EXPR: 1 | POS | INT | 17 | 9 | 9 | (28+(4*x))=64 | 28 4 x * + 64 = | 28:rest 4:rest x:cage *:rest +:rest 64:rest =:rest
EXPR: 0 | POS | INT | 17 | 9 | 2 | ((28+4)*x)=64 | 28 4 + x * 64 = | 28:rest 4:rest +:rest x:cage *:rest 64:rest =:rest
EXPR: 0 | POS | INT | 17 | 9 | 23 | 28=((4*x)-64) | 28 4 x * 64 - = | 28:rest 4:rest x:cage *:rest 64:rest -:rest =:rest
EXPR: 0 | POS | INT | 17 | 9 | 71 | 28=(4*(x-64)) | 28 4 x 64 - * = | 28:rest 4:rest x:puppy 64:puppy -:puppy *:rest =:rest
EXPR: 0 | POS | INT | 17 | 9 | 1536 | (x/(28-4))=64 | x 28 4 - / 64 = | x:puppy 28:rest 4:rest -:rest /:puppy 64:puppy =:puppy
EXPR: 0 | POS | INT | 17 | 9 | 2048 | (x/(28+4))=64 | x 28 4 + / 64 = | x:puppy 28:rest 4:rest +:rest /:puppy 64:puppy =:puppy
EXPR: 0 | POS | INT | 17 | 9 | 57 | 28=(4*(64-x)) | 28 4 64 x - * = | 28:rest 4:rest 64:cage x:cage -:cage *:rest =:rest
EXPR: 0 | POS | INT | 17 | 9 | 2 | (x*(28+4))=64 | x 28 4 + * 64 = | x:puppy 28:rest 4:rest +:rest *:puppy 64:puppy =:puppy
EXPR: 0 | POS | INT | 17 | 9 | 448 | (x*4)=(64*28) | x 4 * 64 28 * = | x:cage 4:rest *:rest 64:puppy 28:rest *:rest =:rest
EXPR: 0 | POS | INT | 17 | 9 | 448 | (4*x)=(64*28) | 4 x * 64 28 * = | 4:rest x:cage *:rest 64:puppy 28:rest *:rest =:rest
EXPR: 1 | POS | INT | 19 | 9 | 9 | ((x*4)+28)=64 | x 4 * 28 + 64 = | x:cage 4:rest *:rest 28:rest +:rest 64:rest =:rest
EXPR: 0 | POS | INT | 19 | 9 | 23 | ((x*4)-28)=64 | x 4 * 28 - 64 = | x:cage 4:rest *:rest 28:rest -:rest 64:rest =:rest
EXPR: 0 | POS | INT | 19 | 9 | 71 | 4=(28/(x-64)) | 4 28 x 64 - / = | 4:rest 28:rest x:puppy 64:puppy -:puppy /:rest =:rest
EXPR: 0 | POS | INT | 19 | 9 | 23 | ((4*x)-28)=64 | 4 x * 28 - 64 = | 4:rest x:cage *:rest 28:rest -:rest 64:rest =:rest
EXPR: 0 | POS | INT | 19 | 9 | 57 | 4=(28/(64-x)) | 4 28 64 x - / = | 4:rest 28:rest 64:cage x:cage -:cage /:rest =:rest
EXPR: 1 | POS | INT | 19 | 9 | 9 | ((4*x)+28)=64 | 4 x * 28 + 64 = | 4:rest x:cage *:rest 28:rest +:rest 64:rest =:rest
EXPR: 0 | POS | INT | 20 | 9 | 176 | (64+(28*4))=x | 64 28 4 * + x = | 64:puppy 28:puppy 4:rest *:puppy +:puppy x:puppy =:puppy
EXPR: 0 | POS | INT | 20 | 9 | 368 | ((64+28)*4)=x | 64 28 + 4 * x = | 64:puppy 28:puppy +:puppy 4:cage *:cage x:cage =:cage
EXPR: 1 | POS | INT | 20 | 9 | 9 | x=((64-28)/4) | x 64 28 - 4 / = | x:puppy 64:puppy 28:puppy -:puppy 4:rest /:puppy =:puppy
EXPR: 0 | POS | INT | 20 | 9 | 23 | x=((64+28)/4) | x 64 28 + 4 / = | x:puppy 64:puppy 28:puppy +:puppy 4:rest /:puppy =:puppy
EXPR: 0 | POS | INT | 20 | 9 | 176 | x=(64+(28*4)) | x 64 28 4 * + = | x:cage 64:cage 28:rest 4:cage *:cage +:cage =:cage
EXPR: 0 | POS | INT | 20 | 9 | 144 | x=((64-28)*4) | x 64 28 - 4 * = | x:cage 64:rest 28:rest -:rest 4:cage *:cage =:cage
EXPR: 0 | POS | INT | 20 | 9 | 32 | x=((64-28)-4) | x 64 28 - 4 - = | x:rest 64:rest 28:rest -:rest 4:rest -:rest =:rest
EXPR: 0 | POS | INT | 20 | 9 | 40 | x=((64-28)+4) | x 64 28 - 4 + = | x:rest 64:rest 28:rest -:rest 4:rest +:rest =:rest
EXPR: 0 | POS | INT | 20 | 9 | 71 | x=(64+(28/4)) | x 64 28 4 / + = | x:puppy 64:puppy 28:puppy 4:rest /:puppy +:puppy =:puppy
EXPR: 0 | POS | INT | 20 | 9 | 88 | x=(64+(28-4)) | x 64 28 4 - + = | x:rest 64:rest 28:rest 4:rest -:rest +:rest =:rest
EXPR: 0 | POS | INT | 20 | 9 | 96 | x=(64+(28+4)) | x 64 28 4 + + = | x:rest 64:rest 28:rest 4:rest +:rest +:rest =:rest
EXPR: 0 | POS | INT | 20 | 9 | 32 | x=(64-(28+4)) | x 64 28 4 + - = | x:rest 64:rest 28:rest 4:rest +:rest -:rest =:rest
EXPR: 0 | POS | INT | 20 | 9 | 368 | x=((64+28)*4) | x 64 28 + 4 * = | x:cage 64:cage 28:cage +:cage 4:rest *:cage =:cage
EXPR: 0 | POS | INT | 20 | 9 | 96 | x=((64+28)+4) | x 64 28 + 4 + = | x:rest 64:rest 28:rest +:rest 4:rest +:rest =:rest
EXPR: 0 | POS | INT | 20 | 9 | 40 | x=(64-(28-4)) | x 64 28 4 - - = | x:rest 64:rest 28:rest 4:rest -:rest -:rest =:rest
EXPR: 0 | POS | INT | 20 | 9 | 144 | ((64-28)*4)=x | 64 28 - 4 * x = | 64:rest 28:rest -:rest 4:cage *:cage x:cage =:cage
EXPR: 0 | POS | INT | 20 | 9 | 71 | (64+(28/4))=x | 64 28 4 / + x = | 64:puppy 28:puppy 4:rest /:puppy +:puppy x:puppy =:puppy
EXPR: 0 | POS | INT | 20 | 9 | 88 | x=((64+28)-4) | x 64 28 + 4 - = | x:rest 64:rest 28:rest +:rest 4:rest -:rest =:rest
EXPR: 0 | POS | INT | 20 | 9 | 23 | ((64+28)/4)=x | 64 28 + 4 / x = | 64:cage 28:cage +:cage 4:rest /:cage x:cage =:cage
EXPR: 0 | POS | INT | 22 | 9 | 44 | 64=((x-28)*4) | 64 x 28 - 4 * = | 64:puppy x:cage 28:cage -:cage 4:puppy *:puppy =:puppy
EXPR: 0 | POS | INT | 22 | 9 | 1680 | ((64-4)*28)=x | 64 4 - 28 * x = | 64:puppy 4:puppy -:puppy 28:cage *:cage x:cage =:cage
EXPR: 0 | POS | INT | 22 | 9 | 1680 | x=(28*(64-4)) | x 28 64 4 - * = | x:puppy 28:rest 64:puppy 4:puppy -:puppy *:puppy =:puppy
EXPR: 0 | POS | INT | 22 | 9 | 1904 | x=(28*(64+4)) | x 28 64 4 + * = | x:puppy 28:rest 64:puppy 4:puppy +:puppy *:puppy =:puppy
EXPR: 0 | POS | INT | 22 | 9 | 1796 | (x-(64*28))=4 | x 64 28 * - 4 = | x:cage 64:puppy 28:cage *:cage -:cage 4:cage =:cage
EXPR: 0 | POS | INT | 22 | 9 | 1904 | x=((64+4)*28) | x 64 4 + 28 * = | x:cage 64:cage 4:cage +:cage 28:rest *:cage =:cage
EXPR: 0 | POS | INT | 22 | 9 | 32 | ((64-28)-x)=4 | 64 28 - x - 4 = | 64:rest 28:rest -:rest x:rest -:rest 4:rest =:rest
EXPR: 0 | POS | INT | 22 | 9 | 44 | (64/(x-28))=4 | 64 x 28 - / 4 = | 64:puppy x:rest 28:rest -:rest /:puppy 4:puppy =:puppy
EXPR: 0 | POS | INT | 22 | 9 | 2048 | ((x/64)-28)=4 | x 64 / 28 - 4 = | x:cage 64:puppy /:cage 28:cage -:cage 4:cage =:cage
EXPR: 0 | POS | INT | 22 | 9 | 96 | (x-(64+28))=4 | x 64 28 + - 4 = | x:rest 64:rest 28:rest +:rest -:rest 4:rest =:rest
EXPR: 1 | POS | INT | 22 | 9 | 9 | 64=(28+(x*4)) | 64 28 x 4 * + = | 64:rest 28:rest x:puppy 4:rest *:rest +:rest =:rest
EXPR: 0 | POS | INT | 22 | 9 | 40 | x=(64+(4-28)) | x 64 4 28 - + = | x:rest 64:rest 4:rest 28:rest -:rest +:rest =:rest
EXPR: 0 | POS | INT | 22 | 9 | 40 | ((64+4)-28)=x | 64 4 + 28 - x = | 64:rest 4:rest +:rest 28:rest -:rest x:rest =:rest
EXPR: 0 | POS | INT | 22 | 9 | 88 | x=(64-(4-28)) | x 64 4 28 - - = | x:rest 64:rest 4:rest 28:rest -:rest -:rest =:rest
EXPR: 0 | POS | INT | 22 | 9 | 88 | x=((64-4)+28) | x 64 4 - 28 + = | x:rest 64:rest 4:rest -:rest 28:rest +:rest =:rest
EXPR: 1 | POS | INT | 22 | 9 | 9 | 64=(28+(4*x)) | 64 28 4 x * + = | 64:puppy 28:puppy 4:puppy x:cage *:puppy +:puppy =:puppy
EXPR: 0 | POS | INT | 22 | 9 | 88 | ((64+28)-x)=4 | 64 28 + x - 4 = | 64:rest 28:rest +:rest x:rest -:rest 4:rest =:rest
EXPR: 0 | POS | INT | 22 | 9 | 1904 | ((64+4)*28)=x | 64 4 + 28 * x = | 64:puppy 4:puppy +:puppy 28:cage *:cage x:cage =:cage
EXPR: 0 | POS | INT | 22 | 9 | 40 | x=((64+4)-28) | x 64 4 + 28 - = | x:rest 64:rest 4:rest +:rest 28:rest -:rest =:rest
EXPR: 0 | POS | INT | 22 | 9 | 448 | (64*28)=(4*x) | 64 28 * 4 x * = | 64:cage 28:rest *:cage 4:rest x:cage *:cage =:cage
EXPR: 0 | POS | INT | 22 | 9 | 32 | ((64-4)-28)=x | 64 4 - 28 - x = | 64:rest 4:rest -:rest 28:rest -:rest x:rest =:rest
EXPR: 0 | POS | INT | 22 | 9 | 12 | 64=((28-x)*4) | 64 28 x - 4 * = | 64:rest 28:cage x:cage -:cage 4:rest *:rest =:rest
EXPR: 0 | POS | INT | 22 | 9 | 88 | (28+(64-4))=x | 28 64 4 - + x = | 28:rest 64:rest 4:rest -:rest +:rest x:rest =:rest
EXPR: 0 | POS | INT | 22 | 9 | 96 | (28+(64+4))=x | 28 64 4 + + x = | 28:rest 64:rest 4:rest +:rest +:rest x:rest =:rest
EXPR: 0 | POS | INT | 22 | 9 | 96 | x=((64+4)+28) | x 64 4 + 28 + = | x:rest 64:rest 4:rest +:rest 28:rest +:rest =:rest
EXPR: 0 | POS | INT | 22 | 9 | 32 | x=((64-4)-28) | x 64 4 - 28 - = | x:rest 64:rest 4:rest -:rest 28:rest -:rest =:rest
EXPR: 0 | POS | INT | 22 | 9 | 23 | (64+28)=(x*4) | 64 28 + x 4 * = | 64:rest 28:rest +:rest x:cage 4:rest *:rest =:rest
EXPR: 1 | POS | INT | 22 | 9 | 9 | (64-28)=(x*4) | 64 28 - x 4 * = | 64:rest 28:rest -:rest x:cage 4:rest *:rest =:rest
EXPR: 0 | POS | INT | 22 | 9 | 44 | x=(28+(64/4)) | x 28 64 4 / + = | x:puppy 28:puppy 64:puppy 4:rest /:puppy +:puppy =:puppy
EXPR: 0 | POS | INT | 22 | 9 | 12 | (64/(28-x))=4 | 64 28 x - / 4 = | 64:rest 28:cage x:cage -:cage /:rest 4:rest =:rest
EXPR: 0 | POS | INT | 22 | 9 | 57 | 64=(x+(28/4)) | 64 x 28 4 / + = | 64:cage x:cage 28:cage 4:rest /:cage +:cage =:cage
EXPR: 0 | POS | INT | 22 | 9 | 44 | x=((64/4)+28) | x 64 4 / 28 + = | x:cage 64:cage 4:rest /:cage 28:cage +:cage =:cage
EXPR: 0 | POS | INT | 22 | 9 | 144 | (x/(64-28))=4 | x 64 28 - / 4 = | x:cage 64:rest 28:rest -:rest /:cage 4:cage =:cage
EXPR: 0 | POS | INT | 22 | 9 | 2 | 64=(x*(28+4)) | 64 x 28 4 + * = | 64:rest x:puppy 28:rest 4:rest +:rest *:rest =:rest
EXPR: 0 | POS | INT | 22 | 9 | 7168 | (x/64)=(28*4) | x 64 / 28 4 * = | x:cage 64:puppy /:cage 28:rest 4:cage *:cage =:cage
EXPR: 0 | POS | INT | 22 | 9 | 48 | 64=((28*4)-x) | 64 28 4 * x - = | 64:cage 28:rest 4:cage *:cage x:cage -:cage =:cage
EXPR: 0 | POS | INT | 22 | 9 | 1904 | (28*(64+4))=x | 28 64 4 + * x = | 28:rest 64:cage 4:cage +:cage *:cage x:cage =:cage
EXPR: 0 | POS | INT | 22 | 9 | 96 | ((64+4)+28)=x | 64 4 + 28 + x = | 64:rest 4:rest +:rest 28:rest +:rest x:rest =:rest
EXPR: 0 | POS | INT | 22 | 9 | 1680 | x=((64-4)*28) | x 64 4 - 28 * = | x:cage 64:rest 4:rest -:rest 28:cage *:cage =:cage
EXPR: 0 | POS | INT | 22 | 9 | 1680 | (28*(64-4))=x | 28 64 4 - * x = | 28:cage 64:puppy 4:puppy -:puppy *:cage x:cage =:cage
EXPR: 0 | POS | INT | 22 | 9 | 71 | 64=(x-(28/4)) | 64 x 28 4 / - = | 64:cage x:cage 28:cage 4:rest /:cage -:cage =:cage
EXPR: 0 | POS | INT | 22 | 9 | 176 | 64=(x-(28*4)) | 64 x 28 4 * - = | 64:cage x:cage 28:cage 4:rest *:cage -:cage =:cage
EXPR: 0 | POS | INT | 24 | 9 | 12 | 64=(4*(28-x)) | 64 4 28 x - * = | 64:cage 4:rest 28:cage x:cage -:cage *:cage =:cage
EXPR: 0 | POS | INT | 24 | 9 | 32 | 28=(64-(4+x)) | 28 64 4 x + - = | 28:rest 64:rest 4:rest x:rest +:rest -:rest =:rest
EXPR: 0 | POS | INT | 24 | 9 | 1904 | ((x/28)-64)=4 | x 28 / 64 - 4 = | x:cage 28:rest /:cage 64:cage -:cage 4:cage =:cage
EXPR: 0 | POS | INT | 24 | 9 | 32 | ((64-4)-x)=28 | 64 4 - x - 28 = | 64:rest 4:rest -:rest x:rest -:rest 28:rest =:rest
EXPR: 0 | POS | INT | 24 | 9 | 44 | (x-(64/4))=28 | x 64 4 / - 28 = | x:puppy 64:puppy 4:rest /:puppy -:puppy 28:puppy =:puppy
EXPR: 0 | POS | INT | 24 | 9 | 12 | (x+(64/4))=28 | x 64 4 / + 28 = | x:puppy 64:puppy 4:rest /:puppy +:puppy 28:puppy =:puppy
EXPR: 0 | POS | INT | 24 | 9 | 44 | 64=(4*(x-28)) | 64 4 x 28 - * = | 64:cage 4:rest x:cage 28:cage -:cage *:cage =:cage
EXPR: 0 | POS | INT | 24 | 9 | 12 | ((64/4)+x)=28 | 64 4 / x + 28 = | 64:puppy 4:rest /:puppy x:puppy +:puppy 28:puppy =:puppy
EXPR: 0 | POS | INT | 24 | 9 | 2048 | 28=((x/64)-4) | 28 x 64 / 4 - = | 28:rest x:rest 64:cage /:rest 4:rest -:rest =:rest
EXPR: 0 | POS | INT | 24 | 9 | 1536 | 28=((x/64)+4) | 28 x 64 / 4 + = | 28:rest x:rest 64:cage /:rest 4:rest +:rest =:rest
EXPR: 0 | POS | INT | 24 | 9 | 228 | ((x+28)/64)=4 | x 28 + 64 / 4 = | x:rest 28:rest +:rest 64:cage /:rest 4:rest =:rest
EXPR: 0 | POS | INT | 24 | 9 | 40 | (x+(28-64))=4 | x 28 64 - + 4 = | x:rest 28:rest 64:rest -:rest +:rest 4:rest =:rest
EXPR: 0 | POS | INT | 24 | 9 | 40 | ((64+4)-x)=28 | 64 4 + x - 28 = | 64:rest 4:rest +:rest x:rest -:rest 28:rest =:rest
EXPR: 0 | POS | INT | 24 | 9 | 40 | 28=(64+(4-x)) | 28 64 4 x - + = | 28:rest 64:rest 4:rest x:rest -:rest +:rest =:rest
EXPR: 0 | POS | INT | 24 | 9 | 2048 | ((x/64)-4)=28 | x 64 / 4 - 28 = | x:cage 64:puppy /:cage 4:cage -:cage 28:cage =:cage
EXPR: 0 | POS | INT | 24 | 9 | 88 | (28+(64-x))=4 | 28 64 x - + 4 = | 28:rest 64:rest x:rest -:rest +:rest 4:rest =:rest
EXPR: 0 | POS | INT | 24 | 9 | 1680 | (x/(64-4))=28 | x 64 4 - / 28 = | x:rest 64:puppy 4:puppy -:puppy /:rest 28:rest =:rest
EXPR: 0 | POS | INT | 24 | 9 | 228 | (28+x)=(64*4) | 28 x + 64 4 * = | 28:rest x:rest +:rest 64:puppy 4:rest *:rest =:rest
EXPR: 0 | POS | INT | 24 | 9 | 176 | ((x-64)/4)=28 | x 64 - 4 / 28 = | x:cage 64:cage -:cage 4:rest /:cage 28:cage =:cage
EXPR: 0 | POS | INT | 24 | 9 | 23 | 64=((x*4)-28) | 64 x 4 * 28 - = | 64:puppy x:cage 4:puppy *:puppy 28:puppy -:puppy =:puppy
EXPR: 0 | POS | INT | 24 | 9 | 228 | 28=((64*4)-x) | 28 64 4 * x - = | 28:cage 64:puppy 4:cage *:cage x:cage -:cage =:cage
EXPR: 0 | POS | INT | 24 | 9 | 1536 | (28-(x/64))=4 | 28 x 64 / - 4 = | 28:cage x:cage 64:puppy /:cage -:cage 4:cage =:cage
EXPR: 0 | POS | INT | 24 | 9 | 7168 | (x/28)=(64*4) | x 28 / 64 4 * = | x:cage 28:rest /:cage 64:puppy 4:cage *:cage =:cage
EXPR: 1 | POS | INT | 24 | 9 | 9 | 28=(64-(4*x)) | 28 64 4 x * - = | 28:cage 64:cage 4:rest x:cage *:cage -:cage =:cage
EXPR: 0 | POS | INT | 24 | 9 | 88 | ((28-x)+64)=4 | 28 x - 64 + 4 = | 28:rest x:rest -:rest 64:rest +:rest 4:rest =:rest
EXPR: 0 | POS | INT | 24 | 9 | 228 | ((28+x)/64)=4 | 28 x + 64 / 4 = | 28:rest x:rest +:rest 64:cage /:rest 4:rest =:rest
EXPR: 0 | POS | INT | 24 | 9 | 1904 | (x/(64+4))=28 | x 64 4 + / 28 = | x:cage 64:puppy 4:puppy +:puppy /:cage 28:cage =:cage
EXPR: 0 | POS | INT | 25 | 9 | 176 | ((28*4)+64)=x | 28 4 * 64 + x = | 28:rest 4:puppy *:puppy 64:puppy +:puppy x:puppy =:puppy
EXPR: 0 | POS | INT | 25 | 9 | 176 | x=((28*4)+64) | x 28 4 * 64 + = | x:cage 28:cage 4:rest *:cage 64:cage +:cage =:cage
EXPR: 0 | POS | INT | 25 | 9 | 48 | x=((28*4)-64) | x 28 4 * 64 - = | x:cage 28:cage 4:rest *:cage 64:cage -:cage =:cage
EXPR: 0 | POS | INT | 25 | 9 | 1796 | x=(4+(64*28)) | x 4 64 28 * + = | x:rest 4:rest 64:cage 28:rest *:rest +:rest =:rest
EXPR: 0 | POS | INT | 25 | 9 | 48 | ((28*4)-64)=x | 28 4 * 64 - x = | 28:rest 4:cage *:cage 64:cage -:cage x:cage =:cage
EXPR: 0 | POS | INT | 25 | 9 | 40 | (4+(64-28))=x | 4 64 28 - + x = | 4:rest 64:rest 28:rest -:rest +:rest x:rest =:rest
EXPR: 0 | POS | INT | 25 | 9 | 96 | (4+(64+28))=x | 4 64 28 + + x = | 4:rest 64:rest 28:rest +:rest +:rest x:rest =:rest
EXPR: 0 | POS | INT | 25 | 9 | 368 | (4*(64+28))=x | 4 64 28 + * x = | 4:cage 64:puppy 28:puppy +:puppy *:cage x:cage =:cage
EXPR: 0 | POS | INT | 25 | 9 | 144 | (4*(64-28))=x | 4 64 28 - * x = | 4:rest 64:cage 28:cage -:cage *:cage x:cage =:cage
EXPR: 0 | POS | INT | 27 | 9 | 40 | ((4-x)+64)=28 | 4 x - 64 + 28 = | 4:rest x:rest -:rest 64:rest +:rest 28:rest =:rest
EXPR: 0 | POS | INT | 27 | 9 | 88 | ((x+4)-64)=28 | x 4 + 64 - 28 = | x:rest 4:rest +:rest 64:rest -:rest 28:rest =:rest
EXPR: 0 | POS | INT | 27 | 9 | 88 | ((4+x)-64)=28 | 4 x + 64 - 28 = | 4:rest x:rest +:rest 64:rest -:rest 28:rest =:rest
EXPR: 0 | POS | INT | 27 | 9 | 88 | 28=(x+(4-64)) | 28 x 4 64 - + = | 28:rest x:rest 4:rest 64:rest -:rest +:rest =:rest
EXPR: 0 | POS | INT | 27 | 9 | 176 | (x-(28*4))=64 | x 28 4 * - 64 = | x:cage 28:rest 4:cage *:cage -:cage 64:cage =:cage
EXPR: 0 | POS | INT | 27 | 9 | 44 | 4=(64/(x-28)) | 4 64 x 28 - / = | 4:rest 64:rest x:cage 28:cage -:cage /:rest =:rest
EXPR: 0 | POS | INT | 27 | 9 | 1788 | ((x+4)/64)=28 | x 4 + 64 / 28 = | x:rest 4:rest +:rest 64:cage /:rest 28:rest =:rest
EXPR: 0 | POS | INT | 27 | 9 | 1680 | ((x/28)+4)=64 | x 28 / 4 + 64 = | x:puppy 28:rest /:puppy 4:puppy +:puppy 64:puppy =:puppy
EXPR: 0 | POS | INT | 27 | 9 | 1536 | (28-4)=(x/64) | 28 4 - x 64 / = | 28:rest 4:rest -:rest x:rest 64:puppy /:rest =:rest
EXPR: 0 | POS | INT | 27 | 9 | 2048 | (28+4)=(x/64) | 28 4 + x 64 / = | 28:rest 4:rest +:rest x:rest 64:puppy /:rest =:rest
EXPR: 0 | POS | INT | 27 | 9 | 48 | ((28*4)-x)=64 | 28 4 * x - 64 = | 28:puppy 4:rest *:puppy x:puppy -:puppy 64:puppy =:puppy
EXPR: 0 | POS | INT | 27 | 9 | 228 | ((28+x)/4)=64 | 28 x + 4 / 64 = | 28:puppy x:puppy +:puppy 4:rest /:puppy 64:puppy =:puppy
EXPR: 0 | POS | INT | 27 | 9 | 40 | (x+(28-4))=64 | x 28 4 - + 64 = | x:rest 28:rest 4:rest -:rest +:rest 64:rest =:rest
EXPR: 0 | POS | INT | 27 | 9 | 32 | (x+(28+4))=64 | x 28 4 + + 64 = | x:rest 28:rest 4:rest +:rest +:rest 64:rest =:rest
EXPR: 0 | POS | INT | 27 | 9 | 57 | (x+(28/4))=64 | x 28 4 / + 64 = | x:puppy 28:puppy 4:rest /:puppy +:puppy 64:puppy =:puppy
EXPR: 0 | POS | INT | 27 | 9 | 32 | ((28+x)+4)=64 | 28 x + 4 + 64 = | 28:rest x:rest +:rest 4:rest +:rest 64:rest =:rest
EXPR: 0 | POS | INT | 27 | 9 | 368 | ((x/4)-64)=28 | x 4 / 64 - 28 = | x:cage 4:rest /:cage 64:cage -:cage 28:cage =:cage
EXPR: 0 | POS | INT | 27 | 9 | 40 | x=(4-(28-64)) | x 4 28 64 - - = | x:rest 4:rest 28:rest 64:rest -:rest -:rest =:rest
EXPR: 0 | POS | INT | 27 | 9 | 40 | (4+(64-x))=28 | 4 64 x - + 28 = | 4:rest 64:rest x:rest -:rest +:rest 28:rest =:rest
EXPR: 0 | POS | INT | 27 | 9 | 88 | 28=(4+(x-64)) | 28 4 x 64 - + = | 28:rest 4:rest x:rest 64:rest -:rest +:rest =:rest
EXPR: 1 | POS | INT | 27 | 9 | 9 | (x*4)=(64-28) | x 4 * 64 28 - = | x:cage 4:rest *:rest 64:rest 28:rest -:rest =:rest
EXPR: 0 | POS | INT | 27 | 9 | 1788 | (x+4)=(64*28) | x 4 + 64 28 * = | x:rest 4:rest +:rest 64:puppy 28:rest *:rest =:rest
EXPR: 0 | POS | INT | 27 | 9 | 1796 | (x-4)=(64*28) | x 4 - 64 28 * = | x:rest 4:rest -:rest 64:puppy 28:rest *:rest =:rest
EXPR: 0 | POS | INT | 27 | 9 | 23 | (x*4)=(64+28) | x 4 * 64 28 + = | x:cage 4:rest *:rest 64:rest 28:rest +:rest =:rest
EXPR: 0 | POS | INT | 27 | 9 | 1788 | (4+x)=(64*28) | 4 x + 64 28 * = | 4:rest x:rest +:rest 64:puppy 28:rest *:rest =:rest
EXPR: 0 | POS | INT | 27 | 9 | 32 | 4=(64-(x+28)) | 4 64 x 28 + - = | 4:rest 64:rest x:rest 28:rest +:rest -:rest =:rest
EXPR: 0 | POS | INT | 27 | 9 | 23 | ((4*x)-64)=28 | 4 x * 64 - 28 = | 4:puppy x:cage *:puppy 64:puppy -:puppy 28:puppy =:puppy
EXPR: 0 | POS | INT | 27 | 9 | 57 | ((28/4)+x)=64 | 28 4 / x + 64 = | 28:puppy 4:rest /:puppy x:puppy +:puppy 64:puppy =:puppy
EXPR: 0 | POS | INT | 27 | 9 | 1536 | (4+(x/64))=28 | 4 x 64 / + 28 = | 4:cage x:cage 64:puppy /:cage +:cage 28:cage =:cage
EXPR: 0 | POS | INT | 27 | 9 | 40 | x=((4-28)+64) | x 4 28 - 64 + = | x:rest 4:rest 28:rest -:rest 64:rest +:rest =:rest
EXPR: 0 | POS | INT | 27 | 9 | 12 | 4=(64/(28-x)) | 4 64 28 x - / = | 4:rest 64:rest 28:cage x:cage -:cage /:rest =:rest
EXPR: 1 | POS | INT | 27 | 9 | 9 | (28+(x*4))=64 | 28 x 4 * + 64 = | 28:puppy x:cage 4:puppy *:puppy +:puppy 64:puppy =:puppy
EXPR: 0 | POS | INT | 27 | 9 | 96 | (x-(28+4))=64 | x 28 4 + - 64 = | x:rest 28:rest 4:rest +:rest -:rest 64:rest =:rest
EXPR: 0 | POS | INT | 27 | 9 | 88 | (x-(28-4))=64 | x 28 4 - - 64 = | x:rest 28:rest 4:rest -:rest -:rest 64:rest =:rest
EXPR: 0 | POS | INT | 27 | 9 | 88 | (4-(64-x))=28 | 4 64 x - - 28 = | 4:rest 64:rest x:rest -:rest -:rest 28:rest =:rest
EXPR: 0 | POS | INT | 27 | 9 | 44 | ((x-28)*4)=64 | x 28 - 4 * 64 = | x:cage 28:cage -:cage 4:rest *:rest 64:rest =:rest
EXPR: 0 | POS | INT | 27 | 9 | 71 | (x-(28/4))=64 | x 28 4 / - 64 = | x:puppy 28:puppy 4:rest /:puppy -:puppy 64:puppy =:puppy
EXPR: 0 | POS | INT | 27 | 9 | 40 | (4-(28-64))=x | 4 28 64 - - x = | 4:rest 28:rest 64:rest -:rest -:rest x:rest =:rest
NET 184 unique, non-negative, integer-valued solutions found out of 1000 total solutions
