parameters: n=7 l=3 k=1 p=5 q=2 m=9
TOTAL 1000 solutions found
SOLN: CORRECT | POS/NEG | INT/FRA | OBJ-SCORE | TRUE-ANS | ANS | INFIX | POSTFIX | TYPED-POSTFIX
EXPR: 0 | POS | INT | 0 | 4 | 247 | (19*(11+2))=x | 19 11 2 + * x = | 19:lawn 11:dollar 2:dollar +:dollar *:dollar x:dollar =:dollar
EXPR: 0 | POS | INT | 0 | 4 | 171 | x=(19*(11-2)) | x 19 11 2 - * = | x:dollar 19:lawn 11:dollar 2:dollar -:dollar *:dollar =:dollar
EXPR: 0 | POS | INT | 0 | 4 | 247 | x=(19*(11+2)) | x 19 11 2 + * = | x:dollar 19:lawn 11:dollar 2:dollar +:dollar *:dollar =:dollar
EXPR: 0 | POS | INT | 0 | 4 | 171 | (19*(11-2))=x | 19 11 2 - * x = | 19:lawn 11:dollar 2:dollar -:dollar *:dollar x:dollar =:dollar
EXPR: 0 | POS | INT | 0 | 4 | 211 | x=((19*11)+2) | x 19 11 * 2 + = | x:dollar 19:lawn 11:dollar *:dollar 2:dollar +:dollar =:dollar
EXPR: 0 | POS | INT | 0 | 4 | 207 | x=((19*11)-2) | x 19 11 * 2 - = | x:dollar 19:lawn 11:dollar *:dollar 2:dollar -:dollar =:dollar
EXPR: 0 | POS | INT | 0 | 4 | 211 | ((19*11)+2)=x | 19 11 * 2 + x = | 19:lawn 11:dollar *:dollar 2:dollar +:dollar x:dollar =:dollar
EXPR: 0 | POS | INT | 0 | 4 | 207 | ((19*11)-2)=x | 19 11 * 2 - x = | 19:lawn 11:dollar *:dollar 2:dollar -:dollar x:dollar =:dollar
EXPR: 0 | POS | INT | 2 | 4 | 49 | x=((19*2)+11) | x 19 2 * 11 + = | x:dollar 19:lawn 2:dollar *:dollar 11:dollar +:dollar =:dollar
EXPR: 0 | POS | INT | 2 | 4 | 27 | x=((19*2)-11) | x 19 2 * 11 - = | x:dollar 19:lawn 2:dollar *:dollar 11:dollar -:dollar =:dollar
EXPR: 0 | POS | INT | 2 | 4 | 207 | ((19*11)-x)=2 | 19 11 * x - 2 = | 19:lawn 11:dollar *:dollar x:dollar -:dollar 2:dollar =:dollar
EXPR: 0 | POS | INT | 2 | 4 | 49 | x=(11+(19*2)) | x 11 19 2 * + = | x:dollar 11:dollar 19:lawn 2:dollar *:dollar +:dollar =:dollar
EXPR: 0 | POS | INT | 2 | 4 | 247 | ((x/19)-11)=2 | x 19 / 11 - 2 = | x:dollar 19:lawn /:dollar 11:dollar -:dollar 2:dollar =:dollar
EXPR: 0 | POS | INT | 2 | 4 | 49 | ((19*2)+11)=x | 19 2 * 11 + x = | 19:lawn 2:dollar *:dollar 11:dollar +:dollar x:dollar =:dollar
EXPR: 0 | POS | INT | 2 | 4 | 27 | ((19*2)-11)=x | 19 2 * 11 - x = | 19:lawn 2:dollar *:dollar 11:dollar -:dollar x:dollar =:dollar
EXPR: 0 | POS | INT | 2 | 4 | 49 | (11+(19*2))=x | 11 19 2 * + x = | 11:dollar 19:lawn 2:dollar *:dollar +:dollar x:dollar =:dollar
EXPR: 0 | POS | INT | 2 | 4 | 211 | (x-(19*11))=2 | x 19 11 * - 2 = | x:dollar 19:lawn 11:dollar *:dollar -:dollar 2:dollar =:dollar
EXPR: 0 | POS | INT | 4 | 4 | 171 | (11-(x/19))=2 | 11 x 19 / - 2 = | 11:dollar x:dollar 19:lawn /:dollar -:dollar 2:dollar =:dollar
EXPR: 0 | POS | INT | 4 | 4 | 27 | ((19*2)-x)=11 | 19 2 * x - 11 = | 19:lawn 2:dollar *:dollar x:dollar -:dollar 11:dollar =:dollar
EXPR: 0 | POS | INT | 4 | 4 | 171 | 11=((x/19)+2) | 11 x 19 / 2 + = | 11:dollar x:dollar 19:lawn /:dollar 2:dollar +:dollar =:dollar
EXPR: 0 | POS | INT | 4 | 4 | 27 | ((11+x)/19)=2 | 11 x + 19 / 2 = | 11:dollar x:dollar +:dollar 19:lawn /:dollar 2:dollar =:dollar
EXPR: 0 | POS | INT | 4 | 4 | 49 | ((x-11)/19)=2 | x 11 - 19 / 2 = | x:dollar 11:dollar -:dollar 19:lawn /:dollar 2:dollar =:dollar
EXPR: 0 | POS | INT | 4 | 4 | 171 | ((x/19)+2)=11 | x 19 / 2 + 11 = | x:dollar 19:lawn /:dollar 2:dollar +:dollar 11:dollar =:dollar
EXPR: 0 | POS | INT | 4 | 4 | 247 | 11=((x/19)-2) | 11 x 19 / 2 - = | 11:dollar x:dollar 19:lawn /:dollar 2:dollar -:dollar =:dollar
EXPR: 0 | POS | INT | 4 | 4 | 27 | ((x+11)/19)=2 | x 11 + 19 / 2 = | x:dollar 11:dollar +:dollar 19:lawn /:dollar 2:dollar =:dollar
EXPR: 0 | POS | INT | 4 | 4 | 49 | (x-(19*2))=11 | x 19 2 * - 11 = | x:dollar 19:lawn 2:dollar *:dollar -:dollar 11:dollar =:dollar
EXPR: 0 | POS | INT | 4 | 4 | 247 | ((x/19)-2)=11 | x 19 / 2 - 11 = | x:dollar 19:lawn /:dollar 2:dollar -:dollar 11:dollar =:dollar
EXPR: 0 | POS | INT | 4 | 4 | 49 | 11=(x-(19*2)) | 11 x 19 2 * - = | 11:dollar x:dollar 19:lawn 2:dollar *:dollar -:dollar =:dollar
EXPR: 0 | POS | INT | 4 | 4 | 27 | 11=((19*2)-x) | 11 19 2 * x - = | 11:dollar 19:lawn 2:dollar *:dollar x:dollar -:dollar =:dollar
EXPR: 0 | POS | INT | 5 | 4 | 171 | x=((11-2)*19) | x 11 2 - 19 * = | x:dollar 11:dollar 2:dollar -:dollar 19:lawn *:dollar =:dollar
EXPR: 0 | POS | INT | 5 | 4 | 211 | x=(2+(19*11)) | x 2 19 11 * + = | x:dollar 2:dollar 19:lawn 11:dollar *:dollar +:dollar =:dollar
EXPR: 0 | POS | INT | 5 | 4 | 171 | ((11-2)*19)=x | 11 2 - 19 * x = | 11:dollar 2:dollar -:dollar 19:lawn *:dollar x:dollar =:dollar
EXPR: 0 | POS | INT | 5 | 4 | 247 | x=((11+2)*19) | x 11 2 + 19 * = | x:dollar 11:dollar 2:dollar +:dollar 19:lawn *:dollar =:dollar
EXPR: 0 | POS | INT | 5 | 4 | 211 | (2+(19*11))=x | 2 19 11 * + x = | 2:dollar 19:lawn 11:dollar *:dollar +:dollar x:dollar =:dollar
EXPR: 0 | POS | INT | 5 | 4 | 247 | ((11+2)*19)=x | 11 2 + 19 * x = | 11:dollar 2:dollar +:dollar 19:lawn *:dollar x:dollar =:dollar
EXPR: 0 | POS | INT | 7 | 4 | 211 | 2=(x-(19*11)) | 2 x 19 11 * - = | 2:dollar x:dollar 19:lawn 11:dollar *:dollar -:dollar =:dollar
EXPR: 0 | POS | INT | 7 | 4 | 207 | 11=((2+x)/19) | 11 2 x + 19 / = | 11:dollar 2:dollar x:dollar +:dollar 19:lawn /:dollar =:dollar
EXPR: 0 | POS | INT | 7 | 4 | 211 | ((x-2)/19)=11 | x 2 - 19 / 11 = | x:dollar 2:dollar -:dollar 19:lawn /:dollar 11:dollar =:dollar
EXPR: 0 | POS | INT | 7 | 4 | 171 | 11=(2+(x/19)) | 11 2 x 19 / + = | 11:dollar 2:dollar x:dollar 19:lawn /:dollar +:dollar =:dollar
EXPR: 0 | POS | INT | 7 | 4 | 207 | ((2+x)/19)=11 | 2 x + 19 / 11 = | 2:dollar x:dollar +:dollar 19:lawn /:dollar 11:dollar =:dollar
EXPR: 0 | POS | INT | 7 | 4 | 247 | 2=((x/19)-11) | 2 x 19 / 11 - = | 2:dollar x:dollar 19:lawn /:dollar 11:dollar -:dollar =:dollar
EXPR: 0 | POS | INT | 7 | 4 | 171 | (2+(x/19))=11 | 2 x 19 / + 11 = | 2:dollar x:dollar 19:lawn /:dollar +:dollar 11:dollar =:dollar
EXPR: 0 | POS | INT | 7 | 4 | 211 | 11=((x-2)/19) | 11 x 2 - 19 / = | 11:dollar x:dollar 2:dollar -:dollar 19:lawn /:dollar =:dollar
EXPR: 0 | POS | INT | 7 | 4 | 207 | ((x+2)/19)=11 | x 2 + 19 / 11 = | x:dollar 2:dollar +:dollar 19:lawn /:dollar 11:dollar =:dollar
EXPR: 0 | POS | INT | 7 | 4 | 207 | 11=((x+2)/19) | 11 x 2 + 19 / = | 11:dollar x:dollar 2:dollar +:dollar 19:lawn /:dollar =:dollar
EXPR: 0 | POS | INT | 7 | 4 | 207 | 2=((19*11)-x) | 2 19 11 * x - = | 2:dollar 19:lawn 11:dollar *:dollar x:dollar -:dollar =:dollar
EXPR: 0 | POS | INT | 9 | 4 | 27 | 2=((11+x)/19) | 2 11 x + 19 / = | 2:dollar 11:dollar x:dollar +:dollar 19:lawn /:dollar =:dollar
EXPR: 0 | POS | INT | 9 | 4 | 27 | 2=((x+11)/19) | 2 x 11 + 19 / = | 2:dollar x:dollar 11:dollar +:dollar 19:lawn /:dollar =:dollar
EXPR: 0 | POS | INT | 9 | 4 | 171 | 2=(11-(x/19)) | 2 11 x 19 / - = | 2:dollar 11:dollar x:dollar 19:lawn /:dollar -:dollar =:dollar
EXPR: 0 | POS | INT | 9 | 4 | 49 | 2=((x-11)/19) | 2 x 11 - 19 / = | 2:dollar x:dollar 11:dollar -:dollar 19:lawn /:dollar =:dollar
EXPR: 0 | POS | INT | 10 | 4 | 16 | x=((19-11)*2) | x 19 11 - 2 * = | x:dollar 19:lawn 11:lawn -:lawn 2:dollar *:dollar =:dollar
EXPR: 0 | POS | INT | 10 | 4 | 32 | x=((19+11)+2) | x 19 11 + 2 + = | x:dollar 19:dollar 11:dollar +:dollar 2:dollar +:dollar =:dollar
EXPR: 0 | POS | INT | 10 | 4 | 16 | ((19-11)*2)=x | 19 11 - 2 * x = | 19:lawn 11:lawn -:lawn 2:dollar *:dollar x:dollar =:dollar
EXPR: 0 | POS | INT | 10 | 4 | 28 | x=(19+(11-2)) | x 19 11 2 - + = | x:dollar 19:dollar 11:dollar 2:dollar -:dollar +:dollar =:dollar
EXPR: 0 | POS | INT | 10 | 4 | 32 | x=(19+(11+2)) | x 19 11 2 + + = | x:dollar 19:dollar 11:dollar 2:dollar +:dollar +:dollar =:dollar
EXPR: 0 | POS | INT | 10 | 4 | 6 | (19-(11+2))=x | 19 11 2 + - x = | 19:dollar 11:dollar 2:dollar +:dollar -:dollar x:dollar =:dollar
EXPR: 0 | POS | INT | 10 | 4 | 6 | x=(19-(11+2)) | x 19 11 2 + - = | x:dollar 19:dollar 11:dollar 2:dollar +:dollar -:dollar =:dollar
EXPR: 0 | POS | INT | 10 | 4 | 10 | x=((19-11)+2) | x 19 11 - 2 + = | x:dollar 19:dollar 11:dollar -:dollar 2:dollar +:dollar =:dollar
EXPR: 0 | POS | INT | 10 | 4 | 60 | ((19+11)*2)=x | 19 11 + 2 * x = | 19:lawn 11:lawn +:lawn 2:dollar *:dollar x:dollar =:dollar
EXPR: 0 | POS | INT | 10 | 4 | 28 | x=((19+11)-2) | x 19 11 + 2 - = | x:dollar 19:dollar 11:dollar +:dollar 2:dollar -:dollar =:dollar
EXPR: 0 | POS | INT | 10 | 4 | 10 | ((19-11)+2)=x | 19 11 - 2 + x = | 19:dollar 11:dollar -:dollar 2:dollar +:dollar x:dollar =:dollar
EXPR: 0 | POS | INT | 10 | 4 | 32 | ((19+11)+2)=x | 19 11 + 2 + x = | 19:dollar 11:dollar +:dollar 2:dollar +:dollar x:dollar =:dollar
EXPR: 0 | POS | INT | 10 | 4 | 10 | (19-(11-2))=x | 19 11 2 - - x = | 19:dollar 11:dollar 2:dollar -:dollar -:dollar x:dollar =:dollar
EXPR: 0 | POS | INT | 10 | 4 | 28 | ((19+11)-2)=x | 19 11 + 2 - x = | 19:dollar 11:dollar +:dollar 2:dollar -:dollar x:dollar =:dollar
EXPR: 0 | POS | INT | 10 | 4 | 28 | (19+(11-2))=x | 19 11 2 - + x = | 19:dollar 11:dollar 2:dollar -:dollar +:dollar x:dollar =:dollar
EXPR: 0 | POS | INT | 10 | 4 | 6 | ((19-11)-2)=x | 19 11 - 2 - x = | 19:dollar 11:dollar -:dollar 2:dollar -:dollar x:dollar =:dollar
EXPR: 0 | POS | INT | 10 | 4 | 32 | (19+(11+2))=x | 19 11 2 + + x = | 19:dollar 11:dollar 2:dollar +:dollar +:dollar x:dollar =:dollar
EXPR: 0 | POS | INT | 10 | 4 | 6 | x=((19-11)-2) | x 19 11 - 2 - = | x:dollar 19:dollar 11:dollar -:dollar 2:dollar -:dollar =:dollar
EXPR: 0 | POS | INT | 10 | 4 | 10 | x=(19-(11-2)) | x 19 11 2 - - = | x:dollar 19:dollar 11:dollar 2:dollar -:dollar -:dollar =:dollar
EXPR: 0 | POS | INT | 10 | 4 | 60 | x=((19+11)*2) | x 19 11 + 2 * = | x:dollar 19:lawn 11:lawn +:lawn 2:dollar *:dollar =:dollar
EXPR: 0 | POS | INT | 12 | 4 | 60 | (x/(19+11))=2 | x 19 11 + / 2 = | x:dollar 19:lawn 11:lawn +:lawn /:dollar 2:dollar =:dollar
EXPR: 0 | POS | INT | 12 | 4 | 32 | (x-(19+11))=2 | x 19 11 + - 2 = | x:dollar 19:dollar 11:dollar +:dollar -:dollar 2:dollar =:dollar
EXPR: 0 | POS | INT | 12 | 4 | 28 | (19-(x-11))=2 | 19 x 11 - - 2 = | 19:dollar x:dollar 11:dollar -:dollar -:dollar 2:dollar =:dollar
EXPR: 0 | POS | INT | 12 | 4 | 10 | x=(19+(2-11)) | x 19 2 11 - + = | x:dollar 19:dollar 2:dollar 11:dollar -:dollar +:dollar =:dollar
EXPR: 0 | POS | INT | 12 | 4 | 10 | x=((19+2)-11) | x 19 2 + 11 - = | x:dollar 19:dollar 2:dollar +:dollar 11:dollar -:dollar =:dollar
EXPR: 0 | POS | INT | 12 | 4 | 6 | (19-(x+11))=2 | 19 x 11 + - 2 = | 19:dollar x:dollar 11:dollar +:dollar -:dollar 2:dollar =:dollar
EXPR: 0 | POS | INT | 12 | 4 | 211 | (19*11)=(x-2) | 19 11 * x 2 - = | 19:lawn 11:dollar *:dollar x:dollar 2:dollar -:dollar =:dollar
EXPR: 0 | POS | INT | 12 | 4 | 207 | (19*11)=(x+2) | 19 11 * x 2 + = | 19:lawn 11:dollar *:dollar x:dollar 2:dollar +:dollar =:dollar
EXPR: 0 | POS | INT | 12 | 4 | 16 | (x/(19-11))=2 | x 19 11 - / 2 = | x:dollar 19:lawn 11:lawn -:lawn /:dollar 2:dollar =:dollar
EXPR: 0 | POS | INT | 12 | 4 | 28 | x=((19-2)+11) | x 19 2 - 11 + = | x:dollar 19:dollar 2:dollar -:dollar 11:dollar +:dollar =:dollar
EXPR: 0 | POS | INT | 12 | 4 | 32 | x=((19+2)+11) | x 19 2 + 11 + = | x:dollar 19:dollar 2:dollar +:dollar 11:dollar +:dollar =:dollar
EXPR: 0 | POS | INT | 12 | 4 | 32 | (11+(19+2))=x | 11 19 2 + + x = | 11:dollar 19:dollar 2:dollar +:dollar +:dollar x:dollar =:dollar
EXPR: 0 | POS | INT | 12 | 4 | 6 | x=((19-2)-11) | x 19 2 - 11 - = | x:dollar 19:dollar 2:dollar -:dollar 11:dollar -:dollar =:dollar
EXPR: 0 | POS | INT | 12 | 4 | 207 | (19*11)=(2+x) | 19 11 * 2 x + = | 19:lawn 11:dollar *:dollar 2:dollar x:dollar +:dollar =:dollar
EXPR: 0 | POS | INT | 12 | 4 | 6 | (19-(11+x))=2 | 19 11 x + - 2 = | 19:dollar 11:dollar x:dollar +:dollar -:dollar 2:dollar =:dollar
EXPR: 0 | POS | INT | 12 | 4 | 10 | (19+(2-11))=x | 19 2 11 - + x = | 19:dollar 2:dollar 11:dollar -:dollar +:dollar x:dollar =:dollar
EXPR: 0 | POS | INT | 12 | 4 | 10 | 19=((11+x)-2) | 19 11 x + 2 - = | 19:dollar 11:dollar x:dollar +:dollar 2:dollar -:dollar =:dollar
EXPR: 0 | POS | INT | 12 | 4 | 10 | 19=((x+11)-2) | 19 x 11 + 2 - = | 19:dollar x:dollar 11:dollar +:dollar 2:dollar -:dollar =:dollar
EXPR: 0 | POS | INT | 12 | 4 | 231 | (11*(19+2))=x | 11 19 2 + * x = | 11:dollar 19:lawn 2:lawn +:lawn *:dollar x:dollar =:dollar
EXPR: 0 | POS | INT | 12 | 4 | 6 | 19=((x+11)+2) | 19 x 11 + 2 + = | 19:dollar x:dollar 11:dollar +:dollar 2:dollar +:dollar =:dollar
EXPR: 0 | POS | INT | 12 | 4 | 6 | ((19-x)-11)=2 | 19 x - 11 - 2 = | 19:dollar x:dollar -:dollar 11:dollar -:dollar 2:dollar =:dollar
EXPR: 0 | POS | INT | 12 | 4 | 187 | ((19-2)*11)=x | 19 2 - 11 * x = | 19:lawn 2:lawn -:lawn 11:dollar *:dollar x:dollar =:dollar
EXPR: 0 | POS | INT | 12 | 4 | 247 | 19=(x/(11+2)) | 19 x 11 2 + / = | 19:lawn x:lawn 11:dollar 2:dollar +:dollar /:lawn =:lawn
EXPR: 0 | POS | INT | 12 | 4 | 6 | 19=((11+x)+2) | 19 11 x + 2 + = | 19:dollar 11:dollar x:dollar +:dollar 2:dollar +:dollar =:dollar
EXPR: 0 | POS | INT | 12 | 4 | 231 | ((19+2)*11)=x | 19 2 + 11 * x = | 19:lawn 2:lawn +:lawn 11:dollar *:dollar x:dollar =:dollar
EXPR: 0 | POS | INT | 12 | 4 | 28 | x=(11+(19-2)) | x 11 19 2 - + = | x:dollar 11:dollar 19:dollar 2:dollar -:dollar +:dollar =:dollar
EXPR: 0 | POS | INT | 12 | 4 | 171 | 19=(x/(11-2)) | 19 x 11 2 - / = | 19:lawn x:lawn 11:dollar 2:dollar -:dollar /:lawn =:lawn
EXPR: 0 | POS | INT | 12 | 4 | 187 | x=(11*(19-2)) | x 11 19 2 - * = | x:dollar 11:dollar 19:lawn 2:lawn -:lawn *:dollar =:dollar
EXPR: 0 | POS | INT | 12 | 4 | 6 | 19=(x+(11+2)) | 19 x 11 2 + + = | 19:dollar x:dollar 11:dollar 2:dollar +:dollar +:dollar =:dollar
EXPR: 0 | POS | INT | 12 | 4 | 32 | 19=(x-(11+2)) | 19 x 11 2 + - = | 19:dollar x:dollar 11:dollar 2:dollar +:dollar -:dollar =:dollar
EXPR: 0 | POS | INT | 12 | 4 | 10 | 19=(x+(11-2)) | 19 x 11 2 - + = | 19:dollar x:dollar 11:dollar 2:dollar -:dollar +:dollar =:dollar
EXPR: 0 | POS | INT | 12 | 4 | 28 | ((19-x)+11)=2 | 19 x - 11 + 2 = | 19:dollar x:dollar -:dollar 11:dollar +:dollar 2:dollar =:dollar
EXPR: 0 | POS | INT | 12 | 4 | 28 | 19=(x-(11-2)) | 19 x 11 2 - - = | 19:dollar x:dollar 11:dollar 2:dollar -:dollar -:dollar =:dollar
EXPR: 0 | POS | INT | 12 | 4 | 6 | ((19-11)-x)=2 | 19 11 - x - 2 = | 19:dollar 11:dollar -:dollar x:dollar -:dollar 2:dollar =:dollar
EXPR: 0 | POS | INT | 12 | 4 | 28 | (19-(2-11))=x | 19 2 11 - - x = | 19:dollar 2:dollar 11:dollar -:dollar -:dollar x:dollar =:dollar
EXPR: 0 | POS | INT | 12 | 4 | 28 | (19+(11-x))=2 | 19 11 x - + 2 = | 19:dollar 11:dollar x:dollar -:dollar +:dollar 2:dollar =:dollar
EXPR: 0 | POS | INT | 12 | 4 | 28 | 19=((x-11)+2) | 19 x 11 - 2 + = | 19:dollar x:dollar 11:dollar -:dollar 2:dollar +:dollar =:dollar
EXPR: 0 | POS | INT | 12 | 4 | 32 | 19=((x-11)-2) | 19 x 11 - 2 - = | 19:dollar x:dollar 11:dollar -:dollar 2:dollar -:dollar =:dollar
EXPR: 0 | POS | INT | 12 | 4 | 6 | 19=(11+(x+2)) | 19 11 x 2 + + = | 19:dollar 11:dollar x:dollar 2:dollar +:dollar +:dollar =:dollar
EXPR: 0 | POS | INT | 12 | 4 | 28 | ((19+11)-x)=2 | 19 11 + x - 2 = | 19:dollar 11:dollar +:dollar x:dollar -:dollar 2:dollar =:dollar
EXPR: 0 | POS | INT | 12 | 4 | 231 | x=(11*(19+2)) | x 11 19 2 + * = | x:dollar 11:dollar 19:lawn 2:lawn +:lawn *:dollar =:dollar
EXPR: 0 | POS | INT | 12 | 4 | 28 | ((19-2)+11)=x | 19 2 - 11 + x = | 19:dollar 2:dollar -:dollar 11:dollar +:dollar x:dollar =:dollar
EXPR: 0 | POS | INT | 12 | 4 | 32 | x=(11+(19+2)) | x 11 19 2 + + = | x:dollar 11:dollar 19:dollar 2:dollar +:dollar +:dollar =:dollar
EXPR: 0 | POS | INT | 12 | 4 | 32 | ((19+2)+11)=x | 19 2 + 11 + x = | 19:dollar 2:dollar +:dollar 11:dollar +:dollar x:dollar =:dollar
EXPR: 0 | POS | INT | 12 | 4 | 6 | 19=(11+(2+x)) | 19 11 2 x + + = | 19:dollar 11:dollar 2:dollar x:dollar +:dollar +:dollar =:dollar
EXPR: 0 | POS | INT | 12 | 4 | 28 | x=(19-(2-11)) | x 19 2 11 - - = | x:dollar 19:dollar 2:dollar 11:dollar -:dollar -:dollar =:dollar
EXPR: 0 | POS | INT | 12 | 4 | 6 | 19=((11+2)+x) | 19 11 2 + x + = | 19:dollar 11:dollar 2:dollar +:dollar x:dollar +:dollar =:dollar
EXPR: 0 | POS | INT | 12 | 4 | 10 | 19=(11+(x-2)) | 19 11 x 2 - + = | 19:dollar 11:dollar x:dollar 2:dollar -:dollar +:dollar =:dollar
EXPR: 0 | POS | INT | 12 | 4 | 28 | (11+(19-2))=x | 11 19 2 - + x = | 11:dollar 19:dollar 2:dollar -:dollar +:dollar x:dollar =:dollar
EXPR: 0 | POS | INT | 12 | 4 | 187 | x=((19-2)*11) | x 19 2 - 11 * = | x:dollar 19:lawn 2:lawn -:lawn 11:dollar *:dollar =:dollar
EXPR: 0 | POS | INT | 12 | 4 | 10 | 19=(11-(2-x)) | 19 11 2 x - - = | 19:dollar 11:dollar 2:dollar x:dollar -:dollar -:dollar =:dollar
EXPR: 0 | POS | INT | 12 | 4 | 231 | x=((19+2)*11) | x 19 2 + 11 * = | x:dollar 19:lawn 2:lawn +:lawn 11:dollar *:dollar =:dollar
EXPR: 0 | POS | INT | 12 | 4 | 10 | ((x-19)+11)=2 | x 19 - 11 + 2 = | x:dollar 19:dollar -:dollar 11:dollar +:dollar 2:dollar =:dollar
EXPR: 0 | POS | INT | 12 | 4 | 32 | ((x-19)-11)=2 | x 19 - 11 - 2 = | x:dollar 19:dollar -:dollar 11:dollar -:dollar 2:dollar =:dollar
EXPR: 0 | POS | INT | 12 | 4 | 10 | ((19+2)-11)=x | 19 2 + 11 - x = | 19:dollar 2:dollar +:dollar 11:dollar -:dollar x:dollar =:dollar
EXPR: 0 | POS | INT | 12 | 4 | 10 | 19=((11-2)+x) | 19 11 2 - x + = | 19:dollar 11:dollar 2:dollar -:dollar x:dollar +:dollar =:dollar
EXPR: 0 | POS | INT | 12 | 4 | 171 | (x/19)=(11-2) | x 19 / 11 2 - = | x:dollar 19:lawn /:dollar 11:dollar 2:dollar -:dollar =:dollar
EXPR: 0 | POS | INT | 12 | 4 | 247 | (x/19)=(11+2) | x 19 / 11 2 + = | x:dollar 19:lawn /:dollar 11:dollar 2:dollar +:dollar =:dollar
EXPR: 0 | POS | INT | 12 | 4 | 10 | (x-(19-11))=2 | x 19 11 - - 2 = | x:dollar 19:dollar 11:dollar -:dollar -:dollar 2:dollar =:dollar
EXPR: 0 | POS | INT | 12 | 4 | 6 | ((19-2)-11)=x | 19 2 - 11 - x = | 19:dollar 2:dollar -:dollar 11:dollar -:dollar x:dollar =:dollar
EXPR: 0 | POS | INT | 12 | 4 | 187 | (11*(19-2))=x | 11 19 2 - * x = | 11:dollar 19:lawn 2:lawn -:lawn *:dollar x:dollar =:dollar
EXPR: 0 | POS | INT | 14 | 4 | 10 | (19-(x-2))=11 | 19 x 2 - - 11 = | 19:dollar x:dollar 2:dollar -:dollar -:dollar 11:dollar =:dollar
EXPR: 0 | POS | INT | 14 | 4 | 6 | (19-(x+2))=11 | 19 x 2 + - 11 = | 19:dollar x:dollar 2:dollar +:dollar -:dollar 11:dollar =:dollar
EXPR: 0 | POS | INT | 14 | 4 | 6 | (19-(2+x))=11 | 19 2 x + - 11 = | 19:dollar 2:dollar x:dollar +:dollar -:dollar 11:dollar =:dollar
EXPR: 0 | POS | INT | 14 | 4 | 32 | (x-(19+2))=11 | x 19 2 + - 11 = | x:dollar 19:dollar 2:dollar +:dollar -:dollar 11:dollar =:dollar
EXPR: 0 | POS | INT | 14 | 4 | 49 | (x-11)=(19*2) | x 11 - 19 2 * = | x:dollar 11:dollar -:dollar 19:lawn 2:dollar *:dollar =:dollar
EXPR: 0 | POS | INT | 14 | 4 | 28 | 19=((x+2)-11) | 19 x 2 + 11 - = | 19:dollar x:dollar 2:dollar +:dollar 11:dollar -:dollar =:dollar
EXPR: 0 | POS | INT | 14 | 4 | 49 | (19*2)=(x-11) | 19 2 * x 11 - = | 19:lawn 2:dollar *:dollar x:dollar 11:dollar -:dollar =:dollar
EXPR: 0 | POS | INT | 14 | 4 | 27 | (19*2)=(x+11) | 19 2 * x 11 + = | 19:lawn 2:dollar *:dollar x:dollar 11:dollar +:dollar =:dollar
EXPR: 0 | POS | INT | 14 | 4 | 27 | (x+11)=(19*2) | x 11 + 19 2 * = | x:dollar 11:dollar +:dollar 19:lawn 2:dollar *:dollar =:dollar
EXPR: 0 | POS | INT | 14 | 4 | 32 | ((x-19)-2)=11 | x 19 - 2 - 11 = | x:dollar 19:dollar -:dollar 2:dollar -:dollar 11:dollar =:dollar
EXPR: 0 | POS | INT | 14 | 4 | 32 | 11=(x-(19+2)) | 11 x 19 2 + - = | 11:dollar x:dollar 19:dollar 2:dollar +:dollar -:dollar =:dollar
EXPR: 0 | POS | INT | 14 | 4 | 27 | (19*2)=(11+x) | 19 2 * 11 x + = | 19:lawn 2:dollar *:dollar 11:dollar x:dollar +:dollar =:dollar
EXPR: 0 | POS | INT | 14 | 4 | 28 | ((11-x)+19)=2 | 11 x - 19 + 2 = | 11:dollar x:dollar -:dollar 19:dollar +:dollar 2:dollar =:dollar
EXPR: 0 | POS | INT | 14 | 4 | 6 | 19=((x+2)+11) | 19 x 2 + 11 + = | 19:dollar x:dollar 2:dollar +:dollar 11:dollar +:dollar =:dollar
EXPR: 0 | POS | INT | 14 | 4 | 28 | ((x-19)+2)=11 | x 19 - 2 + 11 = | x:dollar 19:dollar -:dollar 2:dollar +:dollar 11:dollar =:dollar
EXPR: 0 | POS | INT | 14 | 4 | 187 | 11=(x/(19-2)) | 11 x 19 2 - / = | 11:dollar x:dollar 19:lawn 2:lawn -:lawn /:dollar =:dollar
EXPR: 0 | POS | INT | 14 | 4 | 187 | (x/(19-2))=11 | x 19 2 - / 11 = | x:dollar 19:lawn 2:lawn -:lawn /:dollar 11:dollar =:dollar
EXPR: 0 | POS | INT | 14 | 4 | 10 | 11=(19+(2-x)) | 11 19 2 x - + = | 11:dollar 19:dollar 2:dollar x:dollar -:dollar +:dollar =:dollar
EXPR: 0 | POS | INT | 14 | 4 | 10 | ((11+x)-19)=2 | 11 x + 19 - 2 = | 11:dollar x:dollar +:dollar 19:dollar -:dollar 2:dollar =:dollar
EXPR: 0 | POS | INT | 14 | 4 | 10 | 11=(19-(x-2)) | 11 19 x 2 - - = | 11:dollar 19:dollar x:dollar 2:dollar -:dollar -:dollar =:dollar
EXPR: 0 | POS | INT | 14 | 4 | 28 | (x-(19-2))=11 | x 19 2 - - 11 = | x:dollar 19:dollar 2:dollar -:dollar -:dollar 11:dollar =:dollar
EXPR: 0 | POS | INT | 14 | 4 | 6 | 11=(19-(2+x)) | 11 19 2 x + - = | 11:dollar 19:dollar 2:dollar x:dollar +:dollar -:dollar =:dollar
EXPR: 0 | POS | INT | 14 | 4 | 28 | (11-(x-19))=2 | 11 x 19 - - 2 = | 11:dollar x:dollar 19:dollar -:dollar -:dollar 2:dollar =:dollar
EXPR: 0 | POS | INT | 14 | 4 | 10 | 11=((19-x)+2) | 11 19 x - 2 + = | 11:dollar 19:dollar x:dollar -:dollar 2:dollar +:dollar =:dollar
EXPR: 0 | POS | INT | 14 | 4 | 231 | 11=(x/(19+2)) | 11 x 19 2 + / = | 11:dollar x:dollar 19:lawn 2:lawn +:lawn /:dollar =:dollar
EXPR: 0 | POS | INT | 14 | 4 | 32 | 11=((x-19)-2) | 11 x 19 - 2 - = | 11:dollar x:dollar 19:dollar -:dollar 2:dollar -:dollar =:dollar
EXPR: 0 | POS | INT | 14 | 4 | 28 | 19=((2+x)-11) | 19 2 x + 11 - = | 19:dollar 2:dollar x:dollar +:dollar 11:dollar -:dollar =:dollar
EXPR: 0 | POS | INT | 14 | 4 | 28 | 19=(x+(2-11)) | 19 x 2 11 - + = | 19:dollar x:dollar 2:dollar 11:dollar -:dollar +:dollar =:dollar
EXPR: 0 | POS | INT | 14 | 4 | 6 | 19=((2+x)+11) | 19 2 x + 11 + = | 19:dollar 2:dollar x:dollar +:dollar 11:dollar +:dollar =:dollar
EXPR: 0 | POS | INT | 14 | 4 | 6 | 19=(2+(11+x)) | 19 2 11 x + + = | 19:dollar 2:dollar 11:dollar x:dollar +:dollar +:dollar =:dollar
EXPR: 0 | POS | INT | 14 | 4 | 28 | 19=(2-(11-x)) | 19 2 11 x - - = | 19:dollar 2:dollar 11:dollar x:dollar -:dollar -:dollar =:dollar
EXPR: 0 | POS | INT | 14 | 4 | 10 | ((19-x)+2)=11 | 19 x - 2 + 11 = | 19:dollar x:dollar -:dollar 2:dollar +:dollar 11:dollar =:dollar
EXPR: 0 | POS | INT | 14 | 4 | 10 | (11+(x-19))=2 | 11 x 19 - + 2 = | 11:dollar x:dollar 19:dollar -:dollar +:dollar 2:dollar =:dollar
EXPR: 0 | POS | INT | 14 | 4 | 6 | 11=((19-x)-2) | 11 19 x - 2 - = | 11:dollar 19:dollar x:dollar -:dollar 2:dollar -:dollar =:dollar
EXPR: 0 | POS | INT | 14 | 4 | 231 | (x/(19+2))=11 | x 19 2 + / 11 = | x:dollar 19:lawn 2:lawn +:lawn /:dollar 11:dollar =:dollar
EXPR: 0 | POS | INT | 14 | 4 | 6 | 11=(19-(x+2)) | 11 19 x 2 + - = | 11:dollar 19:dollar x:dollar 2:dollar +:dollar -:dollar =:dollar
EXPR: 0 | POS | INT | 14 | 4 | 10 | 19=((x-2)+11) | 19 x 2 - 11 + = | 19:dollar x:dollar 2:dollar -:dollar 11:dollar +:dollar =:dollar
EXPR: 0 | POS | INT | 14 | 4 | 28 | 19=((2-11)+x) | 19 2 11 - x + = | 19:dollar 2:dollar 11:dollar -:dollar x:dollar +:dollar =:dollar
EXPR: 0 | POS | INT | 14 | 4 | 10 | 19=(x-(2-11)) | 19 x 2 11 - - = | 19:dollar x:dollar 2:dollar 11:dollar -:dollar -:dollar =:dollar
EXPR: 0 | POS | INT | 14 | 4 | 32 | 19=((x-2)-11) | 19 x 2 - 11 - = | 19:dollar x:dollar 2:dollar -:dollar 11:dollar -:dollar =:dollar
EXPR: 0 | POS | INT | 14 | 4 | 6 | 19=(2+(x+11)) | 19 2 x 11 + + = | 19:dollar 2:dollar x:dollar 11:dollar +:dollar +:dollar =:dollar
EXPR: 0 | POS | INT | 14 | 4 | 27 | (11+x)=(19*2) | 11 x + 19 2 * = | 11:dollar x:dollar +:dollar 19:lawn 2:dollar *:dollar =:dollar
EXPR: 0 | POS | INT | 14 | 4 | 28 | 11=((x-19)+2) | 11 x 19 - 2 + = | 11:dollar x:dollar 19:dollar -:dollar 2:dollar +:dollar =:dollar
EXPR: 0 | POS | INT | 14 | 4 | 28 | (11+(19-x))=2 | 11 19 x - + 2 = | 11:dollar 19:dollar x:dollar -:dollar +:dollar 2:dollar =:dollar
EXPR: 0 | POS | INT | 14 | 4 | 28 | 19=(2+(x-11)) | 19 2 x 11 - + = | 19:dollar 2:dollar x:dollar 11:dollar -:dollar +:dollar =:dollar
EXPR: 0 | POS | INT | 14 | 4 | 10 | 11=((19+2)-x) | 11 19 2 + x - = | 11:dollar 19:dollar 2:dollar +:dollar x:dollar -:dollar =:dollar
EXPR: 0 | POS | INT | 14 | 4 | 6 | ((19-x)-2)=11 | 19 x - 2 - 11 = | 19:dollar x:dollar -:dollar 2:dollar -:dollar 11:dollar =:dollar
EXPR: 0 | POS | INT | 14 | 4 | 6 | ((19-2)-x)=11 | 19 2 - x - 11 = | 19:dollar 2:dollar -:dollar x:dollar -:dollar 11:dollar =:dollar
EXPR: 0 | POS | INT | 14 | 4 | 6 | 11=((19-2)-x) | 11 19 2 - x - = | 11:dollar 19:dollar 2:dollar -:dollar x:dollar -:dollar =:dollar
EXPR: 0 | POS | INT | 14 | 4 | 10 | (19+(2-x))=11 | 19 2 x - + 11 = | 19:dollar 2:dollar x:dollar -:dollar +:dollar 11:dollar =:dollar
EXPR: 0 | POS | INT | 14 | 4 | 28 | 11=(x-(19-2)) | 11 x 19 2 - - = | 11:dollar x:dollar 19:dollar 2:dollar -:dollar -:dollar =:dollar
EXPR: 0 | POS | INT | 14 | 4 | 32 | ((x-11)-19)=2 | x 11 - 19 - 2 = | x:dollar 11:dollar -:dollar 19:dollar -:dollar 2:dollar =:dollar
EXPR: 0 | POS | INT | 14 | 4 | 10 | (x+(11-19))=2 | x 11 19 - + 2 = | x:dollar 11:dollar 19:dollar -:dollar +:dollar 2:dollar =:dollar
EXPR: 0 | POS | INT | 14 | 4 | 10 | (11-(19-x))=2 | 11 19 x - - 2 = | 11:dollar 19:dollar x:dollar -:dollar -:dollar 2:dollar =:dollar
EXPR: 0 | POS | INT | 14 | 4 | 10 | ((19+2)-x)=11 | 19 2 + x - 11 = | 19:dollar 2:dollar +:dollar x:dollar -:dollar 11:dollar =:dollar
EXPR: 0 | POS | INT | 14 | 4 | 10 | ((11-19)+x)=2 | 11 19 - x + 2 = | 11:dollar 19:dollar -:dollar x:dollar +:dollar 2:dollar =:dollar
EXPR: 0 | POS | INT | 14 | 4 | 10 | ((x+11)-19)=2 | x 11 + 19 - 2 = | x:dollar 11:dollar +:dollar 19:dollar -:dollar 2:dollar =:dollar
EXPR: 0 | POS | INT | 15 | 4 | 28 | (11-(2-19))=x | 11 2 19 - - x = | 11:dollar 2:dollar 19:dollar -:dollar -:dollar x:dollar =:dollar
EXPR: 0 | POS | INT | 15 | 4 | 10 | x=(2+(19-11)) | x 2 19 11 - + = | x:dollar 2:dollar 19:dollar 11:dollar -:dollar +:dollar =:dollar
EXPR: 0 | POS | INT | 15 | 4 | 32 | (2+(19+11))=x | 2 19 11 + + x = | 2:dollar 19:dollar 11:dollar +:dollar +:dollar x:dollar =:dollar
EXPR: 0 | POS | INT | 15 | 4 | 32 | x=((11+2)+19) | x 11 2 + 19 + = | x:dollar 11:dollar 2:dollar +:dollar 19:dollar +:dollar =:dollar
EXPR: 0 | POS | INT | 15 | 4 | 28 | x=(11-(2-19)) | x 11 2 19 - - = | x:dollar 11:dollar 2:dollar 19:dollar -:dollar -:dollar =:dollar
EXPR: 0 | POS | INT | 15 | 4 | 32 | x=(2+(19+11)) | x 2 19 11 + + = | x:dollar 2:dollar 19:dollar 11:dollar +:dollar +:dollar =:dollar
EXPR: 0 | POS | INT | 15 | 4 | 28 | ((11-2)+19)=x | 11 2 - 19 + x = | 11:dollar 2:dollar -:dollar 19:dollar +:dollar x:dollar =:dollar
EXPR: 0 | POS | INT | 15 | 4 | 60 | (2*(19+11))=x | 2 19 11 + * x = | 2:dollar 19:lawn 11:lawn +:lawn *:dollar x:dollar =:dollar
EXPR: 0 | POS | INT | 15 | 4 | 60 | x=(2*(19+11)) | x 2 19 11 + * = | x:dollar 2:dollar 19:lawn 11:lawn +:lawn *:dollar =:dollar
EXPR: 0 | POS | INT | 15 | 4 | 16 | x=(2*(19-11)) | x 2 19 11 - * = | x:dollar 2:dollar 19:lawn 11:lawn -:lawn *:dollar =:dollar
EXPR: 0 | POS | INT | 15 | 4 | 28 | x=((11-2)+19) | x 11 2 - 19 + = | x:dollar 11:dollar 2:dollar -:dollar 19:dollar +:dollar =:dollar
EXPR: 0 | POS | INT | 15 | 4 | 10 | (2+(19-11))=x | 2 19 11 - + x = | 2:dollar 19:dollar 11:dollar -:dollar +:dollar x:dollar =:dollar
EXPR: 0 | POS | INT | 15 | 4 | 32 | ((11+2)+19)=x | 11 2 + 19 + x = | 11:dollar 2:dollar +:dollar 19:dollar +:dollar x:dollar =:dollar
EXPR: 0 | POS | INT | 15 | 4 | 16 | (2*(19-11))=x | 2 19 11 - * x = | 2:dollar 19:lawn 11:lawn -:lawn *:dollar x:dollar =:dollar
EXPR: 0 | POS | INT | 17 | 4 | 10 | x=((2-11)+19) | x 2 11 - 19 + = | x:dollar 2:dollar 11:dollar -:dollar 19:dollar +:dollar =:dollar
EXPR: 0 | POS | INT | 17 | 4 | 28 | 11=((x+2)-19) | 11 x 2 + 19 - = | 11:dollar x:dollar 2:dollar +:dollar 19:dollar -:dollar =:dollar
EXPR: 0 | POS | INT | 17 | 4 | 247 | (x/(11+2))=19 | x 11 2 + / 19 = | x:lawn 11:dollar 2:dollar +:dollar /:lawn 19:lawn =:lawn
EXPR: 0 | POS | INT | 17 | 4 | 28 | 2=((19-x)+11) | 2 19 x - 11 + = | 2:dollar 19:dollar x:dollar -:dollar 11:dollar +:dollar =:dollar
EXPR: 0 | POS | INT | 17 | 4 | 28 | 11=((2+x)-19) | 11 2 x + 19 - = | 11:dollar 2:dollar x:dollar +:dollar 19:dollar -:dollar =:dollar
EXPR: 0 | POS | INT | 17 | 4 | 6 | (x+(11+2))=19 | x 11 2 + + 19 = | x:dollar 11:dollar 2:dollar +:dollar +:dollar 19:dollar =:dollar
EXPR: 0 | POS | INT | 17 | 4 | 32 | 2=((x-19)-11) | 2 x 19 - 11 - = | 2:dollar x:dollar 19:dollar -:dollar 11:dollar -:dollar =:dollar
EXPR: 0 | POS | INT | 17 | 4 | 10 | 2=((x-19)+11) | 2 x 19 - 11 + = | 2:dollar x:dollar 19:dollar -:dollar 11:dollar +:dollar =:dollar
EXPR: 0 | POS | INT | 17 | 4 | 211 | (x-2)=(19*11) | x 2 - 19 11 * = | x:dollar 2:dollar -:dollar 19:lawn 11:dollar *:dollar =:dollar
EXPR: 0 | POS | INT | 17 | 4 | 6 | 2=(19-(x+11)) | 2 19 x 11 + - = | 2:dollar 19:dollar x:dollar 11:dollar +:dollar -:dollar =:dollar
EXPR: 0 | POS | INT | 17 | 4 | 6 | (11+(2+x))=19 | 11 2 x + + 19 = | 11:dollar 2:dollar x:dollar +:dollar +:dollar 19:dollar =:dollar
EXPR: 0 | POS | INT | 17 | 4 | 28 | (2+(x-19))=11 | 2 x 19 - + 11 = | 2:dollar x:dollar 19:dollar -:dollar +:dollar 11:dollar =:dollar
EXPR: 0 | POS | INT | 17 | 4 | 207 | (x+2)=(19*11) | x 2 + 19 11 * = | x:dollar 2:dollar +:dollar 19:lawn 11:dollar *:dollar =:dollar
EXPR: 0 | POS | INT | 17 | 4 | 6 | 2=((19-x)-11) | 2 19 x - 11 - = | 2:dollar 19:dollar x:dollar -:dollar 11:dollar -:dollar =:dollar
EXPR: 0 | POS | INT | 17 | 4 | 32 | (x-(11+2))=19 | x 11 2 + - 19 = | x:dollar 11:dollar 2:dollar +:dollar -:dollar 19:dollar =:dollar
EXPR: 0 | POS | INT | 17 | 4 | 28 | ((2-19)+x)=11 | 2 19 - x + 11 = | 2:dollar 19:dollar -:dollar x:dollar +:dollar 11:dollar =:dollar
EXPR: 0 | POS | INT | 17 | 4 | 10 | 11=(2-(x-19)) | 11 2 x 19 - - = | 11:dollar 2:dollar x:dollar 19:dollar -:dollar -:dollar =:dollar
EXPR: 0 | POS | INT | 17 | 4 | 10 | 11=((2-x)+19) | 11 2 x - 19 + = | 11:dollar 2:dollar x:dollar -:dollar 19:dollar +:dollar =:dollar
EXPR: 0 | POS | INT | 17 | 4 | 32 | 2=(x-(19+11)) | 2 x 19 11 + - = | 2:dollar x:dollar 19:dollar 11:dollar +:dollar -:dollar =:dollar
EXPR: 0 | POS | INT | 17 | 4 | 16 | 2=(x/(19-11)) | 2 x 19 11 - / = | 2:dollar x:dollar 19:lawn 11:lawn -:lawn /:dollar =:dollar
EXPR: 0 | POS | INT | 17 | 4 | 60 | 2=(x/(19+11)) | 2 x 19 11 + / = | 2:dollar x:dollar 19:lawn 11:lawn +:lawn /:dollar =:dollar
EXPR: 0 | POS | INT | 17 | 4 | 10 | 2=(x-(19-11)) | 2 x 19 11 - - = | 2:dollar x:dollar 19:dollar 11:dollar -:dollar -:dollar =:dollar
EXPR: 0 | POS | INT | 17 | 4 | 28 | 11=(2+(x-19)) | 11 2 x 19 - + = | 11:dollar 2:dollar x:dollar 19:dollar -:dollar +:dollar =:dollar
EXPR: 0 | POS | INT | 17 | 4 | 32 | 11=((x-2)-19) | 11 x 2 - 19 - = | 11:dollar x:dollar 2:dollar -:dollar 19:dollar -:dollar =:dollar
EXPR: 0 | POS | INT | 17 | 4 | 28 | 11=(x+(2-19)) | 11 x 2 19 - + = | 11:dollar x:dollar 2:dollar 19:dollar -:dollar +:dollar =:dollar
EXPR: 0 | POS | INT | 17 | 4 | 10 | ((11-2)+x)=19 | 11 2 - x + 19 = | 11:dollar 2:dollar -:dollar x:dollar +:dollar 19:dollar =:dollar
EXPR: 0 | POS | INT | 17 | 4 | 171 | (11-2)=(x/19) | 11 2 - x 19 / = | 11:dollar 2:dollar -:dollar x:dollar 19:lawn /:dollar =:dollar
EXPR: 0 | POS | INT | 17 | 4 | 28 | (x-(11-2))=19 | x 11 2 - - 19 = | x:dollar 11:dollar 2:dollar -:dollar -:dollar 19:dollar =:dollar
EXPR: 0 | POS | INT | 17 | 4 | 6 | 2=(19-(11+x)) | 2 19 11 x + - = | 2:dollar 19:dollar 11:dollar x:dollar +:dollar -:dollar =:dollar
EXPR: 0 | POS | INT | 17 | 4 | 28 | 2=(19-(x-11)) | 2 19 x 11 - - = | 2:dollar 19:dollar x:dollar 11:dollar -:dollar -:dollar =:dollar
EXPR: 0 | POS | INT | 17 | 4 | 28 | 2=(19+(11-x)) | 2 19 11 x - + = | 2:dollar 19:dollar 11:dollar x:dollar -:dollar +:dollar =:dollar
EXPR: 0 | POS | INT | 17 | 4 | 10 | 11=(2+(19-x)) | 11 2 19 x - + = | 11:dollar 2:dollar 19:dollar x:dollar -:dollar +:dollar =:dollar
EXPR: 0 | POS | INT | 17 | 4 | 28 | ((x-11)+2)=19 | x 11 - 2 + 19 = | x:dollar 11:dollar -:dollar 2:dollar +:dollar 19:dollar =:dollar
EXPR: 0 | POS | INT | 17 | 4 | 10 | x=(2-(11-19)) | x 2 11 19 - - = | x:dollar 2:dollar 11:dollar 19:dollar -:dollar -:dollar =:dollar
EXPR: 0 | POS | INT | 17 | 4 | 10 | (x+(11-2))=19 | x 11 2 - + 19 = | x:dollar 11:dollar 2:dollar -:dollar +:dollar 19:dollar =:dollar
EXPR: 0 | POS | INT | 17 | 4 | 32 | ((x-11)-2)=19 | x 11 - 2 - 19 = | x:dollar 11:dollar -:dollar 2:dollar -:dollar 19:dollar =:dollar
EXPR: 0 | POS | INT | 17 | 4 | 10 | ((2-x)+19)=11 | 2 x - 19 + 11 = | 2:dollar x:dollar -:dollar 19:dollar +:dollar 11:dollar =:dollar
EXPR: 0 | POS | INT | 17 | 4 | 28 | ((2+x)-19)=11 | 2 x + 19 - 11 = | 2:dollar x:dollar +:dollar 19:dollar -:dollar 11:dollar =:dollar
EXPR: 0 | POS | INT | 17 | 4 | 10 | ((2-11)+19)=x | 2 11 - 19 + x = | 2:dollar 11:dollar -:dollar 19:dollar +:dollar x:dollar =:dollar
EXPR: 0 | POS | INT | 17 | 4 | 6 | ((11+2)+x)=19 | 11 2 + x + 19 = | 11:dollar 2:dollar +:dollar x:dollar +:dollar 19:dollar =:dollar
EXPR: 0 | POS | INT | 17 | 4 | 207 | (2+x)=(19*11) | 2 x + 19 11 * = | 2:dollar x:dollar +:dollar 19:lawn 11:dollar *:dollar =:dollar
EXPR: 0 | POS | INT | 17 | 4 | 28 | 11=((2-19)+x) | 11 2 19 - x + = | 11:dollar 2:dollar 19:dollar -:dollar x:dollar +:dollar =:dollar
EXPR: 0 | POS | INT | 17 | 4 | 6 | (11+(x+2))=19 | 11 x 2 + + 19 = | 11:dollar x:dollar 2:dollar +:dollar +:dollar 19:dollar =:dollar
EXPR: 0 | POS | INT | 17 | 4 | 10 | ((x+11)-2)=19 | x 11 + 2 - 19 = | x:dollar 11:dollar +:dollar 2:dollar -:dollar 19:dollar =:dollar
EXPR: 0 | POS | INT | 17 | 4 | 10 | (2+(19-x))=11 | 2 19 x - + 11 = | 2:dollar 19:dollar x:dollar -:dollar +:dollar 11:dollar =:dollar
EXPR: 0 | POS | INT | 17 | 4 | 28 | 11=(2-(19-x)) | 11 2 19 x - - = | 11:dollar 2:dollar 19:dollar x:dollar -:dollar -:dollar =:dollar
EXPR: 0 | POS | INT | 17 | 4 | 32 | ((x-2)-19)=11 | x 2 - 19 - 11 = | x:dollar 2:dollar -:dollar 19:dollar -:dollar 11:dollar =:dollar
EXPR: 0 | POS | INT | 17 | 4 | 10 | (11-(2-x))=19 | 11 2 x - - 19 = | 11:dollar 2:dollar x:dollar -:dollar -:dollar 19:dollar =:dollar
EXPR: 0 | POS | INT | 17 | 4 | 6 | ((11+x)+2)=19 | 11 x + 2 + 19 = | 11:dollar x:dollar +:dollar 2:dollar +:dollar 19:dollar =:dollar
EXPR: 0 | POS | INT | 17 | 4 | 10 | ((11+x)-2)=19 | 11 x + 2 - 19 = | 11:dollar x:dollar +:dollar 2:dollar -:dollar 19:dollar =:dollar
EXPR: 0 | POS | INT | 17 | 4 | 6 | 2=((19-11)-x) | 2 19 11 - x - = | 2:dollar 19:dollar 11:dollar -:dollar x:dollar -:dollar =:dollar
EXPR: 0 | POS | INT | 17 | 4 | 10 | (11+(x-2))=19 | 11 x 2 - + 19 = | 11:dollar x:dollar 2:dollar -:dollar +:dollar 19:dollar =:dollar
EXPR: 0 | POS | INT | 17 | 4 | 247 | (11+2)=(x/19) | 11 2 + x 19 / = | 11:dollar 2:dollar +:dollar x:dollar 19:lawn /:dollar =:dollar
EXPR: 0 | POS | INT | 17 | 4 | 28 | (2-(19-x))=11 | 2 19 x - - 11 = | 2:dollar 19:dollar x:dollar -:dollar -:dollar 11:dollar =:dollar
EXPR: 0 | POS | INT | 17 | 4 | 10 | (2-(x-19))=11 | 2 x 19 - - 11 = | 2:dollar x:dollar 19:dollar -:dollar -:dollar 11:dollar =:dollar
EXPR: 0 | POS | INT | 17 | 4 | 28 | (x+(2-19))=11 | x 2 19 - + 11 = | x:dollar 2:dollar 19:dollar -:dollar +:dollar 11:dollar =:dollar
EXPR: 0 | POS | INT | 17 | 4 | 6 | ((x+11)+2)=19 | x 11 + 2 + 19 = | x:dollar 11:dollar +:dollar 2:dollar +:dollar 19:dollar =:dollar
EXPR: 0 | POS | INT | 17 | 4 | 10 | (2-(11-19))=x | 2 11 19 - - x = | 2:dollar 11:dollar 19:dollar -:dollar -:dollar x:dollar =:dollar
EXPR: 0 | POS | INT | 17 | 4 | 28 | 2=((19+11)-x) | 2 19 11 + x - = | 2:dollar 19:dollar 11:dollar +:dollar x:dollar -:dollar =:dollar
EXPR: 0 | POS | INT | 17 | 4 | 171 | (x/(11-2))=19 | x 11 2 - / 19 = | x:lawn 11:dollar 2:dollar -:dollar /:lawn 19:lawn =:lawn
EXPR: 0 | POS | INT | 17 | 4 | 28 | ((x+2)-19)=11 | x 2 + 19 - 11 = | x:dollar 2:dollar +:dollar 19:dollar -:dollar 11:dollar =:dollar
EXPR: 0 | POS | INT | 19 | 4 | 10 | 2=((x+11)-19) | 2 x 11 + 19 - = | 2:dollar x:dollar 11:dollar +:dollar 19:dollar -:dollar =:dollar
EXPR: 0 | POS | INT | 19 | 4 | 32 | ((x-2)-11)=19 | x 2 - 11 - 19 = | x:dollar 2:dollar -:dollar 11:dollar -:dollar 19:dollar =:dollar
EXPR: 0 | POS | INT | 19 | 4 | 6 | (2+(x+11))=19 | 2 x 11 + + 19 = | 2:dollar x:dollar 11:dollar +:dollar +:dollar 19:dollar =:dollar
EXPR: 0 | POS | INT | 19 | 4 | 28 | 2=((11-x)+19) | 2 11 x - 19 + = | 2:dollar 11:dollar x:dollar -:dollar 19:dollar +:dollar =:dollar
EXPR: 0 | POS | INT | 19 | 4 | 28 | ((x+2)-11)=19 | x 2 + 11 - 19 = | x:dollar 2:dollar +:dollar 11:dollar -:dollar 19:dollar =:dollar
EXPR: 0 | POS | INT | 19 | 4 | 6 | (2+(11+x))=19 | 2 11 x + + 19 = | 2:dollar 11:dollar x:dollar +:dollar +:dollar 19:dollar =:dollar
EXPR: 0 | POS | INT | 19 | 4 | 10 | ((x-2)+11)=19 | x 2 - 11 + 19 = | x:dollar 2:dollar -:dollar 11:dollar +:dollar 19:dollar =:dollar
EXPR: 0 | POS | INT | 19 | 4 | 28 | ((2+x)-11)=19 | 2 x + 11 - 19 = | 2:dollar x:dollar +:dollar 11:dollar -:dollar 19:dollar =:dollar
EXPR: 0 | POS | INT | 19 | 4 | 6 | ((2+x)+11)=19 | 2 x + 11 + 19 = | 2:dollar x:dollar +:dollar 11:dollar +:dollar 19:dollar =:dollar
EXPR: 0 | POS | INT | 19 | 4 | 6 | ((x+2)+11)=19 | x 2 + 11 + 19 = | x:dollar 2:dollar +:dollar 11:dollar +:dollar 19:dollar =:dollar
EXPR: 0 | POS | INT | 19 | 4 | 28 | ((2-11)+x)=19 | 2 11 - x + 19 = | 2:dollar 11:dollar -:dollar x:dollar +:dollar 19:dollar =:dollar
EXPR: 0 | POS | INT | 19 | 4 | 32 | 2=((x-11)-19) | 2 x 11 - 19 - = | 2:dollar x:dollar 11:dollar -:dollar 19:dollar -:dollar =:dollar
EXPR: 0 | POS | INT | 19 | 4 | 28 | (x+(2-11))=19 | x 2 11 - + 19 = | x:dollar 2:dollar 11:dollar -:dollar +:dollar 19:dollar =:dollar
EXPR: 0 | POS | INT | 19 | 4 | 10 | 2=(x+(11-19)) | 2 x 11 19 - + = | 2:dollar x:dollar 11:dollar 19:dollar -:dollar +:dollar =:dollar
EXPR: 0 | POS | INT | 19 | 4 | 28 | (2+(x-11))=19 | 2 x 11 - + 19 = | 2:dollar x:dollar 11:dollar -:dollar +:dollar 19:dollar =:dollar
EXPR: 0 | POS | INT | 19 | 4 | 10 | 2=(11-(19-x)) | 2 11 19 x - - = | 2:dollar 11:dollar 19:dollar x:dollar -:dollar -:dollar =:dollar
EXPR: 0 | POS | INT | 19 | 4 | 10 | (x-(2-11))=19 | x 2 11 - - 19 = | x:dollar 2:dollar 11:dollar -:dollar -:dollar 19:dollar =:dollar
EXPR: 0 | POS | INT | 19 | 4 | 10 | 2=((11+x)-19) | 2 11 x + 19 - = | 2:dollar 11:dollar x:dollar +:dollar 19:dollar -:dollar =:dollar
EXPR: 0 | POS | INT | 19 | 4 | 10 | 2=(11+(x-19)) | 2 11 x 19 - + = | 2:dollar 11:dollar x:dollar 19:dollar -:dollar +:dollar =:dollar
EXPR: 0 | POS | INT | 19 | 4 | 28 | 2=(11-(x-19)) | 2 11 x 19 - - = | 2:dollar 11:dollar x:dollar 19:dollar -:dollar -:dollar =:dollar
EXPR: 0 | POS | INT | 19 | 4 | 28 | 2=(11+(19-x)) | 2 11 19 x - + = | 2:dollar 11:dollar 19:dollar x:dollar -:dollar +:dollar =:dollar
EXPR: 0 | POS | INT | 19 | 4 | 10 | 2=((11-19)+x) | 2 11 19 - x + = | 2:dollar 11:dollar 19:dollar -:dollar x:dollar +:dollar =:dollar
EXPR: 0 | POS | INT | 19 | 4 | 28 | (2-(11-x))=19 | 2 11 x - - 19 = | 2:dollar 11:dollar x:dollar -:dollar -:dollar 19:dollar =:dollar
EXPR: 0 | POS | INT | 20 | 4 | 41 | (19+(11*2))=x | 19 11 2 * + x = | 19:lawn 11:lawn 2:dollar *:lawn +:lawn x:lawn =:lawn
NET 287 unique, non-negative, integer-valued solutions found out of 1000 total solutions
