parameters: n=7 l=3 k=1 p=5 q=2 m=9
TOTAL 1000 solutions found
SOLN: CORRECT | POS/NEG | INT/FRA | OBJ-SCORE | TRUE-ANS | ANS | INFIX | POSTFIX | TYPED-POSTFIX
EXPR: 0 | POS | INT | 0 | 7 | 132 | x=((40+26)*2) | x 40 26 + 2 * = | x:problem 40:problem 26:problem +:problem 2:page *:problem =:problem
EXPR: 0 | POS | INT | 0 | 7 | 33 | x=((40+26)/2) | x 40 26 + 2 / = | x:problem 40:problem 26:problem +:problem 2:page /:problem =:problem
EXPR: 1 | POS | INT | 0 | 7 | 7 | x=((40-26)/2) | x 40 26 - 2 / = | x:problem 40:problem 26:problem -:problem 2:page /:problem =:problem
EXPR: 0 | POS | INT | 0 | 7 | 27 | x=(40-(26/2)) | x 40 26 2 / - = | x:problem 40:problem 26:problem 2:page /:problem -:problem =:problem
EXPR: 0 | POS | INT | 0 | 7 | 53 | x=(40+(26/2)) | x 40 26 2 / + = | x:problem 40:problem 26:problem 2:page /:problem +:problem =:problem
EXPR: 1 | POS | INT | 0 | 7 | 7 | ((40-26)/2)=x | 40 26 - 2 / x = | 40:problem 26:problem -:problem 2:page /:problem x:problem =:problem
EXPR: 0 | POS | INT | 0 | 7 | 92 | x=(40+(26*2)) | x 40 26 2 * + = | x:problem 40:problem 26:problem 2:page *:problem +:problem =:problem
EXPR: 0 | POS | INT | 0 | 7 | 28 | ((40-26)*2)=x | 40 26 - 2 * x = | 40:problem 26:problem -:problem 2:page *:problem x:problem =:problem
EXPR: 0 | POS | INT | 0 | 7 | 28 | x=((40-26)*2) | x 40 26 - 2 * = | x:problem 40:problem 26:problem -:problem 2:page *:problem =:problem
EXPR: 0 | POS | INT | 0 | 7 | 33 | ((40+26)/2)=x | 40 26 + 2 / x = | 40:problem 26:problem +:problem 2:page /:problem x:problem =:problem
EXPR: 0 | POS | INT | 0 | 7 | 132 | ((40+26)*2)=x | 40 26 + 2 * x = | 40:problem 26:problem +:problem 2:page *:problem x:problem =:problem
EXPR: 0 | POS | INT | 0 | 7 | 92 | (40+(26*2))=x | 40 26 2 * + x = | 40:problem 26:problem 2:page *:problem +:problem x:problem =:problem
EXPR: 0 | POS | INT | 0 | 7 | 53 | (40+(26/2))=x | 40 26 2 / + x = | 40:problem 26:problem 2:page /:problem +:problem x:problem =:problem
EXPR: 0 | POS | INT | 0 | 7 | 27 | (40-(26/2))=x | 40 26 2 / - x = | 40:problem 26:problem 2:page /:problem -:problem x:problem =:problem
EXPR: 0 | POS | INT | 2 | 7 | 54 | x=((40*2)-26) | x 40 2 * 26 - = | x:problem 40:problem 2:page *:problem 26:problem -:problem =:problem
EXPR: 0 | POS | INT | 2 | 7 | 46 | x=((40/2)+26) | x 40 2 / 26 + = | x:problem 40:problem 2:page /:problem 26:problem +:problem =:problem
EXPR: 0 | POS | INT | 2 | 7 | 106 | x=((40*2)+26) | x 40 2 * 26 + = | x:problem 40:problem 2:page *:problem 26:problem +:problem =:problem
EXPR: 0 | POS | INT | 2 | 7 | 12 | 40=((26*2)-x) | 40 26 2 * x - = | 40:problem 26:problem 2:page *:problem x:problem -:problem =:problem
EXPR: 0 | POS | INT | 2 | 7 | 92 | 40=(x-(26*2)) | 40 x 26 2 * - = | 40:problem x:problem 26:problem 2:page *:problem -:problem =:problem
EXPR: 0 | POS | INT | 2 | 7 | 53 | 40=(x-(26/2)) | 40 x 26 2 / - = | 40:problem x:problem 26:problem 2:page /:problem -:problem =:problem
EXPR: 0 | POS | INT | 2 | 7 | 6 | x=(26-(40/2)) | x 26 40 2 / - = | x:problem 26:problem 40:problem 2:page /:problem -:problem =:problem
EXPR: 0 | POS | INT | 2 | 7 | 106 | ((40*2)+26)=x | 40 2 * 26 + x = | 40:problem 2:page *:problem 26:problem +:problem x:problem =:problem
EXPR: 0 | POS | INT | 2 | 7 | 106 | x=(26+(40*2)) | x 26 40 2 * + = | x:problem 26:problem 40:problem 2:page *:problem +:problem =:problem
EXPR: 0 | POS | INT | 2 | 7 | 27 | 40=(x+(26/2)) | 40 x 26 2 / + = | 40:problem x:problem 26:problem 2:page /:problem +:problem =:problem
EXPR: 0 | POS | INT | 2 | 7 | 54 | ((40*2)-26)=x | 40 2 * 26 - x = | 40:problem 2:page *:problem 26:problem -:problem x:problem =:problem
EXPR: 0 | POS | INT | 2 | 7 | 106 | (26+(40*2))=x | 26 40 2 * + x = | 26:problem 40:problem 2:page *:problem +:problem x:problem =:problem
EXPR: 0 | POS | INT | 2 | 7 | 54 | 40=((x+26)/2) | 40 x 26 + 2 / = | 40:problem x:problem 26:problem +:problem 2:page /:problem =:problem
EXPR: 0 | POS | INT | 2 | 7 | 54 | 40=((26+x)/2) | 40 26 x + 2 / = | 40:problem 26:problem x:problem +:problem 2:page /:problem =:problem
EXPR: 0 | POS | INT | 2 | 7 | 106 | 40=((x-26)/2) | 40 x 26 - 2 / = | 40:problem x:problem 26:problem -:problem 2:page /:problem =:problem
EXPR: 0 | POS | INT | 2 | 7 | 27 | 40=((26/2)+x) | 40 26 2 / x + = | 40:problem 26:problem 2:page /:problem x:problem +:problem =:problem
EXPR: 1 | POS | INT | 2 | 7 | 7 | 40=(26+(2*x)) | 40 26 2 x * + = | 40:problem 26:problem 2:page x:problem *:problem +:problem =:problem
EXPR: 0 | POS | INT | 2 | 7 | 46 | 40=((x-26)*2) | 40 x 26 - 2 * = | 40:problem x:problem 26:problem -:problem 2:page *:problem =:problem
EXPR: 1 | POS | INT | 2 | 7 | 7 | 40=(26+(x*2)) | 40 26 x 2 * + = | 40:problem 26:problem x:problem 2:page *:problem +:problem =:problem
EXPR: 0 | POS | INT | 2 | 7 | 28 | 40=(26+(x/2)) | 40 26 x 2 / + = | 40:problem 26:problem x:problem 2:page /:problem +:problem =:problem
EXPR: 0 | POS | INT | 2 | 7 | 6 | 40=((26-x)*2) | 40 26 x - 2 * = | 40:problem 26:problem x:problem -:problem 2:page *:problem =:problem
EXPR: 0 | POS | INT | 2 | 7 | 46 | (26+(40/2))=x | 26 40 2 / + x = | 26:problem 40:problem 2:page /:problem +:problem x:problem =:problem
EXPR: 0 | POS | INT | 2 | 7 | 6 | (26-(40/2))=x | 26 40 2 / - x = | 26:problem 40:problem 2:page /:problem -:problem x:problem =:problem
EXPR: 0 | POS | INT | 2 | 7 | 46 | ((40/2)+26)=x | 40 2 / 26 + x = | 40:problem 2:page /:problem 26:problem +:problem x:problem =:problem
EXPR: 0 | POS | INT | 2 | 7 | 46 | x=(26+(40/2)) | x 26 40 2 / + = | x:problem 26:problem 40:problem 2:page /:problem +:problem =:problem
EXPR: 0 | POS | INT | 4 | 7 | 6 | (x+(40/2))=26 | x 40 2 / + 26 = | x:problem 40:problem 2:page /:problem +:problem 26:problem =:problem
EXPR: 0 | POS | INT | 4 | 7 | 46 | (x-(40/2))=26 | x 40 2 / - 26 = | x:problem 40:problem 2:page /:problem -:problem 26:problem =:problem
EXPR: 0 | POS | INT | 4 | 7 | 12 | 26=((x+40)/2) | 26 x 40 + 2 / = | 26:problem x:problem 40:problem +:problem 2:page /:problem =:problem
EXPR: 1 | POS | INT | 4 | 7 | 7 | 40=((x*2)+26) | 40 x 2 * 26 + = | 40:problem x:problem 2:page *:problem 26:problem +:problem =:problem
EXPR: 0 | POS | INT | 4 | 7 | 12 | ((x+40)/2)=26 | x 40 + 2 / 26 = | x:problem 40:problem +:problem 2:page /:problem 26:problem =:problem
EXPR: 1 | POS | INT | 4 | 7 | 7 | (40-(2*x))=26 | 40 2 x * - 26 = | 40:problem 2:page x:problem *:problem -:problem 26:problem =:problem
EXPR: 0 | POS | INT | 4 | 7 | 106 | 26=(x-(40*2)) | 26 x 40 2 * - = | 26:problem x:problem 40:problem 2:page *:problem -:problem =:problem
EXPR: 0 | POS | INT | 4 | 7 | 46 | 26=(x-(40/2)) | 26 x 40 2 / - = | 26:problem x:problem 40:problem 2:page /:problem -:problem =:problem
EXPR: 1 | POS | INT | 4 | 7 | 7 | 26=(40-(2*x)) | 26 40 2 x * - = | 26:problem 40:problem 2:page x:problem *:problem -:problem =:problem
EXPR: 1 | POS | INT | 4 | 7 | 7 | 26=(40-(x*2)) | 26 40 x 2 * - = | 26:problem 40:problem x:problem 2:page *:problem -:problem =:problem
EXPR: 0 | POS | INT | 4 | 7 | 28 | 26=(40-(x/2)) | 26 40 x 2 / - = | 26:problem 40:problem x:problem 2:page /:problem -:problem =:problem
EXPR: 0 | POS | INT | 4 | 7 | 6 | 40=(2*(26-x)) | 40 2 26 x - * = | 40:problem 2:page 26:problem x:problem -:problem *:problem =:problem
EXPR: 0 | POS | INT | 4 | 7 | 33 | 40=((2*x)-26) | 40 2 x * 26 - = | 40:problem 2:page x:problem *:problem 26:problem -:problem =:problem
EXPR: 0 | POS | INT | 4 | 7 | 54 | 26=((40*2)-x) | 26 40 2 * x - = | 26:problem 40:problem 2:page *:problem x:problem -:problem =:problem
EXPR: 0 | POS | INT | 4 | 7 | 6 | 26=((40/2)+x) | 26 40 2 / x + = | 26:problem 40:problem 2:page /:problem x:problem +:problem =:problem
EXPR: 0 | POS | INT | 4 | 7 | 46 | 40=(2*(x-26)) | 40 2 x 26 - * = | 40:problem 2:page x:problem 26:problem -:problem *:problem =:problem
EXPR: 0 | POS | INT | 4 | 7 | 132 | 40=((x/2)-26) | 40 x 2 / 26 - = | 40:problem x:problem 2:page /:problem 26:problem -:problem =:problem
EXPR: 1 | POS | INT | 4 | 7 | 7 | (40-(x*2))=26 | 40 x 2 * - 26 = | 40:problem x:problem 2:page *:problem -:problem 26:problem =:problem
EXPR: 0 | POS | INT | 4 | 7 | 12 | ((40+x)/2)=26 | 40 x + 2 / 26 = | 40:problem x:problem +:problem 2:page /:problem 26:problem =:problem
EXPR: 0 | POS | INT | 4 | 7 | 28 | 40=((x/2)+26) | 40 x 2 / 26 + = | 40:problem x:problem 2:page /:problem 26:problem +:problem =:problem
EXPR: 0 | POS | INT | 4 | 7 | 54 | ((40*2)-x)=26 | 40 2 * x - 26 = | 40:problem 2:page *:problem x:problem -:problem 26:problem =:problem
EXPR: 0 | POS | INT | 4 | 7 | 6 | 26=(x+(40/2)) | 26 x 40 2 / + = | 26:problem x:problem 40:problem 2:page /:problem +:problem =:problem
EXPR: 0 | POS | INT | 4 | 7 | 106 | (x-(40*2))=26 | x 40 2 * - 26 = | x:problem 40:problem 2:page *:problem -:problem 26:problem =:problem
EXPR: 0 | POS | INT | 4 | 7 | 92 | ((x-40)/2)=26 | x 40 - 2 / 26 = | x:problem 40:problem -:problem 2:page /:problem 26:problem =:problem
EXPR: 0 | POS | INT | 4 | 7 | 27 | ((40-x)*2)=26 | 40 x - 2 * 26 = | 40:problem x:problem -:problem 2:page *:problem 26:problem =:problem
EXPR: 0 | POS | INT | 4 | 7 | 28 | (40-(x/2))=26 | 40 x 2 / - 26 = | 40:problem x:problem 2:page /:problem -:problem 26:problem =:problem
EXPR: 0 | POS | INT | 4 | 7 | 33 | 40=((x*2)-26) | 40 x 2 * 26 - = | 40:problem x:problem 2:page *:problem 26:problem -:problem =:problem
EXPR: 0 | POS | INT | 4 | 7 | 92 | 26=((x-40)/2) | 26 x 40 - 2 / = | 26:problem x:problem 40:problem -:problem 2:page /:problem =:problem
EXPR: 0 | POS | INT | 4 | 7 | 12 | 26=((40+x)/2) | 26 40 x + 2 / = | 26:problem 40:problem x:problem +:problem 2:page /:problem =:problem
EXPR: 0 | POS | INT | 4 | 7 | 53 | ((x-40)*2)=26 | x 40 - 2 * 26 = | x:problem 40:problem -:problem 2:page *:problem 26:problem =:problem
EXPR: 0 | POS | INT | 4 | 7 | 53 | 26=((x-40)*2) | 26 x 40 - 2 * = | 26:problem x:problem 40:problem -:problem 2:page *:problem =:problem
EXPR: 1 | POS | INT | 4 | 7 | 7 | 40=((2*x)+26) | 40 2 x * 26 + = | 40:problem 2:page x:problem *:problem 26:problem +:problem =:problem
EXPR: 0 | POS | INT | 4 | 7 | 6 | ((40/2)+x)=26 | 40 2 / x + 26 = | 40:problem 2:page /:problem x:problem +:problem 26:problem =:problem
EXPR: 0 | POS | INT | 4 | 7 | 27 | 26=((40-x)*2) | 26 40 x - 2 * = | 26:problem 40:problem x:problem -:problem 2:page *:problem =:problem
EXPR: 0 | POS | INT | 5 | 7 | 92 | ((26*2)+40)=x | 26 2 * 40 + x = | 26:problem 2:page *:problem 40:problem +:problem x:problem =:problem
EXPR: 0 | POS | INT | 5 | 7 | 12 | ((26*2)-40)=x | 26 2 * 40 - x = | 26:problem 2:page *:problem 40:problem -:problem x:problem =:problem
EXPR: 0 | POS | INT | 5 | 7 | 28 | (2*(40-26))=x | 2 40 26 - * x = | 2:page 40:problem 26:problem -:problem *:problem x:problem =:problem
EXPR: 0 | POS | INT | 5 | 7 | 132 | (2*(40+26))=x | 2 40 26 + * x = | 2:page 40:problem 26:problem +:problem *:problem x:problem =:problem
EXPR: 0 | POS | INT | 5 | 7 | 12 | x=((26*2)-40) | x 26 2 * 40 - = | x:problem 26:problem 2:page *:problem 40:problem -:problem =:problem
EXPR: 0 | POS | INT | 5 | 7 | 132 | x=(2*(40+26)) | x 2 40 26 + * = | x:problem 2:page 40:problem 26:problem +:problem *:problem =:problem
EXPR: 0 | POS | INT | 5 | 7 | 28 | x=(2*(40-26)) | x 2 40 26 - * = | x:problem 2:page 40:problem 26:problem -:problem *:problem =:problem
EXPR: 0 | POS | INT | 5 | 7 | 92 | x=((26*2)+40) | x 26 2 * 40 + = | x:problem 26:problem 2:page *:problem 40:problem +:problem =:problem
EXPR: 0 | POS | INT | 5 | 7 | 53 | x=((26/2)+40) | x 26 2 / 40 + = | x:problem 26:problem 2:page /:problem 40:problem +:problem =:problem
EXPR: 0 | POS | INT | 5 | 7 | 53 | ((26/2)+40)=x | 26 2 / 40 + x = | 26:problem 2:page /:problem 40:problem +:problem x:problem =:problem
EXPR: 0 | POS | INT | 7 | 7 | 27 | (x+(26/2))=40 | x 26 2 / + 40 = | x:problem 26:problem 2:page /:problem +:problem 40:problem =:problem
EXPR: 0 | POS | INT | 7 | 7 | 53 | (x-(26/2))=40 | x 26 2 / - 40 = | x:problem 26:problem 2:page /:problem -:problem 40:problem =:problem
EXPR: 1 | POS | INT | 7 | 7 | 7 | (26+(x*2))=40 | 26 x 2 * + 40 = | 26:problem x:problem 2:page *:problem +:problem 40:problem =:problem
EXPR: 1 | POS | INT | 7 | 7 | 7 | (26+(2*x))=40 | 26 2 x * + 40 = | 26:problem 2:page x:problem *:problem +:problem 40:problem =:problem
EXPR: 0 | POS | INT | 7 | 7 | 33 | ((x*2)-40)=26 | x 2 * 40 - 26 = | x:problem 2:page *:problem 40:problem -:problem 26:problem =:problem
EXPR: 0 | POS | INT | 7 | 7 | 6 | ((26-x)*2)=40 | 26 x - 2 * 40 = | 26:problem x:problem -:problem 2:page *:problem 40:problem =:problem
EXPR: 0 | POS | INT | 7 | 7 | 33 | 26=((2*x)-40) | 26 2 x * 40 - = | 26:problem 2:page x:problem *:problem 40:problem -:problem =:problem
EXPR: 0 | POS | INT | 7 | 7 | 53 | 26=(2*(x-40)) | 26 2 x 40 - * = | 26:problem 2:page x:problem 40:problem -:problem *:problem =:problem
EXPR: 0 | POS | INT | 7 | 7 | 54 | ((26+x)/2)=40 | 26 x + 2 / 40 = | 26:problem x:problem +:problem 2:page /:problem 40:problem =:problem
EXPR: 0 | POS | INT | 7 | 7 | 27 | 26=(2*(40-x)) | 26 2 40 x - * = | 26:problem 2:page 40:problem x:problem -:problem *:problem =:problem
EXPR: 0 | POS | INT | 7 | 7 | 132 | ((x/2)-40)=26 | x 2 / 40 - 26 = | x:problem 2:page /:problem 40:problem -:problem 26:problem =:problem
EXPR: 0 | POS | INT | 7 | 7 | 12 | ((26*2)-x)=40 | 26 2 * x - 40 = | 26:problem 2:page *:problem x:problem -:problem 40:problem =:problem
EXPR: 0 | POS | INT | 7 | 7 | 92 | (x-(26*2))=40 | x 26 2 * - 40 = | x:problem 26:problem 2:page *:problem -:problem 40:problem =:problem
EXPR: 0 | POS | INT | 7 | 7 | 28 | (26+(x/2))=40 | 26 x 2 / + 40 = | 26:problem x:problem 2:page /:problem +:problem 40:problem =:problem
EXPR: 0 | POS | INT | 7 | 7 | 132 | 26=((x/2)-40) | 26 x 2 / 40 - = | 26:problem x:problem 2:page /:problem 40:problem -:problem =:problem
EXPR: 0 | POS | INT | 7 | 7 | 54 | ((x+26)/2)=40 | x 26 + 2 / 40 = | x:problem 26:problem +:problem 2:page /:problem 40:problem =:problem
EXPR: 0 | POS | INT | 7 | 7 | 27 | (2*(40-x))=26 | 2 40 x - * 26 = | 2:page 40:problem x:problem -:problem *:problem 26:problem =:problem
EXPR: 0 | POS | INT | 7 | 7 | 33 | 26=((x*2)-40) | 26 x 2 * 40 - = | 26:problem x:problem 2:page *:problem 40:problem -:problem =:problem
EXPR: 0 | POS | INT | 7 | 7 | 106 | ((x-26)/2)=40 | x 26 - 2 / 40 = | x:problem 26:problem -:problem 2:page /:problem 40:problem =:problem
EXPR: 0 | POS | INT | 7 | 7 | 46 | ((x-26)*2)=40 | x 26 - 2 * 40 = | x:problem 26:problem -:problem 2:page *:problem 40:problem =:problem
EXPR: 0 | POS | INT | 7 | 7 | 53 | (2*(x-40))=26 | 2 x 40 - * 26 = | 2:page x:problem 40:problem -:problem *:problem 26:problem =:problem
EXPR: 0 | POS | INT | 7 | 7 | 27 | ((26/2)+x)=40 | 26 2 / x + 40 = | 26:problem 2:page /:problem x:problem +:problem 40:problem =:problem
EXPR: 0 | POS | INT | 7 | 7 | 33 | ((2*x)-40)=26 | 2 x * 40 - 26 = | 2:page x:problem *:problem 40:problem -:problem 26:problem =:problem
EXPR: 0 | POS | INT | 9 | 7 | 6 | (2*(26-x))=40 | 2 26 x - * 40 = | 2:page 26:problem x:problem -:problem *:problem 40:problem =:problem
EXPR: 0 | POS | INT | 9 | 7 | 33 | ((x*2)-26)=40 | x 2 * 26 - 40 = | x:problem 2:page *:problem 26:problem -:problem 40:problem =:problem
EXPR: 1 | POS | INT | 9 | 7 | 7 | ((x*2)+26)=40 | x 2 * 26 + 40 = | x:problem 2:page *:problem 26:problem +:problem 40:problem =:problem
EXPR: 0 | POS | INT | 9 | 7 | 132 | ((x/2)-26)=40 | x 2 / 26 - 40 = | x:problem 2:page /:problem 26:problem -:problem 40:problem =:problem
EXPR: 0 | POS | INT | 9 | 7 | 28 | ((x/2)+26)=40 | x 2 / 26 + 40 = | x:problem 2:page /:problem 26:problem +:problem 40:problem =:problem
EXPR: 0 | POS | INT | 9 | 7 | 46 | (2*(x-26))=40 | 2 x 26 - * 40 = | 2:page x:problem 26:problem -:problem *:problem 40:problem =:problem
EXPR: 0 | POS | INT | 9 | 7 | 33 | ((2*x)-26)=40 | 2 x * 26 - 40 = | 2:page x:problem *:problem 26:problem -:problem 40:problem =:problem
EXPR: 1 | POS | INT | 9 | 7 | 7 | ((2*x)+26)=40 | 2 x * 26 + 40 = | 2:page x:problem *:problem 26:problem +:problem 40:problem =:problem
EXPR: 0 | POS | INT | 10 | 7 | 16 | ((40-26)+2)=x | 40 26 - 2 + x = | 40:problem 26:problem -:problem 2:problem +:problem x:problem =:problem
EXPR: 0 | POS | INT | 10 | 7 | 64 | (40+(26-2))=x | 40 26 2 - + x = | 40:problem 26:problem 2:problem -:problem +:problem x:problem =:problem
EXPR: 0 | POS | INT | 10 | 7 | 960 | (40*(26-2))=x | 40 26 2 - * x = | 40:problem 26:page 2:page -:page *:problem x:problem =:problem
EXPR: 0 | POS | INT | 10 | 7 | 16 | (40-(26-2))=x | 40 26 2 - - x = | 40:problem 26:problem 2:problem -:problem -:problem x:problem =:problem
EXPR: 0 | POS | INT | 10 | 7 | 68 | (40+(26+2))=x | 40 26 2 + + x = | 40:problem 26:problem 2:problem +:problem +:problem x:problem =:problem
EXPR: 0 | POS | INT | 10 | 7 | 1120 | (40*(26+2))=x | 40 26 2 + * x = | 40:problem 26:page 2:page +:page *:problem x:problem =:problem
EXPR: 0 | POS | INT | 10 | 7 | 64 | ((40+26)-2)=x | 40 26 + 2 - x = | 40:problem 26:problem +:problem 2:problem -:problem x:problem =:problem
EXPR: 0 | POS | INT | 10 | 7 | 12 | ((40-26)-2)=x | 40 26 - 2 - x = | 40:problem 26:problem -:problem 2:problem -:problem x:problem =:problem
EXPR: 0 | POS | INT | 10 | 7 | 68 | ((40+26)+2)=x | 40 26 + 2 + x = | 40:problem 26:problem +:problem 2:problem +:problem x:problem =:problem
EXPR: 0 | POS | INT | 10 | 7 | 68 | x=((40+26)+2) | x 40 26 + 2 + = | x:problem 40:problem 26:problem +:problem 2:problem +:problem =:problem
EXPR: 0 | POS | INT | 10 | 7 | 16 | x=((40-26)+2) | x 40 26 - 2 + = | x:problem 40:problem 26:problem -:problem 2:problem +:problem =:problem
EXPR: 0 | POS | INT | 10 | 7 | 1120 | x=(40*(26+2)) | x 40 26 2 + * = | x:problem 40:problem 26:page 2:page +:page *:problem =:problem
EXPR: 0 | POS | INT | 10 | 7 | 960 | x=(40*(26-2)) | x 40 26 2 - * = | x:problem 40:problem 26:page 2:page -:page *:problem =:problem
EXPR: 0 | POS | INT | 10 | 7 | 64 | x=((40+26)-2) | x 40 26 + 2 - = | x:problem 40:problem 26:problem +:problem 2:problem -:problem =:problem
EXPR: 0 | POS | INT | 10 | 7 | 12 | x=((40-26)-2) | x 40 26 - 2 - = | x:problem 40:problem 26:problem -:problem 2:problem -:problem =:problem
EXPR: 0 | POS | INT | 10 | 7 | 12 | (40-(26+2))=x | 40 26 2 + - x = | 40:problem 26:problem 2:problem +:problem -:problem x:problem =:problem
EXPR: 0 | POS | INT | 10 | 7 | 12 | x=(40-(26+2)) | x 40 26 2 + - = | x:problem 40:problem 26:problem 2:problem +:problem -:problem =:problem
EXPR: 0 | POS | INT | 10 | 7 | 16 | x=(40-(26-2)) | x 40 26 2 - - = | x:problem 40:problem 26:problem 2:problem -:problem -:problem =:problem
EXPR: 0 | POS | INT | 10 | 7 | 64 | x=(40+(26-2)) | x 40 26 2 - + = | x:problem 40:problem 26:problem 2:problem -:problem +:problem =:problem
EXPR: 0 | POS | INT | 10 | 7 | 68 | x=(40+(26+2)) | x 40 26 2 + + = | x:problem 40:problem 26:problem 2:problem +:problem +:problem =:problem
EXPR: 0 | POS | INT | 12 | 7 | 64 | ((40+26)-x)=2 | 40 26 + x - 2 = | 40:problem 26:problem +:problem x:problem -:problem 2:problem =:problem
EXPR: 0 | POS | INT | 12 | 7 | 1092 | (26*(40+2))=x | 26 40 2 + * x = | 26:problem 40:page 2:page +:page *:problem x:problem =:problem
EXPR: 0 | POS | INT | 12 | 7 | 12 | x=((40-2)-26) | x 40 2 - 26 - = | x:problem 40:problem 2:problem -:problem 26:problem -:problem =:problem
EXPR: 0 | POS | INT | 12 | 7 | 16 | (40+(2-26))=x | 40 2 26 - + x = | 40:problem 2:problem 26:problem -:problem +:problem x:problem =:problem
EXPR: 0 | POS | INT | 12 | 7 | 16 | 40=((x+26)-2) | 40 x 26 + 2 - = | 40:problem x:problem 26:problem +:problem 2:problem -:problem =:problem
EXPR: 0 | POS | INT | 12 | 7 | 1092 | x=((40+2)*26) | x 40 2 + 26 * = | x:problem 40:page 2:page +:page 26:problem *:problem =:problem
EXPR: 0 | POS | INT | 12 | 7 | 64 | (40-(2-26))=x | 40 2 26 - - x = | 40:problem 2:problem 26:problem -:problem -:problem x:problem =:problem
EXPR: 0 | POS | INT | 12 | 7 | 16 | 40=((26+x)-2) | 40 26 x + 2 - = | 40:problem 26:problem x:problem +:problem 2:problem -:problem =:problem
EXPR: 0 | POS | INT | 12 | 7 | 12 | 40=((26+x)+2) | 40 26 x + 2 + = | 40:problem 26:problem x:problem +:problem 2:problem +:problem =:problem
EXPR: 0 | POS | INT | 12 | 7 | 12 | (40-(x+26))=2 | 40 x 26 + - 2 = | 40:problem x:problem 26:problem +:problem -:problem 2:problem =:problem
EXPR: 0 | POS | INT | 12 | 7 | 12 | 40=((x+26)+2) | 40 x 26 + 2 + = | 40:problem x:problem 26:problem +:problem 2:problem +:problem =:problem
EXPR: 0 | POS | INT | 12 | 7 | 12 | ((40-26)-x)=2 | 40 26 - x - 2 = | 40:problem 26:problem -:problem x:problem -:problem 2:problem =:problem
EXPR: 0 | POS | INT | 12 | 7 | 12 | ((40-2)-26)=x | 40 2 - 26 - x = | 40:problem 2:problem -:problem 26:problem -:problem x:problem =:problem
EXPR: 0 | POS | INT | 12 | 7 | 12 | ((40-x)-26)=2 | 40 x - 26 - 2 = | 40:problem x:problem -:problem 26:problem -:problem 2:problem =:problem
EXPR: 0 | POS | INT | 12 | 7 | 68 | 40=((x-26)-2) | 40 x 26 - 2 - = | 40:problem x:problem 26:problem -:problem 2:problem -:problem =:problem
EXPR: 0 | POS | INT | 12 | 7 | 12 | (40-(26+x))=2 | 40 26 x + - 2 = | 40:problem 26:problem x:problem +:problem -:problem 2:problem =:problem
EXPR: 0 | POS | INT | 12 | 7 | 16 | x=((40+2)-26) | x 40 2 + 26 - = | x:problem 40:problem 2:problem +:problem 26:problem -:problem =:problem
EXPR: 0 | POS | INT | 12 | 7 | 46 | (40/(x-26))=2 | 40 x 26 - / 2 = | 40:page x:problem 26:problem -:problem /:page 2:page =:page
EXPR: 0 | POS | INT | 12 | 7 | 6 | (40/(26-x))=2 | 40 26 x - / 2 = | 40:page 26:problem x:problem -:problem /:page 2:page =:page
EXPR: 0 | POS | INT | 12 | 7 | 68 | ((40+2)+26)=x | 40 2 + 26 + x = | 40:problem 2:problem +:problem 26:problem +:problem x:problem =:problem
EXPR: 0 | POS | INT | 12 | 7 | 64 | (26+(40-2))=x | 26 40 2 - + x = | 26:problem 40:problem 2:problem -:problem +:problem x:problem =:problem
EXPR: 0 | POS | INT | 12 | 7 | 64 | (40-(x-26))=2 | 40 x 26 - - 2 = | 40:problem x:problem 26:problem -:problem -:problem 2:problem =:problem
EXPR: 0 | POS | INT | 12 | 7 | 64 | x=((40-2)+26) | x 40 2 - 26 + = | x:problem 40:problem 2:problem -:problem 26:problem +:problem =:problem
EXPR: 0 | POS | INT | 12 | 7 | 68 | x=((40+2)+26) | x 40 2 + 26 + = | x:problem 40:problem 2:problem +:problem 26:problem +:problem =:problem
EXPR: 0 | POS | INT | 12 | 7 | 16 | 40=(26+(x-2)) | 40 26 x 2 - + = | 40:problem 26:problem x:problem 2:problem -:problem +:problem =:problem
EXPR: 0 | POS | INT | 12 | 7 | 1092 | x=(26*(40+2)) | x 26 40 2 + * = | x:problem 26:problem 40:page 2:page +:page *:problem =:problem
EXPR: 0 | POS | INT | 12 | 7 | 988 | (26*(40-2))=x | 26 40 2 - * x = | 26:problem 40:page 2:page -:page *:problem x:problem =:problem
EXPR: 0 | POS | INT | 12 | 7 | 988 | x=(26*(40-2)) | x 26 40 2 - * = | x:problem 26:problem 40:page 2:page -:page *:problem =:problem
EXPR: 0 | POS | INT | 12 | 7 | 16 | ((40+2)-26)=x | 40 2 + 26 - x = | 40:problem 2:problem +:problem 26:problem -:problem x:problem =:problem
EXPR: 0 | POS | INT | 12 | 7 | 68 | (26+(40+2))=x | 26 40 2 + + x = | 26:problem 40:problem 2:problem +:problem +:problem x:problem =:problem
EXPR: 0 | POS | INT | 12 | 7 | 12 | 40=(26+(x+2)) | 40 26 x 2 + + = | 40:problem 26:problem x:problem 2:problem +:problem +:problem =:problem
EXPR: 0 | POS | INT | 12 | 7 | 16 | 40=((26-2)+x) | 40 26 2 - x + = | 40:problem 26:problem 2:problem -:problem x:problem +:problem =:problem
EXPR: 0 | POS | INT | 12 | 7 | 68 | (x-(40+26))=2 | x 40 26 + - 2 = | x:problem 40:problem 26:problem +:problem -:problem 2:problem =:problem
EXPR: 0 | POS | INT | 12 | 7 | 64 | ((40-2)+26)=x | 40 2 - 26 + x = | 40:problem 2:problem -:problem 26:problem +:problem x:problem =:problem
EXPR: 0 | POS | INT | 12 | 7 | 64 | 40=((x-26)+2) | 40 x 26 - 2 + = | 40:problem x:problem 26:problem -:problem 2:problem +:problem =:problem
EXPR: 0 | POS | INT | 12 | 7 | 988 | ((40-2)*26)=x | 40 2 - 26 * x = | 40:page 2:page -:page 26:problem *:problem x:problem =:problem
EXPR: 0 | POS | INT | 12 | 7 | 16 | (x-(40-26))=2 | x 40 26 - - 2 = | x:problem 40:problem 26:problem -:problem -:problem 2:problem =:problem
EXPR: 0 | POS | INT | 12 | 7 | 12 | 40=(26+(2+x)) | 40 26 2 x + + = | 40:problem 26:problem 2:problem x:problem +:problem +:problem =:problem
EXPR: 0 | POS | INT | 12 | 7 | 1120 | 40=(x/(26+2)) | 40 x 26 2 + / = | 40:problem x:problem 26:page 2:page +:page /:problem =:problem
EXPR: 0 | POS | INT | 12 | 7 | 68 | 40=(x-(26+2)) | 40 x 26 2 + - = | 40:problem x:problem 26:problem 2:problem +:problem -:problem =:problem
EXPR: 0 | POS | INT | 12 | 7 | 64 | ((40-x)+26)=2 | 40 x - 26 + 2 = | 40:problem x:problem -:problem 26:problem +:problem 2:problem =:problem
EXPR: 0 | POS | INT | 12 | 7 | 960 | 40=(x/(26-2)) | 40 x 26 2 - / = | 40:problem x:problem 26:page 2:page -:page /:problem =:problem
EXPR: 0 | POS | INT | 12 | 7 | 64 | (40+(26-x))=2 | 40 26 x - + 2 = | 40:problem 26:problem x:problem -:problem +:problem 2:problem =:problem
EXPR: 0 | POS | INT | 12 | 7 | 64 | 40=(x-(26-2)) | 40 x 26 2 - - = | 40:problem x:problem 26:problem 2:problem -:problem -:problem =:problem
EXPR: 0 | POS | INT | 12 | 7 | 16 | 40=(26-(2-x)) | 40 26 2 x - - = | 40:problem 26:problem 2:problem x:problem -:problem -:problem =:problem
EXPR: 0 | POS | INT | 12 | 7 | 1092 | ((40+2)*26)=x | 40 2 + 26 * x = | 40:page 2:page +:page 26:problem *:problem x:problem =:problem
EXPR: 0 | POS | INT | 12 | 7 | 12 | 40=((26+2)+x) | 40 26 2 + x + = | 40:problem 26:problem 2:problem +:problem x:problem +:problem =:problem
EXPR: 0 | POS | INT | 12 | 7 | 16 | ((x-40)+26)=2 | x 40 - 26 + 2 = | x:problem 40:problem -:problem 26:problem +:problem 2:problem =:problem
EXPR: 0 | POS | INT | 12 | 7 | 988 | x=((40-2)*26) | x 40 2 - 26 * = | x:problem 40:page 2:page -:page 26:problem *:problem =:problem
EXPR: 0 | POS | INT | 12 | 7 | 64 | x=(26+(40-2)) | x 26 40 2 - + = | x:problem 26:problem 40:problem 2:problem -:problem +:problem =:problem
EXPR: 0 | POS | INT | 12 | 7 | 68 | ((x-40)-26)=2 | x 40 - 26 - 2 = | x:problem 40:problem -:problem 26:problem -:problem 2:problem =:problem
EXPR: 0 | POS | INT | 12 | 7 | 16 | 40=(x+(26-2)) | 40 x 26 2 - + = | 40:problem x:problem 26:problem 2:problem -:problem +:problem =:problem
EXPR: 0 | POS | INT | 12 | 7 | 12 | 40=(x+(26+2)) | 40 x 26 2 + + = | 40:problem x:problem 26:problem 2:problem +:problem +:problem =:problem
EXPR: 0 | POS | INT | 12 | 7 | 68 | x=(26+(40+2)) | x 26 40 2 + + = | x:problem 26:problem 40:problem 2:problem +:problem +:problem =:problem
EXPR: 0 | POS | INT | 12 | 7 | 132 | (x/(40+26))=2 | x 40 26 + / 2 = | x:page 40:problem 26:problem +:problem /:page 2:page =:page
EXPR: 0 | POS | INT | 12 | 7 | 28 | (x/(40-26))=2 | x 40 26 - / 2 = | x:page 40:problem 26:problem -:problem /:page 2:page =:page
EXPR: 0 | POS | INT | 12 | 7 | 16 | x=(40+(2-26)) | x 40 2 26 - + = | x:problem 40:problem 2:problem 26:problem -:problem +:problem =:problem
EXPR: 0 | POS | INT | 12 | 7 | 64 | x=(40-(2-26)) | x 40 2 26 - - = | x:problem 40:problem 2:problem 26:problem -:problem -:problem =:problem
EXPR: 1 | POS | INT | 12 | 7 | 7 | (40-26)=(2*x) | 40 26 - 2 x * = | 40:problem 26:problem -:problem 2:page x:problem *:problem =:problem
EXPR: 0 | POS | INT | 12 | 7 | 33 | (40+26)=(2*x) | 40 26 + 2 x * = | 40:problem 26:problem +:problem 2:page x:problem *:problem =:problem
EXPR: 0 | POS | INT | 12 | 7 | 132 | (40+26)=(x/2) | 40 26 + x 2 / = | 40:problem 26:problem +:problem x:problem 2:page /:problem =:problem
EXPR: 0 | POS | INT | 12 | 7 | 33 | (40+26)=(x*2) | 40 26 + x 2 * = | 40:problem 26:problem +:problem x:problem 2:page *:problem =:problem
EXPR: 0 | POS | INT | 12 | 7 | 12 | (x+40)=(26*2) | x 40 + 26 2 * = | x:problem 40:problem +:problem 26:problem 2:page *:problem =:problem
EXPR: 0 | POS | INT | 12 | 7 | 28 | (40-26)=(x/2) | 40 26 - x 2 / = | 40:problem 26:problem -:problem x:problem 2:page /:problem =:problem
EXPR: 1 | POS | INT | 12 | 7 | 7 | (40-26)=(x*2) | 40 26 - x 2 * = | 40:problem 26:problem -:problem x:problem 2:page *:problem =:problem
EXPR: 0 | POS | INT | 12 | 7 | 53 | (x-40)=(26/2) | x 40 - 26 2 / = | x:problem 40:problem -:problem 26:problem 2:page /:problem =:problem
EXPR: 0 | POS | INT | 12 | 7 | 92 | (x-40)=(26*2) | x 40 - 26 2 * = | x:problem 40:problem -:problem 26:problem 2:page *:problem =:problem
EXPR: 0 | POS | INT | 12 | 7 | 12 | (40+x)=(26*2) | 40 x + 26 2 * = | 40:problem x:problem +:problem 26:problem 2:page *:problem =:problem
EXPR: 0 | POS | INT | 12 | 7 | 27 | (40-x)=(26/2) | 40 x - 26 2 / = | 40:problem x:problem -:problem 26:problem 2:page /:problem =:problem
EXPR: 0 | POS | INT | 14 | 7 | 16 | ((x+26)-40)=2 | x 26 + 40 - 2 = | x:problem 26:problem +:problem 40:problem -:problem 2:problem =:problem
EXPR: 0 | POS | INT | 14 | 7 | 64 | 40=((2+x)-26) | 40 2 x + 26 - = | 40:problem 2:problem x:problem +:problem 26:problem -:problem =:problem
EXPR: 0 | POS | INT | 14 | 7 | 12 | 26=((40-2)-x) | 26 40 2 - x - = | 26:problem 40:problem 2:problem -:problem x:problem -:problem =:problem
EXPR: 0 | POS | INT | 14 | 7 | 16 | 40=((x-2)+26) | 40 x 2 - 26 + = | 40:problem x:problem 2:problem -:problem 26:problem +:problem =:problem
EXPR: 0 | POS | INT | 14 | 7 | 64 | (26+(40-x))=2 | 26 40 x - + 2 = | 26:problem 40:problem x:problem -:problem +:problem 2:problem =:problem
EXPR: 0 | POS | INT | 14 | 7 | 53 | (26/(x-40))=2 | 26 x 40 - / 2 = | 26:page x:problem 40:problem -:problem /:page 2:page =:page
EXPR: 0 | POS | INT | 14 | 7 | 12 | ((40-x)-2)=26 | 40 x - 2 - 26 = | 40:problem x:problem -:problem 2:problem -:problem 26:problem =:problem
EXPR: 0 | POS | INT | 14 | 7 | 12 | (40-(x+2))=26 | 40 x 2 + - 26 = | 40:problem x:problem 2:problem +:problem -:problem 26:problem =:problem
EXPR: 0 | POS | INT | 14 | 7 | 12 | ((40-2)-x)=26 | 40 2 - x - 26 = | 40:problem 2:problem -:problem x:problem -:problem 26:problem =:problem
EXPR: 0 | POS | INT | 14 | 7 | 68 | 40=((x-2)-26) | 40 x 2 - 26 - = | 40:problem x:problem 2:problem -:problem 26:problem -:problem =:problem
EXPR: 0 | POS | INT | 14 | 7 | 12 | (40-(2+x))=26 | 40 2 x + - 26 = | 40:problem 2:problem x:problem +:problem -:problem 26:problem =:problem
EXPR: 0 | POS | INT | 14 | 7 | 12 | 40=((x+2)+26) | 40 x 2 + 26 + = | 40:problem x:problem 2:problem +:problem 26:problem +:problem =:problem
EXPR: 0 | POS | INT | 14 | 7 | 16 | ((26+x)-40)=2 | 26 x + 40 - 2 = | 26:problem x:problem +:problem 40:problem -:problem 2:problem =:problem
EXPR: 0 | POS | INT | 14 | 7 | 1092 | (x/(40+2))=26 | x 40 2 + / 26 = | x:problem 40:page 2:page +:page /:problem 26:problem =:problem
EXPR: 0 | POS | INT | 14 | 7 | 64 | 40=((x+2)-26) | 40 x 2 + 26 - = | 40:problem x:problem 2:problem +:problem 26:problem -:problem =:problem
EXPR: 0 | POS | INT | 14 | 7 | 16 | (26-(40-x))=2 | 26 40 x - - 2 = | 26:problem 40:problem x:problem -:problem -:problem 2:problem =:problem
EXPR: 0 | POS | INT | 14 | 7 | 27 | (26/(40-x))=2 | 26 40 x - / 2 = | 26:page 40:problem x:problem -:problem /:page 2:page =:page
EXPR: 0 | POS | INT | 14 | 7 | 12 | 40=((2+x)+26) | 40 2 x + 26 + = | 40:problem 2:problem x:problem +:problem 26:problem +:problem =:problem
EXPR: 0 | POS | INT | 14 | 7 | 16 | (x+(26-40))=2 | x 26 40 - + 2 = | x:problem 26:problem 40:problem -:problem +:problem 2:problem =:problem
EXPR: 0 | POS | INT | 14 | 7 | 64 | 40=((2-26)+x) | 40 2 26 - x + = | 40:problem 2:problem 26:problem -:problem x:problem +:problem =:problem
EXPR: 0 | POS | INT | 14 | 7 | 16 | (40+(2-x))=26 | 40 2 x - + 26 = | 40:problem 2:problem x:problem -:problem +:problem 26:problem =:problem
EXPR: 0 | POS | INT | 14 | 7 | 1092 | 26=(x/(40+2)) | 26 x 40 2 + / = | 26:problem x:problem 40:page 2:page +:page /:problem =:problem
EXPR: 0 | POS | INT | 14 | 7 | 988 | 26=(x/(40-2)) | 26 x 40 2 - / = | 26:problem x:problem 40:page 2:page -:page /:problem =:problem
EXPR: 0 | POS | INT | 14 | 7 | 12 | 26=(40-(2+x)) | 26 40 2 x + - = | 26:problem 40:problem 2:problem x:problem +:problem -:problem =:problem
EXPR: 0 | POS | INT | 14 | 7 | 64 | 40=(2+(x-26)) | 40 2 x 26 - + = | 40:problem 2:problem x:problem 26:problem -:problem +:problem =:problem
EXPR: 0 | POS | INT | 14 | 7 | 12 | 40=(2+(x+26)) | 40 2 x 26 + + = | 40:problem 2:problem x:problem 26:problem +:problem +:problem =:problem
EXPR: 0 | POS | INT | 14 | 7 | 16 | 26=((40-x)+2) | 26 40 x - 2 + = | 26:problem 40:problem x:problem -:problem 2:problem +:problem =:problem
EXPR: 0 | POS | INT | 14 | 7 | 16 | (40-(x-2))=26 | 40 x 2 - - 26 = | 40:problem x:problem 2:problem -:problem -:problem 26:problem =:problem
EXPR: 0 | POS | INT | 14 | 7 | 16 | 26=((40+2)-x) | 26 40 2 + x - = | 26:problem 40:problem 2:problem +:problem x:problem -:problem =:problem
EXPR: 0 | POS | INT | 14 | 7 | 68 | 26=((x-40)-2) | 26 x 40 - 2 - = | 26:problem x:problem 40:problem -:problem 2:problem -:problem =:problem
EXPR: 0 | POS | INT | 14 | 7 | 68 | 26=(x-(40+2)) | 26 x 40 2 + - = | 26:problem x:problem 40:problem 2:problem +:problem -:problem =:problem
EXPR: 0 | POS | INT | 14 | 7 | 64 | 26=(x-(40-2)) | 26 x 40 2 - - = | 26:problem x:problem 40:problem 2:problem -:problem -:problem =:problem
EXPR: 0 | POS | INT | 14 | 7 | 988 | (x/(40-2))=26 | x 40 2 - / 26 = | x:problem 40:page 2:page -:page /:problem 26:problem =:problem
EXPR: 0 | POS | INT | 14 | 7 | 12 | 40=(2+(26+x)) | 40 2 26 x + + = | 40:problem 2:problem 26:problem x:problem +:problem +:problem =:problem
EXPR: 0 | POS | INT | 14 | 7 | 64 | (x-(40-2))=26 | x 40 2 - - 26 = | x:problem 40:problem 2:problem -:problem -:problem 26:problem =:problem
EXPR: 0 | POS | INT | 14 | 7 | 64 | 26=((x-40)+2) | 26 x 40 - 2 + = | 26:problem x:problem 40:problem -:problem 2:problem +:problem =:problem
EXPR: 0 | POS | INT | 14 | 7 | 64 | ((26-x)+40)=2 | 26 x - 40 + 2 = | 26:problem x:problem -:problem 40:problem +:problem 2:problem =:problem
EXPR: 0 | POS | INT | 14 | 7 | 16 | 26=(40+(2-x)) | 26 40 2 x - + = | 26:problem 40:problem 2:problem x:problem -:problem +:problem =:problem
EXPR: 0 | POS | INT | 14 | 7 | 16 | (26+(x-40))=2 | 26 x 40 - + 2 = | 26:problem x:problem 40:problem -:problem +:problem 2:problem =:problem
EXPR: 0 | POS | INT | 14 | 7 | 106 | (40*2)=(x-26) | 40 2 * x 26 - = | 40:problem 2:page *:problem x:problem 26:problem -:problem =:problem
EXPR: 0 | POS | INT | 14 | 7 | 54 | (40*2)=(26+x) | 40 2 * 26 x + = | 40:problem 2:page *:problem 26:problem x:problem +:problem =:problem
EXPR: 0 | POS | INT | 14 | 7 | 16 | ((40-x)+2)=26 | 40 x - 2 + 26 = | 40:problem x:problem -:problem 2:problem +:problem 26:problem =:problem
EXPR: 0 | POS | INT | 14 | 7 | 12 | 26=((40-x)-2) | 26 40 x - 2 - = | 26:problem 40:problem x:problem -:problem 2:problem -:problem =:problem
EXPR: 0 | POS | INT | 14 | 7 | 68 | (x-(40+2))=26 | x 40 2 + - 26 = | x:problem 40:problem 2:problem +:problem -:problem 26:problem =:problem
EXPR: 0 | POS | INT | 14 | 7 | 54 | (40*2)=(x+26) | 40 2 * x 26 + = | 40:problem 2:page *:problem x:problem 26:problem +:problem =:problem
EXPR: 0 | POS | INT | 14 | 7 | 16 | ((40+2)-x)=26 | 40 2 + x - 26 = | 40:problem 2:problem +:problem x:problem -:problem 26:problem =:problem
EXPR: 0 | POS | INT | 14 | 7 | 46 | (40/2)=(x-26) | 40 2 / x 26 - = | 40:problem 2:page /:problem x:problem 26:problem -:problem =:problem
EXPR: 0 | POS | INT | 14 | 7 | 16 | ((26-40)+x)=2 | 26 40 - x + 2 = | 26:problem 40:problem -:problem x:problem +:problem 2:problem =:problem
EXPR: 0 | POS | INT | 14 | 7 | 68 | ((x-26)-40)=2 | x 26 - 40 - 2 = | x:problem 26:problem -:problem 40:problem -:problem 2:problem =:problem
EXPR: 0 | POS | INT | 14 | 7 | 64 | ((x-40)+2)=26 | x 40 - 2 + 26 = | x:problem 40:problem -:problem 2:problem +:problem 26:problem =:problem
EXPR: 0 | POS | INT | 14 | 7 | 68 | ((x-40)-2)=26 | x 40 - 2 - 26 = | x:problem 40:problem -:problem 2:problem -:problem 26:problem =:problem
EXPR: 0 | POS | INT | 14 | 7 | 64 | 40=(x+(2-26)) | 40 x 2 26 - + = | 40:problem x:problem 2:problem 26:problem -:problem +:problem =:problem
EXPR: 0 | POS | INT | 14 | 7 | 6 | (40/2)=(26-x) | 40 2 / 26 x - = | 40:problem 2:page /:problem 26:problem x:problem -:problem =:problem
EXPR: 0 | POS | INT | 14 | 7 | 64 | (26-(x-40))=2 | 26 x 40 - - 2 = | 26:problem x:problem 40:problem -:problem -:problem 2:problem =:problem
EXPR: 0 | POS | INT | 14 | 7 | 64 | 40=(2-(26-x)) | 40 2 26 x - - = | 40:problem 2:problem 26:problem x:problem -:problem -:problem =:problem
EXPR: 0 | POS | INT | 14 | 7 | 12 | 26=(40-(x+2)) | 26 40 x 2 + - = | 26:problem 40:problem x:problem 2:problem +:problem -:problem =:problem
EXPR: 0 | POS | INT | 14 | 7 | 16 | 26=(40-(x-2)) | 26 40 x 2 - - = | 26:problem 40:problem x:problem 2:problem -:problem -:problem =:problem
EXPR: 0 | POS | INT | 14 | 7 | 16 | 40=(x-(2-26)) | 40 x 2 26 - - = | 40:problem x:problem 2:problem 26:problem -:problem -:problem =:problem
EXPR: 0 | POS | INT | 14 | 7 | 6 | (26-x)=(40/2) | 26 x - 40 2 / = | 26:problem x:problem -:problem 40:problem 2:page /:problem =:problem
EXPR: 0 | POS | INT | 14 | 7 | 46 | (x-26)=(40/2) | x 26 - 40 2 / = | x:problem 26:problem -:problem 40:problem 2:page /:problem =:problem
EXPR: 0 | POS | INT | 14 | 7 | 106 | (x-26)=(40*2) | x 26 - 40 2 * = | x:problem 26:problem -:problem 40:problem 2:page *:problem =:problem
EXPR: 0 | POS | INT | 14 | 7 | 54 | (26+x)=(40*2) | 26 x + 40 2 * = | 26:problem x:problem +:problem 40:problem 2:page *:problem =:problem
EXPR: 0 | POS | INT | 14 | 7 | 54 | (x+26)=(40*2) | x 26 + 40 2 * = | x:problem 26:problem +:problem 40:problem 2:page *:problem =:problem
EXPR: 0 | POS | INT | 15 | 7 | 68 | ((26+2)+40)=x | 26 2 + 40 + x = | 26:problem 2:problem +:problem 40:problem +:problem x:problem =:problem
EXPR: 0 | POS | INT | 15 | 7 | 16 | (2+(40-26))=x | 2 40 26 - + x = | 2:problem 40:problem 26:problem -:problem +:problem x:problem =:problem
EXPR: 0 | POS | INT | 15 | 7 | 960 | ((26-2)*40)=x | 26 2 - 40 * x = | 26:page 2:page -:page 40:problem *:problem x:problem =:problem
EXPR: 0 | POS | INT | 15 | 7 | 1120 | x=((26+2)*40) | x 26 2 + 40 * = | x:problem 26:page 2:page +:page 40:problem *:problem =:problem
EXPR: 0 | POS | INT | 15 | 7 | 1120 | ((26+2)*40)=x | 26 2 + 40 * x = | 26:page 2:page +:page 40:problem *:problem x:problem =:problem
EXPR: 0 | POS | INT | 15 | 7 | 64 | (26-(2-40))=x | 26 2 40 - - x = | 26:problem 2:problem 40:problem -:problem -:problem x:problem =:problem
EXPR: 0 | POS | INT | 15 | 7 | 64 | ((26-2)+40)=x | 26 2 - 40 + x = | 26:problem 2:problem -:problem 40:problem +:problem x:problem =:problem
EXPR: 0 | POS | INT | 15 | 7 | 68 | (2+(40+26))=x | 2 40 26 + + x = | 2:problem 40:problem 26:problem +:problem +:problem x:problem =:problem
EXPR: 0 | POS | INT | 15 | 7 | 64 | x=((26-2)+40) | x 26 2 - 40 + = | x:problem 26:problem 2:problem -:problem 40:problem +:problem =:problem
EXPR: 0 | POS | INT | 15 | 7 | 68 | x=((26+2)+40) | x 26 2 + 40 + = | x:problem 26:problem 2:problem +:problem 40:problem +:problem =:problem
EXPR: 0 | POS | INT | 15 | 7 | 16 | x=(2+(40-26)) | x 2 40 26 - + = | x:problem 2:problem 40:problem 26:problem -:problem +:problem =:problem
EXPR: 0 | POS | INT | 15 | 7 | 64 | x=(26-(2-40)) | x 26 2 40 - - = | x:problem 26:problem 2:problem 40:problem -:problem -:problem =:problem
EXPR: 0 | POS | INT | 15 | 7 | 960 | x=((26-2)*40) | x 26 2 - 40 * = | x:problem 26:page 2:page -:page 40:problem *:problem =:problem
EXPR: 0 | POS | INT | 15 | 7 | 68 | x=(2+(40+26)) | x 2 40 26 + + = | x:problem 2:problem 40:problem 26:problem +:problem +:problem =:problem
EXPR: 0 | POS | INT | 17 | 7 | 16 | ((2-26)+40)=x | 2 26 - 40 + x = | 2:problem 26:problem -:problem 40:problem +:problem x:problem =:problem
EXPR: 0 | POS | INT | 17 | 7 | 16 | ((x+26)-2)=40 | x 26 + 2 - 40 = | x:problem 26:problem +:problem 2:problem -:problem 40:problem =:problem
EXPR: 0 | POS | INT | 17 | 7 | 64 | 26=((2+x)-40) | 26 2 x + 40 - = | 26:problem 2:problem x:problem +:problem 40:problem -:problem =:problem
EXPR: 0 | POS | INT | 17 | 7 | 68 | 26=((x-2)-40) | 26 x 2 - 40 - = | 26:problem x:problem 2:problem -:problem 40:problem -:problem =:problem
EXPR: 0 | POS | INT | 17 | 7 | 16 | (26+(x-2))=40 | 26 x 2 - + 40 = | 26:problem x:problem 2:problem -:problem +:problem 40:problem =:problem
EXPR: 0 | POS | INT | 17 | 7 | 16 | (2+(40-x))=26 | 2 40 x - + 26 = | 2:problem 40:problem x:problem -:problem +:problem 26:problem =:problem
EXPR: 0 | POS | INT | 17 | 7 | 64 | (2-(40-x))=26 | 2 40 x - - 26 = | 2:problem 40:problem x:problem -:problem -:problem 26:problem =:problem
EXPR: 0 | POS | INT | 17 | 7 | 16 | (2-(26-40))=x | 2 26 40 - - x = | 2:problem 26:problem 40:problem -:problem -:problem x:problem =:problem
EXPR: 0 | POS | INT | 17 | 7 | 6 | 2=(40/(26-x)) | 2 40 26 x - / = | 2:page 40:page 26:problem x:problem -:problem /:page =:page
EXPR: 0 | POS | INT | 17 | 7 | 64 | ((x-26)+2)=40 | x 26 - 2 + 40 = | x:problem 26:problem -:problem 2:problem +:problem 40:problem =:problem
EXPR: 0 | POS | INT | 17 | 7 | 64 | 26=((x+2)-40) | 26 x 2 + 40 - = | 26:problem x:problem 2:problem +:problem 40:problem -:problem =:problem
EXPR: 0 | POS | INT | 17 | 7 | 12 | ((26+x)+2)=40 | 26 x + 2 + 40 = | 26:problem x:problem +:problem 2:problem +:problem 40:problem =:problem
EXPR: 0 | POS | INT | 17 | 7 | 12 | (26+(x+2))=40 | 26 x 2 + + 40 = | 26:problem x:problem 2:problem +:problem +:problem 40:problem =:problem
EXPR: 0 | POS | INT | 17 | 7 | 64 | ((2+x)-40)=26 | 2 x + 40 - 26 = | 2:problem x:problem +:problem 40:problem -:problem 26:problem =:problem
EXPR: 0 | POS | INT | 17 | 7 | 46 | 2=(40/(x-26)) | 2 40 x 26 - / = | 2:page 40:page x:problem 26:problem -:problem /:page =:page
EXPR: 0 | POS | INT | 17 | 7 | 1120 | (x/(26+2))=40 | x 26 2 + / 40 = | x:problem 26:page 2:page +:page /:problem 40:problem =:problem
EXPR: 0 | POS | INT | 17 | 7 | 132 | 2=(x/(40+26)) | 2 x 40 26 + / = | 2:page x:page 40:problem 26:problem +:problem /:page =:page
EXPR: 0 | POS | INT | 17 | 7 | 28 | 2=(x/(40-26)) | 2 x 40 26 - / = | 2:page x:page 40:problem 26:problem -:problem /:page =:page
EXPR: 0 | POS | INT | 17 | 7 | 12 | ((26+2)+x)=40 | 26 2 + x + 40 = | 26:problem 2:problem +:problem x:problem +:problem 40:problem =:problem
EXPR: 0 | POS | INT | 17 | 7 | 12 | ((x+26)+2)=40 | x 26 + 2 + 40 = | x:problem 26:problem +:problem 2:problem +:problem 40:problem =:problem
EXPR: 0 | POS | INT | 17 | 7 | 64 | ((x+2)-40)=26 | x 2 + 40 - 26 = | x:problem 2:problem +:problem 40:problem -:problem 26:problem =:problem
EXPR: 0 | POS | INT | 17 | 7 | 132 | (x/2)=(40+26) | x 2 / 40 26 + = | x:problem 2:page /:problem 40:problem 26:problem +:problem =:problem
EXPR: 0 | POS | INT | 17 | 7 | 12 | 2=(40-(x+26)) | 2 40 x 26 + - = | 2:problem 40:problem x:problem 26:problem +:problem -:problem =:problem
EXPR: 0 | POS | INT | 17 | 7 | 16 | (x+(26-2))=40 | x 26 2 - + 40 = | x:problem 26:problem 2:problem -:problem +:problem 40:problem =:problem
EXPR: 0 | POS | INT | 17 | 7 | 64 | 2=(40-(x-26)) | 2 40 x 26 - - = | 2:problem 40:problem x:problem 26:problem -:problem -:problem =:problem
EXPR: 0 | POS | INT | 17 | 7 | 12 | 2=((40-x)-26) | 2 40 x - 26 - = | 2:problem 40:problem x:problem -:problem 26:problem -:problem =:problem
EXPR: 0 | POS | INT | 17 | 7 | 16 | x=((2-26)+40) | x 2 26 - 40 + = | x:problem 2:problem 26:problem -:problem 40:problem +:problem =:problem
EXPR: 0 | POS | INT | 17 | 7 | 64 | 26=(2-(40-x)) | 26 2 40 x - - = | 26:problem 2:problem 40:problem x:problem -:problem -:problem =:problem
EXPR: 0 | POS | INT | 17 | 7 | 64 | 2=((40-x)+26) | 2 40 x - 26 + = | 2:problem 40:problem x:problem -:problem 26:problem +:problem =:problem
EXPR: 0 | POS | INT | 17 | 7 | 16 | (26-(2-x))=40 | 26 2 x - - 40 = | 26:problem 2:problem x:problem -:problem -:problem 40:problem =:problem
EXPR: 0 | POS | INT | 17 | 7 | 68 | 2=((x-40)-26) | 2 x 40 - 26 - = | 2:problem x:problem 40:problem -:problem 26:problem -:problem =:problem
EXPR: 0 | POS | INT | 17 | 7 | 64 | 2=((40+26)-x) | 2 40 26 + x - = | 2:problem 40:problem 26:problem +:problem x:problem -:problem =:problem
EXPR: 0 | POS | INT | 17 | 7 | 12 | (26+(2+x))=40 | 26 2 x + + 40 = | 26:problem 2:problem x:problem +:problem +:problem 40:problem =:problem
EXPR: 0 | POS | INT | 17 | 7 | 64 | 26=(2+(x-40)) | 26 2 x 40 - + = | 26:problem 2:problem x:problem 40:problem -:problem +:problem =:problem
EXPR: 0 | POS | INT | 17 | 7 | 64 | (x+(2-40))=26 | x 2 40 - + 26 = | x:problem 2:problem 40:problem -:problem +:problem 26:problem =:problem
EXPR: 0 | POS | INT | 17 | 7 | 16 | ((26+x)-2)=40 | 26 x + 2 - 40 = | 26:problem x:problem +:problem 2:problem -:problem 40:problem =:problem
EXPR: 0 | POS | INT | 17 | 7 | 12 | 2=(40-(26+x)) | 2 40 26 x + - = | 2:problem 40:problem 26:problem x:problem +:problem -:problem =:problem
EXPR: 0 | POS | INT | 17 | 7 | 16 | 2=((x-40)+26) | 2 x 40 - 26 + = | 2:problem x:problem 40:problem -:problem 26:problem +:problem =:problem
EXPR: 1 | POS | INT | 17 | 7 | 7 | (2*x)=(40-26) | 2 x * 40 26 - = | 2:page x:problem *:problem 40:problem 26:problem -:problem =:problem
EXPR: 0 | POS | INT | 17 | 7 | 68 | (x-(26+2))=40 | x 26 2 + - 40 = | x:problem 26:problem 2:problem +:problem -:problem 40:problem =:problem
EXPR: 0 | POS | INT | 17 | 7 | 16 | ((2-x)+40)=26 | 2 x - 40 + 26 = | 2:problem x:problem -:problem 40:problem +:problem 26:problem =:problem
EXPR: 0 | POS | INT | 17 | 7 | 16 | ((26-2)+x)=40 | 26 2 - x + 40 = | 26:problem 2:problem -:problem x:problem +:problem 40:problem =:problem
EXPR: 0 | POS | INT | 17 | 7 | 64 | 2=(40+(26-x)) | 2 40 26 x - + = | 2:problem 40:problem 26:problem x:problem -:problem +:problem =:problem
EXPR: 0 | POS | INT | 17 | 7 | 33 | (2*x)=(40+26) | 2 x * 40 26 + = | 2:page x:problem *:problem 40:problem 26:problem +:problem =:problem
EXPR: 1 | POS | INT | 17 | 7 | 7 | (x*2)=(40-26) | x 2 * 40 26 - = | x:problem 2:page *:problem 40:problem 26:problem -:problem =:problem
EXPR: 0 | POS | INT | 17 | 7 | 64 | (x-(26-2))=40 | x 26 2 - - 40 = | x:problem 26:problem 2:problem -:problem -:problem 40:problem =:problem
EXPR: 0 | POS | INT | 17 | 7 | 64 | 26=((2-40)+x) | 26 2 40 - x + = | 26:problem 2:problem 40:problem -:problem x:problem +:problem =:problem
EXPR: 0 | POS | INT | 17 | 7 | 12 | (x+(26+2))=40 | x 26 2 + + 40 = | x:problem 26:problem 2:problem +:problem +:problem 40:problem =:problem
EXPR: 0 | POS | INT | 17 | 7 | 16 | 26=(2+(40-x)) | 26 2 40 x - + = | 26:problem 2:problem 40:problem x:problem -:problem +:problem =:problem
EXPR: 0 | POS | INT | 17 | 7 | 12 | 2=((40-26)-x) | 2 40 26 - x - = | 2:problem 40:problem 26:problem -:problem x:problem -:problem =:problem
EXPR: 0 | POS | INT | 17 | 7 | 64 | ((2-40)+x)=26 | 2 40 - x + 26 = | 2:problem 40:problem -:problem x:problem +:problem 26:problem =:problem
EXPR: 0 | POS | INT | 17 | 7 | 16 | 26=((2-x)+40) | 26 2 x - 40 + = | 26:problem 2:problem x:problem -:problem 40:problem +:problem =:problem
EXPR: 0 | POS | INT | 17 | 7 | 53 | (26/2)=(x-40) | 26 2 / x 40 - = | 26:problem 2:page /:problem x:problem 40:problem -:problem =:problem
EXPR: 0 | POS | INT | 17 | 7 | 92 | (26*2)=(x-40) | 26 2 * x 40 - = | 26:problem 2:page *:problem x:problem 40:problem -:problem =:problem
EXPR: 0 | POS | INT | 17 | 7 | 68 | ((x-2)-40)=26 | x 2 - 40 - 26 = | x:problem 2:problem -:problem 40:problem -:problem 26:problem =:problem
EXPR: 0 | POS | INT | 17 | 7 | 12 | (26*2)=(x+40) | 26 2 * x 40 + = | 26:problem 2:page *:problem x:problem 40:problem +:problem =:problem
EXPR: 0 | POS | INT | 17 | 7 | 68 | 2=(x-(40+26)) | 2 x 40 26 + - = | 2:problem x:problem 40:problem 26:problem +:problem -:problem =:problem
EXPR: 0 | POS | INT | 17 | 7 | 28 | (x/2)=(40-26) | x 2 / 40 26 - = | x:problem 2:page /:problem 40:problem 26:problem -:problem =:problem
EXPR: 0 | POS | INT | 17 | 7 | 33 | (x*2)=(40+26) | x 2 * 40 26 + = | x:problem 2:page *:problem 40:problem 26:problem +:problem =:problem
EXPR: 0 | POS | INT | 17 | 7 | 68 | ((x-26)-2)=40 | x 26 - 2 - 40 = | x:problem 26:problem -:problem 2:problem -:problem 40:problem =:problem
EXPR: 0 | POS | INT | 17 | 7 | 16 | 26=(2-(x-40)) | 26 2 x 40 - - = | 26:problem 2:problem x:problem 40:problem -:problem -:problem =:problem
EXPR: 0 | POS | INT | 17 | 7 | 64 | (2+(x-40))=26 | 2 x 40 - + 26 = | 2:problem x:problem 40:problem -:problem +:problem 26:problem =:problem
EXPR: 0 | POS | INT | 17 | 7 | 12 | (26*2)=(40+x) | 26 2 * 40 x + = | 26:problem 2:page *:problem 40:problem x:problem +:problem =:problem
EXPR: 0 | POS | INT | 17 | 7 | 960 | (x/(26-2))=40 | x 26 2 - / 40 = | x:problem 26:page 2:page -:page /:problem 40:problem =:problem
EXPR: 0 | POS | INT | 17 | 7 | 16 | (2-(x-40))=26 | 2 x 40 - - 26 = | 2:problem x:problem 40:problem -:problem -:problem 26:problem =:problem
EXPR: 0 | POS | INT | 17 | 7 | 64 | 26=(x+(2-40)) | 26 x 2 40 - + = | 26:problem x:problem 2:problem 40:problem -:problem +:problem =:problem
EXPR: 0 | POS | INT | 17 | 7 | 16 | 2=(x-(40-26)) | 2 x 40 26 - - = | 2:problem x:problem 40:problem 26:problem -:problem -:problem =:problem
EXPR: 0 | POS | INT | 17 | 7 | 27 | (26/2)=(40-x) | 26 2 / 40 x - = | 26:problem 2:page /:problem 40:problem x:problem -:problem =:problem
EXPR: 0 | POS | INT | 17 | 7 | 16 | x=(2-(26-40)) | x 2 26 40 - - = | x:problem 2:problem 26:problem 40:problem -:problem -:problem =:problem
EXPR: 0 | POS | INT | 19 | 7 | 53 | 2=(26/(x-40)) | 2 26 x 40 - / = | 2:page 26:page x:problem 40:problem -:problem /:page =:page
EXPR: 0 | POS | INT | 19 | 7 | 27 | 2=(26/(40-x)) | 2 26 40 x - / = | 2:page 26:page 40:problem x:problem -:problem /:page =:page
EXPR: 0 | POS | INT | 19 | 7 | 64 | (2+(x-26))=40 | 2 x 26 - + 40 = | 2:problem x:problem 26:problem -:problem +:problem 40:problem =:problem
EXPR: 0 | POS | INT | 19 | 7 | 64 | ((2-26)+x)=40 | 2 26 - x + 40 = | 2:problem 26:problem -:problem x:problem +:problem 40:problem =:problem
EXPR: 0 | POS | INT | 19 | 7 | 64 | ((x+2)-26)=40 | x 2 + 26 - 40 = | x:problem 2:problem +:problem 26:problem -:problem 40:problem =:problem
EXPR: 0 | POS | INT | 19 | 7 | 64 | ((2+x)-26)=40 | 2 x + 26 - 40 = | 2:problem x:problem +:problem 26:problem -:problem 40:problem =:problem
EXPR: 0 | POS | INT | 19 | 7 | 12 | ((x+2)+26)=40 | x 2 + 26 + 40 = | x:problem 2:problem +:problem 26:problem +:problem 40:problem =:problem
EXPR: 0 | POS | INT | 19 | 7 | 16 | 2=(26+(x-40)) | 2 26 x 40 - + = | 2:problem 26:problem x:problem 40:problem -:problem +:problem =:problem
EXPR: 0 | POS | INT | 19 | 7 | 64 | 2=(26-(x-40)) | 2 26 x 40 - - = | 2:problem 26:problem x:problem 40:problem -:problem -:problem =:problem
EXPR: 0 | POS | INT | 19 | 7 | 16 | 2=(26-(40-x)) | 2 26 40 x - - = | 2:problem 26:problem 40:problem x:problem -:problem -:problem =:problem
EXPR: 0 | POS | INT | 19 | 7 | 64 | 2=(26+(40-x)) | 2 26 40 x - + = | 2:problem 26:problem 40:problem x:problem -:problem +:problem =:problem
EXPR: 0 | POS | INT | 19 | 7 | 64 | 2=((26-x)+40) | 2 26 x - 40 + = | 2:problem 26:problem x:problem -:problem 40:problem +:problem =:problem
EXPR: 0 | POS | INT | 19 | 7 | 64 | (x+(2-26))=40 | x 2 26 - + 40 = | x:problem 2:problem 26:problem -:problem +:problem 40:problem =:problem
EXPR: 0 | POS | INT | 19 | 7 | 12 | (2+(x+26))=40 | 2 x 26 + + 40 = | 2:problem x:problem 26:problem +:problem +:problem 40:problem =:problem
EXPR: 0 | POS | INT | 19 | 7 | 16 | (x-(2-26))=40 | x 2 26 - - 40 = | x:problem 2:problem 26:problem -:problem -:problem 40:problem =:problem
EXPR: 0 | POS | INT | 19 | 7 | 16 | ((x-2)+26)=40 | x 2 - 26 + 40 = | x:problem 2:problem -:problem 26:problem +:problem 40:problem =:problem
EXPR: 0 | POS | INT | 19 | 7 | 16 | 2=(x+(26-40)) | 2 x 26 40 - + = | 2:problem x:problem 26:problem 40:problem -:problem +:problem =:problem
EXPR: 0 | POS | INT | 19 | 7 | 12 | ((2+x)+26)=40 | 2 x + 26 + 40 = | 2:problem x:problem +:problem 26:problem +:problem 40:problem =:problem
EXPR: 0 | POS | INT | 19 | 7 | 68 | 2=((x-26)-40) | 2 x 26 - 40 - = | 2:problem x:problem 26:problem -:problem 40:problem -:problem =:problem
EXPR: 0 | POS | INT | 19 | 7 | 16 | 2=((x+26)-40) | 2 x 26 + 40 - = | 2:problem x:problem 26:problem +:problem 40:problem -:problem =:problem
EXPR: 0 | POS | INT | 19 | 7 | 12 | (2+(26+x))=40 | 2 26 x + + 40 = | 2:problem 26:problem x:problem +:problem +:problem 40:problem =:problem
EXPR: 0 | POS | INT | 19 | 7 | 16 | 2=((26+x)-40) | 2 26 x + 40 - = | 2:problem 26:problem x:problem +:problem 40:problem -:problem =:problem
EXPR: 0 | POS | INT | 19 | 7 | 16 | 2=((26-40)+x) | 2 26 40 - x + = | 2:problem 26:problem 40:problem -:problem x:problem +:problem =:problem
EXPR: 0 | POS | INT | 19 | 7 | 68 | ((x-2)-26)=40 | x 2 - 26 - 40 = | x:problem 2:problem -:problem 26:problem -:problem 40:problem =:problem
EXPR: 0 | POS | INT | 19 | 7 | 64 | (2-(26-x))=40 | 2 26 x - - 40 = | 2:problem 26:problem x:problem -:problem -:problem 40:problem =:problem
EXPR: 0 | POS | INT | 20 | 7 | 1038 | x=((40*26)-2) | x 40 26 * 2 - = | x:page 40:problem 26:page *:page 2:page -:page =:page
NET 375 unique, non-negative, integer-valued solutions found out of 1000 total solutions
