parameters: n=7 l=3 k=1 p=5 q=2 m=9
TOTAL 1000 solutions found
SOLN: CORRECT | POS/NEG | INT/FRA | OBJ-SCORE | TRUE-ANS | ANS | INFIX | POSTFIX | TYPED-POSTFIX
EXPR: 0 | POS | INT | 0 | 4 | 290 | x=((39+19)*5) | x 39 19 + 5 * = | x:piece 39:piece 19:piece +:piece 5:load *:piece =:piece
EXPR: 1 | POS | INT | 0 | 4 | 4 | x=((39-19)/5) | x 39 19 - 5 / = | x:piece 39:piece 19:piece -:piece 5:load /:piece =:piece
EXPR: 1 | POS | INT | 0 | 4 | 4 | ((39-19)/5)=x | 39 19 - 5 / x = | 39:piece 19:piece -:piece 5:load /:piece x:piece =:piece
EXPR: 0 | POS | INT | 0 | 4 | 134 | x=(39+(19*5)) | x 39 19 5 * + = | x:piece 39:piece 19:piece 5:load *:piece +:piece =:piece
EXPR: 0 | POS | INT | 0 | 4 | 100 | ((39-19)*5)=x | 39 19 - 5 * x = | 39:piece 19:piece -:piece 5:load *:piece x:piece =:piece
EXPR: 0 | POS | INT | 0 | 4 | 100 | x=((39-19)*5) | x 39 19 - 5 * = | x:piece 39:piece 19:piece -:piece 5:load *:piece =:piece
EXPR: 0 | POS | INT | 0 | 4 | 290 | ((39+19)*5)=x | 39 19 + 5 * x = | 39:piece 19:piece +:piece 5:load *:piece x:piece =:piece
EXPR: 0 | POS | INT | 0 | 4 | 134 | (39+(19*5))=x | 39 19 5 * + x = | 39:piece 19:piece 5:load *:piece +:piece x:piece =:piece
EXPR: 0 | POS | INT | 2 | 4 | 176 | x=((39*5)-19) | x 39 5 * 19 - = | x:piece 39:piece 5:load *:piece 19:piece -:piece =:piece
EXPR: 0 | POS | INT | 2 | 4 | 56 | 39=((19*5)-x) | 39 19 5 * x - = | 39:piece 19:piece 5:load *:piece x:piece -:piece =:piece
EXPR: 0 | POS | INT | 2 | 4 | 134 | 39=(x-(19*5)) | 39 x 19 5 * - = | 39:piece x:piece 19:piece 5:load *:piece -:piece =:piece
EXPR: 0 | POS | INT | 2 | 4 | 214 | ((39*5)+19)=x | 39 5 * 19 + x = | 39:piece 5:load *:piece 19:piece +:piece x:piece =:piece
EXPR: 0 | POS | INT | 2 | 4 | 214 | x=(19+(39*5)) | x 19 39 5 * + = | x:piece 19:piece 39:piece 5:load *:piece +:piece =:piece
EXPR: 0 | POS | INT | 2 | 4 | 176 | ((39*5)-19)=x | 39 5 * 19 - x = | 39:piece 5:load *:piece 19:piece -:piece x:piece =:piece
EXPR: 0 | POS | INT | 2 | 4 | 214 | (19+(39*5))=x | 19 39 5 * + x = | 19:piece 39:piece 5:load *:piece +:piece x:piece =:piece
EXPR: 0 | POS | INT | 2 | 4 | 176 | 39=((x+19)/5) | 39 x 19 + 5 / = | 39:piece x:piece 19:piece +:piece 5:load /:piece =:piece
EXPR: 0 | POS | INT | 2 | 4 | 176 | 39=((19+x)/5) | 39 19 x + 5 / = | 39:piece 19:piece x:piece +:piece 5:load /:piece =:piece
EXPR: 0 | POS | INT | 2 | 4 | 214 | 39=((x-19)/5) | 39 x 19 - 5 / = | 39:piece x:piece 19:piece -:piece 5:load /:piece =:piece
EXPR: 1 | POS | INT | 2 | 4 | 4 | 39=(19+(5*x)) | 39 19 5 x * + = | 39:piece 19:piece 5:load x:piece *:piece +:piece =:piece
EXPR: 1 | POS | INT | 2 | 4 | 4 | 39=(19+(x*5)) | 39 19 x 5 * + = | 39:piece 19:piece x:piece 5:load *:piece +:piece =:piece
EXPR: 0 | POS | INT | 2 | 4 | 100 | 39=(19+(x/5)) | 39 19 x 5 / + = | 39:piece 19:piece x:piece 5:load /:piece +:piece =:piece
EXPR: 0 | POS | INT | 4 | 4 | 56 | 19=((x+39)/5) | 19 x 39 + 5 / = | 19:piece x:piece 39:piece +:piece 5:load /:piece =:piece
EXPR: 1 | POS | INT | 4 | 4 | 4 | 39=((x*5)+19) | 39 x 5 * 19 + = | 39:piece x:piece 5:load *:piece 19:piece +:piece =:piece
EXPR: 0 | POS | INT | 4 | 4 | 56 | ((x+39)/5)=19 | x 39 + 5 / 19 = | x:piece 39:piece +:piece 5:load /:piece 19:piece =:piece
EXPR: 1 | POS | INT | 4 | 4 | 4 | (39-(5*x))=19 | 39 5 x * - 19 = | 39:piece 5:load x:piece *:piece -:piece 19:piece =:piece
EXPR: 0 | POS | INT | 4 | 4 | 214 | 19=(x-(39*5)) | 19 x 39 5 * - = | 19:piece x:piece 39:piece 5:load *:piece -:piece =:piece
EXPR: 1 | POS | INT | 4 | 4 | 4 | 19=(39-(5*x)) | 19 39 5 x * - = | 19:piece 39:piece 5:load x:piece *:piece -:piece =:piece
EXPR: 1 | POS | INT | 4 | 4 | 4 | 19=(39-(x*5)) | 19 39 x 5 * - = | 19:piece 39:piece x:piece 5:load *:piece -:piece =:piece
EXPR: 0 | POS | INT | 4 | 4 | 100 | 19=(39-(x/5)) | 19 39 x 5 / - = | 19:piece 39:piece x:piece 5:load /:piece -:piece =:piece
EXPR: 0 | POS | INT | 4 | 4 | 176 | 19=((39*5)-x) | 19 39 5 * x - = | 19:piece 39:piece 5:load *:piece x:piece -:piece =:piece
EXPR: 0 | POS | INT | 4 | 4 | 290 | 39=((x/5)-19) | 39 x 5 / 19 - = | 39:piece x:piece 5:load /:piece 19:piece -:piece =:piece
EXPR: 1 | POS | INT | 4 | 4 | 4 | (39-(x*5))=19 | 39 x 5 * - 19 = | 39:piece x:piece 5:load *:piece -:piece 19:piece =:piece
EXPR: 0 | POS | INT | 4 | 4 | 56 | ((39+x)/5)=19 | 39 x + 5 / 19 = | 39:piece x:piece +:piece 5:load /:piece 19:piece =:piece
EXPR: 0 | POS | INT | 4 | 4 | 100 | 39=((x/5)+19) | 39 x 5 / 19 + = | 39:piece x:piece 5:load /:piece 19:piece +:piece =:piece
EXPR: 0 | POS | INT | 4 | 4 | 176 | ((39*5)-x)=19 | 39 5 * x - 19 = | 39:piece 5:load *:piece x:piece -:piece 19:piece =:piece
EXPR: 0 | POS | INT | 4 | 4 | 214 | (x-(39*5))=19 | x 39 5 * - 19 = | x:piece 39:piece 5:load *:piece -:piece 19:piece =:piece
EXPR: 0 | POS | INT | 4 | 4 | 134 | ((x-39)/5)=19 | x 39 - 5 / 19 = | x:piece 39:piece -:piece 5:load /:piece 19:piece =:piece
EXPR: 0 | POS | INT | 4 | 4 | 100 | (39-(x/5))=19 | 39 x 5 / - 19 = | 39:piece x:piece 5:load /:piece -:piece 19:piece =:piece
EXPR: 0 | POS | INT | 4 | 4 | 134 | 19=((x-39)/5) | 19 x 39 - 5 / = | 19:piece x:piece 39:piece -:piece 5:load /:piece =:piece
EXPR: 0 | POS | INT | 4 | 4 | 56 | 19=((39+x)/5) | 19 39 x + 5 / = | 19:piece 39:piece x:piece +:piece 5:load /:piece =:piece
EXPR: 1 | POS | INT | 4 | 4 | 4 | 39=((5*x)+19) | 39 5 x * 19 + = | 39:piece 5:load x:piece *:piece 19:piece +:piece =:piece
EXPR: 0 | POS | INT | 5 | 4 | 134 | ((19*5)+39)=x | 19 5 * 39 + x = | 19:piece 5:load *:piece 39:piece +:piece x:piece =:piece
EXPR: 0 | POS | INT | 5 | 4 | 56 | ((19*5)-39)=x | 19 5 * 39 - x = | 19:piece 5:load *:piece 39:piece -:piece x:piece =:piece
EXPR: 0 | POS | INT | 5 | 4 | 100 | (5*(39-19))=x | 5 39 19 - * x = | 5:load 39:piece 19:piece -:piece *:piece x:piece =:piece
EXPR: 0 | POS | INT | 5 | 4 | 290 | (5*(39+19))=x | 5 39 19 + * x = | 5:load 39:piece 19:piece +:piece *:piece x:piece =:piece
EXPR: 0 | POS | INT | 5 | 4 | 56 | x=((19*5)-39) | x 19 5 * 39 - = | x:piece 19:piece 5:load *:piece 39:piece -:piece =:piece
EXPR: 0 | POS | INT | 5 | 4 | 290 | x=(5*(39+19)) | x 5 39 19 + * = | x:piece 5:load 39:piece 19:piece +:piece *:piece =:piece
EXPR: 0 | POS | INT | 5 | 4 | 100 | x=(5*(39-19)) | x 5 39 19 - * = | x:piece 5:load 39:piece 19:piece -:piece *:piece =:piece
EXPR: 1 | POS | INT | 7 | 4 | 4 | (19+(x*5))=39 | 19 x 5 * + 39 = | 19:piece x:piece 5:load *:piece +:piece 39:piece =:piece
EXPR: 1 | POS | INT | 7 | 4 | 4 | (19+(5*x))=39 | 19 5 x * + 39 = | 19:piece 5:load x:piece *:piece +:piece 39:piece =:piece
EXPR: 0 | POS | INT | 7 | 4 | 176 | ((19+x)/5)=39 | 19 x + 5 / 39 = | 19:piece x:piece +:piece 5:load /:piece 39:piece =:piece
EXPR: 0 | POS | INT | 7 | 4 | 290 | ((x/5)-39)=19 | x 5 / 39 - 19 = | x:piece 5:load /:piece 39:piece -:piece 19:piece =:piece
EXPR: 0 | POS | INT | 7 | 4 | 56 | ((19*5)-x)=39 | 19 5 * x - 39 = | 19:piece 5:load *:piece x:piece -:piece 39:piece =:piece
EXPR: 0 | POS | INT | 7 | 4 | 134 | (x-(19*5))=39 | x 19 5 * - 39 = | x:piece 19:piece 5:load *:piece -:piece 39:piece =:piece
EXPR: 0 | POS | INT | 7 | 4 | 100 | (19+(x/5))=39 | 19 x 5 / + 39 = | 19:piece x:piece 5:load /:piece +:piece 39:piece =:piece
EXPR: 0 | POS | INT | 7 | 4 | 290 | 19=((x/5)-39) | 19 x 5 / 39 - = | 19:piece x:piece 5:load /:piece 39:piece -:piece =:piece
EXPR: 0 | POS | INT | 7 | 4 | 176 | ((x+19)/5)=39 | x 19 + 5 / 39 = | x:piece 19:piece +:piece 5:load /:piece 39:piece =:piece
EXPR: 0 | POS | INT | 7 | 4 | 214 | ((x-19)/5)=39 | x 19 - 5 / 39 = | x:piece 19:piece -:piece 5:load /:piece 39:piece =:piece
EXPR: 1 | POS | INT | 9 | 4 | 4 | ((x*5)+19)=39 | x 5 * 19 + 39 = | x:piece 5:load *:piece 19:piece +:piece 39:piece =:piece
EXPR: 0 | POS | INT | 9 | 4 | 290 | ((x/5)-19)=39 | x 5 / 19 - 39 = | x:piece 5:load /:piece 19:piece -:piece 39:piece =:piece
EXPR: 0 | POS | INT | 9 | 4 | 100 | ((x/5)+19)=39 | x 5 / 19 + 39 = | x:piece 5:load /:piece 19:piece +:piece 39:piece =:piece
EXPR: 0 | POS | INT | 10 | 4 | 25 | ((39-19)+5)=x | 39 19 - 5 + x = | 39:piece 19:piece -:piece 5:piece +:piece x:piece =:piece
EXPR: 0 | POS | INT | 10 | 4 | 53 | (39+(19-5))=x | 39 19 5 - + x = | 39:piece 19:piece 5:piece -:piece +:piece x:piece =:piece
EXPR: 0 | POS | INT | 10 | 4 | 546 | (39*(19-5))=x | 39 19 5 - * x = | 39:piece 19:load 5:load -:load *:piece x:piece =:piece
EXPR: 0 | POS | INT | 10 | 4 | 25 | (39-(19-5))=x | 39 19 5 - - x = | 39:piece 19:piece 5:piece -:piece -:piece x:piece =:piece
EXPR: 0 | POS | INT | 10 | 4 | 63 | (39+(19+5))=x | 39 19 5 + + x = | 39:piece 19:piece 5:piece +:piece +:piece x:piece =:piece
EXPR: 0 | POS | INT | 10 | 4 | 936 | (39*(19+5))=x | 39 19 5 + * x = | 39:piece 19:load 5:load +:load *:piece x:piece =:piece
EXPR: 0 | POS | INT | 10 | 4 | 53 | ((39+19)-5)=x | 39 19 + 5 - x = | 39:piece 19:piece +:piece 5:piece -:piece x:piece =:piece
EXPR: 0 | POS | INT | 10 | 4 | 15 | ((39-19)-5)=x | 39 19 - 5 - x = | 39:piece 19:piece -:piece 5:piece -:piece x:piece =:piece
EXPR: 0 | POS | INT | 10 | 4 | 63 | ((39+19)+5)=x | 39 19 + 5 + x = | 39:piece 19:piece +:piece 5:piece +:piece x:piece =:piece
EXPR: 0 | POS | INT | 10 | 4 | 63 | x=((39+19)+5) | x 39 19 + 5 + = | x:piece 39:piece 19:piece +:piece 5:piece +:piece =:piece
EXPR: 0 | POS | INT | 10 | 4 | 25 | x=((39-19)+5) | x 39 19 - 5 + = | x:piece 39:piece 19:piece -:piece 5:piece +:piece =:piece
EXPR: 0 | POS | INT | 10 | 4 | 936 | x=(39*(19+5)) | x 39 19 5 + * = | x:piece 39:piece 19:load 5:load +:load *:piece =:piece
EXPR: 0 | POS | INT | 10 | 4 | 546 | x=(39*(19-5)) | x 39 19 5 - * = | x:piece 39:piece 19:load 5:load -:load *:piece =:piece
EXPR: 0 | POS | INT | 10 | 4 | 53 | x=((39+19)-5) | x 39 19 + 5 - = | x:piece 39:piece 19:piece +:piece 5:piece -:piece =:piece
EXPR: 0 | POS | INT | 10 | 4 | 15 | x=((39-19)-5) | x 39 19 - 5 - = | x:piece 39:piece 19:piece -:piece 5:piece -:piece =:piece
EXPR: 0 | POS | INT | 10 | 4 | 15 | (39-(19+5))=x | 39 19 5 + - x = | 39:piece 19:piece 5:piece +:piece -:piece x:piece =:piece
EXPR: 0 | POS | INT | 12 | 4 | 53 | ((39+19)-x)=5 | 39 19 + x - 5 = | 39:piece 19:piece +:piece x:piece -:piece 5:piece =:piece
EXPR: 0 | POS | INT | 12 | 4 | 836 | (19*(39+5))=x | 19 39 5 + * x = | 19:piece 39:load 5:load +:load *:piece x:piece =:piece
EXPR: 0 | POS | INT | 12 | 4 | 15 | x=((39-5)-19) | x 39 5 - 19 - = | x:piece 39:piece 5:piece -:piece 19:piece -:piece =:piece
EXPR: 0 | POS | INT | 12 | 4 | 25 | (39+(5-19))=x | 39 5 19 - + x = | 39:piece 5:piece 19:piece -:piece +:piece x:piece =:piece
EXPR: 0 | POS | INT | 12 | 4 | 25 | 39=((x+19)-5) | 39 x 19 + 5 - = | 39:piece x:piece 19:piece +:piece 5:piece -:piece =:piece
EXPR: 0 | POS | INT | 12 | 4 | 836 | x=((39+5)*19) | x 39 5 + 19 * = | x:piece 39:load 5:load +:load 19:piece *:piece =:piece
EXPR: 0 | POS | INT | 12 | 4 | 53 | (39-(5-19))=x | 39 5 19 - - x = | 39:piece 5:piece 19:piece -:piece -:piece x:piece =:piece
EXPR: 0 | POS | INT | 12 | 4 | 25 | 39=((19+x)-5) | 39 19 x + 5 - = | 39:piece 19:piece x:piece +:piece 5:piece -:piece =:piece
EXPR: 0 | POS | INT | 12 | 4 | 15 | 39=((19+x)+5) | 39 19 x + 5 + = | 39:piece 19:piece x:piece +:piece 5:piece +:piece =:piece
EXPR: 0 | POS | INT | 12 | 4 | 15 | (39-(x+19))=5 | 39 x 19 + - 5 = | 39:piece x:piece 19:piece +:piece -:piece 5:piece =:piece
EXPR: 0 | POS | INT | 12 | 4 | 15 | 39=((x+19)+5) | 39 x 19 + 5 + = | 39:piece x:piece 19:piece +:piece 5:piece +:piece =:piece
EXPR: 0 | POS | INT | 12 | 4 | 15 | ((39-19)-x)=5 | 39 19 - x - 5 = | 39:piece 19:piece -:piece x:piece -:piece 5:piece =:piece
EXPR: 0 | POS | INT | 12 | 4 | 15 | ((39-5)-19)=x | 39 5 - 19 - x = | 39:piece 5:piece -:piece 19:piece -:piece x:piece =:piece
EXPR: 0 | POS | INT | 12 | 4 | 15 | ((39-x)-19)=5 | 39 x - 19 - 5 = | 39:piece x:piece -:piece 19:piece -:piece 5:piece =:piece
EXPR: 0 | POS | INT | 12 | 4 | 63 | 39=((x-19)-5) | 39 x 19 - 5 - = | 39:piece x:piece 19:piece -:piece 5:piece -:piece =:piece
EXPR: 0 | POS | INT | 12 | 4 | 15 | (39-(19+x))=5 | 39 19 x + - 5 = | 39:piece 19:piece x:piece +:piece -:piece 5:piece =:piece
EXPR: 0 | POS | INT | 12 | 4 | 25 | x=((39+5)-19) | x 39 5 + 19 - = | x:piece 39:piece 5:piece +:piece 19:piece -:piece =:piece
EXPR: 0 | POS | INT | 12 | 4 | 63 | ((39+5)+19)=x | 39 5 + 19 + x = | 39:piece 5:piece +:piece 19:piece +:piece x:piece =:piece
EXPR: 0 | POS | INT | 12 | 4 | 53 | (19+(39-5))=x | 19 39 5 - + x = | 19:piece 39:piece 5:piece -:piece +:piece x:piece =:piece
EXPR: 0 | POS | INT | 12 | 4 | 53 | (39-(x-19))=5 | 39 x 19 - - 5 = | 39:piece x:piece 19:piece -:piece -:piece 5:piece =:piece
EXPR: 0 | POS | INT | 12 | 4 | 53 | x=((39-5)+19) | x 39 5 - 19 + = | x:piece 39:piece 5:piece -:piece 19:piece +:piece =:piece
EXPR: 0 | POS | INT | 12 | 4 | 63 | x=((39+5)+19) | x 39 5 + 19 + = | x:piece 39:piece 5:piece +:piece 19:piece +:piece =:piece
EXPR: 0 | POS | INT | 12 | 4 | 25 | 39=(19+(x-5)) | 39 19 x 5 - + = | 39:piece 19:piece x:piece 5:piece -:piece +:piece =:piece
EXPR: 0 | POS | INT | 12 | 4 | 836 | x=(19*(39+5)) | x 19 39 5 + * = | x:piece 19:piece 39:load 5:load +:load *:piece =:piece
EXPR: 0 | POS | INT | 12 | 4 | 646 | (19*(39-5))=x | 19 39 5 - * x = | 19:piece 39:load 5:load -:load *:piece x:piece =:piece
EXPR: 0 | POS | INT | 12 | 4 | 646 | x=(19*(39-5)) | x 19 39 5 - * = | x:piece 19:piece 39:load 5:load -:load *:piece =:piece
EXPR: 0 | POS | INT | 12 | 4 | 25 | ((39+5)-19)=x | 39 5 + 19 - x = | 39:piece 5:piece +:piece 19:piece -:piece x:piece =:piece
EXPR: 0 | POS | INT | 12 | 4 | 63 | (19+(39+5))=x | 19 39 5 + + x = | 19:piece 39:piece 5:piece +:piece +:piece x:piece =:piece
EXPR: 0 | POS | INT | 12 | 4 | 15 | 39=(19+(x+5)) | 39 19 x 5 + + = | 39:piece 19:piece x:piece 5:piece +:piece +:piece =:piece
EXPR: 0 | POS | INT | 12 | 4 | 25 | 39=((19-5)+x) | 39 19 5 - x + = | 39:piece 19:piece 5:piece -:piece x:piece +:piece =:piece
EXPR: 0 | POS | INT | 12 | 4 | 63 | (x-(39+19))=5 | x 39 19 + - 5 = | x:piece 39:piece 19:piece +:piece -:piece 5:piece =:piece
EXPR: 0 | POS | INT | 12 | 4 | 53 | ((39-5)+19)=x | 39 5 - 19 + x = | 39:piece 5:piece -:piece 19:piece +:piece x:piece =:piece
EXPR: 0 | POS | INT | 12 | 4 | 53 | 39=((x-19)+5) | 39 x 19 - 5 + = | 39:piece x:piece 19:piece -:piece 5:piece +:piece =:piece
EXPR: 0 | POS | INT | 12 | 4 | 646 | ((39-5)*19)=x | 39 5 - 19 * x = | 39:load 5:load -:load 19:piece *:piece x:piece =:piece
EXPR: 0 | POS | INT | 12 | 4 | 25 | (x-(39-19))=5 | x 39 19 - - 5 = | x:piece 39:piece 19:piece -:piece -:piece 5:piece =:piece
EXPR: 0 | POS | INT | 12 | 4 | 15 | 39=(19+(5+x)) | 39 19 5 x + + = | 39:piece 19:piece 5:piece x:piece +:piece +:piece =:piece
EXPR: 0 | POS | INT | 12 | 4 | 936 | 39=(x/(19+5)) | 39 x 19 5 + / = | 39:piece x:piece 19:load 5:load +:load /:piece =:piece
EXPR: 0 | POS | INT | 12 | 4 | 63 | 39=(x-(19+5)) | 39 x 19 5 + - = | 39:piece x:piece 19:piece 5:piece +:piece -:piece =:piece
EXPR: 0 | POS | INT | 12 | 4 | 53 | ((39-x)+19)=5 | 39 x - 19 + 5 = | 39:piece x:piece -:piece 19:piece +:piece 5:piece =:piece
EXPR: 0 | POS | INT | 12 | 4 | 546 | 39=(x/(19-5)) | 39 x 19 5 - / = | 39:piece x:piece 19:load 5:load -:load /:piece =:piece
EXPR: 0 | POS | INT | 12 | 4 | 53 | (39+(19-x))=5 | 39 19 x - + 5 = | 39:piece 19:piece x:piece -:piece +:piece 5:piece =:piece
EXPR: 0 | POS | INT | 12 | 4 | 53 | 39=(x-(19-5)) | 39 x 19 5 - - = | 39:piece x:piece 19:piece 5:piece -:piece -:piece =:piece
EXPR: 0 | POS | INT | 12 | 4 | 25 | 39=(19-(5-x)) | 39 19 5 x - - = | 39:piece 19:piece 5:piece x:piece -:piece -:piece =:piece
EXPR: 0 | POS | INT | 12 | 4 | 836 | ((39+5)*19)=x | 39 5 + 19 * x = | 39:load 5:load +:load 19:piece *:piece x:piece =:piece
EXPR: 0 | POS | INT | 12 | 4 | 15 | 39=((19+5)+x) | 39 19 5 + x + = | 39:piece 19:piece 5:piece +:piece x:piece +:piece =:piece
EXPR: 0 | POS | INT | 12 | 4 | 25 | ((x-39)+19)=5 | x 39 - 19 + 5 = | x:piece 39:piece -:piece 19:piece +:piece 5:piece =:piece
EXPR: 0 | POS | INT | 12 | 4 | 646 | x=((39-5)*19) | x 39 5 - 19 * = | x:piece 39:load 5:load -:load 19:piece *:piece =:piece
EXPR: 0 | POS | INT | 12 | 4 | 290 | (x/(39+19))=5 | x 39 19 + / 5 = | x:load 39:piece 19:piece +:piece /:load 5:load =:load
EXPR: 0 | POS | INT | 12 | 4 | 100 | (x/(39-19))=5 | x 39 19 - / 5 = | x:load 39:piece 19:piece -:piece /:load 5:load =:load
EXPR: 0 | POS | INT | 12 | 4 | 15 | 39=(x+(19+5)) | 39 x 19 5 + + = | 39:piece x:piece 19:piece 5:piece +:piece +:piece =:piece
EXPR: 0 | POS | INT | 12 | 4 | 63 | ((x-39)-19)=5 | x 39 - 19 - 5 = | x:piece 39:piece -:piece 19:piece -:piece 5:piece =:piece
EXPR: 0 | POS | INT | 12 | 4 | 25 | 39=(x+(19-5)) | 39 x 19 5 - + = | 39:piece x:piece 19:piece 5:piece -:piece +:piece =:piece
EXPR: 1 | POS | INT | 12 | 4 | 4 | (39-19)=(5*x) | 39 19 - 5 x * = | 39:piece 19:piece -:piece 5:load x:piece *:piece =:piece
EXPR: 0 | POS | INT | 14 | 4 | 25 | ((x+19)-39)=5 | x 19 + 39 - 5 = | x:piece 19:piece +:piece 39:piece -:piece 5:piece =:piece
EXPR: 0 | POS | INT | 14 | 4 | 53 | 39=((5+x)-19) | 39 5 x + 19 - = | 39:piece 5:piece x:piece +:piece 19:piece -:piece =:piece
EXPR: 0 | POS | INT | 14 | 4 | 15 | 19=((39-5)-x) | 19 39 5 - x - = | 19:piece 39:piece 5:piece -:piece x:piece -:piece =:piece
EXPR: 0 | POS | INT | 14 | 4 | 25 | 39=((x-5)+19) | 39 x 5 - 19 + = | 39:piece x:piece 5:piece -:piece 19:piece +:piece =:piece
EXPR: 0 | POS | INT | 14 | 4 | 53 | (19+(39-x))=5 | 19 39 x - + 5 = | 19:piece 39:piece x:piece -:piece +:piece 5:piece =:piece
EXPR: 0 | POS | INT | 14 | 4 | 15 | ((39-x)-5)=19 | 39 x - 5 - 19 = | 39:piece x:piece -:piece 5:piece -:piece 19:piece =:piece
EXPR: 0 | POS | INT | 14 | 4 | 15 | (39-(x+5))=19 | 39 x 5 + - 19 = | 39:piece x:piece 5:piece +:piece -:piece 19:piece =:piece
EXPR: 0 | POS | INT | 14 | 4 | 15 | ((39-5)-x)=19 | 39 5 - x - 19 = | 39:piece 5:piece -:piece x:piece -:piece 19:piece =:piece
EXPR: 0 | POS | INT | 14 | 4 | 63 | 39=((x-5)-19) | 39 x 5 - 19 - = | 39:piece x:piece 5:piece -:piece 19:piece -:piece =:piece
EXPR: 0 | POS | INT | 14 | 4 | 15 | (39-(5+x))=19 | 39 5 x + - 19 = | 39:piece 5:piece x:piece +:piece -:piece 19:piece =:piece
EXPR: 0 | POS | INT | 14 | 4 | 15 | 39=((x+5)+19) | 39 x 5 + 19 + = | 39:piece x:piece 5:piece +:piece 19:piece +:piece =:piece
EXPR: 0 | POS | INT | 14 | 4 | 25 | ((19+x)-39)=5 | 19 x + 39 - 5 = | 19:piece x:piece +:piece 39:piece -:piece 5:piece =:piece
EXPR: 0 | POS | INT | 14 | 4 | 836 | (x/(39+5))=19 | x 39 5 + / 19 = | x:piece 39:load 5:load +:load /:piece 19:piece =:piece
EXPR: 0 | POS | INT | 14 | 4 | 53 | 39=((x+5)-19) | 39 x 5 + 19 - = | 39:piece x:piece 5:piece +:piece 19:piece -:piece =:piece
EXPR: 0 | POS | INT | 14 | 4 | 25 | (19-(39-x))=5 | 19 39 x - - 5 = | 19:piece 39:piece x:piece -:piece -:piece 5:piece =:piece
EXPR: 0 | POS | INT | 14 | 4 | 15 | 39=((5+x)+19) | 39 5 x + 19 + = | 39:piece 5:piece x:piece +:piece 19:piece +:piece =:piece
EXPR: 0 | POS | INT | 14 | 4 | 25 | (x+(19-39))=5 | x 19 39 - + 5 = | x:piece 19:piece 39:piece -:piece +:piece 5:piece =:piece
EXPR: 0 | POS | INT | 14 | 4 | 53 | 39=((5-19)+x) | 39 5 19 - x + = | 39:piece 5:piece 19:piece -:piece x:piece +:piece =:piece
EXPR: 0 | POS | INT | 14 | 4 | 25 | (39+(5-x))=19 | 39 5 x - + 19 = | 39:piece 5:piece x:piece -:piece +:piece 19:piece =:piece
EXPR: 0 | POS | INT | 14 | 4 | 836 | 19=(x/(39+5)) | 19 x 39 5 + / = | 19:piece x:piece 39:load 5:load +:load /:piece =:piece
EXPR: 0 | POS | INT | 14 | 4 | 646 | 19=(x/(39-5)) | 19 x 39 5 - / = | 19:piece x:piece 39:load 5:load -:load /:piece =:piece
EXPR: 0 | POS | INT | 14 | 4 | 15 | 19=(39-(5+x)) | 19 39 5 x + - = | 19:piece 39:piece 5:piece x:piece +:piece -:piece =:piece
EXPR: 0 | POS | INT | 14 | 4 | 53 | 39=(5+(x-19)) | 39 5 x 19 - + = | 39:piece 5:piece x:piece 19:piece -:piece +:piece =:piece
EXPR: 0 | POS | INT | 14 | 4 | 15 | 39=(5+(x+19)) | 39 5 x 19 + + = | 39:piece 5:piece x:piece 19:piece +:piece +:piece =:piece
EXPR: 0 | POS | INT | 14 | 4 | 25 | 19=((39-x)+5) | 19 39 x - 5 + = | 19:piece 39:piece x:piece -:piece 5:piece +:piece =:piece
EXPR: 0 | POS | INT | 14 | 4 | 25 | (39-(x-5))=19 | 39 x 5 - - 19 = | 39:piece x:piece 5:piece -:piece -:piece 19:piece =:piece
EXPR: 0 | POS | INT | 14 | 4 | 25 | 19=((39+5)-x) | 19 39 5 + x - = | 19:piece 39:piece 5:piece +:piece x:piece -:piece =:piece
EXPR: 0 | POS | INT | 14 | 4 | 63 | 19=((x-39)-5) | 19 x 39 - 5 - = | 19:piece x:piece 39:piece -:piece 5:piece -:piece =:piece
EXPR: 0 | POS | INT | 14 | 4 | 63 | 19=(x-(39+5)) | 19 x 39 5 + - = | 19:piece x:piece 39:piece 5:piece +:piece -:piece =:piece
EXPR: 0 | POS | INT | 14 | 4 | 53 | 19=(x-(39-5)) | 19 x 39 5 - - = | 19:piece x:piece 39:piece 5:piece -:piece -:piece =:piece
EXPR: 0 | POS | INT | 14 | 4 | 646 | (x/(39-5))=19 | x 39 5 - / 19 = | x:piece 39:load 5:load -:load /:piece 19:piece =:piece
EXPR: 0 | POS | INT | 14 | 4 | 15 | 39=(5+(19+x)) | 39 5 19 x + + = | 39:piece 5:piece 19:piece x:piece +:piece +:piece =:piece
EXPR: 0 | POS | INT | 14 | 4 | 53 | (x-(39-5))=19 | x 39 5 - - 19 = | x:piece 39:piece 5:piece -:piece -:piece 19:piece =:piece
EXPR: 0 | POS | INT | 14 | 4 | 53 | 19=((x-39)+5) | 19 x 39 - 5 + = | 19:piece x:piece 39:piece -:piece 5:piece +:piece =:piece
EXPR: 0 | POS | INT | 14 | 4 | 53 | ((19-x)+39)=5 | 19 x - 39 + 5 = | 19:piece x:piece -:piece 39:piece +:piece 5:piece =:piece
EXPR: 0 | POS | INT | 14 | 4 | 25 | 19=(39+(5-x)) | 19 39 5 x - + = | 19:piece 39:piece 5:piece x:piece -:piece +:piece =:piece
EXPR: 0 | POS | INT | 14 | 4 | 25 | (19+(x-39))=5 | 19 x 39 - + 5 = | 19:piece x:piece 39:piece -:piece +:piece 5:piece =:piece
EXPR: 0 | POS | INT | 14 | 4 | 214 | (39*5)=(x-19) | 39 5 * x 19 - = | 39:piece 5:load *:piece x:piece 19:piece -:piece =:piece
EXPR: 0 | POS | INT | 14 | 4 | 176 | (39*5)=(19+x) | 39 5 * 19 x + = | 39:piece 5:load *:piece 19:piece x:piece +:piece =:piece
EXPR: 0 | POS | INT | 14 | 4 | 25 | ((39-x)+5)=19 | 39 x - 5 + 19 = | 39:piece x:piece -:piece 5:piece +:piece 19:piece =:piece
EXPR: 0 | POS | INT | 14 | 4 | 15 | 19=((39-x)-5) | 19 39 x - 5 - = | 19:piece 39:piece x:piece -:piece 5:piece -:piece =:piece
EXPR: 0 | POS | INT | 14 | 4 | 63 | (x-(39+5))=19 | x 39 5 + - 19 = | x:piece 39:piece 5:piece +:piece -:piece 19:piece =:piece
EXPR: 0 | POS | INT | 14 | 4 | 176 | (39*5)=(x+19) | 39 5 * x 19 + = | 39:piece 5:load *:piece x:piece 19:piece +:piece =:piece
EXPR: 0 | POS | INT | 14 | 4 | 25 | ((39+5)-x)=19 | 39 5 + x - 19 = | 39:piece 5:piece +:piece x:piece -:piece 19:piece =:piece
EXPR: 0 | POS | INT | 14 | 4 | 15 | 19=(39-(x+5)) | 19 39 x 5 + - = | 19:piece 39:piece x:piece 5:piece +:piece -:piece =:piece
EXPR: 0 | POS | INT | 14 | 4 | 25 | 39=(x-(5-19)) | 39 x 5 19 - - = | 39:piece x:piece 5:piece 19:piece -:piece -:piece =:piece
EXPR: 0 | POS | INT | 14 | 4 | 63 | ((x-19)-39)=5 | x 19 - 39 - 5 = | x:piece 19:piece -:piece 39:piece -:piece 5:piece =:piece
EXPR: 0 | POS | INT | 14 | 4 | 53 | (19-(x-39))=5 | 19 x 39 - - 5 = | 19:piece x:piece 39:piece -:piece -:piece 5:piece =:piece
EXPR: 0 | POS | INT | 14 | 4 | 25 | ((19-39)+x)=5 | 19 39 - x + 5 = | 19:piece 39:piece -:piece x:piece +:piece 5:piece =:piece
EXPR: 0 | POS | INT | 14 | 4 | 53 | 39=(5-(19-x)) | 39 5 19 x - - = | 39:piece 5:piece 19:piece x:piece -:piece -:piece =:piece
EXPR: 0 | POS | INT | 15 | 4 | 63 | ((19+5)+39)=x | 19 5 + 39 + x = | 19:piece 5:piece +:piece 39:piece +:piece x:piece =:piece
EXPR: 0 | POS | INT | 15 | 4 | 25 | (5+(39-19))=x | 5 39 19 - + x = | 5:piece 39:piece 19:piece -:piece +:piece x:piece =:piece
EXPR: 0 | POS | INT | 15 | 4 | 546 | ((19-5)*39)=x | 19 5 - 39 * x = | 19:load 5:load -:load 39:piece *:piece x:piece =:piece
EXPR: 0 | POS | INT | 15 | 4 | 936 | x=((19+5)*39) | x 19 5 + 39 * = | x:piece 19:load 5:load +:load 39:piece *:piece =:piece
EXPR: 0 | POS | INT | 15 | 4 | 936 | ((19+5)*39)=x | 19 5 + 39 * x = | 19:load 5:load +:load 39:piece *:piece x:piece =:piece
EXPR: 0 | POS | INT | 15 | 4 | 53 | (19-(5-39))=x | 19 5 39 - - x = | 19:piece 5:piece 39:piece -:piece -:piece x:piece =:piece
EXPR: 0 | POS | INT | 15 | 4 | 53 | ((19-5)+39)=x | 19 5 - 39 + x = | 19:piece 5:piece -:piece 39:piece +:piece x:piece =:piece
EXPR: 0 | POS | INT | 15 | 4 | 63 | (5+(39+19))=x | 5 39 19 + + x = | 5:piece 39:piece 19:piece +:piece +:piece x:piece =:piece
EXPR: 0 | POS | INT | 15 | 4 | 53 | x=((19-5)+39) | x 19 5 - 39 + = | x:piece 19:piece 5:piece -:piece 39:piece +:piece =:piece
EXPR: 0 | POS | INT | 15 | 4 | 63 | x=((19+5)+39) | x 19 5 + 39 + = | x:piece 19:piece 5:piece +:piece 39:piece +:piece =:piece
EXPR: 0 | POS | INT | 17 | 4 | 25 | ((5-19)+39)=x | 5 19 - 39 + x = | 5:piece 19:piece -:piece 39:piece +:piece x:piece =:piece
EXPR: 0 | POS | INT | 17 | 4 | 25 | ((x+19)-5)=39 | x 19 + 5 - 39 = | x:piece 19:piece +:piece 5:piece -:piece 39:piece =:piece
EXPR: 0 | POS | INT | 17 | 4 | 53 | 19=((5+x)-39) | 19 5 x + 39 - = | 19:piece 5:piece x:piece +:piece 39:piece -:piece =:piece
EXPR: 0 | POS | INT | 17 | 4 | 63 | 19=((x-5)-39) | 19 x 5 - 39 - = | 19:piece x:piece 5:piece -:piece 39:piece -:piece =:piece
EXPR: 0 | POS | INT | 17 | 4 | 25 | (19+(x-5))=39 | 19 x 5 - + 39 = | 19:piece x:piece 5:piece -:piece +:piece 39:piece =:piece
EXPR: 0 | POS | INT | 17 | 4 | 25 | (5+(39-x))=19 | 5 39 x - + 19 = | 5:piece 39:piece x:piece -:piece +:piece 19:piece =:piece
EXPR: 0 | POS | INT | 17 | 4 | 53 | (5-(39-x))=19 | 5 39 x - - 19 = | 5:piece 39:piece x:piece -:piece -:piece 19:piece =:piece
EXPR: 0 | POS | INT | 17 | 4 | 25 | (5-(19-39))=x | 5 19 39 - - x = | 5:piece 19:piece 39:piece -:piece -:piece x:piece =:piece
EXPR: 0 | POS | INT | 17 | 4 | 53 | ((x-19)+5)=39 | x 19 - 5 + 39 = | x:piece 19:piece -:piece 5:piece +:piece 39:piece =:piece
EXPR: 0 | POS | INT | 17 | 4 | 53 | 19=((x+5)-39) | 19 x 5 + 39 - = | 19:piece x:piece 5:piece +:piece 39:piece -:piece =:piece
EXPR: 0 | POS | INT | 17 | 4 | 15 | ((19+x)+5)=39 | 19 x + 5 + 39 = | 19:piece x:piece +:piece 5:piece +:piece 39:piece =:piece
EXPR: 0 | POS | INT | 17 | 4 | 15 | (19+(x+5))=39 | 19 x 5 + + 39 = | 19:piece x:piece 5:piece +:piece +:piece 39:piece =:piece
EXPR: 0 | POS | INT | 17 | 4 | 53 | ((5+x)-39)=19 | 5 x + 39 - 19 = | 5:piece x:piece +:piece 39:piece -:piece 19:piece =:piece
EXPR: 0 | POS | INT | 17 | 4 | 936 | (x/(19+5))=39 | x 19 5 + / 39 = | x:piece 19:load 5:load +:load /:piece 39:piece =:piece
EXPR: 0 | POS | INT | 17 | 4 | 290 | 5=(x/(39+19)) | 5 x 39 19 + / = | 5:load x:load 39:piece 19:piece +:piece /:load =:load
EXPR: 0 | POS | INT | 17 | 4 | 100 | 5=(x/(39-19)) | 5 x 39 19 - / = | 5:load x:load 39:piece 19:piece -:piece /:load =:load
EXPR: 0 | POS | INT | 17 | 4 | 15 | ((19+5)+x)=39 | 19 5 + x + 39 = | 19:piece 5:piece +:piece x:piece +:piece 39:piece =:piece
EXPR: 0 | POS | INT | 17 | 4 | 15 | ((x+19)+5)=39 | x 19 + 5 + 39 = | x:piece 19:piece +:piece 5:piece +:piece 39:piece =:piece
EXPR: 0 | POS | INT | 17 | 4 | 53 | ((x+5)-39)=19 | x 5 + 39 - 19 = | x:piece 5:piece +:piece 39:piece -:piece 19:piece =:piece
EXPR: 0 | POS | INT | 17 | 4 | 290 | (x/5)=(39+19) | x 5 / 39 19 + = | x:piece 5:load /:piece 39:piece 19:piece +:piece =:piece
EXPR: 0 | POS | INT | 17 | 4 | 15 | 5=(39-(x+19)) | 5 39 x 19 + - = | 5:piece 39:piece x:piece 19:piece +:piece -:piece =:piece
EXPR: 0 | POS | INT | 17 | 4 | 25 | (x+(19-5))=39 | x 19 5 - + 39 = | x:piece 19:piece 5:piece -:piece +:piece 39:piece =:piece
EXPR: 0 | POS | INT | 17 | 4 | 53 | 5=(39-(x-19)) | 5 39 x 19 - - = | 5:piece 39:piece x:piece 19:piece -:piece -:piece =:piece
EXPR: 0 | POS | INT | 17 | 4 | 15 | 5=((39-x)-19) | 5 39 x - 19 - = | 5:piece 39:piece x:piece -:piece 19:piece -:piece =:piece
EXPR: 0 | POS | INT | 17 | 4 | 25 | x=((5-19)+39) | x 5 19 - 39 + = | x:piece 5:piece 19:piece -:piece 39:piece +:piece =:piece
EXPR: 0 | POS | INT | 17 | 4 | 53 | 19=(5-(39-x)) | 19 5 39 x - - = | 19:piece 5:piece 39:piece x:piece -:piece -:piece =:piece
EXPR: 0 | POS | INT | 17 | 4 | 53 | 5=((39-x)+19) | 5 39 x - 19 + = | 5:piece 39:piece x:piece -:piece 19:piece +:piece =:piece
EXPR: 0 | POS | INT | 17 | 4 | 25 | (19-(5-x))=39 | 19 5 x - - 39 = | 19:piece 5:piece x:piece -:piece -:piece 39:piece =:piece
EXPR: 0 | POS | INT | 17 | 4 | 63 | 5=((x-39)-19) | 5 x 39 - 19 - = | 5:piece x:piece 39:piece -:piece 19:piece -:piece =:piece
EXPR: 0 | POS | INT | 17 | 4 | 53 | 5=((39+19)-x) | 5 39 19 + x - = | 5:piece 39:piece 19:piece +:piece x:piece -:piece =:piece
EXPR: 0 | POS | INT | 17 | 4 | 15 | (19+(5+x))=39 | 19 5 x + + 39 = | 19:piece 5:piece x:piece +:piece +:piece 39:piece =:piece
EXPR: 0 | POS | INT | 17 | 4 | 53 | 19=(5+(x-39)) | 19 5 x 39 - + = | 19:piece 5:piece x:piece 39:piece -:piece +:piece =:piece
EXPR: 0 | POS | INT | 17 | 4 | 53 | (x+(5-39))=19 | x 5 39 - + 19 = | x:piece 5:piece 39:piece -:piece +:piece 19:piece =:piece
EXPR: 0 | POS | INT | 17 | 4 | 25 | ((19+x)-5)=39 | 19 x + 5 - 39 = | 19:piece x:piece +:piece 5:piece -:piece 39:piece =:piece
EXPR: 0 | POS | INT | 17 | 4 | 15 | 5=(39-(19+x)) | 5 39 19 x + - = | 5:piece 39:piece 19:piece x:piece +:piece -:piece =:piece
EXPR: 0 | POS | INT | 17 | 4 | 25 | 5=((x-39)+19) | 5 x 39 - 19 + = | 5:piece x:piece 39:piece -:piece 19:piece +:piece =:piece
EXPR: 1 | POS | INT | 17 | 4 | 4 | (5*x)=(39-19) | 5 x * 39 19 - = | 5:load x:piece *:piece 39:piece 19:piece -:piece =:piece
EXPR: 0 | POS | INT | 17 | 4 | 63 | (x-(19+5))=39 | x 19 5 + - 39 = | x:piece 19:piece 5:piece +:piece -:piece 39:piece =:piece
EXPR: 0 | POS | INT | 17 | 4 | 25 | ((5-x)+39)=19 | 5 x - 39 + 19 = | 5:piece x:piece -:piece 39:piece +:piece 19:piece =:piece
EXPR: 0 | POS | INT | 17 | 4 | 25 | ((19-5)+x)=39 | 19 5 - x + 39 = | 19:piece 5:piece -:piece x:piece +:piece 39:piece =:piece
EXPR: 0 | POS | INT | 17 | 4 | 53 | 5=(39+(19-x)) | 5 39 19 x - + = | 5:piece 39:piece 19:piece x:piece -:piece +:piece =:piece
EXPR: 1 | POS | INT | 17 | 4 | 4 | (x*5)=(39-19) | x 5 * 39 19 - = | x:piece 5:load *:piece 39:piece 19:piece -:piece =:piece
EXPR: 0 | POS | INT | 17 | 4 | 53 | (x-(19-5))=39 | x 19 5 - - 39 = | x:piece 19:piece 5:piece -:piece -:piece 39:piece =:piece
EXPR: 0 | POS | INT | 17 | 4 | 53 | 19=((5-39)+x) | 19 5 39 - x + = | 19:piece 5:piece 39:piece -:piece x:piece +:piece =:piece
EXPR: 0 | POS | INT | 17 | 4 | 15 | (x+(19+5))=39 | x 19 5 + + 39 = | x:piece 19:piece 5:piece +:piece +:piece 39:piece =:piece
EXPR: 0 | POS | INT | 17 | 4 | 25 | 19=(5+(39-x)) | 19 5 39 x - + = | 19:piece 5:piece 39:piece x:piece -:piece +:piece =:piece
EXPR: 0 | POS | INT | 17 | 4 | 15 | 5=((39-19)-x) | 5 39 19 - x - = | 5:piece 39:piece 19:piece -:piece x:piece -:piece =:piece
EXPR: 0 | POS | INT | 17 | 4 | 56 | (19*5)=(x+39) | 19 5 * x 39 + = | 19:piece 5:load *:piece x:piece 39:piece +:piece =:piece
EXPR: 0 | POS | INT | 17 | 4 | 56 | (19*5)=(39+x) | 19 5 * 39 x + = | 19:piece 5:load *:piece 39:piece x:piece +:piece =:piece
EXPR: 0 | POS | INT | 17 | 4 | 25 | 19=((5-x)+39) | 19 5 x - 39 + = | 19:piece 5:piece x:piece -:piece 39:piece +:piece =:piece
EXPR: 0 | POS | INT | 17 | 4 | 53 | ((5-39)+x)=19 | 5 39 - x + 19 = | 5:piece 39:piece -:piece x:piece +:piece 19:piece =:piece
EXPR: 0 | POS | INT | 17 | 4 | 63 | 5=(x-(39+19)) | 5 x 39 19 + - = | 5:piece x:piece 39:piece 19:piece +:piece -:piece =:piece
EXPR: 0 | POS | INT | 17 | 4 | 25 | 5=(x-(39-19)) | 5 x 39 19 - - = | 5:piece x:piece 39:piece 19:piece -:piece -:piece =:piece
EXPR: 0 | POS | INT | 17 | 4 | 63 | ((x-5)-39)=19 | x 5 - 39 - 19 = | x:piece 5:piece -:piece 39:piece -:piece 19:piece =:piece
EXPR: 0 | POS | INT | 17 | 4 | 53 | 19=(x+(5-39)) | 19 x 5 39 - + = | 19:piece x:piece 5:piece 39:piece -:piece +:piece =:piece
EXPR: 0 | POS | INT | 17 | 4 | 53 | (5+(x-39))=19 | 5 x 39 - + 19 = | 5:piece x:piece 39:piece -:piece +:piece 19:piece =:piece
EXPR: 0 | POS | INT | 17 | 4 | 25 | 19=(5-(x-39)) | 19 5 x 39 - - = | 19:piece 5:piece x:piece 39:piece -:piece -:piece =:piece
EXPR: 0 | POS | INT | 17 | 4 | 25 | (5-(x-39))=19 | 5 x 39 - - 19 = | 5:piece x:piece 39:piece -:piece -:piece 19:piece =:piece
EXPR: 0 | POS | INT | 17 | 4 | 100 | (x/5)=(39-19) | x 5 / 39 19 - = | x:piece 5:load /:piece 39:piece 19:piece -:piece =:piece
EXPR: 0 | POS | INT | 19 | 4 | 53 | (5+(x-19))=39 | 5 x 19 - + 39 = | 5:piece x:piece 19:piece -:piece +:piece 39:piece =:piece
EXPR: 0 | POS | INT | 19 | 4 | 53 | ((5-19)+x)=39 | 5 19 - x + 39 = | 5:piece 19:piece -:piece x:piece +:piece 39:piece =:piece
EXPR: 0 | POS | INT | 19 | 4 | 53 | ((x+5)-19)=39 | x 5 + 19 - 39 = | x:piece 5:piece +:piece 19:piece -:piece 39:piece =:piece
EXPR: 0 | POS | INT | 19 | 4 | 53 | ((5+x)-19)=39 | 5 x + 19 - 39 = | 5:piece x:piece +:piece 19:piece -:piece 39:piece =:piece
EXPR: 0 | POS | INT | 19 | 4 | 15 | ((x+5)+19)=39 | x 5 + 19 + 39 = | x:piece 5:piece +:piece 19:piece +:piece 39:piece =:piece
EXPR: 0 | POS | INT | 19 | 4 | 25 | 5=(19+(x-39)) | 5 19 x 39 - + = | 5:piece 19:piece x:piece 39:piece -:piece +:piece =:piece
EXPR: 0 | POS | INT | 19 | 4 | 53 | 5=(19-(x-39)) | 5 19 x 39 - - = | 5:piece 19:piece x:piece 39:piece -:piece -:piece =:piece
EXPR: 0 | POS | INT | 19 | 4 | 25 | 5=(19-(39-x)) | 5 19 39 x - - = | 5:piece 19:piece 39:piece x:piece -:piece -:piece =:piece
EXPR: 0 | POS | INT | 19 | 4 | 53 | 5=(19+(39-x)) | 5 19 39 x - + = | 5:piece 19:piece 39:piece x:piece -:piece +:piece =:piece
EXPR: 0 | POS | INT | 19 | 4 | 53 | 5=((19-x)+39) | 5 19 x - 39 + = | 5:piece 19:piece x:piece -:piece 39:piece +:piece =:piece
EXPR: 0 | POS | INT | 19 | 4 | 53 | (x+(5-19))=39 | x 5 19 - + 39 = | x:piece 5:piece 19:piece -:piece +:piece 39:piece =:piece
EXPR: 0 | POS | INT | 19 | 4 | 15 | (5+(x+19))=39 | 5 x 19 + + 39 = | 5:piece x:piece 19:piece +:piece +:piece 39:piece =:piece
EXPR: 0 | POS | INT | 19 | 4 | 25 | (x-(5-19))=39 | x 5 19 - - 39 = | x:piece 5:piece 19:piece -:piece -:piece 39:piece =:piece
EXPR: 0 | POS | INT | 19 | 4 | 25 | ((x-5)+19)=39 | x 5 - 19 + 39 = | x:piece 5:piece -:piece 19:piece +:piece 39:piece =:piece
EXPR: 0 | POS | INT | 19 | 4 | 25 | 5=(x+(19-39)) | 5 x 19 39 - + = | 5:piece x:piece 19:piece 39:piece -:piece +:piece =:piece
EXPR: 0 | POS | INT | 19 | 4 | 15 | ((5+x)+19)=39 | 5 x + 19 + 39 = | 5:piece x:piece +:piece 19:piece +:piece 39:piece =:piece
EXPR: 0 | POS | INT | 19 | 4 | 63 | 5=((x-19)-39) | 5 x 19 - 39 - = | 5:piece x:piece 19:piece -:piece 39:piece -:piece =:piece
EXPR: 0 | POS | INT | 19 | 4 | 25 | 5=((x+19)-39) | 5 x 19 + 39 - = | 5:piece x:piece 19:piece +:piece 39:piece -:piece =:piece
EXPR: 0 | POS | INT | 19 | 4 | 25 | 5=((19+x)-39) | 5 19 x + 39 - = | 5:piece 19:piece x:piece +:piece 39:piece -:piece =:piece
EXPR: 0 | POS | INT | 19 | 4 | 15 | (5+(19+x))=39 | 5 19 x + + 39 = | 5:piece 19:piece x:piece +:piece +:piece 39:piece =:piece
EXPR: 0 | POS | INT | 19 | 4 | 25 | 5=((19-39)+x) | 5 19 39 - x + = | 5:piece 19:piece 39:piece -:piece x:piece +:piece =:piece
EXPR: 0 | POS | INT | 20 | 4 | 736 | x=((39*19)-5) | x 39 19 * 5 - = | x:load 39:piece 19:load *:load 5:load -:load =:load
EXPR: 0 | POS | INT | 20 | 4 | 746 | ((39*19)+5)=x | 39 19 * 5 + x = | 39:load 19:piece *:piece 5:piece +:piece x:piece =:piece
EXPR: 0 | POS | INT | 20 | 4 | 736 | ((39*19)-5)=x | 39 19 * 5 - x = | 39:load 19:piece *:load 5:load -:load x:load =:load
EXPR: 0 | POS | INT | 20 | 4 | 746 | x=((39*19)+5) | x 39 19 * 5 + = | x:load 39:piece 19:load *:load 5:load +:load =:load
EXPR: 1 | POS | INT | 22 | 4 | 4 | ((39-19)/x)=5 | 39 19 - x / 5 = | 39:piece 19:piece -:piece x:load /:piece 5:piece =:piece
EXPR: 0 | POS | INT | 22 | 4 | 746 | (x-(39*19))=5 | x 39 19 * - 5 = | x:load 39:piece 19:load *:load -:load 5:load =:load
EXPR: 0 | POS | INT | 22 | 4 | 56 | ((x+39)/19)=5 | x 39 + 19 / 5 = | x:piece 39:piece +:piece 19:load /:piece 5:piece =:piece
EXPR: 0 | POS | INT | 22 | 4 | 214 | x=((39*5)+19) | x 39 5 * 19 + = | x:load 39:piece 5:load *:load 19:load +:load =:load
NET 278 unique, non-negative, integer-valued solutions found out of 1000 total solutions
