parameters: n=7 l=3 k=1 p=5 q=3 m=9
TOTAL 1000 solutions found
SOLN: CORRECT | POS/NEG | INT/FRA | OBJ-SCORE | TRUE-ANS | ANS | INFIX | POSTFIX | TYPED-POSTFIX
EXPR: 0 | POS | INT | 10 | 6 | 2332 | x=((78*30)-8) | x 78 30 * 8 - = | x:rest 78:puppy 30:rest *:rest 8:rest -:rest =:rest
EXPR: 0 | POS | INT | 10 | 6 | 1716 | x=(78*(30-8)) | x 78 30 8 - * = | x:cage 78:cage 30:rest 8:rest -:rest *:cage =:cage
EXPR: 0 | POS | INT | 10 | 6 | 2964 | x=(78*(30+8)) | x 78 30 8 + * = | x:cage 78:cage 30:rest 8:rest +:rest *:cage =:cage
EXPR: 0 | POS | INT | 10 | 6 | 2348 | x=((78*30)+8) | x 78 30 * 8 + = | x:rest 78:puppy 30:rest *:rest 8:rest +:rest =:rest
EXPR: 0 | POS | INT | 10 | 6 | 2964 | (78*(30+8))=x | 78 30 8 + * x = | 78:cage 30:rest 8:rest +:rest *:cage x:cage =:cage
EXPR: 0 | POS | INT | 10 | 6 | 1716 | (78*(30-8))=x | 78 30 8 - * x = | 78:cage 30:rest 8:rest -:rest *:cage x:cage =:cage
EXPR: 0 | POS | INT | 10 | 6 | 2332 | ((78*30)-8)=x | 78 30 * 8 - x = | 78:puppy 30:rest *:rest 8:rest -:rest x:rest =:rest
EXPR: 0 | POS | INT | 10 | 6 | 2348 | ((78*30)+8)=x | 78 30 * 8 + x = | 78:puppy 30:rest *:rest 8:rest +:rest x:rest =:rest
EXPR: 0 | POS | INT | 12 | 6 | 654 | x=(30+(78*8)) | x 30 78 8 * + = | x:rest 30:rest 78:puppy 8:rest *:rest +:rest =:rest
EXPR: 0 | POS | INT | 12 | 6 | 2332 | ((78*30)-x)=8 | 78 30 * x - 8 = | 78:puppy 30:rest *:rest x:rest -:rest 8:rest =:rest
EXPR: 0 | POS | INT | 12 | 6 | 594 | ((78*8)-30)=x | 78 8 * 30 - x = | 78:puppy 8:rest *:rest 30:rest -:rest x:rest =:rest
EXPR: 0 | POS | INT | 12 | 6 | 654 | ((78*8)+30)=x | 78 8 * 30 + x = | 78:puppy 8:rest *:rest 30:rest +:rest x:rest =:rest
EXPR: 0 | POS | INT | 12 | 6 | 654 | x=((78*8)+30) | x 78 8 * 30 + = | x:rest 78:puppy 8:rest *:rest 30:rest +:rest =:rest
EXPR: 0 | POS | INT | 12 | 6 | 594 | x=((78*8)-30) | x 78 8 * 30 - = | x:rest 78:puppy 8:rest *:rest 30:rest -:rest =:rest
EXPR: 0 | POS | INT | 12 | 6 | 654 | (30+(78*8))=x | 30 78 8 * + x = | 30:rest 78:puppy 8:rest *:rest +:rest x:rest =:rest
EXPR: 0 | POS | INT | 14 | 6 | 1716 | ((x/78)+8)=30 | x 78 / 8 + 30 = | x:rest 78:puppy /:rest 8:rest +:rest 30:rest =:rest
EXPR: 0 | POS | INT | 14 | 6 | 594 | ((78*8)-x)=30 | 78 8 * x - 30 = | 78:puppy 8:rest *:rest x:rest -:rest 30:rest =:rest
EXPR: 0 | POS | INT | 14 | 6 | 654 | (x-(78*8))=30 | x 78 8 * - 30 = | x:rest 78:puppy 8:rest *:rest -:rest 30:rest =:rest
EXPR: 1 | POS | INT | 14 | 6 | 6 | (78-(x*8))=30 | 78 x 8 * - 30 = | 78:rest x:cage 8:rest *:rest -:rest 30:rest =:rest
EXPR: 1 | POS | INT | 14 | 6 | 6 | 78=((x*8)+30) | 78 x 8 * 30 + = | 78:rest x:cage 8:rest *:rest 30:rest +:rest =:rest
EXPR: 0 | POS | INT | 15 | 6 | 1716 | x=((30-8)*78) | x 30 8 - 78 * = | x:cage 30:rest 8:rest -:rest 78:cage *:cage =:cage
EXPR: 0 | POS | INT | 15 | 6 | 2964 | x=((30+8)*78) | x 30 8 + 78 * = | x:cage 30:rest 8:rest +:rest 78:cage *:cage =:cage
EXPR: 0 | POS | INT | 15 | 6 | 1716 | ((30-8)*78)=x | 30 8 - 78 * x = | 30:rest 8:rest -:rest 78:puppy *:puppy x:puppy =:puppy
EXPR: 0 | POS | INT | 15 | 6 | 2348 | (8+(78*30))=x | 8 78 30 * + x = | 8:rest 78:puppy 30:rest *:rest +:rest x:rest =:rest
EXPR: 0 | POS | INT | 15 | 6 | 2348 | x=(8+(78*30)) | x 8 78 30 * + = | x:rest 8:rest 78:puppy 30:rest *:rest +:rest =:rest
EXPR: 1 | POS | INT | 17 | 6 | 6 | (30+(8*x))=78 | 30 8 x * + 78 = | 30:rest 8:rest x:cage *:rest +:rest 78:rest =:rest
EXPR: 0 | POS | INT | 17 | 6 | 1716 | (x/(30-8))=78 | x 30 8 - / 78 = | x:puppy 30:rest 8:rest -:rest /:puppy 78:puppy =:puppy
EXPR: 0 | POS | INT | 17 | 6 | 2964 | (x/(30+8))=78 | x 30 8 + / 78 = | x:puppy 30:rest 8:rest +:rest /:puppy 78:puppy =:puppy
EXPR: 0 | POS | INT | 17 | 6 | 2964 | 8=((x/78)-30) | 8 x 78 / 30 - = | 8:rest x:rest 78:puppy /:rest 30:rest -:rest =:rest
EXPR: 0 | POS | INT | 17 | 6 | 1716 | 30=(8+(x/78)) | 30 8 x 78 / + = | 30:rest 8:rest x:rest 78:puppy /:rest +:rest =:rest
EXPR: 1 | POS | INT | 19 | 6 | 6 | ((x*8)+30)=78 | x 8 * 30 + 78 = | x:cage 8:rest *:rest 30:rest +:rest 78:rest =:rest
EXPR: 0 | POS | INT | 20 | 6 | 318 | (78+(30*8))=x | 78 30 8 * + x = | 78:puppy 30:puppy 8:rest *:puppy +:puppy x:puppy =:puppy
EXPR: 0 | POS | INT | 20 | 6 | 864 | ((78+30)*8)=x | 78 30 + 8 * x = | 78:puppy 30:puppy +:puppy 8:cage *:cage x:cage =:cage
EXPR: 1 | POS | INT | 20 | 6 | 6 | x=((78-30)/8) | x 78 30 - 8 / = | x:puppy 78:puppy 30:puppy -:puppy 8:rest /:puppy =:puppy
EXPR: 0 | POS | INT | 20 | 6 | 318 | x=(78+(30*8)) | x 78 30 8 * + = | x:cage 78:cage 30:rest 8:cage *:cage +:cage =:cage
EXPR: 0 | POS | INT | 20 | 6 | 384 | x=((78-30)*8) | x 78 30 - 8 * = | x:cage 78:rest 30:rest -:rest 8:cage *:cage =:cage
EXPR: 0 | POS | INT | 20 | 6 | 40 | x=((78-30)-8) | x 78 30 - 8 - = | x:rest 78:rest 30:rest -:rest 8:rest -:rest =:rest
EXPR: 0 | POS | INT | 20 | 6 | 56 | x=((78-30)+8) | x 78 30 - 8 + = | x:rest 78:rest 30:rest -:rest 8:rest +:rest =:rest
EXPR: 0 | POS | INT | 20 | 6 | 100 | x=(78+(30-8)) | x 78 30 8 - + = | x:rest 78:rest 30:rest 8:rest -:rest +:rest =:rest
EXPR: 0 | POS | INT | 20 | 6 | 116 | x=(78+(30+8)) | x 78 30 8 + + = | x:rest 78:rest 30:rest 8:rest +:rest +:rest =:rest
EXPR: 0 | POS | INT | 20 | 6 | 40 | x=(78-(30+8)) | x 78 30 8 + - = | x:rest 78:rest 30:rest 8:rest +:rest -:rest =:rest
EXPR: 0 | POS | INT | 20 | 6 | 864 | x=((78+30)*8) | x 78 30 + 8 * = | x:cage 78:cage 30:cage +:cage 8:rest *:cage =:cage
EXPR: 0 | POS | INT | 20 | 6 | 116 | x=((78+30)+8) | x 78 30 + 8 + = | x:rest 78:rest 30:rest +:rest 8:rest +:rest =:rest
EXPR: 0 | POS | INT | 20 | 6 | 56 | x=(78-(30-8)) | x 78 30 8 - - = | x:rest 78:rest 30:rest 8:rest -:rest -:rest =:rest
EXPR: 0 | POS | INT | 20 | 6 | 384 | ((78-30)*8)=x | 78 30 - 8 * x = | 78:rest 30:rest -:rest 8:cage *:cage x:cage =:cage
EXPR: 0 | POS | INT | 20 | 6 | 56 | ((78-30)+8)=x | 78 30 - 8 + x = | 78:rest 30:rest -:rest 8:rest +:rest x:rest =:rest
EXPR: 0 | POS | INT | 22 | 6 | 2100 | ((78-8)*30)=x | 78 8 - 30 * x = | 78:puppy 8:puppy -:puppy 30:cage *:cage x:cage =:cage
EXPR: 0 | POS | INT | 22 | 6 | 2100 | x=(30*(78-8)) | x 30 78 8 - * = | x:puppy 30:rest 78:puppy 8:puppy -:puppy *:puppy =:puppy
EXPR: 0 | POS | INT | 22 | 6 | 2580 | x=(30*(78+8)) | x 30 78 8 + * = | x:puppy 30:rest 78:puppy 8:puppy +:puppy *:puppy =:puppy
EXPR: 0 | POS | INT | 22 | 6 | 2348 | (x-(78*30))=8 | x 78 30 * - 8 = | x:cage 78:puppy 30:cage *:cage -:cage 8:cage =:cage
EXPR: 0 | POS | INT | 22 | 6 | 2580 | x=((78+8)*30) | x 78 8 + 30 * = | x:cage 78:cage 8:cage +:cage 30:rest *:cage =:cage
EXPR: 0 | POS | INT | 22 | 6 | 40 | ((78-30)-x)=8 | 78 30 - x - 8 = | 78:rest 30:rest -:rest x:rest -:rest 8:rest =:rest
EXPR: 0 | POS | INT | 22 | 6 | 2964 | ((x/78)-30)=8 | x 78 / 30 - 8 = | x:cage 78:puppy /:cage 30:cage -:cage 8:cage =:cage
EXPR: 0 | POS | INT | 22 | 6 | 116 | (x-(78+30))=8 | x 78 30 + - 8 = | x:rest 78:rest 30:rest +:rest -:rest 8:rest =:rest
EXPR: 1 | POS | INT | 22 | 6 | 6 | 78=(30+(x*8)) | 78 30 x 8 * + = | 78:rest 30:rest x:puppy 8:rest *:rest +:rest =:rest
EXPR: 0 | POS | INT | 22 | 6 | 56 | x=(78+(8-30)) | x 78 8 30 - + = | x:rest 78:rest 8:rest 30:rest -:rest +:rest =:rest
EXPR: 0 | POS | INT | 22 | 6 | 56 | ((78+8)-30)=x | 78 8 + 30 - x = | 78:rest 8:rest +:rest 30:rest -:rest x:rest =:rest
EXPR: 0 | POS | INT | 22 | 6 | 100 | x=(78-(8-30)) | x 78 8 30 - - = | x:rest 78:rest 8:rest 30:rest -:rest -:rest =:rest
EXPR: 0 | POS | INT | 22 | 6 | 100 | x=((78-8)+30) | x 78 8 - 30 + = | x:rest 78:rest 8:rest -:rest 30:rest +:rest =:rest
EXPR: 1 | POS | INT | 22 | 6 | 6 | 78=(30+(8*x)) | 78 30 8 x * + = | 78:puppy 30:puppy 8:puppy x:cage *:puppy +:puppy =:puppy
EXPR: 0 | POS | INT | 22 | 6 | 100 | ((78+30)-x)=8 | 78 30 + x - 8 = | 78:rest 30:rest +:rest x:rest -:rest 8:rest =:rest
EXPR: 0 | POS | INT | 22 | 6 | 2580 | ((78+8)*30)=x | 78 8 + 30 * x = | 78:puppy 8:puppy +:puppy 30:cage *:cage x:cage =:cage
EXPR: 0 | POS | INT | 22 | 6 | 56 | x=((78+8)-30) | x 78 8 + 30 - = | x:rest 78:rest 8:rest +:rest 30:rest -:rest =:rest
EXPR: 0 | POS | INT | 22 | 6 | 40 | ((78-8)-30)=x | 78 8 - 30 - x = | 78:rest 8:rest -:rest 30:rest -:rest x:rest =:rest
EXPR: 0 | POS | INT | 22 | 6 | 100 | (30+(78-8))=x | 30 78 8 - + x = | 30:rest 78:rest 8:rest -:rest +:rest x:rest =:rest
EXPR: 0 | POS | INT | 22 | 6 | 116 | (30+(78+8))=x | 30 78 8 + + x = | 30:rest 78:rest 8:rest +:rest +:rest x:rest =:rest
EXPR: 0 | POS | INT | 22 | 6 | 116 | x=((78+8)+30) | x 78 8 + 30 + = | x:rest 78:rest 8:rest +:rest 30:rest +:rest =:rest
EXPR: 0 | POS | INT | 22 | 6 | 40 | x=((78-8)-30) | x 78 8 - 30 - = | x:rest 78:rest 8:rest -:rest 30:rest -:rest =:rest
EXPR: 1 | POS | INT | 22 | 6 | 6 | (78-30)=(x*8) | 78 30 - x 8 * = | 78:rest 30:rest -:rest x:cage 8:rest *:rest =:rest
EXPR: 0 | POS | INT | 22 | 6 | 100 | ((78-8)+30)=x | 78 8 - 30 + x = | 78:rest 8:rest -:rest 30:rest +:rest x:rest =:rest
EXPR: 0 | POS | INT | 22 | 6 | 594 | 78=((30+x)/8) | 78 30 x + 8 / = | 78:cage 30:cage x:cage +:cage 8:rest /:cage =:cage
EXPR: 0 | POS | INT | 22 | 6 | 594 | 78=((x+30)/8) | 78 x 30 + 8 / = | 78:puppy x:puppy 30:puppy +:puppy 8:rest /:puppy =:puppy
EXPR: 0 | POS | INT | 22 | 6 | 384 | 78=(30+(x/8)) | 78 30 x 8 / + = | 78:puppy 30:puppy x:puppy 8:rest /:puppy +:puppy =:puppy
EXPR: 0 | POS | INT | 22 | 6 | 2100 | x=((78-8)*30) | x 78 8 - 30 * = | x:rest 78:puppy 8:puppy -:puppy 30:rest *:rest =:rest
EXPR: 0 | POS | INT | 22 | 6 | 100 | x=(30+(78-8)) | x 30 78 8 - + = | x:rest 30:rest 78:rest 8:rest -:rest +:rest =:rest
EXPR: 0 | POS | INT | 22 | 6 | 116 | x=(30+(78+8)) | x 30 78 8 + + = | x:rest 30:rest 78:rest 8:rest +:rest +:rest =:rest
EXPR: 0 | POS | INT | 22 | 6 | 318 | ((x-78)/30)=8 | x 78 - 30 / 8 = | x:cage 78:cage -:cage 30:rest /:cage 8:cage =:cage
EXPR: 0 | POS | INT | 22 | 6 | 56 | 78=(30+(x-8)) | 78 30 x 8 - + = | 78:rest 30:rest x:rest 8:rest -:rest +:rest =:rest
EXPR: 0 | POS | INT | 22 | 6 | 162 | ((78+x)/30)=8 | 78 x + 30 / 8 = | 78:puppy x:puppy +:puppy 30:rest /:puppy 8:puppy =:puppy
EXPR: 0 | POS | INT | 24 | 6 | 40 | 30=(78-(8+x)) | 30 78 8 x + - = | 30:rest 78:rest 8:rest x:rest +:rest -:rest =:rest
EXPR: 0 | POS | INT | 24 | 6 | 2580 | ((x/30)-78)=8 | x 30 / 78 - 8 = | x:cage 30:rest /:cage 78:cage -:cage 8:cage =:cage
EXPR: 0 | POS | INT | 24 | 6 | 40 | ((78-8)-x)=30 | 78 8 - x - 30 = | 78:rest 8:rest -:rest x:rest -:rest 30:rest =:rest
EXPR: 1 | POS | INT | 24 | 6 | 6 | 30=(78-(x*8)) | 30 78 x 8 * - = | 30:rest 78:rest x:puppy 8:rest *:rest -:rest =:rest
EXPR: 0 | POS | INT | 24 | 6 | 2964 | 30=((x/78)-8) | 30 x 78 / 8 - = | 30:rest x:rest 78:cage /:rest 8:rest -:rest =:rest
EXPR: 0 | POS | INT | 24 | 6 | 1716 | 30=((x/78)+8) | 30 x 78 / 8 + = | 30:rest x:rest 78:cage /:rest 8:rest +:rest =:rest
EXPR: 0 | POS | INT | 24 | 6 | 594 | ((x+30)/78)=8 | x 30 + 78 / 8 = | x:rest 30:rest +:rest 78:cage /:rest 8:rest =:rest
EXPR: 0 | POS | INT | 24 | 6 | 56 | (x+(30-78))=8 | x 30 78 - + 8 = | x:rest 30:rest 78:rest -:rest +:rest 8:rest =:rest
EXPR: 0 | POS | INT | 24 | 6 | 56 | ((78+8)-x)=30 | 78 8 + x - 30 = | 78:rest 8:rest +:rest x:rest -:rest 30:rest =:rest
EXPR: 0 | POS | INT | 24 | 6 | 56 | 30=(78+(8-x)) | 30 78 8 x - + = | 30:rest 78:rest 8:rest x:rest -:rest +:rest =:rest
EXPR: 0 | POS | INT | 24 | 6 | 2964 | ((x/78)-8)=30 | x 78 / 8 - 30 = | x:cage 78:puppy /:cage 8:cage -:cage 30:cage =:cage
EXPR: 0 | POS | INT | 24 | 6 | 100 | (30+(78-x))=8 | 30 78 x - + 8 = | 30:rest 78:rest x:rest -:rest +:rest 8:rest =:rest
EXPR: 0 | POS | INT | 24 | 6 | 2100 | (x/(78-8))=30 | x 78 8 - / 30 = | x:rest 78:puppy 8:puppy -:puppy /:rest 30:rest =:rest
EXPR: 0 | POS | INT | 24 | 6 | 318 | ((x-78)/8)=30 | x 78 - 8 / 30 = | x:cage 78:cage -:cage 8:rest /:cage 30:cage =:cage
EXPR: 0 | POS | INT | 24 | 6 | 2332 | 78=((8+x)/30) | 78 8 x + 30 / = | 78:cage 8:cage x:cage +:cage 30:rest /:cage =:cage
EXPR: 0 | POS | INT | 24 | 6 | 162 | ((78+x)/8)=30 | 78 x + 8 / 30 = | 78:puppy x:puppy +:puppy 8:rest /:puppy 30:puppy =:puppy
EXPR: 0 | POS | INT | 24 | 6 | 2100 | 78=(8+(x/30)) | 78 8 x 30 / + = | 78:puppy 8:puppy x:puppy 30:rest /:puppy +:puppy =:puppy
EXPR: 0 | POS | INT | 24 | 6 | 594 | (30+x)=(78*8) | 30 x + 78 8 * = | 30:rest x:rest +:rest 78:puppy 8:rest *:rest =:rest
EXPR: 1 | POS | INT | 24 | 6 | 6 | (78-(8*x))=30 | 78 8 x * - 30 = | 78:puppy 8:puppy x:cage *:puppy -:puppy 30:puppy =:puppy
EXPR: 0 | POS | INT | 24 | 6 | 654 | 30=(x-(78*8)) | 30 x 78 8 * - = | 30:cage x:cage 78:cage 8:rest *:cage -:cage =:cage
EXPR: 0 | POS | INT | 25 | 6 | 318 | ((30*8)+78)=x | 30 8 * 78 + x = | 30:rest 8:puppy *:puppy 78:puppy +:puppy x:puppy =:puppy
EXPR: 0 | POS | INT | 25 | 6 | 318 | x=((30*8)+78) | x 30 8 * 78 + = | x:cage 30:cage 8:rest *:cage 78:cage +:cage =:cage
EXPR: 0 | POS | INT | 25 | 6 | 162 | x=((30*8)-78) | x 30 8 * 78 - = | x:cage 30:cage 8:rest *:cage 78:cage -:cage =:cage
EXPR: 0 | POS | INT | 25 | 6 | 162 | ((30*8)-78)=x | 30 8 * 78 - x = | 30:rest 8:cage *:cage 78:cage -:cage x:cage =:cage
EXPR: 0 | POS | INT | 25 | 6 | 56 | (8+(78-30))=x | 8 78 30 - + x = | 8:rest 78:rest 30:rest -:rest +:rest x:rest =:rest
EXPR: 0 | POS | INT | 25 | 6 | 116 | (8+(78+30))=x | 8 78 30 + + x = | 8:rest 78:rest 30:rest +:rest +:rest x:rest =:rest
EXPR: 0 | POS | INT | 25 | 6 | 2964 | ((30+8)*78)=x | 30 8 + 78 * x = | 30:rest 8:rest +:rest 78:cage *:rest x:rest =:rest
EXPR: 0 | POS | INT | 25 | 6 | 864 | x=(8*(78+30)) | x 8 78 30 + * = | x:rest 8:rest 78:puppy 30:puppy +:puppy *:rest =:rest
EXPR: 0 | POS | INT | 27 | 6 | 56 | ((8-x)+78)=30 | 8 x - 78 + 30 = | 8:rest x:rest -:rest 78:rest +:rest 30:rest =:rest
EXPR: 0 | POS | INT | 27 | 6 | 100 | ((x+8)-78)=30 | x 8 + 78 - 30 = | x:rest 8:rest +:rest 78:rest -:rest 30:rest =:rest
EXPR: 0 | POS | INT | 27 | 6 | 100 | ((8+x)-78)=30 | 8 x + 78 - 30 = | 8:rest x:rest +:rest 78:rest -:rest 30:rest =:rest
EXPR: 0 | POS | INT | 27 | 6 | 100 | 30=(x+(8-78)) | 30 x 8 78 - + = | 30:rest x:rest 8:rest 78:rest -:rest +:rest =:rest
EXPR: 0 | POS | INT | 27 | 6 | 318 | (x-(30*8))=78 | x 30 8 * - 78 = | x:cage 30:rest 8:cage *:cage -:cage 78:cage =:cage
EXPR: 0 | POS | INT | 27 | 6 | 2332 | ((x+8)/78)=30 | x 8 + 78 / 30 = | x:rest 8:rest +:rest 78:cage /:rest 30:rest =:rest
EXPR: 0 | POS | INT | 27 | 6 | 2100 | ((x/30)+8)=78 | x 30 / 8 + 78 = | x:puppy 30:rest /:puppy 8:puppy +:puppy 78:puppy =:puppy
EXPR: 0 | POS | INT | 27 | 6 | 1716 | (30-8)=(x/78) | 30 8 - x 78 / = | 30:rest 8:rest -:rest x:rest 78:puppy /:rest =:rest
EXPR: 0 | POS | INT | 27 | 6 | 2964 | (30+8)=(x/78) | 30 8 + x 78 / = | 30:rest 8:rest +:rest x:rest 78:puppy /:rest =:rest
EXPR: 0 | POS | INT | 27 | 6 | 162 | ((30*8)-x)=78 | 30 8 * x - 78 = | 30:puppy 8:rest *:puppy x:puppy -:puppy 78:puppy =:puppy
EXPR: 0 | POS | INT | 27 | 6 | 594 | ((30+x)/8)=78 | 30 x + 8 / 78 = | 30:puppy x:puppy +:puppy 8:rest /:puppy 78:puppy =:puppy
EXPR: 0 | POS | INT | 27 | 6 | 56 | (x+(30-8))=78 | x 30 8 - + 78 = | x:rest 30:rest 8:rest -:rest +:rest 78:rest =:rest
EXPR: 0 | POS | INT | 27 | 6 | 40 | (x+(30+8))=78 | x 30 8 + + 78 = | x:rest 30:rest 8:rest +:rest +:rest 78:rest =:rest
EXPR: 0 | POS | INT | 27 | 6 | 40 | ((30+x)+8)=78 | 30 x + 8 + 78 = | 30:rest x:rest +:rest 8:rest +:rest 78:rest =:rest
EXPR: 0 | POS | INT | 27 | 6 | 864 | ((x/8)-78)=30 | x 8 / 78 - 30 = | x:cage 8:rest /:cage 78:cage -:cage 30:cage =:cage
EXPR: 0 | POS | INT | 27 | 6 | 56 | x=(8-(30-78)) | x 8 30 78 - - = | x:rest 8:rest 30:rest 78:rest -:rest -:rest =:rest
EXPR: 0 | POS | INT | 27 | 6 | 56 | (8+(78-x))=30 | 8 78 x - + 30 = | 8:rest 78:rest x:rest -:rest +:rest 30:rest =:rest
EXPR: 0 | POS | INT | 27 | 6 | 100 | 30=(8+(x-78)) | 30 8 x 78 - + = | 30:rest 8:rest x:rest 78:rest -:rest +:rest =:rest
EXPR: 0 | POS | INT | 27 | 6 | 40 | ((30+8)+x)=78 | 30 8 + x + 78 = | 30:rest 8:rest +:rest x:rest +:rest 78:rest =:rest
EXPR: 0 | POS | INT | 27 | 6 | 40 | 8=(78-(30+x)) | 8 78 30 x + - = | 8:rest 78:rest 30:rest x:rest +:rest -:rest =:rest
EXPR: 0 | POS | INT | 27 | 6 | 100 | 8=(78+(30-x)) | 8 78 30 x - + = | 8:rest 78:rest 30:rest x:rest -:rest +:rest =:rest
EXPR: 0 | POS | INT | 27 | 6 | 56 | 30=(8-(x-78)) | 30 8 x 78 - - = | 30:rest 8:rest x:rest 78:rest -:rest -:rest =:rest
EXPR: 0 | POS | INT | 27 | 6 | 56 | x=((8-30)+78) | x 8 30 - 78 + = | x:rest 8:rest 30:rest -:rest 78:rest +:rest =:rest
EXPR: 0 | POS | INT | 27 | 6 | 864 | 8=(x/(78+30)) | 8 x 78 30 + / = | 8:rest x:rest 78:puppy 30:puppy +:puppy /:rest =:rest
EXPR: 0 | POS | INT | 27 | 6 | 384 | 8=(x/(78-30)) | 8 x 78 30 - / = | 8:rest x:rest 78:puppy 30:puppy -:puppy /:rest =:rest
EXPR: 0 | POS | INT | 27 | 6 | 162 | 8=((78+x)/30) | 8 78 x + 30 / = | 8:puppy 78:puppy x:puppy +:puppy 30:rest /:puppy =:puppy
EXPR: 0 | POS | INT | 27 | 6 | 2348 | 30=((x-8)/78) | 30 x 8 - 78 / = | 30:cage x:cage 8:cage -:cage 78:puppy /:cage =:cage
EXPR: 0 | POS | INT | 27 | 6 | 2348 | ((x-8)/78)=30 | x 8 - 78 / 30 = | x:cage 8:cage -:cage 78:puppy /:cage 30:cage =:cage
EXPR: 0 | POS | INT | 27 | 6 | 2580 | ((x/30)-8)=78 | x 30 / 8 - 78 = | x:puppy 30:rest /:puppy 8:puppy -:puppy 78:puppy =:puppy
EXPR: 0 | POS | INT | 27 | 6 | 864 | 30=((x/8)-78) | 30 x 8 / 78 - = | 30:puppy x:puppy 8:rest /:puppy 78:puppy -:puppy =:puppy
EXPR: 0 | POS | INT | 29 | 6 | 40 | ((x+8)+30)=78 | x 8 + 30 + 78 = | x:rest 8:rest +:rest 30:rest +:rest 78:rest =:rest
EXPR: 1 | POS | INT | 29 | 6 | 6 | ((8*x)+30)=78 | 8 x * 30 + 78 = | 8:rest x:puppy *:rest 30:rest +:rest 78:rest =:rest
NET 139 unique, non-negative, integer-valued solutions found out of 1000 total solutions
