parameters: n=7 l=3 k=1 p=5 q=3 m=9
TOTAL 1000 solutions found
SOLN: CORRECT | POS/NEG | INT/FRA | OBJ-SCORE | TRUE-ANS | ANS | INFIX | POSTFIX | TYPED-POSTFIX
EXPR: 0 | POS | INT | 10 | 2 | 20 | x=((33+27)/3) | x 33 27 + 3 / = | x:picture 33:picture 27:picture +:picture 3:album /:picture =:picture
EXPR: 1 | POS | INT | 10 | 2 | 2 | ((33-27)/3)=x | 33 27 - 3 / x = | 33:picture 27:picture -:picture 3:album /:picture x:picture =:picture
EXPR: 0 | POS | INT | 10 | 2 | 42 | x=(33+(27/3)) | x 33 27 3 / + = | x:picture 33:picture 27:picture 3:album /:picture +:picture =:picture
EXPR: 0 | POS | INT | 10 | 2 | 792 | (33*(27-3))=x | 33 27 3 - * x = | 33:picture 27:album 3:album -:album *:picture x:picture =:picture
EXPR: 0 | POS | INT | 10 | 2 | 894 | x=((33*27)+3) | x 33 27 * 3 + = | x:picture 33:picture 27:pic *:picture 3:picture +:picture =:picture
EXPR: 0 | POS | INT | 10 | 2 | 888 | ((33*27)-3)=x | 33 27 * 3 - x = | 33:picture 27:pic *:picture 3:picture -:picture x:picture =:picture
EXPR: 0 | POS | INT | 10 | 2 | 990 | x=(33*(27+3)) | x 33 27 3 + * = | x:picture 33:picture 27:album 3:album +:album *:picture =:picture
EXPR: 1 | POS | INT | 10 | 2 | 2 | x=((33-27)/3) | x 33 27 - 3 / = | x:picture 33:picture 27:picture -:picture 3:album /:picture =:picture
EXPR: 0 | POS | INT | 10 | 2 | 114 | x=(33+(27*3)) | x 33 27 3 * + = | x:picture 33:picture 27:picture 3:album *:picture +:picture =:picture
EXPR: 0 | POS | INT | 10 | 2 | 792 | x=(33*(27-3)) | x 33 27 3 - * = | x:picture 33:picture 27:pic 3:pic -:pic *:picture =:picture
EXPR: 0 | POS | INT | 10 | 2 | 24 | (33-(27/3))=x | 33 27 3 / - x = | 33:picture 27:picture 3:album /:picture -:picture x:picture =:picture
EXPR: 0 | POS | INT | 10 | 2 | 42 | (33+(27/3))=x | 33 27 3 / + x = | 33:picture 27:picture 3:album /:picture +:picture x:picture =:picture
EXPR: 0 | POS | INT | 10 | 2 | 180 | ((33+27)*3)=x | 33 27 + 3 * x = | 33:picture 27:picture +:picture 3:album *:picture x:picture =:picture
EXPR: 0 | POS | INT | 10 | 2 | 894 | ((33*27)+3)=x | 33 27 * 3 + x = | 33:picture 27:pic *:picture 3:picture +:picture x:picture =:picture
EXPR: 0 | POS | INT | 10 | 2 | 18 | ((33-27)*3)=x | 33 27 - 3 * x = | 33:picture 27:picture -:picture 3:album *:picture x:picture =:picture
EXPR: 0 | POS | INT | 10 | 2 | 990 | (33*(27+3))=x | 33 27 3 + * x = | 33:picture 27:album 3:album +:album *:picture x:picture =:picture
EXPR: 0 | POS | INT | 10 | 2 | 20 | ((33+27)/3)=x | 33 27 + 3 / x = | 33:picture 27:picture +:picture 3:album /:picture x:picture =:picture
EXPR: 0 | POS | INT | 10 | 2 | 114 | (33+(27*3))=x | 33 27 3 * + x = | 33:picture 27:picture 3:album *:picture +:picture x:picture =:picture
EXPR: 0 | POS | INT | 10 | 2 | 180 | x=((33+27)*3) | x 33 27 + 3 * = | x:picture 33:picture 27:picture +:picture 3:album *:picture =:picture
EXPR: 0 | POS | INT | 10 | 2 | 18 | x=((33-27)*3) | x 33 27 - 3 * = | x:picture 33:picture 27:picture -:picture 3:album *:picture =:picture
EXPR: 0 | POS | INT | 10 | 2 | 888 | x=((33*27)-3) | x 33 27 * 3 - = | x:picture 33:picture 27:pic *:picture 3:picture -:picture =:picture
EXPR: 0 | POS | INT | 10 | 2 | 24 | x=(33-(27/3)) | x 33 27 3 / - = | x:picture 33:picture 27:picture 3:album /:picture -:picture =:picture
EXPR: 0 | POS | INT | 12 | 2 | 48 | ((x+33)/27)=3 | x 33 + 27 / 3 = | x:picture 33:picture +:picture 27:pic /:picture 3:picture =:picture
EXPR: 0 | POS | INT | 12 | 2 | 126 | x=(27+(33*3)) | x 27 33 3 * + = | x:picture 27:picture 33:picture 3:album *:picture +:picture =:picture
EXPR: 0 | POS | INT | 12 | 2 | 126 | x=((33*3)+27) | x 33 3 * 27 + = | x:picture 33:picture 3:album *:picture 27:picture +:picture =:picture
EXPR: 0 | POS | INT | 12 | 2 | 72 | x=((33*3)-27) | x 33 3 * 27 - = | x:picture 33:picture 3:album *:picture 27:picture -:picture =:picture
EXPR: 0 | POS | INT | 12 | 2 | 38 | x=((33/3)+27) | x 33 3 / 27 + = | x:picture 33:picture 3:album /:picture 27:picture +:picture =:picture
EXPR: 0 | POS | INT | 12 | 2 | 792 | 33=(x/(27-3)) | 33 x 27 3 - / = | 33:picture x:picture 27:pic 3:pic -:pic /:picture =:picture
EXPR: 0 | POS | INT | 12 | 2 | 990 | 33=(x/(27+3)) | 33 x 27 3 + / = | 33:picture x:picture 27:pic 3:pic +:pic /:picture =:picture
EXPR: 0 | POS | INT | 12 | 2 | 72 | ((33*3)-27)=x | 33 3 * 27 - x = | 33:picture 3:album *:picture 27:picture -:picture x:picture =:picture
EXPR: 0 | POS | INT | 12 | 2 | 126 | ((33*3)+27)=x | 33 3 * 27 + x = | 33:picture 3:album *:picture 27:picture +:picture x:picture =:picture
EXPR: 0 | POS | INT | 12 | 2 | 38 | ((33/3)+27)=x | 33 3 / 27 + x = | 33:picture 3:album /:picture 27:picture +:picture x:picture =:picture
EXPR: 0 | POS | INT | 12 | 2 | 810 | x=((33-3)*27) | x 33 3 - 27 * = | x:picture 33:picture 3:picture -:picture 27:pic *:picture =:picture
EXPR: 0 | POS | INT | 12 | 2 | 114 | ((x-33)/27)=3 | x 33 - 27 / 3 = | x:picture 33:picture -:picture 27:pic /:picture 3:picture =:picture
EXPR: 0 | POS | INT | 12 | 2 | 972 | x=((33+3)*27) | x 33 3 + 27 * = | x:picture 33:picture 3:picture +:picture 27:pic *:picture =:picture
EXPR: 0 | POS | INT | 12 | 2 | 810 | ((33-3)*27)=x | 33 3 - 27 * x = | 33:picture 3:picture -:picture 27:pic *:picture x:picture =:picture
EXPR: 0 | POS | INT | 12 | 2 | 24 | 33=(x+(27/3)) | 33 x 27 3 / + = | 33:picture x:picture 27:picture 3:album /:picture +:picture =:picture
EXPR: 0 | POS | INT | 12 | 2 | 810 | x=(27*(33-3)) | x 27 33 3 - * = | x:picture 27:pic 33:picture 3:picture -:picture *:picture =:picture
EXPR: 0 | POS | INT | 12 | 2 | 972 | x=(27*(33+3)) | x 27 33 3 + * = | x:picture 27:pic 33:picture 3:picture +:picture *:picture =:picture
EXPR: 0 | POS | INT | 14 | 2 | 24 | ((33-x)*3)=27 | 33 x - 3 * 27 = | 33:picture x:picture -:picture 3:pic *:pic 27:pic =:pic
EXPR: 0 | POS | INT | 14 | 2 | 48 | ((x+33)/3)=27 | x 33 + 3 / 27 = | x:picture 33:picture +:picture 3:album /:picture 27:picture =:picture
EXPR: 0 | POS | INT | 14 | 2 | 42 | ((x-33)*3)=27 | x 33 - 3 * 27 = | x:picture 33:picture -:picture 3:pic *:pic 27:pic =:pic
EXPR: 0 | POS | INT | 14 | 2 | 38 | 33=(3*(x-27)) | 33 3 x 27 - * = | 33:picture 3:album x:picture 27:picture -:picture *:picture =:picture
EXPR: 0 | POS | INT | 14 | 2 | 114 | ((x-33)/3)=27 | x 33 - 3 / 27 = | x:picture 33:picture -:picture 3:album /:picture 27:picture =:picture
EXPR: 0 | POS | INT | 14 | 2 | 2673 | (x/27)=(33*3) | x 27 / 33 3 * = | x:picture 27:pic /:picture 33:picture 3:album *:picture =:picture
EXPR: 0 | POS | INT | 14 | 2 | 972 | ((x/27)-33)=3 | x 27 / 33 - 3 = | x:picture 27:pic /:picture 33:picture -:picture 3:picture =:picture
EXPR: 1 | POS | INT | 14 | 2 | 2 | (33-(x*3))=27 | 33 x 3 * - 27 = | 33:picture x:picture 3:album *:picture -:picture 27:picture =:picture
EXPR: 0 | POS | INT | 14 | 2 | 48 | 27=((x+33)/3) | 27 x 33 + 3 / = | 27:picture x:picture 33:picture +:picture 3:album /:picture =:picture
EXPR: 1 | POS | INT | 14 | 2 | 2 | (33-(3*x))=27 | 33 3 x * - 27 = | 33:picture 3:album x:picture *:picture -:picture 27:picture =:picture
EXPR: 1 | POS | INT | 14 | 2 | 2 | 27=(33-(x*3)) | 27 33 x 3 * - = | 27:picture 33:picture x:picture 3:album *:picture -:picture =:picture
EXPR: 0 | POS | INT | 14 | 2 | 24 | (27/(33-x))=3 | 27 33 x - / 3 = | 27:album 33:picture x:picture -:picture /:album 3:album =:album
EXPR: 0 | POS | INT | 14 | 2 | 24 | 27=((33-x)*3) | 27 33 x - 3 * = | 27:pic 33:picture x:picture -:picture 3:pic *:pic =:pic
EXPR: 0 | POS | INT | 14 | 2 | 114 | 27=((x-33)/3) | 27 x 33 - 3 / = | 27:picture x:picture 33:picture -:picture 3:album /:picture =:picture
EXPR: 0 | POS | INT | 14 | 2 | 42 | (27/(x-33))=3 | 27 x 33 - / 3 = | 27:album x:picture 33:picture -:picture /:album 3:album =:album
EXPR: 1 | POS | INT | 14 | 2 | 2 | 27=(33-(3*x)) | 27 33 3 x * - = | 27:picture 33:picture 3:album x:picture *:picture -:picture =:picture
EXPR: 0 | POS | INT | 14 | 2 | 126 | 27=(x-(33*3)) | 27 x 33 3 * - = | 27:picture x:picture 33:picture 3:album *:picture -:picture =:picture
EXPR: 0 | POS | INT | 15 | 2 | 990 | ((27+3)*33)=x | 27 3 + 33 * x = | 27:album 3:album +:album 33:picture *:picture x:picture =:picture
EXPR: 0 | POS | INT | 15 | 2 | 792 | x=((27-3)*33) | x 27 3 - 33 * = | x:picture 27:album 3:album -:album 33:picture *:picture =:picture
EXPR: 0 | POS | INT | 15 | 2 | 990 | x=((27+3)*33) | x 27 3 + 33 * = | x:picture 27:album 3:album +:album 33:picture *:picture =:picture
EXPR: 0 | POS | INT | 15 | 2 | 792 | ((27-3)*33)=x | 27 3 - 33 * x = | 27:pic 3:pic -:pic 33:picture *:picture x:picture =:picture
EXPR: 0 | POS | INT | 15 | 2 | 894 | x=(3+(33*27)) | x 3 33 27 * + = | x:picture 3:picture 33:picture 27:pic *:picture +:picture =:picture
EXPR: 0 | POS | INT | 17 | 2 | 24 | (3*(33-x))=27 | 3 33 x - * 27 = | 3:album 33:picture x:picture -:picture *:album 27:album =:album
EXPR: 0 | POS | INT | 17 | 2 | 42 | 27=(3*(x-33)) | 27 3 x 33 - * = | 27:picture 3:album x:picture 33:picture -:picture *:picture =:picture
EXPR: 0 | POS | INT | 17 | 2 | 792 | (x/(27-3))=33 | x 27 3 - / 33 = | x:picture 27:pic 3:pic -:pic /:picture 33:picture =:picture
EXPR: 0 | POS | INT | 17 | 2 | 990 | (x/(27+3))=33 | x 27 3 + / 33 = | x:picture 27:pic 3:pic +:pic /:picture 33:picture =:picture
EXPR: 0 | POS | INT | 17 | 2 | 126 | ((x-27)/3)=33 | x 27 - 3 / 33 = | x:picture 27:picture -:picture 3:album /:picture 33:picture =:picture
EXPR: 0 | POS | INT | 17 | 2 | 24 | 27=(3*(33-x)) | 27 3 33 x - * = | 27:pic 3:pic 33:picture x:picture -:picture *:pic =:pic
EXPR: 0 | POS | INT | 17 | 2 | 72 | ((x+27)/3)=33 | x 27 + 3 / 33 = | x:picture 27:picture +:picture 3:album /:picture 33:picture =:picture
EXPR: 0 | POS | INT | 17 | 2 | 48 | ((27*3)-x)=33 | 27 3 * x - 33 = | 27:pic 3:picture *:picture x:picture -:picture 33:picture =:picture
EXPR: 0 | POS | INT | 17 | 2 | 38 | ((x-27)*3)=33 | x 27 - 3 * 33 = | x:picture 27:picture -:picture 3:album *:picture 33:picture =:picture
EXPR: 0 | POS | INT | 17 | 2 | 42 | (3*(x-33))=27 | 3 x 33 - * 27 = | 3:album x:picture 33:picture -:picture *:picture 27:picture =:picture
EXPR: 0 | POS | INT | 17 | 2 | 42 | (x-(27/3))=33 | x 27 3 / - 33 = | x:picture 27:picture 3:album /:picture -:picture 33:picture =:picture
EXPR: 0 | POS | INT | 17 | 2 | 24 | (x+(27/3))=33 | x 27 3 / + 33 = | x:picture 27:picture 3:album /:picture +:picture 33:picture =:picture
EXPR: 0 | POS | INT | 17 | 2 | 18 | (27+(x/3))=33 | 27 x 3 / + 33 = | 27:picture x:picture 3:album /:picture +:picture 33:picture =:picture
EXPR: 0 | POS | INT | 17 | 2 | 2673 | (x/3)=(33*27) | x 3 / 33 27 * = | x:picture 3:album /:picture 33:picture 27:pic *:picture =:picture
EXPR: 1 | POS | INT | 17 | 2 | 2 | (27+(x*3))=33 | 27 x 3 * + 33 = | 27:picture x:picture 3:album *:picture +:picture 33:picture =:picture
EXPR: 1 | POS | INT | 17 | 2 | 2 | (27+(3*x))=33 | 27 3 x * + 33 = | 27:picture 3:album x:picture *:picture +:picture 33:picture =:picture
EXPR: 0 | POS | INT | 19 | 2 | 888 | ((3+x)/27)=33 | 3 x + 27 / 33 = | 3:picture x:picture +:picture 27:pic /:picture 33:picture =:picture
EXPR: 0 | POS | INT | 19 | 2 | 888 | ((x+3)/27)=33 | x 3 + 27 / 33 = | x:picture 3:picture +:picture 27:pic /:picture 33:picture =:picture
EXPR: 0 | POS | INT | 19 | 2 | 42 | 3=(27/(x-33)) | 3 27 x 33 - / = | 3:pic 27:pic x:picture 33:picture -:picture /:pic =:pic
EXPR: 0 | POS | INT | 19 | 2 | 38 | (3*(x-27))=33 | 3 x 27 - * 33 = | 3:album x:picture 27:picture -:picture *:picture 33:picture =:picture
EXPR: 0 | POS | INT | 19 | 2 | 894 | ((x-3)/27)=33 | x 3 - 27 / 33 = | x:picture 3:picture -:picture 27:pic /:picture 33:picture =:picture
EXPR: 0 | POS | INT | 19 | 2 | 24 | 3=(27/(33-x)) | 3 27 33 x - / = | 3:pic 27:pic 33:picture x:picture -:picture /:pic =:pic
EXPR: 0 | POS | INT | 20 | 2 | 57 | ((33+27)-3)=x | 33 27 + 3 - x = | 33:picture 27:picture +:picture 3:picture -:picture x:picture =:picture
EXPR: 0 | POS | INT | 20 | 2 | 63 | ((33+27)+3)=x | 33 27 + 3 + x = | 33:picture 27:picture +:picture 3:picture +:picture x:picture =:picture
EXPR: 0 | POS | INT | 20 | 2 | 9 | x=(33-(27-3)) | x 33 27 3 - - = | x:picture 33:picture 27:picture 3:picture -:picture -:picture =:picture
EXPR: 0 | POS | INT | 22 | 2 | 114 | (x-33)=(27*3) | x 33 - 27 3 * = | x:picture 33:picture -:picture 27:pic 3:picture *:picture =:picture
EXPR: 0 | POS | INT | 22 | 2 | 2673 | (x/33)=(27*3) | x 33 / 27 3 * = | x:album 33:picture /:album 27:pic 3:album *:album =:album
EXPR: 0 | POS | INT | 22 | 2 | 20 | ((33+27)/x)=3 | 33 27 + x / 3 = | 33:album 27:album +:album x:picture /:album 3:album =:album
EXPR: 0 | POS | INT | 22 | 2 | 972 | ((33+3)*27)=x | 33 3 + 27 * x = | 33:picture 3:picture +:picture 27:pic *:pic x:pic =:pic
EXPR: 0 | POS | INT | 22 | 2 | 63 | (x-(33+27))=3 | x 33 27 + - 3 = | x:picture 33:picture 27:picture +:picture -:picture 3:picture =:picture
EXPR: 0 | POS | INT | 22 | 2 | 9 | (x-(33-27))=3 | x 33 27 - - 3 = | x:picture 33:picture 27:picture -:picture -:picture 3:picture =:picture
EXPR: 0 | POS | INT | 22 | 2 | 126 | (27+(33*3))=x | 27 33 3 * + x = | 27:album 33:picture 3:album *:album +:album x:album =:album
EXPR: 0 | POS | INT | 22 | 2 | 16 | (33/(27-x))=3 | 33 27 x - / 3 = | 33:album 27:pic x:pic -:pic /:album 3:album =:album
EXPR: 0 | POS | INT | 22 | 2 | 38 | 33=((x-27)*3) | 33 x 27 - 3 * = | 33:picture x:pic 27:pic -:pic 3:picture *:picture =:picture
EXPR: 0 | POS | INT | 22 | 2 | 810 | (27*(33-3))=x | 27 33 3 - * x = | 27:pic 33:album 3:album -:album *:pic x:pic =:pic
EXPR: 0 | POS | INT | 22 | 2 | 972 | (27*(33+3))=x | 27 33 3 + * x = | 27:pic 33:album 3:album +:album *:pic x:pic =:pic
EXPR: 0 | POS | INT | 22 | 2 | 894 | (x-(33*27))=3 | x 33 27 * - 3 = | x:album 33:album 27:pic *:album -:album 3:album =:album
EXPR: 0 | POS | INT | 22 | 2 | 48 | 33=((27*3)-x) | 33 27 3 * x - = | 33:pic 27:pic 3:album *:pic x:pic -:pic =:pic
EXPR: 0 | POS | INT | 22 | 2 | 297 | (33*27)=(3*x) | 33 27 * 3 x * = | 33:picture 27:album *:album 3:album x:picture *:album =:album
EXPR: 0 | POS | INT | 22 | 2 | 297 | (33*27)=(x*3) | 33 27 * x 3 * = | 33:picture 27:pic *:pic x:pic 3:album *:pic =:pic
EXPR: 0 | POS | INT | 22 | 2 | 9 | x=(33+(3-27)) | x 33 3 27 - + = | x:picture 33:picture 3:picture 27:picture -:picture +:picture =:picture
EXPR: 0 | POS | INT | 22 | 2 | 18 | (x/(33-27))=3 | x 33 27 - / 3 = | x:picture 33:pic 27:pic -:pic /:picture 3:picture =:picture
EXPR: 0 | POS | INT | 22 | 2 | 180 | (x/(33+27))=3 | x 33 27 + / 3 = | x:picture 33:pic 27:pic +:pic /:picture 3:picture =:picture
EXPR: 0 | POS | INT | 22 | 2 | 63 | (27+(33+3))=x | 27 33 3 + + x = | 27:picture 33:picture 3:picture +:picture +:picture x:picture =:picture
EXPR: 0 | POS | INT | 22 | 2 | 888 | ((33*27)-x)=3 | 33 27 * x - 3 = | 33:picture 27:pic *:pic x:pic -:pic 3:pic =:pic
EXPR: 0 | POS | INT | 22 | 2 | 63 | x=(27+(33+3)) | x 27 33 3 + + = | x:picture 27:picture 33:picture 3:picture +:picture +:picture =:picture
EXPR: 0 | POS | INT | 22 | 2 | 57 | x=(27+(33-3)) | x 27 33 3 - + = | x:picture 27:picture 33:picture 3:picture -:picture +:picture =:picture
EXPR: 0 | POS | INT | 22 | 2 | 42 | 33=(x-(27/3)) | 33 x 27 3 / - = | 33:pic x:pic 27:pic 3:album /:pic -:pic =:pic
EXPR: 0 | POS | INT | 22 | 2 | 18 | 33=(27+(x/3)) | 33 27 x 3 / + = | 33:pic 27:pic x:pic 3:album /:pic +:pic =:pic
EXPR: 0 | POS | INT | 22 | 2 | 24 | 33=((27/3)+x) | 33 27 3 / x + = | 33:pic 27:pic 3:album /:pic x:pic +:pic =:pic
EXPR: 0 | POS | INT | 22 | 2 | 9 | 33=(27-(3-x)) | 33 27 3 x - - = | 33:picture 27:picture 3:picture x:picture -:picture -:picture =:picture
EXPR: 0 | POS | INT | 22 | 2 | 3 | 33=(27+(3+x)) | 33 27 3 x + + = | 33:picture 27:picture 3:picture x:picture +:picture +:picture =:picture
EXPR: 0 | POS | INT | 22 | 2 | 16 | 33=((27-x)*3) | 33 27 x - 3 * = | 33:picture 27:pic x:pic -:pic 3:picture *:picture =:picture
EXPR: 0 | POS | INT | 24 | 2 | 57 | ((27-x)+33)=3 | 27 x - 33 + 3 = | 27:picture x:picture -:picture 33:picture +:picture 3:picture =:picture
EXPR: 0 | POS | INT | 24 | 2 | 9 | (x+(27-33))=3 | x 27 33 - + 3 = | x:picture 27:picture 33:picture -:picture +:picture 3:picture =:picture
EXPR: 0 | POS | INT | 24 | 2 | 888 | 33=((3+x)/27) | 33 3 x + 27 / = | 33:album 3:album x:album +:album 27:pic /:album =:album
EXPR: 0 | POS | INT | 24 | 2 | 16 | 33=(3*(27-x)) | 33 3 27 x - * = | 33:pic 3:album 27:pic x:pic -:pic *:pic =:pic
EXPR: 0 | POS | INT | 24 | 2 | 57 | 33=((3-27)+x) | 33 3 27 - x + = | 33:picture 3:picture 27:picture -:picture x:picture +:picture =:picture
EXPR: 0 | POS | INT | 24 | 2 | 972 | 27=(x/(33+3)) | 27 x 33 3 + / = | 27:picture x:picture 33:album 3:album +:album /:picture =:picture
EXPR: 0 | POS | INT | 24 | 2 | 3 | 27=(33-(x+3)) | 27 33 x 3 + - = | 27:picture 33:picture x:picture 3:picture +:picture -:picture =:picture
EXPR: 0 | POS | INT | 24 | 2 | 72 | 27=((33*3)-x) | 27 33 3 * x - = | 27:pic 33:pic 3:album *:pic x:pic -:pic =:pic
EXPR: 0 | POS | INT | 24 | 2 | 810 | 33=(3+(x/27)) | 33 3 x 27 / + = | 33:album 3:album x:album 27:pic /:album +:album =:album
EXPR: 0 | POS | INT | 24 | 2 | 126 | ((x-27)/33)=3 | x 27 - 33 / 3 = | x:album 27:album -:album 33:picture /:album 3:album =:album
EXPR: 0 | POS | INT | 24 | 2 | 16 | 27=((33/3)+x) | 27 33 3 / x + = | 27:pic 33:pic 3:album /:pic x:pic +:pic =:pic
EXPR: 0 | POS | INT | 24 | 2 | 9 | ((x+27)-33)=3 | x 27 + 33 - 3 = | x:picture 27:picture +:picture 33:picture -:picture 3:picture =:picture
EXPR: 0 | POS | INT | 24 | 2 | 38 | (x-27)=(33/3) | x 27 - 33 3 / = | x:picture 27:picture -:picture 33:picture 3:album /:picture =:picture
EXPR: 0 | POS | INT | 24 | 2 | 126 | (x-(33*3))=27 | x 33 3 * - 27 = | x:pic 33:pic 3:album *:pic -:pic 27:pic =:pic
EXPR: 0 | POS | INT | 24 | 2 | 38 | 27=(x-(33/3)) | 27 x 33 3 / - = | 27:pic x:pic 33:pic 3:album /:pic -:pic =:pic
EXPR: 0 | POS | INT | 24 | 2 | 16 | 27=(x+(33/3)) | 27 x 33 3 / + = | 27:pic x:pic 33:pic 3:album /:pic +:pic =:pic
EXPR: 1 | POS | INT | 24 | 2 | 2 | 33=((x*3)+27) | 33 x 3 * 27 + = | 33:pic x:pic 3:album *:pic 27:pic +:pic =:pic
EXPR: 0 | POS | INT | 24 | 2 | 20 | 33=((x*3)-27) | 33 x 3 * 27 - = | 33:pic x:pic 3:album *:pic 27:pic -:pic =:pic
EXPR: 0 | POS | INT | 24 | 2 | 18 | (33-(x/3))=27 | 33 x 3 / - 27 = | 33:pic x:pic 3:album /:pic -:pic 27:pic =:pic
EXPR: 0 | POS | INT | 24 | 2 | 9 | ((27-33)+x)=3 | 27 33 - x + 3 = | 27:picture 33:picture -:picture x:picture +:picture 3:picture =:picture
EXPR: 0 | POS | INT | 24 | 2 | 810 | 27=(x/(33-3)) | 27 x 33 3 - / = | 27:pic x:pic 33:picture 3:picture -:picture /:pic =:pic
EXPR: 0 | POS | INT | 24 | 2 | 810 | (x/(33-3))=27 | x 33 3 - / 27 = | x:pic 33:picture 3:picture -:picture /:pic 27:pic =:pic
EXPR: 0 | POS | INT | 24 | 2 | 972 | (x/(33+3))=27 | x 33 3 + / 27 = | x:pic 33:picture 3:picture +:picture /:pic 27:pic =:pic
EXPR: 0 | POS | INT | 24 | 2 | 72 | ((x+27)/33)=3 | x 27 + 33 / 3 = | x:pic 27:pic +:pic 33:picture /:pic 3:pic =:pic
EXPR: 0 | POS | INT | 24 | 2 | 18 | 33=((x/3)+27) | 33 x 3 / 27 + = | 33:pic x:pic 3:album /:pic 27:pic +:pic =:pic
EXPR: 0 | POS | INT | 24 | 2 | 180 | 33=((x/3)-27) | 33 x 3 / 27 - = | 33:pic x:pic 3:album /:pic 27:pic -:pic =:pic
EXPR: 0 | POS | INT | 24 | 2 | 972 | (x/27)=(33+3) | x 27 / 33 3 + = | x:picture 27:pic /:picture 33:picture 3:picture +:picture =:picture
EXPR: 0 | POS | INT | 24 | 2 | 63 | ((x-33)-3)=27 | x 33 - 3 - 27 = | x:picture 33:picture -:picture 3:picture -:picture 27:picture =:picture
EXPR: 0 | POS | INT | 24 | 2 | 792 | (27-(x/33))=3 | 27 x 33 / - 3 = | 27:pic x:pic 33:picture /:pic -:pic 3:pic =:pic
EXPR: 0 | POS | INT | 25 | 2 | 114 | x=((27*3)+33) | x 27 3 * 33 + = | x:picture 27:picture 3:pic *:picture 33:picture +:picture =:picture
EXPR: 0 | POS | INT | 25 | 2 | 42 | x=((27/3)+33) | x 27 3 / 33 + = | x:picture 27:picture 3:pic /:picture 33:picture +:picture =:picture
EXPR: 0 | POS | INT | 25 | 2 | 48 | x=((27*3)-33) | x 27 3 * 33 - = | x:picture 27:picture 3:pic *:picture 33:picture -:picture =:picture
EXPR: 0 | POS | INT | 25 | 2 | 894 | (3+(33*27))=x | 3 33 27 * + x = | 3:album 33:picture 27:album *:album +:album x:album =:album
EXPR: 0 | POS | INT | 25 | 2 | 18 | x=(3*(33-27)) | x 3 33 27 - * = | x:picture 3:picture 33:pic 27:pic -:pic *:picture =:picture
EXPR: 0 | POS | INT | 25 | 2 | 180 | x=(3*(33+27)) | x 3 33 27 + * = | x:picture 3:picture 33:pic 27:pic +:pic *:picture =:picture
EXPR: 0 | POS | INT | 25 | 2 | 9 | x=(3+(33-27)) | x 3 33 27 - + = | x:picture 3:picture 33:picture 27:picture -:picture +:picture =:picture
EXPR: 0 | POS | INT | 25 | 2 | 63 | (3+(33+27))=x | 3 33 27 + + x = | 3:picture 33:picture 27:picture +:picture +:picture x:picture =:picture
EXPR: 0 | POS | INT | 27 | 2 | 20 | 27=((x*3)-33) | 27 x 3 * 33 - = | 27:pic x:picture 3:pic *:pic 33:pic -:pic =:pic
EXPR: 0 | POS | INT | 27 | 2 | 57 | ((3+x)-33)=27 | 3 x + 33 - 27 = | 3:picture x:picture +:picture 33:picture -:picture 27:picture =:picture
EXPR: 0 | POS | INT | 27 | 2 | 9 | ((3-x)+33)=27 | 3 x - 33 + 27 = | 3:picture x:picture -:picture 33:picture +:picture 27:picture =:picture
EXPR: 0 | POS | INT | 27 | 2 | 57 | 27=(3+(x-33)) | 27 3 x 33 - + = | 27:picture 3:picture x:picture 33:picture -:picture +:picture =:picture
EXPR: 0 | POS | INT | 27 | 2 | 792 | 27=(3+(x/33)) | 27 3 x 33 / + = | 27:pic 3:pic x:pic 33:picture /:pic +:pic =:pic
EXPR: 0 | POS | INT | 27 | 2 | 297 | (3*x)=(33*27) | 3 x * 33 27 * = | 3:pic x:picture *:pic 33:picture 27:pic *:pic =:pic
EXPR: 0 | POS | INT | 27 | 2 | 810 | ((x/27)+3)=33 | x 27 / 3 + 33 = | x:album 27:pic /:album 3:album +:album 33:album =:album
EXPR: 0 | POS | INT | 27 | 2 | 972 | ((x/27)-3)=33 | x 27 / 3 - 33 = | x:album 27:pic /:album 3:album -:album 33:album =:album
EXPR: 0 | POS | INT | 27 | 2 | 38 | 3=(33/(x-27)) | 3 33 x 27 - / = | 3:album 33:album x:picture 27:picture -:picture /:album =:album
EXPR: 0 | POS | INT | 27 | 2 | 894 | ((x-3)/33)=27 | x 3 - 33 / 27 = | x:album 3:album -:album 33:picture /:album 27:album =:album
EXPR: 0 | POS | INT | 27 | 2 | 888 | 27=((x+3)/33) | 27 x 3 + 33 / = | 27:album x:album 3:album +:album 33:picture /:album =:album
EXPR: 0 | POS | INT | 27 | 2 | 894 | 27=((x-3)/33) | 27 x 3 - 33 / = | 27:album x:album 3:album -:album 33:picture /:album =:album
EXPR: 0 | POS | INT | 27 | 2 | 16 | ((27-x)*3)=33 | 27 x - 3 * 33 = | 27:picture x:picture -:picture 3:pic *:picture 33:picture =:picture
EXPR: 0 | POS | INT | 27 | 2 | 9 | ((x+27)-3)=33 | x 27 + 3 - 33 = | x:picture 27:picture +:picture 3:picture -:picture 33:picture =:picture
EXPR: 0 | POS | INT | 27 | 2 | 3 | ((x+27)+3)=33 | x 27 + 3 + 33 = | x:picture 27:picture +:picture 3:picture +:picture 33:picture =:picture
EXPR: 0 | POS | INT | 27 | 2 | 9 | ((27+x)-3)=33 | 27 x + 3 - 33 = | 27:picture x:picture +:picture 3:picture -:picture 33:picture =:picture
EXPR: 0 | POS | INT | 27 | 2 | 3 | ((27+x)+3)=33 | 27 x + 3 + 33 = | 27:picture x:picture +:picture 3:picture +:picture 33:picture =:picture
EXPR: 0 | POS | INT | 27 | 2 | 9 | 27=(3-(x-33)) | 27 3 x 33 - - = | 27:picture 3:picture x:picture 33:picture -:picture -:picture =:picture
EXPR: 0 | POS | INT | 27 | 2 | 888 | 27=((3+x)/33) | 27 3 x + 33 / = | 27:album 3:album x:album +:album 33:picture /:album =:album
EXPR: 0 | POS | INT | 27 | 2 | 57 | ((3-33)+x)=27 | 3 33 - x + 27 = | 3:picture 33:picture -:picture x:picture +:picture 27:picture =:picture
EXPR: 0 | POS | INT | 27 | 2 | 180 | 3=(x/(33+27)) | 3 x 33 27 + / = | 3:album x:album 33:pic 27:pic +:pic /:album =:album
EXPR: 0 | POS | INT | 27 | 2 | 16 | 3=(33/(27-x)) | 3 33 27 x - / = | 3:picture 33:picture 27:pic x:pic -:pic /:picture =:picture
NET 173 unique, non-negative, integer-valued solutions found out of 1000 total solutions
