parameters: n=7 l=3 k=1 p=5 q=4 m=9
TOTAL 489 solutions found
SOLN: CORRECT | POS/NEG | INT/FRA | OBJ-SCORE | TRUE-ANS | ANS | INFIX | POSTFIX | TYPED-POSTFIX
EXPR: 0 | POS | INT | 20 | 4 | 140 | x=(44+(12*8)) | x 44 12 8 * + = | x:table 44:table 12:rest 8:table *:table +:table =:table
EXPR: 0 | POS | INT | 20 | 4 | 520 | ((44*12)-8)=x | 44 12 * 8 - x = | 44:customer 12:rest *:customer 8:customer -:customer x:customer =:customer
EXPR: 0 | POS | INT | 20 | 4 | 448 | ((44+12)*8)=x | 44 12 + 8 * x = | 44:rest 12:rest +:rest 8:table *:table x:table =:table
EXPR: 0 | POS | INT | 20 | 4 | 176 | (44*(12-8))=x | 44 12 8 - * x = | 44:customer 12:people 8:people -:people *:people x:people =:people
EXPR: 0 | POS | INT | 20 | 4 | 880 | x=(44*(12+8)) | x 44 12 8 + * = | x:customer 44:customer 12:people 8:people +:people *:customer =:customer
EXPR: 0 | POS | INT | 20 | 4 | 256 | ((44-12)*8)=x | 44 12 - 8 * x = | 44:customer 12:customer -:customer 8:people *:customer x:customer =:customer
EXPR: 0 | POS | INT | 20 | 4 | 520 | x=((44*12)-8) | x 44 12 * 8 - = | x:people 44:customer 12:people *:people 8:people -:people =:people
EXPR: 0 | POS | INT | 20 | 4 | 140 | (44+(12*8))=x | 44 12 8 * + x = | 44:customer 12:customer 8:people *:customer +:customer x:customer =:customer
EXPR: 0 | POS | INT | 20 | 4 | 880 | (44*(12+8))=x | 44 12 8 + * x = | 44:customer 12:table 8:table +:table *:table x:table =:table
EXPR: 1 | POS | INT | 20 | 4 | 4 | x=((44-12)/8) | x 44 12 - 8 / = | x:customer 44:customer 12:customer -:customer 8:people /:customer =:customer
EXPR: 0 | POS | INT | 20 | 4 | 536 | ((44*12)+8)=x | 44 12 * 8 + x = | 44:customer 12:rest *:rest 8:rest +:rest x:rest =:rest
EXPR: 0 | POS | INT | 20 | 4 | 7 | ((44+12)/8)=x | 44 12 + 8 / x = | 44:table 12:table +:table 8:people /:table x:table =:table
EXPR: 0 | POS | INT | 20 | 4 | 176 | x=(44*(12-8)) | x 44 12 8 - * = | x:customer 44:customer 12:rest 8:rest -:rest *:customer =:customer
EXPR: 0 | POS | INT | 20 | 4 | 11 | x=(44/(12-8)) | x 44 12 8 - / = | x:customer 44:customer 12:rest 8:rest -:rest /:customer =:customer
EXPR: 0 | POS | INT | 22 | 4 | 880 | ((x/44)-12)=8 | x 44 / 12 - 8 = | x:table 44:customer /:table 12:table -:table 8:table =:table
EXPR: 0 | POS | INT | 22 | 4 | 624 | x=(12*(44+8)) | x 12 44 8 + * = | x:table 12:table 44:customer 8:customer +:customer *:table =:table
EXPR: 0 | POS | INT | 22 | 4 | 448 | (x/(44+12))=8 | x 44 12 + / 8 = | x:people 44:customer 12:customer +:customer /:people 8:people =:people
EXPR: 0 | POS | INT | 22 | 4 | 340 | ((44*8)-12)=x | 44 8 * 12 - x = | 44:rest 8:people *:rest 12:rest -:rest x:rest =:rest
EXPR: 0 | POS | INT | 22 | 4 | 340 | x=((44*8)-12) | x 44 8 * 12 - = | x:people 44:customer 8:people *:people 12:people -:people =:people
EXPR: 1 | POS | INT | 22 | 4 | 4 | 44=(12+(8*x)) | 44 12 8 x * + = | 44:people 12:people 8:people x:table *:people +:people =:people
EXPR: 0 | POS | INT | 22 | 4 | 3 | (44-(x*12))=8 | 44 x 12 * - 8 = | 44:people x:table 12:people *:people -:people 8:people =:people
EXPR: 0 | POS | INT | 22 | 4 | 364 | x=((44*8)+12) | x 44 8 * 12 + = | x:rest 44:customer 8:rest *:rest 12:rest +:rest =:rest
EXPR: 0 | POS | INT | 22 | 4 | 624 | (12*(44+8))=x | 12 44 8 + * x = | 12:rest 44:table 8:table +:table *:table x:table =:table
EXPR: 0 | POS | INT | 22 | 4 | 536 | (x-(44*12))=8 | x 44 12 * - 8 = | x:people 44:people 12:rest *:people -:people 8:people =:people
EXPR: 0 | POS | INT | 22 | 4 | 432 | ((44-8)*12)=x | 44 8 - 12 * x = | 44:customer 8:customer -:customer 12:rest *:rest x:rest =:rest
EXPR: 0 | POS | INT | 22 | 4 | 364 | (12+(44*8))=x | 12 44 8 * + x = | 12:rest 44:customer 8:rest *:rest +:rest x:rest =:rest
EXPR: 0 | POS | INT | 22 | 4 | 432 | (12*(44-8))=x | 12 44 8 - * x = | 12:rest 44:people 8:people -:people *:people x:people =:people
EXPR: 0 | POS | INT | 22 | 4 | 432 | x=((44-8)*12) | x 44 8 - 12 * = | x:rest 44:people 8:people -:people 12:rest *:rest =:rest
EXPR: 0 | POS | INT | 22 | 4 | 66 | (44*12)=(x*8) | 44 12 * x 8 * = | 44:customer 12:rest *:customer x:table 8:customer *:customer =:customer
EXPR: 0 | POS | INT | 22 | 4 | 432 | x=(12*(44-8)) | x 12 44 8 - * = | x:table 12:table 44:customer 8:customer -:customer *:table =:table
EXPR: 1 | POS | INT | 22 | 4 | 4 | ((44-12)/x)=8 | 44 12 - x / 8 = | 44:rest 12:rest -:rest x:table /:rest 8:rest =:rest
EXPR: 0 | POS | INT | 22 | 4 | 7 | ((44+12)/x)=8 | 44 12 + x / 8 = | 44:rest 12:rest +:rest x:table /:rest 8:rest =:rest
EXPR: 0 | POS | INT | 22 | 4 | 624 | x=((44+8)*12) | x 44 8 + 12 * = | x:table 44:people 8:people +:people 12:table *:table =:table
EXPR: 0 | POS | INT | 22 | 4 | 340 | 44=((12+x)/8) | 44 12 x + 8 / = | 44:customer 12:customer x:customer +:customer 8:people /:customer =:customer
EXPR: 0 | POS | INT | 22 | 4 | 11 | 44=((12-8)*x) | 44 12 8 - x * = | 44:customer 12:people 8:people -:people x:customer *:customer =:customer
EXPR: 0 | POS | INT | 22 | 4 | 520 | ((44*12)-x)=8 | 44 12 * x - 8 = | 44:customer 12:rest *:rest x:rest -:rest 8:rest =:rest
EXPR: 0 | POS | INT | 22 | 4 | 364 | x=(12+(44*8)) | x 12 44 8 * + = | x:table 12:table 44:table 8:people *:table +:table =:table
EXPR: 0 | POS | INT | 22 | 4 | 364 | 44=((x-12)/8) | 44 x 12 - 8 / = | 44:customer x:customer 12:customer -:customer 8:people /:customer =:customer
EXPR: 0 | POS | INT | 22 | 4 | 340 | 44=((x+12)/8) | 44 x 12 + 8 / = | 44:customer x:customer 12:customer +:customer 8:people /:customer =:customer
EXPR: 0 | POS | INT | 22 | 4 | 52 | ((44+x)/12)=8 | 44 x + 12 / 8 = | 44:people x:people +:people 12:rest /:people 8:people =:people
EXPR: 0 | POS | INT | 24 | 4 | 7 | 44=((8*x)-12) | 44 8 x * 12 - = | 44:rest 8:people x:rest *:rest 12:rest -:rest =:rest
EXPR: 0 | POS | INT | 24 | 4 | 340 | ((x+12)/44)=8 | x 12 + 44 / 8 = | x:people 12:people +:people 44:customer /:people 8:people =:people
EXPR: 0 | POS | INT | 24 | 4 | 3 | 44=(8+(x*12)) | 44 8 x 12 * + = | 44:people 8:people x:table 12:people *:people +:people =:people
EXPR: 1 | POS | INT | 24 | 4 | 4 | (44-(x*8))=12 | 44 x 8 * - 12 = | 44:people x:table 8:people *:people -:people 12:people =:people
EXPR: 0 | POS | INT | 24 | 4 | 340 | 12=((44*8)-x) | 12 44 8 * x - = | 12:rest 44:customer 8:rest *:rest x:rest -:rest =:rest
EXPR: 0 | POS | INT | 24 | 4 | 7 | 44=((x*8)-12) | 44 x 8 * 12 - = | 44:people x:table 8:people *:people 12:people -:people =:people
EXPR: 0 | POS | INT | 24 | 4 | 520 | 44=((8+x)/12) | 44 8 x + 12 / = | 44:customer 8:customer x:customer +:customer 12:rest /:customer =:customer
EXPR: 0 | POS | INT | 24 | 4 | 364 | 12=(x-(44*8)) | 12 x 44 8 * - = | 12:customer x:customer 44:customer 8:people *:customer -:customer =:customer
EXPR: 0 | POS | INT | 24 | 4 | 52 | ((44+x)/8)=12 | 44 x + 8 / 12 = | 44:table x:table +:table 8:people /:table 12:table =:table
EXPR: 0 | POS | INT | 24 | 4 | 624 | (x/(44+8))=12 | x 44 8 + / 12 = | x:table 44:customer 8:customer +:customer /:table 12:table =:table
EXPR: 0 | POS | INT | 24 | 4 | 624 | ((x/12)-44)=8 | x 12 / 44 - 8 = | x:table 12:rest /:table 44:table -:table 8:table =:table
EXPR: 0 | POS | INT | 24 | 4 | 520 | 44=((x+8)/12) | 44 x 8 + 12 / = | 44:customer x:customer 8:customer +:customer 12:rest /:customer =:customer
EXPR: 0 | POS | INT | 25 | 4 | 52 | x=((12*8)-44) | x 12 8 * 44 - = | x:rest 12:rest 8:people *:rest 44:rest -:rest =:rest
EXPR: 0 | POS | INT | 25 | 4 | 52 | ((12*8)-44)=x | 12 8 * 44 - x = | 12:rest 8:people *:rest 44:rest -:rest x:rest =:rest
EXPR: 0 | POS | INT | 25 | 4 | 256 | (8*(44-12))=x | 8 44 12 - * x = | 8:people 44:customer 12:customer -:customer *:people x:people =:people
EXPR: 0 | POS | INT | 25 | 4 | 140 | ((12*8)+44)=x | 12 8 * 44 + x = | 12:table 8:people *:table 44:table +:table x:table =:table
EXPR: 0 | POS | INT | 25 | 4 | 176 | x=((12-8)*44) | x 12 8 - 44 * = | x:table 12:people 8:people -:people 44:table *:table =:table
EXPR: 0 | POS | INT | 27 | 4 | 11 | 12=(8+(44/x)) | 12 8 44 x / + = | 12:people 8:people 44:people x:table /:people +:people =:people
EXPR: 0 | POS | INT | 27 | 4 | 7 | 12=((x*8)-44) | 12 x 8 * 44 - = | 12:rest x:table 8:rest *:rest 44:rest -:rest =:rest
EXPR: 0 | POS | INT | 27 | 4 | 7 | ((x*8)-44)=12 | x 8 * 44 - 12 = | x:table 8:customer *:customer 44:customer -:customer 12:customer =:customer
EXPR: 0 | POS | INT | 27 | 4 | 11 | (x*(12-8))=44 | x 12 8 - * 44 = | x:table 12:people 8:people -:people *:table 44:table =:table
EXPR: 0 | POS | INT | 27 | 4 | 52 | ((12*8)-x)=44 | 12 8 * x - 44 = | 12:table 8:people *:table x:table -:table 44:table =:table
EXPR: 1 | POS | INT | 27 | 4 | 4 | (12+(x*8))=44 | 12 x 8 * + 44 = | 12:customer x:table 8:customer *:customer +:customer 44:customer =:customer
EXPR: 0 | POS | INT | 27 | 4 | 11 | ((12-8)*x)=44 | 12 8 - x * 44 = | 12:people 8:people -:people x:table *:table 44:table =:table
EXPR: 0 | POS | INT | 27 | 4 | 7 | 12=((8*x)-44) | 12 8 x * 44 - = | 12:rest 8:people x:rest *:rest 44:rest -:rest =:rest
EXPR: 0 | POS | INT | 27 | 4 | 7 | ((8*x)-44)=12 | 8 x * 44 - 12 = | 8:rest x:table *:rest 44:rest -:rest 12:rest =:rest
EXPR: 0 | POS | INT | 27 | 4 | 66 | (8*x)=(44*12) | 8 x * 44 12 * = | 8:rest x:table *:rest 44:customer 12:rest *:rest =:rest
EXPR: 0 | POS | INT | 27 | 4 | 448 | ((x/8)-44)=12 | x 8 / 44 - 12 = | x:rest 8:people /:rest 44:rest -:rest 12:rest =:rest
EXPR: 0 | POS | INT | 27 | 4 | 66 | (x*8)=(44*12) | x 8 * 44 12 * = | x:rest 8:people *:rest 44:customer 12:rest *:rest =:rest
EXPR: 0 | POS | INT | 27 | 4 | 520 | 8=((44*12)-x) | 8 44 12 * x - = | 8:rest 44:customer 12:rest *:rest x:rest -:rest =:rest
EXPR: 0 | POS | INT | 29 | 4 | 7 | ((8*x)-12)=44 | 8 x * 12 - 44 = | 8:people x:customer *:customer 12:customer -:customer 44:customer =:customer
EXPR: 0 | POS | INT | 29 | 4 | 520 | ((x+8)/12)=44 | x 8 + 12 / 44 = | x:table 8:table +:table 12:rest /:table 44:table =:table
EXPR: 0 | POS | INT | 29 | 4 | 7 | ((x*8)-12)=44 | x 8 * 12 - 44 = | x:table 8:rest *:rest 12:rest -:rest 44:rest =:rest
EXPR: 1 | POS | INT | 29 | 4 | 4 | ((8*x)+12)=44 | 8 x * 12 + 44 = | 8:people x:table *:table 12:table +:table 44:table =:table
EXPR: 0 | POS | INT | 30 | 4 | 448 | x=((44+12)*8) | x 44 12 + 8 * = | x:rest 44:rest 12:rest +:rest 8:customer *:rest =:rest
EXPR: 0 | POS | INT | 30 | 4 | 7 | x=((44+12)/8) | x 44 12 + 8 / = | x:rest 44:rest 12:rest +:rest 8:customer /:rest =:rest
EXPR: 0 | POS | INT | 30 | 4 | 536 | x=((44*12)+8) | x 44 12 * 8 + = | x:people 44:people 12:table *:people 8:people +:people =:people
EXPR: 0 | POS | INT | 32 | 4 | 3 | (44-(12*x))=8 | 44 12 x * - 8 = | 44:rest 12:rest x:people *:rest -:rest 8:rest =:rest
EXPR: 0 | POS | INT | 32 | 4 | 140 | 44=(x-(12*8)) | 44 x 12 8 * - = | 44:table x:table 12:people 8:table *:table -:table =:table
EXPR: 0 | POS | INT | 32 | 4 | 64 | 44=((x-12)-8) | 44 x 12 - 8 - = | 44:customer x:customer 12:customer -:customer 8:customer -:customer =:customer
EXPR: 0 | POS | INT | 34 | 4 | 432 | 44=(8+(x/12)) | 44 8 x 12 / + = | 44:customer 8:customer x:customer 12:table /:customer +:customer =:customer
EXPR: 0 | POS | INT | 34 | 4 | 880 | ((x/44)-8)=12 | x 44 / 8 - 12 = | x:rest 44:people /:rest 8:rest -:rest 12:rest =:rest
EXPR: 0 | POS | INT | 34 | 4 | 176 | ((x/44)+8)=12 | x 44 / 8 + 12 = | x:rest 44:table /:rest 8:rest +:rest 12:rest =:rest
EXPR: 1 | POS | INT | 37 | 4 | 4 | (12+(8*x))=44 | 12 8 x * + 44 = | 12:table 8:customer x:table *:table +:table 44:table =:table
EXPR: 0 | POS | INT | 37 | 4 | 536 | 8=(x-(44*12)) | 8 x 44 12 * - = | 8:people x:people 44:rest 12:people *:people -:people =:people
EXPR: 0 | POS | INT | 37 | 4 | 3 | 8=(44-(12*x)) | 8 44 12 x * - = | 8:rest 44:rest 12:rest x:people *:rest -:rest =:rest
EXPR: 0 | POS | INT | 37 | 4 | 880 | (x/(12+8))=44 | x 12 8 + / 44 = | x:table 12:customer 8:customer +:customer /:table 44:table =:table
EXPR: 0 | POS | INT | 37 | 4 | 520 | ((8+x)/44)=12 | 8 x + 44 / 12 = | 8:people x:people +:people 44:table /:people 12:people =:people
EXPR: 0 | POS | INT | 37 | 4 | 448 | (x/8)=(44+12) | x 8 / 44 12 + = | x:rest 8:people /:rest 44:rest 12:rest +:rest =:rest
EXPR: 0 | POS | INT | 37 | 4 | 48 | 8=((44+12)-x) | 8 44 12 + x - = | 8:table 44:table 12:table +:table x:table -:table =:table
EXPR: 0 | POS | INT | 39 | 4 | 40 | ((x-8)+12)=44 | x 8 - 12 + 44 = | x:people 8:people -:people 12:people +:people 44:people =:people
EXPR: 0 | POS | INT | 42 | 4 | 256 | 44=(12+(x/8)) | 44 12 x 8 / + = | 44:people 12:people x:people 8:customer /:people +:people =:people
EXPR: 0 | POS | INT | 45 | 4 | 176 | ((12-8)*44)=x | 12 8 - 44 * x = | 12:customer 8:customer -:customer 44:people *:people x:people =:people
EXPR: 0 | POS | INT | 45 | 4 | 880 | ((12+8)*44)=x | 12 8 + 44 * x = | 12:customer 8:customer +:customer 44:people *:people x:people =:people
EXPR: 0 | POS | INT | 47 | 4 | 66 | (12/8)=(x/44) | 12 8 / x 44 / = | 12:rest 8:customer /:rest x:rest 44:table /:rest =:rest
EXPR: 0 | POS | INT | 49 | 4 | 3 | (8+(12*x))=44 | 8 12 x * + 44 = | 8:rest 12:customer x:rest *:rest +:rest 44:rest =:rest
NET 96 unique, non-negative, integer-valued solutions found out of 489 total solutions
