parameters: n=7 l=3 k=1 p=5 q=2 m=9
TOTAL 1000 solutions found
SOLN: CORRECT | POS/NEG | INT/FRA | OBJ-SCORE | TRUE-ANS | ANS | INFIX | POSTFIX | TYPED-POSTFIX
EXPR: 0 | POS | INT | 2 | 5 | 15 | ((40+20)/x)=4 | 40 20 + x / 4 = | 40:book 20:book +:book x:shelf /:book 4:book =:book
EXPR: 1 | POS | INT | 2 | 5 | 5 | ((40-20)/x)=4 | 40 20 - x / 4 = | 40:book 20:book -:book x:shelf /:book 4:book =:book
EXPR: 1 | POS | INT | 2 | 5 | 5 | 40=(20+(x*4)) | 40 20 x 4 * + = | 40:book 20:book x:shelf 4:book *:book +:book =:book
EXPR: 1 | POS | INT | 2 | 5 | 5 | 40=(20+(4*x)) | 40 20 4 x * + = | 40:book 20:book 4:book x:shelf *:book +:book =:book
EXPR: 1 | POS | INT | 4 | 5 | 5 | (40-(x*4))=20 | 40 x 4 * - 20 = | 40:book x:shelf 4:book *:book -:book 20:book =:book
EXPR: 1 | POS | INT | 4 | 5 | 5 | 40=((x*4)+20) | 40 x 4 * 20 + = | 40:book x:shelf 4:book *:book 20:book +:book =:book
EXPR: 0 | POS | INT | 4 | 5 | 15 | 40=((x*4)-20) | 40 x 4 * 20 - = | 40:book x:shelf 4:book *:book 20:book -:book =:book
EXPR: 0 | POS | INT | 4 | 5 | 15 | 40=((4*x)-20) | 40 4 x * 20 - = | 40:book 4:book x:shelf *:book 20:book -:book =:book
EXPR: 1 | POS | INT | 4 | 5 | 5 | 40=((4*x)+20) | 40 4 x * 20 + = | 40:book 4:book x:shelf *:book 20:book +:book =:book
EXPR: 1 | POS | INT | 4 | 5 | 5 | (40-(4*x))=20 | 40 4 x * - 20 = | 40:book 4:book x:shelf *:book -:book 20:book =:book
EXPR: 1 | POS | INT | 4 | 5 | 5 | 20=(40-(x*4)) | 20 40 x 4 * - = | 20:book 40:book x:shelf 4:book *:book -:book =:book
EXPR: 1 | POS | INT | 4 | 5 | 5 | 20=(40-(4*x)) | 20 40 4 x * - = | 20:book 40:book 4:book x:shelf *:book -:book =:book
EXPR: 0 | POS | INT | 7 | 5 | 15 | 20=((4*x)-40) | 20 4 x * 40 - = | 20:book 4:book x:shelf *:book 40:book -:book =:book
EXPR: 0 | POS | INT | 7 | 5 | 15 | ((x*4)-40)=20 | x 4 * 40 - 20 = | x:shelf 4:book *:book 40:book -:book 20:book =:book
EXPR: 1 | POS | INT | 7 | 5 | 5 | (20+(4*x))=40 | 20 4 x * + 40 = | 20:book 4:book x:shelf *:book +:book 40:book =:book
EXPR: 0 | POS | INT | 7 | 5 | 15 | 20=((x*4)-40) | 20 x 4 * 40 - = | 20:book x:shelf 4:book *:book 40:book -:book =:book
EXPR: 0 | POS | INT | 7 | 5 | 15 | 4=((40+20)/x) | 4 40 20 + x / = | 4:book 40:book 20:book +:book x:shelf /:book =:book
EXPR: 1 | POS | INT | 7 | 5 | 5 | 4=((40-20)/x) | 4 40 20 - x / = | 4:book 40:book 20:book -:book x:shelf /:book =:book
EXPR: 0 | POS | INT | 7 | 5 | 15 | ((4*x)-40)=20 | 4 x * 40 - 20 = | 4:book x:shelf *:book 40:book -:book 20:book =:book
EXPR: 1 | POS | INT | 7 | 5 | 5 | (20+(x*4))=40 | 20 x 4 * + 40 = | 20:book x:shelf 4:book *:book +:book 40:book =:book
EXPR: 0 | POS | INT | 9 | 5 | 15 | ((4*x)-20)=40 | 4 x * 20 - 40 = | 4:book x:shelf *:book 20:book -:book 40:book =:book
EXPR: 1 | POS | INT | 9 | 5 | 5 | ((4*x)+20)=40 | 4 x * 20 + 40 = | 4:book x:shelf *:book 20:book +:book 40:book =:book
EXPR: 0 | POS | INT | 9 | 5 | 15 | ((x*4)-20)=40 | x 4 * 20 - 40 = | x:shelf 4:book *:book 20:book -:book 40:book =:book
EXPR: 1 | POS | INT | 9 | 5 | 5 | ((x*4)+20)=40 | x 4 * 20 + 40 = | x:shelf 4:book *:book 20:book +:book 40:book =:book
EXPR: 0 | POS | INT | 10 | 5 | 240 | x=((40+20)*4) | x 40 20 + 4 * = | x:shelf 40:book 20:book +:book 4:shelf *:shelf =:shelf
EXPR: 0 | POS | INT | 10 | 5 | 960 | x=(40*(20+4)) | x 40 20 4 + * = | x:shelf 40:shelf 20:book 4:book +:book *:shelf =:shelf
EXPR: 0 | POS | INT | 10 | 5 | 640 | x=(40*(20-4)) | x 40 20 4 - * = | x:shelf 40:shelf 20:book 4:book -:book *:shelf =:shelf
EXPR: 0 | POS | INT | 10 | 5 | 80 | ((40-20)*4)=x | 40 20 - 4 * x = | 40:book 20:book -:book 4:shelf *:shelf x:shelf =:shelf
EXPR: 0 | POS | INT | 10 | 5 | 56 | ((40+20)-4)=x | 40 20 + 4 - x = | 40:book 20:book +:book 4:book -:book x:book =:book
EXPR: 0 | POS | INT | 10 | 5 | 16 | ((40-20)-4)=x | 40 20 - 4 - x = | 40:book 20:book -:book 4:book -:book x:book =:book
EXPR: 0 | POS | INT | 10 | 5 | 24 | (40-(20-4))=x | 40 20 4 - - x = | 40:book 20:book 4:book -:book -:book x:book =:book
EXPR: 0 | POS | INT | 10 | 5 | 640 | (40*(20-4))=x | 40 20 4 - * x = | 40:shelf 20:book 4:book -:book *:shelf x:shelf =:shelf
EXPR: 0 | POS | INT | 10 | 5 | 24 | ((40-20)+4)=x | 40 20 - 4 + x = | 40:book 20:book -:book 4:book +:book x:book =:book
EXPR: 0 | POS | INT | 10 | 5 | 56 | x=(40+(20-4)) | x 40 20 4 - + = | x:book 40:book 20:book 4:book -:book +:book =:book
EXPR: 0 | POS | INT | 10 | 5 | 16 | x=(40-(20+4)) | x 40 20 4 + - = | x:book 40:book 20:book 4:book +:book -:book =:book
EXPR: 0 | POS | INT | 10 | 5 | 64 | ((40+20)+4)=x | 40 20 + 4 + x = | 40:book 20:book +:book 4:book +:book x:book =:book
EXPR: 0 | POS | INT | 10 | 5 | 56 | (40+(20-4))=x | 40 20 4 - + x = | 40:book 20:book 4:book -:book +:book x:book =:book
EXPR: 0 | POS | INT | 10 | 5 | 80 | x=((40-20)*4) | x 40 20 - 4 * = | x:shelf 40:book 20:book -:book 4:shelf *:shelf =:shelf
EXPR: 0 | POS | INT | 10 | 5 | 64 | x=(40+(20+4)) | x 40 20 4 + + = | x:book 40:book 20:book 4:book +:book +:book =:book
EXPR: 0 | POS | INT | 10 | 5 | 240 | ((40+20)*4)=x | 40 20 + 4 * x = | 40:book 20:book +:book 4:shelf *:shelf x:shelf =:shelf
EXPR: 0 | POS | INT | 10 | 5 | 64 | (40+(20+4))=x | 40 20 4 + + x = | 40:book 20:book 4:book +:book +:book x:book =:book
EXPR: 0 | POS | INT | 10 | 5 | 24 | x=(40-(20-4)) | x 40 20 4 - - = | x:book 40:book 20:book 4:book -:book -:book =:book
EXPR: 0 | POS | INT | 10 | 5 | 960 | (40*(20+4))=x | 40 20 4 + * x = | 40:shelf 20:book 4:book +:book *:shelf x:shelf =:shelf
EXPR: 0 | POS | INT | 10 | 5 | 56 | x=((40+20)-4) | x 40 20 + 4 - = | x:book 40:book 20:book +:book 4:book -:book =:book
EXPR: 0 | POS | INT | 10 | 5 | 24 | x=((40-20)+4) | x 40 20 - 4 + = | x:book 40:book 20:book -:book 4:book +:book =:book
EXPR: 0 | POS | INT | 10 | 5 | 16 | x=((40-20)-4) | x 40 20 - 4 - = | x:book 40:book 20:book -:book 4:book -:book =:book
EXPR: 0 | POS | INT | 10 | 5 | 16 | (40-(20+4))=x | 40 20 4 + - x = | 40:book 20:book 4:book +:book -:book x:book =:book
EXPR: 0 | POS | INT | 10 | 5 | 64 | x=((40+20)+4) | x 40 20 + 4 + = | x:book 40:book 20:book +:book 4:book +:book =:book
EXPR: 0 | POS | INT | 12 | 5 | 960 | 40=(x/(20+4)) | 40 x 20 4 + / = | 40:shelf x:shelf 20:book 4:book +:book /:shelf =:shelf
EXPR: 0 | POS | INT | 12 | 5 | 240 | (x/(40+20))=4 | x 40 20 + / 4 = | x:shelf 40:book 20:book +:book /:shelf 4:shelf =:shelf
EXPR: 0 | POS | INT | 12 | 5 | 6 | 40=(20*(x-4)) | 40 20 x 4 - * = | 40:book 20:book x:shelf 4:shelf -:shelf *:book =:book
EXPR: 0 | POS | INT | 12 | 5 | 64 | (x-(40+20))=4 | x 40 20 + - 4 = | x:book 40:book 20:book +:book -:book 4:book =:book
EXPR: 0 | POS | INT | 12 | 5 | 24 | 40=((x+20)-4) | 40 x 20 + 4 - = | 40:book x:book 20:book +:book 4:book -:book =:book
EXPR: 0 | POS | INT | 12 | 5 | 16 | 40=((20+4)+x) | 40 20 4 + x + = | 40:book 20:book 4:book +:book x:book +:book =:book
EXPR: 0 | POS | INT | 12 | 5 | 24 | 40=((20-4)+x) | 40 20 4 - x + = | 40:book 20:book 4:book -:book x:book +:book =:book
EXPR: 0 | POS | INT | 12 | 5 | 880 | x=(20*(40+4)) | x 20 40 4 + * = | x:shelf 20:shelf 40:book 4:book +:book *:shelf =:shelf
EXPR: 0 | POS | INT | 12 | 5 | 56 | ((40-x)+20)=4 | 40 x - 20 + 4 = | 40:book x:book -:book 20:book +:book 4:book =:book
EXPR: 0 | POS | INT | 12 | 5 | 640 | 40=(x/(20-4)) | 40 x 20 4 - / = | 40:shelf x:shelf 20:book 4:book -:book /:shelf =:shelf
EXPR: 0 | POS | INT | 12 | 5 | 15 | (40+20)=(4*x) | 40 20 + 4 x * = | 40:book 20:book +:book 4:book x:shelf *:book =:book
EXPR: 0 | POS | INT | 12 | 5 | 80 | (x/(40-20))=4 | x 40 20 - / 4 = | x:shelf 40:book 20:book -:book /:shelf 4:shelf =:shelf
EXPR: 0 | POS | INT | 12 | 5 | 15 | (40+20)=(x*4) | 40 20 + x 4 * = | 40:book 20:book +:book x:shelf 4:book *:book =:book
EXPR: 0 | POS | INT | 12 | 5 | 24 | ((40+4)-20)=x | 40 4 + 20 - x = | 40:book 4:book +:book 20:book -:book x:book =:book
EXPR: 0 | POS | INT | 12 | 5 | 16 | ((40-4)-20)=x | 40 4 - 20 - x = | 40:book 4:book -:book 20:book -:book x:book =:book
EXPR: 0 | POS | INT | 12 | 5 | 880 | x=((40+4)*20) | x 40 4 + 20 * = | x:shelf 40:book 4:book +:book 20:shelf *:shelf =:shelf
EXPR: 0 | POS | INT | 12 | 5 | 56 | (40-(4-20))=x | 40 4 20 - - x = | 40:book 4:book 20:book -:book -:book x:book =:book
EXPR: 0 | POS | INT | 12 | 5 | 16 | 40=((x+20)+4) | 40 x 20 + 4 + = | 40:book x:book 20:book +:book 4:book +:book =:book
EXPR: 0 | POS | INT | 12 | 5 | 64 | ((x-40)-20)=4 | x 40 - 20 - 4 = | x:book 40:book -:book 20:book -:book 4:book =:book
EXPR: 0 | POS | INT | 12 | 5 | 720 | x=(20*(40-4)) | x 20 40 4 - * = | x:shelf 20:shelf 40:book 4:book -:book *:shelf =:shelf
EXPR: 0 | POS | INT | 12 | 5 | 24 | x=(40+(4-20)) | x 40 4 20 - + = | x:book 40:book 4:book 20:book -:book +:book =:book
EXPR: 0 | POS | INT | 12 | 5 | 56 | ((40-4)+20)=x | 40 4 - 20 + x = | 40:book 4:book -:book 20:book +:book x:book =:book
EXPR: 0 | POS | INT | 12 | 5 | 24 | (40+(4-20))=x | 40 4 20 - + x = | 40:book 4:book 20:book -:book +:book x:book =:book
EXPR: 0 | POS | INT | 12 | 5 | 720 | ((40-4)*20)=x | 40 4 - 20 * x = | 40:book 4:book -:book 20:shelf *:shelf x:shelf =:shelf
EXPR: 0 | POS | INT | 12 | 5 | 56 | (40-(x-20))=4 | 40 x 20 - - 4 = | 40:book x:book 20:book -:book -:book 4:book =:book
EXPR: 0 | POS | INT | 12 | 5 | 720 | x=((40-4)*20) | x 40 4 - 20 * = | x:shelf 40:book 4:book -:book 20:shelf *:shelf =:shelf
EXPR: 0 | POS | INT | 12 | 5 | 2 | 40=(20*(4-x)) | 40 20 4 x - * = | 40:book 20:book 4:shelf x:shelf -:shelf *:book =:book
EXPR: 0 | POS | INT | 12 | 5 | 56 | ((40+20)-x)=4 | 40 20 + x - 4 = | 40:book 20:book +:book x:book -:book 4:book =:book
EXPR: 0 | POS | INT | 12 | 5 | 16 | ((40-20)-x)=4 | 40 20 - x - 4 = | 40:book 20:book -:book x:book -:book 4:book =:book
EXPR: 0 | POS | INT | 12 | 5 | 56 | x=(20+(40-4)) | x 20 40 4 - + = | x:book 20:book 40:book 4:book -:book +:book =:book
EXPR: 0 | POS | INT | 12 | 5 | 24 | ((x-40)+20)=4 | x 40 - 20 + 4 = | x:book 40:book -:book 20:book +:book 4:book =:book
EXPR: 0 | POS | INT | 12 | 5 | 64 | 40=(x-(20+4)) | 40 x 20 4 + - = | 40:book x:book 20:book 4:book +:book -:book =:book
EXPR: 0 | POS | INT | 12 | 5 | 64 | x=(20+(40+4)) | x 20 40 4 + + = | x:book 20:book 40:book 4:book +:book +:book =:book
EXPR: 0 | POS | INT | 12 | 5 | 64 | ((40+4)+20)=x | 40 4 + 20 + x = | 40:book 4:book +:book 20:book +:book x:book =:book
EXPR: 0 | POS | INT | 12 | 5 | 64 | (20+(40+4))=x | 20 40 4 + + x = | 20:book 40:book 4:book +:book +:book x:book =:book
EXPR: 0 | POS | INT | 12 | 5 | 30 | (40/(x-20))=4 | 40 x 20 - / 4 = | 40:book x:shelf 20:shelf -:shelf /:book 4:book =:book
EXPR: 1 | POS | INT | 12 | 5 | 5 | (40-20)=(x*4) | 40 20 - x 4 * = | 40:book 20:book -:book x:shelf 4:book *:book =:book
EXPR: 0 | POS | INT | 12 | 5 | 880 | (20*(40+4))=x | 20 40 4 + * x = | 20:shelf 40:book 4:book +:book *:shelf x:shelf =:shelf
EXPR: 0 | POS | INT | 12 | 5 | 24 | (x-(40-20))=4 | x 40 20 - - 4 = | x:book 40:book 20:book -:book -:book 4:book =:book
EXPR: 1 | POS | INT | 12 | 5 | 5 | (40-20)=(4*x) | 40 20 - 4 x * = | 40:book 20:book -:book 4:book x:shelf *:book =:book
EXPR: 0 | POS | INT | 12 | 5 | 24 | 40=(x+(20-4)) | 40 x 20 4 - + = | 40:book x:book 20:book 4:book -:book +:book =:book
EXPR: 0 | POS | INT | 12 | 5 | 56 | (20+(40-4))=x | 20 40 4 - + x = | 20:book 40:book 4:book -:book +:book x:book =:book
EXPR: 0 | POS | INT | 12 | 5 | 10 | 40=((20-x)*4) | 40 20 x - 4 * = | 40:book 20:shelf x:shelf -:shelf 4:book *:book =:book
EXPR: 0 | POS | INT | 12 | 5 | 16 | 40=((20+x)+4) | 40 20 x + 4 + = | 40:book 20:book x:book +:book 4:book +:book =:book
EXPR: 0 | POS | INT | 12 | 5 | 16 | (40-(x+20))=4 | 40 x 20 + - 4 = | 40:book x:book 20:book +:book -:book 4:book =:book
EXPR: 0 | POS | INT | 12 | 5 | 24 | 40=(20+(x-4)) | 40 20 x 4 - + = | 40:book 20:book x:book 4:book -:book +:book =:book
EXPR: 0 | POS | INT | 12 | 5 | 16 | 40=(20+(x+4)) | 40 20 x 4 + + = | 40:book 20:book x:book 4:book +:book +:book =:book
EXPR: 0 | POS | INT | 12 | 5 | 24 | 40=(20-(4-x)) | 40 20 4 x - - = | 40:book 20:book 4:book x:book -:book -:book =:book
EXPR: 0 | POS | INT | 12 | 5 | 16 | 40=(x+(20+4)) | 40 x 20 4 + + = | 40:book x:book 20:book 4:book +:book +:book =:book
EXPR: 0 | POS | INT | 12 | 5 | 56 | x=((40-4)+20) | x 40 4 - 20 + = | x:book 40:book 4:book -:book 20:book +:book =:book
EXPR: 0 | POS | INT | 12 | 5 | 56 | x=(40-(4-20)) | x 40 4 20 - - = | x:book 40:book 4:book 20:book -:book -:book =:book
EXPR: 0 | POS | INT | 12 | 5 | 24 | 40=((20+x)-4) | 40 20 x + 4 - = | 40:book 20:book x:book +:book 4:book -:book =:book
EXPR: 0 | POS | INT | 12 | 5 | 24 | x=((40+4)-20) | x 40 4 + 20 - = | x:book 40:book 4:book +:book 20:book -:book =:book
EXPR: 0 | POS | INT | 12 | 5 | 16 | x=((40-4)-20) | x 40 4 - 20 - = | x:book 40:book 4:book -:book 20:book -:book =:book
EXPR: 0 | POS | INT | 12 | 5 | 64 | x=((40+4)+20) | x 40 4 + 20 + = | x:book 40:book 4:book +:book 20:book +:book =:book
EXPR: 0 | POS | INT | 12 | 5 | 16 | 40=(20+(4+x)) | 40 20 4 x + + = | 40:book 20:book 4:book x:book +:book +:book =:book
EXPR: 0 | POS | INT | 12 | 5 | 16 | ((40-x)-20)=4 | 40 x - 20 - 4 = | 40:book x:book -:book 20:book -:book 4:book =:book
EXPR: 0 | POS | INT | 12 | 5 | 56 | 40=((x-20)+4) | 40 x 20 - 4 + = | 40:book x:book 20:book -:book 4:book +:book =:book
EXPR: 0 | POS | INT | 12 | 5 | 56 | 40=(x-(20-4)) | 40 x 20 4 - - = | 40:book x:book 20:book 4:book -:book -:book =:book
EXPR: 0 | POS | INT | 12 | 5 | 56 | (40+(20-x))=4 | 40 20 x - + 4 = | 40:book 20:book x:book -:book +:book 4:book =:book
EXPR: 0 | POS | INT | 12 | 5 | 64 | 40=((x-20)-4) | 40 x 20 - 4 - = | 40:book x:book 20:book -:book 4:book -:book =:book
EXPR: 0 | POS | INT | 12 | 5 | 10 | (40/(20-x))=4 | 40 20 x - / 4 = | 40:book 20:shelf x:shelf -:shelf /:book 4:book =:book
EXPR: 0 | POS | INT | 12 | 5 | 720 | (20*(40-4))=x | 20 40 4 - * x = | 20:shelf 40:book 4:book -:book *:shelf x:shelf =:shelf
EXPR: 0 | POS | INT | 12 | 5 | 880 | ((40+4)*20)=x | 40 4 + 20 * x = | 40:book 4:book +:book 20:shelf *:shelf x:shelf =:shelf
EXPR: 0 | POS | INT | 14 | 5 | 56 | 40=((x+4)-20) | 40 x 4 + 20 - = | 40:book x:book 4:book +:book 20:book -:book =:book
EXPR: 0 | POS | INT | 14 | 5 | 6 | 20=(40/(x-4)) | 20 40 x 4 - / = | 20:book 40:book x:shelf 4:shelf -:shelf /:book =:book
EXPR: 0 | POS | INT | 14 | 5 | 56 | 20=(x-(40-4)) | 20 x 40 4 - - = | 20:book x:book 40:book 4:book -:book -:book =:book
EXPR: 0 | POS | INT | 14 | 5 | 64 | 20=(x-(40+4)) | 20 x 40 4 + - = | 20:book x:book 40:book 4:book +:book -:book =:book
EXPR: 0 | POS | INT | 14 | 5 | 30 | 40=(4*(x-20)) | 40 4 x 20 - * = | 40:book 4:book x:shelf 20:shelf -:shelf *:book =:book
EXPR: 0 | POS | INT | 14 | 5 | 45 | ((x-40)*4)=20 | x 40 - 4 * 20 = | x:shelf 40:shelf -:shelf 4:book *:book 20:book =:book
EXPR: 0 | POS | INT | 14 | 5 | 880 | 20=(x/(40+4)) | 20 x 40 4 + / = | 20:shelf x:shelf 40:book 4:book +:book /:shelf =:shelf
EXPR: 0 | POS | INT | 14 | 5 | 64 | (x-(40+4))=20 | x 40 4 + - 20 = | x:book 40:book 4:book +:book -:book 20:book =:book
EXPR: 0 | POS | INT | 14 | 5 | 56 | 40=((4-20)+x) | 40 4 20 - x + = | 40:book 4:book 20:book -:book x:book +:book =:book
EXPR: 0 | POS | INT | 14 | 5 | 56 | 40=((4+x)-20) | 40 4 x + 20 - = | 40:book 4:book x:book +:book 20:book -:book =:book
EXPR: 0 | POS | INT | 14 | 5 | 56 | ((20-x)+40)=4 | 20 x - 40 + 4 = | 20:book x:book -:book 40:book +:book 4:book =:book
EXPR: 0 | POS | INT | 14 | 5 | 56 | 40=(4+(x-20)) | 40 4 x 20 - + = | 40:book 4:book x:book 20:book -:book +:book =:book
EXPR: 0 | POS | INT | 14 | 5 | 16 | 40=(4+(x+20)) | 40 4 x 20 + + = | 40:book 4:book x:book 20:book +:book +:book =:book
EXPR: 0 | POS | INT | 14 | 5 | 2 | 40=((4-x)*20) | 40 4 x - 20 * = | 40:book 4:shelf x:shelf -:shelf 20:book *:book =:book
EXPR: 0 | POS | INT | 14 | 5 | 16 | 40=((x+4)+20) | 40 x 4 + 20 + = | 40:book x:book 4:book +:book 20:book +:book =:book
EXPR: 0 | POS | INT | 14 | 5 | 6 | (40/(x-4))=20 | 40 x 4 - / 20 = | 40:book x:shelf 4:shelf -:shelf /:book 20:book =:book
EXPR: 0 | POS | INT | 14 | 5 | 64 | ((x-40)-4)=20 | x 40 - 4 - 20 = | x:book 40:book -:book 4:book -:book 20:book =:book
EXPR: 0 | POS | INT | 14 | 5 | 35 | (20/(40-x))=4 | 20 40 x - / 4 = | 20:book 40:shelf x:shelf -:shelf /:book 4:book =:book
EXPR: 0 | POS | INT | 14 | 5 | 24 | (40-(x-4))=20 | 40 x 4 - - 20 = | 40:book x:book 4:book -:book -:book 20:book =:book
EXPR: 0 | POS | INT | 14 | 5 | 24 | ((40-x)+4)=20 | 40 x - 4 + 20 = | 40:book x:book -:book 4:book +:book 20:book =:book
EXPR: 0 | POS | INT | 14 | 5 | 56 | 20=((x-40)+4) | 20 x 40 - 4 + = | 20:book x:book 40:book -:book 4:book +:book =:book
EXPR: 0 | POS | INT | 14 | 5 | 6 | 40=((x-4)*20) | 40 x 4 - 20 * = | 40:book x:shelf 4:shelf -:shelf 20:book *:book =:book
EXPR: 0 | POS | INT | 14 | 5 | 2 | 20=(40/(4-x)) | 20 40 4 x - / = | 20:book 40:book 4:shelf x:shelf -:shelf /:book =:book
EXPR: 0 | POS | INT | 14 | 5 | 24 | (40+(4-x))=20 | 40 4 x - + 20 = | 40:book 4:book x:book -:book +:book 20:book =:book
EXPR: 0 | POS | INT | 14 | 5 | 56 | (20-(x-40))=4 | 20 x 40 - - 4 = | 20:book x:book 40:book -:book -:book 4:book =:book
EXPR: 0 | POS | INT | 14 | 5 | 880 | (x/(40+4))=20 | x 40 4 + / 20 = | x:shelf 40:book 4:book +:book /:shelf 20:shelf =:shelf
EXPR: 0 | POS | INT | 14 | 5 | 64 | ((x-20)-40)=4 | x 20 - 40 - 4 = | x:book 20:book -:book 40:book -:book 4:book =:book
EXPR: 0 | POS | INT | 14 | 5 | 720 | 20=(x/(40-4)) | 20 x 40 4 - / = | 20:shelf x:shelf 40:book 4:book -:book /:shelf =:shelf
EXPR: 0 | POS | INT | 14 | 5 | 720 | (x/(40-4))=20 | x 40 4 - / 20 = | x:shelf 40:book 4:book -:book /:shelf 20:shelf =:shelf
EXPR: 0 | POS | INT | 14 | 5 | 16 | 40=((4+x)+20) | 40 4 x + 20 + = | 40:book 4:book x:book +:book 20:book +:book =:book
EXPR: 0 | POS | INT | 14 | 5 | 56 | 40=(4-(20-x)) | 40 4 20 x - - = | 40:book 4:book 20:book x:book -:book -:book =:book
EXPR: 0 | POS | INT | 14 | 5 | 10 | 40=(4*(20-x)) | 40 4 20 x - * = | 40:book 4:book 20:shelf x:shelf -:shelf *:book =:book
EXPR: 0 | POS | INT | 14 | 5 | 16 | 20=(40-(x+4)) | 20 40 x 4 + - = | 20:book 40:book x:book 4:book +:book -:book =:book
EXPR: 0 | POS | INT | 14 | 5 | 56 | ((x-40)+4)=20 | x 40 - 4 + 20 = | x:book 40:book -:book 4:book +:book 20:book =:book
EXPR: 0 | POS | INT | 14 | 5 | 64 | 20=((x-40)-4) | 20 x 40 - 4 - = | 20:book x:book 40:book -:book 4:book -:book =:book
EXPR: 0 | POS | INT | 14 | 5 | 56 | (x-(40-4))=20 | x 40 4 - - 20 = | x:book 40:book 4:book -:book -:book 20:book =:book
EXPR: 0 | POS | INT | 14 | 5 | 16 | (40-(4+x))=20 | 40 4 x + - 20 = | 40:book 4:book x:book +:book -:book 20:book =:book
EXPR: 0 | POS | INT | 14 | 5 | 16 | 40=(4+(20+x)) | 40 4 20 x + + = | 40:book 4:book 20:book x:book +:book +:book =:book
EXPR: 0 | POS | INT | 14 | 5 | 24 | 20=(40-(x-4)) | 20 40 x 4 - - = | 20:book 40:book x:book 4:book -:book -:book =:book
EXPR: 0 | POS | INT | 14 | 5 | 24 | (20+(x-40))=4 | 20 x 40 - + 4 = | 20:book x:book 40:book -:book +:book 4:book =:book
EXPR: 0 | POS | INT | 14 | 5 | 56 | 40=(x+(4-20)) | 40 x 4 20 - + = | 40:book x:book 4:book 20:book -:book +:book =:book
EXPR: 0 | POS | INT | 14 | 5 | 24 | 40=(x-(4-20)) | 40 x 4 20 - - = | 40:book x:book 4:book 20:book -:book -:book =:book
EXPR: 0 | POS | INT | 14 | 5 | 24 | 20=(40+(4-x)) | 20 40 4 x - + = | 20:book 40:book 4:book x:book -:book +:book =:book
EXPR: 0 | POS | INT | 14 | 5 | 35 | 20=((40-x)*4) | 20 40 x - 4 * = | 20:book 40:shelf x:shelf -:shelf 4:book *:book =:book
EXPR: 0 | POS | INT | 14 | 5 | 2 | (40/(4-x))=20 | 40 4 x - / 20 = | 40:book 4:shelf x:shelf -:shelf /:book 20:book =:book
EXPR: 0 | POS | INT | 14 | 5 | 24 | ((20+x)-40)=4 | 20 x + 40 - 4 = | 20:book x:book +:book 40:book -:book 4:book =:book
EXPR: 0 | POS | INT | 14 | 5 | 24 | (x+(20-40))=4 | x 20 40 - + 4 = | x:book 20:book 40:book -:book +:book 4:book =:book
EXPR: 0 | POS | INT | 14 | 5 | 16 | 20=(40-(4+x)) | 20 40 4 x + - = | 20:book 40:book 4:book x:book +:book -:book =:book
EXPR: 0 | POS | INT | 14 | 5 | 24 | 20=((40+4)-x) | 20 40 4 + x - = | 20:book 40:book 4:book +:book x:book -:book =:book
EXPR: 0 | POS | INT | 14 | 5 | 45 | (20/(x-40))=4 | 20 x 40 - / 4 = | 20:book x:shelf 40:shelf -:shelf /:book 4:book =:book
EXPR: 0 | POS | INT | 14 | 5 | 24 | ((20-40)+x)=4 | 20 40 - x + 4 = | 20:book 40:book -:book x:book +:book 4:book =:book
EXPR: 0 | POS | INT | 14 | 5 | 16 | 20=((40-4)-x) | 20 40 4 - x - = | 20:book 40:book 4:book -:book x:book -:book =:book
EXPR: 0 | POS | INT | 14 | 5 | 16 | ((40-x)-4)=20 | 40 x - 4 - 20 = | 40:book x:book -:book 4:book -:book 20:book =:book
EXPR: 0 | POS | INT | 14 | 5 | 24 | ((x+20)-40)=4 | x 20 + 40 - 4 = | x:book 20:book +:book 40:book -:book 4:book =:book
EXPR: 0 | POS | INT | 14 | 5 | 24 | 40=((x-4)+20) | 40 x 4 - 20 + = | 40:book x:book 4:book -:book 20:book +:book =:book
EXPR: 0 | POS | INT | 14 | 5 | 16 | (40-(x+4))=20 | 40 x 4 + - 20 = | 40:book x:book 4:book +:book -:book 20:book =:book
EXPR: 0 | POS | INT | 14 | 5 | 24 | 20=((40-x)+4) | 20 40 x - 4 + = | 20:book 40:book x:book -:book 4:book +:book =:book
EXPR: 0 | POS | INT | 14 | 5 | 24 | (20-(40-x))=4 | 20 40 x - - 4 = | 20:book 40:book x:book -:book -:book 4:book =:book
EXPR: 0 | POS | INT | 14 | 5 | 16 | 20=((40-x)-4) | 20 40 x - 4 - = | 20:book 40:book x:book -:book 4:book -:book =:book
EXPR: 0 | POS | INT | 14 | 5 | 56 | (20+(40-x))=4 | 20 40 x - + 4 = | 20:book 40:book x:book -:book +:book 4:book =:book
EXPR: 0 | POS | INT | 14 | 5 | 35 | ((40-x)*4)=20 | 40 x - 4 * 20 = | 40:shelf x:shelf -:shelf 4:book *:book 20:book =:book
EXPR: 0 | POS | INT | 14 | 5 | 64 | 40=((x-4)-20) | 40 x 4 - 20 - = | 40:book x:book 4:book -:book 20:book -:book =:book
EXPR: 0 | POS | INT | 14 | 5 | 24 | ((40+4)-x)=20 | 40 4 + x - 20 = | 40:book 4:book +:book x:book -:book 20:book =:book
EXPR: 0 | POS | INT | 14 | 5 | 16 | ((40-4)-x)=20 | 40 4 - x - 20 = | 40:book 4:book -:book x:book -:book 20:book =:book
EXPR: 0 | POS | INT | 15 | 5 | 240 | x=(4*(40+20)) | x 4 40 20 + * = | x:shelf 4:shelf 40:book 20:book +:book *:shelf =:shelf
EXPR: 0 | POS | INT | 15 | 5 | 960 | x=((20+4)*40) | x 20 4 + 40 * = | x:shelf 20:book 4:book +:book 40:shelf *:shelf =:shelf
EXPR: 0 | POS | INT | 15 | 5 | 640 | x=((20-4)*40) | x 20 4 - 40 * = | x:shelf 20:book 4:book -:book 40:shelf *:shelf =:shelf
EXPR: 0 | POS | INT | 15 | 5 | 64 | x=((20+4)+40) | x 20 4 + 40 + = | x:book 20:book 4:book +:book 40:book +:book =:book
EXPR: 0 | POS | INT | 15 | 5 | 80 | x=(4*(40-20)) | x 4 40 20 - * = | x:shelf 4:shelf 40:book 20:book -:book *:shelf =:shelf
EXPR: 0 | POS | INT | 15 | 5 | 960 | ((20+4)*40)=x | 20 4 + 40 * x = | 20:book 4:book +:book 40:shelf *:shelf x:shelf =:shelf
EXPR: 0 | POS | INT | 15 | 5 | 24 | x=(4+(40-20)) | x 4 40 20 - + = | x:book 4:book 40:book 20:book -:book +:book =:book
EXPR: 0 | POS | INT | 15 | 5 | 64 | x=(4+(40+20)) | x 4 40 20 + + = | x:book 4:book 40:book 20:book +:book +:book =:book
EXPR: 0 | POS | INT | 15 | 5 | 640 | ((20-4)*40)=x | 20 4 - 40 * x = | 20:book 4:book -:book 40:shelf *:shelf x:shelf =:shelf
EXPR: 0 | POS | INT | 15 | 5 | 64 | (4+(40+20))=x | 4 40 20 + + x = | 4:book 40:book 20:book +:book +:book x:book =:book
EXPR: 0 | POS | INT | 15 | 5 | 24 | (4+(40-20))=x | 4 40 20 - + x = | 4:book 40:book 20:book -:book +:book x:book =:book
EXPR: 0 | POS | INT | 15 | 5 | 56 | ((20-4)+40)=x | 20 4 - 40 + x = | 20:book 4:book -:book 40:book +:book x:book =:book
EXPR: 0 | POS | INT | 15 | 5 | 240 | (4*(40+20))=x | 4 40 20 + * x = | 4:shelf 40:book 20:book +:book *:shelf x:shelf =:shelf
EXPR: 0 | POS | INT | 15 | 5 | 56 | (20-(4-40))=x | 20 4 40 - - x = | 20:book 4:book 40:book -:book -:book x:book =:book
EXPR: 0 | POS | INT | 15 | 5 | 64 | ((20+4)+40)=x | 20 4 + 40 + x = | 20:book 4:book +:book 40:book +:book x:book =:book
EXPR: 0 | POS | INT | 15 | 5 | 56 | x=(20-(4-40)) | x 20 4 40 - - = | x:book 20:book 4:book 40:book -:book -:book =:book
EXPR: 0 | POS | INT | 15 | 5 | 56 | x=((20-4)+40) | x 20 4 - 40 + = | x:book 20:book 4:book -:book 40:book +:book =:book
EXPR: 0 | POS | INT | 15 | 5 | 80 | (4*(40-20))=x | 4 40 20 - * x = | 4:shelf 40:book 20:book -:book *:shelf x:shelf =:shelf
EXPR: 0 | POS | INT | 17 | 5 | 56 | 20=((x+4)-40) | 20 x 4 + 40 - = | 20:book x:book 4:book +:book 40:book -:book =:book
EXPR: 0 | POS | INT | 17 | 5 | 45 | (4*(x-40))=20 | 4 x 40 - * 20 = | 4:book x:shelf 40:shelf -:shelf *:book 20:book =:book
EXPR: 0 | POS | INT | 17 | 5 | 24 | 4=(x-(40-20)) | 4 x 40 20 - - = | 4:book x:book 40:book 20:book -:book -:book =:book
EXPR: 0 | POS | INT | 17 | 5 | 64 | 4=(x-(40+20)) | 4 x 40 20 + - = | 4:book x:book 40:book 20:book +:book -:book =:book
EXPR: 0 | POS | INT | 17 | 5 | 2 | (20*(4-x))=40 | 20 4 x - * 40 = | 20:book 4:shelf x:shelf -:shelf *:book 40:book =:book
EXPR: 0 | POS | INT | 17 | 5 | 24 | (4-(x-40))=20 | 4 x 40 - - 20 = | 4:book x:book 40:book -:book -:book 20:book =:book
EXPR: 0 | POS | INT | 17 | 5 | 56 | (4+(x-40))=20 | 4 x 40 - + 20 = | 4:book x:book 40:book -:book +:book 20:book =:book
EXPR: 0 | POS | INT | 17 | 5 | 960 | (x/(20+4))=40 | x 20 4 + / 40 = | x:shelf 20:book 4:book +:book /:shelf 40:shelf =:shelf
EXPR: 0 | POS | INT | 17 | 5 | 56 | 20=((4+x)-40) | 20 4 x + 40 - = | 20:book 4:book x:book +:book 40:book -:book =:book
EXPR: 0 | POS | INT | 17 | 5 | 24 | 20=((4-x)+40) | 20 4 x - 40 + = | 20:book 4:book x:book -:book 40:book +:book =:book
EXPR: 0 | POS | INT | 17 | 5 | 35 | (4*(40-x))=20 | 4 40 x - * 20 = | 4:book 40:shelf x:shelf -:shelf *:book 20:book =:book
EXPR: 0 | POS | INT | 17 | 5 | 56 | 20=(x+(4-40)) | 20 x 4 40 - + = | 20:book x:book 4:book 40:book -:book +:book =:book
EXPR: 0 | POS | INT | 17 | 5 | 56 | ((x+4)-40)=20 | x 4 + 40 - 20 = | x:book 4:book +:book 40:book -:book 20:book =:book
EXPR: 0 | POS | INT | 17 | 5 | 64 | ((x-4)-40)=20 | x 4 - 40 - 20 = | x:book 4:book -:book 40:book -:book 20:book =:book
EXPR: 0 | POS | INT | 17 | 5 | 240 | 4=(x/(40+20)) | 4 x 40 20 + / = | 4:shelf x:shelf 40:book 20:book +:book /:shelf =:shelf
EXPR: 1 | POS | INT | 17 | 5 | 5 | (x*4)=(40-20) | x 4 * 40 20 - = | x:shelf 4:book *:book 40:book 20:book -:book =:book
EXPR: 0 | POS | INT | 17 | 5 | 6 | (20*(x-4))=40 | 20 x 4 - * 40 = | 20:book x:shelf 4:shelf -:shelf *:book 40:book =:book
EXPR: 0 | POS | INT | 17 | 5 | 24 | ((x+20)-4)=40 | x 20 + 4 - 40 = | x:book 20:book +:book 4:book -:book 40:book =:book
EXPR: 0 | POS | INT | 17 | 5 | 24 | ((20+x)-4)=40 | 20 x + 4 - 40 = | 20:book x:book +:book 4:book -:book 40:book =:book
EXPR: 0 | POS | INT | 17 | 5 | 16 | ((20+x)+4)=40 | 20 x + 4 + 40 = | 20:book x:book +:book 4:book +:book 40:book =:book
EXPR: 0 | POS | INT | 17 | 5 | 56 | (x-(20-4))=40 | x 20 4 - - 40 = | x:book 20:book 4:book -:book -:book 40:book =:book
EXPR: 0 | POS | INT | 17 | 5 | 24 | (x+(20-4))=40 | x 20 4 - + 40 = | x:book 20:book 4:book -:book +:book 40:book =:book
EXPR: 0 | POS | INT | 17 | 5 | 30 | 4=(40/(x-20)) | 4 40 x 20 - / = | 4:book 40:book x:shelf 20:shelf -:shelf /:book =:book
EXPR: 0 | POS | INT | 17 | 5 | 56 | 20=((4-40)+x) | 20 4 40 - x + = | 20:book 4:book 40:book -:book x:book +:book =:book
EXPR: 0 | POS | INT | 17 | 5 | 80 | 4=(x/(40-20)) | 4 x 40 20 - / = | 4:shelf x:shelf 40:book 20:book -:book /:shelf =:shelf
EXPR: 0 | POS | INT | 17 | 5 | 56 | ((4+x)-40)=20 | 4 x + 40 - 20 = | 4:book x:book +:book 40:book -:book 20:book =:book
EXPR: 0 | POS | INT | 17 | 5 | 15 | (x*4)=(40+20) | x 4 * 40 20 + = | x:shelf 4:book *:book 40:book 20:book +:book =:book
EXPR: 0 | POS | INT | 17 | 5 | 56 | 20=(4+(x-40)) | 20 4 x 40 - + = | 20:book 4:book x:book 40:book -:book +:book =:book
EXPR: 0 | POS | INT | 17 | 5 | 24 | (20-(4-x))=40 | 20 4 x - - 40 = | 20:book 4:book x:book -:book -:book 40:book =:book
EXPR: 0 | POS | INT | 17 | 5 | 24 | 4=((x-40)+20) | 4 x 40 - 20 + = | 4:book x:book 40:book -:book 20:book +:book =:book
EXPR: 0 | POS | INT | 17 | 5 | 24 | (20+(x-4))=40 | 20 x 4 - + 40 = | 20:book x:book 4:book -:book +:book 40:book =:book
EXPR: 0 | POS | INT | 17 | 5 | 24 | x=(4-(20-40)) | x 4 20 40 - - = | x:book 4:book 20:book 40:book -:book -:book =:book
EXPR: 0 | POS | INT | 17 | 5 | 45 | 20=(4*(x-40)) | 20 4 x 40 - * = | 20:book 4:book x:shelf 40:shelf -:shelf *:book =:book
EXPR: 0 | POS | INT | 17 | 5 | 56 | (x+(4-40))=20 | x 4 40 - + 20 = | x:book 4:book 40:book -:book +:book 20:book =:book
EXPR: 0 | POS | INT | 17 | 5 | 16 | (x+(20+4))=40 | x 20 4 + + 40 = | x:book 20:book 4:book +:book +:book 40:book =:book
EXPR: 0 | POS | INT | 17 | 5 | 24 | 20=(4-(x-40)) | 20 4 x 40 - - = | 20:book 4:book x:book 40:book -:book -:book =:book
EXPR: 0 | POS | INT | 17 | 5 | 56 | ((x-20)+4)=40 | x 20 - 4 + 40 = | x:book 20:book -:book 4:book +:book 40:book =:book
EXPR: 0 | POS | INT | 17 | 5 | 16 | (20+(x+4))=40 | 20 x 4 + + 40 = | 20:book x:book 4:book +:book +:book 40:book =:book
EXPR: 0 | POS | INT | 17 | 5 | 24 | ((4-x)+40)=20 | 4 x - 40 + 20 = | 4:book x:book -:book 40:book +:book 20:book =:book
EXPR: 0 | POS | INT | 17 | 5 | 16 | (20+(4+x))=40 | 20 4 x + + 40 = | 20:book 4:book x:book +:book +:book 40:book =:book
EXPR: 0 | POS | INT | 17 | 5 | 64 | (x-(20+4))=40 | x 20 4 + - 40 = | x:book 20:book 4:book +:book -:book 40:book =:book
EXPR: 0 | POS | INT | 17 | 5 | 24 | ((4-20)+40)=x | 4 20 - 40 + x = | 4:book 20:book -:book 40:book +:book x:book =:book
EXPR: 0 | POS | INT | 17 | 5 | 24 | ((20-4)+x)=40 | 20 4 - x + 40 = | 20:book 4:book -:book x:book +:book 40:book =:book
EXPR: 0 | POS | INT | 17 | 5 | 16 | 4=(40-(x+20)) | 4 40 x 20 + - = | 4:book 40:book x:book 20:book +:book -:book =:book
EXPR: 0 | POS | INT | 17 | 5 | 56 | 4=(40-(x-20)) | 4 40 x 20 - - = | 4:book 40:book x:book 20:book -:book -:book =:book
EXPR: 0 | POS | INT | 17 | 5 | 64 | 4=((x-40)-20) | 4 x 40 - 20 - = | 4:book x:book 40:book -:book 20:book -:book =:book
EXPR: 0 | POS | INT | 17 | 5 | 56 | 4=((40+20)-x) | 4 40 20 + x - = | 4:book 40:book 20:book +:book x:book -:book =:book
EXPR: 0 | POS | INT | 17 | 5 | 16 | ((x+20)+4)=40 | x 20 + 4 + 40 = | x:book 20:book +:book 4:book +:book 40:book =:book
EXPR: 0 | POS | INT | 17 | 5 | 64 | ((x-20)-4)=40 | x 20 - 4 - 40 = | x:book 20:book -:book 4:book -:book 40:book =:book
EXPR: 0 | POS | INT | 17 | 5 | 16 | 4=(40-(20+x)) | 4 40 20 x + - = | 4:book 40:book 20:book x:book +:book -:book =:book
EXPR: 0 | POS | INT | 17 | 5 | 56 | ((4-40)+x)=20 | 4 40 - x + 20 = | 4:book 40:book -:book x:book +:book 20:book =:book
EXPR: 0 | POS | INT | 17 | 5 | 16 | 4=((40-20)-x) | 4 40 20 - x - = | 4:book 40:book 20:book -:book x:book -:book =:book
EXPR: 0 | POS | INT | 17 | 5 | 56 | 4=(40+(20-x)) | 4 40 20 x - + = | 4:book 40:book 20:book x:book -:book +:book =:book
EXPR: 0 | POS | INT | 17 | 5 | 10 | ((20-x)*4)=40 | 20 x - 4 * 40 = | 20:shelf x:shelf -:shelf 4:book *:book 40:book =:book
EXPR: 0 | POS | INT | 17 | 5 | 35 | 20=(4*(40-x)) | 20 4 40 x - * = | 20:book 4:book 40:shelf x:shelf -:shelf *:book =:book
EXPR: 0 | POS | INT | 17 | 5 | 64 | 20=((x-4)-40) | 20 x 4 - 40 - = | 20:book x:book 4:book -:book 40:book -:book =:book
EXPR: 0 | POS | INT | 17 | 5 | 16 | ((20+4)+x)=40 | 20 4 + x + 40 = | 20:book 4:book +:book x:book +:book 40:book =:book
EXPR: 0 | POS | INT | 17 | 5 | 10 | 4=(40/(20-x)) | 4 40 20 x - / = | 4:book 40:book 20:shelf x:shelf -:shelf /:book =:book
EXPR: 0 | POS | INT | 17 | 5 | 24 | 20=(4+(40-x)) | 20 4 40 x - + = | 20:book 4:book 40:book x:book -:book +:book =:book
EXPR: 0 | POS | INT | 17 | 5 | 24 | (4+(40-x))=20 | 4 40 x - + 20 = | 4:book 40:book x:book -:book +:book 20:book =:book
EXPR: 0 | POS | INT | 17 | 5 | 24 | (4-(20-40))=x | 4 20 40 - - x = | 4:book 20:book 40:book -:book -:book x:book =:book
EXPR: 0 | POS | INT | 17 | 5 | 56 | 4=((40-x)+20) | 4 40 x - 20 + = | 4:book 40:book x:book -:book 20:book +:book =:book
EXPR: 1 | POS | INT | 17 | 5 | 5 | (4*x)=(40-20) | 4 x * 40 20 - = | 4:book x:shelf *:book 40:book 20:book -:book =:book
EXPR: 0 | POS | INT | 17 | 5 | 56 | (4-(40-x))=20 | 4 40 x - - 20 = | 4:book 40:book x:book -:book -:book 20:book =:book
EXPR: 0 | POS | INT | 17 | 5 | 24 | x=((4-20)+40) | x 4 20 - 40 + = | x:book 4:book 20:book -:book 40:book +:book =:book
EXPR: 0 | POS | INT | 17 | 5 | 16 | 4=((40-x)-20) | 4 40 x - 20 - = | 4:book 40:book x:book -:book 20:book -:book =:book
EXPR: 0 | POS | INT | 17 | 5 | 56 | 20=(4-(40-x)) | 20 4 40 x - - = | 20:book 4:book 40:book x:book -:book -:book =:book
EXPR: 0 | POS | INT | 17 | 5 | 30 | ((x-20)*4)=40 | x 20 - 4 * 40 = | x:shelf 20:shelf -:shelf 4:book *:book 40:book =:book
EXPR: 0 | POS | INT | 17 | 5 | 640 | (x/(20-4))=40 | x 20 4 - / 40 = | x:shelf 20:book 4:book -:book /:shelf 40:shelf =:shelf
EXPR: 0 | POS | INT | 19 | 5 | 30 | (4*(x-20))=40 | 4 x 20 - * 40 = | 4:book x:shelf 20:shelf -:shelf *:book 40:book =:book
EXPR: 0 | POS | INT | 19 | 5 | 24 | 4=((x+20)-40) | 4 x 20 + 40 - = | 4:book x:book 20:book +:book 40:book -:book =:book
EXPR: 0 | POS | INT | 19 | 5 | 10 | (4*(20-x))=40 | 4 20 x - * 40 = | 4:book 20:shelf x:shelf -:shelf *:book 40:book =:book
EXPR: 0 | POS | INT | 19 | 5 | 35 | 4=(20/(40-x)) | 4 20 40 x - / = | 4:book 20:book 40:shelf x:shelf -:shelf /:book =:book
EXPR: 0 | POS | INT | 19 | 5 | 56 | ((x+4)-20)=40 | x 4 + 20 - 40 = | x:book 4:book +:book 20:book -:book 40:book =:book
EXPR: 0 | POS | INT | 19 | 5 | 16 | ((x+4)+20)=40 | x 4 + 20 + 40 = | x:book 4:book +:book 20:book +:book 40:book =:book
EXPR: 0 | POS | INT | 19 | 5 | 45 | 4=(20/(x-40)) | 4 20 x 40 - / = | 4:book 20:book x:shelf 40:shelf -:shelf /:book =:book
EXPR: 0 | POS | INT | 19 | 5 | 64 | ((x-4)-20)=40 | x 4 - 20 - 40 = | x:book 4:book -:book 20:book -:book 40:book =:book
EXPR: 0 | POS | INT | 19 | 5 | 56 | ((4+x)-20)=40 | 4 x + 20 - 40 = | 4:book x:book +:book 20:book -:book 40:book =:book
EXPR: 0 | POS | INT | 19 | 5 | 16 | ((4+x)+20)=40 | 4 x + 20 + 40 = | 4:book x:book +:book 20:book +:book 40:book =:book
EXPR: 0 | POS | INT | 19 | 5 | 6 | ((x-4)*20)=40 | x 4 - 20 * 40 = | x:shelf 4:shelf -:shelf 20:book *:book 40:book =:book
EXPR: 0 | POS | INT | 19 | 5 | 24 | ((x-4)+20)=40 | x 4 - 20 + 40 = | x:book 4:book -:book 20:book +:book 40:book =:book
EXPR: 0 | POS | INT | 19 | 5 | 56 | (4-(20-x))=40 | 4 20 x - - 40 = | 4:book 20:book x:book -:book -:book 40:book =:book
EXPR: 0 | POS | INT | 19 | 5 | 24 | 4=((20+x)-40) | 4 20 x + 40 - = | 4:book 20:book x:book +:book 40:book -:book =:book
EXPR: 0 | POS | INT | 19 | 5 | 56 | (4+(x-20))=40 | 4 x 20 - + 40 = | 4:book x:book 20:book -:book +:book 40:book =:book
EXPR: 0 | POS | INT | 19 | 5 | 24 | (x-(4-20))=40 | x 4 20 - - 40 = | x:book 4:book 20:book -:book -:book 40:book =:book
EXPR: 0 | POS | INT | 19 | 5 | 56 | (x+(4-20))=40 | x 4 20 - + 40 = | x:book 4:book 20:book -:book +:book 40:book =:book
EXPR: 0 | POS | INT | 19 | 5 | 64 | 4=((x-20)-40) | 4 x 20 - 40 - = | 4:book x:book 20:book -:book 40:book -:book =:book
EXPR: 0 | POS | INT | 19 | 5 | 56 | 4=(20-(x-40)) | 4 20 x 40 - - = | 4:book 20:book x:book 40:book -:book -:book =:book
EXPR: 0 | POS | INT | 19 | 5 | 16 | (4+(20+x))=40 | 4 20 x + + 40 = | 4:book 20:book x:book +:book +:book 40:book =:book
EXPR: 0 | POS | INT | 19 | 5 | 56 | ((4-20)+x)=40 | 4 20 - x + 40 = | 4:book 20:book -:book x:book +:book 40:book =:book
EXPR: 0 | POS | INT | 19 | 5 | 16 | (4+(x+20))=40 | 4 x 20 + + 40 = | 4:book x:book 20:book +:book +:book 40:book =:book
EXPR: 0 | POS | INT | 19 | 5 | 24 | 4=(20+(x-40)) | 4 20 x 40 - + = | 4:book 20:book x:book 40:book -:book +:book =:book
EXPR: 0 | POS | INT | 19 | 5 | 56 | 4=((20-x)+40) | 4 20 x - 40 + = | 4:book 20:book x:book -:book 40:book +:book =:book
EXPR: 0 | POS | INT | 19 | 5 | 24 | 4=((20-40)+x) | 4 20 40 - x + = | 4:book 20:book 40:book -:book x:book +:book =:book
EXPR: 0 | POS | INT | 19 | 5 | 24 | 4=(x+(20-40)) | 4 x 20 40 - + = | 4:book x:book 20:book 40:book -:book +:book =:book
EXPR: 0 | POS | INT | 19 | 5 | 24 | 4=(20-(40-x)) | 4 20 40 x - - = | 4:book 20:book 40:book x:book -:book -:book =:book
EXPR: 0 | POS | INT | 19 | 5 | 56 | 4=(20+(40-x)) | 4 20 40 x - + = | 4:book 20:book 40:book x:book -:book +:book =:book
EXPR: 0 | POS | INT | 19 | 5 | 2 | ((4-x)*20)=40 | 4 x - 20 * 40 = | 4:shelf x:shelf -:shelf 20:book *:book 40:book =:book
EXPR: 0 | POS | INT | 20 | 5 | 796 | x=((40*20)-4) | x 40 20 * 4 - = | x:shelf 40:book 20:shelf *:shelf 4:shelf -:shelf =:shelf
EXPR: 0 | POS | INT | 20 | 5 | 804 | x=((40*20)+4) | x 40 20 * 4 + = | x:shelf 40:book 20:shelf *:shelf 4:shelf +:shelf =:shelf
EXPR: 0 | POS | INT | 20 | 5 | 804 | ((40*20)+4)=x | 40 20 * 4 + x = | 40:shelf 20:book *:book 4:book +:book x:book =:book
EXPR: 0 | POS | INT | 20 | 5 | 796 | ((40*20)-4)=x | 40 20 * 4 - x = | 40:shelf 20:book *:book 4:book -:book x:book =:book
EXPR: 0 | POS | INT | 20 | 5 | 35 | x=(40-(20/4)) | x 40 20 4 / - = | x:shelf 40:shelf 20:shelf 4:book /:shelf -:shelf =:shelf
EXPR: 0 | POS | INT | 20 | 5 | 6 | ((40/20)+4)=x | 40 20 / 4 + x = | 40:book 20:shelf /:book 4:book +:book x:book =:book
EXPR: 0 | POS | INT | 20 | 5 | 15 | x=((40+20)/4) | x 40 20 + 4 / = | x:book 40:book 20:book +:book 4:shelf /:book =:book
EXPR: 0 | POS | INT | 20 | 5 | 120 | (40+(20*4))=x | 40 20 4 * + x = | 40:book 20:book 4:shelf *:book +:book x:book =:book
EXPR: 0 | POS | INT | 20 | 5 | 45 | (40+(20/4))=x | 40 20 4 / + x = | 40:book 20:book 4:shelf /:book +:book x:book =:book
EXPR: 0 | POS | INT | 20 | 5 | 35 | (40-(20/4))=x | 40 20 4 / - x = | 40:book 20:book 4:shelf /:book -:book x:book =:book
EXPR: 0 | POS | INT | 20 | 5 | 6 | x=((40/20)+4) | x 40 20 / 4 + = | x:shelf 40:shelf 20:book /:shelf 4:shelf +:shelf =:shelf
EXPR: 1 | POS | INT | 20 | 5 | 5 | x=((40-20)/4) | x 40 20 - 4 / = | x:book 40:book 20:book -:book 4:shelf /:book =:book
EXPR: 0 | POS | INT | 20 | 5 | 120 | x=(40+(20*4)) | x 40 20 4 * + = | x:shelf 40:shelf 20:book 4:shelf *:shelf +:shelf =:shelf
EXPR: 1 | POS | INT | 20 | 5 | 5 | ((40-20)/4)=x | 40 20 - 4 / x = | 40:book 20:book -:book 4:shelf /:book x:book =:book
EXPR: 0 | POS | INT | 20 | 5 | 15 | ((40+20)/4)=x | 40 20 + 4 / x = | 40:book 20:book +:book 4:shelf /:book x:book =:book
EXPR: 0 | POS | INT | 20 | 5 | 45 | x=(40+(20/4)) | x 40 20 4 / + = | x:book 40:book 20:book 4:shelf /:book +:book =:book
NET 308 unique, non-negative, integer-valued solutions found out of 1000 total solutions
