parameters: n=7 l=3 k=1 p=5 q=3 m=9
TOTAL 1000 solutions found
SOLN: CORRECT | POS/NEG | INT/FRA | OBJ-SCORE | TRUE-ANS | ANS | INFIX | POSTFIX | TYPED-POSTFIX
EXPR: 0 | POS | INT | 10 | 9 | 241 | x=((34*7)+3) | x 34 7 * 3 + = | x:book 34:book 7:rest *:book 3:book +:book =:book
EXPR: 0 | POS | INT | 10 | 9 | 55 | (34+(7*3))=x | 34 7 3 * + x = | 34:book 7:rest 3:book *:book +:book x:book =:book
EXPR: 0 | POS | INT | 10 | 9 | 55 | x=(34+(7*3)) | x 34 7 3 * + = | x:book 34:book 7:rest 3:book *:book +:book =:book
EXPR: 0 | POS | INT | 10 | 9 | 13 | (34-(7*3))=x | 34 7 3 * - x = | 34:book 7:rest 3:book *:book -:book x:book =:book
EXPR: 0 | POS | INT | 10 | 9 | 13 | x=(34-(7*3)) | x 34 7 3 * - = | x:book 34:book 7:rest 3:book *:book -:book =:book
EXPR: 0 | POS | INT | 10 | 9 | 235 | x=((34*7)-3) | x 34 7 * 3 - = | x:book 34:book 7:rest *:book 3:book -:book =:book
EXPR: 0 | POS | INT | 10 | 9 | 241 | ((34*7)+3)=x | 34 7 * 3 + x = | 34:book 7:rest *:book 3:book +:book x:book =:book
EXPR: 0 | POS | INT | 10 | 9 | 235 | ((34*7)-3)=x | 34 7 * 3 - x = | 34:book 7:rest *:book 3:book -:book x:book =:book
EXPR: 0 | POS | INT | 12 | 9 | 259 | x=(7*(34+3)) | x 7 34 3 + * = | x:shelf 7:shelf 34:book 3:book +:book *:shelf =:shelf
EXPR: 0 | POS | INT | 12 | 9 | 217 | x=((34-3)*7) | x 34 3 - 7 * = | x:shelf 34:book 3:book -:book 7:shelf *:shelf =:shelf
EXPR: 0 | POS | INT | 12 | 9 | 259 | x=((34+3)*7) | x 34 3 + 7 * = | x:rest 34:book 3:book +:book 7:rest *:rest =:rest
EXPR: 0 | POS | INT | 12 | 9 | 217 | x=(7*(34-3)) | x 7 34 3 - * = | x:book 7:rest 34:book 3:book -:book *:book =:book
EXPR: 0 | POS | INT | 12 | 9 | 217 | (7*(34-3))=x | 7 34 3 - * x = | 7:rest 34:book 3:book -:book *:rest x:rest =:rest
EXPR: 0 | POS | INT | 12 | 9 | 241 | (x-(34*7))=3 | x 34 7 * - 3 = | x:book 34:book 7:rest *:book -:book 3:book =:book
EXPR: 1 | POS | INT | 12 | 9 | 9 | 34=(7+(x*3)) | 34 7 x 3 * + = | 34:book 7:book x:shelf 3:book *:book +:book =:book
EXPR: 0 | POS | INT | 12 | 9 | 55 | ((x-34)/7)=3 | x 34 - 7 / 3 = | x:book 34:book -:book 7:rest /:book 3:book =:book
EXPR: 0 | POS | INT | 12 | 9 | 259 | ((34+3)*7)=x | 34 3 + 7 * x = | 34:book 3:book +:book 7:rest *:rest x:rest =:rest
EXPR: 0 | POS | INT | 12 | 9 | 217 | ((34-3)*7)=x | 34 3 - 7 * x = | 34:book 3:book -:book 7:rest *:rest x:rest =:rest
EXPR: 0 | POS | INT | 14 | 9 | 241 | 34=((x-3)/7) | 34 x 3 - 7 / = | 34:book x:book 3:book -:book 7:rest /:book =:book
EXPR: 1 | POS | INT | 14 | 9 | 9 | 7=(34-(x*3)) | 7 34 x 3 * - = | 7:book 34:book x:shelf 3:book *:book -:book =:book
EXPR: 1 | POS | INT | 14 | 9 | 9 | (34-(x*3))=7 | 34 x 3 * - 7 = | 34:book x:shelf 3:book *:book -:book 7:book =:book
EXPR: 0 | POS | INT | 14 | 9 | 217 | (x/(34-3))=7 | x 34 3 - / 7 = | x:rest 34:book 3:book -:book /:rest 7:rest =:rest
EXPR: 1 | POS | INT | 14 | 9 | 9 | (34-(3*x))=7 | 34 3 x * - 7 = | 34:book 3:book x:shelf *:book -:book 7:book =:book
EXPR: 0 | POS | INT | 15 | 9 | 55 | ((7*3)+34)=x | 7 3 * 34 + x = | 7:rest 3:book *:book 34:book +:book x:book =:book
EXPR: 0 | POS | INT | 15 | 9 | 55 | x=((7*3)+34) | x 7 3 * 34 + = | x:book 7:rest 3:book *:book 34:book +:book =:book
EXPR: 0 | POS | INT | 15 | 9 | 241 | (3+(34*7))=x | 3 34 7 * + x = | 3:book 34:book 7:rest *:book +:book x:book =:book
EXPR: 1 | POS | INT | 17 | 9 | 9 | (7+(x*3))=34 | 7 x 3 * + 34 = | 7:book x:shelf 3:book *:book +:book 34:book =:book
EXPR: 0 | POS | INT | 17 | 9 | 217 | ((x/7)+3)=34 | x 7 / 3 + 34 = | x:book 7:rest /:book 3:book +:book 34:book =:book
EXPR: 0 | POS | INT | 17 | 9 | 259 | ((x/7)-3)=34 | x 7 / 3 - 34 = | x:book 7:rest /:book 3:book -:book 34:book =:book
EXPR: 0 | POS | INT | 17 | 9 | 55 | 3=((x-34)/7) | 3 x 34 - 7 / = | 3:book x:book 34:book -:book 7:rest /:book =:book
EXPR: 1 | POS | INT | 19 | 9 | 9 | ((3*x)+7)=34 | 3 x * 7 + 34 = | 3:book x:shelf *:book 7:book +:book 34:book =:book
EXPR: 0 | POS | INT | 19 | 9 | 235 | ((3+x)/7)=34 | 3 x + 7 / 34 = | 3:book x:book +:book 7:rest /:book 34:book =:book
EXPR: 0 | POS | INT | 20 | 9 | 123 | x=((34+7)*3) | x 34 7 + 3 * = | x:shelf 34:book 7:book +:book 3:shelf *:shelf =:shelf
EXPR: 1 | POS | INT | 20 | 9 | 9 | x=((34-7)/3) | x 34 7 - 3 / = | x:shelf 34:shelf 7:shelf -:shelf 3:book /:shelf =:shelf
EXPR: 0 | POS | INT | 20 | 9 | 340 | (34*(7+3))=x | 34 7 3 + * x = | 34:book 7:rest 3:rest +:rest *:book x:book =:book
EXPR: 0 | POS | INT | 20 | 9 | 30 | x=((34-7)+3) | x 34 7 - 3 + = | x:book 34:book 7:book -:book 3:book +:book =:book
EXPR: 0 | POS | INT | 20 | 9 | 81 | x=((34-7)*3) | x 34 7 - 3 * = | x:shelf 34:shelf 7:shelf -:shelf 3:book *:shelf =:shelf
EXPR: 0 | POS | INT | 20 | 9 | 44 | x=((34+7)+3) | x 34 7 + 3 + = | x:book 34:book 7:book +:book 3:book +:book =:book
EXPR: 0 | POS | INT | 20 | 9 | 136 | (34*(7-3))=x | 34 7 3 - * x = | 34:book 7:rest 3:rest -:rest *:book x:book =:book
EXPR: 0 | POS | INT | 20 | 9 | 136 | x=(34*(7-3)) | x 34 7 3 - * = | x:rest 34:book 7:rest 3:rest -:rest *:rest =:rest
EXPR: 0 | POS | INT | 20 | 9 | 38 | x=((34+7)-3) | x 34 7 + 3 - = | x:book 34:book 7:book +:book 3:book -:book =:book
EXPR: 0 | POS | INT | 20 | 9 | 340 | x=(34*(7+3)) | x 34 7 3 + * = | x:shelf 34:shelf 7:book 3:book +:book *:shelf =:shelf
EXPR: 0 | POS | INT | 20 | 9 | 38 | (34+(7-3))=x | 34 7 3 - + x = | 34:book 7:book 3:book -:book +:book x:book =:book
EXPR: 1 | POS | INT | 20 | 9 | 9 | ((34-7)/3)=x | 34 7 - 3 / x = | 34:rest 7:rest -:rest 3:book /:rest x:rest =:rest
EXPR: 0 | POS | INT | 20 | 9 | 24 | x=((34-7)-3) | x 34 7 - 3 - = | x:book 34:book 7:book -:book 3:book -:book =:book
EXPR: 0 | POS | INT | 20 | 9 | 30 | (34-(7-3))=x | 34 7 3 - - x = | 34:book 7:book 3:book -:book -:book x:book =:book
EXPR: 0 | POS | INT | 20 | 9 | 123 | ((34+7)*3)=x | 34 7 + 3 * x = | 34:rest 7:rest +:rest 3:shelf *:shelf x:shelf =:shelf
EXPR: 0 | POS | INT | 20 | 9 | 81 | ((34-7)*3)=x | 34 7 - 3 * x = | 34:rest 7:rest -:rest 3:shelf *:shelf x:shelf =:shelf
EXPR: 0 | POS | INT | 20 | 9 | 38 | ((34+7)-3)=x | 34 7 + 3 - x = | 34:book 7:book +:book 3:book -:book x:book =:book
EXPR: 0 | POS | INT | 20 | 9 | 44 | ((34+7)+3)=x | 34 7 + 3 + x = | 34:book 7:book +:book 3:book +:book x:book =:book
EXPR: 0 | POS | INT | 20 | 9 | 24 | ((34-7)-3)=x | 34 7 - 3 - x = | 34:book 7:book -:book 3:book -:book x:book =:book
EXPR: 0 | POS | INT | 20 | 9 | 24 | x=(34-(7+3)) | x 34 7 3 + - = | x:book 34:book 7:book 3:book +:book -:book =:book
EXPR: 0 | POS | INT | 20 | 9 | 30 | ((34-7)+3)=x | 34 7 - 3 + x = | 34:book 7:book -:book 3:book +:book x:book =:book
EXPR: 0 | POS | INT | 22 | 9 | 30 | (34+(3-7))=x | 34 3 7 - + x = | 34:book 3:book 7:book -:book +:book x:book =:book
EXPR: 0 | POS | INT | 22 | 9 | 38 | (34-(3-7))=x | 34 3 7 - - x = | 34:book 3:book 7:book -:book -:book x:book =:book
EXPR: 0 | POS | INT | 22 | 9 | 13 | ((34-x)/7)=3 | 34 x - 7 / 3 = | 34:shelf x:shelf -:shelf 7:rest /:shelf 3:shelf =:shelf
EXPR: 1 | POS | INT | 22 | 9 | 9 | 34=(7+(3*x)) | 34 7 3 x * + = | 34:rest 7:rest 3:rest x:shelf *:rest +:rest =:rest
EXPR: 0 | POS | INT | 22 | 9 | 109 | x=((34*3)+7) | x 34 3 * 7 + = | x:rest 34:book 3:rest *:rest 7:rest +:rest =:rest
EXPR: 0 | POS | INT | 22 | 9 | 95 | x=((34*3)-7) | x 34 3 * 7 - = | x:shelf 34:book 3:shelf *:shelf 7:shelf -:shelf =:shelf
EXPR: 0 | POS | INT | 22 | 9 | 109 | x=(7+(34*3)) | x 7 34 3 * + = | x:shelf 7:shelf 34:shelf 3:book *:shelf +:shelf =:shelf
EXPR: 0 | POS | INT | 22 | 9 | 95 | ((34*3)-7)=x | 34 3 * 7 - x = | 34:book 3:rest *:rest 7:rest -:rest x:rest =:rest
EXPR: 0 | POS | INT | 22 | 9 | 44 | x=((34+3)+7) | x 34 3 + 7 + = | x:book 34:book 3:book +:book 7:book +:book =:book
EXPR: 0 | POS | INT | 22 | 9 | 109 | ((34*3)+7)=x | 34 3 * 7 + x = | 34:book 3:rest *:rest 7:rest +:rest x:rest =:rest
EXPR: 0 | POS | INT | 22 | 9 | 109 | (7+(34*3))=x | 7 34 3 * + x = | 7:rest 34:rest 3:book *:rest +:rest x:rest =:rest
EXPR: 0 | POS | INT | 22 | 9 | 109 | 34=((x-7)/3) | 34 x 7 - 3 / = | 34:rest x:rest 7:rest -:rest 3:book /:rest =:rest
EXPR: 0 | POS | INT | 22 | 9 | 95 | 34=((x+7)/3) | 34 x 7 + 3 / = | 34:shelf x:shelf 7:shelf +:shelf 3:book /:shelf =:shelf
EXPR: 0 | POS | INT | 22 | 9 | 38 | ((34+7)-x)=3 | 34 7 + x - 3 = | 34:book 7:book +:book x:book -:book 3:book =:book
EXPR: 0 | POS | INT | 22 | 9 | 55 | 34=(x-(7*3)) | 34 x 7 3 * - = | 34:shelf x:shelf 7:shelf 3:book *:shelf -:shelf =:shelf
EXPR: 0 | POS | INT | 22 | 9 | 13 | 34=(x+(7*3)) | 34 x 7 3 * + = | 34:shelf x:shelf 7:shelf 3:book *:shelf +:shelf =:shelf
EXPR: 0 | POS | INT | 22 | 9 | 235 | ((34*7)-x)=3 | 34 7 * x - 3 = | 34:book 7:rest *:rest x:rest -:rest 3:rest =:rest
EXPR: 0 | POS | INT | 22 | 9 | 81 | (x/(34-7))=3 | x 34 7 - / 3 = | x:shelf 34:book 7:book -:book /:shelf 3:shelf =:shelf
EXPR: 0 | POS | INT | 22 | 9 | 95 | 34=((7+x)/3) | 34 7 x + 3 / = | 34:rest 7:rest x:rest +:rest 3:book /:rest =:rest
EXPR: 0 | POS | INT | 22 | 9 | 38 | 34=((x-7)+3) | 34 x 7 - 3 + = | 34:book x:book 7:book -:book 3:book +:book =:book
EXPR: 0 | POS | INT | 22 | 9 | 38 | ((34-3)+7)=x | 34 3 - 7 + x = | 34:book 3:book -:book 7:book +:book x:book =:book
EXPR: 0 | POS | INT | 22 | 9 | 30 | ((34+3)-7)=x | 34 3 + 7 - x = | 34:book 3:book +:book 7:book -:book x:book =:book
EXPR: 0 | POS | INT | 22 | 9 | 24 | ((34-3)-7)=x | 34 3 - 7 - x = | 34:book 3:book -:book 7:book -:book x:book =:book
EXPR: 0 | POS | INT | 22 | 9 | 44 | ((34+3)+7)=x | 34 3 + 7 + x = | 34:book 3:book +:book 7:book +:book x:book =:book
EXPR: 0 | POS | INT | 22 | 9 | 44 | x=(7+(34+3)) | x 7 34 3 + + = | x:book 7:book 34:book 3:book +:book +:book =:book
EXPR: 0 | POS | INT | 22 | 9 | 38 | (34-(x-7))=3 | 34 x 7 - - 3 = | 34:book x:book 7:book -:book -:book 3:book =:book
EXPR: 0 | POS | INT | 22 | 9 | 44 | 34=((x-7)-3) | 34 x 7 - 3 - = | 34:book x:book 7:book -:book 3:book -:book =:book
EXPR: 0 | POS | INT | 22 | 9 | 714 | (x/34)=(7*3) | x 34 / 7 3 * = | x:shelf 34:book /:shelf 7:shelf 3:book *:shelf =:shelf
EXPR: 0 | POS | INT | 22 | 9 | 259 | (7*(34+3))=x | 7 34 3 + * x = | 7:shelf 34:book 3:book +:book *:book x:book =:book
EXPR: 0 | POS | INT | 22 | 9 | 24 | ((34-7)-x)=3 | 34 7 - x - 3 = | 34:book 7:book -:book x:book -:book 3:book =:book
EXPR: 0 | POS | INT | 22 | 9 | 13 | 34=((7*3)+x) | 34 7 3 * x + = | 34:book 7:shelf 3:book *:book x:book +:book =:book
EXPR: 0 | POS | INT | 22 | 9 | 38 | x=((34-3)+7) | x 34 3 - 7 + = | x:book 34:book 3:book -:book 7:book +:book =:book
EXPR: 0 | POS | INT | 22 | 9 | 30 | 34=(x+(7-3)) | 34 x 7 3 - + = | 34:book x:book 7:book 3:book -:book +:book =:book
EXPR: 0 | POS | INT | 22 | 9 | 30 | x=((34+3)-7) | x 34 3 + 7 - = | x:book 34:book 3:book +:book 7:book -:book =:book
EXPR: 0 | POS | INT | 22 | 9 | 259 | 34=((x/7)-3) | 34 x 7 / 3 - = | 34:book x:book 7:shelf /:book 3:book -:book =:book
EXPR: 0 | POS | INT | 22 | 9 | 217 | 34=((x/7)+3) | 34 x 7 / 3 + = | 34:book x:book 7:shelf /:book 3:book +:book =:book
EXPR: 0 | POS | INT | 24 | 9 | 95 | 7=((34*3)-x) | 7 34 3 * x - = | 7:shelf 34:shelf 3:book *:shelf x:shelf -:shelf =:shelf
EXPR: 0 | POS | INT | 24 | 9 | 235 | 34=((x+3)/7) | 34 x 3 + 7 / = | 34:shelf x:shelf 3:shelf +:shelf 7:rest /:shelf =:shelf
EXPR: 0 | POS | INT | 24 | 9 | 30 | ((x+7)-34)=3 | x 7 + 34 - 3 = | x:book 7:book +:book 34:book -:book 3:book =:book
EXPR: 0 | POS | INT | 24 | 9 | 38 | 7=((x-34)+3) | 7 x 34 - 3 + = | 7:book x:book 34:book -:book 3:book +:book =:book
EXPR: 0 | POS | INT | 24 | 9 | 38 | 34=((3-7)+x) | 34 3 7 - x + = | 34:book 3:book 7:book -:book x:book +:book =:book
EXPR: 0 | POS | INT | 24 | 9 | 44 | 7=((x-34)-3) | 7 x 34 - 3 - = | 7:book x:book 34:book -:book 3:book -:book =:book
EXPR: 0 | POS | INT | 24 | 9 | 24 | 7=(34-(3+x)) | 7 34 3 x + - = | 7:book 34:book 3:book x:book +:book -:book =:book
EXPR: 0 | POS | INT | 24 | 9 | 30 | ((34-x)+3)=7 | 34 x - 3 + 7 = | 34:book x:book -:book 3:book +:book 7:book =:book
EXPR: 0 | POS | INT | 24 | 9 | 38 | (x-(34-3))=7 | x 34 3 - - 7 = | x:book 34:book 3:book -:book -:book 7:book =:book
EXPR: 0 | POS | INT | 24 | 9 | 30 | (7+(x-34))=3 | 7 x 34 - + 3 = | 7:book x:book 34:book -:book +:book 3:book =:book
EXPR: 0 | POS | INT | 24 | 9 | 38 | ((7-x)+34)=3 | 7 x - 34 + 3 = | 7:book x:book -:book 34:book +:book 3:book =:book
EXPR: 0 | POS | INT | 24 | 9 | 30 | 7=((34+3)-x) | 7 34 3 + x - = | 7:book 34:book 3:book +:book x:book -:book =:book
EXPR: 0 | POS | INT | 24 | 9 | 109 | 7=(x-(34*3)) | 7 x 34 3 * - = | 7:rest x:rest 34:rest 3:book *:rest -:rest =:rest
EXPR: 0 | POS | INT | 24 | 9 | 136 | (7-(x/34))=3 | 7 x 34 / - 3 = | 7:rest x:rest 34:book /:rest -:rest 3:rest =:rest
EXPR: 0 | POS | INT | 24 | 9 | 30 | (x+(7-34))=3 | x 7 34 - + 3 = | x:book 7:book 34:book -:book +:book 3:book =:book
EXPR: 0 | POS | INT | 24 | 9 | 714 | (x/7)=(34*3) | x 7 / 34 3 * = | x:shelf 7:rest /:shelf 34:shelf 3:book *:shelf =:shelf
EXPR: 0 | POS | INT | 24 | 9 | 24 | ((34-x)-3)=7 | 34 x - 3 - 7 = | 34:book x:book -:book 3:book -:book 7:book =:book
EXPR: 0 | POS | INT | 24 | 9 | 30 | 34=((x-3)+7) | 34 x 3 - 7 + = | 34:book x:book 3:book -:book 7:book +:book =:book
EXPR: 0 | POS | INT | 24 | 9 | 95 | ((34*3)-x)=7 | 34 3 * x - 7 = | 34:book 3:rest *:rest x:rest -:rest 7:rest =:rest
EXPR: 0 | POS | INT | 24 | 9 | 109 | (x-(34*3))=7 | x 34 3 * - 7 = | x:rest 34:rest 3:book *:rest -:rest 7:rest =:rest
EXPR: 0 | POS | INT | 24 | 9 | 38 | (7-(x-34))=3 | 7 x 34 - - 3 = | 7:book x:book 34:book -:book -:book 3:book =:book
EXPR: 0 | POS | INT | 24 | 9 | 30 | ((7+x)-34)=3 | 7 x + 34 - 3 = | 7:book x:book +:book 34:book -:book 3:book =:book
EXPR: 0 | POS | INT | 24 | 9 | 340 | 7=((x/34)-3) | 7 x 34 / 3 - = | 7:rest x:rest 34:book /:rest 3:rest -:rest =:rest
EXPR: 1 | POS | INT | 24 | 9 | 9 | 34=((3*x)+7) | 34 3 x * 7 + = | 34:rest 3:rest x:shelf *:rest 7:rest +:rest =:rest
EXPR: 0 | POS | INT | 24 | 9 | 136 | 7=((x/34)+3) | 7 x 34 / 3 + = | 7:rest x:rest 34:book /:rest 3:rest +:rest =:rest
EXPR: 1 | POS | INT | 24 | 9 | 9 | 34=((x*3)+7) | 34 x 3 * 7 + = | 34:shelf x:shelf 3:book *:shelf 7:shelf +:shelf =:shelf
EXPR: 0 | POS | INT | 24 | 9 | 81 | (34-(x/3))=7 | 34 x 3 / - 7 = | 34:rest x:rest 3:book /:rest -:rest 7:rest =:rest
EXPR: 0 | POS | INT | 24 | 9 | 13 | 7=((34-x)/3) | 7 34 x - 3 / = | 7:shelf 34:shelf x:shelf -:shelf 3:book /:shelf =:shelf
EXPR: 0 | POS | INT | 24 | 9 | 38 | 34=(x+(3-7)) | 34 x 3 7 - + = | 34:book x:book 3:book 7:book -:book +:book =:book
EXPR: 0 | POS | INT | 25 | 9 | 136 | x=((7-3)*34) | x 7 3 - 34 * = | x:rest 7:rest 3:rest -:rest 34:book *:rest =:rest
EXPR: 0 | POS | INT | 25 | 9 | 241 | x=(3+(34*7)) | x 3 34 7 * + = | x:rest 3:rest 34:book 7:rest *:rest +:rest =:rest
EXPR: 0 | POS | INT | 25 | 9 | 81 | x=(3*(34-7)) | x 3 34 7 - * = | x:shelf 3:shelf 34:book 7:book -:book *:shelf =:shelf
EXPR: 0 | POS | INT | 25 | 9 | 136 | ((7-3)*34)=x | 7 3 - 34 * x = | 7:shelf 3:shelf -:shelf 34:book *:shelf x:shelf =:shelf
EXPR: 0 | POS | INT | 25 | 9 | 340 | ((7+3)*34)=x | 7 3 + 34 * x = | 7:shelf 3:shelf +:shelf 34:book *:shelf x:shelf =:shelf
EXPR: 0 | POS | INT | 25 | 9 | 81 | (3*(34-7))=x | 3 34 7 - * x = | 3:shelf 34:rest 7:rest -:rest *:shelf x:shelf =:shelf
EXPR: 0 | POS | INT | 25 | 9 | 123 | (3*(34+7))=x | 3 34 7 + * x = | 3:book 34:rest 7:rest +:rest *:rest x:rest =:rest
EXPR: 0 | POS | INT | 25 | 9 | 340 | x=((7+3)*34) | x 7 3 + 34 * = | x:shelf 7:rest 3:rest +:rest 34:shelf *:shelf =:shelf
EXPR: 0 | POS | INT | 25 | 9 | 38 | (7-(3-34))=x | 7 3 34 - - x = | 7:book 3:book 34:book -:book -:book x:book =:book
EXPR: 0 | POS | INT | 25 | 9 | 38 | ((7-3)+34)=x | 7 3 - 34 + x = | 7:book 3:book -:book 34:book +:book x:book =:book
EXPR: 0 | POS | INT | 25 | 9 | 44 | x=((7+3)+34) | x 7 3 + 34 + = | x:book 7:book 3:book +:book 34:book +:book =:book
EXPR: 0 | POS | INT | 25 | 9 | 38 | x=(7-(3-34)) | x 7 3 34 - - = | x:book 7:book 3:book 34:book -:book -:book =:book
EXPR: 0 | POS | INT | 27 | 9 | 30 | 7=(3+(34-x)) | 7 3 34 x - + = | 7:book 3:book 34:book x:book -:book +:book =:book
EXPR: 0 | POS | INT | 27 | 9 | 95 | ((x+7)/3)=34 | x 7 + 3 / 34 = | x:rest 7:rest +:rest 3:book /:rest 34:rest =:rest
NET 132 unique, non-negative, integer-valued solutions found out of 1000 total solutions
