parameters: n=7 l=3 k=1 p=5 q=2 m=9
TOTAL 1000 solutions found
SOLN: CORRECT | POS/NEG | INT/FRA | OBJ-SCORE | TRUE-ANS | ANS | INFIX | POSTFIX | TYPED-POSTFIX
EXPR: 0 | POS | INT | 0 | 9 | 271 | x=(83+(47*4)) | x 83 47 4 * + = | x:dollar 83:dollar 47:buck 4:dollar *:dollar +:dollar =:dollar
EXPR: 0 | POS | INT | 0 | 9 | 3905 | ((83*47)+4)=x | 83 47 * 4 + x = | 83:dollar 47:buck *:dollar 4:dollar +:dollar x:dollar =:dollar
EXPR: 0 | POS | INT | 0 | 9 | 271 | (83+(47*4))=x | 83 47 4 * + x = | 83:dollar 47:buck 4:dollar *:dollar +:dollar x:dollar =:dollar
EXPR: 0 | POS | INT | 0 | 9 | 3897 | ((83*47)-4)=x | 83 47 * 4 - x = | 83:dollar 47:buck *:dollar 4:dollar -:dollar x:dollar =:dollar
EXPR: 0 | POS | INT | 0 | 9 | 3905 | x=((83*47)+4) | x 83 47 * 4 + = | x:dollar 83:dollar 47:buck *:dollar 4:dollar +:dollar =:dollar
EXPR: 0 | POS | INT | 0 | 9 | 3897 | x=((83*47)-4) | x 83 47 * 4 - = | x:dollar 83:dollar 47:buck *:dollar 4:dollar -:dollar =:dollar
EXPR: 0 | POS | INT | 2 | 9 | 3713 | ((83-4)*47)=x | 83 4 - 47 * x = | 83:dollar 4:dollar -:dollar 47:buck *:dollar x:dollar =:dollar
EXPR: 0 | POS | INT | 2 | 9 | 3713 | 83=((x/47)+4) | 83 x 47 / 4 + = | 83:dollar x:dollar 47:buck /:dollar 4:dollar +:dollar =:dollar
EXPR: 0 | POS | INT | 2 | 9 | 3713 | x=((83-4)*47) | x 83 4 - 47 * = | x:dollar 83:dollar 4:dollar -:dollar 47:buck *:dollar =:dollar
EXPR: 0 | POS | INT | 2 | 9 | 4089 | (47*(83+4))=x | 47 83 4 + * x = | 47:buck 83:dollar 4:dollar +:dollar *:dollar x:dollar =:dollar
EXPR: 0 | POS | INT | 2 | 9 | 4089 | 83=((x/47)-4) | 83 x 47 / 4 - = | 83:dollar x:dollar 47:buck /:dollar 4:dollar -:dollar =:dollar
EXPR: 0 | POS | INT | 2 | 9 | 3905 | (x-(83*47))=4 | x 83 47 * - 4 = | x:dollar 83:dollar 47:buck *:dollar -:dollar 4:dollar =:dollar
EXPR: 0 | POS | INT | 2 | 9 | 105 | 83=((47*4)-x) | 83 47 4 * x - = | 83:dollar 47:buck 4:dollar *:dollar x:dollar -:dollar =:dollar
EXPR: 0 | POS | INT | 2 | 9 | 4089 | x=((83+4)*47) | x 83 4 + 47 * = | x:dollar 83:dollar 4:dollar +:dollar 47:buck *:dollar =:dollar
EXPR: 0 | POS | INT | 2 | 9 | 4089 | x=(47*(83+4)) | x 47 83 4 + * = | x:dollar 47:buck 83:dollar 4:dollar +:dollar *:dollar =:dollar
EXPR: 0 | POS | INT | 2 | 9 | 3713 | x=(47*(83-4)) | x 47 83 4 - * = | x:dollar 47:buck 83:dollar 4:dollar -:dollar *:dollar =:dollar
EXPR: 0 | POS | INT | 2 | 9 | 3713 | (47*(83-4))=x | 47 83 4 - * x = | 47:buck 83:dollar 4:dollar -:dollar *:dollar x:dollar =:dollar
EXPR: 0 | POS | INT | 2 | 9 | 3897 | ((83*47)-x)=4 | 83 47 * x - 4 = | 83:dollar 47:buck *:dollar x:dollar -:dollar 4:dollar =:dollar
EXPR: 0 | POS | INT | 2 | 9 | 3713 | (83-(x/47))=4 | 83 x 47 / - 4 = | 83:dollar x:dollar 47:buck /:dollar -:dollar 4:dollar =:dollar
EXPR: 0 | POS | INT | 2 | 9 | 271 | 83=(x-(47*4)) | 83 x 47 4 * - = | 83:dollar x:dollar 47:buck 4:dollar *:dollar -:dollar =:dollar
EXPR: 0 | POS | INT | 2 | 9 | 105 | ((83+x)/47)=4 | 83 x + 47 / 4 = | 83:dollar x:dollar +:dollar 47:buck /:dollar 4:dollar =:dollar
EXPR: 0 | POS | INT | 2 | 9 | 271 | ((x-83)/47)=4 | x 83 - 47 / 4 = | x:dollar 83:dollar -:dollar 47:buck /:dollar 4:dollar =:dollar
EXPR: 0 | POS | INT | 2 | 9 | 105 | ((x+83)/47)=4 | x 83 + 47 / 4 = | x:dollar 83:dollar +:dollar 47:buck /:dollar 4:dollar =:dollar
EXPR: 0 | POS | INT | 2 | 9 | 4089 | ((83+4)*47)=x | 83 4 + 47 * x = | 83:dollar 4:dollar +:dollar 47:buck *:dollar x:dollar =:dollar
EXPR: 0 | POS | INT | 4 | 9 | 4089 | ((x/47)-83)=4 | x 47 / 83 - 4 = | x:dollar 47:buck /:dollar 83:dollar -:dollar 4:dollar =:dollar
EXPR: 0 | POS | INT | 4 | 9 | 3897 | 83=((x+4)/47) | 83 x 4 + 47 / = | 83:dollar x:dollar 4:dollar +:dollar 47:buck /:dollar =:dollar
EXPR: 0 | POS | INT | 4 | 9 | 3713 | 83=(4+(x/47)) | 83 4 x 47 / + = | 83:dollar 4:dollar x:dollar 47:buck /:dollar +:dollar =:dollar
EXPR: 0 | POS | INT | 4 | 9 | 3905 | 83=((x-4)/47) | 83 x 4 - 47 / = | 83:dollar x:dollar 4:dollar -:dollar 47:buck /:dollar =:dollar
EXPR: 0 | POS | INT | 4 | 9 | 3897 | 83=((4+x)/47) | 83 4 x + 47 / = | 83:dollar 4:dollar x:dollar +:dollar 47:buck /:dollar =:dollar
EXPR: 0 | POS | INT | 5 | 9 | 271 | x=((47*4)+83) | x 47 4 * 83 + = | x:dollar 47:buck 4:dollar *:dollar 83:dollar +:dollar =:dollar
EXPR: 0 | POS | INT | 5 | 9 | 105 | x=((47*4)-83) | x 47 4 * 83 - = | x:dollar 47:buck 4:dollar *:dollar 83:dollar -:dollar =:dollar
EXPR: 0 | POS | INT | 5 | 9 | 3905 | x=(4+(83*47)) | x 4 83 47 * + = | x:dollar 4:dollar 83:dollar 47:buck *:dollar +:dollar =:dollar
EXPR: 0 | POS | INT | 5 | 9 | 105 | ((47*4)-83)=x | 47 4 * 83 - x = | 47:buck 4:dollar *:dollar 83:dollar -:dollar x:dollar =:dollar
EXPR: 0 | POS | INT | 5 | 9 | 271 | ((47*4)+83)=x | 47 4 * 83 + x = | 47:buck 4:dollar *:dollar 83:dollar +:dollar x:dollar =:dollar
EXPR: 0 | POS | INT | 5 | 9 | 3905 | (4+(83*47))=x | 4 83 47 * + x = | 4:dollar 83:dollar 47:buck *:dollar +:dollar x:dollar =:dollar
EXPR: 0 | POS | INT | 7 | 9 | 3713 | ((x/47)+4)=83 | x 47 / 4 + 83 = | x:dollar 47:buck /:dollar 4:dollar +:dollar 83:dollar =:dollar
EXPR: 0 | POS | INT | 7 | 9 | 4089 | ((x/47)-4)=83 | x 47 / 4 - 83 = | x:dollar 47:buck /:dollar 4:dollar -:dollar 83:dollar =:dollar
EXPR: 0 | POS | INT | 7 | 9 | 105 | 4=((x+83)/47) | 4 x 83 + 47 / = | 4:dollar x:dollar 83:dollar +:dollar 47:buck /:dollar =:dollar
EXPR: 0 | POS | INT | 7 | 9 | 105 | ((47*4)-x)=83 | 47 4 * x - 83 = | 47:buck 4:dollar *:dollar x:dollar -:dollar 83:dollar =:dollar
EXPR: 0 | POS | INT | 7 | 9 | 3905 | 4=(x-(83*47)) | 4 x 83 47 * - = | 4:dollar x:dollar 83:dollar 47:buck *:dollar -:dollar =:dollar
EXPR: 0 | POS | INT | 7 | 9 | 271 | 4=((x-83)/47) | 4 x 83 - 47 / = | 4:dollar x:dollar 83:dollar -:dollar 47:buck /:dollar =:dollar
EXPR: 0 | POS | INT | 7 | 9 | 271 | (x-(47*4))=83 | x 47 4 * - 83 = | x:dollar 47:buck 4:dollar *:dollar -:dollar 83:dollar =:dollar
EXPR: 0 | POS | INT | 7 | 9 | 105 | 4=((83+x)/47) | 4 83 x + 47 / = | 4:dollar 83:dollar x:dollar +:dollar 47:buck /:dollar =:dollar
EXPR: 0 | POS | INT | 7 | 9 | 3897 | 4=((83*47)-x) | 4 83 47 * x - = | 4:dollar 83:dollar 47:buck *:dollar x:dollar -:dollar =:dollar
EXPR: 0 | POS | INT | 7 | 9 | 3713 | 4=(83-(x/47)) | 4 83 x 47 / - = | 4:dollar 83:dollar x:dollar 47:buck /:dollar -:dollar =:dollar
EXPR: 0 | POS | INT | 9 | 9 | 3713 | (4+(x/47))=83 | 4 x 47 / + 83 = | 4:dollar x:dollar 47:buck /:dollar +:dollar 83:dollar =:dollar
EXPR: 0 | POS | INT | 9 | 9 | 4089 | 4=((x/47)-83) | 4 x 47 / 83 - = | 4:dollar x:dollar 47:buck /:dollar 83:dollar -:dollar =:dollar
EXPR: 0 | POS | INT | 9 | 9 | 3897 | ((4+x)/47)=83 | 4 x + 47 / 83 = | 4:dollar x:dollar +:dollar 47:buck /:dollar 83:dollar =:dollar
EXPR: 0 | POS | INT | 9 | 9 | 3905 | ((x-4)/47)=83 | x 4 - 47 / 83 = | x:dollar 4:dollar -:dollar 47:buck /:dollar 83:dollar =:dollar
EXPR: 0 | POS | INT | 9 | 9 | 3897 | ((x+4)/47)=83 | x 4 + 47 / 83 = | x:dollar 4:dollar +:dollar 47:buck /:dollar 83:dollar =:dollar
EXPR: 0 | POS | INT | 10 | 9 | 4233 | (83*(47+4))=x | 83 47 4 + * x = | 83:dollar 47:buck 4:buck +:buck *:dollar x:dollar =:dollar
EXPR: 0 | POS | INT | 10 | 9 | 32 | (83-(47+4))=x | 83 47 4 + - x = | 83:dollar 47:dollar 4:dollar +:dollar -:dollar x:dollar =:dollar
EXPR: 0 | POS | INT | 10 | 9 | 126 | x=(83+(47-4)) | x 83 47 4 - + = | x:dollar 83:dollar 47:dollar 4:dollar -:dollar +:dollar =:dollar
EXPR: 0 | POS | INT | 10 | 9 | 126 | (83+(47-4))=x | 83 47 4 - + x = | 83:dollar 47:dollar 4:dollar -:dollar +:dollar x:dollar =:dollar
EXPR: 0 | POS | INT | 10 | 9 | 144 | x=((83-47)*4) | x 83 47 - 4 * = | x:dollar 83:buck 47:buck -:buck 4:dollar *:dollar =:dollar
EXPR: 0 | POS | INT | 10 | 9 | 4233 | x=(83*(47+4)) | x 83 47 4 + * = | x:dollar 83:dollar 47:buck 4:buck +:buck *:dollar =:dollar
EXPR: 0 | POS | INT | 10 | 9 | 144 | ((83-47)*4)=x | 83 47 - 4 * x = | 83:buck 47:buck -:buck 4:dollar *:dollar x:dollar =:dollar
EXPR: 0 | POS | INT | 10 | 9 | 134 | x=(83+(47+4)) | x 83 47 4 + + = | x:dollar 83:dollar 47:dollar 4:dollar +:dollar +:dollar =:dollar
EXPR: 0 | POS | INT | 10 | 9 | 134 | (83+(47+4))=x | 83 47 4 + + x = | 83:dollar 47:dollar 4:dollar +:dollar +:dollar x:dollar =:dollar
EXPR: 0 | POS | INT | 10 | 9 | 134 | x=((83+47)+4) | x 83 47 + 4 + = | x:dollar 83:dollar 47:dollar +:dollar 4:dollar +:dollar =:dollar
EXPR: 0 | POS | INT | 10 | 9 | 520 | x=((83+47)*4) | x 83 47 + 4 * = | x:dollar 83:buck 47:buck +:buck 4:dollar *:dollar =:dollar
EXPR: 0 | POS | INT | 10 | 9 | 3569 | (83*(47-4))=x | 83 47 4 - * x = | 83:dollar 47:buck 4:buck -:buck *:dollar x:dollar =:dollar
EXPR: 0 | POS | INT | 10 | 9 | 32 | x=(83-(47+4)) | x 83 47 4 + - = | x:dollar 83:dollar 47:dollar 4:dollar +:dollar -:dollar =:dollar
EXPR: 0 | POS | INT | 10 | 9 | 520 | ((83+47)*4)=x | 83 47 + 4 * x = | 83:buck 47:buck +:buck 4:dollar *:dollar x:dollar =:dollar
EXPR: 0 | POS | INT | 10 | 9 | 40 | x=(83-(47-4)) | x 83 47 4 - - = | x:dollar 83:dollar 47:dollar 4:dollar -:dollar -:dollar =:dollar
EXPR: 0 | POS | INT | 10 | 9 | 40 | (83-(47-4))=x | 83 47 4 - - x = | 83:dollar 47:dollar 4:dollar -:dollar -:dollar x:dollar =:dollar
EXPR: 0 | POS | INT | 10 | 9 | 3569 | x=(83*(47-4)) | x 83 47 4 - * = | x:dollar 83:dollar 47:buck 4:buck -:buck *:dollar =:dollar
EXPR: 0 | POS | INT | 10 | 9 | 40 | x=((83-47)+4) | x 83 47 - 4 + = | x:dollar 83:dollar 47:dollar -:dollar 4:dollar +:dollar =:dollar
EXPR: 0 | POS | INT | 10 | 9 | 32 | x=((83-47)-4) | x 83 47 - 4 - = | x:dollar 83:dollar 47:dollar -:dollar 4:dollar -:dollar =:dollar
EXPR: 0 | POS | INT | 10 | 9 | 40 | ((83-47)+4)=x | 83 47 - 4 + x = | 83:dollar 47:dollar -:dollar 4:dollar +:dollar x:dollar =:dollar
EXPR: 0 | POS | INT | 10 | 9 | 134 | ((83+47)+4)=x | 83 47 + 4 + x = | 83:dollar 47:dollar +:dollar 4:dollar +:dollar x:dollar =:dollar
EXPR: 0 | POS | INT | 10 | 9 | 32 | ((83-47)-4)=x | 83 47 - 4 - x = | 83:dollar 47:dollar -:dollar 4:dollar -:dollar x:dollar =:dollar
EXPR: 0 | POS | INT | 10 | 9 | 126 | ((83+47)-4)=x | 83 47 + 4 - x = | 83:dollar 47:dollar +:dollar 4:dollar -:dollar x:dollar =:dollar
EXPR: 0 | POS | INT | 10 | 9 | 126 | x=((83+47)-4) | x 83 47 + 4 - = | x:dollar 83:dollar 47:dollar +:dollar 4:dollar -:dollar =:dollar
EXPR: 0 | POS | INT | 12 | 9 | 40 | ((83+4)-47)=x | 83 4 + 47 - x = | 83:dollar 4:dollar +:dollar 47:dollar -:dollar x:dollar =:dollar
EXPR: 0 | POS | INT | 12 | 9 | 134 | (47+(83+4))=x | 47 83 4 + + x = | 47:dollar 83:dollar 4:dollar +:dollar +:dollar x:dollar =:dollar
EXPR: 0 | POS | INT | 12 | 9 | 126 | (47+(83-4))=x | 47 83 4 - + x = | 47:dollar 83:dollar 4:dollar -:dollar +:dollar x:dollar =:dollar
EXPR: 0 | POS | INT | 12 | 9 | 32 | (83-(47+x))=4 | 83 47 x + - 4 = | 83:dollar 47:dollar x:dollar +:dollar -:dollar 4:dollar =:dollar
EXPR: 0 | POS | INT | 12 | 9 | 126 | x=((83-4)+47) | x 83 4 - 47 + = | x:dollar 83:dollar 4:dollar -:dollar 47:dollar +:dollar =:dollar
EXPR: 0 | POS | INT | 12 | 9 | 134 | x=((83+4)+47) | x 83 4 + 47 + = | x:dollar 83:dollar 4:dollar +:dollar 47:dollar +:dollar =:dollar
EXPR: 0 | POS | INT | 12 | 9 | 126 | 83=((x-47)+4) | 83 x 47 - 4 + = | 83:dollar x:dollar 47:dollar -:dollar 4:dollar +:dollar =:dollar
EXPR: 0 | POS | INT | 12 | 9 | 134 | (x-(83+47))=4 | x 83 47 + - 4 = | x:dollar 83:dollar 47:dollar +:dollar -:dollar 4:dollar =:dollar
EXPR: 0 | POS | INT | 12 | 9 | 520 | (x/(83+47))=4 | x 83 47 + / 4 = | x:dollar 83:buck 47:buck +:buck /:dollar 4:dollar =:dollar
EXPR: 0 | POS | INT | 12 | 9 | 134 | 83=((x-47)-4) | 83 x 47 - 4 - = | 83:dollar x:dollar 47:dollar -:dollar 4:dollar -:dollar =:dollar
EXPR: 0 | POS | INT | 12 | 9 | 40 | (83+(4-47))=x | 83 4 47 - + x = | 83:dollar 4:dollar 47:dollar -:dollar +:dollar x:dollar =:dollar
EXPR: 0 | POS | INT | 12 | 9 | 126 | ((83-4)+47)=x | 83 4 - 47 + x = | 83:dollar 4:dollar -:dollar 47:dollar +:dollar x:dollar =:dollar
EXPR: 0 | POS | INT | 12 | 9 | 126 | ((83-x)+47)=4 | 83 x - 47 + 4 = | 83:dollar x:dollar -:dollar 47:dollar +:dollar 4:dollar =:dollar
EXPR: 0 | POS | INT | 12 | 9 | 32 | ((83-x)-47)=4 | 83 x - 47 - 4 = | 83:dollar x:dollar -:dollar 47:dollar -:dollar 4:dollar =:dollar
EXPR: 0 | POS | INT | 12 | 9 | 40 | 83=((x+47)-4) | 83 x 47 + 4 - = | 83:dollar x:dollar 47:dollar +:dollar 4:dollar -:dollar =:dollar
EXPR: 0 | POS | INT | 12 | 9 | 32 | x=((83-4)-47) | x 83 4 - 47 - = | x:dollar 83:dollar 4:dollar -:dollar 47:dollar -:dollar =:dollar
EXPR: 0 | POS | INT | 12 | 9 | 134 | x=(47+(83+4)) | x 47 83 4 + + = | x:dollar 47:dollar 83:dollar 4:dollar +:dollar +:dollar =:dollar
EXPR: 0 | POS | INT | 12 | 9 | 32 | 83=((47+x)+4) | 83 47 x + 4 + = | 83:dollar 47:dollar x:dollar +:dollar 4:dollar +:dollar =:dollar
EXPR: 0 | POS | INT | 12 | 9 | 40 | 83=((47+x)-4) | 83 47 x + 4 - = | 83:dollar 47:dollar x:dollar +:dollar 4:dollar -:dollar =:dollar
EXPR: 0 | POS | INT | 12 | 9 | 40 | (x-(83-47))=4 | x 83 47 - - 4 = | x:dollar 83:dollar 47:dollar -:dollar -:dollar 4:dollar =:dollar
EXPR: 0 | POS | INT | 12 | 9 | 32 | (83-(x+47))=4 | 83 x 47 + - 4 = | 83:dollar x:dollar 47:dollar +:dollar -:dollar 4:dollar =:dollar
EXPR: 0 | POS | INT | 12 | 9 | 3897 | (83*47)=(4+x) | 83 47 * 4 x + = | 83:dollar 47:buck *:dollar 4:dollar x:dollar +:dollar =:dollar
EXPR: 0 | POS | INT | 12 | 9 | 126 | x=(47+(83-4)) | x 47 83 4 - + = | x:dollar 47:dollar 83:dollar 4:dollar -:dollar +:dollar =:dollar
EXPR: 0 | POS | INT | 12 | 9 | 126 | (83-(x-47))=4 | 83 x 47 - - 4 = | 83:dollar x:dollar 47:dollar -:dollar -:dollar 4:dollar =:dollar
EXPR: 0 | POS | INT | 12 | 9 | 144 | (x/(83-47))=4 | x 83 47 - / 4 = | x:dollar 83:buck 47:buck -:buck /:dollar 4:dollar =:dollar
EXPR: 0 | POS | INT | 12 | 9 | 40 | 83=((47-4)+x) | 83 47 4 - x + = | 83:dollar 47:dollar 4:dollar -:dollar x:dollar +:dollar =:dollar
EXPR: 0 | POS | INT | 12 | 9 | 40 | x=((83+4)-47) | x 83 4 + 47 - = | x:dollar 83:dollar 4:dollar +:dollar 47:dollar -:dollar =:dollar
EXPR: 0 | POS | INT | 12 | 9 | 40 | 83=(x+(47-4)) | 83 x 47 4 - + = | 83:dollar x:dollar 47:dollar 4:dollar -:dollar +:dollar =:dollar
EXPR: 0 | POS | INT | 12 | 9 | 271 | (x-83)=(47*4) | x 83 - 47 4 * = | x:dollar 83:dollar -:dollar 47:buck 4:dollar *:dollar =:dollar
EXPR: 0 | POS | INT | 12 | 9 | 134 | 83=(x-(47+4)) | 83 x 47 4 + - = | 83:dollar x:dollar 47:dollar 4:dollar +:dollar -:dollar =:dollar
EXPR: 0 | POS | INT | 12 | 9 | 105 | (x+83)=(47*4) | x 83 + 47 4 * = | x:dollar 83:dollar +:dollar 47:buck 4:dollar *:dollar =:dollar
EXPR: 0 | POS | INT | 12 | 9 | 32 | ((83-4)-47)=x | 83 4 - 47 - x = | 83:dollar 4:dollar -:dollar 47:dollar -:dollar x:dollar =:dollar
EXPR: 0 | POS | INT | 12 | 9 | 134 | ((83+4)+47)=x | 83 4 + 47 + x = | 83:dollar 4:dollar +:dollar 47:dollar +:dollar x:dollar =:dollar
EXPR: 0 | POS | INT | 12 | 9 | 3897 | (83*47)=(x+4) | 83 47 * x 4 + = | 83:dollar 47:buck *:dollar x:dollar 4:dollar +:dollar =:dollar
EXPR: 0 | POS | INT | 12 | 9 | 40 | x=(83+(4-47)) | x 83 4 47 - + = | x:dollar 83:dollar 4:dollar 47:dollar -:dollar +:dollar =:dollar
EXPR: 0 | POS | INT | 12 | 9 | 32 | 83=((47+4)+x) | 83 47 4 + x + = | 83:dollar 47:dollar 4:dollar +:dollar x:dollar +:dollar =:dollar
EXPR: 0 | POS | INT | 12 | 9 | 4233 | 83=(x/(47+4)) | 83 x 47 4 + / = | 83:dollar x:dollar 47:buck 4:buck +:buck /:dollar =:dollar
EXPR: 0 | POS | INT | 12 | 9 | 126 | x=(83-(4-47)) | x 83 4 47 - - = | x:dollar 83:dollar 4:dollar 47:dollar -:dollar -:dollar =:dollar
EXPR: 0 | POS | INT | 12 | 9 | 105 | (83+x)=(47*4) | 83 x + 47 4 * = | 83:dollar x:dollar +:dollar 47:buck 4:dollar *:dollar =:dollar
EXPR: 0 | POS | INT | 12 | 9 | 32 | 83=((x+47)+4) | 83 x 47 + 4 + = | 83:dollar x:dollar 47:dollar +:dollar 4:dollar +:dollar =:dollar
EXPR: 0 | POS | INT | 12 | 9 | 126 | (83-(4-47))=x | 83 4 47 - - x = | 83:dollar 4:dollar 47:dollar -:dollar -:dollar x:dollar =:dollar
EXPR: 0 | POS | INT | 12 | 9 | 3569 | 83=(x/(47-4)) | 83 x 47 4 - / = | 83:dollar x:dollar 47:buck 4:buck -:buck /:dollar =:dollar
EXPR: 0 | POS | INT | 12 | 9 | 3905 | (83*47)=(x-4) | 83 47 * x 4 - = | 83:dollar 47:buck *:dollar x:dollar 4:dollar -:dollar =:dollar
EXPR: 0 | POS | INT | 12 | 9 | 32 | 83=(x+(47+4)) | 83 x 47 4 + + = | 83:dollar x:dollar 47:dollar 4:dollar +:dollar +:dollar =:dollar
EXPR: 0 | POS | INT | 12 | 9 | 126 | (83+(47-x))=4 | 83 47 x - + 4 = | 83:dollar 47:dollar x:dollar -:dollar +:dollar 4:dollar =:dollar
EXPR: 0 | POS | INT | 12 | 9 | 126 | ((83+47)-x)=4 | 83 47 + x - 4 = | 83:dollar 47:dollar +:dollar x:dollar -:dollar 4:dollar =:dollar
EXPR: 0 | POS | INT | 12 | 9 | 126 | 83=(x-(47-4)) | 83 x 47 4 - - = | 83:dollar x:dollar 47:dollar 4:dollar -:dollar -:dollar =:dollar
EXPR: 0 | POS | INT | 12 | 9 | 32 | 83=(47+(x+4)) | 83 47 x 4 + + = | 83:dollar 47:dollar x:dollar 4:dollar +:dollar +:dollar =:dollar
EXPR: 0 | POS | INT | 12 | 9 | 32 | 83=(47+(4+x)) | 83 47 4 x + + = | 83:dollar 47:dollar 4:dollar x:dollar +:dollar +:dollar =:dollar
EXPR: 0 | POS | INT | 12 | 9 | 40 | 83=(47+(x-4)) | 83 47 x 4 - + = | 83:dollar 47:dollar x:dollar 4:dollar -:dollar +:dollar =:dollar
EXPR: 0 | POS | INT | 12 | 9 | 40 | 83=(47-(4-x)) | 83 47 4 x - - = | 83:dollar 47:dollar 4:dollar x:dollar -:dollar -:dollar =:dollar
EXPR: 0 | POS | INT | 12 | 9 | 134 | ((x-83)-47)=4 | x 83 - 47 - 4 = | x:dollar 83:dollar -:dollar 47:dollar -:dollar 4:dollar =:dollar
EXPR: 0 | POS | INT | 12 | 9 | 32 | ((83-47)-x)=4 | 83 47 - x - 4 = | 83:dollar 47:dollar -:dollar x:dollar -:dollar 4:dollar =:dollar
EXPR: 0 | POS | INT | 12 | 9 | 40 | ((x-83)+47)=4 | x 83 - 47 + 4 = | x:dollar 83:dollar -:dollar 47:dollar +:dollar 4:dollar =:dollar
EXPR: 0 | POS | INT | 14 | 9 | 4089 | 47=(x/(83+4)) | 47 x 83 4 + / = | 47:buck x:buck 83:dollar 4:dollar +:dollar /:buck =:buck
EXPR: 0 | POS | INT | 14 | 9 | 134 | (x-(83+4))=47 | x 83 4 + - 47 = | x:dollar 83:dollar 4:dollar +:dollar -:dollar 47:dollar =:dollar
EXPR: 0 | POS | INT | 14 | 9 | 4089 | (x/(83+4))=47 | x 83 4 + / 47 = | x:buck 83:dollar 4:dollar +:dollar /:buck 47:buck =:buck
EXPR: 0 | POS | INT | 14 | 9 | 3713 | 47=(x/(83-4)) | 47 x 83 4 - / = | 47:buck x:buck 83:dollar 4:dollar -:dollar /:buck =:buck
EXPR: 0 | POS | INT | 14 | 9 | 40 | (x+(47-83))=4 | x 47 83 - + 4 = | x:dollar 47:dollar 83:dollar -:dollar +:dollar 4:dollar =:dollar
EXPR: 0 | POS | INT | 14 | 9 | 40 | (47-(83-x))=4 | 47 83 x - - 4 = | 47:dollar 83:dollar x:dollar -:dollar -:dollar 4:dollar =:dollar
EXPR: 0 | POS | INT | 14 | 9 | 40 | ((83-x)+4)=47 | 83 x - 4 + 47 = | 83:dollar x:dollar -:dollar 4:dollar +:dollar 47:dollar =:dollar
EXPR: 0 | POS | INT | 14 | 9 | 40 | (47+(x-83))=4 | 47 x 83 - + 4 = | 47:dollar x:dollar 83:dollar -:dollar +:dollar 4:dollar =:dollar
EXPR: 0 | POS | INT | 14 | 9 | 126 | (47+(83-x))=4 | 47 83 x - + 4 = | 47:dollar 83:dollar x:dollar -:dollar +:dollar 4:dollar =:dollar
EXPR: 0 | POS | INT | 14 | 9 | 40 | 83=((x-4)+47) | 83 x 4 - 47 + = | 83:dollar x:dollar 4:dollar -:dollar 47:dollar +:dollar =:dollar
EXPR: 0 | POS | INT | 14 | 9 | 126 | ((47-x)+83)=4 | 47 x - 83 + 4 = | 47:dollar x:dollar -:dollar 83:dollar +:dollar 4:dollar =:dollar
EXPR: 0 | POS | INT | 14 | 9 | 126 | (47-(x-83))=4 | 47 x 83 - - 4 = | 47:dollar x:dollar 83:dollar -:dollar -:dollar 4:dollar =:dollar
EXPR: 0 | POS | INT | 14 | 9 | 32 | 83=((x+4)+47) | 83 x 4 + 47 + = | 83:dollar x:dollar 4:dollar +:dollar 47:dollar +:dollar =:dollar
EXPR: 0 | POS | INT | 14 | 9 | 40 | ((47+x)-83)=4 | 47 x + 83 - 4 = | 47:dollar x:dollar +:dollar 83:dollar -:dollar 4:dollar =:dollar
EXPR: 0 | POS | INT | 14 | 9 | 4089 | (x/47)=(83+4) | x 47 / 83 4 + = | x:dollar 47:buck /:dollar 83:dollar 4:dollar +:dollar =:dollar
EXPR: 0 | POS | INT | 14 | 9 | 32 | (83-(x+4))=47 | 83 x 4 + - 47 = | 83:dollar x:dollar 4:dollar +:dollar -:dollar 47:dollar =:dollar
EXPR: 0 | POS | INT | 14 | 9 | 126 | (x-(83-4))=47 | x 83 4 - - 47 = | x:dollar 83:dollar 4:dollar -:dollar -:dollar 47:dollar =:dollar
EXPR: 0 | POS | INT | 14 | 9 | 3713 | (x/47)=(83-4) | x 47 / 83 4 - = | x:dollar 47:buck /:dollar 83:dollar 4:dollar -:dollar =:dollar
EXPR: 0 | POS | INT | 14 | 9 | 32 | 83=((4+x)+47) | 83 4 x + 47 + = | 83:dollar 4:dollar x:dollar +:dollar 47:dollar +:dollar =:dollar
EXPR: 0 | POS | INT | 14 | 9 | 134 | 83=((x-4)-47) | 83 x 4 - 47 - = | 83:dollar x:dollar 4:dollar -:dollar 47:dollar -:dollar =:dollar
EXPR: 0 | POS | INT | 14 | 9 | 126 | 83=((4+x)-47) | 83 4 x + 47 - = | 83:dollar 4:dollar x:dollar +:dollar 47:dollar -:dollar =:dollar
EXPR: 0 | POS | INT | 14 | 9 | 32 | (83-(4+x))=47 | 83 4 x + - 47 = | 83:dollar 4:dollar x:dollar +:dollar -:dollar 47:dollar =:dollar
EXPR: 0 | POS | INT | 14 | 9 | 3713 | (x/(83-4))=47 | x 83 4 - / 47 = | x:buck 83:dollar 4:dollar -:dollar /:buck 47:buck =:buck
EXPR: 0 | POS | INT | 14 | 9 | 32 | ((83-x)-4)=47 | 83 x - 4 - 47 = | 83:dollar x:dollar -:dollar 4:dollar -:dollar 47:dollar =:dollar
EXPR: 0 | POS | INT | 14 | 9 | 40 | (83-(x-4))=47 | 83 x 4 - - 47 = | 83:dollar x:dollar 4:dollar -:dollar -:dollar 47:dollar =:dollar
EXPR: 0 | POS | INT | 14 | 9 | 126 | 83=((x+4)-47) | 83 x 4 + 47 - = | 83:dollar x:dollar 4:dollar +:dollar 47:dollar -:dollar =:dollar
EXPR: 0 | POS | INT | 14 | 9 | 32 | 47=((83-4)-x) | 47 83 4 - x - = | 47:dollar 83:dollar 4:dollar -:dollar x:dollar -:dollar =:dollar
EXPR: 0 | POS | INT | 14 | 9 | 126 | 47=((x-83)+4) | 47 x 83 - 4 + = | 47:dollar x:dollar 83:dollar -:dollar 4:dollar +:dollar =:dollar
EXPR: 0 | POS | INT | 14 | 9 | 32 | ((83-4)-x)=47 | 83 4 - x - 47 = | 83:dollar 4:dollar -:dollar x:dollar -:dollar 47:dollar =:dollar
EXPR: 0 | POS | INT | 14 | 9 | 126 | 83=((4-47)+x) | 83 4 47 - x + = | 83:dollar 4:dollar 47:dollar -:dollar x:dollar +:dollar =:dollar
EXPR: 0 | POS | INT | 14 | 9 | 40 | 47=((83-x)+4) | 47 83 x - 4 + = | 47:dollar 83:dollar x:dollar -:dollar 4:dollar +:dollar =:dollar
EXPR: 0 | POS | INT | 14 | 9 | 126 | 83=(x+(4-47)) | 83 x 4 47 - + = | 83:dollar x:dollar 4:dollar 47:dollar -:dollar +:dollar =:dollar
EXPR: 0 | POS | INT | 14 | 9 | 32 | 83=(4+(47+x)) | 83 4 47 x + + = | 83:dollar 4:dollar 47:dollar x:dollar +:dollar +:dollar =:dollar
EXPR: 0 | POS | INT | 14 | 9 | 126 | 83=(4-(47-x)) | 83 4 47 x - - = | 83:dollar 4:dollar 47:dollar x:dollar -:dollar -:dollar =:dollar
EXPR: 0 | POS | INT | 14 | 9 | 40 | ((83+4)-x)=47 | 83 4 + x - 47 = | 83:dollar 4:dollar +:dollar x:dollar -:dollar 47:dollar =:dollar
EXPR: 0 | POS | INT | 14 | 9 | 3713 | (83-4)=(x/47) | 83 4 - x 47 / = | 83:dollar 4:dollar -:dollar x:dollar 47:buck /:dollar =:dollar
EXPR: 0 | POS | INT | 14 | 9 | 40 | (83+(4-x))=47 | 83 4 x - + 47 = | 83:dollar 4:dollar x:dollar -:dollar +:dollar 47:dollar =:dollar
EXPR: 0 | POS | INT | 14 | 9 | 32 | 47=((83-x)-4) | 47 83 x - 4 - = | 47:dollar 83:dollar x:dollar -:dollar 4:dollar -:dollar =:dollar
EXPR: 0 | POS | INT | 14 | 9 | 134 | 47=(x-(83+4)) | 47 x 83 4 + - = | 47:dollar x:dollar 83:dollar 4:dollar +:dollar -:dollar =:dollar
EXPR: 0 | POS | INT | 14 | 9 | 134 | 47=((x-83)-4) | 47 x 83 - 4 - = | 47:dollar x:dollar 83:dollar -:dollar 4:dollar -:dollar =:dollar
EXPR: 0 | POS | INT | 14 | 9 | 4089 | (83+4)=(x/47) | 83 4 + x 47 / = | 83:dollar 4:dollar +:dollar x:dollar 47:buck /:dollar =:dollar
EXPR: 0 | POS | INT | 14 | 9 | 32 | 47=(83-(x+4)) | 47 83 x 4 + - = | 47:dollar 83:dollar x:dollar 4:dollar +:dollar -:dollar =:dollar
EXPR: 0 | POS | INT | 14 | 9 | 40 | 47=((83+4)-x) | 47 83 4 + x - = | 47:dollar 83:dollar 4:dollar +:dollar x:dollar -:dollar =:dollar
EXPR: 0 | POS | INT | 14 | 9 | 126 | 47=(x-(83-4)) | 47 x 83 4 - - = | 47:dollar x:dollar 83:dollar 4:dollar -:dollar -:dollar =:dollar
EXPR: 0 | POS | INT | 14 | 9 | 40 | 47=(83-(x-4)) | 47 83 x 4 - - = | 47:dollar 83:dollar x:dollar 4:dollar -:dollar -:dollar =:dollar
EXPR: 0 | POS | INT | 14 | 9 | 40 | ((47-83)+x)=4 | 47 83 - x + 4 = | 47:dollar 83:dollar -:dollar x:dollar +:dollar 4:dollar =:dollar
EXPR: 0 | POS | INT | 14 | 9 | 40 | 47=(83+(4-x)) | 47 83 4 x - + = | 47:dollar 83:dollar 4:dollar x:dollar -:dollar +:dollar =:dollar
EXPR: 0 | POS | INT | 14 | 9 | 32 | 47=(83-(4+x)) | 47 83 4 x + - = | 47:dollar 83:dollar 4:dollar x:dollar +:dollar -:dollar =:dollar
EXPR: 0 | POS | INT | 14 | 9 | 40 | 83=(x-(4-47)) | 83 x 4 47 - - = | 83:dollar x:dollar 4:dollar 47:dollar -:dollar -:dollar =:dollar
EXPR: 0 | POS | INT | 14 | 9 | 134 | ((x-47)-83)=4 | x 47 - 83 - 4 = | x:dollar 47:dollar -:dollar 83:dollar -:dollar 4:dollar =:dollar
EXPR: 0 | POS | INT | 14 | 9 | 134 | ((x-83)-4)=47 | x 83 - 4 - 47 = | x:dollar 83:dollar -:dollar 4:dollar -:dollar 47:dollar =:dollar
EXPR: 0 | POS | INT | 14 | 9 | 126 | 83=(4+(x-47)) | 83 4 x 47 - + = | 83:dollar 4:dollar x:dollar 47:dollar -:dollar +:dollar =:dollar
EXPR: 0 | POS | INT | 14 | 9 | 126 | ((x-83)+4)=47 | x 83 - 4 + 47 = | x:dollar 83:dollar -:dollar 4:dollar +:dollar 47:dollar =:dollar
EXPR: 0 | POS | INT | 14 | 9 | 32 | 83=(4+(x+47)) | 83 4 x 47 + + = | 83:dollar 4:dollar x:dollar 47:dollar +:dollar +:dollar =:dollar
EXPR: 0 | POS | INT | 14 | 9 | 40 | ((x+47)-83)=4 | x 47 + 83 - 4 = | x:dollar 47:dollar +:dollar 83:dollar -:dollar 4:dollar =:dollar
EXPR: 0 | POS | INT | 15 | 9 | 126 | x=(47-(4-83)) | x 47 4 83 - - = | x:dollar 47:dollar 4:dollar 83:dollar -:dollar -:dollar =:dollar
EXPR: 0 | POS | INT | 15 | 9 | 520 | (4*(83+47))=x | 4 83 47 + * x = | 4:dollar 83:buck 47:buck +:buck *:dollar x:dollar =:dollar
EXPR: 0 | POS | INT | 15 | 9 | 126 | ((47-4)+83)=x | 47 4 - 83 + x = | 47:dollar 4:dollar -:dollar 83:dollar +:dollar x:dollar =:dollar
EXPR: 0 | POS | INT | 15 | 9 | 40 | (4+(83-47))=x | 4 83 47 - + x = | 4:dollar 83:dollar 47:dollar -:dollar +:dollar x:dollar =:dollar
EXPR: 0 | POS | INT | 15 | 9 | 134 | x=((47+4)+83) | x 47 4 + 83 + = | x:dollar 47:dollar 4:dollar +:dollar 83:dollar +:dollar =:dollar
EXPR: 0 | POS | INT | 15 | 9 | 4233 | ((47+4)*83)=x | 47 4 + 83 * x = | 47:buck 4:buck +:buck 83:dollar *:dollar x:dollar =:dollar
EXPR: 0 | POS | INT | 15 | 9 | 3569 | ((47-4)*83)=x | 47 4 - 83 * x = | 47:buck 4:buck -:buck 83:dollar *:dollar x:dollar =:dollar
EXPR: 0 | POS | INT | 15 | 9 | 520 | x=(4*(83+47)) | x 4 83 47 + * = | x:dollar 4:dollar 83:buck 47:buck +:buck *:dollar =:dollar
EXPR: 0 | POS | INT | 15 | 9 | 4233 | x=((47+4)*83) | x 47 4 + 83 * = | x:dollar 47:buck 4:buck +:buck 83:dollar *:dollar =:dollar
EXPR: 0 | POS | INT | 15 | 9 | 126 | x=((47-4)+83) | x 47 4 - 83 + = | x:dollar 47:dollar 4:dollar -:dollar 83:dollar +:dollar =:dollar
EXPR: 0 | POS | INT | 15 | 9 | 134 | ((47+4)+83)=x | 47 4 + 83 + x = | 47:dollar 4:dollar +:dollar 83:dollar +:dollar x:dollar =:dollar
EXPR: 0 | POS | INT | 15 | 9 | 40 | x=(4+(83-47)) | x 4 83 47 - + = | x:dollar 4:dollar 83:dollar 47:dollar -:dollar +:dollar =:dollar
EXPR: 0 | POS | INT | 15 | 9 | 144 | x=(4*(83-47)) | x 4 83 47 - * = | x:dollar 4:dollar 83:buck 47:buck -:buck *:dollar =:dollar
EXPR: 0 | POS | INT | 15 | 9 | 126 | (47-(4-83))=x | 47 4 83 - - x = | 47:dollar 4:dollar 83:dollar -:dollar -:dollar x:dollar =:dollar
EXPR: 0 | POS | INT | 15 | 9 | 144 | (4*(83-47))=x | 4 83 47 - * x = | 4:dollar 83:buck 47:buck -:buck *:dollar x:dollar =:dollar
EXPR: 0 | POS | INT | 15 | 9 | 134 | x=(4+(83+47)) | x 4 83 47 + + = | x:dollar 4:dollar 83:dollar 47:dollar +:dollar +:dollar =:dollar
EXPR: 0 | POS | INT | 15 | 9 | 3569 | x=((47-4)*83) | x 47 4 - 83 * = | x:dollar 47:buck 4:buck -:buck 83:dollar *:dollar =:dollar
EXPR: 0 | POS | INT | 15 | 9 | 134 | (4+(83+47))=x | 4 83 47 + + x = | 4:dollar 83:dollar 47:dollar +:dollar +:dollar x:dollar =:dollar
EXPR: 0 | POS | INT | 17 | 9 | 32 | (47+(x+4))=83 | 47 x 4 + + 83 = | 47:dollar x:dollar 4:dollar +:dollar +:dollar 83:dollar =:dollar
EXPR: 0 | POS | INT | 17 | 9 | 134 | (x-(47+4))=83 | x 47 4 + - 83 = | x:dollar 47:dollar 4:dollar +:dollar -:dollar 83:dollar =:dollar
EXPR: 0 | POS | INT | 17 | 9 | 40 | ((47+x)-4)=83 | 47 x + 4 - 83 = | 47:dollar x:dollar +:dollar 4:dollar -:dollar 83:dollar =:dollar
EXPR: 0 | POS | INT | 17 | 9 | 32 | ((47+x)+4)=83 | 47 x + 4 + 83 = | 47:dollar x:dollar +:dollar 4:dollar +:dollar 83:dollar =:dollar
EXPR: 0 | POS | INT | 17 | 9 | 126 | ((4+x)-83)=47 | 4 x + 83 - 47 = | 4:dollar x:dollar +:dollar 83:dollar -:dollar 47:dollar =:dollar
EXPR: 0 | POS | INT | 17 | 9 | 32 | (x+(47+4))=83 | x 47 4 + + 83 = | x:dollar 47:dollar 4:dollar +:dollar +:dollar 83:dollar =:dollar
EXPR: 0 | POS | INT | 17 | 9 | 3569 | (x/(47-4))=83 | x 47 4 - / 83 = | x:dollar 47:buck 4:buck -:buck /:dollar 83:dollar =:dollar
EXPR: 0 | POS | INT | 17 | 9 | 32 | ((47+4)+x)=83 | 47 4 + x + 83 = | 47:dollar 4:dollar +:dollar x:dollar +:dollar 83:dollar =:dollar
EXPR: 0 | POS | INT | 17 | 9 | 40 | (47+(x-4))=83 | 47 x 4 - + 83 = | 47:dollar x:dollar 4:dollar -:dollar +:dollar 83:dollar =:dollar
EXPR: 0 | POS | INT | 17 | 9 | 32 | (47+(4+x))=83 | 47 4 x + + 83 = | 47:dollar 4:dollar x:dollar +:dollar +:dollar 83:dollar =:dollar
EXPR: 0 | POS | INT | 17 | 9 | 126 | 4=((83-x)+47) | 4 83 x - 47 + = | 4:dollar 83:dollar x:dollar -:dollar 47:dollar +:dollar =:dollar
EXPR: 0 | POS | INT | 17 | 9 | 126 | (4+(x-83))=47 | 4 x 83 - + 47 = | 4:dollar x:dollar 83:dollar -:dollar +:dollar 47:dollar =:dollar
EXPR: 0 | POS | INT | 17 | 9 | 40 | (4-(x-83))=47 | 4 x 83 - - 47 = | 4:dollar x:dollar 83:dollar -:dollar -:dollar 47:dollar =:dollar
EXPR: 0 | POS | INT | 17 | 9 | 40 | (x+(47-4))=83 | x 47 4 - + 83 = | x:dollar 47:dollar 4:dollar -:dollar +:dollar 83:dollar =:dollar
EXPR: 0 | POS | INT | 17 | 9 | 40 | x=((4-47)+83) | x 4 47 - 83 + = | x:dollar 4:dollar 47:dollar -:dollar 83:dollar +:dollar =:dollar
EXPR: 0 | POS | INT | 17 | 9 | 40 | ((47-4)+x)=83 | 47 4 - x + 83 = | 47:dollar 4:dollar -:dollar x:dollar +:dollar 83:dollar =:dollar
EXPR: 0 | POS | INT | 17 | 9 | 126 | (x-(47-4))=83 | x 47 4 - - 83 = | x:dollar 47:dollar 4:dollar -:dollar -:dollar 83:dollar =:dollar
EXPR: 0 | POS | INT | 17 | 9 | 134 | 4=((x-83)-47) | 4 x 83 - 47 - = | 4:dollar x:dollar 83:dollar -:dollar 47:dollar -:dollar =:dollar
EXPR: 0 | POS | INT | 17 | 9 | 3905 | (x-4)=(83*47) | x 4 - 83 47 * = | x:dollar 4:dollar -:dollar 83:dollar 47:buck *:dollar =:dollar
EXPR: 0 | POS | INT | 17 | 9 | 40 | x=(4-(47-83)) | x 4 47 83 - - = | x:dollar 4:dollar 47:dollar 83:dollar -:dollar -:dollar =:dollar
EXPR: 0 | POS | INT | 17 | 9 | 4233 | (x/(47+4))=83 | x 47 4 + / 83 = | x:dollar 47:buck 4:buck +:buck /:dollar 83:dollar =:dollar
EXPR: 0 | POS | INT | 17 | 9 | 134 | ((x-4)-83)=47 | x 4 - 83 - 47 = | x:dollar 4:dollar -:dollar 83:dollar -:dollar 47:dollar =:dollar
EXPR: 0 | POS | INT | 17 | 9 | 3897 | (x+4)=(83*47) | x 4 + 83 47 * = | x:dollar 4:dollar +:dollar 83:dollar 47:buck *:dollar =:dollar
EXPR: 0 | POS | INT | 17 | 9 | 126 | 47=((4+x)-83) | 47 4 x + 83 - = | 47:dollar 4:dollar x:dollar +:dollar 83:dollar -:dollar =:dollar
EXPR: 0 | POS | INT | 17 | 9 | 40 | (4+(83-x))=47 | 4 83 x - + 47 = | 4:dollar 83:dollar x:dollar -:dollar +:dollar 47:dollar =:dollar
EXPR: 0 | POS | INT | 17 | 9 | 40 | (4-(47-83))=x | 4 47 83 - - x = | 4:dollar 47:dollar 83:dollar -:dollar -:dollar x:dollar =:dollar
EXPR: 0 | POS | INT | 17 | 9 | 40 | 4=((x-83)+47) | 4 x 83 - 47 + = | 4:dollar x:dollar 83:dollar -:dollar 47:dollar +:dollar =:dollar
EXPR: 0 | POS | INT | 17 | 9 | 126 | 47=(x+(4-83)) | 47 x 4 83 - + = | 47:dollar x:dollar 4:dollar 83:dollar -:dollar +:dollar =:dollar
EXPR: 0 | POS | INT | 17 | 9 | 126 | (x+(4-83))=47 | x 4 83 - + 47 = | x:dollar 4:dollar 83:dollar -:dollar +:dollar 47:dollar =:dollar
EXPR: 0 | POS | INT | 17 | 9 | 126 | 47=((4-83)+x) | 47 4 83 - x + = | 47:dollar 4:dollar 83:dollar -:dollar x:dollar +:dollar =:dollar
EXPR: 0 | POS | INT | 17 | 9 | 3897 | (4+x)=(83*47) | 4 x + 83 47 * = | 4:dollar x:dollar +:dollar 83:dollar 47:buck *:dollar =:dollar
EXPR: 0 | POS | INT | 17 | 9 | 40 | 47=(4+(83-x)) | 47 4 83 x - + = | 47:dollar 4:dollar 83:dollar x:dollar -:dollar +:dollar =:dollar
EXPR: 0 | POS | INT | 17 | 9 | 126 | 47=(4-(83-x)) | 47 4 83 x - - = | 47:dollar 4:dollar 83:dollar x:dollar -:dollar -:dollar =:dollar
EXPR: 0 | POS | INT | 17 | 9 | 126 | (4-(83-x))=47 | 4 83 x - - 47 = | 4:dollar 83:dollar x:dollar -:dollar -:dollar 47:dollar =:dollar
EXPR: 0 | POS | INT | 17 | 9 | 520 | 4=(x/(83+47)) | 4 x 83 47 + / = | 4:dollar x:dollar 83:buck 47:buck +:buck /:dollar =:dollar
EXPR: 0 | POS | INT | 17 | 9 | 32 | 4=((83-x)-47) | 4 83 x - 47 - = | 4:dollar 83:dollar x:dollar -:dollar 47:dollar -:dollar =:dollar
EXPR: 0 | POS | INT | 17 | 9 | 126 | ((x+4)-83)=47 | x 4 + 83 - 47 = | x:dollar 4:dollar +:dollar 83:dollar -:dollar 47:dollar =:dollar
EXPR: 0 | POS | INT | 17 | 9 | 40 | 47=((4-x)+83) | 47 4 x - 83 + = | 47:dollar 4:dollar x:dollar -:dollar 83:dollar +:dollar =:dollar
EXPR: 0 | POS | INT | 17 | 9 | 126 | 47=((x+4)-83) | 47 x 4 + 83 - = | 47:dollar x:dollar 4:dollar +:dollar 83:dollar -:dollar =:dollar
EXPR: 0 | POS | INT | 17 | 9 | 32 | 4=(83-(x+47)) | 4 83 x 47 + - = | 4:dollar 83:dollar x:dollar 47:dollar +:dollar -:dollar =:dollar
EXPR: 0 | POS | INT | 17 | 9 | 105 | (47*4)=(83+x) | 47 4 * 83 x + = | 47:buck 4:dollar *:dollar 83:dollar x:dollar +:dollar =:dollar
EXPR: 0 | POS | INT | 17 | 9 | 40 | (47-(4-x))=83 | 47 4 x - - 83 = | 47:dollar 4:dollar x:dollar -:dollar -:dollar 83:dollar =:dollar
EXPR: 0 | POS | INT | 17 | 9 | 134 | 47=((x-4)-83) | 47 x 4 - 83 - = | 47:dollar x:dollar 4:dollar -:dollar 83:dollar -:dollar =:dollar
EXPR: 0 | POS | INT | 17 | 9 | 32 | 4=((83-47)-x) | 4 83 47 - x - = | 4:dollar 83:dollar 47:dollar -:dollar x:dollar -:dollar =:dollar
EXPR: 0 | POS | INT | 17 | 9 | 144 | 4=(x/(83-47)) | 4 x 83 47 - / = | 4:dollar x:dollar 83:buck 47:buck -:buck /:dollar =:dollar
EXPR: 0 | POS | INT | 17 | 9 | 40 | ((4-x)+83)=47 | 4 x - 83 + 47 = | 4:dollar x:dollar -:dollar 83:dollar +:dollar 47:dollar =:dollar
EXPR: 0 | POS | INT | 17 | 9 | 134 | ((x-47)-4)=83 | x 47 - 4 - 83 = | x:dollar 47:dollar -:dollar 4:dollar -:dollar 83:dollar =:dollar
EXPR: 0 | POS | INT | 17 | 9 | 32 | ((x+47)+4)=83 | x 47 + 4 + 83 = | x:dollar 47:dollar +:dollar 4:dollar +:dollar 83:dollar =:dollar
EXPR: 0 | POS | INT | 17 | 9 | 126 | 4=(83-(x-47)) | 4 83 x 47 - - = | 4:dollar 83:dollar x:dollar 47:dollar -:dollar -:dollar =:dollar
EXPR: 0 | POS | INT | 17 | 9 | 40 | 4=(x-(83-47)) | 4 x 83 47 - - = | 4:dollar x:dollar 83:dollar 47:dollar -:dollar -:dollar =:dollar
EXPR: 0 | POS | INT | 17 | 9 | 134 | 4=(x-(83+47)) | 4 x 83 47 + - = | 4:dollar x:dollar 83:dollar 47:dollar +:dollar -:dollar =:dollar
EXPR: 0 | POS | INT | 17 | 9 | 40 | 47=(4-(x-83)) | 47 4 x 83 - - = | 47:dollar 4:dollar x:dollar 83:dollar -:dollar -:dollar =:dollar
EXPR: 0 | POS | INT | 17 | 9 | 126 | ((x-47)+4)=83 | x 47 - 4 + 83 = | x:dollar 47:dollar -:dollar 4:dollar +:dollar 83:dollar =:dollar
EXPR: 0 | POS | INT | 17 | 9 | 40 | ((4-47)+83)=x | 4 47 - 83 + x = | 4:dollar 47:dollar -:dollar 83:dollar +:dollar x:dollar =:dollar
EXPR: 0 | POS | INT | 17 | 9 | 105 | (47*4)=(x+83) | 47 4 * x 83 + = | 47:buck 4:dollar *:dollar x:dollar 83:dollar +:dollar =:dollar
EXPR: 0 | POS | INT | 17 | 9 | 271 | (47*4)=(x-83) | 47 4 * x 83 - = | 47:buck 4:dollar *:dollar x:dollar 83:dollar -:dollar =:dollar
EXPR: 0 | POS | INT | 17 | 9 | 40 | ((x+47)-4)=83 | x 47 + 4 - 83 = | x:dollar 47:dollar +:dollar 4:dollar -:dollar 83:dollar =:dollar
EXPR: 0 | POS | INT | 17 | 9 | 126 | 4=(83+(47-x)) | 4 83 47 x - + = | 4:dollar 83:dollar 47:dollar x:dollar -:dollar +:dollar =:dollar
EXPR: 0 | POS | INT | 17 | 9 | 32 | 4=(83-(47+x)) | 4 83 47 x + - = | 4:dollar 83:dollar 47:dollar x:dollar +:dollar -:dollar =:dollar
EXPR: 0 | POS | INT | 17 | 9 | 126 | 47=(4+(x-83)) | 47 4 x 83 - + = | 47:dollar 4:dollar x:dollar 83:dollar -:dollar +:dollar =:dollar
EXPR: 0 | POS | INT | 17 | 9 | 126 | ((4-83)+x)=47 | 4 83 - x + 47 = | 4:dollar 83:dollar -:dollar x:dollar +:dollar 47:dollar =:dollar
EXPR: 0 | POS | INT | 17 | 9 | 126 | 4=((83+47)-x) | 4 83 47 + x - = | 4:dollar 83:dollar 47:dollar +:dollar x:dollar -:dollar =:dollar
EXPR: 0 | POS | INT | 19 | 9 | 32 | (4+(47+x))=83 | 4 47 x + + 83 = | 4:dollar 47:dollar x:dollar +:dollar +:dollar 83:dollar =:dollar
EXPR: 0 | POS | INT | 19 | 9 | 126 | (4+(x-47))=83 | 4 x 47 - + 83 = | 4:dollar x:dollar 47:dollar -:dollar +:dollar 83:dollar =:dollar
EXPR: 0 | POS | INT | 19 | 9 | 32 | ((x+4)+47)=83 | x 4 + 47 + 83 = | x:dollar 4:dollar +:dollar 47:dollar +:dollar 83:dollar =:dollar
EXPR: 0 | POS | INT | 19 | 9 | 126 | 4=((47-x)+83) | 4 47 x - 83 + = | 4:dollar 47:dollar x:dollar -:dollar 83:dollar +:dollar =:dollar
EXPR: 0 | POS | INT | 19 | 9 | 134 | ((x-4)-47)=83 | x 4 - 47 - 83 = | x:dollar 4:dollar -:dollar 47:dollar -:dollar 83:dollar =:dollar
EXPR: 0 | POS | INT | 19 | 9 | 40 | 4=((x+47)-83) | 4 x 47 + 83 - = | 4:dollar x:dollar 47:dollar +:dollar 83:dollar -:dollar =:dollar
EXPR: 0 | POS | INT | 19 | 9 | 40 | ((x-4)+47)=83 | x 4 - 47 + 83 = | x:dollar 4:dollar -:dollar 47:dollar +:dollar 83:dollar =:dollar
EXPR: 0 | POS | INT | 19 | 9 | 126 | (4-(47-x))=83 | 4 47 x - - 83 = | 4:dollar 47:dollar x:dollar -:dollar -:dollar 83:dollar =:dollar
EXPR: 0 | POS | INT | 19 | 9 | 126 | ((4+x)-47)=83 | 4 x + 47 - 83 = | 4:dollar x:dollar +:dollar 47:dollar -:dollar 83:dollar =:dollar
EXPR: 0 | POS | INT | 19 | 9 | 126 | (x+(4-47))=83 | x 4 47 - + 83 = | x:dollar 4:dollar 47:dollar -:dollar +:dollar 83:dollar =:dollar
EXPR: 0 | POS | INT | 19 | 9 | 40 | (x-(4-47))=83 | x 4 47 - - 83 = | x:dollar 4:dollar 47:dollar -:dollar -:dollar 83:dollar =:dollar
EXPR: 0 | POS | INT | 19 | 9 | 134 | 4=((x-47)-83) | 4 x 47 - 83 - = | 4:dollar x:dollar 47:dollar -:dollar 83:dollar -:dollar =:dollar
EXPR: 0 | POS | INT | 19 | 9 | 32 | ((4+x)+47)=83 | 4 x + 47 + 83 = | 4:dollar x:dollar +:dollar 47:dollar +:dollar 83:dollar =:dollar
EXPR: 0 | POS | INT | 19 | 9 | 32 | (4+(x+47))=83 | 4 x 47 + + 83 = | 4:dollar x:dollar 47:dollar +:dollar +:dollar 83:dollar =:dollar
EXPR: 0 | POS | INT | 19 | 9 | 40 | 4=(x+(47-83)) | 4 x 47 83 - + = | 4:dollar x:dollar 47:dollar 83:dollar -:dollar +:dollar =:dollar
EXPR: 0 | POS | INT | 19 | 9 | 126 | ((x+4)-47)=83 | x 4 + 47 - 83 = | x:dollar 4:dollar +:dollar 47:dollar -:dollar 83:dollar =:dollar
EXPR: 0 | POS | INT | 19 | 9 | 40 | 4=((47-83)+x) | 4 47 83 - x + = | 4:dollar 47:dollar 83:dollar -:dollar x:dollar +:dollar =:dollar
EXPR: 0 | POS | INT | 19 | 9 | 126 | ((4-47)+x)=83 | 4 47 - x + 83 = | 4:dollar 47:dollar -:dollar x:dollar +:dollar 83:dollar =:dollar
EXPR: 0 | POS | INT | 19 | 9 | 126 | 4=(47+(83-x)) | 4 47 83 x - + = | 4:dollar 47:dollar 83:dollar x:dollar -:dollar +:dollar =:dollar
EXPR: 0 | POS | INT | 19 | 9 | 40 | 4=(47-(83-x)) | 4 47 83 x - - = | 4:dollar 47:dollar 83:dollar x:dollar -:dollar -:dollar =:dollar
EXPR: 0 | POS | INT | 19 | 9 | 126 | 4=(47-(x-83)) | 4 47 x 83 - - = | 4:dollar 47:dollar x:dollar 83:dollar -:dollar -:dollar =:dollar
EXPR: 0 | POS | INT | 19 | 9 | 40 | 4=(47+(x-83)) | 4 47 x 83 - + = | 4:dollar 47:dollar x:dollar 83:dollar -:dollar +:dollar =:dollar
EXPR: 0 | POS | INT | 19 | 9 | 40 | 4=((47+x)-83) | 4 47 x + 83 - = | 4:dollar 47:dollar x:dollar +:dollar 83:dollar -:dollar =:dollar
NET 286 unique, non-negative, integer-valued solutions found out of 1000 total solutions
