parameters: n=7 l=3 k=1 p=5 q=4 m=9
TOTAL 1000 solutions found
SOLN: CORRECT | POS/NEG | INT/FRA | OBJ-SCORE | TRUE-ANS | ANS | INFIX | POSTFIX | TYPED-POSTFIX
EXPR: 0 | POS | INT | 20 | 3 | 57 | x=(21+(12*3)) | x 21 12 3 * + = | x:table 21:table 12:rest 3:table *:table +:table =:table
EXPR: 0 | POS | INT | 20 | 3 | 249 | ((21*12)-3)=x | 21 12 * 3 - x = | 21:customer 12:rest *:customer 3:customer -:customer x:customer =:customer
EXPR: 0 | POS | INT | 20 | 3 | 99 | ((21+12)*3)=x | 21 12 + 3 * x = | 21:rest 12:rest +:rest 3:table *:table x:table =:table
EXPR: 0 | POS | INT | 20 | 3 | 189 | (21*(12-3))=x | 21 12 3 - * x = | 21:customer 12:people 3:people -:people *:people x:people =:people
EXPR: 0 | POS | INT | 20 | 3 | 17 | x=(21-(12/3)) | x 21 12 3 / - = | x:customer 21:customer 12:customer 3:people /:customer -:customer =:customer
EXPR: 0 | POS | INT | 20 | 3 | 315 | x=(21*(12+3)) | x 21 12 3 + * = | x:customer 21:customer 12:people 3:people +:people *:customer =:customer
EXPR: 0 | POS | INT | 20 | 3 | 27 | ((21-12)*3)=x | 21 12 - 3 * x = | 21:customer 12:customer -:customer 3:people *:customer x:customer =:customer
EXPR: 0 | POS | INT | 20 | 3 | 249 | x=((21*12)-3) | x 21 12 * 3 - = | x:people 21:customer 12:people *:people 3:people -:people =:people
EXPR: 0 | POS | INT | 20 | 3 | 57 | (21+(12*3))=x | 21 12 3 * + x = | 21:customer 12:customer 3:people *:customer +:customer x:customer =:customer
EXPR: 0 | POS | INT | 20 | 3 | 315 | (21*(12+3))=x | 21 12 3 + * x = | 21:customer 12:table 3:table +:table *:table x:table =:table
EXPR: 1 | POS | INT | 20 | 3 | 3 | x=((21-12)/3) | x 21 12 - 3 / = | x:customer 21:customer 12:customer -:customer 3:people /:customer =:customer
EXPR: 0 | POS | INT | 20 | 3 | 255 | ((21*12)+3)=x | 21 12 * 3 + x = | 21:customer 12:rest *:rest 3:rest +:rest x:rest =:rest
EXPR: 0 | POS | INT | 20 | 3 | 27 | x=((21-12)*3) | x 21 12 - 3 * = | x:table 21:rest 12:rest -:rest 3:table *:table =:table
EXPR: 0 | POS | INT | 20 | 3 | 99 | x=((21+12)*3) | x 21 12 + 3 * = | x:table 21:rest 12:rest +:rest 3:table *:table =:table
EXPR: 0 | POS | INT | 20 | 3 | 25 | x=(21+(12/3)) | x 21 12 3 / + = | x:rest 21:rest 12:rest 3:people /:rest +:rest =:rest
EXPR: 0 | POS | INT | 20 | 3 | 255 | x=((21*12)+3) | x 21 12 * 3 + = | x:table 21:table 12:rest *:table 3:table +:table =:table
EXPR: 0 | POS | INT | 20 | 3 | 189 | x=(21*(12-3)) | x 21 12 3 - * = | x:table 21:table 12:rest 3:rest -:rest *:table =:table
EXPR: 0 | POS | INT | 20 | 3 | 11 | ((21+12)/3)=x | 21 12 + 3 / x = | 21:table 12:table +:table 3:people /:table x:table =:table
EXPR: 1 | POS | INT | 20 | 3 | 3 | ((21-12)/3)=x | 21 12 - 3 / x = | 21:table 12:table -:table 3:people /:table x:table =:table
EXPR: 0 | POS | INT | 22 | 3 | 5 | 21=((12-x)*3) | 21 12 x - 3 * = | 21:table 12:table x:table -:table 3:people *:table =:table
EXPR: 0 | POS | INT | 22 | 3 | 5 | (21/(12-x))=3 | 21 12 x - / 3 = | 21:people 12:table x:table -:table /:people 3:people =:people
EXPR: 0 | POS | INT | 22 | 3 | 315 | ((x/21)-12)=3 | x 21 / 12 - 3 = | x:table 21:customer /:table 12:table -:table 3:table =:table
EXPR: 0 | POS | INT | 22 | 3 | 288 | x=(12*(21+3)) | x 12 21 3 + * = | x:table 12:table 21:customer 3:customer +:customer *:table =:table
EXPR: 0 | POS | INT | 22 | 3 | 99 | (x/(21+12))=3 | x 21 12 + / 3 = | x:people 21:customer 12:customer +:customer /:people 3:people =:people
EXPR: 0 | POS | INT | 22 | 3 | 51 | ((21*3)-12)=x | 21 3 * 12 - x = | 21:rest 3:people *:rest 12:rest -:rest x:rest =:rest
EXPR: 0 | POS | INT | 22 | 3 | 5 | x=(12-(21/3)) | x 12 21 3 / - = | x:customer 12:customer 21:customer 3:people /:customer -:customer =:customer
EXPR: 0 | POS | INT | 22 | 3 | 51 | x=((21*3)-12) | x 21 3 * 12 - = | x:people 21:customer 3:people *:people 12:people -:people =:people
EXPR: 1 | POS | INT | 22 | 3 | 3 | 21=(12+(3*x)) | 21 12 3 x * + = | 21:people 12:people 3:people x:table *:people +:people =:people
EXPR: 0 | POS | INT | 22 | 3 | 75 | x=((21*3)+12) | x 21 3 * 12 + = | x:rest 21:customer 3:rest *:rest 12:rest +:rest =:rest
EXPR: 0 | POS | INT | 22 | 3 | 2 | 21=((x*12)-3) | 21 x 12 * 3 - = | 21:rest x:table 12:rest *:rest 3:rest -:rest =:rest
EXPR: 0 | POS | INT | 22 | 3 | 288 | (12*(21+3))=x | 12 21 3 + * x = | 12:rest 21:table 3:table +:table *:table x:table =:table
EXPR: 0 | POS | INT | 22 | 3 | 255 | (x-(21*12))=3 | x 21 12 * - 3 = | x:people 21:people 12:rest *:people -:people 3:people =:people
EXPR: 0 | POS | INT | 22 | 3 | 216 | ((21-3)*12)=x | 21 3 - 12 * x = | 21:customer 3:customer -:customer 12:rest *:rest x:rest =:rest
EXPR: 0 | POS | INT | 22 | 3 | 75 | (12+(21*3))=x | 12 21 3 * + x = | 12:rest 21:customer 3:rest *:rest +:rest x:rest =:rest
EXPR: 0 | POS | INT | 22 | 3 | 216 | (12*(21-3))=x | 12 21 3 - * x = | 12:rest 21:people 3:people -:people *:people x:people =:people
EXPR: 0 | POS | INT | 22 | 3 | 216 | x=((21-3)*12) | x 21 3 - 12 * = | x:rest 21:people 3:people -:people 12:rest *:rest =:rest
EXPR: 0 | POS | INT | 22 | 3 | 19 | (12+(21/3))=x | 12 21 3 / + x = | 12:rest 21:rest 3:people /:rest +:rest x:rest =:rest
EXPR: 0 | POS | INT | 22 | 3 | 84 | (21*12)=(x*3) | 21 12 * x 3 * = | 21:customer 12:rest *:customer x:table 3:customer *:customer =:customer
EXPR: 0 | POS | INT | 22 | 3 | 216 | x=(12*(21-3)) | x 12 21 3 - * = | x:table 12:table 21:customer 3:customer -:customer *:table =:table
EXPR: 1 | POS | INT | 22 | 3 | 3 | ((21-12)/x)=3 | 21 12 - x / 3 = | 21:rest 12:rest -:rest x:table /:rest 3:rest =:rest
EXPR: 0 | POS | INT | 22 | 3 | 11 | ((21+12)/x)=3 | 21 12 + x / 3 = | 21:rest 12:rest +:rest x:table /:rest 3:rest =:rest
EXPR: 0 | POS | INT | 22 | 3 | 19 | x=(12+(21/3)) | x 12 21 3 / + = | x:customer 12:customer 21:customer 3:people /:customer +:customer =:customer
EXPR: 0 | POS | INT | 22 | 3 | 19 | 21=((x-12)*3) | 21 x 12 - 3 * = | 21:rest x:rest 12:rest -:rest 3:people *:rest =:rest
EXPR: 0 | POS | INT | 22 | 3 | 27 | (x/(21-12))=3 | x 21 12 - / 3 = | x:table 21:customer 12:customer -:customer /:table 3:table =:table
EXPR: 0 | POS | INT | 22 | 3 | 15 | 21=((12*3)-x) | 21 12 3 * x - = | 21:customer 12:customer 3:people *:customer x:customer -:customer =:customer
EXPR: 0 | POS | INT | 22 | 3 | 17 | 21=((12/3)+x) | 21 12 3 / x + = | 21:customer 12:customer 3:people /:customer x:customer +:customer =:customer
EXPR: 0 | POS | INT | 22 | 3 | 756 | (21*12)=(x/3) | 21 12 * x 3 / = | 21:customer 12:table *:table x:table 3:people /:table =:table
EXPR: 0 | POS | INT | 22 | 3 | 19 | (21/(x-12))=3 | 21 x 12 - / 3 = | 21:customer x:table 12:table -:table /:customer 3:customer =:customer
EXPR: 0 | POS | INT | 22 | 3 | 288 | ((21+3)*12)=x | 21 3 + 12 * x = | 21:customer 3:customer +:customer 12:table *:table x:table =:table
EXPR: 0 | POS | INT | 22 | 3 | 27 | 21=(12+(x/3)) | 21 12 x 3 / + = | 21:customer 12:customer x:customer 3:people /:customer +:customer =:customer
EXPR: 0 | POS | INT | 22 | 3 | 315 | 21=(x/(12+3)) | 21 x 12 3 + / = | 21:table x:table 12:people 3:people +:people /:table =:table
EXPR: 0 | POS | INT | 22 | 3 | 15 | ((x+21)/12)=3 | x 21 + 12 / 3 = | x:table 21:table +:table 12:rest /:table 3:table =:table
EXPR: 0 | POS | INT | 22 | 3 | 57 | ((x-21)/12)=3 | x 21 - 12 / 3 = | x:table 21:table -:table 12:rest /:table 3:table =:table
EXPR: 0 | POS | INT | 22 | 3 | 84 | (21*12)=(3*x) | 21 12 * 3 x * = | 21:customer 12:rest *:customer 3:people x:customer *:customer =:customer
EXPR: 0 | POS | INT | 22 | 3 | 75 | x=(12+(21*3)) | x 12 21 3 * + = | x:table 12:table 21:table 3:people *:table +:table =:table
EXPR: 1 | POS | INT | 22 | 3 | 3 | 21=(12+(x*3)) | 21 12 x 3 * + = | 21:people 12:people x:table 3:people *:people +:people =:people
EXPR: 0 | POS | INT | 22 | 3 | 57 | 21=(x-(12*3)) | 21 x 12 3 * - = | 21:rest x:rest 12:rest 3:people *:rest -:rest =:rest
EXPR: 0 | POS | INT | 22 | 3 | 5 | (12-(21/3))=x | 12 21 3 / - x = | 12:rest 21:rest 3:people /:rest -:rest x:rest =:rest
EXPR: 0 | POS | INT | 22 | 3 | 25 | 21=(x-(12/3)) | 21 x 12 3 / - = | 21:customer x:customer 12:customer 3:people /:customer -:customer =:customer
EXPR: 0 | POS | INT | 22 | 3 | 17 | 21=(x+(12/3)) | 21 x 12 3 / + = | 21:customer x:customer 12:customer 3:people /:customer +:customer =:customer
EXPR: 0 | POS | INT | 22 | 3 | 75 | ((21*3)+12)=x | 21 3 * 12 + x = | 21:rest 3:people *:rest 12:rest +:rest x:rest =:rest
EXPR: 0 | POS | INT | 22 | 3 | 51 | 21=((x+12)/3) | 21 x 12 + 3 / = | 21:table x:table 12:table +:table 3:people /:table =:table
EXPR: 0 | POS | INT | 22 | 3 | 249 | ((21*12)-x)=3 | 21 12 * x - 3 = | 21:customer 12:rest *:rest x:rest -:rest 3:rest =:rest
EXPR: 0 | POS | INT | 22 | 3 | 75 | 21=((x-12)/3) | 21 x 12 - 3 / = | 21:table x:table 12:table -:table 3:people /:table =:table
EXPR: 0 | POS | INT | 22 | 3 | 288 | x=((21+3)*12) | x 21 3 + 12 * = | x:rest 21:people 3:people +:people 12:rest *:rest =:rest
EXPR: 0 | POS | INT | 22 | 3 | 19 | ((21/3)+12)=x | 21 3 / 12 + x = | 21:customer 3:people /:customer 12:customer +:customer x:customer =:customer
EXPR: 0 | POS | INT | 22 | 3 | 288 | 21=((x/12)-3) | 21 x 12 / 3 - = | 21:people x:people 12:rest /:people 3:people -:people =:people
EXPR: 0 | POS | INT | 22 | 3 | 216 | 21=((x/12)+3) | 21 x 12 / 3 + = | 21:people x:people 12:rest /:people 3:people +:people =:people
EXPR: 0 | POS | INT | 22 | 3 | 19 | x=((21/3)+12) | x 21 3 / 12 + = | x:table 21:table 3:people /:table 12:table +:table =:table
EXPR: 0 | POS | INT | 24 | 3 | 2 | ((12*x)-21)=3 | 12 x * 21 - 3 = | 12:rest x:table *:rest 21:rest -:rest 3:rest =:rest
EXPR: 0 | POS | INT | 24 | 3 | 11 | 21=((3*x)-12) | 21 3 x * 12 - = | 21:rest 3:people x:rest *:rest 12:rest -:rest =:rest
EXPR: 0 | POS | INT | 24 | 3 | 51 | ((x+12)/21)=3 | x 12 + 21 / 3 = | x:people 12:people +:people 21:customer /:people 3:people =:people
EXPR: 0 | POS | INT | 24 | 3 | 25 | (12/(x-21))=3 | 12 x 21 - / 3 = | 12:rest x:customer 21:customer -:customer /:rest 3:rest =:rest
EXPR: 0 | POS | INT | 24 | 3 | 2 | ((x*12)-21)=3 | x 12 * 21 - 3 = | x:customer 12:rest *:customer 21:customer -:customer 3:customer =:customer
EXPR: 1 | POS | INT | 24 | 3 | 3 | (21-(x*3))=12 | 21 x 3 * - 12 = | 21:people x:table 3:people *:people -:people 12:people =:people
EXPR: 0 | POS | INT | 24 | 3 | 25 | ((x-21)*3)=12 | x 21 - 3 * 12 = | x:rest 21:rest -:rest 3:people *:rest 12:rest =:rest
EXPR: 0 | POS | INT | 24 | 3 | 51 | 12=((21*3)-x) | 12 21 3 * x - = | 12:rest 21:customer 3:rest *:rest x:rest -:rest =:rest
EXPR: 0 | POS | INT | 24 | 3 | 11 | 21=((x*3)-12) | 21 x 3 * 12 - = | 21:people x:table 3:people *:people 12:people -:people =:people
EXPR: 0 | POS | INT | 24 | 3 | 25 | 12=((x-21)*3) | 12 x 21 - 3 * = | 12:people x:table 21:table -:table 3:people *:people =:people
EXPR: 0 | POS | INT | 24 | 3 | 75 | 12=(x-(21*3)) | 12 x 21 3 * - = | 12:customer x:customer 21:customer 3:people *:customer -:customer =:customer
EXPR: 1 | POS | INT | 24 | 3 | 3 | 12=(21-(x*3)) | 12 21 x 3 * - = | 12:people 21:people x:table 3:people *:people -:people =:people
EXPR: 0 | POS | INT | 24 | 3 | 216 | (x/(21-3))=12 | x 21 3 - / 12 = | x:table 21:customer 3:customer -:customer /:table 12:table =:table
EXPR: 0 | POS | INT | 24 | 3 | 51 | ((12+x)/21)=3 | 12 x + 21 / 3 = | 12:people x:people +:people 21:customer /:people 3:people =:people
EXPR: 0 | POS | INT | 24 | 3 | 17 | (12/(21-x))=3 | 12 21 x - / 3 = | 12:people 21:table x:table -:table /:people 3:people =:people
EXPR: 0 | POS | INT | 24 | 3 | 2 | ((21+3)/x)=12 | 21 3 + x / 12 = | 21:people 3:people +:people x:table /:people 12:people =:people
EXPR: 0 | POS | INT | 24 | 3 | 15 | ((21+x)/3)=12 | 21 x + 3 / 12 = | 21:table x:table +:table 3:people /:table 12:table =:table
EXPR: 0 | POS | INT | 25 | 3 | 15 | x=((12*3)-21) | x 12 3 * 21 - = | x:rest 12:rest 3:people *:rest 21:rest -:rest =:rest
EXPR: 0 | POS | INT | 25 | 3 | 15 | ((12*3)-21)=x | 12 3 * 21 - x = | 12:rest 3:people *:rest 21:rest -:rest x:rest =:rest
EXPR: 0 | POS | INT | 25 | 3 | 27 | (3*(21-12))=x | 3 21 12 - * x = | 3:people 21:customer 12:customer -:customer *:people x:people =:people
EXPR: 0 | POS | INT | 25 | 3 | 57 | ((12*3)+21)=x | 12 3 * 21 + x = | 12:table 3:people *:table 21:table +:table x:table =:table
EXPR: 0 | POS | INT | 25 | 3 | 189 | x=((12-3)*21) | x 12 3 - 21 * = | x:table 12:rest 3:rest -:rest 21:table *:table =:table
EXPR: 0 | POS | INT | 25 | 3 | 99 | (3*(21+12))=x | 3 21 12 + * x = | 3:table 21:customer 12:customer +:customer *:table x:table =:table
EXPR: 0 | POS | INT | 25 | 3 | 255 | x=(3+(21*12)) | x 3 21 12 * + = | x:table 3:table 21:customer 12:table *:table +:table =:table
EXPR: 0 | POS | INT | 25 | 3 | 255 | (3+(21*12))=x | 3 21 12 * + x = | 3:customer 21:customer 12:rest *:customer +:customer x:customer =:customer
EXPR: 0 | POS | INT | 25 | 3 | 57 | x=((12*3)+21) | x 12 3 * 21 + = | x:table 12:rest 3:table *:table 21:table +:table =:table
EXPR: 0 | POS | INT | 25 | 3 | 25 | x=((12/3)+21) | x 12 3 / 21 + = | x:table 12:table 3:people /:table 21:table +:table =:table
EXPR: 0 | POS | INT | 27 | 3 | 11 | 12=((x*3)-21) | 12 x 3 * 21 - = | 12:rest x:table 3:rest *:rest 21:rest -:rest =:rest
EXPR: 0 | POS | INT | 27 | 3 | 2 | ((x*12)-3)=21 | x 12 * 3 - 21 = | x:table 12:customer *:customer 3:customer -:customer 21:customer =:customer
EXPR: 0 | POS | INT | 27 | 3 | 11 | ((x*3)-21)=12 | x 3 * 21 - 12 = | x:table 3:customer *:customer 21:customer -:customer 12:customer =:customer
EXPR: 0 | POS | INT | 27 | 3 | 17 | (3*(21-x))=12 | 3 21 x - * 12 = | 3:people 21:table x:table -:table *:table 12:table =:table
EXPR: 0 | POS | INT | 27 | 3 | 15 | ((12*3)-x)=21 | 12 3 * x - 21 = | 12:table 3:people *:table x:table -:table 21:table =:table
EXPR: 1 | POS | INT | 27 | 3 | 3 | (12+(x*3))=21 | 12 x 3 * + 21 = | 12:customer x:table 3:customer *:customer +:customer 21:customer =:customer
EXPR: 0 | POS | INT | 27 | 3 | 19 | ((x-12)*3)=21 | x 12 - 3 * 21 = | x:table 12:table -:table 3:people *:people 21:people =:people
EXPR: 0 | POS | INT | 27 | 3 | 11 | 12=((3*x)-21) | 12 3 x * 21 - = | 12:rest 3:people x:rest *:rest 21:rest -:rest =:rest
EXPR: 0 | POS | INT | 27 | 3 | 11 | ((3*x)-21)=12 | 3 x * 21 - 12 = | 3:rest x:table *:rest 21:rest -:rest 12:rest =:rest
EXPR: 0 | POS | INT | 27 | 3 | 84 | (3*x)=(21*12) | 3 x * 21 12 * = | 3:rest x:table *:rest 21:customer 12:rest *:rest =:rest
EXPR: 0 | POS | INT | 27 | 3 | 99 | ((x/3)-21)=12 | x 3 / 21 - 12 = | x:rest 3:people /:rest 21:rest -:rest 12:rest =:rest
EXPR: 0 | POS | INT | 27 | 3 | 25 | (3*(x-21))=12 | 3 x 21 - * 12 = | 3:people x:customer 21:customer -:customer *:customer 12:customer =:customer
EXPR: 0 | POS | INT | 27 | 3 | 84 | (x*3)=(21*12) | x 3 * 21 12 * = | x:rest 3:people *:rest 21:customer 12:rest *:rest =:rest
EXPR: 0 | POS | INT | 27 | 3 | 249 | 3=((21*12)-x) | 3 21 12 * x - = | 3:customer 21:customer 12:rest *:customer x:customer -:customer =:customer
EXPR: 0 | POS | INT | 29 | 3 | 11 | ((3*x)-12)=21 | 3 x * 12 - 21 = | 3:people x:customer *:customer 12:customer -:customer 21:customer =:customer
EXPR: 0 | POS | INT | 29 | 3 | 2 | 3=((x*12)-21) | 3 x 12 * 21 - = | 3:people x:people 12:rest *:people 21:people -:people =:people
EXPR: 0 | POS | INT | 29 | 3 | 249 | ((x+3)/12)=21 | x 3 + 12 / 21 = | x:table 3:table +:table 12:rest /:table 21:table =:table
EXPR: 0 | POS | INT | 29 | 3 | 11 | ((x*3)-12)=21 | x 3 * 12 - 21 = | x:table 3:rest *:rest 12:rest -:rest 21:rest =:rest
EXPR: 0 | POS | INT | 29 | 3 | 19 | (3*(x-12))=21 | 3 x 12 - * 21 = | 3:people x:rest 12:rest -:rest *:rest 21:rest =:rest
EXPR: 1 | POS | INT | 29 | 3 | 3 | ((3*x)+12)=21 | 3 x * 12 + 21 = | 3:people x:table *:table 12:table +:table 21:table =:table
EXPR: 1 | POS | INT | 29 | 3 | 3 | ((x*3)+12)=21 | x 3 * 12 + 21 = | x:table 3:people *:people 12:people +:people 21:people =:people
EXPR: 0 | POS | INT | 30 | 3 | 11 | x=((21+12)/3) | x 21 12 + 3 / = | x:rest 21:rest 12:rest +:rest 3:customer /:rest =:rest
EXPR: 0 | POS | INT | 30 | 3 | 12 | ((21-12)+3)=x | 21 12 - 3 + x = | 21:table 12:table -:table 3:table +:table x:table =:table
EXPR: 0 | POS | INT | 30 | 3 | 30 | ((21+12)-3)=x | 21 12 + 3 - x = | 21:customer 12:customer +:customer 3:customer -:customer x:customer =:customer
EXPR: 0 | POS | INT | 32 | 3 | 2 | 21=((12*x)-3) | 21 12 x * 3 - = | 21:customer 12:customer x:people *:customer 3:customer -:customer =:customer
EXPR: 0 | POS | INT | 32 | 3 | 30 | x=(21-(3-12)) | x 21 3 12 - - = | x:people 21:people 3:people 12:people -:people -:people =:people
EXPR: 0 | POS | INT | 32 | 3 | 12 | x=(21+(3-12)) | x 21 3 12 - + = | x:people 21:people 3:people 12:people -:people +:people =:people
EXPR: 0 | POS | INT | 32 | 3 | 36 | x=(12+(21+3)) | x 12 21 3 + + = | x:customer 12:customer 21:customer 3:customer +:customer +:customer =:customer
EXPR: 0 | POS | INT | 32 | 3 | 12 | (21+(3-12))=x | 21 3 12 - + x = | 21:people 3:people 12:people -:people +:people x:people =:people
EXPR: 0 | POS | INT | 32 | 3 | 12 | ((21+3)-12)=x | 21 3 + 12 - x = | 21:table 3:table +:table 12:table -:table x:table =:table
EXPR: 0 | POS | INT | 32 | 3 | 2 | ((21+3)/12)=x | 21 3 + 12 / x = | 21:table 3:table +:table 12:people /:table x:table =:table
EXPR: 0 | POS | INT | 32 | 3 | 216 | (21-(x/12))=3 | 21 x 12 / - 3 = | 21:people x:people 12:table /:people -:people 3:people =:people
EXPR: 0 | POS | INT | 34 | 3 | 17 | 12=((21-x)*3) | 12 21 x - 3 * = | 12:rest 21:people x:people -:people 3:rest *:rest =:rest
EXPR: 0 | POS | INT | 34 | 3 | 36 | 12=((x-21)-3) | 12 x 21 - 3 - = | 12:people x:people 21:people -:people 3:people -:people =:people
EXPR: 0 | POS | INT | 34 | 3 | 30 | 12=((x-21)+3) | 12 x 21 - 3 + = | 12:people x:people 21:people -:people 3:people +:people =:people
EXPR: 0 | POS | INT | 34 | 3 | 756 | (21*3)=(x/12) | 21 3 * x 12 / = | 21:customer 3:table *:table x:table 12:people /:table =:table
EXPR: 0 | POS | INT | 34 | 3 | 17 | ((21-x)*3)=12 | 21 x - 3 * 12 = | 21:customer x:customer -:customer 3:rest *:customer 12:customer =:customer
EXPR: 0 | POS | INT | 34 | 3 | 75 | (x-(21*3))=12 | x 21 3 * - 12 = | x:customer 21:customer 3:table *:customer -:customer 12:customer =:customer
EXPR: 0 | POS | INT | 34 | 3 | 756 | (x/12)=(21*3) | x 12 / 21 3 * = | x:people 12:rest /:people 21:table 3:people *:people =:people
EXPR: 0 | POS | INT | 34 | 3 | 84 | (21/x)=(3/12) | 21 x / 3 12 / = | 21:customer x:people /:customer 3:customer 12:rest /:customer =:customer
EXPR: 0 | POS | INT | 34 | 3 | 6 | (21-(3+x))=12 | 21 3 x + - 12 = | 21:table 3:table x:table +:table -:table 12:table =:table
EXPR: 0 | POS | INT | 34 | 3 | 19 | (x-(21/3))=12 | x 21 3 / - 12 = | x:customer 21:customer 3:rest /:customer -:customer 12:customer =:customer
EXPR: 0 | POS | INT | 34 | 3 | 5 | (x+(21/3))=12 | x 21 3 / + 12 = | x:customer 21:customer 3:rest /:customer +:customer 12:customer =:customer
EXPR: 0 | POS | INT | 34 | 3 | 315 | ((x/21)-3)=12 | x 21 / 3 - 12 = | x:rest 21:people /:rest 3:rest -:rest 12:rest =:rest
EXPR: 0 | POS | INT | 34 | 3 | 189 | ((x/21)+3)=12 | x 21 / 3 + 12 = | x:rest 21:table /:rest 3:rest +:rest 12:rest =:rest
EXPR: 0 | POS | INT | 34 | 3 | 189 | (12-(x/21))=3 | 12 x 21 / - 3 = | 12:people x:people 21:rest /:people -:people 3:people =:people
EXPR: 0 | POS | INT | 34 | 3 | 255 | 21=((x-3)/12) | 21 x 3 - 12 / = | 21:table x:table 3:table -:table 12:people /:table =:table
EXPR: 0 | POS | INT | 34 | 3 | 216 | 21=(3+(x/12)) | 21 3 x 12 / + = | 21:customer 3:customer x:customer 12:people /:customer +:customer =:customer
EXPR: 1 | POS | INT | 34 | 3 | 3 | 12=(21-(3*x)) | 12 21 3 x * - = | 12:rest 21:rest 3:table x:rest *:rest -:rest =:rest
EXPR: 0 | POS | INT | 35 | 3 | 315 | x=((12+3)*21) | x 12 3 + 21 * = | x:rest 12:rest 3:rest +:rest 21:people *:rest =:rest
EXPR: 0 | POS | INT | 35 | 3 | 315 | ((12+3)*21)=x | 12 3 + 21 * x = | 12:rest 3:rest +:rest 21:people *:rest x:rest =:rest
EXPR: 1 | POS | INT | 37 | 3 | 3 | (12+(3*x))=21 | 12 3 x * + 21 = | 12:table 3:customer x:table *:table +:table 21:table =:table
EXPR: 0 | POS | INT | 37 | 3 | 255 | 3=(x-(21*12)) | 3 x 21 12 * - = | 3:people x:people 21:rest 12:people *:people -:people =:people
EXPR: 0 | POS | INT | 37 | 3 | 5 | ((12-x)*3)=21 | 12 x - 3 * 21 = | 12:customer x:customer -:customer 3:rest *:customer 21:customer =:customer
EXPR: 0 | POS | INT | 37 | 3 | 12 | (12+(x-3))=21 | 12 x 3 - + 21 = | 12:people x:people 3:people -:people +:people 21:people =:people
EXPR: 0 | POS | INT | 37 | 3 | 12 | (12-(3-x))=21 | 12 3 x - - 21 = | 12:customer 3:customer x:customer -:customer -:customer 21:customer =:customer
EXPR: 0 | POS | INT | 37 | 3 | 12 | x=(3-(12-21)) | x 3 12 21 - - = | x:customer 3:customer 12:customer 21:customer -:customer -:customer =:customer
EXPR: 0 | POS | INT | 37 | 3 | 30 | 3=((21+12)-x) | 3 21 12 + x - = | 3:table 21:table 12:table +:table x:table -:table =:table
EXPR: 0 | POS | INT | 37 | 3 | 6 | 3=(21-(12+x)) | 3 21 12 x + - = | 3:people 21:people 12:people x:people +:people -:people =:people
EXPR: 0 | POS | INT | 37 | 3 | 30 | 3=(21+(12-x)) | 3 21 12 x - + = | 3:people 21:people 12:people x:people -:people +:people =:people
EXPR: 0 | POS | INT | 37 | 3 | 6 | (12+(x+3))=21 | 12 x 3 + + 21 = | 12:table x:table 3:table +:table +:table 21:table =:table
EXPR: 0 | POS | INT | 37 | 3 | 30 | ((3-21)+x)=12 | 3 21 - x + 12 = | 3:customer 21:customer -:customer x:customer +:customer 12:customer =:customer
EXPR: 0 | POS | INT | 37 | 3 | 99 | (x/3)=(21+12) | x 3 / 21 12 + = | x:rest 3:people /:rest 21:rest 12:rest +:rest =:rest
EXPR: 0 | POS | INT | 37 | 3 | 189 | (x/(12-3))=21 | x 12 3 - / 21 = | x:table 12:customer 3:customer -:customer /:table 21:table =:table
EXPR: 0 | POS | INT | 37 | 3 | 756 | (x/3)=(21*12) | x 3 / 21 12 * = | x:table 3:people /:table 21:people 12:table *:table =:table
EXPR: 0 | POS | INT | 37 | 3 | 51 | ((12+x)/3)=21 | 12 x + 3 / 21 = | 12:rest x:rest +:rest 3:customer /:rest 21:rest =:rest
EXPR: 0 | POS | INT | 37 | 3 | 249 | 12=((x+3)/21) | 12 x 3 + 21 / = | 12:table x:table 3:table +:table 21:people /:table =:table
EXPR: 0 | POS | INT | 39 | 3 | 30 | ((x+3)-12)=21 | x 3 + 12 - 21 = | x:people 3:people +:people 12:people -:people 21:people =:people
NET 164 unique, non-negative, integer-valued solutions found out of 1000 total solutions
