parameters: n=7 l=3 k=1 p=5 q=2 m=9
TOTAL 1000 solutions found
SOLN: CORRECT | POS/NEG | INT/FRA | OBJ-SCORE | TRUE-ANS | ANS | INFIX | POSTFIX | TYPED-POSTFIX
EXPR: 0 | POS | INT | 0 | 5 | 80 | x=((25+15)*2) | x 25 15 + 2 * = | x:student 25:student 15:student +:student 2:group *:student =:student
EXPR: 0 | POS | INT | 0 | 5 | 20 | x=((25+15)/2) | x 25 15 + 2 / = | x:student 25:student 15:student +:student 2:group /:student =:student
EXPR: 1 | POS | INT | 0 | 5 | 5 | x=((25-15)/2) | x 25 15 - 2 / = | x:student 25:student 15:student -:student 2:group /:student =:student
EXPR: 1 | POS | INT | 0 | 5 | 5 | ((25-15)/2)=x | 25 15 - 2 / x = | 25:student 15:student -:student 2:group /:student x:student =:student
EXPR: 0 | POS | INT | 0 | 5 | 55 | x=(25+(15*2)) | x 25 15 2 * + = | x:student 25:student 15:student 2:group *:student +:student =:student
EXPR: 0 | POS | INT | 0 | 5 | 20 | ((25-15)*2)=x | 25 15 - 2 * x = | 25:student 15:student -:student 2:group *:student x:student =:student
EXPR: 0 | POS | INT | 0 | 5 | 20 | x=((25-15)*2) | x 25 15 - 2 * = | x:student 25:student 15:student -:student 2:group *:student =:student
EXPR: 0 | POS | INT | 0 | 5 | 20 | ((25+15)/2)=x | 25 15 + 2 / x = | 25:student 15:student +:student 2:group /:student x:student =:student
EXPR: 0 | POS | INT | 0 | 5 | 80 | ((25+15)*2)=x | 25 15 + 2 * x = | 25:student 15:student +:student 2:group *:student x:student =:student
EXPR: 0 | POS | INT | 0 | 5 | 55 | (25+(15*2))=x | 25 15 2 * + x = | 25:student 15:student 2:group *:student +:student x:student =:student
EXPR: 0 | POS | INT | 2 | 5 | 35 | x=((25*2)-15) | x 25 2 * 15 - = | x:student 25:student 2:group *:student 15:student -:student =:student
EXPR: 0 | POS | INT | 2 | 5 | 65 | x=((25*2)+15) | x 25 2 * 15 + = | x:student 25:student 2:group *:student 15:student +:student =:student
EXPR: 1 | POS | INT | 2 | 5 | 5 | 25=((15*2)-x) | 25 15 2 * x - = | 25:student 15:student 2:group *:student x:student -:student =:student
EXPR: 0 | POS | INT | 2 | 5 | 55 | 25=(x-(15*2)) | 25 x 15 2 * - = | 25:student x:student 15:student 2:group *:student -:student =:student
EXPR: 0 | POS | INT | 2 | 5 | 65 | ((25*2)+15)=x | 25 2 * 15 + x = | 25:student 2:group *:student 15:student +:student x:student =:student
EXPR: 0 | POS | INT | 2 | 5 | 65 | x=(15+(25*2)) | x 15 25 2 * + = | x:student 15:student 25:student 2:group *:student +:student =:student
EXPR: 0 | POS | INT | 2 | 5 | 35 | ((25*2)-15)=x | 25 2 * 15 - x = | 25:student 2:group *:student 15:student -:student x:student =:student
EXPR: 0 | POS | INT | 2 | 5 | 65 | (15+(25*2))=x | 15 25 2 * + x = | 15:student 25:student 2:group *:student +:student x:student =:student
EXPR: 0 | POS | INT | 2 | 5 | 35 | 25=((x+15)/2) | 25 x 15 + 2 / = | 25:student x:student 15:student +:student 2:group /:student =:student
EXPR: 0 | POS | INT | 2 | 5 | 35 | 25=((15+x)/2) | 25 15 x + 2 / = | 25:student 15:student x:student +:student 2:group /:student =:student
EXPR: 0 | POS | INT | 2 | 5 | 65 | 25=((x-15)/2) | 25 x 15 - 2 / = | 25:student x:student 15:student -:student 2:group /:student =:student
EXPR: 1 | POS | INT | 2 | 5 | 5 | 25=(15+(2*x)) | 25 15 2 x * + = | 25:student 15:student 2:group x:student *:student +:student =:student
EXPR: 1 | POS | INT | 2 | 5 | 5 | 25=(15+(x*2)) | 25 15 x 2 * + = | 25:student 15:student x:student 2:group *:student +:student =:student
EXPR: 0 | POS | INT | 2 | 5 | 20 | 25=(15+(x/2)) | 25 15 x 2 / + = | 25:student 15:student x:student 2:group /:student +:student =:student
EXPR: 1 | POS | INT | 4 | 5 | 5 | 15=((x+25)/2) | 15 x 25 + 2 / = | 15:student x:student 25:student +:student 2:group /:student =:student
EXPR: 1 | POS | INT | 4 | 5 | 5 | 25=((x*2)+15) | 25 x 2 * 15 + = | 25:student x:student 2:group *:student 15:student +:student =:student
EXPR: 1 | POS | INT | 4 | 5 | 5 | ((x+25)/2)=15 | x 25 + 2 / 15 = | x:student 25:student +:student 2:group /:student 15:student =:student
EXPR: 1 | POS | INT | 4 | 5 | 5 | (25-(2*x))=15 | 25 2 x * - 15 = | 25:student 2:group x:student *:student -:student 15:student =:student
EXPR: 0 | POS | INT | 4 | 5 | 65 | 15=(x-(25*2)) | 15 x 25 2 * - = | 15:student x:student 25:student 2:group *:student -:student =:student
EXPR: 1 | POS | INT | 4 | 5 | 5 | 15=(25-(2*x)) | 15 25 2 x * - = | 15:student 25:student 2:group x:student *:student -:student =:student
EXPR: 1 | POS | INT | 4 | 5 | 5 | 15=(25-(x*2)) | 15 25 x 2 * - = | 15:student 25:student x:student 2:group *:student -:student =:student
EXPR: 0 | POS | INT | 4 | 5 | 20 | 15=(25-(x/2)) | 15 25 x 2 / - = | 15:student 25:student x:student 2:group /:student -:student =:student
EXPR: 0 | POS | INT | 4 | 5 | 20 | 25=((2*x)-15) | 25 2 x * 15 - = | 25:student 2:group x:student *:student 15:student -:student =:student
EXPR: 0 | POS | INT | 4 | 5 | 35 | 15=((25*2)-x) | 15 25 2 * x - = | 15:student 25:student 2:group *:student x:student -:student =:student
EXPR: 0 | POS | INT | 4 | 5 | 80 | 25=((x/2)-15) | 25 x 2 / 15 - = | 25:student x:student 2:group /:student 15:student -:student =:student
EXPR: 1 | POS | INT | 4 | 5 | 5 | (25-(x*2))=15 | 25 x 2 * - 15 = | 25:student x:student 2:group *:student -:student 15:student =:student
EXPR: 1 | POS | INT | 4 | 5 | 5 | ((25+x)/2)=15 | 25 x + 2 / 15 = | 25:student x:student +:student 2:group /:student 15:student =:student
EXPR: 0 | POS | INT | 4 | 5 | 20 | 25=((x/2)+15) | 25 x 2 / 15 + = | 25:student x:student 2:group /:student 15:student +:student =:student
EXPR: 0 | POS | INT | 4 | 5 | 35 | ((25*2)-x)=15 | 25 2 * x - 15 = | 25:student 2:group *:student x:student -:student 15:student =:student
EXPR: 0 | POS | INT | 4 | 5 | 65 | (x-(25*2))=15 | x 25 2 * - 15 = | x:student 25:student 2:group *:student -:student 15:student =:student
EXPR: 0 | POS | INT | 4 | 5 | 55 | ((x-25)/2)=15 | x 25 - 2 / 15 = | x:student 25:student -:student 2:group /:student 15:student =:student
EXPR: 0 | POS | INT | 4 | 5 | 20 | (25-(x/2))=15 | 25 x 2 / - 15 = | 25:student x:student 2:group /:student -:student 15:student =:student
EXPR: 0 | POS | INT | 4 | 5 | 20 | 25=((x*2)-15) | 25 x 2 * 15 - = | 25:student x:student 2:group *:student 15:student -:student =:student
EXPR: 0 | POS | INT | 4 | 5 | 55 | 15=((x-25)/2) | 15 x 25 - 2 / = | 15:student x:student 25:student -:student 2:group /:student =:student
EXPR: 1 | POS | INT | 4 | 5 | 5 | 15=((25+x)/2) | 15 25 x + 2 / = | 15:student 25:student x:student +:student 2:group /:student =:student
EXPR: 1 | POS | INT | 4 | 5 | 5 | 25=((2*x)+15) | 25 2 x * 15 + = | 25:student 2:group x:student *:student 15:student +:student =:student
EXPR: 0 | POS | INT | 5 | 5 | 55 | ((15*2)+25)=x | 15 2 * 25 + x = | 15:student 2:group *:student 25:student +:student x:student =:student
EXPR: 1 | POS | INT | 5 | 5 | 5 | ((15*2)-25)=x | 15 2 * 25 - x = | 15:student 2:group *:student 25:student -:student x:student =:student
EXPR: 0 | POS | INT | 5 | 5 | 20 | (2*(25-15))=x | 2 25 15 - * x = | 2:group 25:student 15:student -:student *:student x:student =:student
EXPR: 0 | POS | INT | 5 | 5 | 80 | (2*(25+15))=x | 2 25 15 + * x = | 2:group 25:student 15:student +:student *:student x:student =:student
EXPR: 1 | POS | INT | 5 | 5 | 5 | x=((15*2)-25) | x 15 2 * 25 - = | x:student 15:student 2:group *:student 25:student -:student =:student
EXPR: 0 | POS | INT | 5 | 5 | 80 | x=(2*(25+15)) | x 2 25 15 + * = | x:student 2:group 25:student 15:student +:student *:student =:student
EXPR: 0 | POS | INT | 5 | 5 | 20 | x=(2*(25-15)) | x 2 25 15 - * = | x:student 2:group 25:student 15:student -:student *:student =:student
EXPR: 0 | POS | INT | 5 | 5 | 55 | x=((15*2)+25) | x 15 2 * 25 + = | x:student 15:student 2:group *:student 25:student +:student =:student
EXPR: 1 | POS | INT | 7 | 5 | 5 | (15+(x*2))=25 | 15 x 2 * + 25 = | 15:student x:student 2:group *:student +:student 25:student =:student
EXPR: 1 | POS | INT | 7 | 5 | 5 | (15+(2*x))=25 | 15 2 x * + 25 = | 15:student 2:group x:student *:student +:student 25:student =:student
EXPR: 0 | POS | INT | 7 | 5 | 20 | ((x*2)-25)=15 | x 2 * 25 - 15 = | x:student 2:group *:student 25:student -:student 15:student =:student
EXPR: 0 | POS | INT | 7 | 5 | 20 | 15=((2*x)-25) | 15 2 x * 25 - = | 15:student 2:group x:student *:student 25:student -:student =:student
EXPR: 0 | POS | INT | 7 | 5 | 35 | ((15+x)/2)=25 | 15 x + 2 / 25 = | 15:student x:student +:student 2:group /:student 25:student =:student
EXPR: 0 | POS | INT | 7 | 5 | 80 | ((x/2)-25)=15 | x 2 / 25 - 15 = | x:student 2:group /:student 25:student -:student 15:student =:student
EXPR: 1 | POS | INT | 7 | 5 | 5 | ((15*2)-x)=25 | 15 2 * x - 25 = | 15:student 2:group *:student x:student -:student 25:student =:student
EXPR: 0 | POS | INT | 7 | 5 | 55 | (x-(15*2))=25 | x 15 2 * - 25 = | x:student 15:student 2:group *:student -:student 25:student =:student
EXPR: 0 | POS | INT | 7 | 5 | 20 | (15+(x/2))=25 | 15 x 2 / + 25 = | 15:student x:student 2:group /:student +:student 25:student =:student
EXPR: 0 | POS | INT | 7 | 5 | 80 | 15=((x/2)-25) | 15 x 2 / 25 - = | 15:student x:student 2:group /:student 25:student -:student =:student
EXPR: 0 | POS | INT | 7 | 5 | 35 | ((x+15)/2)=25 | x 15 + 2 / 25 = | x:student 15:student +:student 2:group /:student 25:student =:student
EXPR: 0 | POS | INT | 7 | 5 | 20 | 15=((x*2)-25) | 15 x 2 * 25 - = | 15:student x:student 2:group *:student 25:student -:student =:student
EXPR: 0 | POS | INT | 7 | 5 | 65 | ((x-15)/2)=25 | x 15 - 2 / 25 = | x:student 15:student -:student 2:group /:student 25:student =:student
EXPR: 0 | POS | INT | 7 | 5 | 20 | ((2*x)-25)=15 | 2 x * 25 - 15 = | 2:group x:student *:student 25:student -:student 15:student =:student
EXPR: 0 | POS | INT | 9 | 5 | 20 | ((x*2)-15)=25 | x 2 * 15 - 25 = | x:student 2:group *:student 15:student -:student 25:student =:student
EXPR: 1 | POS | INT | 9 | 5 | 5 | ((x*2)+15)=25 | x 2 * 15 + 25 = | x:student 2:group *:student 15:student +:student 25:student =:student
EXPR: 0 | POS | INT | 9 | 5 | 80 | ((x/2)-15)=25 | x 2 / 15 - 25 = | x:student 2:group /:student 15:student -:student 25:student =:student
EXPR: 0 | POS | INT | 9 | 5 | 20 | ((x/2)+15)=25 | x 2 / 15 + 25 = | x:student 2:group /:student 15:student +:student 25:student =:student
EXPR: 0 | POS | INT | 9 | 5 | 20 | ((2*x)-15)=25 | 2 x * 15 - 25 = | 2:group x:student *:student 15:student -:student 25:student =:student
EXPR: 1 | POS | INT | 9 | 5 | 5 | ((2*x)+15)=25 | 2 x * 15 + 25 = | 2:group x:student *:student 15:student +:student 25:student =:student
EXPR: 0 | POS | INT | 10 | 5 | 12 | ((25-15)+2)=x | 25 15 - 2 + x = | 25:student 15:student -:student 2:student +:student x:student =:student
EXPR: 0 | POS | INT | 10 | 5 | 38 | (25+(15-2))=x | 25 15 2 - + x = | 25:student 15:student 2:student -:student +:student x:student =:student
EXPR: 0 | POS | INT | 10 | 5 | 325 | (25*(15-2))=x | 25 15 2 - * x = | 25:student 15:group 2:group -:group *:student x:student =:student
EXPR: 0 | POS | INT | 10 | 5 | 12 | (25-(15-2))=x | 25 15 2 - - x = | 25:student 15:student 2:student -:student -:student x:student =:student
EXPR: 0 | POS | INT | 10 | 5 | 42 | (25+(15+2))=x | 25 15 2 + + x = | 25:student 15:student 2:student +:student +:student x:student =:student
EXPR: 0 | POS | INT | 10 | 5 | 425 | (25*(15+2))=x | 25 15 2 + * x = | 25:student 15:group 2:group +:group *:student x:student =:student
EXPR: 0 | POS | INT | 10 | 5 | 38 | ((25+15)-2)=x | 25 15 + 2 - x = | 25:student 15:student +:student 2:student -:student x:student =:student
EXPR: 0 | POS | INT | 10 | 5 | 8 | ((25-15)-2)=x | 25 15 - 2 - x = | 25:student 15:student -:student 2:student -:student x:student =:student
EXPR: 0 | POS | INT | 10 | 5 | 42 | ((25+15)+2)=x | 25 15 + 2 + x = | 25:student 15:student +:student 2:student +:student x:student =:student
EXPR: 0 | POS | INT | 10 | 5 | 42 | x=((25+15)+2) | x 25 15 + 2 + = | x:student 25:student 15:student +:student 2:student +:student =:student
EXPR: 0 | POS | INT | 10 | 5 | 12 | x=((25-15)+2) | x 25 15 - 2 + = | x:student 25:student 15:student -:student 2:student +:student =:student
EXPR: 0 | POS | INT | 10 | 5 | 425 | x=(25*(15+2)) | x 25 15 2 + * = | x:student 25:student 15:group 2:group +:group *:student =:student
EXPR: 0 | POS | INT | 10 | 5 | 325 | x=(25*(15-2)) | x 25 15 2 - * = | x:student 25:student 15:group 2:group -:group *:student =:student
EXPR: 0 | POS | INT | 10 | 5 | 38 | x=((25+15)-2) | x 25 15 + 2 - = | x:student 25:student 15:student +:student 2:student -:student =:student
EXPR: 0 | POS | INT | 10 | 5 | 8 | x=((25-15)-2) | x 25 15 - 2 - = | x:student 25:student 15:student -:student 2:student -:student =:student
EXPR: 0 | POS | INT | 10 | 5 | 8 | (25-(15+2))=x | 25 15 2 + - x = | 25:student 15:student 2:student +:student -:student x:student =:student
EXPR: 0 | POS | INT | 10 | 5 | 8 | x=(25-(15+2)) | x 25 15 2 + - = | x:student 25:student 15:student 2:student +:student -:student =:student
EXPR: 0 | POS | INT | 10 | 5 | 12 | x=(25-(15-2)) | x 25 15 2 - - = | x:student 25:student 15:student 2:student -:student -:student =:student
EXPR: 0 | POS | INT | 10 | 5 | 38 | x=(25+(15-2)) | x 25 15 2 - + = | x:student 25:student 15:student 2:student -:student +:student =:student
EXPR: 0 | POS | INT | 10 | 5 | 42 | x=(25+(15+2)) | x 25 15 2 + + = | x:student 25:student 15:student 2:student +:student +:student =:student
EXPR: 0 | POS | INT | 12 | 5 | 38 | ((25+15)-x)=2 | 25 15 + x - 2 = | 25:student 15:student +:student x:student -:student 2:student =:student
EXPR: 0 | POS | INT | 12 | 5 | 405 | (15*(25+2))=x | 15 25 2 + * x = | 15:student 25:group 2:group +:group *:student x:student =:student
EXPR: 0 | POS | INT | 12 | 5 | 8 | x=((25-2)-15) | x 25 2 - 15 - = | x:student 25:student 2:student -:student 15:student -:student =:student
EXPR: 0 | POS | INT | 12 | 5 | 12 | (25+(2-15))=x | 25 2 15 - + x = | 25:student 2:student 15:student -:student +:student x:student =:student
EXPR: 0 | POS | INT | 12 | 5 | 12 | 25=((x+15)-2) | 25 x 15 + 2 - = | 25:student x:student 15:student +:student 2:student -:student =:student
EXPR: 0 | POS | INT | 12 | 5 | 405 | x=((25+2)*15) | x 25 2 + 15 * = | x:student 25:group 2:group +:group 15:student *:student =:student
EXPR: 0 | POS | INT | 12 | 5 | 38 | (25-(2-15))=x | 25 2 15 - - x = | 25:student 2:student 15:student -:student -:student x:student =:student
EXPR: 0 | POS | INT | 12 | 5 | 12 | 25=((15+x)-2) | 25 15 x + 2 - = | 25:student 15:student x:student +:student 2:student -:student =:student
EXPR: 0 | POS | INT | 12 | 5 | 8 | 25=((15+x)+2) | 25 15 x + 2 + = | 25:student 15:student x:student +:student 2:student +:student =:student
EXPR: 0 | POS | INT | 12 | 5 | 8 | (25-(x+15))=2 | 25 x 15 + - 2 = | 25:student x:student 15:student +:student -:student 2:student =:student
EXPR: 0 | POS | INT | 12 | 5 | 8 | 25=((x+15)+2) | 25 x 15 + 2 + = | 25:student x:student 15:student +:student 2:student +:student =:student
EXPR: 0 | POS | INT | 12 | 5 | 8 | ((25-15)-x)=2 | 25 15 - x - 2 = | 25:student 15:student -:student x:student -:student 2:student =:student
EXPR: 0 | POS | INT | 12 | 5 | 8 | ((25-2)-15)=x | 25 2 - 15 - x = | 25:student 2:student -:student 15:student -:student x:student =:student
EXPR: 0 | POS | INT | 12 | 5 | 8 | ((25-x)-15)=2 | 25 x - 15 - 2 = | 25:student x:student -:student 15:student -:student 2:student =:student
EXPR: 0 | POS | INT | 12 | 5 | 42 | 25=((x-15)-2) | 25 x 15 - 2 - = | 25:student x:student 15:student -:student 2:student -:student =:student
EXPR: 0 | POS | INT | 12 | 5 | 8 | (25-(15+x))=2 | 25 15 x + - 2 = | 25:student 15:student x:student +:student -:student 2:student =:student
EXPR: 0 | POS | INT | 12 | 5 | 12 | x=((25+2)-15) | x 25 2 + 15 - = | x:student 25:student 2:student +:student 15:student -:student =:student
EXPR: 0 | POS | INT | 12 | 5 | 42 | ((25+2)+15)=x | 25 2 + 15 + x = | 25:student 2:student +:student 15:student +:student x:student =:student
EXPR: 0 | POS | INT | 12 | 5 | 38 | (15+(25-2))=x | 15 25 2 - + x = | 15:student 25:student 2:student -:student +:student x:student =:student
EXPR: 0 | POS | INT | 12 | 5 | 38 | (25-(x-15))=2 | 25 x 15 - - 2 = | 25:student x:student 15:student -:student -:student 2:student =:student
EXPR: 0 | POS | INT | 12 | 5 | 38 | x=((25-2)+15) | x 25 2 - 15 + = | x:student 25:student 2:student -:student 15:student +:student =:student
EXPR: 0 | POS | INT | 12 | 5 | 42 | x=((25+2)+15) | x 25 2 + 15 + = | x:student 25:student 2:student +:student 15:student +:student =:student
EXPR: 0 | POS | INT | 12 | 5 | 12 | 25=(15+(x-2)) | 25 15 x 2 - + = | 25:student 15:student x:student 2:student -:student +:student =:student
EXPR: 0 | POS | INT | 12 | 5 | 405 | x=(15*(25+2)) | x 15 25 2 + * = | x:student 15:student 25:group 2:group +:group *:student =:student
EXPR: 0 | POS | INT | 12 | 5 | 345 | (15*(25-2))=x | 15 25 2 - * x = | 15:student 25:group 2:group -:group *:student x:student =:student
EXPR: 0 | POS | INT | 12 | 5 | 345 | x=(15*(25-2)) | x 15 25 2 - * = | x:student 15:student 25:group 2:group -:group *:student =:student
EXPR: 0 | POS | INT | 12 | 5 | 12 | ((25+2)-15)=x | 25 2 + 15 - x = | 25:student 2:student +:student 15:student -:student x:student =:student
EXPR: 0 | POS | INT | 12 | 5 | 42 | (15+(25+2))=x | 15 25 2 + + x = | 15:student 25:student 2:student +:student +:student x:student =:student
EXPR: 0 | POS | INT | 12 | 5 | 8 | 25=(15+(x+2)) | 25 15 x 2 + + = | 25:student 15:student x:student 2:student +:student +:student =:student
EXPR: 0 | POS | INT | 12 | 5 | 12 | 25=((15-2)+x) | 25 15 2 - x + = | 25:student 15:student 2:student -:student x:student +:student =:student
EXPR: 0 | POS | INT | 12 | 5 | 42 | (x-(25+15))=2 | x 25 15 + - 2 = | x:student 25:student 15:student +:student -:student 2:student =:student
EXPR: 0 | POS | INT | 12 | 5 | 38 | ((25-2)+15)=x | 25 2 - 15 + x = | 25:student 2:student -:student 15:student +:student x:student =:student
EXPR: 0 | POS | INT | 12 | 5 | 38 | 25=((x-15)+2) | 25 x 15 - 2 + = | 25:student x:student 15:student -:student 2:student +:student =:student
EXPR: 0 | POS | INT | 12 | 5 | 345 | ((25-2)*15)=x | 25 2 - 15 * x = | 25:group 2:group -:group 15:student *:student x:student =:student
EXPR: 0 | POS | INT | 12 | 5 | 12 | (x-(25-15))=2 | x 25 15 - - 2 = | x:student 25:student 15:student -:student -:student 2:student =:student
EXPR: 0 | POS | INT | 12 | 5 | 8 | 25=(15+(2+x)) | 25 15 2 x + + = | 25:student 15:student 2:student x:student +:student +:student =:student
EXPR: 0 | POS | INT | 12 | 5 | 425 | 25=(x/(15+2)) | 25 x 15 2 + / = | 25:student x:student 15:group 2:group +:group /:student =:student
EXPR: 0 | POS | INT | 12 | 5 | 42 | 25=(x-(15+2)) | 25 x 15 2 + - = | 25:student x:student 15:student 2:student +:student -:student =:student
EXPR: 0 | POS | INT | 12 | 5 | 38 | ((25-x)+15)=2 | 25 x - 15 + 2 = | 25:student x:student -:student 15:student +:student 2:student =:student
EXPR: 0 | POS | INT | 12 | 5 | 325 | 25=(x/(15-2)) | 25 x 15 2 - / = | 25:student x:student 15:group 2:group -:group /:student =:student
EXPR: 0 | POS | INT | 12 | 5 | 38 | (25+(15-x))=2 | 25 15 x - + 2 = | 25:student 15:student x:student -:student +:student 2:student =:student
EXPR: 0 | POS | INT | 12 | 5 | 38 | 25=(x-(15-2)) | 25 x 15 2 - - = | 25:student x:student 15:student 2:student -:student -:student =:student
EXPR: 0 | POS | INT | 12 | 5 | 12 | 25=(15-(2-x)) | 25 15 2 x - - = | 25:student 15:student 2:student x:student -:student -:student =:student
EXPR: 0 | POS | INT | 12 | 5 | 405 | ((25+2)*15)=x | 25 2 + 15 * x = | 25:group 2:group +:group 15:student *:student x:student =:student
EXPR: 0 | POS | INT | 12 | 5 | 8 | 25=((15+2)+x) | 25 15 2 + x + = | 25:student 15:student 2:student +:student x:student +:student =:student
EXPR: 0 | POS | INT | 12 | 5 | 12 | ((x-25)+15)=2 | x 25 - 15 + 2 = | x:student 25:student -:student 15:student +:student 2:student =:student
EXPR: 0 | POS | INT | 12 | 5 | 345 | x=((25-2)*15) | x 25 2 - 15 * = | x:student 25:group 2:group -:group 15:student *:student =:student
EXPR: 0 | POS | INT | 12 | 5 | 38 | x=(15+(25-2)) | x 15 25 2 - + = | x:student 15:student 25:student 2:student -:student +:student =:student
EXPR: 0 | POS | INT | 12 | 5 | 42 | ((x-25)-15)=2 | x 25 - 15 - 2 = | x:student 25:student -:student 15:student -:student 2:student =:student
EXPR: 0 | POS | INT | 12 | 5 | 12 | 25=(x+(15-2)) | 25 x 15 2 - + = | 25:student x:student 15:student 2:student -:student +:student =:student
EXPR: 0 | POS | INT | 12 | 5 | 8 | 25=(x+(15+2)) | 25 x 15 2 + + = | 25:student x:student 15:student 2:student +:student +:student =:student
EXPR: 0 | POS | INT | 12 | 5 | 42 | x=(15+(25+2)) | x 15 25 2 + + = | x:student 15:student 25:student 2:student +:student +:student =:student
EXPR: 0 | POS | INT | 12 | 5 | 80 | (x/(25+15))=2 | x 25 15 + / 2 = | x:group 25:student 15:student +:student /:group 2:group =:group
EXPR: 0 | POS | INT | 12 | 5 | 20 | (x/(25-15))=2 | x 25 15 - / 2 = | x:group 25:student 15:student -:student /:group 2:group =:group
EXPR: 0 | POS | INT | 12 | 5 | 12 | x=(25+(2-15)) | x 25 2 15 - + = | x:student 25:student 2:student 15:student -:student +:student =:student
EXPR: 0 | POS | INT | 12 | 5 | 38 | x=(25-(2-15)) | x 25 2 15 - - = | x:student 25:student 2:student 15:student -:student -:student =:student
EXPR: 1 | POS | INT | 12 | 5 | 5 | (25-15)=(2*x) | 25 15 - 2 x * = | 25:student 15:student -:student 2:group x:student *:student =:student
EXPR: 0 | POS | INT | 12 | 5 | 20 | (25+15)=(2*x) | 25 15 + 2 x * = | 25:student 15:student +:student 2:group x:student *:student =:student
EXPR: 0 | POS | INT | 12 | 5 | 80 | (25+15)=(x/2) | 25 15 + x 2 / = | 25:student 15:student +:student x:student 2:group /:student =:student
EXPR: 0 | POS | INT | 12 | 5 | 20 | (25+15)=(x*2) | 25 15 + x 2 * = | 25:student 15:student +:student x:student 2:group *:student =:student
EXPR: 1 | POS | INT | 12 | 5 | 5 | (x+25)=(15*2) | x 25 + 15 2 * = | x:student 25:student +:student 15:student 2:group *:student =:student
EXPR: 0 | POS | INT | 12 | 5 | 20 | (25-15)=(x/2) | 25 15 - x 2 / = | 25:student 15:student -:student x:student 2:group /:student =:student
EXPR: 0 | POS | INT | 12 | 5 | 55 | (x-25)=(15*2) | x 25 - 15 2 * = | x:student 25:student -:student 15:student 2:group *:student =:student
EXPR: 1 | POS | INT | 12 | 5 | 5 | (25-15)=(x*2) | 25 15 - x 2 * = | 25:student 15:student -:student x:student 2:group *:student =:student
EXPR: 1 | POS | INT | 12 | 5 | 5 | (25+x)=(15*2) | 25 x + 15 2 * = | 25:student x:student +:student 15:student 2:group *:student =:student
EXPR: 0 | POS | INT | 14 | 5 | 12 | ((x+15)-25)=2 | x 15 + 25 - 2 = | x:student 15:student +:student 25:student -:student 2:student =:student
EXPR: 0 | POS | INT | 14 | 5 | 38 | 25=((2+x)-15) | 25 2 x + 15 - = | 25:student 2:student x:student +:student 15:student -:student =:student
EXPR: 0 | POS | INT | 14 | 5 | 8 | 15=((25-2)-x) | 15 25 2 - x - = | 15:student 25:student 2:student -:student x:student -:student =:student
EXPR: 0 | POS | INT | 14 | 5 | 12 | 25=((x-2)+15) | 25 x 2 - 15 + = | 25:student x:student 2:student -:student 15:student +:student =:student
EXPR: 0 | POS | INT | 14 | 5 | 38 | (15+(25-x))=2 | 15 25 x - + 2 = | 15:student 25:student x:student -:student +:student 2:student =:student
EXPR: 0 | POS | INT | 14 | 5 | 8 | ((25-x)-2)=15 | 25 x - 2 - 15 = | 25:student x:student -:student 2:student -:student 15:student =:student
EXPR: 0 | POS | INT | 14 | 5 | 8 | (25-(x+2))=15 | 25 x 2 + - 15 = | 25:student x:student 2:student +:student -:student 15:student =:student
EXPR: 0 | POS | INT | 14 | 5 | 8 | ((25-2)-x)=15 | 25 2 - x - 15 = | 25:student 2:student -:student x:student -:student 15:student =:student
EXPR: 0 | POS | INT | 14 | 5 | 42 | 25=((x-2)-15) | 25 x 2 - 15 - = | 25:student x:student 2:student -:student 15:student -:student =:student
EXPR: 0 | POS | INT | 14 | 5 | 8 | (25-(2+x))=15 | 25 2 x + - 15 = | 25:student 2:student x:student +:student -:student 15:student =:student
EXPR: 0 | POS | INT | 14 | 5 | 8 | 25=((x+2)+15) | 25 x 2 + 15 + = | 25:student x:student 2:student +:student 15:student +:student =:student
EXPR: 0 | POS | INT | 14 | 5 | 12 | ((15+x)-25)=2 | 15 x + 25 - 2 = | 15:student x:student +:student 25:student -:student 2:student =:student
EXPR: 0 | POS | INT | 14 | 5 | 405 | (x/(25+2))=15 | x 25 2 + / 15 = | x:student 25:group 2:group +:group /:student 15:student =:student
EXPR: 0 | POS | INT | 14 | 5 | 38 | 25=((x+2)-15) | 25 x 2 + 15 - = | 25:student x:student 2:student +:student 15:student -:student =:student
EXPR: 0 | POS | INT | 14 | 5 | 12 | (15-(25-x))=2 | 15 25 x - - 2 = | 15:student 25:student x:student -:student -:student 2:student =:student
EXPR: 0 | POS | INT | 14 | 5 | 8 | 25=((2+x)+15) | 25 2 x + 15 + = | 25:student 2:student x:student +:student 15:student +:student =:student
EXPR: 0 | POS | INT | 14 | 5 | 12 | (x+(15-25))=2 | x 15 25 - + 2 = | x:student 15:student 25:student -:student +:student 2:student =:student
EXPR: 0 | POS | INT | 14 | 5 | 38 | 25=((2-15)+x) | 25 2 15 - x + = | 25:student 2:student 15:student -:student x:student +:student =:student
EXPR: 0 | POS | INT | 14 | 5 | 12 | (25+(2-x))=15 | 25 2 x - + 15 = | 25:student 2:student x:student -:student +:student 15:student =:student
EXPR: 0 | POS | INT | 14 | 5 | 405 | 15=(x/(25+2)) | 15 x 25 2 + / = | 15:student x:student 25:group 2:group +:group /:student =:student
EXPR: 0 | POS | INT | 14 | 5 | 345 | 15=(x/(25-2)) | 15 x 25 2 - / = | 15:student x:student 25:group 2:group -:group /:student =:student
EXPR: 0 | POS | INT | 14 | 5 | 8 | 15=(25-(2+x)) | 15 25 2 x + - = | 15:student 25:student 2:student x:student +:student -:student =:student
EXPR: 0 | POS | INT | 14 | 5 | 38 | 25=(2+(x-15)) | 25 2 x 15 - + = | 25:student 2:student x:student 15:student -:student +:student =:student
EXPR: 0 | POS | INT | 14 | 5 | 8 | 25=(2+(x+15)) | 25 2 x 15 + + = | 25:student 2:student x:student 15:student +:student +:student =:student
EXPR: 0 | POS | INT | 14 | 5 | 12 | 15=((25-x)+2) | 15 25 x - 2 + = | 15:student 25:student x:student -:student 2:student +:student =:student
EXPR: 0 | POS | INT | 14 | 5 | 12 | (25-(x-2))=15 | 25 x 2 - - 15 = | 25:student x:student 2:student -:student -:student 15:student =:student
EXPR: 0 | POS | INT | 14 | 5 | 12 | 15=((25+2)-x) | 15 25 2 + x - = | 15:student 25:student 2:student +:student x:student -:student =:student
EXPR: 0 | POS | INT | 14 | 5 | 42 | 15=((x-25)-2) | 15 x 25 - 2 - = | 15:student x:student 25:student -:student 2:student -:student =:student
EXPR: 0 | POS | INT | 14 | 5 | 42 | 15=(x-(25+2)) | 15 x 25 2 + - = | 15:student x:student 25:student 2:student +:student -:student =:student
EXPR: 0 | POS | INT | 14 | 5 | 38 | 15=(x-(25-2)) | 15 x 25 2 - - = | 15:student x:student 25:student 2:student -:student -:student =:student
EXPR: 0 | POS | INT | 14 | 5 | 345 | (x/(25-2))=15 | x 25 2 - / 15 = | x:student 25:group 2:group -:group /:student 15:student =:student
EXPR: 0 | POS | INT | 14 | 5 | 8 | 25=(2+(15+x)) | 25 2 15 x + + = | 25:student 2:student 15:student x:student +:student +:student =:student
EXPR: 0 | POS | INT | 14 | 5 | 38 | (x-(25-2))=15 | x 25 2 - - 15 = | x:student 25:student 2:student -:student -:student 15:student =:student
EXPR: 0 | POS | INT | 14 | 5 | 38 | 15=((x-25)+2) | 15 x 25 - 2 + = | 15:student x:student 25:student -:student 2:student +:student =:student
EXPR: 0 | POS | INT | 14 | 5 | 38 | ((15-x)+25)=2 | 15 x - 25 + 2 = | 15:student x:student -:student 25:student +:student 2:student =:student
EXPR: 0 | POS | INT | 14 | 5 | 12 | 15=(25+(2-x)) | 15 25 2 x - + = | 15:student 25:student 2:student x:student -:student +:student =:student
EXPR: 0 | POS | INT | 14 | 5 | 12 | (15+(x-25))=2 | 15 x 25 - + 2 = | 15:student x:student 25:student -:student +:student 2:student =:student
EXPR: 0 | POS | INT | 14 | 5 | 65 | (25*2)=(x-15) | 25 2 * x 15 - = | 25:student 2:group *:student x:student 15:student -:student =:student
EXPR: 0 | POS | INT | 14 | 5 | 35 | (25*2)=(15+x) | 25 2 * 15 x + = | 25:student 2:group *:student 15:student x:student +:student =:student
EXPR: 0 | POS | INT | 14 | 5 | 12 | ((25-x)+2)=15 | 25 x - 2 + 15 = | 25:student x:student -:student 2:student +:student 15:student =:student
EXPR: 0 | POS | INT | 14 | 5 | 8 | 15=((25-x)-2) | 15 25 x - 2 - = | 15:student 25:student x:student -:student 2:student -:student =:student
EXPR: 0 | POS | INT | 14 | 5 | 42 | (x-(25+2))=15 | x 25 2 + - 15 = | x:student 25:student 2:student +:student -:student 15:student =:student
EXPR: 0 | POS | INT | 14 | 5 | 35 | (25*2)=(x+15) | 25 2 * x 15 + = | 25:student 2:group *:student x:student 15:student +:student =:student
EXPR: 0 | POS | INT | 14 | 5 | 12 | ((25+2)-x)=15 | 25 2 + x - 15 = | 25:student 2:student +:student x:student -:student 15:student =:student
EXPR: 0 | POS | INT | 14 | 5 | 12 | ((15-25)+x)=2 | 15 25 - x + 2 = | 15:student 25:student -:student x:student +:student 2:student =:student
EXPR: 0 | POS | INT | 14 | 5 | 42 | ((x-15)-25)=2 | x 15 - 25 - 2 = | x:student 15:student -:student 25:student -:student 2:student =:student
EXPR: 0 | POS | INT | 14 | 5 | 38 | ((x-25)+2)=15 | x 25 - 2 + 15 = | x:student 25:student -:student 2:student +:student 15:student =:student
EXPR: 0 | POS | INT | 14 | 5 | 42 | ((x-25)-2)=15 | x 25 - 2 - 15 = | x:student 25:student -:student 2:student -:student 15:student =:student
EXPR: 0 | POS | INT | 14 | 5 | 38 | 25=(x+(2-15)) | 25 x 2 15 - + = | 25:student x:student 2:student 15:student -:student +:student =:student
EXPR: 0 | POS | INT | 14 | 5 | 38 | (15-(x-25))=2 | 15 x 25 - - 2 = | 15:student x:student 25:student -:student -:student 2:student =:student
EXPR: 0 | POS | INT | 14 | 5 | 38 | 25=(2-(15-x)) | 25 2 15 x - - = | 25:student 2:student 15:student x:student -:student -:student =:student
EXPR: 0 | POS | INT | 14 | 5 | 8 | 15=(25-(x+2)) | 15 25 x 2 + - = | 15:student 25:student x:student 2:student +:student -:student =:student
EXPR: 0 | POS | INT | 14 | 5 | 12 | 15=(25-(x-2)) | 15 25 x 2 - - = | 15:student 25:student x:student 2:student -:student -:student =:student
EXPR: 0 | POS | INT | 14 | 5 | 12 | 25=(x-(2-15)) | 25 x 2 15 - - = | 25:student x:student 2:student 15:student -:student -:student =:student
EXPR: 0 | POS | INT | 14 | 5 | 65 | (x-15)=(25*2) | x 15 - 25 2 * = | x:student 15:student -:student 25:student 2:group *:student =:student
EXPR: 0 | POS | INT | 14 | 5 | 35 | (15+x)=(25*2) | 15 x + 25 2 * = | 15:student x:student +:student 25:student 2:group *:student =:student
EXPR: 0 | POS | INT | 14 | 5 | 35 | (x+15)=(25*2) | x 15 + 25 2 * = | x:student 15:student +:student 25:student 2:group *:student =:student
EXPR: 0 | POS | INT | 15 | 5 | 42 | ((15+2)+25)=x | 15 2 + 25 + x = | 15:student 2:student +:student 25:student +:student x:student =:student
EXPR: 0 | POS | INT | 15 | 5 | 12 | (2+(25-15))=x | 2 25 15 - + x = | 2:student 25:student 15:student -:student +:student x:student =:student
EXPR: 0 | POS | INT | 15 | 5 | 325 | ((15-2)*25)=x | 15 2 - 25 * x = | 15:group 2:group -:group 25:student *:student x:student =:student
EXPR: 0 | POS | INT | 15 | 5 | 425 | x=((15+2)*25) | x 15 2 + 25 * = | x:student 15:group 2:group +:group 25:student *:student =:student
EXPR: 0 | POS | INT | 15 | 5 | 425 | ((15+2)*25)=x | 15 2 + 25 * x = | 15:group 2:group +:group 25:student *:student x:student =:student
EXPR: 0 | POS | INT | 15 | 5 | 38 | (15-(2-25))=x | 15 2 25 - - x = | 15:student 2:student 25:student -:student -:student x:student =:student
EXPR: 0 | POS | INT | 15 | 5 | 38 | ((15-2)+25)=x | 15 2 - 25 + x = | 15:student 2:student -:student 25:student +:student x:student =:student
EXPR: 0 | POS | INT | 15 | 5 | 42 | (2+(25+15))=x | 2 25 15 + + x = | 2:student 25:student 15:student +:student +:student x:student =:student
EXPR: 0 | POS | INT | 15 | 5 | 38 | x=((15-2)+25) | x 15 2 - 25 + = | x:student 15:student 2:student -:student 25:student +:student =:student
EXPR: 0 | POS | INT | 15 | 5 | 42 | x=((15+2)+25) | x 15 2 + 25 + = | x:student 15:student 2:student +:student 25:student +:student =:student
EXPR: 0 | POS | INT | 15 | 5 | 12 | x=(2+(25-15)) | x 2 25 15 - + = | x:student 2:student 25:student 15:student -:student +:student =:student
EXPR: 0 | POS | INT | 15 | 5 | 38 | x=(15-(2-25)) | x 15 2 25 - - = | x:student 15:student 2:student 25:student -:student -:student =:student
EXPR: 0 | POS | INT | 15 | 5 | 325 | x=((15-2)*25) | x 15 2 - 25 * = | x:student 15:group 2:group -:group 25:student *:student =:student
EXPR: 0 | POS | INT | 15 | 5 | 42 | x=(2+(25+15)) | x 2 25 15 + + = | x:student 2:student 25:student 15:student +:student +:student =:student
EXPR: 0 | POS | INT | 17 | 5 | 12 | ((2-15)+25)=x | 2 15 - 25 + x = | 2:student 15:student -:student 25:student +:student x:student =:student
EXPR: 0 | POS | INT | 17 | 5 | 12 | ((x+15)-2)=25 | x 15 + 2 - 25 = | x:student 15:student +:student 2:student -:student 25:student =:student
EXPR: 0 | POS | INT | 17 | 5 | 38 | 15=((2+x)-25) | 15 2 x + 25 - = | 15:student 2:student x:student +:student 25:student -:student =:student
EXPR: 0 | POS | INT | 17 | 5 | 42 | 15=((x-2)-25) | 15 x 2 - 25 - = | 15:student x:student 2:student -:student 25:student -:student =:student
EXPR: 0 | POS | INT | 17 | 5 | 12 | (15+(x-2))=25 | 15 x 2 - + 25 = | 15:student x:student 2:student -:student +:student 25:student =:student
EXPR: 0 | POS | INT | 17 | 5 | 12 | (2+(25-x))=15 | 2 25 x - + 15 = | 2:student 25:student x:student -:student +:student 15:student =:student
EXPR: 0 | POS | INT | 17 | 5 | 38 | (2-(25-x))=15 | 2 25 x - - 15 = | 2:student 25:student x:student -:student -:student 15:student =:student
EXPR: 0 | POS | INT | 17 | 5 | 12 | (2-(15-25))=x | 2 15 25 - - x = | 2:student 15:student 25:student -:student -:student x:student =:student
EXPR: 0 | POS | INT | 17 | 5 | 38 | ((x-15)+2)=25 | x 15 - 2 + 25 = | x:student 15:student -:student 2:student +:student 25:student =:student
EXPR: 0 | POS | INT | 17 | 5 | 38 | 15=((x+2)-25) | 15 x 2 + 25 - = | 15:student x:student 2:student +:student 25:student -:student =:student
EXPR: 0 | POS | INT | 17 | 5 | 8 | ((15+x)+2)=25 | 15 x + 2 + 25 = | 15:student x:student +:student 2:student +:student 25:student =:student
EXPR: 0 | POS | INT | 17 | 5 | 8 | (15+(x+2))=25 | 15 x 2 + + 25 = | 15:student x:student 2:student +:student +:student 25:student =:student
EXPR: 0 | POS | INT | 17 | 5 | 38 | ((2+x)-25)=15 | 2 x + 25 - 15 = | 2:student x:student +:student 25:student -:student 15:student =:student
EXPR: 0 | POS | INT | 17 | 5 | 425 | (x/(15+2))=25 | x 15 2 + / 25 = | x:student 15:group 2:group +:group /:student 25:student =:student
EXPR: 0 | POS | INT | 17 | 5 | 80 | 2=(x/(25+15)) | 2 x 25 15 + / = | 2:group x:group 25:student 15:student +:student /:group =:group
EXPR: 0 | POS | INT | 17 | 5 | 20 | 2=(x/(25-15)) | 2 x 25 15 - / = | 2:group x:group 25:student 15:student -:student /:group =:group
EXPR: 0 | POS | INT | 17 | 5 | 8 | ((15+2)+x)=25 | 15 2 + x + 25 = | 15:student 2:student +:student x:student +:student 25:student =:student
EXPR: 0 | POS | INT | 17 | 5 | 8 | ((x+15)+2)=25 | x 15 + 2 + 25 = | x:student 15:student +:student 2:student +:student 25:student =:student
EXPR: 0 | POS | INT | 17 | 5 | 38 | ((x+2)-25)=15 | x 2 + 25 - 15 = | x:student 2:student +:student 25:student -:student 15:student =:student
EXPR: 0 | POS | INT | 17 | 5 | 80 | (x/2)=(25+15) | x 2 / 25 15 + = | x:student 2:group /:student 25:student 15:student +:student =:student
EXPR: 0 | POS | INT | 17 | 5 | 8 | 2=(25-(x+15)) | 2 25 x 15 + - = | 2:student 25:student x:student 15:student +:student -:student =:student
EXPR: 0 | POS | INT | 17 | 5 | 12 | (x+(15-2))=25 | x 15 2 - + 25 = | x:student 15:student 2:student -:student +:student 25:student =:student
EXPR: 0 | POS | INT | 17 | 5 | 38 | 2=(25-(x-15)) | 2 25 x 15 - - = | 2:student 25:student x:student 15:student -:student -:student =:student
EXPR: 0 | POS | INT | 17 | 5 | 8 | 2=((25-x)-15) | 2 25 x - 15 - = | 2:student 25:student x:student -:student 15:student -:student =:student
EXPR: 0 | POS | INT | 17 | 5 | 12 | x=((2-15)+25) | x 2 15 - 25 + = | x:student 2:student 15:student -:student 25:student +:student =:student
EXPR: 0 | POS | INT | 17 | 5 | 38 | 15=(2-(25-x)) | 15 2 25 x - - = | 15:student 2:student 25:student x:student -:student -:student =:student
EXPR: 0 | POS | INT | 17 | 5 | 38 | 2=((25-x)+15) | 2 25 x - 15 + = | 2:student 25:student x:student -:student 15:student +:student =:student
EXPR: 0 | POS | INT | 17 | 5 | 12 | (15-(2-x))=25 | 15 2 x - - 25 = | 15:student 2:student x:student -:student -:student 25:student =:student
EXPR: 0 | POS | INT | 17 | 5 | 42 | 2=((x-25)-15) | 2 x 25 - 15 - = | 2:student x:student 25:student -:student 15:student -:student =:student
EXPR: 0 | POS | INT | 17 | 5 | 38 | 2=((25+15)-x) | 2 25 15 + x - = | 2:student 25:student 15:student +:student x:student -:student =:student
EXPR: 0 | POS | INT | 17 | 5 | 8 | (15+(2+x))=25 | 15 2 x + + 25 = | 15:student 2:student x:student +:student +:student 25:student =:student
EXPR: 0 | POS | INT | 17 | 5 | 38 | 15=(2+(x-25)) | 15 2 x 25 - + = | 15:student 2:student x:student 25:student -:student +:student =:student
EXPR: 0 | POS | INT | 17 | 5 | 38 | (x+(2-25))=15 | x 2 25 - + 15 = | x:student 2:student 25:student -:student +:student 15:student =:student
EXPR: 0 | POS | INT | 17 | 5 | 12 | ((15+x)-2)=25 | 15 x + 2 - 25 = | 15:student x:student +:student 2:student -:student 25:student =:student
EXPR: 0 | POS | INT | 17 | 5 | 8 | 2=(25-(15+x)) | 2 25 15 x + - = | 2:student 25:student 15:student x:student +:student -:student =:student
EXPR: 0 | POS | INT | 17 | 5 | 12 | 2=((x-25)+15) | 2 x 25 - 15 + = | 2:student x:student 25:student -:student 15:student +:student =:student
EXPR: 1 | POS | INT | 17 | 5 | 5 | (2*x)=(25-15) | 2 x * 25 15 - = | 2:group x:student *:student 25:student 15:student -:student =:student
EXPR: 0 | POS | INT | 17 | 5 | 42 | (x-(15+2))=25 | x 15 2 + - 25 = | x:student 15:student 2:student +:student -:student 25:student =:student
EXPR: 0 | POS | INT | 17 | 5 | 12 | ((2-x)+25)=15 | 2 x - 25 + 15 = | 2:student x:student -:student 25:student +:student 15:student =:student
EXPR: 0 | POS | INT | 17 | 5 | 12 | ((15-2)+x)=25 | 15 2 - x + 25 = | 15:student 2:student -:student x:student +:student 25:student =:student
EXPR: 0 | POS | INT | 17 | 5 | 38 | 2=(25+(15-x)) | 2 25 15 x - + = | 2:student 25:student 15:student x:student -:student +:student =:student
EXPR: 0 | POS | INT | 17 | 5 | 20 | (2*x)=(25+15) | 2 x * 25 15 + = | 2:group x:student *:student 25:student 15:student +:student =:student
EXPR: 1 | POS | INT | 17 | 5 | 5 | (x*2)=(25-15) | x 2 * 25 15 - = | x:student 2:group *:student 25:student 15:student -:student =:student
EXPR: 0 | POS | INT | 17 | 5 | 38 | (x-(15-2))=25 | x 15 2 - - 25 = | x:student 15:student 2:student -:student -:student 25:student =:student
EXPR: 0 | POS | INT | 17 | 5 | 38 | 15=((2-25)+x) | 15 2 25 - x + = | 15:student 2:student 25:student -:student x:student +:student =:student
EXPR: 0 | POS | INT | 17 | 5 | 8 | (x+(15+2))=25 | x 15 2 + + 25 = | x:student 15:student 2:student +:student +:student 25:student =:student
EXPR: 0 | POS | INT | 17 | 5 | 12 | 15=(2+(25-x)) | 15 2 25 x - + = | 15:student 2:student 25:student x:student -:student +:student =:student
EXPR: 0 | POS | INT | 17 | 5 | 8 | 2=((25-15)-x) | 2 25 15 - x - = | 2:student 25:student 15:student -:student x:student -:student =:student
EXPR: 0 | POS | INT | 17 | 5 | 38 | ((2-25)+x)=15 | 2 25 - x + 15 = | 2:student 25:student -:student x:student +:student 15:student =:student
EXPR: 0 | POS | INT | 17 | 5 | 12 | 15=((2-x)+25) | 15 2 x - 25 + = | 15:student 2:student x:student -:student 25:student +:student =:student
EXPR: 0 | POS | INT | 17 | 5 | 55 | (15*2)=(x-25) | 15 2 * x 25 - = | 15:student 2:group *:student x:student 25:student -:student =:student
EXPR: 0 | POS | INT | 17 | 5 | 42 | ((x-2)-25)=15 | x 2 - 25 - 15 = | x:student 2:student -:student 25:student -:student 15:student =:student
EXPR: 1 | POS | INT | 17 | 5 | 5 | (15*2)=(x+25) | 15 2 * x 25 + = | 15:student 2:group *:student x:student 25:student +:student =:student
EXPR: 0 | POS | INT | 17 | 5 | 42 | 2=(x-(25+15)) | 2 x 25 15 + - = | 2:student x:student 25:student 15:student +:student -:student =:student
EXPR: 0 | POS | INT | 17 | 5 | 20 | (x/2)=(25-15) | x 2 / 25 15 - = | x:student 2:group /:student 25:student 15:student -:student =:student
EXPR: 0 | POS | INT | 17 | 5 | 20 | (x*2)=(25+15) | x 2 * 25 15 + = | x:student 2:group *:student 25:student 15:student +:student =:student
EXPR: 0 | POS | INT | 17 | 5 | 42 | ((x-15)-2)=25 | x 15 - 2 - 25 = | x:student 15:student -:student 2:student -:student 25:student =:student
EXPR: 0 | POS | INT | 17 | 5 | 12 | 15=(2-(x-25)) | 15 2 x 25 - - = | 15:student 2:student x:student 25:student -:student -:student =:student
EXPR: 0 | POS | INT | 17 | 5 | 38 | (2+(x-25))=15 | 2 x 25 - + 15 = | 2:student x:student 25:student -:student +:student 15:student =:student
EXPR: 1 | POS | INT | 17 | 5 | 5 | (15*2)=(25+x) | 15 2 * 25 x + = | 15:student 2:group *:student 25:student x:student +:student =:student
EXPR: 0 | POS | INT | 17 | 5 | 325 | (x/(15-2))=25 | x 15 2 - / 25 = | x:student 15:group 2:group -:group /:student 25:student =:student
EXPR: 0 | POS | INT | 17 | 5 | 12 | (2-(x-25))=15 | 2 x 25 - - 15 = | 2:student x:student 25:student -:student -:student 15:student =:student
EXPR: 0 | POS | INT | 17 | 5 | 38 | 15=(x+(2-25)) | 15 x 2 25 - + = | 15:student x:student 2:student 25:student -:student +:student =:student
EXPR: 0 | POS | INT | 17 | 5 | 12 | 2=(x-(25-15)) | 2 x 25 15 - - = | 2:student x:student 25:student 15:student -:student -:student =:student
EXPR: 0 | POS | INT | 17 | 5 | 12 | x=(2-(15-25)) | x 2 15 25 - - = | x:student 2:student 15:student 25:student -:student -:student =:student
EXPR: 0 | POS | INT | 19 | 5 | 38 | (2+(x-15))=25 | 2 x 15 - + 25 = | 2:student x:student 15:student -:student +:student 25:student =:student
EXPR: 0 | POS | INT | 19 | 5 | 38 | ((2-15)+x)=25 | 2 15 - x + 25 = | 2:student 15:student -:student x:student +:student 25:student =:student
EXPR: 0 | POS | INT | 19 | 5 | 38 | ((x+2)-15)=25 | x 2 + 15 - 25 = | x:student 2:student +:student 15:student -:student 25:student =:student
EXPR: 0 | POS | INT | 19 | 5 | 38 | ((2+x)-15)=25 | 2 x + 15 - 25 = | 2:student x:student +:student 15:student -:student 25:student =:student
EXPR: 0 | POS | INT | 19 | 5 | 8 | ((x+2)+15)=25 | x 2 + 15 + 25 = | x:student 2:student +:student 15:student +:student 25:student =:student
EXPR: 0 | POS | INT | 19 | 5 | 12 | 2=(15+(x-25)) | 2 15 x 25 - + = | 2:student 15:student x:student 25:student -:student +:student =:student
EXPR: 0 | POS | INT | 19 | 5 | 38 | 2=(15-(x-25)) | 2 15 x 25 - - = | 2:student 15:student x:student 25:student -:student -:student =:student
EXPR: 0 | POS | INT | 19 | 5 | 12 | 2=(15-(25-x)) | 2 15 25 x - - = | 2:student 15:student 25:student x:student -:student -:student =:student
EXPR: 0 | POS | INT | 19 | 5 | 38 | 2=(15+(25-x)) | 2 15 25 x - + = | 2:student 15:student 25:student x:student -:student +:student =:student
EXPR: 0 | POS | INT | 19 | 5 | 38 | 2=((15-x)+25) | 2 15 x - 25 + = | 2:student 15:student x:student -:student 25:student +:student =:student
EXPR: 0 | POS | INT | 19 | 5 | 38 | (x+(2-15))=25 | x 2 15 - + 25 = | x:student 2:student 15:student -:student +:student 25:student =:student
EXPR: 0 | POS | INT | 19 | 5 | 8 | (2+(x+15))=25 | 2 x 15 + + 25 = | 2:student x:student 15:student +:student +:student 25:student =:student
EXPR: 0 | POS | INT | 19 | 5 | 12 | (x-(2-15))=25 | x 2 15 - - 25 = | x:student 2:student 15:student -:student -:student 25:student =:student
EXPR: 0 | POS | INT | 19 | 5 | 12 | ((x-2)+15)=25 | x 2 - 15 + 25 = | x:student 2:student -:student 15:student +:student 25:student =:student
EXPR: 0 | POS | INT | 19 | 5 | 12 | 2=(x+(15-25)) | 2 x 15 25 - + = | 2:student x:student 15:student 25:student -:student +:student =:student
EXPR: 0 | POS | INT | 19 | 5 | 8 | ((2+x)+15)=25 | 2 x + 15 + 25 = | 2:student x:student +:student 15:student +:student 25:student =:student
EXPR: 0 | POS | INT | 19 | 5 | 42 | 2=((x-15)-25) | 2 x 15 - 25 - = | 2:student x:student 15:student -:student 25:student -:student =:student
EXPR: 0 | POS | INT | 19 | 5 | 12 | 2=((x+15)-25) | 2 x 15 + 25 - = | 2:student x:student 15:student +:student 25:student -:student =:student
EXPR: 0 | POS | INT | 19 | 5 | 8 | (2+(15+x))=25 | 2 15 x + + 25 = | 2:student 15:student x:student +:student +:student 25:student =:student
EXPR: 0 | POS | INT | 19 | 5 | 12 | 2=((15+x)-25) | 2 15 x + 25 - = | 2:student 15:student x:student +:student 25:student -:student =:student
EXPR: 0 | POS | INT | 19 | 5 | 12 | 2=((15-25)+x) | 2 15 25 - x + = | 2:student 15:student 25:student -:student x:student +:student =:student
EXPR: 0 | POS | INT | 19 | 5 | 42 | ((x-2)-15)=25 | x 2 - 15 - 25 = | x:student 2:student -:student 15:student -:student 25:student =:student
EXPR: 0 | POS | INT | 19 | 5 | 38 | (2-(15-x))=25 | 2 15 x - - 25 = | 2:student 15:student x:student -:student -:student 25:student =:student
EXPR: 0 | POS | INT | 20 | 5 | 373 | x=((25*15)-2) | x 25 15 * 2 - = | x:group 25:student 15:group *:group 2:group -:group =:group
NET 319 unique, non-negative, integer-valued solutions found out of 1000 total solutions
