parameters: n=7 l=3 k=1 p=5 q=2 m=9
TOTAL 1000 solutions found
SOLN: CORRECT | POS/NEG | INT/FRA | OBJ-SCORE | TRUE-ANS | ANS | INFIX | POSTFIX | TYPED-POSTFIX
EXPR: 0 | POS | INT | 2 | 9 | 4 | 120=((39-9)*x) | 120 39 9 - x * = | 120:book 39:book 9:book -:book x:shelf *:book =:book
EXPR: 0 | POS | INT | 2 | 9 | 4 | 120=(x*(39-9)) | 120 x 39 9 - * = | 120:book x:shelf 39:book 9:book -:book *:book =:book
EXPR: 1 | POS | INT | 2 | 9 | 9 | ((120-39)/x)=9 | 120 39 - x / 9 = | 120:book 39:book -:book x:shelf /:book 9:book =:book
EXPR: 1 | POS | INT | 2 | 9 | 9 | 120=(39+(x*9)) | 120 39 x 9 * + = | 120:book 39:book x:shelf 9:book *:book +:book =:book
EXPR: 1 | POS | INT | 2 | 9 | 9 | 120=(39+(9*x)) | 120 39 9 x * + = | 120:book 39:book 9:book x:shelf *:book +:book =:book
EXPR: 1 | POS | INT | 4 | 9 | 9 | (120-(x*9))=39 | 120 x 9 * - 39 = | 120:book x:shelf 9:book *:book -:book 39:book =:book
EXPR: 1 | POS | INT | 4 | 9 | 9 | 120=((x*9)+39) | 120 x 9 * 39 + = | 120:book x:shelf 9:book *:book 39:book +:book =:book
EXPR: 0 | POS | INT | 4 | 9 | 4 | ((120/x)+9)=39 | 120 x / 9 + 39 = | 120:book x:shelf /:book 9:book +:book 39:book =:book
EXPR: 1 | POS | INT | 4 | 9 | 9 | 120=((9*x)+39) | 120 9 x * 39 + = | 120:book 9:book x:shelf *:book 39:book +:book =:book
EXPR: 1 | POS | INT | 4 | 9 | 9 | (120-(9*x))=39 | 120 9 x * - 39 = | 120:book 9:book x:shelf *:book -:book 39:book =:book
EXPR: 0 | POS | INT | 7 | 9 | 4 | 39=(9+(120/x)) | 39 9 120 x / + = | 39:book 9:book 120:book x:shelf /:book +:book =:book
EXPR: 0 | POS | INT | 7 | 9 | 4 | ((39-9)*x)=120 | 39 9 - x * 120 = | 39:book 9:book -:book x:shelf *:book 120:book =:book
EXPR: 1 | POS | INT | 7 | 9 | 9 | (39+(9*x))=120 | 39 9 x * + 120 = | 39:book 9:book x:shelf *:book +:book 120:book =:book
EXPR: 1 | POS | INT | 7 | 9 | 9 | 9=((120-39)/x) | 9 120 39 - x / = | 9:book 120:book 39:book -:book x:shelf /:book =:book
EXPR: 1 | POS | INT | 7 | 9 | 9 | (39+(x*9))=120 | 39 x 9 * + 120 = | 39:book x:shelf 9:book *:book +:book 120:book =:book
EXPR: 1 | POS | INT | 9 | 9 | 9 | ((9*x)+39)=120 | 9 x * 39 + 120 = | 9:book x:shelf *:book 39:book +:book 120:book =:book
EXPR: 0 | POS | INT | 9 | 9 | 4 | 9=(39-(120/x)) | 9 39 120 x / - = | 9:book 39:book 120:book x:shelf /:book -:book =:book
EXPR: 0 | POS | INT | 10 | 9 | 1431 | x=((120+39)*9) | x 120 39 + 9 * = | x:shelf 120:book 39:book +:book 9:shelf *:shelf =:shelf
EXPR: 0 | POS | INT | 10 | 9 | 5760 | x=(120*(39+9)) | x 120 39 9 + * = | x:shelf 120:shelf 39:book 9:book +:book *:shelf =:shelf
EXPR: 0 | POS | INT | 10 | 9 | 3600 | x=(120*(39-9)) | x 120 39 9 - * = | x:shelf 120:shelf 39:book 9:book -:book *:shelf =:shelf
EXPR: 0 | POS | INT | 10 | 9 | 729 | ((120-39)*9)=x | 120 39 - 9 * x = | 120:book 39:book -:book 9:shelf *:shelf x:shelf =:shelf
EXPR: 0 | POS | INT | 10 | 9 | 150 | ((120+39)-9)=x | 120 39 + 9 - x = | 120:book 39:book +:book 9:book -:book x:book =:book
EXPR: 0 | POS | INT | 10 | 9 | 72 | ((120-39)-9)=x | 120 39 - 9 - x = | 120:book 39:book -:book 9:book -:book x:book =:book
EXPR: 0 | POS | INT | 10 | 9 | 90 | (120-(39-9))=x | 120 39 9 - - x = | 120:book 39:book 9:book -:book -:book x:book =:book
EXPR: 0 | POS | INT | 10 | 9 | 3600 | (120*(39-9))=x | 120 39 9 - * x = | 120:shelf 39:book 9:book -:book *:shelf x:shelf =:shelf
EXPR: 0 | POS | INT | 10 | 9 | 4 | (120/(39-9))=x | 120 39 9 - / x = | 120:shelf 39:book 9:book -:book /:shelf x:shelf =:shelf
EXPR: 0 | POS | INT | 10 | 9 | 90 | ((120-39)+9)=x | 120 39 - 9 + x = | 120:book 39:book -:book 9:book +:book x:book =:book
EXPR: 0 | POS | INT | 10 | 9 | 150 | x=(120+(39-9)) | x 120 39 9 - + = | x:book 120:book 39:book 9:book -:book +:book =:book
EXPR: 0 | POS | INT | 10 | 9 | 72 | x=(120-(39+9)) | x 120 39 9 + - = | x:book 120:book 39:book 9:book +:book -:book =:book
EXPR: 0 | POS | INT | 10 | 9 | 168 | ((120+39)+9)=x | 120 39 + 9 + x = | 120:book 39:book +:book 9:book +:book x:book =:book
EXPR: 0 | POS | INT | 10 | 9 | 150 | (120+(39-9))=x | 120 39 9 - + x = | 120:book 39:book 9:book -:book +:book x:book =:book
EXPR: 0 | POS | INT | 10 | 9 | 729 | x=((120-39)*9) | x 120 39 - 9 * = | x:shelf 120:book 39:book -:book 9:shelf *:shelf =:shelf
EXPR: 0 | POS | INT | 10 | 9 | 168 | x=(120+(39+9)) | x 120 39 9 + + = | x:book 120:book 39:book 9:book +:book +:book =:book
EXPR: 0 | POS | INT | 10 | 9 | 1431 | ((120+39)*9)=x | 120 39 + 9 * x = | 120:book 39:book +:book 9:shelf *:shelf x:shelf =:shelf
EXPR: 0 | POS | INT | 10 | 9 | 168 | (120+(39+9))=x | 120 39 9 + + x = | 120:book 39:book 9:book +:book +:book x:book =:book
EXPR: 0 | POS | INT | 10 | 9 | 90 | x=(120-(39-9)) | x 120 39 9 - - = | x:book 120:book 39:book 9:book -:book -:book =:book
EXPR: 0 | POS | INT | 10 | 9 | 5760 | (120*(39+9))=x | 120 39 9 + * x = | 120:shelf 39:book 9:book +:book *:shelf x:shelf =:shelf
EXPR: 0 | POS | INT | 10 | 9 | 4 | x=(120/(39-9)) | x 120 39 9 - / = | x:shelf 120:shelf 39:book 9:book -:book /:shelf =:shelf
EXPR: 0 | POS | INT | 12 | 9 | 5760 | 120=(x/(39+9)) | 120 x 39 9 + / = | 120:shelf x:shelf 39:book 9:book +:book /:shelf =:shelf
EXPR: 0 | POS | INT | 12 | 9 | 1431 | (x/(120+39))=9 | x 120 39 + / 9 = | x:shelf 120:book 39:book +:book /:shelf 9:shelf =:shelf
EXPR: 0 | POS | INT | 12 | 9 | 168 | (x-(120+39))=9 | x 120 39 + - 9 = | x:book 120:book 39:book +:book -:book 9:book =:book
EXPR: 0 | POS | INT | 12 | 9 | 90 | 120=((x+39)-9) | 120 x 39 + 9 - = | 120:book x:book 39:book +:book 9:book -:book =:book
EXPR: 0 | POS | INT | 12 | 9 | 72 | 120=((39+9)+x) | 120 39 9 + x + = | 120:book 39:book 9:book +:book x:book +:book =:book
EXPR: 0 | POS | INT | 12 | 9 | 90 | 120=((39-9)+x) | 120 39 9 - x + = | 120:book 39:book 9:book -:book x:book +:book =:book
EXPR: 0 | POS | INT | 12 | 9 | 5031 | x=(39*(120+9)) | x 39 120 9 + * = | x:shelf 39:shelf 120:book 9:book +:book *:shelf =:shelf
EXPR: 0 | POS | INT | 12 | 9 | 150 | ((120-x)+39)=9 | 120 x - 39 + 9 = | 120:book x:book -:book 39:book +:book 9:book =:book
EXPR: 0 | POS | INT | 12 | 9 | 3600 | 120=(x/(39-9)) | 120 x 39 9 - / = | 120:shelf x:shelf 39:book 9:book -:book /:shelf =:shelf
EXPR: 0 | POS | INT | 12 | 9 | 729 | (x/(120-39))=9 | x 120 39 - / 9 = | x:shelf 120:book 39:book -:book /:shelf 9:shelf =:shelf
EXPR: 0 | POS | INT | 12 | 9 | 90 | ((120+9)-39)=x | 120 9 + 39 - x = | 120:book 9:book +:book 39:book -:book x:book =:book
EXPR: 0 | POS | INT | 12 | 9 | 72 | ((120-9)-39)=x | 120 9 - 39 - x = | 120:book 9:book -:book 39:book -:book x:book =:book
EXPR: 0 | POS | INT | 12 | 9 | 5031 | x=((120+9)*39) | x 120 9 + 39 * = | x:shelf 120:book 9:book +:book 39:shelf *:shelf =:shelf
EXPR: 0 | POS | INT | 12 | 9 | 150 | (120-(9-39))=x | 120 9 39 - - x = | 120:book 9:book 39:book -:book -:book x:book =:book
EXPR: 0 | POS | INT | 12 | 9 | 72 | 120=((x+39)+9) | 120 x 39 + 9 + = | 120:book x:book 39:book +:book 9:book +:book =:book
EXPR: 0 | POS | INT | 12 | 9 | 168 | ((x-120)-39)=9 | x 120 - 39 - 9 = | x:book 120:book -:book 39:book -:book 9:book =:book
EXPR: 0 | POS | INT | 12 | 9 | 4329 | x=(39*(120-9)) | x 39 120 9 - * = | x:shelf 39:shelf 120:book 9:book -:book *:shelf =:shelf
EXPR: 0 | POS | INT | 12 | 9 | 90 | x=(120+(9-39)) | x 120 9 39 - + = | x:book 120:book 9:book 39:book -:book +:book =:book
EXPR: 0 | POS | INT | 12 | 9 | 150 | ((120-9)+39)=x | 120 9 - 39 + x = | 120:book 9:book -:book 39:book +:book x:book =:book
EXPR: 0 | POS | INT | 12 | 9 | 90 | (120+(9-39))=x | 120 9 39 - + x = | 120:book 9:book 39:book -:book +:book x:book =:book
EXPR: 0 | POS | INT | 12 | 9 | 4329 | ((120-9)*39)=x | 120 9 - 39 * x = | 120:book 9:book -:book 39:shelf *:shelf x:shelf =:shelf
EXPR: 0 | POS | INT | 12 | 9 | 150 | (120-(x-39))=9 | 120 x 39 - - 9 = | 120:book x:book 39:book -:book -:book 9:book =:book
EXPR: 0 | POS | INT | 12 | 9 | 4329 | x=((120-9)*39) | x 120 9 - 39 * = | x:shelf 120:book 9:book -:book 39:shelf *:shelf =:shelf
EXPR: 0 | POS | INT | 12 | 9 | 150 | ((120+39)-x)=9 | 120 39 + x - 9 = | 120:book 39:book +:book x:book -:book 9:book =:book
EXPR: 0 | POS | INT | 12 | 9 | 72 | ((120-39)-x)=9 | 120 39 - x - 9 = | 120:book 39:book -:book x:book -:book 9:book =:book
EXPR: 0 | POS | INT | 12 | 9 | 150 | x=(39+(120-9)) | x 39 120 9 - + = | x:book 39:book 120:book 9:book -:book +:book =:book
EXPR: 0 | POS | INT | 12 | 9 | 90 | ((x-120)+39)=9 | x 120 - 39 + 9 = | x:book 120:book -:book 39:book +:book 9:book =:book
EXPR: 0 | POS | INT | 12 | 9 | 168 | 120=(x-(39+9)) | 120 x 39 9 + - = | 120:book x:book 39:book 9:book +:book -:book =:book
EXPR: 0 | POS | INT | 12 | 9 | 168 | x=(39+(120+9)) | x 39 120 9 + + = | x:book 39:book 120:book 9:book +:book +:book =:book
EXPR: 0 | POS | INT | 12 | 9 | 168 | ((120+9)+39)=x | 120 9 + 39 + x = | 120:book 9:book +:book 39:book +:book x:book =:book
EXPR: 0 | POS | INT | 12 | 9 | 168 | (39+(120+9))=x | 39 120 9 + + x = | 39:book 120:book 9:book +:book +:book x:book =:book
EXPR: 1 | POS | INT | 12 | 9 | 9 | (120-39)=(x*9) | 120 39 - x 9 * = | 120:book 39:book -:book x:shelf 9:book *:book =:book
EXPR: 0 | POS | INT | 12 | 9 | 5031 | (39*(120+9))=x | 39 120 9 + * x = | 39:shelf 120:book 9:book +:book *:shelf x:shelf =:shelf
EXPR: 0 | POS | INT | 12 | 9 | 90 | (x-(120-39))=9 | x 120 39 - - 9 = | x:book 120:book 39:book -:book -:book 9:book =:book
EXPR: 1 | POS | INT | 12 | 9 | 9 | (120-39)=(9*x) | 120 39 - 9 x * = | 120:book 39:book -:book 9:book x:shelf *:book =:book
EXPR: 0 | POS | INT | 12 | 9 | 90 | 120=(x+(39-9)) | 120 x 39 9 - + = | 120:book x:book 39:book 9:book -:book +:book =:book
EXPR: 0 | POS | INT | 12 | 9 | 150 | (39+(120-9))=x | 39 120 9 - + x = | 39:book 120:book 9:book -:book +:book x:book =:book
EXPR: 0 | POS | INT | 12 | 9 | 150 | 120=((x-39)+9) | 120 x 39 - 9 + = | 120:book x:book 39:book -:book 9:book +:book =:book
EXPR: 0 | POS | INT | 12 | 9 | 90 | 120=(39-(9-x)) | 120 39 9 x - - = | 120:book 39:book 9:book x:book -:book -:book =:book
EXPR: 0 | POS | INT | 12 | 9 | 168 | 120=((x-39)-9) | 120 x 39 - 9 - = | 120:book x:book 39:book -:book 9:book -:book =:book
EXPR: 0 | POS | INT | 12 | 9 | 72 | 120=(39+(9+x)) | 120 39 9 x + + = | 120:book 39:book 9:book x:book +:book +:book =:book
EXPR: 0 | POS | INT | 12 | 9 | 150 | x=(120-(9-39)) | x 120 9 39 - - = | x:book 120:book 9:book 39:book -:book -:book =:book
EXPR: 0 | POS | INT | 12 | 9 | 90 | 120=((39+x)-9) | 120 39 x + 9 - = | 120:book 39:book x:book +:book 9:book -:book =:book
EXPR: 0 | POS | INT | 12 | 9 | 5031 | ((120+9)*39)=x | 120 9 + 39 * x = | 120:book 9:book +:book 39:shelf *:shelf x:shelf =:shelf
EXPR: 0 | POS | INT | 14 | 9 | 150 | 120=((x+9)-39) | 120 x 9 + 39 - = | 120:book x:book 9:book +:book 39:book -:book =:book
EXPR: 0 | POS | INT | 14 | 9 | 150 | 39=(x-(120-9)) | 39 x 120 9 - - = | 39:book x:book 120:book 9:book -:book -:book =:book
EXPR: 0 | POS | INT | 14 | 9 | 168 | 39=(x-(120+9)) | 39 x 120 9 + - = | 39:book x:book 120:book 9:book +:book -:book =:book
EXPR: 0 | POS | INT | 14 | 9 | 5031 | 39=(x/(120+9)) | 39 x 120 9 + / = | 39:shelf x:shelf 120:book 9:book +:book /:shelf =:shelf
EXPR: 0 | POS | INT | 14 | 9 | 168 | (x-(120+9))=39 | x 120 9 + - 39 = | x:book 120:book 9:book +:book -:book 39:book =:book
EXPR: 0 | POS | INT | 14 | 9 | 150 | 120=((9-39)+x) | 120 9 39 - x + = | 120:book 9:book 39:book -:book x:book +:book =:book
EXPR: 0 | POS | INT | 14 | 9 | 150 | 120=((9+x)-39) | 120 9 x + 39 - = | 120:book 9:book x:book +:book 39:book -:book =:book
EXPR: 0 | POS | INT | 14 | 9 | 150 | ((39-x)+120)=9 | 39 x - 120 + 9 = | 39:book x:book -:book 120:book +:book 9:book =:book
EXPR: 0 | POS | INT | 14 | 9 | 150 | 120=(9+(x-39)) | 120 9 x 39 - + = | 120:book 9:book x:book 39:book -:book +:book =:book
EXPR: 0 | POS | INT | 14 | 9 | 72 | 120=(9+(x+39)) | 120 9 x 39 + + = | 120:book 9:book x:book 39:book +:book +:book =:book
EXPR: 0 | POS | INT | 14 | 9 | 72 | 120=((x+9)+39) | 120 x 9 + 39 + = | 120:book x:book 9:book +:book 39:book +:book =:book
EXPR: 0 | POS | INT | 14 | 9 | 168 | ((x-120)-9)=39 | x 120 - 9 - 39 = | x:book 120:book -:book 9:book -:book 39:book =:book
EXPR: 0 | POS | INT | 14 | 9 | 90 | (120-(x-9))=39 | 120 x 9 - - 39 = | 120:book x:book 9:book -:book -:book 39:book =:book
EXPR: 0 | POS | INT | 14 | 9 | 90 | ((120-x)+9)=39 | 120 x - 9 + 39 = | 120:book x:book -:book 9:book +:book 39:book =:book
EXPR: 0 | POS | INT | 14 | 9 | 150 | 39=((x-120)+9) | 39 x 120 - 9 + = | 39:book x:book 120:book -:book 9:book +:book =:book
EXPR: 0 | POS | INT | 14 | 9 | 90 | (120+(9-x))=39 | 120 9 x - + 39 = | 120:book 9:book x:book -:book +:book 39:book =:book
EXPR: 0 | POS | INT | 14 | 9 | 150 | (39-(x-120))=9 | 39 x 120 - - 9 = | 39:book x:book 120:book -:book -:book 9:book =:book
EXPR: 0 | POS | INT | 14 | 9 | 5031 | (x/(120+9))=39 | x 120 9 + / 39 = | x:shelf 120:book 9:book +:book /:shelf 39:shelf =:shelf
EXPR: 0 | POS | INT | 14 | 9 | 168 | ((x-39)-120)=9 | x 39 - 120 - 9 = | x:book 39:book -:book 120:book -:book 9:book =:book
EXPR: 0 | POS | INT | 14 | 9 | 4329 | 39=(x/(120-9)) | 39 x 120 9 - / = | 39:shelf x:shelf 120:book 9:book -:book /:shelf =:shelf
EXPR: 0 | POS | INT | 14 | 9 | 4329 | (x/(120-9))=39 | x 120 9 - / 39 = | x:shelf 120:book 9:book -:book /:shelf 39:shelf =:shelf
EXPR: 0 | POS | INT | 14 | 9 | 72 | 120=((9+x)+39) | 120 9 x + 39 + = | 120:book 9:book x:book +:book 39:book +:book =:book
EXPR: 0 | POS | INT | 14 | 9 | 150 | 120=(9-(39-x)) | 120 9 39 x - - = | 120:book 9:book 39:book x:book -:book -:book =:book
EXPR: 0 | POS | INT | 14 | 9 | 72 | 39=(120-(x+9)) | 39 120 x 9 + - = | 39:book 120:book x:book 9:book +:book -:book =:book
EXPR: 0 | POS | INT | 14 | 9 | 150 | ((x-120)+9)=39 | x 120 - 9 + 39 = | x:book 120:book -:book 9:book +:book 39:book =:book
EXPR: 0 | POS | INT | 14 | 9 | 168 | 39=((x-120)-9) | 39 x 120 - 9 - = | 39:book x:book 120:book -:book 9:book -:book =:book
EXPR: 0 | POS | INT | 14 | 9 | 150 | (x-(120-9))=39 | x 120 9 - - 39 = | x:book 120:book 9:book -:book -:book 39:book =:book
EXPR: 0 | POS | INT | 14 | 9 | 72 | (120-(9+x))=39 | 120 9 x + - 39 = | 120:book 9:book x:book +:book -:book 39:book =:book
EXPR: 0 | POS | INT | 14 | 9 | 72 | 120=(9+(39+x)) | 120 9 39 x + + = | 120:book 9:book 39:book x:book +:book +:book =:book
EXPR: 0 | POS | INT | 14 | 9 | 90 | 39=(120-(x-9)) | 39 120 x 9 - - = | 39:book 120:book x:book 9:book -:book -:book =:book
EXPR: 0 | POS | INT | 14 | 9 | 90 | ((39+x)-120)=9 | 39 x + 120 - 9 = | 39:book x:book +:book 120:book -:book 9:book =:book
EXPR: 0 | POS | INT | 14 | 9 | 90 | (x+(39-120))=9 | x 39 120 - + 9 = | x:book 39:book 120:book -:book +:book 9:book =:book
EXPR: 0 | POS | INT | 14 | 9 | 168 | 120=((x-9)-39) | 120 x 9 - 39 - = | 120:book x:book 9:book -:book 39:book -:book =:book
EXPR: 0 | POS | INT | 14 | 9 | 90 | 120=((x-9)+39) | 120 x 9 - 39 + = | 120:book x:book 9:book -:book 39:book +:book =:book
EXPR: 0 | POS | INT | 15 | 9 | 1431 | x=(9*(120+39)) | x 9 120 39 + * = | x:shelf 9:shelf 120:book 39:book +:book *:shelf =:shelf
EXPR: 0 | POS | INT | 15 | 9 | 5760 | x=((39+9)*120) | x 39 9 + 120 * = | x:shelf 39:book 9:book +:book 120:shelf *:shelf =:shelf
EXPR: 0 | POS | INT | 15 | 9 | 3600 | x=((39-9)*120) | x 39 9 - 120 * = | x:shelf 39:book 9:book -:book 120:shelf *:shelf =:shelf
EXPR: 0 | POS | INT | 15 | 9 | 168 | x=((39+9)+120) | x 39 9 + 120 + = | x:book 39:book 9:book +:book 120:book +:book =:book
EXPR: 0 | POS | INT | 15 | 9 | 729 | x=(9*(120-39)) | x 9 120 39 - * = | x:shelf 9:shelf 120:book 39:book -:book *:shelf =:shelf
EXPR: 0 | POS | INT | 15 | 9 | 5760 | ((39+9)*120)=x | 39 9 + 120 * x = | 39:book 9:book +:book 120:shelf *:shelf x:shelf =:shelf
EXPR: 0 | POS | INT | 15 | 9 | 90 | x=(9+(120-39)) | x 9 120 39 - + = | x:book 9:book 120:book 39:book -:book +:book =:book
EXPR: 0 | POS | INT | 15 | 9 | 168 | x=(9+(120+39)) | x 9 120 39 + + = | x:book 9:book 120:book 39:book +:book +:book =:book
EXPR: 0 | POS | INT | 15 | 9 | 3600 | ((39-9)*120)=x | 39 9 - 120 * x = | 39:book 9:book -:book 120:shelf *:shelf x:shelf =:shelf
EXPR: 0 | POS | INT | 15 | 9 | 168 | (9+(120+39))=x | 9 120 39 + + x = | 9:book 120:book 39:book +:book +:book x:book =:book
EXPR: 0 | POS | INT | 15 | 9 | 90 | (9+(120-39))=x | 9 120 39 - + x = | 9:book 120:book 39:book -:book +:book x:book =:book
EXPR: 0 | POS | INT | 15 | 9 | 150 | ((39-9)+120)=x | 39 9 - 120 + x = | 39:book 9:book -:book 120:book +:book x:book =:book
EXPR: 0 | POS | INT | 15 | 9 | 1431 | (9*(120+39))=x | 9 120 39 + * x = | 9:shelf 120:book 39:book +:book *:shelf x:shelf =:shelf
EXPR: 0 | POS | INT | 17 | 9 | 150 | 39=((x+9)-120) | 39 x 9 + 120 - = | 39:book x:book 9:book +:book 120:book -:book =:book
EXPR: 0 | POS | INT | 17 | 9 | 90 | 9=(x-(120-39)) | 9 x 120 39 - - = | 9:book x:book 120:book 39:book -:book -:book =:book
EXPR: 0 | POS | INT | 17 | 9 | 168 | 9=(x-(120+39)) | 9 x 120 39 + - = | 9:book x:book 120:book 39:book +:book -:book =:book
EXPR: 0 | POS | INT | 17 | 9 | 90 | (9-(x-120))=39 | 9 x 120 - - 39 = | 9:book x:book 120:book -:book -:book 39:book =:book
EXPR: 0 | POS | INT | 17 | 9 | 150 | (9+(x-120))=39 | 9 x 120 - + 39 = | 9:book x:book 120:book -:book +:book 39:book =:book
EXPR: 0 | POS | INT | 17 | 9 | 5760 | (x/(39+9))=120 | x 39 9 + / 120 = | x:shelf 39:book 9:book +:book /:shelf 120:shelf =:shelf
EXPR: 0 | POS | INT | 17 | 9 | 150 | 39=((9+x)-120) | 39 9 x + 120 - = | 39:book 9:book x:book +:book 120:book -:book =:book
EXPR: 0 | POS | INT | 17 | 9 | 90 | 39=((9-x)+120) | 39 9 x - 120 + = | 39:book 9:book x:book -:book 120:book +:book =:book
EXPR: 0 | POS | INT | 17 | 9 | 150 | 39=(x+(9-120)) | 39 x 9 120 - + = | 39:book x:book 9:book 120:book -:book +:book =:book
EXPR: 0 | POS | INT | 17 | 9 | 150 | ((x+9)-120)=39 | x 9 + 120 - 39 = | x:book 9:book +:book 120:book -:book 39:book =:book
EXPR: 0 | POS | INT | 17 | 9 | 168 | ((x-9)-120)=39 | x 9 - 120 - 39 = | x:book 9:book -:book 120:book -:book 39:book =:book
EXPR: 0 | POS | INT | 17 | 9 | 1431 | 9=(x/(120+39)) | 9 x 120 39 + / = | 9:shelf x:shelf 120:book 39:book +:book /:shelf =:shelf
EXPR: 1 | POS | INT | 17 | 9 | 9 | (x*9)=(120-39) | x 9 * 120 39 - = | x:shelf 9:book *:book 120:book 39:book -:book =:book
EXPR: 0 | POS | INT | 17 | 9 | 90 | ((x+39)-9)=120 | x 39 + 9 - 120 = | x:book 39:book +:book 9:book -:book 120:book =:book
EXPR: 0 | POS | INT | 17 | 9 | 90 | ((39+x)-9)=120 | 39 x + 9 - 120 = | 39:book x:book +:book 9:book -:book 120:book =:book
EXPR: 0 | POS | INT | 17 | 9 | 72 | ((39+x)+9)=120 | 39 x + 9 + 120 = | 39:book x:book +:book 9:book +:book 120:book =:book
EXPR: 0 | POS | INT | 17 | 9 | 150 | (x-(39-9))=120 | x 39 9 - - 120 = | x:book 39:book 9:book -:book -:book 120:book =:book
EXPR: 0 | POS | INT | 17 | 9 | 90 | (x+(39-9))=120 | x 39 9 - + 120 = | x:book 39:book 9:book -:book +:book 120:book =:book
EXPR: 0 | POS | INT | 17 | 9 | 150 | 39=((9-120)+x) | 39 9 120 - x + = | 39:book 9:book 120:book -:book x:book +:book =:book
EXPR: 0 | POS | INT | 17 | 9 | 729 | 9=(x/(120-39)) | 9 x 120 39 - / = | 9:shelf x:shelf 120:book 39:book -:book /:shelf =:shelf
EXPR: 0 | POS | INT | 17 | 9 | 150 | ((9+x)-120)=39 | 9 x + 120 - 39 = | 9:book x:book +:book 120:book -:book 39:book =:book
EXPR: 0 | POS | INT | 17 | 9 | 150 | 39=(9+(x-120)) | 39 9 x 120 - + = | 39:book 9:book x:book 120:book -:book +:book =:book
EXPR: 0 | POS | INT | 17 | 9 | 90 | (39-(9-x))=120 | 39 9 x - - 120 = | 39:book 9:book x:book -:book -:book 120:book =:book
EXPR: 0 | POS | INT | 17 | 9 | 90 | 9=((x-120)+39) | 9 x 120 - 39 + = | 9:book x:book 120:book -:book 39:book +:book =:book
EXPR: 0 | POS | INT | 17 | 9 | 90 | (39+(x-9))=120 | 39 x 9 - + 120 = | 39:book x:book 9:book -:book +:book 120:book =:book
EXPR: 0 | POS | INT | 17 | 9 | 90 | x=(9-(39-120)) | x 9 39 120 - - = | x:book 9:book 39:book 120:book -:book -:book =:book
EXPR: 0 | POS | INT | 17 | 9 | 150 | (x+(9-120))=39 | x 9 120 - + 39 = | x:book 9:book 120:book -:book +:book 39:book =:book
EXPR: 0 | POS | INT | 17 | 9 | 72 | (x+(39+9))=120 | x 39 9 + + 120 = | x:book 39:book 9:book +:book +:book 120:book =:book
EXPR: 0 | POS | INT | 17 | 9 | 90 | 39=(9-(x-120)) | 39 9 x 120 - - = | 39:book 9:book x:book 120:book -:book -:book =:book
EXPR: 0 | POS | INT | 17 | 9 | 150 | ((x-39)+9)=120 | x 39 - 9 + 120 = | x:book 39:book -:book 9:book +:book 120:book =:book
EXPR: 0 | POS | INT | 17 | 9 | 72 | (39+(x+9))=120 | 39 x 9 + + 120 = | 39:book x:book 9:book +:book +:book 120:book =:book
EXPR: 0 | POS | INT | 17 | 9 | 90 | ((9-x)+120)=39 | 9 x - 120 + 39 = | 9:book x:book -:book 120:book +:book 39:book =:book
EXPR: 0 | POS | INT | 17 | 9 | 72 | (39+(9+x))=120 | 39 9 x + + 120 = | 39:book 9:book x:book +:book +:book 120:book =:book
EXPR: 0 | POS | INT | 17 | 9 | 168 | (x-(39+9))=120 | x 39 9 + - 120 = | x:book 39:book 9:book +:book -:book 120:book =:book
EXPR: 0 | POS | INT | 17 | 9 | 90 | ((9-39)+120)=x | 9 39 - 120 + x = | 9:book 39:book -:book 120:book +:book x:book =:book
EXPR: 0 | POS | INT | 17 | 9 | 90 | ((39-9)+x)=120 | 39 9 - x + 120 = | 39:book 9:book -:book x:book +:book 120:book =:book
EXPR: 0 | POS | INT | 17 | 9 | 72 | 9=(120-(x+39)) | 9 120 x 39 + - = | 9:book 120:book x:book 39:book +:book -:book =:book
EXPR: 0 | POS | INT | 17 | 9 | 150 | 9=(120-(x-39)) | 9 120 x 39 - - = | 9:book 120:book x:book 39:book -:book -:book =:book
EXPR: 0 | POS | INT | 17 | 9 | 90 | (9-(39-120))=x | 9 39 120 - - x = | 9:book 39:book 120:book -:book -:book x:book =:book
EXPR: 0 | POS | INT | 17 | 9 | 72 | ((x+39)+9)=120 | x 39 + 9 + 120 = | x:book 39:book +:book 9:book +:book 120:book =:book
EXPR: 0 | POS | INT | 17 | 9 | 168 | ((x-39)-9)=120 | x 39 - 9 - 120 = | x:book 39:book -:book 9:book -:book 120:book =:book
EXPR: 0 | POS | INT | 17 | 9 | 168 | 9=((x-120)-39) | 9 x 120 - 39 - = | 9:book x:book 120:book -:book 39:book -:book =:book
EXPR: 0 | POS | INT | 17 | 9 | 72 | ((39+9)+x)=120 | 39 9 + x + 120 = | 39:book 9:book +:book x:book +:book 120:book =:book
EXPR: 0 | POS | INT | 19 | 9 | 90 | 9=((x+39)-120) | 9 x 39 + 120 - = | 9:book x:book 39:book +:book 120:book -:book =:book
EXPR: 0 | POS | INT | 19 | 9 | 150 | ((x+9)-39)=120 | x 9 + 39 - 120 = | x:book 9:book +:book 39:book -:book 120:book =:book
EXPR: 0 | POS | INT | 19 | 9 | 72 | ((x+9)+39)=120 | x 9 + 39 + 120 = | x:book 9:book +:book 39:book +:book 120:book =:book
EXPR: 0 | POS | INT | 19 | 9 | 168 | ((x-9)-39)=120 | x 9 - 39 - 120 = | x:book 9:book -:book 39:book -:book 120:book =:book
EXPR: 0 | POS | INT | 19 | 9 | 150 | ((9+x)-39)=120 | 9 x + 39 - 120 = | 9:book x:book +:book 39:book -:book 120:book =:book
EXPR: 0 | POS | INT | 19 | 9 | 72 | ((9+x)+39)=120 | 9 x + 39 + 120 = | 9:book x:book +:book 39:book +:book 120:book =:book
EXPR: 0 | POS | INT | 19 | 9 | 90 | ((x-9)+39)=120 | x 9 - 39 + 120 = | x:book 9:book -:book 39:book +:book 120:book =:book
EXPR: 0 | POS | INT | 19 | 9 | 150 | (9-(39-x))=120 | 9 39 x - - 120 = | 9:book 39:book x:book -:book -:book 120:book =:book
EXPR: 0 | POS | INT | 19 | 9 | 90 | 9=((39+x)-120) | 9 39 x + 120 - = | 9:book 39:book x:book +:book 120:book -:book =:book
EXPR: 0 | POS | INT | 19 | 9 | 150 | (9+(x-39))=120 | 9 x 39 - + 120 = | 9:book x:book 39:book -:book +:book 120:book =:book
EXPR: 0 | POS | INT | 19 | 9 | 90 | (x-(9-39))=120 | x 9 39 - - 120 = | x:book 9:book 39:book -:book -:book 120:book =:book
EXPR: 0 | POS | INT | 19 | 9 | 150 | (x+(9-39))=120 | x 9 39 - + 120 = | x:book 9:book 39:book -:book +:book 120:book =:book
EXPR: 0 | POS | INT | 19 | 9 | 90 | 9=(39+(x-120)) | 9 39 x 120 - + = | 9:book 39:book x:book 120:book -:book +:book =:book
EXPR: 0 | POS | INT | 19 | 9 | 168 | 9=((x-39)-120) | 9 x 39 - 120 - = | 9:book x:book 39:book -:book 120:book -:book =:book
EXPR: 0 | POS | INT | 19 | 9 | 72 | (9+(39+x))=120 | 9 39 x + + 120 = | 9:book 39:book x:book +:book +:book 120:book =:book
EXPR: 0 | POS | INT | 20 | 9 | 4671 | x=((120*39)-9) | x 120 39 * 9 - = | x:shelf 120:book 39:shelf *:shelf 9:shelf -:shelf =:shelf
EXPR: 0 | POS | INT | 20 | 9 | 4689 | x=((120*39)+9) | x 120 39 * 9 + = | x:shelf 120:book 39:shelf *:shelf 9:shelf +:shelf =:shelf
EXPR: 0 | POS | INT | 20 | 9 | 4689 | ((120*39)+9)=x | 120 39 * 9 + x = | 120:shelf 39:book *:book 9:book +:book x:book =:book
EXPR: 0 | POS | INT | 20 | 9 | 4671 | ((120*39)-9)=x | 120 39 * 9 - x = | 120:shelf 39:book *:book 9:book -:book x:book =:book
EXPR: 0 | POS | INT | 20 | 9 | 471 | (120+(39*9))=x | 120 39 9 * + x = | 120:book 39:book 9:shelf *:book +:book x:book =:book
EXPR: 1 | POS | INT | 20 | 9 | 9 | x=((120-39)/9) | x 120 39 - 9 / = | x:book 120:book 39:book -:book 9:shelf /:book =:book
EXPR: 0 | POS | INT | 20 | 9 | 471 | x=(120+(39*9)) | x 120 39 9 * + = | x:shelf 120:shelf 39:book 9:shelf *:shelf +:shelf =:shelf
EXPR: 1 | POS | INT | 20 | 9 | 9 | ((120-39)/9)=x | 120 39 - 9 / x = | 120:book 39:book -:book 9:shelf /:book x:book =:book
EXPR: 0 | POS | INT | 22 | 9 | 1041 | 120=((x+39)/9) | 120 x 39 + 9 / = | 120:book x:book 39:book +:book 9:shelf /:book =:book
EXPR: 0 | POS | INT | 22 | 9 | 5031 | 120=((x/39)-9) | 120 x 39 / 9 - = | 120:book x:book 39:shelf /:book 9:book -:book =:book
EXPR: 0 | POS | INT | 22 | 9 | 1119 | 120=((x-39)/9) | 120 x 39 - 9 / = | 120:book x:book 39:book -:book 9:shelf /:book =:book
EXPR: 0 | POS | INT | 22 | 9 | 729 | 120=(39+(x/9)) | 120 39 x 9 / + = | 120:book 39:book x:book 9:shelf /:book +:book =:book
EXPR: 0 | POS | INT | 22 | 9 | 231 | 120=((39*9)-x) | 120 39 9 * x - = | 120:book 39:shelf 9:book *:book x:book -:book =:book
EXPR: 0 | POS | INT | 22 | 9 | 4329 | (120-(x/39))=9 | 120 x 39 / - 9 = | 120:book x:book 39:shelf /:book -:book 9:book =:book
EXPR: 0 | POS | INT | 22 | 9 | 471 | 120=(x-(39*9)) | 120 x 39 9 * - = | 120:book x:book 39:book 9:shelf *:book -:book =:book
EXPR: 0 | POS | INT | 22 | 9 | 1041 | 120=((39+x)/9) | 120 39 x + 9 / = | 120:book 39:book x:book +:book 9:shelf /:book =:book
EXPR: 0 | POS | INT | 22 | 9 | 520 | (120*39)=(9*x) | 120 39 * 9 x * = | 120:shelf 39:book *:shelf 9:book x:shelf *:shelf =:shelf
EXPR: 0 | POS | INT | 22 | 9 | 4671 | ((120*39)-x)=9 | 120 39 * x - 9 = | 120:book 39:shelf *:shelf x:shelf -:shelf 9:shelf =:shelf
EXPR: 0 | POS | INT | 22 | 9 | 1119 | (39+(120*9))=x | 39 120 9 * + x = | 39:book 120:book 9:shelf *:book +:book x:book =:book
EXPR: 0 | POS | INT | 22 | 9 | 90 | (120-x)=(39-9) | 120 x - 39 9 - = | 120:book x:book -:book 39:book 9:book -:book =:book
EXPR: 0 | POS | INT | 22 | 9 | 42120 | (x/120)=(39*9) | x 120 / 39 9 * = | x:shelf 120:book /:shelf 39:book 9:shelf *:shelf =:shelf
EXPR: 0 | POS | INT | 22 | 9 | 1041 | x=((120*9)-39) | x 120 9 * 39 - = | x:shelf 120:book 9:shelf *:shelf 39:shelf -:shelf =:shelf
EXPR: 0 | POS | INT | 22 | 9 | 1119 | x=((120*9)+39) | x 120 9 * 39 + = | x:shelf 120:book 9:shelf *:shelf 39:shelf +:shelf =:shelf
EXPR: 0 | POS | INT | 22 | 9 | 150 | (120+39)=(9+x) | 120 39 + 9 x + = | 120:book 39:book +:book 9:book x:book +:book =:book
EXPR: 0 | POS | INT | 22 | 9 | 90 | (120-39)=(x-9) | 120 39 - x 9 - = | 120:book 39:book -:book x:book 9:book -:book =:book
EXPR: 0 | POS | INT | 22 | 9 | 72 | (120-x)=(39+9) | 120 x - 39 9 + = | 120:book x:book -:book 39:book 9:book +:book =:book
EXPR: 0 | POS | INT | 22 | 9 | 150 | (x-120)=(39-9) | x 120 - 39 9 - = | x:book 120:book -:book 39:book 9:book -:book =:book
EXPR: 0 | POS | INT | 22 | 9 | 1119 | x=(39+(120*9)) | x 39 120 9 * + = | x:shelf 39:shelf 120:book 9:shelf *:shelf +:shelf =:shelf
EXPR: 0 | POS | INT | 22 | 9 | 4329 | 120=((x/39)+9) | 120 x 39 / 9 + = | 120:book x:book 39:shelf /:book 9:book +:book =:book
EXPR: 0 | POS | INT | 22 | 9 | 168 | (x-120)=(39+9) | x 120 - 39 9 + = | x:book 120:book -:book 39:book 9:book +:book =:book
EXPR: 0 | POS | INT | 22 | 9 | 72 | (120-39)=(9+x) | 120 39 - 9 x + = | 120:book 39:book -:book 9:book x:book +:book =:book
EXPR: 0 | POS | INT | 22 | 9 | 4689 | (x-(120*39))=9 | x 120 39 * - 9 = | x:book 120:shelf 39:book *:book -:book 9:book =:book
EXPR: 0 | POS | INT | 22 | 9 | 520 | (120*39)=(x*9) | 120 39 * x 9 * = | 120:book 39:shelf *:book x:shelf 9:book *:book =:book
EXPR: 0 | POS | INT | 22 | 9 | 72 | (120-39)=(x+9) | 120 39 - x 9 + = | 120:book 39:book -:book x:book 9:book +:book =:book
EXPR: 0 | POS | INT | 22 | 9 | 1119 | ((120*9)+39)=x | 120 9 * 39 + x = | 120:shelf 9:book *:book 39:book +:book x:book =:book
EXPR: 0 | POS | INT | 22 | 9 | 4329 | (39*(120-9))=x | 39 120 9 - * x = | 39:book 120:shelf 9:shelf -:shelf *:shelf x:shelf =:shelf
EXPR: 0 | POS | INT | 22 | 9 | 471 | ((x-120)/39)=9 | x 120 - 39 / 9 = | x:shelf 120:shelf -:shelf 39:book /:shelf 9:shelf =:shelf
EXPR: 0 | POS | INT | 22 | 9 | 231 | ((x+120)/39)=9 | x 120 + 39 / 9 = | x:shelf 120:shelf +:shelf 39:book /:shelf 9:shelf =:shelf
EXPR: 0 | POS | INT | 22 | 9 | 231 | ((120+x)/39)=9 | 120 x + 39 / 9 = | 120:shelf x:shelf +:shelf 39:book /:shelf 9:shelf =:shelf
EXPR: 0 | POS | INT | 22 | 9 | 150 | (120+39)=(x+9) | 120 39 + x 9 + = | 120:book 39:book +:book x:book 9:book +:book =:book
EXPR: 0 | POS | INT | 22 | 9 | 42120 | (120*39)=(x/9) | 120 39 * x 9 / = | 120:shelf 39:book *:shelf x:shelf 9:book /:shelf =:shelf
EXPR: 0 | POS | INT | 22 | 9 | 168 | (120+39)=(x-9) | 120 39 + x 9 - = | 120:book 39:book +:book x:book 9:book -:book =:book
EXPR: 0 | POS | INT | 22 | 9 | 1041 | ((120*9)-39)=x | 120 9 * 39 - x = | 120:book 9:shelf *:book 39:book -:book x:book =:book
NET 230 unique, non-negative, integer-valued solutions found out of 1000 total solutions
