parameters: n=7 l=3 k=1 p=5 q=3 m=9
TOTAL 1000 solutions found
SOLN: CORRECT | POS/NEG | INT/FRA | OBJ-SCORE | TRUE-ANS | ANS | INFIX | POSTFIX | TYPED-POSTFIX
EXPR: 0 | POS | INT | 10 | 3 | 7 | x=((25+10)/5) | x 25 10 + 5 / = | x:picture 25:picture 10:picture +:picture 5:album /:picture =:picture
EXPR: 1 | POS | INT | 10 | 3 | 3 | ((25-10)/5)=x | 25 10 - 5 / x = | 25:picture 10:picture -:picture 5:album /:picture x:picture =:picture
EXPR: 0 | POS | INT | 10 | 3 | 27 | x=(25+(10/5)) | x 25 10 5 / + = | x:picture 25:picture 10:picture 5:album /:picture +:picture =:picture
EXPR: 0 | POS | INT | 10 | 3 | 125 | (25*(10-5))=x | 25 10 5 - * x = | 25:picture 10:album 5:album -:album *:picture x:picture =:picture
EXPR: 0 | POS | INT | 10 | 3 | 255 | x=((25*10)+5) | x 25 10 * 5 + = | x:picture 25:picture 10:pic *:picture 5:picture +:picture =:picture
EXPR: 0 | POS | INT | 10 | 3 | 245 | ((25*10)-5)=x | 25 10 * 5 - x = | 25:picture 10:pic *:picture 5:picture -:picture x:picture =:picture
EXPR: 0 | POS | INT | 10 | 3 | 5 | (25/(10-5))=x | 25 10 5 - / x = | 25:picture 10:album 5:album -:album /:picture x:picture =:picture
EXPR: 0 | POS | INT | 10 | 3 | 375 | x=(25*(10+5)) | x 25 10 5 + * = | x:picture 25:picture 10:album 5:album +:album *:picture =:picture
EXPR: 0 | POS | INT | 10 | 3 | 5 | x=(25/(10-5)) | x 25 10 5 - / = | x:picture 25:picture 10:album 5:album -:album /:picture =:picture
EXPR: 1 | POS | INT | 10 | 3 | 3 | x=((25-10)/5) | x 25 10 - 5 / = | x:picture 25:picture 10:picture -:picture 5:album /:picture =:picture
EXPR: 0 | POS | INT | 10 | 3 | 75 | x=(25+(10*5)) | x 25 10 5 * + = | x:picture 25:picture 10:picture 5:album *:picture +:picture =:picture
EXPR: 0 | POS | INT | 10 | 3 | 125 | x=(25*(10-5)) | x 25 10 5 - * = | x:picture 25:picture 10:pic 5:pic -:pic *:picture =:picture
EXPR: 0 | POS | INT | 10 | 3 | 23 | (25-(10/5))=x | 25 10 5 / - x = | 25:picture 10:picture 5:album /:picture -:picture x:picture =:picture
EXPR: 0 | POS | INT | 10 | 3 | 27 | (25+(10/5))=x | 25 10 5 / + x = | 25:picture 10:picture 5:album /:picture +:picture x:picture =:picture
EXPR: 0 | POS | INT | 10 | 3 | 175 | ((25+10)*5)=x | 25 10 + 5 * x = | 25:picture 10:picture +:picture 5:album *:picture x:picture =:picture
EXPR: 0 | POS | INT | 10 | 3 | 255 | ((25*10)+5)=x | 25 10 * 5 + x = | 25:picture 10:pic *:picture 5:picture +:picture x:picture =:picture
EXPR: 0 | POS | INT | 10 | 3 | 75 | ((25-10)*5)=x | 25 10 - 5 * x = | 25:picture 10:picture -:picture 5:album *:picture x:picture =:picture
EXPR: 0 | POS | INT | 10 | 3 | 375 | (25*(10+5))=x | 25 10 5 + * x = | 25:picture 10:album 5:album +:album *:picture x:picture =:picture
EXPR: 0 | POS | INT | 10 | 3 | 7 | ((25+10)/5)=x | 25 10 + 5 / x = | 25:picture 10:picture +:picture 5:album /:picture x:picture =:picture
EXPR: 0 | POS | INT | 10 | 3 | 75 | (25+(10*5))=x | 25 10 5 * + x = | 25:picture 10:picture 5:album *:picture +:picture x:picture =:picture
EXPR: 0 | POS | INT | 10 | 3 | 175 | x=((25+10)*5) | x 25 10 + 5 * = | x:picture 25:picture 10:picture +:picture 5:album *:picture =:picture
EXPR: 0 | POS | INT | 10 | 3 | 75 | x=((25-10)*5) | x 25 10 - 5 * = | x:picture 25:picture 10:picture -:picture 5:album *:picture =:picture
EXPR: 0 | POS | INT | 10 | 3 | 245 | x=((25*10)-5) | x 25 10 * 5 - = | x:picture 25:picture 10:pic *:picture 5:picture -:picture =:picture
EXPR: 0 | POS | INT | 10 | 3 | 23 | x=(25-(10/5)) | x 25 10 5 / - = | x:picture 25:picture 10:picture 5:album /:picture -:picture =:picture
EXPR: 0 | POS | INT | 12 | 3 | 25 | ((x+25)/10)=5 | x 25 + 10 / 5 = | x:picture 25:picture +:picture 10:pic /:picture 5:picture =:picture
EXPR: 0 | POS | INT | 12 | 3 | 5 | 25=(x*(10-5)) | 25 x 10 5 - * = | 25:picture x:picture 10:album 5:album -:album *:picture =:picture
EXPR: 0 | POS | INT | 12 | 3 | 135 | x=(10+(25*5)) | x 10 25 5 * + = | x:picture 10:picture 25:picture 5:album *:picture +:picture =:picture
EXPR: 0 | POS | INT | 12 | 3 | 2 | ((25-5)/10)=x | 25 5 - 10 / x = | 25:picture 5:picture -:picture 10:pic /:picture x:picture =:picture
EXPR: 0 | POS | INT | 12 | 3 | 135 | x=((25*5)+10) | x 25 5 * 10 + = | x:picture 25:picture 5:album *:picture 10:picture +:picture =:picture
EXPR: 0 | POS | INT | 12 | 3 | 115 | x=((25*5)-10) | x 25 5 * 10 - = | x:picture 25:picture 5:album *:picture 10:picture -:picture =:picture
EXPR: 0 | POS | INT | 12 | 3 | 15 | x=((25/5)+10) | x 25 5 / 10 + = | x:picture 25:picture 5:album /:picture 10:picture +:picture =:picture
EXPR: 0 | POS | INT | 12 | 3 | 125 | 25=(x/(10-5)) | 25 x 10 5 - / = | 25:picture x:picture 10:pic 5:pic -:pic /:picture =:picture
EXPR: 0 | POS | INT | 12 | 3 | 375 | 25=(x/(10+5)) | 25 x 10 5 + / = | 25:picture x:picture 10:pic 5:pic +:pic /:picture =:picture
EXPR: 0 | POS | INT | 12 | 3 | 115 | ((25*5)-10)=x | 25 5 * 10 - x = | 25:picture 5:album *:picture 10:picture -:picture x:picture =:picture
EXPR: 0 | POS | INT | 12 | 3 | 135 | ((25*5)+10)=x | 25 5 * 10 + x = | 25:picture 5:album *:picture 10:picture +:picture x:picture =:picture
EXPR: 0 | POS | INT | 12 | 3 | 15 | ((25/5)+10)=x | 25 5 / 10 + x = | 25:picture 5:album /:picture 10:picture +:picture x:picture =:picture
EXPR: 1 | POS | INT | 12 | 3 | 3 | ((25+5)/10)=x | 25 5 + 10 / x = | 25:picture 5:picture +:picture 10:pic /:picture x:picture =:picture
EXPR: 0 | POS | INT | 12 | 3 | 115 | 25=((x+10)/5) | 25 x 10 + 5 / = | 25:picture x:picture 10:picture +:picture 5:album /:picture =:picture
EXPR: 0 | POS | INT | 12 | 3 | 135 | 25=((x-10)/5) | 25 x 10 - 5 / = | 25:picture x:picture 10:picture -:picture 5:album /:picture =:picture
EXPR: 1 | POS | INT | 12 | 3 | 3 | x=((25+5)/10) | x 25 5 + 10 / = | x:picture 25:picture 5:picture +:picture 10:pic /:picture =:picture
EXPR: 0 | POS | INT | 12 | 3 | 75 | 25=(x-(10*5)) | 25 x 10 5 * - = | 25:picture x:picture 10:picture 5:album *:picture -:picture =:picture
EXPR: 0 | POS | INT | 12 | 3 | 200 | ((25-5)*10)=x | 25 5 - 10 * x = | 25:picture 5:picture -:picture 10:pic *:picture x:picture =:picture
EXPR: 0 | POS | INT | 12 | 3 | 200 | x=((25-5)*10) | x 25 5 - 10 * = | x:picture 25:picture 5:picture -:picture 10:pic *:picture =:picture
EXPR: 0 | POS | INT | 12 | 3 | 115 | 25=((10+x)/5) | 25 10 x + 5 / = | 25:picture 10:picture x:picture +:picture 5:album /:picture =:picture
EXPR: 0 | POS | INT | 12 | 3 | 15 | x=(10+(25/5)) | x 10 25 5 / + = | x:picture 10:picture 25:picture 5:album /:picture +:picture =:picture
EXPR: 0 | POS | INT | 12 | 3 | 75 | 25=(10+(x/5)) | 25 10 x 5 / + = | 25:picture 10:picture x:picture 5:album /:picture +:picture =:picture
EXPR: 0 | POS | INT | 12 | 3 | 2 | 25=((10*x)+5) | 25 10 x * 5 + = | 25:picture 10:pic x:picture *:picture 5:picture +:picture =:picture
EXPR: 0 | POS | INT | 12 | 3 | 300 | ((25+5)*10)=x | 25 5 + 10 * x = | 25:picture 5:picture +:picture 10:pic *:picture x:picture =:picture
EXPR: 0 | POS | INT | 12 | 3 | 75 | ((x-25)/10)=5 | x 25 - 10 / 5 = | x:picture 25:picture -:picture 10:pic /:picture 5:picture =:picture
EXPR: 0 | POS | INT | 12 | 3 | 200 | (10*(25-5))=x | 10 25 5 - * x = | 10:pic 25:picture 5:picture -:picture *:picture x:picture =:picture
EXPR: 0 | POS | INT | 12 | 3 | 300 | (10*(25+5))=x | 10 25 5 + * x = | 10:pic 25:picture 5:picture +:picture *:picture x:picture =:picture
EXPR: 1 | POS | INT | 12 | 3 | 3 | 25=(10+(x*5)) | 25 10 x 5 * + = | 25:picture 10:picture x:picture 5:album *:picture +:picture =:picture
EXPR: 0 | POS | INT | 12 | 3 | 5 | 25=((10-x)*5) | 25 10 x - 5 * = | 25:picture 10:picture x:picture -:picture 5:album *:picture =:picture
EXPR: 0 | POS | INT | 12 | 3 | 200 | x=(10*(25-5)) | x 10 25 5 - * = | x:picture 10:pic 25:picture 5:picture -:picture *:picture =:picture
EXPR: 0 | POS | INT | 12 | 3 | 300 | x=(10*(25+5)) | x 10 25 5 + * = | x:picture 10:pic 25:picture 5:picture +:picture *:picture =:picture
EXPR: 0 | POS | INT | 12 | 3 | 5 | 25=((10-5)*x) | 25 10 5 - x * = | 25:picture 10:pic 5:pic -:pic x:picture *:picture =:picture
EXPR: 0 | POS | INT | 12 | 3 | 5 | (10-(25/5))=x | 10 25 5 / - x = | 10:picture 25:picture 5:album /:picture -:picture x:picture =:picture
EXPR: 0 | POS | INT | 12 | 3 | 15 | (10+(25/5))=x | 10 25 5 / + x = | 10:picture 25:picture 5:album /:picture +:picture x:picture =:picture
EXPR: 0 | POS | INT | 14 | 3 | 23 | ((25-x)*5)=10 | 25 x - 5 * 10 = | 25:picture x:picture -:picture 5:pic *:pic 10:pic =:pic
EXPR: 0 | POS | INT | 14 | 3 | 25 | ((x+25)/5)=10 | x 25 + 5 / 10 = | x:picture 25:picture +:picture 5:album /:picture 10:picture =:picture
EXPR: 0 | POS | INT | 14 | 3 | 27 | ((x-25)*5)=10 | x 25 - 5 * 10 = | x:picture 25:picture -:picture 5:pic *:pic 10:pic =:pic
EXPR: 0 | POS | INT | 14 | 3 | 15 | 25=(5*(x-10)) | 25 5 x 10 - * = | 25:picture 5:album x:picture 10:picture -:picture *:picture =:picture
EXPR: 0 | POS | INT | 14 | 3 | 75 | ((x-25)/5)=10 | x 25 - 5 / 10 = | x:picture 25:picture -:picture 5:album /:picture 10:picture =:picture
EXPR: 1 | POS | INT | 14 | 3 | 3 | 10=(25-(x*5)) | 10 25 x 5 * - = | 10:picture 25:picture x:picture 5:album *:picture -:picture =:picture
EXPR: 0 | POS | INT | 14 | 3 | 27 | 10=((x-25)*5) | 10 x 25 - 5 * = | 10:pic x:picture 25:picture -:picture 5:pic *:pic =:pic
EXPR: 0 | POS | INT | 14 | 3 | 5 | 25=(5*(10-x)) | 25 5 10 x - * = | 25:picture 5:album 10:picture x:picture -:picture *:picture =:picture
EXPR: 0 | POS | INT | 14 | 3 | 5 | 10=(x+(25/5)) | 10 x 25 5 / + = | 10:picture x:picture 25:picture 5:album /:picture +:picture =:picture
EXPR: 0 | POS | INT | 14 | 3 | 15 | 10=(x-(25/5)) | 10 x 25 5 / - = | 10:picture x:picture 25:picture 5:album /:picture -:picture =:picture
EXPR: 0 | POS | INT | 14 | 3 | 25 | ((25+x)/5)=10 | 25 x + 5 / 10 = | 25:picture x:picture +:picture 5:album /:picture 10:picture =:picture
EXPR: 1 | POS | INT | 14 | 3 | 3 | (25-(5*x))=10 | 25 5 x * - 10 = | 25:picture 5:album x:picture *:picture -:picture 10:picture =:picture
EXPR: 0 | POS | INT | 14 | 3 | 245 | 25=((5+x)/10) | 25 5 x + 10 / = | 25:picture 5:picture x:picture +:picture 10:pic /:picture =:picture
EXPR: 0 | POS | INT | 14 | 3 | 135 | 10=(x-(25*5)) | 10 x 25 5 * - = | 10:picture x:picture 25:picture 5:album *:picture -:picture =:picture
EXPR: 0 | POS | INT | 14 | 3 | 25 | 10=((x+25)/5) | 10 x 25 + 5 / = | 10:picture x:picture 25:picture +:picture 5:album /:picture =:picture
EXPR: 0 | POS | INT | 14 | 3 | 75 | 10=((x-25)/5) | 10 x 25 - 5 / = | 10:picture x:picture 25:picture -:picture 5:album /:picture =:picture
EXPR: 0 | POS | INT | 14 | 3 | 115 | ((25*5)-x)=10 | 25 5 * x - 10 = | 25:picture 5:album *:picture x:picture -:picture 10:picture =:picture
EXPR: 0 | POS | INT | 14 | 3 | 5 | ((25/5)+x)=10 | 25 5 / x + 10 = | 25:picture 5:album /:picture x:picture +:picture 10:picture =:picture
EXPR: 0 | POS | INT | 14 | 3 | 25 | 10=((25+x)/5) | 10 25 x + 5 / = | 10:picture 25:picture x:picture +:picture 5:album /:picture =:picture
EXPR: 0 | POS | INT | 14 | 3 | 2 | 25=(5+(x*10)) | 25 5 x 10 * + = | 25:picture 5:picture x:picture 10:pic *:picture +:picture =:picture
EXPR: 1 | POS | INT | 14 | 3 | 3 | (25-(x*5))=10 | 25 x 5 * - 10 = | 25:picture x:picture 5:album *:picture -:picture 10:picture =:picture
EXPR: 1 | POS | INT | 14 | 3 | 3 | 10=(25-(5*x)) | 10 25 5 x * - = | 10:picture 25:picture 5:album x:picture *:picture -:picture =:picture
EXPR: 0 | POS | INT | 15 | 3 | 375 | ((10+5)*25)=x | 10 5 + 25 * x = | 10:album 5:album +:album 25:picture *:picture x:picture =:picture
EXPR: 0 | POS | INT | 15 | 3 | 255 | (5+(25*10))=x | 5 25 10 * + x = | 5:picture 25:picture 10:pic *:picture +:picture x:picture =:picture
EXPR: 0 | POS | INT | 15 | 3 | 125 | x=((10-5)*25) | x 10 5 - 25 * = | x:picture 10:album 5:album -:album 25:picture *:picture =:picture
EXPR: 0 | POS | INT | 15 | 3 | 375 | x=((10+5)*25) | x 10 5 + 25 * = | x:picture 10:album 5:album +:album 25:picture *:picture =:picture
EXPR: 0 | POS | INT | 15 | 3 | 255 | x=(5+(25*10)) | x 5 25 10 * + = | x:picture 5:picture 25:picture 10:pic *:picture +:picture =:picture
EXPR: 0 | POS | INT | 15 | 3 | 27 | ((10/5)+25)=x | 10 5 / 25 + x = | 10:picture 5:album /:picture 25:picture +:picture x:picture =:picture
EXPR: 0 | POS | INT | 15 | 3 | 75 | (5*(25-10))=x | 5 25 10 - * x = | 5:album 25:picture 10:picture -:picture *:picture x:picture =:picture
EXPR: 0 | POS | INT | 15 | 3 | 175 | (5*(25+10))=x | 5 25 10 + * x = | 5:album 25:picture 10:picture +:picture *:picture x:picture =:picture
EXPR: 0 | POS | INT | 15 | 3 | 125 | ((10-5)*25)=x | 10 5 - 25 * x = | 10:album 5:album -:album 25:picture *:picture x:picture =:picture
EXPR: 0 | POS | INT | 15 | 3 | 75 | x=((10*5)+25) | x 10 5 * 25 + = | x:picture 10:pic 5:picture *:picture 25:picture +:picture =:picture
EXPR: 0 | POS | INT | 15 | 3 | 25 | x=((10*5)-25) | x 10 5 * 25 - = | x:picture 10:pic 5:picture *:picture 25:picture -:picture =:picture
EXPR: 0 | POS | INT | 17 | 3 | 23 | (5*(25-x))=10 | 5 25 x - * 10 = | 5:album 25:picture x:picture -:picture *:album 10:album =:album
EXPR: 1 | POS | INT | 17 | 3 | 3 | ((10*x)-5)=25 | 10 x * 5 - 25 = | 10:pic x:picture *:picture 5:picture -:picture 25:picture =:picture
EXPR: 0 | POS | INT | 17 | 3 | 27 | 10=(5*(x-25)) | 10 5 x 25 - * = | 10:picture 5:album x:picture 25:picture -:picture *:picture =:picture
EXPR: 0 | POS | INT | 17 | 3 | 125 | (x/(10-5))=25 | x 10 5 - / 25 = | x:picture 10:pic 5:pic -:pic /:picture 25:picture =:picture
EXPR: 0 | POS | INT | 17 | 3 | 375 | (x/(10+5))=25 | x 10 5 + / 25 = | x:picture 10:pic 5:pic +:pic /:picture 25:picture =:picture
EXPR: 0 | POS | INT | 17 | 3 | 135 | ((x-10)/5)=25 | x 10 - 5 / 25 = | x:picture 10:picture -:picture 5:album /:picture 25:picture =:picture
EXPR: 0 | POS | INT | 17 | 3 | 23 | 10=(5*(25-x)) | 10 5 25 x - * = | 10:pic 5:pic 25:picture x:picture -:picture *:pic =:pic
EXPR: 0 | POS | INT | 17 | 3 | 115 | ((x+10)/5)=25 | x 10 + 5 / 25 = | x:picture 10:picture +:picture 5:album /:picture 25:picture =:picture
EXPR: 0 | POS | INT | 17 | 3 | 25 | ((10*5)-x)=25 | 10 5 * x - 25 = | 10:pic 5:picture *:picture x:picture -:picture 25:picture =:picture
EXPR: 0 | POS | INT | 17 | 3 | 75 | (x-(10*5))=25 | x 10 5 * - 25 = | x:picture 10:picture 5:album *:picture -:picture 25:picture =:picture
EXPR: 0 | POS | INT | 17 | 3 | 2 | 5=(25-(x*10)) | 5 25 x 10 * - = | 5:picture 25:picture x:picture 10:pic *:picture -:picture =:picture
EXPR: 0 | POS | INT | 17 | 3 | 27 | (x-(10/5))=25 | x 10 5 / - 25 = | x:picture 10:picture 5:album /:picture -:picture 25:picture =:picture
EXPR: 0 | POS | INT | 17 | 3 | 23 | (x+(10/5))=25 | x 10 5 / + 25 = | x:picture 10:picture 5:album /:picture +:picture 25:picture =:picture
EXPR: 0 | POS | INT | 17 | 3 | 7 | 10=((5*x)-25) | 10 5 x * 25 - = | 10:picture 5:album x:picture *:picture 25:picture -:picture =:picture
EXPR: 0 | POS | INT | 17 | 3 | 27 | (5*(x-25))=10 | 5 x 25 - * 10 = | 5:pic x:picture 25:picture -:picture *:pic 10:pic =:pic
EXPR: 0 | POS | INT | 17 | 3 | 300 | ((x/10)-5)=25 | x 10 / 5 - 25 = | x:picture 10:pic /:picture 5:picture -:picture 25:picture =:picture
EXPR: 0 | POS | INT | 17 | 3 | 200 | ((x/10)+5)=25 | x 10 / 5 + 25 = | x:picture 10:pic /:picture 5:picture +:picture 25:picture =:picture
EXPR: 0 | POS | INT | 17 | 3 | 7 | 10=((x*5)-25) | 10 x 5 * 25 - = | 10:picture x:picture 5:album *:picture 25:picture -:picture =:picture
EXPR: 0 | POS | INT | 17 | 3 | 25 | 5=((x+25)/10) | 5 x 25 + 10 / = | 5:picture x:picture 25:picture +:picture 10:pic /:picture =:picture
EXPR: 1 | POS | INT | 17 | 3 | 3 | ((x*10)-5)=25 | x 10 * 5 - 25 = | x:picture 10:pic *:picture 5:picture -:picture 25:picture =:picture
EXPR: 0 | POS | INT | 17 | 3 | 2 | ((x*10)+5)=25 | x 10 * 5 + 25 = | x:picture 10:pic *:picture 5:picture +:picture 25:picture =:picture
EXPR: 0 | POS | INT | 17 | 3 | 175 | 10=((x/5)-25) | 10 x 5 / 25 - = | 10:picture x:picture 5:album /:picture 25:picture -:picture =:picture
EXPR: 0 | POS | INT | 17 | 3 | 5 | (x*(10-5))=25 | x 10 5 - * 25 = | x:picture 10:pic 5:pic -:pic *:picture 25:picture =:picture
EXPR: 0 | POS | INT | 17 | 3 | 175 | ((x/5)-25)=10 | x 5 / 25 - 10 = | x:picture 5:album /:picture 25:picture -:picture 10:picture =:picture
EXPR: 1 | POS | INT | 17 | 3 | 3 | (10+(5*x))=25 | 10 5 x * + 25 = | 10:picture 5:album x:picture *:picture +:picture 25:picture =:picture
EXPR: 0 | POS | INT | 17 | 3 | 245 | 5=((25*10)-x) | 5 25 10 * x - = | 5:picture 25:picture 10:pic *:picture x:picture -:picture =:picture
EXPR: 0 | POS | INT | 19 | 3 | 245 | ((5+x)/10)=25 | 5 x + 10 / 25 = | 5:picture x:picture +:picture 10:pic /:picture 25:picture =:picture
EXPR: 0 | POS | INT | 19 | 3 | 245 | ((x+5)/10)=25 | x 5 + 10 / 25 = | x:picture 5:picture +:picture 10:pic /:picture 25:picture =:picture
EXPR: 0 | POS | INT | 19 | 3 | 27 | 5=(10/(x-25)) | 5 10 x 25 - / = | 5:pic 10:pic x:picture 25:picture -:picture /:pic =:pic
EXPR: 0 | POS | INT | 19 | 3 | 23 | 5=(10/(25-x)) | 5 10 25 x - / = | 5:pic 10:pic 25:picture x:picture -:picture /:pic =:pic
EXPR: 0 | POS | INT | 19 | 3 | 5 | (5*(10-x))=25 | 5 10 x - * 25 = | 5:album 10:picture x:picture -:picture *:picture 25:picture =:picture
EXPR: 0 | POS | INT | 19 | 3 | 255 | ((x-5)/10)=25 | x 5 - 10 / 25 = | x:picture 5:picture -:picture 10:pic /:picture 25:picture =:picture
EXPR: 1 | POS | INT | 19 | 3 | 3 | ((x*5)+10)=25 | x 5 * 10 + 25 = | x:picture 5:album *:picture 10:picture +:picture 25:picture =:picture
EXPR: 1 | POS | INT | 19 | 3 | 3 | 5=((x*10)-25) | 5 x 10 * 25 - = | 5:picture x:picture 10:pic *:picture 25:picture -:picture =:picture
EXPR: 0 | POS | INT | 19 | 3 | 2 | (5+(x*10))=25 | 5 x 10 * + 25 = | 5:picture x:picture 10:pic *:picture +:picture 25:picture =:picture
EXPR: 0 | POS | INT | 19 | 3 | 7 | ((x*5)-10)=25 | x 5 * 10 - 25 = | x:picture 5:album *:picture 10:picture -:picture 25:picture =:picture
EXPR: 0 | POS | INT | 20 | 3 | 10 | (25-(10+5))=x | 25 10 5 + - x = | 25:picture 10:picture 5:picture +:picture -:picture x:picture =:picture
EXPR: 0 | POS | INT | 20 | 3 | 40 | (25+(10+5))=x | 25 10 5 + + x = | 25:picture 10:picture 5:picture +:picture +:picture x:picture =:picture
EXPR: 0 | POS | INT | 20 | 3 | 10 | ((25-10)-5)=x | 25 10 - 5 - x = | 25:picture 10:picture -:picture 5:picture -:picture x:picture =:picture
EXPR: 0 | POS | INT | 20 | 3 | 20 | (25-(10-5))=x | 25 10 5 - - x = | 25:picture 10:picture 5:picture -:picture -:picture x:picture =:picture
EXPR: 0 | POS | INT | 20 | 3 | 20 | ((25-10)+5)=x | 25 10 - 5 + x = | 25:picture 10:picture -:picture 5:picture +:picture x:picture =:picture
EXPR: 0 | POS | INT | 20 | 3 | 20 | x=(25-(10-5)) | x 25 10 5 - - = | x:picture 25:picture 10:picture 5:picture -:picture -:picture =:picture
EXPR: 0 | POS | INT | 22 | 3 | 2 | (25-(10*x))=5 | 25 10 x * - 5 = | 25:pic 10:pic x:picture *:pic -:pic 5:pic =:pic
EXPR: 0 | POS | INT | 22 | 3 | 75 | (x-25)=(10*5) | x 25 - 10 5 * = | x:picture 25:picture -:picture 10:pic 5:picture *:picture =:picture
EXPR: 0 | POS | INT | 22 | 3 | 1250 | (x/25)=(10*5) | x 25 / 10 5 * = | x:album 25:picture /:album 10:pic 5:album *:album =:album
EXPR: 0 | POS | INT | 22 | 3 | 7 | ((25+10)/x)=5 | 25 10 + x / 5 = | 25:album 10:album +:album x:picture /:album 5:album =:album
EXPR: 0 | POS | INT | 22 | 3 | 2 | x=((25-5)/10) | x 25 5 - 10 / = | x:picture 25:picture 5:picture -:picture 10:album /:picture =:picture
EXPR: 0 | POS | INT | 22 | 3 | 40 | (x-(25+10))=5 | x 25 10 + - 5 = | x:picture 25:picture 10:picture +:picture -:picture 5:picture =:picture
EXPR: 0 | POS | INT | 22 | 3 | 20 | (x-(25-10))=5 | x 25 10 - - 5 = | x:picture 25:picture 10:picture -:picture -:picture 5:picture =:picture
EXPR: 0 | POS | INT | 22 | 3 | 25 | (25+x)=(10*5) | 25 x + 10 5 * = | 25:picture x:picture +:picture 10:pic 5:picture *:picture =:picture
EXPR: 0 | POS | INT | 22 | 3 | 5 | (25/(10-x))=5 | 25 10 x - / 5 = | 25:album 10:pic x:pic -:pic /:album 5:album =:album
EXPR: 0 | POS | INT | 22 | 3 | 2 | 25=((x*10)+5) | 25 x 10 * 5 + = | 25:album x:album 10:pic *:album 5:album +:album =:album
EXPR: 1 | POS | INT | 22 | 3 | 3 | 25=((x*10)-5) | 25 x 10 * 5 - = | 25:album x:album 10:pic *:album 5:album -:album =:album
EXPR: 0 | POS | INT | 22 | 3 | 1250 | (25*10)=(x/5) | 25 10 * x 5 / = | 25:picture 10:pic *:pic x:pic 5:album /:pic =:pic
EXPR: 0 | POS | INT | 22 | 3 | 245 | ((25*10)-x)=5 | 25 10 * x - 5 = | 25:picture 10:pic *:pic x:pic -:pic 5:pic =:pic
EXPR: 0 | POS | INT | 22 | 3 | 300 | x=((25+5)*10) | x 25 5 + 10 * = | x:album 25:album 5:album +:album 10:pic *:album =:album
EXPR: 0 | POS | INT | 22 | 3 | 25 | ((25+x)/10)=5 | 25 x + 10 / 5 = | 25:picture x:picture +:picture 10:album /:picture 5:picture =:picture
EXPR: 0 | POS | INT | 22 | 3 | 2 | (25-(x*10))=5 | 25 x 10 * - 5 = | 25:pic x:picture 10:pic *:pic -:pic 5:pic =:pic
EXPR: 0 | POS | INT | 22 | 3 | 10 | (25-(x+10))=5 | 25 x 10 + - 5 = | 25:picture x:picture 10:picture +:picture -:picture 5:picture =:picture
EXPR: 0 | POS | INT | 22 | 3 | 30 | (25-(x-10))=5 | 25 x 10 - - 5 = | 25:picture x:picture 10:picture -:picture -:picture 5:picture =:picture
EXPR: 0 | POS | INT | 22 | 3 | 75 | (x/(25-10))=5 | x 25 10 - / 5 = | x:album 25:picture 10:picture -:picture /:album 5:album =:album
EXPR: 0 | POS | INT | 22 | 3 | 175 | (x/(25+10))=5 | x 25 10 + / 5 = | x:album 25:picture 10:picture +:picture /:album 5:album =:album
EXPR: 0 | POS | INT | 22 | 3 | 135 | (10+(25*5))=x | 10 25 5 * + x = | 10:pic 25:pic 5:album *:pic +:pic x:pic =:pic
EXPR: 0 | POS | INT | 22 | 3 | 255 | (x-(25*10))=5 | x 25 10 * - 5 = | x:album 25:album 10:pic *:album -:album 5:album =:album
EXPR: 0 | POS | INT | 22 | 3 | 5 | x=(10-(25/5)) | x 10 25 5 / - = | x:pic 10:pic 25:pic 5:album /:pic -:pic =:pic
EXPR: 0 | POS | INT | 22 | 3 | 25 | 25=((10*5)-x) | 25 10 5 * x - = | 25:album 10:pic 5:album *:album x:album -:album =:album
EXPR: 0 | POS | INT | 22 | 3 | 40 | 25=(x-(10+5)) | 25 x 10 5 + - = | 25:picture x:picture 10:picture 5:picture +:picture -:picture =:picture
EXPR: 0 | POS | INT | 22 | 3 | 2 | (x*25)=(10*5) | x 25 * 10 5 * = | x:picture 25:album *:album 10:pic 5:album *:album =:album
EXPR: 0 | POS | INT | 22 | 3 | 20 | 25=(x+(10-5)) | 25 x 10 5 - + = | 25:picture x:picture 10:picture 5:picture -:picture +:picture =:picture
EXPR: 0 | POS | INT | 22 | 3 | 10 | ((25-5)-10)=x | 25 5 - 10 - x = | 25:picture 5:picture -:picture 10:picture -:picture x:picture =:picture
EXPR: 0 | POS | INT | 22 | 3 | 30 | ((25+10)-x)=5 | 25 10 + x - 5 = | 25:picture 10:picture +:picture x:picture -:picture 5:picture =:picture
EXPR: 1 | POS | INT | 22 | 3 | 3 | (25-10)=(x*5) | 25 10 - x 5 * = | 25:picture 10:picture -:picture x:picture 5:album *:picture =:picture
EXPR: 0 | POS | INT | 22 | 3 | 7 | (25+10)=(x*5) | 25 10 + x 5 * = | 25:picture 10:picture +:picture x:picture 5:album *:picture =:picture
EXPR: 0 | POS | INT | 22 | 3 | 30 | ((25-5)+10)=x | 25 5 - 10 + x = | 25:picture 5:picture -:picture 10:picture +:picture x:picture =:picture
EXPR: 0 | POS | INT | 22 | 3 | 10 | (25-(10+x))=5 | 25 10 x + - 5 = | 25:picture 10:picture x:picture +:picture -:picture 5:picture =:picture
EXPR: 0 | POS | INT | 22 | 3 | 375 | ((x/25)-10)=5 | x 25 / 10 - 5 = | x:album 25:picture /:album 10:album -:album 5:album =:album
EXPR: 0 | POS | INT | 22 | 3 | 25 | (x+25)=(10*5) | x 25 + 10 5 * = | x:picture 25:picture +:picture 10:pic 5:picture *:picture =:picture
EXPR: 0 | POS | INT | 22 | 3 | 50 | (25*10)=(x*5) | 25 10 * x 5 * = | 25:picture 10:album *:album x:picture 5:album *:album =:album
EXPR: 0 | POS | INT | 24 | 3 | 5 | ((25/x)+5)=10 | 25 x / 5 + 10 = | 25:album x:picture /:album 5:album +:album 10:album =:album
EXPR: 0 | POS | INT | 24 | 3 | 5 | (10-(25/x))=5 | 10 25 x / - 5 = | 10:album 25:album x:picture /:album -:album 5:album =:album
EXPR: 1 | POS | INT | 24 | 3 | 3 | 10=((25+5)/x) | 10 25 5 + x / = | 10:album 25:album 5:album +:album x:picture /:album =:album
EXPR: 0 | POS | INT | 24 | 3 | 2 | 10=((25-5)/x) | 10 25 5 - x / = | 10:album 25:album 5:album -:album x:picture /:album =:album
EXPR: 0 | POS | INT | 24 | 3 | 200 | 25=(5+(x/10)) | 25 5 x 10 / + = | 25:album 5:album x:album 10:pic /:album +:album =:album
EXPR: 0 | POS | INT | 24 | 3 | 245 | 25=((x+5)/10) | 25 x 5 + 10 / = | 25:picture x:picture 5:picture +:picture 10:album /:picture =:picture
EXPR: 1 | POS | INT | 24 | 3 | 3 | ((10*x)-25)=5 | 10 x * 25 - 5 = | 10:pic x:album *:album 25:album -:album 5:album =:album
EXPR: 0 | POS | INT | 24 | 3 | 135 | ((x-10)/25)=5 | x 10 - 25 / 5 = | x:pic 10:pic -:pic 25:picture /:pic 5:pic =:pic
EXPR: 0 | POS | INT | 24 | 3 | 30 | (10-(x-25))=5 | 10 x 25 - - 5 = | 10:picture x:picture 25:picture -:picture -:picture 5:picture =:picture
EXPR: 0 | POS | INT | 24 | 3 | 115 | 10=((25*5)-x) | 10 25 5 * x - = | 10:pic 25:pic 5:album *:pic x:pic -:pic =:pic
EXPR: 0 | POS | INT | 24 | 3 | 2 | (25/5)=(10/x) | 25 5 / 10 x / = | 25:pic 5:album /:pic 10:pic x:picture /:pic =:pic
EXPR: 0 | POS | INT | 24 | 3 | 115 | ((x+10)/25)=5 | x 10 + 25 / 5 = | x:album 10:album +:album 25:picture /:album 5:album =:album
EXPR: 0 | POS | INT | 24 | 3 | 10 | (25-(x+5))=10 | 25 x 5 + - 10 = | 25:picture x:picture 5:picture +:picture -:picture 10:picture =:picture
EXPR: 0 | POS | INT | 24 | 3 | 2 | (x*10)=(25-5) | x 10 * 25 5 - = | x:picture 10:pic *:picture 25:picture 5:picture -:picture =:picture
EXPR: 0 | POS | INT | 24 | 3 | 200 | (x/10)=(25-5) | x 10 / 25 5 - = | x:picture 10:pic /:picture 25:picture 5:picture -:picture =:picture
EXPR: 0 | POS | INT | 24 | 3 | 200 | (x/(25-5))=10 | x 25 5 - / 10 = | x:pic 25:picture 5:picture -:picture /:pic 10:pic =:pic
EXPR: 0 | POS | INT | 24 | 3 | 40 | (x-(25+5))=10 | x 25 5 + - 10 = | x:picture 25:picture 5:picture +:picture -:picture 10:picture =:picture
EXPR: 0 | POS | INT | 24 | 3 | 30 | (x-(25-5))=10 | x 25 5 - - 10 = | x:picture 25:picture 5:picture -:picture -:picture 10:picture =:picture
EXPR: 0 | POS | INT | 24 | 3 | 75 | 10=(25-(x/5)) | 10 25 x 5 / - = | 10:pic 25:pic x:pic 5:album /:pic -:pic =:pic
EXPR: 0 | POS | INT | 24 | 3 | 300 | (x/(25+5))=10 | x 25 5 + / 10 = | x:pic 25:picture 5:picture +:picture /:pic 10:pic =:pic
EXPR: 0 | POS | INT | 24 | 3 | 125 | ((x/25)+5)=10 | x 25 / 5 + 10 = | x:album 25:picture /:album 5:album +:album 10:album =:album
EXPR: 0 | POS | INT | 24 | 3 | 40 | 10=(x-(25+5)) | 10 x 25 5 + - = | 10:picture x:picture 25:picture 5:picture +:picture -:picture =:picture
EXPR: 0 | POS | INT | 24 | 3 | 5 | 10=((25/x)+5) | 10 25 x / 5 + = | 10:album 25:album x:picture /:album 5:album +:album =:album
EXPR: 0 | POS | INT | 24 | 3 | 40 | ((x-25)-5)=10 | x 25 - 5 - 10 = | x:picture 25:picture -:picture 5:picture -:picture 10:picture =:picture
EXPR: 0 | POS | INT | 24 | 3 | 375 | ((x/25)-5)=10 | x 25 / 5 - 10 = | x:album 25:picture /:album 5:album -:album 10:album =:album
EXPR: 0 | POS | INT | 24 | 3 | 23 | 10=((25-x)*5) | 10 25 x - 5 * = | 10:pic 25:pic x:pic -:pic 5:album *:pic =:pic
EXPR: 0 | POS | INT | 24 | 3 | 30 | 10=(x-(25-5)) | 10 x 25 5 - - = | 10:picture x:picture 25:picture 5:picture -:picture -:picture =:picture
EXPR: 0 | POS | INT | 24 | 3 | 115 | (10+x)=(25*5) | 10 x + 25 5 * = | 10:picture x:picture +:picture 25:picture 5:album *:picture =:picture
EXPR: 1 | POS | INT | 24 | 3 | 3 | ((x*10)-25)=5 | x 10 * 25 - 5 = | x:picture 10:album *:album 25:album -:album 5:album =:album
EXPR: 0 | POS | INT | 24 | 3 | 2 | (25-5)=(10*x) | 25 5 - 10 x * = | 25:picture 5:picture -:picture 10:pic x:picture *:picture =:picture
EXPR: 1 | POS | INT | 24 | 3 | 3 | (25+5)=(10*x) | 25 5 + 10 x * = | 25:picture 5:picture +:picture 10:pic x:picture *:picture =:picture
EXPR: 0 | POS | INT | 24 | 3 | 2 | 25=(5+(10*x)) | 25 5 10 x * + = | 25:pic 5:pic 10:pic x:picture *:pic +:pic =:pic
EXPR: 0 | POS | INT | 24 | 3 | 5 | 10=((25/5)+x) | 10 25 5 / x + = | 10:pic 25:pic 5:album /:pic x:pic +:pic =:pic
EXPR: 0 | POS | INT | 24 | 3 | 135 | (x-10)=(25*5) | x 10 - 25 5 * = | x:picture 10:picture -:picture 25:picture 5:album *:picture =:picture
EXPR: 0 | POS | INT | 24 | 3 | 115 | (x+10)=(25*5) | x 10 + 25 5 * = | x:picture 10:picture +:picture 25:picture 5:album *:picture =:picture
EXPR: 0 | POS | INT | 24 | 3 | 30 | 25=(x+(5-10)) | 25 x 5 10 - + = | 25:picture x:picture 5:picture 10:picture -:picture +:picture =:picture
EXPR: 0 | POS | INT | 24 | 3 | 30 | ((x-25)+5)=10 | x 25 - 5 + 10 = | x:picture 25:picture -:picture 5:picture +:picture 10:picture =:picture
EXPR: 0 | POS | INT | 24 | 3 | 10 | (25-(5+x))=10 | 25 5 x + - 10 = | 25:picture 5:picture x:picture +:picture -:picture 10:picture =:picture
EXPR: 0 | POS | INT | 24 | 3 | 200 | 10=(x/(25-5)) | 10 x 25 5 - / = | 10:pic x:pic 25:album 5:album -:album /:pic =:pic
EXPR: 0 | POS | INT | 24 | 3 | 300 | 10=(x/(25+5)) | 10 x 25 5 + / = | 10:pic x:pic 25:album 5:album +:album /:pic =:pic
EXPR: 0 | POS | INT | 24 | 3 | 20 | (25+(5-x))=10 | 25 5 x - + 10 = | 25:picture 5:picture x:picture -:picture +:picture 10:picture =:picture
EXPR: 0 | POS | INT | 24 | 3 | 20 | 10=((25+5)-x) | 10 25 5 + x - = | 10:picture 25:picture 5:picture +:picture x:picture -:picture =:picture
EXPR: 0 | POS | INT | 24 | 3 | 10 | 10=((25-5)-x) | 10 25 5 - x - = | 10:picture 25:picture 5:picture -:picture x:picture -:picture =:picture
EXPR: 0 | POS | INT | 24 | 3 | 255 | 25=((x-5)/10) | 25 x 5 - 10 / = | 25:picture x:picture 5:picture -:picture 10:album /:picture =:picture
EXPR: 0 | POS | INT | 25 | 3 | 27 | x=((10/5)+25) | x 10 5 / 25 + = | x:picture 10:picture 5:pic /:picture 25:picture +:picture =:picture
EXPR: 0 | POS | INT | 25 | 3 | 25 | ((10*5)-25)=x | 10 5 * 25 - x = | 10:pic 5:album *:pic 25:pic -:pic x:pic =:pic
EXPR: 0 | POS | INT | 25 | 3 | 75 | ((10*5)+25)=x | 10 5 * 25 + x = | 10:pic 5:album *:pic 25:pic +:pic x:pic =:pic
EXPR: 0 | POS | INT | 25 | 3 | 30 | ((10-5)+25)=x | 10 5 - 25 + x = | 10:picture 5:picture -:picture 25:picture +:picture x:picture =:picture
NET 217 unique, non-negative, integer-valued solutions found out of 1000 total solutions
