parameters: n=7 l=3 k=1 p=5 q=2 m=9
TOTAL 1000 solutions found
SOLN: CORRECT | POS/NEG | INT/FRA | OBJ-SCORE | TRUE-ANS | ANS | INFIX | POSTFIX | TYPED-POSTFIX
EXPR: 0 | POS | INT | 0 | 7 | 385 | (35*(7+4))=x | 35 7 4 + * x = | 35:lawn 7:dollar 4:dollar +:dollar *:dollar x:dollar =:dollar
EXPR: 0 | POS | INT | 0 | 7 | 105 | x=(35*(7-4)) | x 35 7 4 - * = | x:dollar 35:lawn 7:dollar 4:dollar -:dollar *:dollar =:dollar
EXPR: 0 | POS | INT | 0 | 7 | 385 | x=(35*(7+4)) | x 35 7 4 + * = | x:dollar 35:lawn 7:dollar 4:dollar +:dollar *:dollar =:dollar
EXPR: 0 | POS | INT | 0 | 7 | 105 | (35*(7-4))=x | 35 7 4 - * x = | 35:lawn 7:dollar 4:dollar -:dollar *:dollar x:dollar =:dollar
EXPR: 0 | POS | INT | 0 | 7 | 249 | x=((35*7)+4) | x 35 7 * 4 + = | x:dollar 35:lawn 7:dollar *:dollar 4:dollar +:dollar =:dollar
EXPR: 0 | POS | INT | 0 | 7 | 241 | x=((35*7)-4) | x 35 7 * 4 - = | x:dollar 35:lawn 7:dollar *:dollar 4:dollar -:dollar =:dollar
EXPR: 0 | POS | INT | 0 | 7 | 249 | ((35*7)+4)=x | 35 7 * 4 + x = | 35:lawn 7:dollar *:dollar 4:dollar +:dollar x:dollar =:dollar
EXPR: 0 | POS | INT | 0 | 7 | 241 | ((35*7)-4)=x | 35 7 * 4 - x = | 35:lawn 7:dollar *:dollar 4:dollar -:dollar x:dollar =:dollar
EXPR: 0 | POS | INT | 2 | 7 | 147 | x=((35*4)+7) | x 35 4 * 7 + = | x:dollar 35:lawn 4:dollar *:dollar 7:dollar +:dollar =:dollar
EXPR: 0 | POS | INT | 2 | 7 | 133 | x=((35*4)-7) | x 35 4 * 7 - = | x:dollar 35:lawn 4:dollar *:dollar 7:dollar -:dollar =:dollar
EXPR: 0 | POS | INT | 2 | 7 | 241 | ((35*7)-x)=4 | 35 7 * x - 4 = | 35:lawn 7:dollar *:dollar x:dollar -:dollar 4:dollar =:dollar
EXPR: 0 | POS | INT | 2 | 7 | 147 | x=(7+(35*4)) | x 7 35 4 * + = | x:dollar 7:dollar 35:lawn 4:dollar *:dollar +:dollar =:dollar
EXPR: 0 | POS | INT | 2 | 7 | 385 | ((x/35)-7)=4 | x 35 / 7 - 4 = | x:dollar 35:lawn /:dollar 7:dollar -:dollar 4:dollar =:dollar
EXPR: 0 | POS | INT | 2 | 7 | 147 | ((35*4)+7)=x | 35 4 * 7 + x = | 35:lawn 4:dollar *:dollar 7:dollar +:dollar x:dollar =:dollar
EXPR: 0 | POS | INT | 2 | 7 | 133 | ((35*4)-7)=x | 35 4 * 7 - x = | 35:lawn 4:dollar *:dollar 7:dollar -:dollar x:dollar =:dollar
EXPR: 0 | POS | INT | 2 | 7 | 147 | (7+(35*4))=x | 7 35 4 * + x = | 7:dollar 35:lawn 4:dollar *:dollar +:dollar x:dollar =:dollar
EXPR: 0 | POS | INT | 2 | 7 | 249 | (x-(35*7))=4 | x 35 7 * - 4 = | x:dollar 35:lawn 7:dollar *:dollar -:dollar 4:dollar =:dollar
EXPR: 0 | POS | INT | 4 | 7 | 105 | (7-(x/35))=4 | 7 x 35 / - 4 = | 7:dollar x:dollar 35:lawn /:dollar -:dollar 4:dollar =:dollar
EXPR: 0 | POS | INT | 4 | 7 | 133 | ((35*4)-x)=7 | 35 4 * x - 7 = | 35:lawn 4:dollar *:dollar x:dollar -:dollar 7:dollar =:dollar
EXPR: 0 | POS | INT | 4 | 7 | 105 | 7=((x/35)+4) | 7 x 35 / 4 + = | 7:dollar x:dollar 35:lawn /:dollar 4:dollar +:dollar =:dollar
EXPR: 0 | POS | INT | 4 | 7 | 133 | ((7+x)/35)=4 | 7 x + 35 / 4 = | 7:dollar x:dollar +:dollar 35:lawn /:dollar 4:dollar =:dollar
EXPR: 0 | POS | INT | 4 | 7 | 147 | ((x-7)/35)=4 | x 7 - 35 / 4 = | x:dollar 7:dollar -:dollar 35:lawn /:dollar 4:dollar =:dollar
EXPR: 0 | POS | INT | 4 | 7 | 105 | ((x/35)+4)=7 | x 35 / 4 + 7 = | x:dollar 35:lawn /:dollar 4:dollar +:dollar 7:dollar =:dollar
EXPR: 0 | POS | INT | 4 | 7 | 385 | 7=((x/35)-4) | 7 x 35 / 4 - = | 7:dollar x:dollar 35:lawn /:dollar 4:dollar -:dollar =:dollar
EXPR: 0 | POS | INT | 4 | 7 | 133 | ((x+7)/35)=4 | x 7 + 35 / 4 = | x:dollar 7:dollar +:dollar 35:lawn /:dollar 4:dollar =:dollar
EXPR: 0 | POS | INT | 4 | 7 | 147 | (x-(35*4))=7 | x 35 4 * - 7 = | x:dollar 35:lawn 4:dollar *:dollar -:dollar 7:dollar =:dollar
EXPR: 0 | POS | INT | 4 | 7 | 385 | ((x/35)-4)=7 | x 35 / 4 - 7 = | x:dollar 35:lawn /:dollar 4:dollar -:dollar 7:dollar =:dollar
EXPR: 0 | POS | INT | 4 | 7 | 147 | 7=(x-(35*4)) | 7 x 35 4 * - = | 7:dollar x:dollar 35:lawn 4:dollar *:dollar -:dollar =:dollar
EXPR: 0 | POS | INT | 4 | 7 | 133 | 7=((35*4)-x) | 7 35 4 * x - = | 7:dollar 35:lawn 4:dollar *:dollar x:dollar -:dollar =:dollar
EXPR: 0 | POS | INT | 5 | 7 | 105 | x=((7-4)*35) | x 7 4 - 35 * = | x:dollar 7:dollar 4:dollar -:dollar 35:lawn *:dollar =:dollar
EXPR: 0 | POS | INT | 5 | 7 | 249 | x=(4+(35*7)) | x 4 35 7 * + = | x:dollar 4:dollar 35:lawn 7:dollar *:dollar +:dollar =:dollar
EXPR: 0 | POS | INT | 5 | 7 | 105 | ((7-4)*35)=x | 7 4 - 35 * x = | 7:dollar 4:dollar -:dollar 35:lawn *:dollar x:dollar =:dollar
EXPR: 0 | POS | INT | 5 | 7 | 385 | x=((7+4)*35) | x 7 4 + 35 * = | x:dollar 7:dollar 4:dollar +:dollar 35:lawn *:dollar =:dollar
EXPR: 0 | POS | INT | 5 | 7 | 249 | (4+(35*7))=x | 4 35 7 * + x = | 4:dollar 35:lawn 7:dollar *:dollar +:dollar x:dollar =:dollar
EXPR: 0 | POS | INT | 5 | 7 | 385 | ((7+4)*35)=x | 7 4 + 35 * x = | 7:dollar 4:dollar +:dollar 35:lawn *:dollar x:dollar =:dollar
EXPR: 0 | POS | INT | 7 | 7 | 249 | 4=(x-(35*7)) | 4 x 35 7 * - = | 4:dollar x:dollar 35:lawn 7:dollar *:dollar -:dollar =:dollar
EXPR: 0 | POS | INT | 7 | 7 | 241 | 7=((4+x)/35) | 7 4 x + 35 / = | 7:dollar 4:dollar x:dollar +:dollar 35:lawn /:dollar =:dollar
EXPR: 0 | POS | INT | 7 | 7 | 249 | ((x-4)/35)=7 | x 4 - 35 / 7 = | x:dollar 4:dollar -:dollar 35:lawn /:dollar 7:dollar =:dollar
EXPR: 0 | POS | INT | 7 | 7 | 105 | 7=(4+(x/35)) | 7 4 x 35 / + = | 7:dollar 4:dollar x:dollar 35:lawn /:dollar +:dollar =:dollar
EXPR: 0 | POS | INT | 7 | 7 | 241 | ((4+x)/35)=7 | 4 x + 35 / 7 = | 4:dollar x:dollar +:dollar 35:lawn /:dollar 7:dollar =:dollar
EXPR: 0 | POS | INT | 7 | 7 | 385 | 4=((x/35)-7) | 4 x 35 / 7 - = | 4:dollar x:dollar 35:lawn /:dollar 7:dollar -:dollar =:dollar
EXPR: 0 | POS | INT | 7 | 7 | 105 | (4+(x/35))=7 | 4 x 35 / + 7 = | 4:dollar x:dollar 35:lawn /:dollar +:dollar 7:dollar =:dollar
EXPR: 0 | POS | INT | 7 | 7 | 249 | 7=((x-4)/35) | 7 x 4 - 35 / = | 7:dollar x:dollar 4:dollar -:dollar 35:lawn /:dollar =:dollar
EXPR: 0 | POS | INT | 7 | 7 | 241 | ((x+4)/35)=7 | x 4 + 35 / 7 = | x:dollar 4:dollar +:dollar 35:lawn /:dollar 7:dollar =:dollar
EXPR: 0 | POS | INT | 7 | 7 | 241 | 7=((x+4)/35) | 7 x 4 + 35 / = | 7:dollar x:dollar 4:dollar +:dollar 35:lawn /:dollar =:dollar
EXPR: 0 | POS | INT | 7 | 7 | 241 | 4=((35*7)-x) | 4 35 7 * x - = | 4:dollar 35:lawn 7:dollar *:dollar x:dollar -:dollar =:dollar
EXPR: 0 | POS | INT | 9 | 7 | 133 | 4=((7+x)/35) | 4 7 x + 35 / = | 4:dollar 7:dollar x:dollar +:dollar 35:lawn /:dollar =:dollar
EXPR: 0 | POS | INT | 9 | 7 | 133 | 4=((x+7)/35) | 4 x 7 + 35 / = | 4:dollar x:dollar 7:dollar +:dollar 35:lawn /:dollar =:dollar
EXPR: 0 | POS | INT | 9 | 7 | 105 | 4=(7-(x/35)) | 4 7 x 35 / - = | 4:dollar 7:dollar x:dollar 35:lawn /:dollar -:dollar =:dollar
EXPR: 0 | POS | INT | 9 | 7 | 147 | 4=((x-7)/35) | 4 x 7 - 35 / = | 4:dollar x:dollar 7:dollar -:dollar 35:lawn /:dollar =:dollar
EXPR: 0 | POS | INT | 10 | 7 | 112 | x=((35-7)*4) | x 35 7 - 4 * = | x:dollar 35:lawn 7:lawn -:lawn 4:dollar *:dollar =:dollar
EXPR: 0 | POS | INT | 10 | 7 | 46 | x=((35+7)+4) | x 35 7 + 4 + = | x:dollar 35:dollar 7:dollar +:dollar 4:dollar +:dollar =:dollar
EXPR: 0 | POS | INT | 10 | 7 | 112 | ((35-7)*4)=x | 35 7 - 4 * x = | 35:lawn 7:lawn -:lawn 4:dollar *:dollar x:dollar =:dollar
EXPR: 0 | POS | INT | 10 | 7 | 38 | x=(35+(7-4)) | x 35 7 4 - + = | x:dollar 35:dollar 7:dollar 4:dollar -:dollar +:dollar =:dollar
EXPR: 0 | POS | INT | 10 | 7 | 46 | x=(35+(7+4)) | x 35 7 4 + + = | x:dollar 35:dollar 7:dollar 4:dollar +:dollar +:dollar =:dollar
EXPR: 0 | POS | INT | 10 | 7 | 24 | (35-(7+4))=x | 35 7 4 + - x = | 35:dollar 7:dollar 4:dollar +:dollar -:dollar x:dollar =:dollar
EXPR: 0 | POS | INT | 10 | 7 | 24 | x=(35-(7+4)) | x 35 7 4 + - = | x:dollar 35:dollar 7:dollar 4:dollar +:dollar -:dollar =:dollar
EXPR: 0 | POS | INT | 10 | 7 | 32 | x=((35-7)+4) | x 35 7 - 4 + = | x:dollar 35:dollar 7:dollar -:dollar 4:dollar +:dollar =:dollar
EXPR: 0 | POS | INT | 10 | 7 | 168 | ((35+7)*4)=x | 35 7 + 4 * x = | 35:lawn 7:lawn +:lawn 4:dollar *:dollar x:dollar =:dollar
EXPR: 0 | POS | INT | 10 | 7 | 38 | x=((35+7)-4) | x 35 7 + 4 - = | x:dollar 35:dollar 7:dollar +:dollar 4:dollar -:dollar =:dollar
EXPR: 0 | POS | INT | 10 | 7 | 32 | ((35-7)+4)=x | 35 7 - 4 + x = | 35:dollar 7:dollar -:dollar 4:dollar +:dollar x:dollar =:dollar
EXPR: 0 | POS | INT | 10 | 7 | 46 | ((35+7)+4)=x | 35 7 + 4 + x = | 35:dollar 7:dollar +:dollar 4:dollar +:dollar x:dollar =:dollar
EXPR: 0 | POS | INT | 10 | 7 | 32 | (35-(7-4))=x | 35 7 4 - - x = | 35:dollar 7:dollar 4:dollar -:dollar -:dollar x:dollar =:dollar
EXPR: 0 | POS | INT | 10 | 7 | 38 | ((35+7)-4)=x | 35 7 + 4 - x = | 35:dollar 7:dollar +:dollar 4:dollar -:dollar x:dollar =:dollar
EXPR: 0 | POS | INT | 10 | 7 | 38 | (35+(7-4))=x | 35 7 4 - + x = | 35:dollar 7:dollar 4:dollar -:dollar +:dollar x:dollar =:dollar
EXPR: 0 | POS | INT | 10 | 7 | 24 | ((35-7)-4)=x | 35 7 - 4 - x = | 35:dollar 7:dollar -:dollar 4:dollar -:dollar x:dollar =:dollar
EXPR: 0 | POS | INT | 10 | 7 | 46 | (35+(7+4))=x | 35 7 4 + + x = | 35:dollar 7:dollar 4:dollar +:dollar +:dollar x:dollar =:dollar
EXPR: 0 | POS | INT | 10 | 7 | 24 | x=((35-7)-4) | x 35 7 - 4 - = | x:dollar 35:dollar 7:dollar -:dollar 4:dollar -:dollar =:dollar
EXPR: 0 | POS | INT | 10 | 7 | 32 | x=(35-(7-4)) | x 35 7 4 - - = | x:dollar 35:dollar 7:dollar 4:dollar -:dollar -:dollar =:dollar
EXPR: 0 | POS | INT | 10 | 7 | 168 | x=((35+7)*4) | x 35 7 + 4 * = | x:dollar 35:lawn 7:lawn +:lawn 4:dollar *:dollar =:dollar
EXPR: 0 | POS | INT | 12 | 7 | 168 | (x/(35+7))=4 | x 35 7 + / 4 = | x:dollar 35:lawn 7:lawn +:lawn /:dollar 4:dollar =:dollar
EXPR: 0 | POS | INT | 12 | 7 | 46 | (x-(35+7))=4 | x 35 7 + - 4 = | x:dollar 35:dollar 7:dollar +:dollar -:dollar 4:dollar =:dollar
EXPR: 0 | POS | INT | 12 | 7 | 38 | (35-(x-7))=4 | 35 x 7 - - 4 = | 35:dollar x:dollar 7:dollar -:dollar -:dollar 4:dollar =:dollar
EXPR: 0 | POS | INT | 12 | 7 | 32 | x=(35+(4-7)) | x 35 4 7 - + = | x:dollar 35:dollar 4:dollar 7:dollar -:dollar +:dollar =:dollar
EXPR: 0 | POS | INT | 12 | 7 | 32 | x=((35+4)-7) | x 35 4 + 7 - = | x:dollar 35:dollar 4:dollar +:dollar 7:dollar -:dollar =:dollar
EXPR: 0 | POS | INT | 12 | 7 | 24 | (35-(x+7))=4 | 35 x 7 + - 4 = | 35:dollar x:dollar 7:dollar +:dollar -:dollar 4:dollar =:dollar
EXPR: 0 | POS | INT | 12 | 7 | 249 | (35*7)=(x-4) | 35 7 * x 4 - = | 35:lawn 7:dollar *:dollar x:dollar 4:dollar -:dollar =:dollar
EXPR: 0 | POS | INT | 12 | 7 | 241 | (35*7)=(x+4) | 35 7 * x 4 + = | 35:lawn 7:dollar *:dollar x:dollar 4:dollar +:dollar =:dollar
EXPR: 0 | POS | INT | 12 | 7 | 112 | (x/(35-7))=4 | x 35 7 - / 4 = | x:dollar 35:lawn 7:lawn -:lawn /:dollar 4:dollar =:dollar
EXPR: 0 | POS | INT | 12 | 7 | 38 | x=((35-4)+7) | x 35 4 - 7 + = | x:dollar 35:dollar 4:dollar -:dollar 7:dollar +:dollar =:dollar
EXPR: 0 | POS | INT | 12 | 7 | 46 | x=((35+4)+7) | x 35 4 + 7 + = | x:dollar 35:dollar 4:dollar +:dollar 7:dollar +:dollar =:dollar
EXPR: 0 | POS | INT | 12 | 7 | 46 | (7+(35+4))=x | 7 35 4 + + x = | 7:dollar 35:dollar 4:dollar +:dollar +:dollar x:dollar =:dollar
EXPR: 0 | POS | INT | 12 | 7 | 24 | x=((35-4)-7) | x 35 4 - 7 - = | x:dollar 35:dollar 4:dollar -:dollar 7:dollar -:dollar =:dollar
EXPR: 0 | POS | INT | 12 | 7 | 241 | (35*7)=(4+x) | 35 7 * 4 x + = | 35:lawn 7:dollar *:dollar 4:dollar x:dollar +:dollar =:dollar
EXPR: 0 | POS | INT | 12 | 7 | 24 | (35-(7+x))=4 | 35 7 x + - 4 = | 35:dollar 7:dollar x:dollar +:dollar -:dollar 4:dollar =:dollar
EXPR: 0 | POS | INT | 12 | 7 | 32 | (35+(4-7))=x | 35 4 7 - + x = | 35:dollar 4:dollar 7:dollar -:dollar +:dollar x:dollar =:dollar
EXPR: 0 | POS | INT | 12 | 7 | 32 | 35=((7+x)-4) | 35 7 x + 4 - = | 35:dollar 7:dollar x:dollar +:dollar 4:dollar -:dollar =:dollar
EXPR: 0 | POS | INT | 12 | 7 | 32 | 35=((x+7)-4) | 35 x 7 + 4 - = | 35:dollar x:dollar 7:dollar +:dollar 4:dollar -:dollar =:dollar
EXPR: 0 | POS | INT | 12 | 7 | 273 | (7*(35+4))=x | 7 35 4 + * x = | 7:dollar 35:lawn 4:lawn +:lawn *:dollar x:dollar =:dollar
EXPR: 0 | POS | INT | 12 | 7 | 24 | 35=((x+7)+4) | 35 x 7 + 4 + = | 35:dollar x:dollar 7:dollar +:dollar 4:dollar +:dollar =:dollar
EXPR: 0 | POS | INT | 12 | 7 | 24 | ((35-x)-7)=4 | 35 x - 7 - 4 = | 35:dollar x:dollar -:dollar 7:dollar -:dollar 4:dollar =:dollar
EXPR: 0 | POS | INT | 12 | 7 | 9 | 35=(7*(x-4)) | 35 7 x 4 - * = | 35:lawn 7:lawn x:dollar 4:dollar -:dollar *:lawn =:lawn
EXPR: 0 | POS | INT | 12 | 7 | 217 | ((35-4)*7)=x | 35 4 - 7 * x = | 35:lawn 4:lawn -:lawn 7:dollar *:dollar x:dollar =:dollar
EXPR: 0 | POS | INT | 12 | 7 | 385 | 35=(x/(7+4)) | 35 x 7 4 + / = | 35:lawn x:lawn 7:dollar 4:dollar +:dollar /:lawn =:lawn
EXPR: 0 | POS | INT | 12 | 7 | 1 | 35=(7*(4+x)) | 35 7 4 x + * = | 35:lawn 7:lawn 4:dollar x:dollar +:dollar *:lawn =:lawn
EXPR: 0 | POS | INT | 12 | 7 | 24 | 35=((7+x)+4) | 35 7 x + 4 + = | 35:dollar 7:dollar x:dollar +:dollar 4:dollar +:dollar =:dollar
EXPR: 0 | POS | INT | 12 | 7 | 273 | ((35+4)*7)=x | 35 4 + 7 * x = | 35:lawn 4:lawn +:lawn 7:dollar *:dollar x:dollar =:dollar
EXPR: 0 | POS | INT | 12 | 7 | 1 | 35=(7*(x+4)) | 35 7 x 4 + * = | 35:lawn 7:lawn x:dollar 4:dollar +:dollar *:lawn =:lawn
EXPR: 0 | POS | INT | 12 | 7 | 38 | x=(7+(35-4)) | x 7 35 4 - + = | x:dollar 7:dollar 35:dollar 4:dollar -:dollar +:dollar =:dollar
EXPR: 0 | POS | INT | 12 | 7 | 105 | 35=(x/(7-4)) | 35 x 7 4 - / = | 35:lawn x:lawn 7:dollar 4:dollar -:dollar /:lawn =:lawn
EXPR: 0 | POS | INT | 12 | 7 | 217 | x=(7*(35-4)) | x 7 35 4 - * = | x:dollar 7:dollar 35:lawn 4:lawn -:lawn *:dollar =:dollar
EXPR: 0 | POS | INT | 12 | 7 | 24 | 35=(x+(7+4)) | 35 x 7 4 + + = | 35:dollar x:dollar 7:dollar 4:dollar +:dollar +:dollar =:dollar
EXPR: 0 | POS | INT | 12 | 7 | 46 | 35=(x-(7+4)) | 35 x 7 4 + - = | 35:dollar x:dollar 7:dollar 4:dollar +:dollar -:dollar =:dollar
EXPR: 0 | POS | INT | 12 | 7 | 32 | 35=(x+(7-4)) | 35 x 7 4 - + = | 35:dollar x:dollar 7:dollar 4:dollar -:dollar +:dollar =:dollar
EXPR: 0 | POS | INT | 12 | 7 | 38 | ((35-x)+7)=4 | 35 x - 7 + 4 = | 35:dollar x:dollar -:dollar 7:dollar +:dollar 4:dollar =:dollar
EXPR: 0 | POS | INT | 12 | 7 | 38 | 35=(x-(7-4)) | 35 x 7 4 - - = | 35:dollar x:dollar 7:dollar 4:dollar -:dollar -:dollar =:dollar
EXPR: 0 | POS | INT | 12 | 7 | 24 | ((35-7)-x)=4 | 35 7 - x - 4 = | 35:dollar 7:dollar -:dollar x:dollar -:dollar 4:dollar =:dollar
EXPR: 0 | POS | INT | 12 | 7 | 38 | (35-(4-7))=x | 35 4 7 - - x = | 35:dollar 4:dollar 7:dollar -:dollar -:dollar x:dollar =:dollar
EXPR: 0 | POS | INT | 12 | 7 | 38 | (35+(7-x))=4 | 35 7 x - + 4 = | 35:dollar 7:dollar x:dollar -:dollar +:dollar 4:dollar =:dollar
EXPR: 0 | POS | INT | 12 | 7 | 38 | 35=((x-7)+4) | 35 x 7 - 4 + = | 35:dollar x:dollar 7:dollar -:dollar 4:dollar +:dollar =:dollar
EXPR: 0 | POS | INT | 12 | 7 | 46 | 35=((x-7)-4) | 35 x 7 - 4 - = | 35:dollar x:dollar 7:dollar -:dollar 4:dollar -:dollar =:dollar
EXPR: 0 | POS | INT | 12 | 7 | 24 | 35=(7+(x+4)) | 35 7 x 4 + + = | 35:dollar 7:dollar x:dollar 4:dollar +:dollar +:dollar =:dollar
EXPR: 0 | POS | INT | 12 | 7 | 38 | ((35+7)-x)=4 | 35 7 + x - 4 = | 35:dollar 7:dollar +:dollar x:dollar -:dollar 4:dollar =:dollar
EXPR: 0 | POS | INT | 12 | 7 | 273 | x=(7*(35+4)) | x 7 35 4 + * = | x:dollar 7:dollar 35:lawn 4:lawn +:lawn *:dollar =:dollar
EXPR: 0 | POS | INT | 12 | 7 | 38 | ((35-4)+7)=x | 35 4 - 7 + x = | 35:dollar 4:dollar -:dollar 7:dollar +:dollar x:dollar =:dollar
EXPR: 0 | POS | INT | 12 | 7 | 46 | x=(7+(35+4)) | x 7 35 4 + + = | x:dollar 7:dollar 35:dollar 4:dollar +:dollar +:dollar =:dollar
EXPR: 0 | POS | INT | 12 | 7 | 46 | ((35+4)+7)=x | 35 4 + 7 + x = | 35:dollar 4:dollar +:dollar 7:dollar +:dollar x:dollar =:dollar
EXPR: 0 | POS | INT | 12 | 7 | 24 | 35=(7+(4+x)) | 35 7 4 x + + = | 35:dollar 7:dollar 4:dollar x:dollar +:dollar +:dollar =:dollar
EXPR: 0 | POS | INT | 12 | 7 | 38 | x=(35-(4-7)) | x 35 4 7 - - = | x:dollar 35:dollar 4:dollar 7:dollar -:dollar -:dollar =:dollar
EXPR: 0 | POS | INT | 12 | 7 | 24 | 35=((7+4)+x) | 35 7 4 + x + = | 35:dollar 7:dollar 4:dollar +:dollar x:dollar +:dollar =:dollar
EXPR: 0 | POS | INT | 12 | 7 | 32 | 35=(7+(x-4)) | 35 7 x 4 - + = | 35:dollar 7:dollar x:dollar 4:dollar -:dollar +:dollar =:dollar
EXPR: 0 | POS | INT | 12 | 7 | 38 | (7+(35-4))=x | 7 35 4 - + x = | 7:dollar 35:dollar 4:dollar -:dollar +:dollar x:dollar =:dollar
EXPR: 0 | POS | INT | 12 | 7 | 217 | x=((35-4)*7) | x 35 4 - 7 * = | x:dollar 35:lawn 4:lawn -:lawn 7:dollar *:dollar =:dollar
EXPR: 0 | POS | INT | 12 | 7 | 32 | 35=(7-(4-x)) | 35 7 4 x - - = | 35:dollar 7:dollar 4:dollar x:dollar -:dollar -:dollar =:dollar
EXPR: 0 | POS | INT | 12 | 7 | 273 | x=((35+4)*7) | x 35 4 + 7 * = | x:dollar 35:lawn 4:lawn +:lawn 7:dollar *:dollar =:dollar
EXPR: 0 | POS | INT | 12 | 7 | 32 | ((x-35)+7)=4 | x 35 - 7 + 4 = | x:dollar 35:dollar -:dollar 7:dollar +:dollar 4:dollar =:dollar
EXPR: 0 | POS | INT | 12 | 7 | 46 | ((x-35)-7)=4 | x 35 - 7 - 4 = | x:dollar 35:dollar -:dollar 7:dollar -:dollar 4:dollar =:dollar
EXPR: 0 | POS | INT | 12 | 7 | 32 | ((35+4)-7)=x | 35 4 + 7 - x = | 35:dollar 4:dollar +:dollar 7:dollar -:dollar x:dollar =:dollar
EXPR: 0 | POS | INT | 12 | 7 | 32 | 35=((7-4)+x) | 35 7 4 - x + = | 35:dollar 7:dollar 4:dollar -:dollar x:dollar +:dollar =:dollar
EXPR: 0 | POS | INT | 12 | 7 | 105 | (x/35)=(7-4) | x 35 / 7 4 - = | x:dollar 35:lawn /:dollar 7:dollar 4:dollar -:dollar =:dollar
EXPR: 0 | POS | INT | 12 | 7 | 385 | (x/35)=(7+4) | x 35 / 7 4 + = | x:dollar 35:lawn /:dollar 7:dollar 4:dollar +:dollar =:dollar
EXPR: 0 | POS | INT | 12 | 7 | 32 | (x-(35-7))=4 | x 35 7 - - 4 = | x:dollar 35:dollar 7:dollar -:dollar -:dollar 4:dollar =:dollar
EXPR: 0 | POS | INT | 12 | 7 | 24 | ((35-4)-7)=x | 35 4 - 7 - x = | 35:dollar 4:dollar -:dollar 7:dollar -:dollar x:dollar =:dollar
EXPR: 0 | POS | INT | 12 | 7 | 217 | (7*(35-4))=x | 7 35 4 - * x = | 7:dollar 35:lawn 4:lawn -:lawn *:dollar x:dollar =:dollar
EXPR: 0 | POS | INT | 14 | 7 | 32 | (35-(x-4))=7 | 35 x 4 - - 7 = | 35:dollar x:dollar 4:dollar -:dollar -:dollar 7:dollar =:dollar
EXPR: 0 | POS | INT | 14 | 7 | 24 | (35-(x+4))=7 | 35 x 4 + - 7 = | 35:dollar x:dollar 4:dollar +:dollar -:dollar 7:dollar =:dollar
EXPR: 0 | POS | INT | 14 | 7 | 24 | (35-(4+x))=7 | 35 4 x + - 7 = | 35:dollar 4:dollar x:dollar +:dollar -:dollar 7:dollar =:dollar
EXPR: 0 | POS | INT | 14 | 7 | 9 | (35/(x-4))=7 | 35 x 4 - / 7 = | 35:lawn x:dollar 4:dollar -:dollar /:lawn 7:lawn =:lawn
EXPR: 0 | POS | INT | 14 | 7 | 46 | (x-(35+4))=7 | x 35 4 + - 7 = | x:dollar 35:dollar 4:dollar +:dollar -:dollar 7:dollar =:dollar
EXPR: 0 | POS | INT | 14 | 7 | 147 | (x-7)=(35*4) | x 7 - 35 4 * = | x:dollar 7:dollar -:dollar 35:lawn 4:dollar *:dollar =:dollar
EXPR: 0 | POS | INT | 14 | 7 | 38 | 35=((x+4)-7) | 35 x 4 + 7 - = | 35:dollar x:dollar 4:dollar +:dollar 7:dollar -:dollar =:dollar
EXPR: 0 | POS | INT | 14 | 7 | 147 | (35*4)=(x-7) | 35 4 * x 7 - = | 35:lawn 4:dollar *:dollar x:dollar 7:dollar -:dollar =:dollar
EXPR: 0 | POS | INT | 14 | 7 | 133 | (35*4)=(x+7) | 35 4 * x 7 + = | 35:lawn 4:dollar *:dollar x:dollar 7:dollar +:dollar =:dollar
EXPR: 0 | POS | INT | 14 | 7 | 133 | (x+7)=(35*4) | x 7 + 35 4 * = | x:dollar 7:dollar +:dollar 35:lawn 4:dollar *:dollar =:dollar
EXPR: 0 | POS | INT | 14 | 7 | 46 | ((x-35)-4)=7 | x 35 - 4 - 7 = | x:dollar 35:dollar -:dollar 4:dollar -:dollar 7:dollar =:dollar
EXPR: 0 | POS | INT | 14 | 7 | 46 | 7=(x-(35+4)) | 7 x 35 4 + - = | 7:dollar x:dollar 35:dollar 4:dollar +:dollar -:dollar =:dollar
EXPR: 0 | POS | INT | 14 | 7 | 133 | (35*4)=(7+x) | 35 4 * 7 x + = | 35:lawn 4:dollar *:dollar 7:dollar x:dollar +:dollar =:dollar
EXPR: 0 | POS | INT | 14 | 7 | 38 | ((7-x)+35)=4 | 7 x - 35 + 4 = | 7:dollar x:dollar -:dollar 35:dollar +:dollar 4:dollar =:dollar
EXPR: 0 | POS | INT | 14 | 7 | 24 | 35=((x+4)+7) | 35 x 4 + 7 + = | 35:dollar x:dollar 4:dollar +:dollar 7:dollar +:dollar =:dollar
EXPR: 0 | POS | INT | 14 | 7 | 38 | ((x-35)+4)=7 | x 35 - 4 + 7 = | x:dollar 35:dollar -:dollar 4:dollar +:dollar 7:dollar =:dollar
EXPR: 0 | POS | INT | 14 | 7 | 217 | 7=(x/(35-4)) | 7 x 35 4 - / = | 7:dollar x:dollar 35:lawn 4:lawn -:lawn /:dollar =:dollar
EXPR: 0 | POS | INT | 14 | 7 | 217 | (x/(35-4))=7 | x 35 4 - / 7 = | x:dollar 35:lawn 4:lawn -:lawn /:dollar 7:dollar =:dollar
EXPR: 0 | POS | INT | 14 | 7 | 32 | 7=(35+(4-x)) | 7 35 4 x - + = | 7:dollar 35:dollar 4:dollar x:dollar -:dollar +:dollar =:dollar
EXPR: 0 | POS | INT | 14 | 7 | 32 | ((7+x)-35)=4 | 7 x + 35 - 4 = | 7:dollar x:dollar +:dollar 35:dollar -:dollar 4:dollar =:dollar
EXPR: 0 | POS | INT | 14 | 7 | 32 | 7=(35-(x-4)) | 7 35 x 4 - - = | 7:dollar 35:dollar x:dollar 4:dollar -:dollar -:dollar =:dollar
EXPR: 0 | POS | INT | 14 | 7 | 38 | (x-(35-4))=7 | x 35 4 - - 7 = | x:dollar 35:dollar 4:dollar -:dollar -:dollar 7:dollar =:dollar
EXPR: 0 | POS | INT | 14 | 7 | 1 | 35=((x+4)*7) | 35 x 4 + 7 * = | 35:lawn x:dollar 4:dollar +:dollar 7:lawn *:lawn =:lawn
EXPR: 0 | POS | INT | 14 | 7 | 24 | 7=(35-(4+x)) | 7 35 4 x + - = | 7:dollar 35:dollar 4:dollar x:dollar +:dollar -:dollar =:dollar
EXPR: 0 | POS | INT | 14 | 7 | 1 | 7=(35/(x+4)) | 7 35 x 4 + / = | 7:lawn 35:lawn x:dollar 4:dollar +:dollar /:lawn =:lawn
EXPR: 0 | POS | INT | 14 | 7 | 38 | (7-(x-35))=4 | 7 x 35 - - 4 = | 7:dollar x:dollar 35:dollar -:dollar -:dollar 4:dollar =:dollar
EXPR: 0 | POS | INT | 14 | 7 | 32 | 7=((35-x)+4) | 7 35 x - 4 + = | 7:dollar 35:dollar x:dollar -:dollar 4:dollar +:dollar =:dollar
EXPR: 0 | POS | INT | 14 | 7 | 273 | 7=(x/(35+4)) | 7 x 35 4 + / = | 7:dollar x:dollar 35:lawn 4:lawn +:lawn /:dollar =:dollar
EXPR: 0 | POS | INT | 14 | 7 | 46 | 7=((x-35)-4) | 7 x 35 - 4 - = | 7:dollar x:dollar 35:dollar -:dollar 4:dollar -:dollar =:dollar
EXPR: 0 | POS | INT | 14 | 7 | 38 | 35=((4+x)-7) | 35 4 x + 7 - = | 35:dollar 4:dollar x:dollar +:dollar 7:dollar -:dollar =:dollar
EXPR: 0 | POS | INT | 14 | 7 | 38 | 35=(x+(4-7)) | 35 x 4 7 - + = | 35:dollar x:dollar 4:dollar 7:dollar -:dollar +:dollar =:dollar
EXPR: 0 | POS | INT | 14 | 7 | 24 | 35=((4+x)+7) | 35 4 x + 7 + = | 35:dollar 4:dollar x:dollar +:dollar 7:dollar +:dollar =:dollar
EXPR: 0 | POS | INT | 14 | 7 | 24 | 35=(4+(7+x)) | 35 4 7 x + + = | 35:dollar 4:dollar 7:dollar x:dollar +:dollar +:dollar =:dollar
EXPR: 0 | POS | INT | 14 | 7 | 1 | 7=(35/(4+x)) | 7 35 4 x + / = | 7:lawn 35:lawn 4:dollar x:dollar +:dollar /:lawn =:lawn
EXPR: 0 | POS | INT | 14 | 7 | 38 | 35=(4-(7-x)) | 35 4 7 x - - = | 35:dollar 4:dollar 7:dollar x:dollar -:dollar -:dollar =:dollar
EXPR: 0 | POS | INT | 14 | 7 | 32 | ((35-x)+4)=7 | 35 x - 4 + 7 = | 35:dollar x:dollar -:dollar 4:dollar +:dollar 7:dollar =:dollar
EXPR: 0 | POS | INT | 14 | 7 | 32 | (7+(x-35))=4 | 7 x 35 - + 4 = | 7:dollar x:dollar 35:dollar -:dollar +:dollar 4:dollar =:dollar
EXPR: 0 | POS | INT | 14 | 7 | 24 | 7=((35-x)-4) | 7 35 x - 4 - = | 7:dollar 35:dollar x:dollar -:dollar 4:dollar -:dollar =:dollar
EXPR: 0 | POS | INT | 14 | 7 | 273 | (x/(35+4))=7 | x 35 4 + / 7 = | x:dollar 35:lawn 4:lawn +:lawn /:dollar 7:dollar =:dollar
EXPR: 0 | POS | INT | 14 | 7 | 24 | 7=(35-(x+4)) | 7 35 x 4 + - = | 7:dollar 35:dollar x:dollar 4:dollar +:dollar -:dollar =:dollar
EXPR: 0 | POS | INT | 14 | 7 | 32 | 35=((x-4)+7) | 35 x 4 - 7 + = | 35:dollar x:dollar 4:dollar -:dollar 7:dollar +:dollar =:dollar
EXPR: 0 | POS | INT | 14 | 7 | 38 | 35=((4-7)+x) | 35 4 7 - x + = | 35:dollar 4:dollar 7:dollar -:dollar x:dollar +:dollar =:dollar
EXPR: 0 | POS | INT | 14 | 7 | 32 | 35=(x-(4-7)) | 35 x 4 7 - - = | 35:dollar x:dollar 4:dollar 7:dollar -:dollar -:dollar =:dollar
EXPR: 0 | POS | INT | 14 | 7 | 1 | 35=((4+x)*7) | 35 4 x + 7 * = | 35:lawn 4:dollar x:dollar +:dollar 7:lawn *:lawn =:lawn
EXPR: 0 | POS | INT | 14 | 7 | 9 | 35=((x-4)*7) | 35 x 4 - 7 * = | 35:lawn x:dollar 4:dollar -:dollar 7:lawn *:lawn =:lawn
EXPR: 0 | POS | INT | 14 | 7 | 46 | 35=((x-4)-7) | 35 x 4 - 7 - = | 35:dollar x:dollar 4:dollar -:dollar 7:dollar -:dollar =:dollar
EXPR: 0 | POS | INT | 14 | 7 | 24 | 35=(4+(x+7)) | 35 4 x 7 + + = | 35:dollar 4:dollar x:dollar 7:dollar +:dollar +:dollar =:dollar
EXPR: 0 | POS | INT | 14 | 7 | 133 | (7+x)=(35*4) | 7 x + 35 4 * = | 7:dollar x:dollar +:dollar 35:lawn 4:dollar *:dollar =:dollar
EXPR: 0 | POS | INT | 14 | 7 | 38 | 7=((x-35)+4) | 7 x 35 - 4 + = | 7:dollar x:dollar 35:dollar -:dollar 4:dollar +:dollar =:dollar
EXPR: 0 | POS | INT | 14 | 7 | 38 | (7+(35-x))=4 | 7 35 x - + 4 = | 7:dollar 35:dollar x:dollar -:dollar +:dollar 4:dollar =:dollar
EXPR: 0 | POS | INT | 14 | 7 | 38 | 35=(4+(x-7)) | 35 4 x 7 - + = | 35:dollar 4:dollar x:dollar 7:dollar -:dollar +:dollar =:dollar
EXPR: 0 | POS | INT | 14 | 7 | 32 | 7=((35+4)-x) | 7 35 4 + x - = | 7:dollar 35:dollar 4:dollar +:dollar x:dollar -:dollar =:dollar
EXPR: 0 | POS | INT | 14 | 7 | 24 | ((35-x)-4)=7 | 35 x - 4 - 7 = | 35:dollar x:dollar -:dollar 4:dollar -:dollar 7:dollar =:dollar
EXPR: 0 | POS | INT | 14 | 7 | 24 | ((35-4)-x)=7 | 35 4 - x - 7 = | 35:dollar 4:dollar -:dollar x:dollar -:dollar 7:dollar =:dollar
EXPR: 0 | POS | INT | 14 | 7 | 24 | 7=((35-4)-x) | 7 35 4 - x - = | 7:dollar 35:dollar 4:dollar -:dollar x:dollar -:dollar =:dollar
EXPR: 0 | POS | INT | 14 | 7 | 1 | (35/(x+4))=7 | 35 x 4 + / 7 = | 35:lawn x:dollar 4:dollar +:dollar /:lawn 7:lawn =:lawn
EXPR: 0 | POS | INT | 14 | 7 | 9 | 7=(35/(x-4)) | 7 35 x 4 - / = | 7:lawn 35:lawn x:dollar 4:dollar -:dollar /:lawn =:lawn
EXPR: 0 | POS | INT | 14 | 7 | 32 | (35+(4-x))=7 | 35 4 x - + 7 = | 35:dollar 4:dollar x:dollar -:dollar +:dollar 7:dollar =:dollar
EXPR: 0 | POS | INT | 14 | 7 | 38 | 7=(x-(35-4)) | 7 x 35 4 - - = | 7:dollar x:dollar 35:dollar 4:dollar -:dollar -:dollar =:dollar
EXPR: 0 | POS | INT | 14 | 7 | 46 | ((x-7)-35)=4 | x 7 - 35 - 4 = | x:dollar 7:dollar -:dollar 35:dollar -:dollar 4:dollar =:dollar
EXPR: 0 | POS | INT | 14 | 7 | 32 | (x+(7-35))=4 | x 7 35 - + 4 = | x:dollar 7:dollar 35:dollar -:dollar +:dollar 4:dollar =:dollar
EXPR: 0 | POS | INT | 14 | 7 | 32 | (7-(35-x))=4 | 7 35 x - - 4 = | 7:dollar 35:dollar x:dollar -:dollar -:dollar 4:dollar =:dollar
EXPR: 0 | POS | INT | 14 | 7 | 32 | ((35+4)-x)=7 | 35 4 + x - 7 = | 35:dollar 4:dollar +:dollar x:dollar -:dollar 7:dollar =:dollar
EXPR: 0 | POS | INT | 14 | 7 | 32 | ((7-35)+x)=4 | 7 35 - x + 4 = | 7:dollar 35:dollar -:dollar x:dollar +:dollar 4:dollar =:dollar
EXPR: 0 | POS | INT | 14 | 7 | 1 | (35/(4+x))=7 | 35 4 x + / 7 = | 35:lawn 4:dollar x:dollar +:dollar /:lawn 7:lawn =:lawn
EXPR: 0 | POS | INT | 14 | 7 | 32 | ((x+7)-35)=4 | x 7 + 35 - 4 = | x:dollar 7:dollar +:dollar 35:dollar -:dollar 4:dollar =:dollar
EXPR: 0 | POS | INT | 15 | 7 | 38 | (7-(4-35))=x | 7 4 35 - - x = | 7:dollar 4:dollar 35:dollar -:dollar -:dollar x:dollar =:dollar
EXPR: 0 | POS | INT | 15 | 7 | 32 | x=(4+(35-7)) | x 4 35 7 - + = | x:dollar 4:dollar 35:dollar 7:dollar -:dollar +:dollar =:dollar
EXPR: 0 | POS | INT | 15 | 7 | 46 | (4+(35+7))=x | 4 35 7 + + x = | 4:dollar 35:dollar 7:dollar +:dollar +:dollar x:dollar =:dollar
EXPR: 0 | POS | INT | 15 | 7 | 46 | x=((7+4)+35) | x 7 4 + 35 + = | x:dollar 7:dollar 4:dollar +:dollar 35:dollar +:dollar =:dollar
EXPR: 0 | POS | INT | 15 | 7 | 38 | x=(7-(4-35)) | x 7 4 35 - - = | x:dollar 7:dollar 4:dollar 35:dollar -:dollar -:dollar =:dollar
EXPR: 0 | POS | INT | 15 | 7 | 46 | x=(4+(35+7)) | x 4 35 7 + + = | x:dollar 4:dollar 35:dollar 7:dollar +:dollar +:dollar =:dollar
EXPR: 0 | POS | INT | 15 | 7 | 38 | ((7-4)+35)=x | 7 4 - 35 + x = | 7:dollar 4:dollar -:dollar 35:dollar +:dollar x:dollar =:dollar
EXPR: 0 | POS | INT | 15 | 7 | 168 | (4*(35+7))=x | 4 35 7 + * x = | 4:dollar 35:lawn 7:lawn +:lawn *:dollar x:dollar =:dollar
EXPR: 0 | POS | INT | 15 | 7 | 168 | x=(4*(35+7)) | x 4 35 7 + * = | x:dollar 4:dollar 35:lawn 7:lawn +:lawn *:dollar =:dollar
EXPR: 0 | POS | INT | 15 | 7 | 112 | x=(4*(35-7)) | x 4 35 7 - * = | x:dollar 4:dollar 35:lawn 7:lawn -:lawn *:dollar =:dollar
EXPR: 0 | POS | INT | 15 | 7 | 38 | x=((7-4)+35) | x 7 4 - 35 + = | x:dollar 7:dollar 4:dollar -:dollar 35:dollar +:dollar =:dollar
EXPR: 0 | POS | INT | 15 | 7 | 32 | (4+(35-7))=x | 4 35 7 - + x = | 4:dollar 35:dollar 7:dollar -:dollar +:dollar x:dollar =:dollar
EXPR: 0 | POS | INT | 15 | 7 | 46 | ((7+4)+35)=x | 7 4 + 35 + x = | 7:dollar 4:dollar +:dollar 35:dollar +:dollar x:dollar =:dollar
EXPR: 0 | POS | INT | 15 | 7 | 112 | (4*(35-7))=x | 4 35 7 - * x = | 4:dollar 35:lawn 7:lawn -:lawn *:dollar x:dollar =:dollar
EXPR: 0 | POS | INT | 17 | 7 | 32 | x=((4-7)+35) | x 4 7 - 35 + = | x:dollar 4:dollar 7:dollar -:dollar 35:dollar +:dollar =:dollar
EXPR: 0 | POS | INT | 17 | 7 | 9 | (7*(x-4))=35 | 7 x 4 - * 35 = | 7:lawn x:dollar 4:dollar -:dollar *:lawn 35:lawn =:lawn
EXPR: 0 | POS | INT | 17 | 7 | 38 | 7=((x+4)-35) | 7 x 4 + 35 - = | 7:dollar x:dollar 4:dollar +:dollar 35:dollar -:dollar =:dollar
EXPR: 0 | POS | INT | 17 | 7 | 385 | (x/(7+4))=35 | x 7 4 + / 35 = | x:lawn 7:dollar 4:dollar +:dollar /:lawn 35:lawn =:lawn
EXPR: 0 | POS | INT | 17 | 7 | 38 | 4=((35-x)+7) | 4 35 x - 7 + = | 4:dollar 35:dollar x:dollar -:dollar 7:dollar +:dollar =:dollar
EXPR: 0 | POS | INT | 17 | 7 | 38 | 7=((4+x)-35) | 7 4 x + 35 - = | 7:dollar 4:dollar x:dollar +:dollar 35:dollar -:dollar =:dollar
EXPR: 0 | POS | INT | 17 | 7 | 24 | (x+(7+4))=35 | x 7 4 + + 35 = | x:dollar 7:dollar 4:dollar +:dollar +:dollar 35:dollar =:dollar
EXPR: 0 | POS | INT | 17 | 7 | 46 | 4=((x-35)-7) | 4 x 35 - 7 - = | 4:dollar x:dollar 35:dollar -:dollar 7:dollar -:dollar =:dollar
EXPR: 0 | POS | INT | 17 | 7 | 32 | 4=((x-35)+7) | 4 x 35 - 7 + = | 4:dollar x:dollar 35:dollar -:dollar 7:dollar +:dollar =:dollar
EXPR: 0 | POS | INT | 17 | 7 | 249 | (x-4)=(35*7) | x 4 - 35 7 * = | x:dollar 4:dollar -:dollar 35:lawn 7:dollar *:dollar =:dollar
EXPR: 0 | POS | INT | 17 | 7 | 24 | 4=(35-(x+7)) | 4 35 x 7 + - = | 4:dollar 35:dollar x:dollar 7:dollar +:dollar -:dollar =:dollar
EXPR: 0 | POS | INT | 17 | 7 | 24 | (7+(4+x))=35 | 7 4 x + + 35 = | 7:dollar 4:dollar x:dollar +:dollar +:dollar 35:dollar =:dollar
EXPR: 0 | POS | INT | 17 | 7 | 38 | (4+(x-35))=7 | 4 x 35 - + 7 = | 4:dollar x:dollar 35:dollar -:dollar +:dollar 7:dollar =:dollar
EXPR: 0 | POS | INT | 17 | 7 | 241 | (x+4)=(35*7) | x 4 + 35 7 * = | x:dollar 4:dollar +:dollar 35:lawn 7:dollar *:dollar =:dollar
EXPR: 0 | POS | INT | 17 | 7 | 24 | 4=((35-x)-7) | 4 35 x - 7 - = | 4:dollar 35:dollar x:dollar -:dollar 7:dollar -:dollar =:dollar
EXPR: 0 | POS | INT | 17 | 7 | 46 | (x-(7+4))=35 | x 7 4 + - 35 = | x:dollar 7:dollar 4:dollar +:dollar -:dollar 35:dollar =:dollar
EXPR: 0 | POS | INT | 17 | 7 | 38 | ((4-35)+x)=7 | 4 35 - x + 7 = | 4:dollar 35:dollar -:dollar x:dollar +:dollar 7:dollar =:dollar
EXPR: 0 | POS | INT | 17 | 7 | 32 | 7=(4-(x-35)) | 7 4 x 35 - - = | 7:dollar 4:dollar x:dollar 35:dollar -:dollar -:dollar =:dollar
EXPR: 0 | POS | INT | 17 | 7 | 32 | 7=((4-x)+35) | 7 4 x - 35 + = | 7:dollar 4:dollar x:dollar -:dollar 35:dollar +:dollar =:dollar
EXPR: 0 | POS | INT | 17 | 7 | 46 | 4=(x-(35+7)) | 4 x 35 7 + - = | 4:dollar x:dollar 35:dollar 7:dollar +:dollar -:dollar =:dollar
EXPR: 0 | POS | INT | 17 | 7 | 112 | 4=(x/(35-7)) | 4 x 35 7 - / = | 4:dollar x:dollar 35:lawn 7:lawn -:lawn /:dollar =:dollar
EXPR: 0 | POS | INT | 17 | 7 | 168 | 4=(x/(35+7)) | 4 x 35 7 + / = | 4:dollar x:dollar 35:lawn 7:lawn +:lawn /:dollar =:dollar
EXPR: 0 | POS | INT | 17 | 7 | 32 | 4=(x-(35-7)) | 4 x 35 7 - - = | 4:dollar x:dollar 35:dollar 7:dollar -:dollar -:dollar =:dollar
EXPR: 0 | POS | INT | 17 | 7 | 38 | 7=(4+(x-35)) | 7 4 x 35 - + = | 7:dollar 4:dollar x:dollar 35:dollar -:dollar +:dollar =:dollar
EXPR: 0 | POS | INT | 17 | 7 | 46 | 7=((x-4)-35) | 7 x 4 - 35 - = | 7:dollar x:dollar 4:dollar -:dollar 35:dollar -:dollar =:dollar
EXPR: 0 | POS | INT | 17 | 7 | 38 | 7=(x+(4-35)) | 7 x 4 35 - + = | 7:dollar x:dollar 4:dollar 35:dollar -:dollar +:dollar =:dollar
EXPR: 0 | POS | INT | 17 | 7 | 32 | ((7-4)+x)=35 | 7 4 - x + 35 = | 7:dollar 4:dollar -:dollar x:dollar +:dollar 35:dollar =:dollar
EXPR: 0 | POS | INT | 17 | 7 | 105 | (7-4)=(x/35) | 7 4 - x 35 / = | 7:dollar 4:dollar -:dollar x:dollar 35:lawn /:dollar =:dollar
EXPR: 0 | POS | INT | 17 | 7 | 38 | (x-(7-4))=35 | x 7 4 - - 35 = | x:dollar 7:dollar 4:dollar -:dollar -:dollar 35:dollar =:dollar
EXPR: 0 | POS | INT | 17 | 7 | 24 | 4=(35-(7+x)) | 4 35 7 x + - = | 4:dollar 35:dollar 7:dollar x:dollar +:dollar -:dollar =:dollar
EXPR: 0 | POS | INT | 17 | 7 | 38 | 4=(35-(x-7)) | 4 35 x 7 - - = | 4:dollar 35:dollar x:dollar 7:dollar -:dollar -:dollar =:dollar
EXPR: 0 | POS | INT | 17 | 7 | 38 | 4=(35+(7-x)) | 4 35 7 x - + = | 4:dollar 35:dollar 7:dollar x:dollar -:dollar +:dollar =:dollar
EXPR: 0 | POS | INT | 17 | 7 | 32 | 7=(4+(35-x)) | 7 4 35 x - + = | 7:dollar 4:dollar 35:dollar x:dollar -:dollar +:dollar =:dollar
EXPR: 0 | POS | INT | 17 | 7 | 38 | ((x-7)+4)=35 | x 7 - 4 + 35 = | x:dollar 7:dollar -:dollar 4:dollar +:dollar 35:dollar =:dollar
EXPR: 0 | POS | INT | 17 | 7 | 32 | x=(4-(7-35)) | x 4 7 35 - - = | x:dollar 4:dollar 7:dollar 35:dollar -:dollar -:dollar =:dollar
EXPR: 0 | POS | INT | 17 | 7 | 32 | (x+(7-4))=35 | x 7 4 - + 35 = | x:dollar 7:dollar 4:dollar -:dollar +:dollar 35:dollar =:dollar
EXPR: 0 | POS | INT | 17 | 7 | 46 | ((x-7)-4)=35 | x 7 - 4 - 35 = | x:dollar 7:dollar -:dollar 4:dollar -:dollar 35:dollar =:dollar
EXPR: 0 | POS | INT | 17 | 7 | 32 | ((4-x)+35)=7 | 4 x - 35 + 7 = | 4:dollar x:dollar -:dollar 35:dollar +:dollar 7:dollar =:dollar
EXPR: 0 | POS | INT | 17 | 7 | 38 | ((4+x)-35)=7 | 4 x + 35 - 7 = | 4:dollar x:dollar +:dollar 35:dollar -:dollar 7:dollar =:dollar
EXPR: 0 | POS | INT | 17 | 7 | 32 | ((4-7)+35)=x | 4 7 - 35 + x = | 4:dollar 7:dollar -:dollar 35:dollar +:dollar x:dollar =:dollar
EXPR: 0 | POS | INT | 17 | 7 | 24 | ((7+4)+x)=35 | 7 4 + x + 35 = | 7:dollar 4:dollar +:dollar x:dollar +:dollar 35:dollar =:dollar
EXPR: 0 | POS | INT | 17 | 7 | 241 | (4+x)=(35*7) | 4 x + 35 7 * = | 4:dollar x:dollar +:dollar 35:lawn 7:dollar *:dollar =:dollar
EXPR: 0 | POS | INT | 17 | 7 | 38 | 7=((4-35)+x) | 7 4 35 - x + = | 7:dollar 4:dollar 35:dollar -:dollar x:dollar +:dollar =:dollar
EXPR: 0 | POS | INT | 17 | 7 | 1 | (7*(x+4))=35 | 7 x 4 + * 35 = | 7:lawn x:dollar 4:dollar +:dollar *:lawn 35:lawn =:lawn
EXPR: 0 | POS | INT | 17 | 7 | 24 | (7+(x+4))=35 | 7 x 4 + + 35 = | 7:dollar x:dollar 4:dollar +:dollar +:dollar 35:dollar =:dollar
EXPR: 0 | POS | INT | 17 | 7 | 32 | ((x+7)-4)=35 | x 7 + 4 - 35 = | x:dollar 7:dollar +:dollar 4:dollar -:dollar 35:dollar =:dollar
EXPR: 0 | POS | INT | 17 | 7 | 32 | (4+(35-x))=7 | 4 35 x - + 7 = | 4:dollar 35:dollar x:dollar -:dollar +:dollar 7:dollar =:dollar
EXPR: 0 | POS | INT | 17 | 7 | 38 | 7=(4-(35-x)) | 7 4 35 x - - = | 7:dollar 4:dollar 35:dollar x:dollar -:dollar -:dollar =:dollar
EXPR: 0 | POS | INT | 17 | 7 | 46 | ((x-4)-35)=7 | x 4 - 35 - 7 = | x:dollar 4:dollar -:dollar 35:dollar -:dollar 7:dollar =:dollar
EXPR: 0 | POS | INT | 17 | 7 | 32 | (7-(4-x))=35 | 7 4 x - - 35 = | 7:dollar 4:dollar x:dollar -:dollar -:dollar 35:dollar =:dollar
EXPR: 0 | POS | INT | 17 | 7 | 24 | ((7+x)+4)=35 | 7 x + 4 + 35 = | 7:dollar x:dollar +:dollar 4:dollar +:dollar 35:dollar =:dollar
EXPR: 0 | POS | INT | 17 | 7 | 32 | ((7+x)-4)=35 | 7 x + 4 - 35 = | 7:dollar x:dollar +:dollar 4:dollar -:dollar 35:dollar =:dollar
EXPR: 0 | POS | INT | 17 | 7 | 24 | 4=((35-7)-x) | 4 35 7 - x - = | 4:dollar 35:dollar 7:dollar -:dollar x:dollar -:dollar =:dollar
EXPR: 0 | POS | INT | 17 | 7 | 32 | (7+(x-4))=35 | 7 x 4 - + 35 = | 7:dollar x:dollar 4:dollar -:dollar +:dollar 35:dollar =:dollar
EXPR: 0 | POS | INT | 17 | 7 | 385 | (7+4)=(x/35) | 7 4 + x 35 / = | 7:dollar 4:dollar +:dollar x:dollar 35:lawn /:dollar =:dollar
EXPR: 0 | POS | INT | 17 | 7 | 38 | (4-(35-x))=7 | 4 35 x - - 7 = | 4:dollar 35:dollar x:dollar -:dollar -:dollar 7:dollar =:dollar
EXPR: 0 | POS | INT | 17 | 7 | 1 | (7*(4+x))=35 | 7 4 x + * 35 = | 7:lawn 4:dollar x:dollar +:dollar *:lawn 35:lawn =:lawn
EXPR: 0 | POS | INT | 17 | 7 | 32 | (4-(x-35))=7 | 4 x 35 - - 7 = | 4:dollar x:dollar 35:dollar -:dollar -:dollar 7:dollar =:dollar
EXPR: 0 | POS | INT | 17 | 7 | 38 | (x+(4-35))=7 | x 4 35 - + 7 = | x:dollar 4:dollar 35:dollar -:dollar +:dollar 7:dollar =:dollar
EXPR: 0 | POS | INT | 17 | 7 | 24 | ((x+7)+4)=35 | x 7 + 4 + 35 = | x:dollar 7:dollar +:dollar 4:dollar +:dollar 35:dollar =:dollar
EXPR: 0 | POS | INT | 17 | 7 | 32 | (4-(7-35))=x | 4 7 35 - - x = | 4:dollar 7:dollar 35:dollar -:dollar -:dollar x:dollar =:dollar
EXPR: 0 | POS | INT | 17 | 7 | 105 | (x/(7-4))=35 | x 7 4 - / 35 = | x:lawn 7:dollar 4:dollar -:dollar /:lawn 35:lawn =:lawn
EXPR: 0 | POS | INT | 17 | 7 | 38 | 4=((35+7)-x) | 4 35 7 + x - = | 4:dollar 35:dollar 7:dollar +:dollar x:dollar -:dollar =:dollar
EXPR: 0 | POS | INT | 17 | 7 | 38 | ((x+4)-35)=7 | x 4 + 35 - 7 = | x:dollar 4:dollar +:dollar 35:dollar -:dollar 7:dollar =:dollar
EXPR: 0 | POS | INT | 19 | 7 | 32 | 4=((x+7)-35) | 4 x 7 + 35 - = | 4:dollar x:dollar 7:dollar +:dollar 35:dollar -:dollar =:dollar
EXPR: 0 | POS | INT | 19 | 7 | 46 | ((x-4)-7)=35 | x 4 - 7 - 35 = | x:dollar 4:dollar -:dollar 7:dollar -:dollar 35:dollar =:dollar
EXPR: 0 | POS | INT | 19 | 7 | 24 | (4+(x+7))=35 | 4 x 7 + + 35 = | 4:dollar x:dollar 7:dollar +:dollar +:dollar 35:dollar =:dollar
EXPR: 0 | POS | INT | 19 | 7 | 38 | 4=((7-x)+35) | 4 7 x - 35 + = | 4:dollar 7:dollar x:dollar -:dollar 35:dollar +:dollar =:dollar
EXPR: 0 | POS | INT | 19 | 7 | 38 | ((x+4)-7)=35 | x 4 + 7 - 35 = | x:dollar 4:dollar +:dollar 7:dollar -:dollar 35:dollar =:dollar
EXPR: 0 | POS | INT | 19 | 7 | 24 | (4+(7+x))=35 | 4 7 x + + 35 = | 4:dollar 7:dollar x:dollar +:dollar +:dollar 35:dollar =:dollar
EXPR: 0 | POS | INT | 19 | 7 | 32 | ((x-4)+7)=35 | x 4 - 7 + 35 = | x:dollar 4:dollar -:dollar 7:dollar +:dollar 35:dollar =:dollar
EXPR: 0 | POS | INT | 19 | 7 | 38 | ((4+x)-7)=35 | 4 x + 7 - 35 = | 4:dollar x:dollar +:dollar 7:dollar -:dollar 35:dollar =:dollar
EXPR: 0 | POS | INT | 19 | 7 | 24 | ((4+x)+7)=35 | 4 x + 7 + 35 = | 4:dollar x:dollar +:dollar 7:dollar +:dollar 35:dollar =:dollar
EXPR: 0 | POS | INT | 19 | 7 | 24 | ((x+4)+7)=35 | x 4 + 7 + 35 = | x:dollar 4:dollar +:dollar 7:dollar +:dollar 35:dollar =:dollar
EXPR: 0 | POS | INT | 19 | 7 | 9 | ((x-4)*7)=35 | x 4 - 7 * 35 = | x:dollar 4:dollar -:dollar 7:lawn *:lawn 35:lawn =:lawn
EXPR: 0 | POS | INT | 19 | 7 | 1 | ((x+4)*7)=35 | x 4 + 7 * 35 = | x:dollar 4:dollar +:dollar 7:lawn *:lawn 35:lawn =:lawn
EXPR: 0 | POS | INT | 19 | 7 | 38 | ((4-7)+x)=35 | 4 7 - x + 35 = | 4:dollar 7:dollar -:dollar x:dollar +:dollar 35:dollar =:dollar
EXPR: 0 | POS | INT | 19 | 7 | 46 | 4=((x-7)-35) | 4 x 7 - 35 - = | 4:dollar x:dollar 7:dollar -:dollar 35:dollar -:dollar =:dollar
EXPR: 0 | POS | INT | 19 | 7 | 38 | (x+(4-7))=35 | x 4 7 - + 35 = | x:dollar 4:dollar 7:dollar -:dollar +:dollar 35:dollar =:dollar
EXPR: 0 | POS | INT | 19 | 7 | 32 | 4=(x+(7-35)) | 4 x 7 35 - + = | 4:dollar x:dollar 7:dollar 35:dollar -:dollar +:dollar =:dollar
EXPR: 0 | POS | INT | 19 | 7 | 38 | (4+(x-7))=35 | 4 x 7 - + 35 = | 4:dollar x:dollar 7:dollar -:dollar +:dollar 35:dollar =:dollar
EXPR: 0 | POS | INT | 19 | 7 | 32 | 4=(7-(35-x)) | 4 7 35 x - - = | 4:dollar 7:dollar 35:dollar x:dollar -:dollar -:dollar =:dollar
EXPR: 0 | POS | INT | 19 | 7 | 32 | (x-(4-7))=35 | x 4 7 - - 35 = | x:dollar 4:dollar 7:dollar -:dollar -:dollar 35:dollar =:dollar
EXPR: 0 | POS | INT | 19 | 7 | 32 | 4=((7+x)-35) | 4 7 x + 35 - = | 4:dollar 7:dollar x:dollar +:dollar 35:dollar -:dollar =:dollar
EXPR: 0 | POS | INT | 19 | 7 | 1 | ((4+x)*7)=35 | 4 x + 7 * 35 = | 4:dollar x:dollar +:dollar 7:lawn *:lawn 35:lawn =:lawn
EXPR: 0 | POS | INT | 19 | 7 | 32 | 4=(7+(x-35)) | 4 7 x 35 - + = | 4:dollar 7:dollar x:dollar 35:dollar -:dollar +:dollar =:dollar
EXPR: 0 | POS | INT | 19 | 7 | 38 | 4=(7-(x-35)) | 4 7 x 35 - - = | 4:dollar 7:dollar x:dollar 35:dollar -:dollar -:dollar =:dollar
EXPR: 0 | POS | INT | 19 | 7 | 38 | 4=(7+(35-x)) | 4 7 35 x - + = | 4:dollar 7:dollar 35:dollar x:dollar -:dollar +:dollar =:dollar
EXPR: 0 | POS | INT | 19 | 7 | 32 | 4=((7-35)+x) | 4 7 35 - x + = | 4:dollar 7:dollar 35:dollar -:dollar x:dollar +:dollar =:dollar
EXPR: 0 | POS | INT | 19 | 7 | 38 | (4-(7-x))=35 | 4 7 x - - 35 = | 4:dollar 7:dollar x:dollar -:dollar -:dollar 35:dollar =:dollar
EXPR: 1 | POS | INT | 20 | 7 | 7 | x=(35-(7*4)) | x 35 7 4 * - = | x:dollar 35:dollar 7:lawn 4:dollar *:dollar -:dollar =:dollar
EXPR: 0 | POS | INT | 20 | 7 | 9 | ((35/7)+4)=x | 35 7 / 4 + x = | 35:dollar 7:lawn /:dollar 4:dollar +:dollar x:dollar =:dollar
EXPR: 0 | POS | INT | 20 | 7 | 1 | ((35/7)-4)=x | 35 7 / 4 - x = | 35:dollar 7:lawn /:dollar 4:dollar -:dollar x:dollar =:dollar
EXPR: 0 | POS | INT | 20 | 7 | 63 | (35+(7*4))=x | 35 7 4 * + x = | 35:lawn 7:lawn 4:dollar *:lawn +:lawn x:lawn =:lawn
EXPR: 1 | POS | INT | 20 | 7 | 7 | (35-(7*4))=x | 35 7 4 * - x = | 35:lawn 7:lawn 4:dollar *:lawn -:lawn x:lawn =:lawn
NET 309 unique, non-negative, integer-valued solutions found out of 1000 total solutions
