parameters: n=7 l=3 k=1 p=5 q=2 m=9
TOTAL 1000 solutions found
SOLN: CORRECT | POS/NEG | INT/FRA | OBJ-SCORE | TRUE-ANS | ANS | INFIX | POSTFIX | TYPED-POSTFIX
EXPR: 1 | POS | INT | 2 | 4 | 4 | ((71-43)/x)=7 | 71 43 - x / 7 = | 71:cupcake 43:cupcake -:cupcake x:package /:cupcake 7:cupcake =:cupcake
EXPR: 1 | POS | INT | 2 | 4 | 4 | 71=(43+(x*7)) | 71 43 x 7 * + = | 71:cupcake 43:cupcake x:package 7:cupcake *:cupcake +:cupcake =:cupcake
EXPR: 1 | POS | INT | 2 | 4 | 4 | 71=(43+(7*x)) | 71 43 7 x * + = | 71:cupcake 43:cupcake 7:cupcake x:package *:cupcake +:cupcake =:cupcake
EXPR: 1 | POS | INT | 4 | 4 | 4 | (71-(x*7))=43 | 71 x 7 * - 43 = | 71:cupcake x:package 7:cupcake *:cupcake -:cupcake 43:cupcake =:cupcake
EXPR: 1 | POS | INT | 4 | 4 | 4 | 71=((x*7)+43) | 71 x 7 * 43 + = | 71:cupcake x:package 7:cupcake *:cupcake 43:cupcake +:cupcake =:cupcake
EXPR: 1 | POS | INT | 4 | 4 | 4 | 71=((7*x)+43) | 71 7 x * 43 + = | 71:cupcake 7:cupcake x:package *:cupcake 43:cupcake +:cupcake =:cupcake
EXPR: 1 | POS | INT | 4 | 4 | 4 | (71-(7*x))=43 | 71 7 x * - 43 = | 71:cupcake 7:cupcake x:package *:cupcake -:cupcake 43:cupcake =:cupcake
EXPR: 1 | POS | INT | 4 | 4 | 4 | 43=(71-(x*7)) | 43 71 x 7 * - = | 43:cupcake 71:cupcake x:package 7:cupcake *:cupcake -:cupcake =:cupcake
EXPR: 1 | POS | INT | 7 | 4 | 4 | (43+(7*x))=71 | 43 7 x * + 71 = | 43:cupcake 7:cupcake x:package *:cupcake +:cupcake 71:cupcake =:cupcake
EXPR: 1 | POS | INT | 7 | 4 | 4 | 7=((71-43)/x) | 7 71 43 - x / = | 7:cupcake 71:cupcake 43:cupcake -:cupcake x:package /:cupcake =:cupcake
EXPR: 1 | POS | INT | 7 | 4 | 4 | (43+(x*7))=71 | 43 x 7 * + 71 = | 43:cupcake x:package 7:cupcake *:cupcake +:cupcake 71:cupcake =:cupcake
EXPR: 1 | POS | INT | 9 | 4 | 4 | ((7*x)+43)=71 | 7 x * 43 + 71 = | 7:cupcake x:package *:cupcake 43:cupcake +:cupcake 71:cupcake =:cupcake
EXPR: 1 | POS | INT | 9 | 4 | 4 | ((x*7)+43)=71 | x 7 * 43 + 71 = | x:package 7:cupcake *:cupcake 43:cupcake +:cupcake 71:cupcake =:cupcake
EXPR: 0 | POS | INT | 10 | 4 | 798 | x=((71+43)*7) | x 71 43 + 7 * = | x:package 71:cupcake 43:cupcake +:cupcake 7:package *:package =:package
EXPR: 0 | POS | INT | 10 | 4 | 3550 | x=(71*(43+7)) | x 71 43 7 + * = | x:package 71:package 43:cupcake 7:cupcake +:cupcake *:package =:package
EXPR: 0 | POS | INT | 10 | 4 | 2556 | x=(71*(43-7)) | x 71 43 7 - * = | x:package 71:package 43:cupcake 7:cupcake -:cupcake *:package =:package
EXPR: 0 | POS | INT | 10 | 4 | 196 | ((71-43)*7)=x | 71 43 - 7 * x = | 71:cupcake 43:cupcake -:cupcake 7:package *:package x:package =:package
EXPR: 0 | POS | INT | 10 | 4 | 107 | ((71+43)-7)=x | 71 43 + 7 - x = | 71:cupcake 43:cupcake +:cupcake 7:cupcake -:cupcake x:cupcake =:cupcake
EXPR: 0 | POS | INT | 10 | 4 | 21 | ((71-43)-7)=x | 71 43 - 7 - x = | 71:cupcake 43:cupcake -:cupcake 7:cupcake -:cupcake x:cupcake =:cupcake
EXPR: 0 | POS | INT | 10 | 4 | 35 | (71-(43-7))=x | 71 43 7 - - x = | 71:cupcake 43:cupcake 7:cupcake -:cupcake -:cupcake x:cupcake =:cupcake
EXPR: 0 | POS | INT | 10 | 4 | 2556 | (71*(43-7))=x | 71 43 7 - * x = | 71:package 43:cupcake 7:cupcake -:cupcake *:package x:package =:package
EXPR: 0 | POS | INT | 10 | 4 | 35 | ((71-43)+7)=x | 71 43 - 7 + x = | 71:cupcake 43:cupcake -:cupcake 7:cupcake +:cupcake x:cupcake =:cupcake
EXPR: 0 | POS | INT | 10 | 4 | 107 | x=(71+(43-7)) | x 71 43 7 - + = | x:cupcake 71:cupcake 43:cupcake 7:cupcake -:cupcake +:cupcake =:cupcake
EXPR: 0 | POS | INT | 10 | 4 | 21 | x=(71-(43+7)) | x 71 43 7 + - = | x:cupcake 71:cupcake 43:cupcake 7:cupcake +:cupcake -:cupcake =:cupcake
EXPR: 0 | POS | INT | 10 | 4 | 121 | ((71+43)+7)=x | 71 43 + 7 + x = | 71:cupcake 43:cupcake +:cupcake 7:cupcake +:cupcake x:cupcake =:cupcake
EXPR: 0 | POS | INT | 10 | 4 | 107 | (71+(43-7))=x | 71 43 7 - + x = | 71:cupcake 43:cupcake 7:cupcake -:cupcake +:cupcake x:cupcake =:cupcake
EXPR: 0 | POS | INT | 10 | 4 | 196 | x=((71-43)*7) | x 71 43 - 7 * = | x:package 71:cupcake 43:cupcake -:cupcake 7:package *:package =:package
EXPR: 0 | POS | INT | 10 | 4 | 121 | x=(71+(43+7)) | x 71 43 7 + + = | x:cupcake 71:cupcake 43:cupcake 7:cupcake +:cupcake +:cupcake =:cupcake
EXPR: 0 | POS | INT | 10 | 4 | 798 | ((71+43)*7)=x | 71 43 + 7 * x = | 71:cupcake 43:cupcake +:cupcake 7:package *:package x:package =:package
EXPR: 0 | POS | INT | 10 | 4 | 121 | (71+(43+7))=x | 71 43 7 + + x = | 71:cupcake 43:cupcake 7:cupcake +:cupcake +:cupcake x:cupcake =:cupcake
EXPR: 0 | POS | INT | 10 | 4 | 35 | x=(71-(43-7)) | x 71 43 7 - - = | x:cupcake 71:cupcake 43:cupcake 7:cupcake -:cupcake -:cupcake =:cupcake
EXPR: 0 | POS | INT | 10 | 4 | 3550 | (71*(43+7))=x | 71 43 7 + * x = | 71:package 43:cupcake 7:cupcake +:cupcake *:package x:package =:package
EXPR: 0 | POS | INT | 10 | 4 | 107 | x=((71+43)-7) | x 71 43 + 7 - = | x:cupcake 71:cupcake 43:cupcake +:cupcake 7:cupcake -:cupcake =:cupcake
EXPR: 0 | POS | INT | 10 | 4 | 35 | x=((71-43)+7) | x 71 43 - 7 + = | x:cupcake 71:cupcake 43:cupcake -:cupcake 7:cupcake +:cupcake =:cupcake
EXPR: 0 | POS | INT | 10 | 4 | 21 | x=((71-43)-7) | x 71 43 - 7 - = | x:cupcake 71:cupcake 43:cupcake -:cupcake 7:cupcake -:cupcake =:cupcake
EXPR: 0 | POS | INT | 10 | 4 | 21 | (71-(43+7))=x | 71 43 7 + - x = | 71:cupcake 43:cupcake 7:cupcake +:cupcake -:cupcake x:cupcake =:cupcake
EXPR: 0 | POS | INT | 10 | 4 | 121 | x=((71+43)+7) | x 71 43 + 7 + = | x:cupcake 71:cupcake 43:cupcake +:cupcake 7:cupcake +:cupcake =:cupcake
EXPR: 0 | POS | INT | 12 | 4 | 3550 | 71=(x/(43+7)) | 71 x 43 7 + / = | 71:package x:package 43:cupcake 7:cupcake +:cupcake /:package =:package
EXPR: 0 | POS | INT | 12 | 4 | 798 | (x/(71+43))=7 | x 71 43 + / 7 = | x:package 71:cupcake 43:cupcake +:cupcake /:package 7:package =:package
EXPR: 0 | POS | INT | 12 | 4 | 121 | (x-(71+43))=7 | x 71 43 + - 7 = | x:cupcake 71:cupcake 43:cupcake +:cupcake -:cupcake 7:cupcake =:cupcake
EXPR: 0 | POS | INT | 12 | 4 | 35 | 71=((x+43)-7) | 71 x 43 + 7 - = | 71:cupcake x:cupcake 43:cupcake +:cupcake 7:cupcake -:cupcake =:cupcake
EXPR: 0 | POS | INT | 12 | 4 | 21 | 71=((43+7)+x) | 71 43 7 + x + = | 71:cupcake 43:cupcake 7:cupcake +:cupcake x:cupcake +:cupcake =:cupcake
EXPR: 0 | POS | INT | 12 | 4 | 35 | 71=((43-7)+x) | 71 43 7 - x + = | 71:cupcake 43:cupcake 7:cupcake -:cupcake x:cupcake +:cupcake =:cupcake
EXPR: 0 | POS | INT | 12 | 4 | 3354 | x=(43*(71+7)) | x 43 71 7 + * = | x:package 43:package 71:cupcake 7:cupcake +:cupcake *:package =:package
EXPR: 0 | POS | INT | 12 | 4 | 107 | ((71-x)+43)=7 | 71 x - 43 + 7 = | 71:cupcake x:cupcake -:cupcake 43:cupcake +:cupcake 7:cupcake =:cupcake
EXPR: 0 | POS | INT | 12 | 4 | 2556 | 71=(x/(43-7)) | 71 x 43 7 - / = | 71:package x:package 43:cupcake 7:cupcake -:cupcake /:package =:package
EXPR: 0 | POS | INT | 12 | 4 | 196 | (x/(71-43))=7 | x 71 43 - / 7 = | x:package 71:cupcake 43:cupcake -:cupcake /:package 7:package =:package
EXPR: 0 | POS | INT | 12 | 4 | 35 | ((71+7)-43)=x | 71 7 + 43 - x = | 71:cupcake 7:cupcake +:cupcake 43:cupcake -:cupcake x:cupcake =:cupcake
EXPR: 0 | POS | INT | 12 | 4 | 21 | ((71-7)-43)=x | 71 7 - 43 - x = | 71:cupcake 7:cupcake -:cupcake 43:cupcake -:cupcake x:cupcake =:cupcake
EXPR: 0 | POS | INT | 12 | 4 | 3354 | x=((71+7)*43) | x 71 7 + 43 * = | x:package 71:cupcake 7:cupcake +:cupcake 43:package *:package =:package
EXPR: 0 | POS | INT | 12 | 4 | 107 | (71-(7-43))=x | 71 7 43 - - x = | 71:cupcake 7:cupcake 43:cupcake -:cupcake -:cupcake x:cupcake =:cupcake
EXPR: 0 | POS | INT | 12 | 4 | 21 | 71=((x+43)+7) | 71 x 43 + 7 + = | 71:cupcake x:cupcake 43:cupcake +:cupcake 7:cupcake +:cupcake =:cupcake
EXPR: 0 | POS | INT | 12 | 4 | 121 | ((x-71)-43)=7 | x 71 - 43 - 7 = | x:cupcake 71:cupcake -:cupcake 43:cupcake -:cupcake 7:cupcake =:cupcake
EXPR: 0 | POS | INT | 12 | 4 | 2752 | x=(43*(71-7)) | x 43 71 7 - * = | x:package 43:package 71:cupcake 7:cupcake -:cupcake *:package =:package
EXPR: 0 | POS | INT | 12 | 4 | 35 | x=(71+(7-43)) | x 71 7 43 - + = | x:cupcake 71:cupcake 7:cupcake 43:cupcake -:cupcake +:cupcake =:cupcake
EXPR: 0 | POS | INT | 12 | 4 | 107 | ((71-7)+43)=x | 71 7 - 43 + x = | 71:cupcake 7:cupcake -:cupcake 43:cupcake +:cupcake x:cupcake =:cupcake
EXPR: 0 | POS | INT | 12 | 4 | 35 | (71+(7-43))=x | 71 7 43 - + x = | 71:cupcake 7:cupcake 43:cupcake -:cupcake +:cupcake x:cupcake =:cupcake
EXPR: 0 | POS | INT | 12 | 4 | 2752 | ((71-7)*43)=x | 71 7 - 43 * x = | 71:cupcake 7:cupcake -:cupcake 43:package *:package x:package =:package
EXPR: 0 | POS | INT | 12 | 4 | 107 | (71-(x-43))=7 | 71 x 43 - - 7 = | 71:cupcake x:cupcake 43:cupcake -:cupcake -:cupcake 7:cupcake =:cupcake
EXPR: 0 | POS | INT | 12 | 4 | 2752 | x=((71-7)*43) | x 71 7 - 43 * = | x:package 71:cupcake 7:cupcake -:cupcake 43:package *:package =:package
EXPR: 0 | POS | INT | 12 | 4 | 107 | ((71+43)-x)=7 | 71 43 + x - 7 = | 71:cupcake 43:cupcake +:cupcake x:cupcake -:cupcake 7:cupcake =:cupcake
EXPR: 0 | POS | INT | 12 | 4 | 21 | ((71-43)-x)=7 | 71 43 - x - 7 = | 71:cupcake 43:cupcake -:cupcake x:cupcake -:cupcake 7:cupcake =:cupcake
EXPR: 0 | POS | INT | 12 | 4 | 107 | x=(43+(71-7)) | x 43 71 7 - + = | x:cupcake 43:cupcake 71:cupcake 7:cupcake -:cupcake +:cupcake =:cupcake
EXPR: 0 | POS | INT | 12 | 4 | 35 | ((x-71)+43)=7 | x 71 - 43 + 7 = | x:cupcake 71:cupcake -:cupcake 43:cupcake +:cupcake 7:cupcake =:cupcake
EXPR: 0 | POS | INT | 12 | 4 | 121 | 71=(x-(43+7)) | 71 x 43 7 + - = | 71:cupcake x:cupcake 43:cupcake 7:cupcake +:cupcake -:cupcake =:cupcake
EXPR: 0 | POS | INT | 12 | 4 | 121 | x=(43+(71+7)) | x 43 71 7 + + = | x:cupcake 43:cupcake 71:cupcake 7:cupcake +:cupcake +:cupcake =:cupcake
EXPR: 0 | POS | INT | 12 | 4 | 121 | ((71+7)+43)=x | 71 7 + 43 + x = | 71:cupcake 7:cupcake +:cupcake 43:cupcake +:cupcake x:cupcake =:cupcake
EXPR: 0 | POS | INT | 12 | 4 | 121 | (43+(71+7))=x | 43 71 7 + + x = | 43:cupcake 71:cupcake 7:cupcake +:cupcake +:cupcake x:cupcake =:cupcake
EXPR: 1 | POS | INT | 12 | 4 | 4 | (71-43)=(x*7) | 71 43 - x 7 * = | 71:cupcake 43:cupcake -:cupcake x:package 7:cupcake *:cupcake =:cupcake
EXPR: 0 | POS | INT | 12 | 4 | 3354 | (43*(71+7))=x | 43 71 7 + * x = | 43:package 71:cupcake 7:cupcake +:cupcake *:package x:package =:package
EXPR: 0 | POS | INT | 12 | 4 | 35 | (x-(71-43))=7 | x 71 43 - - 7 = | x:cupcake 71:cupcake 43:cupcake -:cupcake -:cupcake 7:cupcake =:cupcake
EXPR: 1 | POS | INT | 12 | 4 | 4 | (71-43)=(7*x) | 71 43 - 7 x * = | 71:cupcake 43:cupcake -:cupcake 7:cupcake x:package *:cupcake =:cupcake
EXPR: 0 | POS | INT | 12 | 4 | 35 | 71=(x+(43-7)) | 71 x 43 7 - + = | 71:cupcake x:cupcake 43:cupcake 7:cupcake -:cupcake +:cupcake =:cupcake
EXPR: 0 | POS | INT | 12 | 4 | 107 | (43+(71-7))=x | 43 71 7 - + x = | 43:cupcake 71:cupcake 7:cupcake -:cupcake +:cupcake x:cupcake =:cupcake
EXPR: 0 | POS | INT | 12 | 4 | 21 | 71=((43+x)+7) | 71 43 x + 7 + = | 71:cupcake 43:cupcake x:cupcake +:cupcake 7:cupcake +:cupcake =:cupcake
EXPR: 0 | POS | INT | 12 | 4 | 21 | (71-(x+43))=7 | 71 x 43 + - 7 = | 71:cupcake x:cupcake 43:cupcake +:cupcake -:cupcake 7:cupcake =:cupcake
EXPR: 0 | POS | INT | 12 | 4 | 35 | 71=(43+(x-7)) | 71 43 x 7 - + = | 71:cupcake 43:cupcake x:cupcake 7:cupcake -:cupcake +:cupcake =:cupcake
EXPR: 0 | POS | INT | 12 | 4 | 21 | 71=(43+(x+7)) | 71 43 x 7 + + = | 71:cupcake 43:cupcake x:cupcake 7:cupcake +:cupcake +:cupcake =:cupcake
EXPR: 0 | POS | INT | 12 | 4 | 35 | 71=(43-(7-x)) | 71 43 7 x - - = | 71:cupcake 43:cupcake 7:cupcake x:cupcake -:cupcake -:cupcake =:cupcake
EXPR: 0 | POS | INT | 12 | 4 | 21 | 71=(x+(43+7)) | 71 x 43 7 + + = | 71:cupcake x:cupcake 43:cupcake 7:cupcake +:cupcake +:cupcake =:cupcake
EXPR: 0 | POS | INT | 12 | 4 | 107 | x=((71-7)+43) | x 71 7 - 43 + = | x:cupcake 71:cupcake 7:cupcake -:cupcake 43:cupcake +:cupcake =:cupcake
EXPR: 0 | POS | INT | 12 | 4 | 107 | x=(71-(7-43)) | x 71 7 43 - - = | x:cupcake 71:cupcake 7:cupcake 43:cupcake -:cupcake -:cupcake =:cupcake
EXPR: 0 | POS | INT | 12 | 4 | 21 | ((71-x)-43)=7 | 71 x - 43 - 7 = | 71:cupcake x:cupcake -:cupcake 43:cupcake -:cupcake 7:cupcake =:cupcake
EXPR: 0 | POS | INT | 12 | 4 | 107 | 71=(x-(43-7)) | 71 x 43 7 - - = | 71:cupcake x:cupcake 43:cupcake 7:cupcake -:cupcake -:cupcake =:cupcake
EXPR: 0 | POS | INT | 12 | 4 | 2752 | (43*(71-7))=x | 43 71 7 - * x = | 43:package 71:cupcake 7:cupcake -:cupcake *:package x:package =:package
EXPR: 0 | POS | INT | 12 | 4 | 21 | (71-(43+x))=7 | 71 43 x + - 7 = | 71:cupcake 43:cupcake x:cupcake +:cupcake -:cupcake 7:cupcake =:cupcake
EXPR: 0 | POS | INT | 12 | 4 | 107 | (71+(43-x))=7 | 71 43 x - + 7 = | 71:cupcake 43:cupcake x:cupcake -:cupcake +:cupcake 7:cupcake =:cupcake
EXPR: 0 | POS | INT | 12 | 4 | 35 | x=((71+7)-43) | x 71 7 + 43 - = | x:cupcake 71:cupcake 7:cupcake +:cupcake 43:cupcake -:cupcake =:cupcake
EXPR: 0 | POS | INT | 12 | 4 | 3354 | ((71+7)*43)=x | 71 7 + 43 * x = | 71:cupcake 7:cupcake +:cupcake 43:package *:package x:package =:package
EXPR: 0 | POS | INT | 14 | 4 | 107 | 71=((x+7)-43) | 71 x 7 + 43 - = | 71:cupcake x:cupcake 7:cupcake +:cupcake 43:cupcake -:cupcake =:cupcake
EXPR: 0 | POS | INT | 14 | 4 | 107 | 43=(x-(71-7)) | 43 x 71 7 - - = | 43:cupcake x:cupcake 71:cupcake 7:cupcake -:cupcake -:cupcake =:cupcake
EXPR: 0 | POS | INT | 14 | 4 | 121 | 43=(x-(71+7)) | 43 x 71 7 + - = | 43:cupcake x:cupcake 71:cupcake 7:cupcake +:cupcake -:cupcake =:cupcake
EXPR: 0 | POS | INT | 14 | 4 | 3354 | 43=(x/(71+7)) | 43 x 71 7 + / = | 43:package x:package 71:cupcake 7:cupcake +:cupcake /:package =:package
EXPR: 0 | POS | INT | 14 | 4 | 121 | (x-(71+7))=43 | x 71 7 + - 43 = | x:cupcake 71:cupcake 7:cupcake +:cupcake -:cupcake 43:cupcake =:cupcake
EXPR: 0 | POS | INT | 14 | 4 | 107 | 71=((7-43)+x) | 71 7 43 - x + = | 71:cupcake 7:cupcake 43:cupcake -:cupcake x:cupcake +:cupcake =:cupcake
EXPR: 0 | POS | INT | 14 | 4 | 107 | 71=((7+x)-43) | 71 7 x + 43 - = | 71:cupcake 7:cupcake x:cupcake +:cupcake 43:cupcake -:cupcake =:cupcake
EXPR: 0 | POS | INT | 14 | 4 | 107 | ((43-x)+71)=7 | 43 x - 71 + 7 = | 43:cupcake x:cupcake -:cupcake 71:cupcake +:cupcake 7:cupcake =:cupcake
EXPR: 0 | POS | INT | 14 | 4 | 107 | 71=(7+(x-43)) | 71 7 x 43 - + = | 71:cupcake 7:cupcake x:cupcake 43:cupcake -:cupcake +:cupcake =:cupcake
EXPR: 0 | POS | INT | 14 | 4 | 21 | 71=(7+(x+43)) | 71 7 x 43 + + = | 71:cupcake 7:cupcake x:cupcake 43:cupcake +:cupcake +:cupcake =:cupcake
EXPR: 0 | POS | INT | 14 | 4 | 21 | 71=((x+7)+43) | 71 x 7 + 43 + = | 71:cupcake x:cupcake 7:cupcake +:cupcake 43:cupcake +:cupcake =:cupcake
EXPR: 0 | POS | INT | 14 | 4 | 121 | ((x-71)-7)=43 | x 71 - 7 - 43 = | x:cupcake 71:cupcake -:cupcake 7:cupcake -:cupcake 43:cupcake =:cupcake
EXPR: 0 | POS | INT | 14 | 4 | 35 | (71-(x-7))=43 | 71 x 7 - - 43 = | 71:cupcake x:cupcake 7:cupcake -:cupcake -:cupcake 43:cupcake =:cupcake
EXPR: 0 | POS | INT | 14 | 4 | 35 | ((71-x)+7)=43 | 71 x - 7 + 43 = | 71:cupcake x:cupcake -:cupcake 7:cupcake +:cupcake 43:cupcake =:cupcake
EXPR: 0 | POS | INT | 14 | 4 | 107 | 43=((x-71)+7) | 43 x 71 - 7 + = | 43:cupcake x:cupcake 71:cupcake -:cupcake 7:cupcake +:cupcake =:cupcake
EXPR: 0 | POS | INT | 14 | 4 | 35 | (71+(7-x))=43 | 71 7 x - + 43 = | 71:cupcake 7:cupcake x:cupcake -:cupcake +:cupcake 43:cupcake =:cupcake
EXPR: 0 | POS | INT | 14 | 4 | 107 | (43-(x-71))=7 | 43 x 71 - - 7 = | 43:cupcake x:cupcake 71:cupcake -:cupcake -:cupcake 7:cupcake =:cupcake
EXPR: 0 | POS | INT | 14 | 4 | 3354 | (x/(71+7))=43 | x 71 7 + / 43 = | x:package 71:cupcake 7:cupcake +:cupcake /:package 43:package =:package
EXPR: 0 | POS | INT | 14 | 4 | 121 | ((x-43)-71)=7 | x 43 - 71 - 7 = | x:cupcake 43:cupcake -:cupcake 71:cupcake -:cupcake 7:cupcake =:cupcake
EXPR: 0 | POS | INT | 14 | 4 | 2752 | 43=(x/(71-7)) | 43 x 71 7 - / = | 43:package x:package 71:cupcake 7:cupcake -:cupcake /:package =:package
EXPR: 0 | POS | INT | 14 | 4 | 2752 | (x/(71-7))=43 | x 71 7 - / 43 = | x:package 71:cupcake 7:cupcake -:cupcake /:package 43:package =:package
EXPR: 0 | POS | INT | 14 | 4 | 21 | 71=((7+x)+43) | 71 7 x + 43 + = | 71:cupcake 7:cupcake x:cupcake +:cupcake 43:cupcake +:cupcake =:cupcake
EXPR: 0 | POS | INT | 14 | 4 | 107 | 71=(7-(43-x)) | 71 7 43 x - - = | 71:cupcake 7:cupcake 43:cupcake x:cupcake -:cupcake -:cupcake =:cupcake
EXPR: 0 | POS | INT | 14 | 4 | 21 | 43=(71-(x+7)) | 43 71 x 7 + - = | 43:cupcake 71:cupcake x:cupcake 7:cupcake +:cupcake -:cupcake =:cupcake
EXPR: 0 | POS | INT | 14 | 4 | 107 | ((x-71)+7)=43 | x 71 - 7 + 43 = | x:cupcake 71:cupcake -:cupcake 7:cupcake +:cupcake 43:cupcake =:cupcake
EXPR: 0 | POS | INT | 14 | 4 | 121 | 43=((x-71)-7) | 43 x 71 - 7 - = | 43:cupcake x:cupcake 71:cupcake -:cupcake 7:cupcake -:cupcake =:cupcake
EXPR: 0 | POS | INT | 14 | 4 | 107 | (x-(71-7))=43 | x 71 7 - - 43 = | x:cupcake 71:cupcake 7:cupcake -:cupcake -:cupcake 43:cupcake =:cupcake
EXPR: 0 | POS | INT | 14 | 4 | 21 | (71-(7+x))=43 | 71 7 x + - 43 = | 71:cupcake 7:cupcake x:cupcake +:cupcake -:cupcake 43:cupcake =:cupcake
EXPR: 0 | POS | INT | 14 | 4 | 21 | 71=(7+(43+x)) | 71 7 43 x + + = | 71:cupcake 7:cupcake 43:cupcake x:cupcake +:cupcake +:cupcake =:cupcake
EXPR: 0 | POS | INT | 14 | 4 | 35 | 43=(71-(x-7)) | 43 71 x 7 - - = | 43:cupcake 71:cupcake x:cupcake 7:cupcake -:cupcake -:cupcake =:cupcake
EXPR: 0 | POS | INT | 14 | 4 | 35 | (43+(x-71))=7 | 43 x 71 - + 7 = | 43:cupcake x:cupcake 71:cupcake -:cupcake +:cupcake 7:cupcake =:cupcake
EXPR: 0 | POS | INT | 14 | 4 | 107 | 71=(x+(7-43)) | 71 x 7 43 - + = | 71:cupcake x:cupcake 7:cupcake 43:cupcake -:cupcake +:cupcake =:cupcake
EXPR: 0 | POS | INT | 14 | 4 | 35 | 71=(x-(7-43)) | 71 x 7 43 - - = | 71:cupcake x:cupcake 7:cupcake 43:cupcake -:cupcake -:cupcake =:cupcake
EXPR: 0 | POS | INT | 14 | 4 | 35 | 43=(71+(7-x)) | 43 71 7 x - + = | 43:cupcake 71:cupcake 7:cupcake x:cupcake -:cupcake +:cupcake =:cupcake
EXPR: 0 | POS | INT | 14 | 4 | 35 | ((43+x)-71)=7 | 43 x + 71 - 7 = | 43:cupcake x:cupcake +:cupcake 71:cupcake -:cupcake 7:cupcake =:cupcake
EXPR: 0 | POS | INT | 14 | 4 | 35 | (x+(43-71))=7 | x 43 71 - + 7 = | x:cupcake 43:cupcake 71:cupcake -:cupcake +:cupcake 7:cupcake =:cupcake
EXPR: 0 | POS | INT | 14 | 4 | 21 | ((71-x)-7)=43 | 71 x - 7 - 43 = | 71:cupcake x:cupcake -:cupcake 7:cupcake -:cupcake 43:cupcake =:cupcake
EXPR: 0 | POS | INT | 14 | 4 | 21 | 43=(71-(7+x)) | 43 71 7 x + - = | 43:cupcake 71:cupcake 7:cupcake x:cupcake +:cupcake -:cupcake =:cupcake
EXPR: 0 | POS | INT | 14 | 4 | 35 | ((71+7)-x)=43 | 71 7 + x - 43 = | 71:cupcake 7:cupcake +:cupcake x:cupcake -:cupcake 43:cupcake =:cupcake
EXPR: 0 | POS | INT | 14 | 4 | 21 | ((71-7)-x)=43 | 71 7 - x - 43 = | 71:cupcake 7:cupcake -:cupcake x:cupcake -:cupcake 43:cupcake =:cupcake
EXPR: 0 | POS | INT | 14 | 4 | 35 | 43=((71+7)-x) | 43 71 7 + x - = | 43:cupcake 71:cupcake 7:cupcake +:cupcake x:cupcake -:cupcake =:cupcake
EXPR: 0 | POS | INT | 14 | 4 | 35 | ((43-71)+x)=7 | 43 71 - x + 7 = | 43:cupcake 71:cupcake -:cupcake x:cupcake +:cupcake 7:cupcake =:cupcake
EXPR: 0 | POS | INT | 15 | 4 | 798 | x=(7*(71+43)) | x 7 71 43 + * = | x:package 7:package 71:cupcake 43:cupcake +:cupcake *:package =:package
EXPR: 0 | POS | INT | 15 | 4 | 3550 | x=((43+7)*71) | x 43 7 + 71 * = | x:package 43:cupcake 7:cupcake +:cupcake 71:package *:package =:package
EXPR: 0 | POS | INT | 15 | 4 | 2556 | x=((43-7)*71) | x 43 7 - 71 * = | x:package 43:cupcake 7:cupcake -:cupcake 71:package *:package =:package
EXPR: 0 | POS | INT | 15 | 4 | 121 | x=((43+7)+71) | x 43 7 + 71 + = | x:cupcake 43:cupcake 7:cupcake +:cupcake 71:cupcake +:cupcake =:cupcake
EXPR: 0 | POS | INT | 15 | 4 | 196 | x=(7*(71-43)) | x 7 71 43 - * = | x:package 7:package 71:cupcake 43:cupcake -:cupcake *:package =:package
EXPR: 0 | POS | INT | 15 | 4 | 3550 | ((43+7)*71)=x | 43 7 + 71 * x = | 43:cupcake 7:cupcake +:cupcake 71:package *:package x:package =:package
EXPR: 0 | POS | INT | 15 | 4 | 35 | x=(7+(71-43)) | x 7 71 43 - + = | x:cupcake 7:cupcake 71:cupcake 43:cupcake -:cupcake +:cupcake =:cupcake
EXPR: 0 | POS | INT | 15 | 4 | 121 | x=(7+(71+43)) | x 7 71 43 + + = | x:cupcake 7:cupcake 71:cupcake 43:cupcake +:cupcake +:cupcake =:cupcake
EXPR: 0 | POS | INT | 15 | 4 | 2556 | ((43-7)*71)=x | 43 7 - 71 * x = | 43:cupcake 7:cupcake -:cupcake 71:package *:package x:package =:package
EXPR: 0 | POS | INT | 15 | 4 | 121 | (7+(71+43))=x | 7 71 43 + + x = | 7:cupcake 71:cupcake 43:cupcake +:cupcake +:cupcake x:cupcake =:cupcake
EXPR: 0 | POS | INT | 15 | 4 | 35 | (7+(71-43))=x | 7 71 43 - + x = | 7:cupcake 71:cupcake 43:cupcake -:cupcake +:cupcake x:cupcake =:cupcake
EXPR: 0 | POS | INT | 15 | 4 | 107 | ((43-7)+71)=x | 43 7 - 71 + x = | 43:cupcake 7:cupcake -:cupcake 71:cupcake +:cupcake x:cupcake =:cupcake
EXPR: 0 | POS | INT | 15 | 4 | 798 | (7*(71+43))=x | 7 71 43 + * x = | 7:package 71:cupcake 43:cupcake +:cupcake *:package x:package =:package
EXPR: 0 | POS | INT | 15 | 4 | 107 | (43-(7-71))=x | 43 7 71 - - x = | 43:cupcake 7:cupcake 71:cupcake -:cupcake -:cupcake x:cupcake =:cupcake
EXPR: 0 | POS | INT | 15 | 4 | 121 | ((43+7)+71)=x | 43 7 + 71 + x = | 43:cupcake 7:cupcake +:cupcake 71:cupcake +:cupcake x:cupcake =:cupcake
EXPR: 0 | POS | INT | 15 | 4 | 196 | (7*(71-43))=x | 7 71 43 - * x = | 7:package 71:cupcake 43:cupcake -:cupcake *:package x:package =:package
EXPR: 0 | POS | INT | 15 | 4 | 107 | x=(43-(7-71)) | x 43 7 71 - - = | x:cupcake 43:cupcake 7:cupcake 71:cupcake -:cupcake -:cupcake =:cupcake
EXPR: 0 | POS | INT | 15 | 4 | 107 | x=((43-7)+71) | x 43 7 - 71 + = | x:cupcake 43:cupcake 7:cupcake -:cupcake 71:cupcake +:cupcake =:cupcake
EXPR: 0 | POS | INT | 17 | 4 | 107 | 43=((x+7)-71) | 43 x 7 + 71 - = | 43:cupcake x:cupcake 7:cupcake +:cupcake 71:cupcake -:cupcake =:cupcake
EXPR: 0 | POS | INT | 17 | 4 | 35 | 7=(x-(71-43)) | 7 x 71 43 - - = | 7:cupcake x:cupcake 71:cupcake 43:cupcake -:cupcake -:cupcake =:cupcake
EXPR: 0 | POS | INT | 17 | 4 | 121 | 7=(x-(71+43)) | 7 x 71 43 + - = | 7:cupcake x:cupcake 71:cupcake 43:cupcake +:cupcake -:cupcake =:cupcake
EXPR: 0 | POS | INT | 17 | 4 | 35 | (7-(x-71))=43 | 7 x 71 - - 43 = | 7:cupcake x:cupcake 71:cupcake -:cupcake -:cupcake 43:cupcake =:cupcake
EXPR: 0 | POS | INT | 17 | 4 | 107 | (7+(x-71))=43 | 7 x 71 - + 43 = | 7:cupcake x:cupcake 71:cupcake -:cupcake +:cupcake 43:cupcake =:cupcake
EXPR: 0 | POS | INT | 17 | 4 | 3550 | (x/(43+7))=71 | x 43 7 + / 71 = | x:package 43:cupcake 7:cupcake +:cupcake /:package 71:package =:package
EXPR: 0 | POS | INT | 17 | 4 | 107 | 43=((7+x)-71) | 43 7 x + 71 - = | 43:cupcake 7:cupcake x:cupcake +:cupcake 71:cupcake -:cupcake =:cupcake
EXPR: 0 | POS | INT | 17 | 4 | 35 | 43=((7-x)+71) | 43 7 x - 71 + = | 43:cupcake 7:cupcake x:cupcake -:cupcake 71:cupcake +:cupcake =:cupcake
EXPR: 0 | POS | INT | 17 | 4 | 107 | 43=(x+(7-71)) | 43 x 7 71 - + = | 43:cupcake x:cupcake 7:cupcake 71:cupcake -:cupcake +:cupcake =:cupcake
EXPR: 0 | POS | INT | 17 | 4 | 107 | ((x+7)-71)=43 | x 7 + 71 - 43 = | x:cupcake 7:cupcake +:cupcake 71:cupcake -:cupcake 43:cupcake =:cupcake
EXPR: 0 | POS | INT | 17 | 4 | 121 | ((x-7)-71)=43 | x 7 - 71 - 43 = | x:cupcake 7:cupcake -:cupcake 71:cupcake -:cupcake 43:cupcake =:cupcake
EXPR: 0 | POS | INT | 17 | 4 | 798 | 7=(x/(71+43)) | 7 x 71 43 + / = | 7:package x:package 71:cupcake 43:cupcake +:cupcake /:package =:package
EXPR: 1 | POS | INT | 17 | 4 | 4 | (x*7)=(71-43) | x 7 * 71 43 - = | x:package 7:cupcake *:cupcake 71:cupcake 43:cupcake -:cupcake =:cupcake
EXPR: 0 | POS | INT | 17 | 4 | 35 | ((x+43)-7)=71 | x 43 + 7 - 71 = | x:cupcake 43:cupcake +:cupcake 7:cupcake -:cupcake 71:cupcake =:cupcake
EXPR: 0 | POS | INT | 17 | 4 | 35 | ((43+x)-7)=71 | 43 x + 7 - 71 = | 43:cupcake x:cupcake +:cupcake 7:cupcake -:cupcake 71:cupcake =:cupcake
EXPR: 0 | POS | INT | 17 | 4 | 21 | ((43+x)+7)=71 | 43 x + 7 + 71 = | 43:cupcake x:cupcake +:cupcake 7:cupcake +:cupcake 71:cupcake =:cupcake
EXPR: 0 | POS | INT | 17 | 4 | 107 | (x-(43-7))=71 | x 43 7 - - 71 = | x:cupcake 43:cupcake 7:cupcake -:cupcake -:cupcake 71:cupcake =:cupcake
EXPR: 0 | POS | INT | 17 | 4 | 35 | (x+(43-7))=71 | x 43 7 - + 71 = | x:cupcake 43:cupcake 7:cupcake -:cupcake +:cupcake 71:cupcake =:cupcake
EXPR: 0 | POS | INT | 17 | 4 | 107 | 43=((7-71)+x) | 43 7 71 - x + = | 43:cupcake 7:cupcake 71:cupcake -:cupcake x:cupcake +:cupcake =:cupcake
EXPR: 0 | POS | INT | 17 | 4 | 196 | 7=(x/(71-43)) | 7 x 71 43 - / = | 7:package x:package 71:cupcake 43:cupcake -:cupcake /:package =:package
EXPR: 0 | POS | INT | 17 | 4 | 107 | ((7+x)-71)=43 | 7 x + 71 - 43 = | 7:cupcake x:cupcake +:cupcake 71:cupcake -:cupcake 43:cupcake =:cupcake
EXPR: 0 | POS | INT | 17 | 4 | 107 | 43=(7+(x-71)) | 43 7 x 71 - + = | 43:cupcake 7:cupcake x:cupcake 71:cupcake -:cupcake +:cupcake =:cupcake
EXPR: 0 | POS | INT | 17 | 4 | 35 | (43-(7-x))=71 | 43 7 x - - 71 = | 43:cupcake 7:cupcake x:cupcake -:cupcake -:cupcake 71:cupcake =:cupcake
EXPR: 0 | POS | INT | 17 | 4 | 35 | 7=((x-71)+43) | 7 x 71 - 43 + = | 7:cupcake x:cupcake 71:cupcake -:cupcake 43:cupcake +:cupcake =:cupcake
EXPR: 0 | POS | INT | 17 | 4 | 35 | (43+(x-7))=71 | 43 x 7 - + 71 = | 43:cupcake x:cupcake 7:cupcake -:cupcake +:cupcake 71:cupcake =:cupcake
EXPR: 0 | POS | INT | 17 | 4 | 35 | x=(7-(43-71)) | x 7 43 71 - - = | x:cupcake 7:cupcake 43:cupcake 71:cupcake -:cupcake -:cupcake =:cupcake
EXPR: 0 | POS | INT | 17 | 4 | 107 | (x+(7-71))=43 | x 7 71 - + 43 = | x:cupcake 7:cupcake 71:cupcake -:cupcake +:cupcake 43:cupcake =:cupcake
EXPR: 0 | POS | INT | 17 | 4 | 21 | (x+(43+7))=71 | x 43 7 + + 71 = | x:cupcake 43:cupcake 7:cupcake +:cupcake +:cupcake 71:cupcake =:cupcake
EXPR: 0 | POS | INT | 17 | 4 | 35 | 43=(7-(x-71)) | 43 7 x 71 - - = | 43:cupcake 7:cupcake x:cupcake 71:cupcake -:cupcake -:cupcake =:cupcake
EXPR: 0 | POS | INT | 17 | 4 | 107 | ((x-43)+7)=71 | x 43 - 7 + 71 = | x:cupcake 43:cupcake -:cupcake 7:cupcake +:cupcake 71:cupcake =:cupcake
EXPR: 0 | POS | INT | 17 | 4 | 21 | (43+(x+7))=71 | 43 x 7 + + 71 = | 43:cupcake x:cupcake 7:cupcake +:cupcake +:cupcake 71:cupcake =:cupcake
EXPR: 0 | POS | INT | 17 | 4 | 35 | ((7-x)+71)=43 | 7 x - 71 + 43 = | 7:cupcake x:cupcake -:cupcake 71:cupcake +:cupcake 43:cupcake =:cupcake
EXPR: 0 | POS | INT | 17 | 4 | 21 | (43+(7+x))=71 | 43 7 x + + 71 = | 43:cupcake 7:cupcake x:cupcake +:cupcake +:cupcake 71:cupcake =:cupcake
EXPR: 0 | POS | INT | 17 | 4 | 121 | (x-(43+7))=71 | x 43 7 + - 71 = | x:cupcake 43:cupcake 7:cupcake +:cupcake -:cupcake 71:cupcake =:cupcake
EXPR: 0 | POS | INT | 17 | 4 | 35 | ((7-43)+71)=x | 7 43 - 71 + x = | 7:cupcake 43:cupcake -:cupcake 71:cupcake +:cupcake x:cupcake =:cupcake
EXPR: 0 | POS | INT | 17 | 4 | 35 | ((43-7)+x)=71 | 43 7 - x + 71 = | 43:cupcake 7:cupcake -:cupcake x:cupcake +:cupcake 71:cupcake =:cupcake
EXPR: 0 | POS | INT | 17 | 4 | 21 | 7=(71-(x+43)) | 7 71 x 43 + - = | 7:cupcake 71:cupcake x:cupcake 43:cupcake +:cupcake -:cupcake =:cupcake
EXPR: 0 | POS | INT | 17 | 4 | 107 | 7=(71-(x-43)) | 7 71 x 43 - - = | 7:cupcake 71:cupcake x:cupcake 43:cupcake -:cupcake -:cupcake =:cupcake
EXPR: 0 | POS | INT | 17 | 4 | 121 | 7=((x-71)-43) | 7 x 71 - 43 - = | 7:cupcake x:cupcake 71:cupcake -:cupcake 43:cupcake -:cupcake =:cupcake
EXPR: 0 | POS | INT | 17 | 4 | 107 | 7=((71+43)-x) | 7 71 43 + x - = | 7:cupcake 71:cupcake 43:cupcake +:cupcake x:cupcake -:cupcake =:cupcake
EXPR: 0 | POS | INT | 17 | 4 | 21 | ((x+43)+7)=71 | x 43 + 7 + 71 = | x:cupcake 43:cupcake +:cupcake 7:cupcake +:cupcake 71:cupcake =:cupcake
EXPR: 0 | POS | INT | 17 | 4 | 121 | ((x-43)-7)=71 | x 43 - 7 - 71 = | x:cupcake 43:cupcake -:cupcake 7:cupcake -:cupcake 71:cupcake =:cupcake
EXPR: 0 | POS | INT | 17 | 4 | 21 | 7=(71-(43+x)) | 7 71 43 x + - = | 7:cupcake 71:cupcake 43:cupcake x:cupcake +:cupcake -:cupcake =:cupcake
EXPR: 0 | POS | INT | 17 | 4 | 107 | ((7-71)+x)=43 | 7 71 - x + 43 = | 7:cupcake 71:cupcake -:cupcake x:cupcake +:cupcake 43:cupcake =:cupcake
EXPR: 0 | POS | INT | 17 | 4 | 21 | 7=((71-43)-x) | 7 71 43 - x - = | 7:cupcake 71:cupcake 43:cupcake -:cupcake x:cupcake -:cupcake =:cupcake
EXPR: 0 | POS | INT | 17 | 4 | 107 | 7=(71+(43-x)) | 7 71 43 x - + = | 7:cupcake 71:cupcake 43:cupcake x:cupcake -:cupcake +:cupcake =:cupcake
EXPR: 0 | POS | INT | 17 | 4 | 21 | ((43+7)+x)=71 | 43 7 + x + 71 = | 43:cupcake 7:cupcake +:cupcake x:cupcake +:cupcake 71:cupcake =:cupcake
EXPR: 0 | POS | INT | 17 | 4 | 35 | (7-(43-71))=x | 7 43 71 - - x = | 7:cupcake 43:cupcake 71:cupcake -:cupcake -:cupcake x:cupcake =:cupcake
EXPR: 1 | POS | INT | 17 | 4 | 4 | (7*x)=(71-43) | 7 x * 71 43 - = | 7:cupcake x:package *:cupcake 71:cupcake 43:cupcake -:cupcake =:cupcake
EXPR: 0 | POS | INT | 17 | 4 | 35 | (7+(71-x))=43 | 7 71 x - + 43 = | 7:cupcake 71:cupcake x:cupcake -:cupcake +:cupcake 43:cupcake =:cupcake
EXPR: 0 | POS | INT | 19 | 4 | 35 | 7=((x+43)-71) | 7 x 43 + 71 - = | 7:cupcake x:cupcake 43:cupcake +:cupcake 71:cupcake -:cupcake =:cupcake
EXPR: 0 | POS | INT | 19 | 4 | 107 | ((x+7)-43)=71 | x 7 + 43 - 71 = | x:cupcake 7:cupcake +:cupcake 43:cupcake -:cupcake 71:cupcake =:cupcake
EXPR: 0 | POS | INT | 19 | 4 | 21 | ((x+7)+43)=71 | x 7 + 43 + 71 = | x:cupcake 7:cupcake +:cupcake 43:cupcake +:cupcake 71:cupcake =:cupcake
EXPR: 0 | POS | INT | 19 | 4 | 121 | ((x-7)-43)=71 | x 7 - 43 - 71 = | x:cupcake 7:cupcake -:cupcake 43:cupcake -:cupcake 71:cupcake =:cupcake
EXPR: 0 | POS | INT | 19 | 4 | 107 | ((7+x)-43)=71 | 7 x + 43 - 71 = | 7:cupcake x:cupcake +:cupcake 43:cupcake -:cupcake 71:cupcake =:cupcake
EXPR: 0 | POS | INT | 19 | 4 | 21 | ((7+x)+43)=71 | 7 x + 43 + 71 = | 7:cupcake x:cupcake +:cupcake 43:cupcake +:cupcake 71:cupcake =:cupcake
EXPR: 0 | POS | INT | 19 | 4 | 35 | ((x-7)+43)=71 | x 7 - 43 + 71 = | x:cupcake 7:cupcake -:cupcake 43:cupcake +:cupcake 71:cupcake =:cupcake
EXPR: 0 | POS | INT | 19 | 4 | 107 | (7-(43-x))=71 | 7 43 x - - 71 = | 7:cupcake 43:cupcake x:cupcake -:cupcake -:cupcake 71:cupcake =:cupcake
EXPR: 0 | POS | INT | 19 | 4 | 35 | 7=((43+x)-71) | 7 43 x + 71 - = | 7:cupcake 43:cupcake x:cupcake +:cupcake 71:cupcake -:cupcake =:cupcake
EXPR: 0 | POS | INT | 19 | 4 | 107 | (7+(x-43))=71 | 7 x 43 - + 71 = | 7:cupcake x:cupcake 43:cupcake -:cupcake +:cupcake 71:cupcake =:cupcake
EXPR: 0 | POS | INT | 19 | 4 | 35 | (x-(7-43))=71 | x 7 43 - - 71 = | x:cupcake 7:cupcake 43:cupcake -:cupcake -:cupcake 71:cupcake =:cupcake
EXPR: 0 | POS | INT | 19 | 4 | 107 | (x+(7-43))=71 | x 7 43 - + 71 = | x:cupcake 7:cupcake 43:cupcake -:cupcake +:cupcake 71:cupcake =:cupcake
EXPR: 0 | POS | INT | 19 | 4 | 121 | 7=((x-43)-71) | 7 x 43 - 71 - = | 7:cupcake x:cupcake 43:cupcake -:cupcake 71:cupcake -:cupcake =:cupcake
EXPR: 0 | POS | INT | 19 | 4 | 107 | 7=(43-(x-71)) | 7 43 x 71 - - = | 7:cupcake 43:cupcake x:cupcake 71:cupcake -:cupcake -:cupcake =:cupcake
EXPR: 0 | POS | INT | 19 | 4 | 21 | (7+(43+x))=71 | 7 43 x + + 71 = | 7:cupcake 43:cupcake x:cupcake +:cupcake +:cupcake 71:cupcake =:cupcake
EXPR: 0 | POS | INT | 19 | 4 | 107 | ((7-43)+x)=71 | 7 43 - x + 71 = | 7:cupcake 43:cupcake -:cupcake x:cupcake +:cupcake 71:cupcake =:cupcake
EXPR: 0 | POS | INT | 19 | 4 | 107 | 7=((43-x)+71) | 7 43 x - 71 + = | 7:cupcake 43:cupcake x:cupcake -:cupcake 71:cupcake +:cupcake =:cupcake
EXPR: 0 | POS | INT | 19 | 4 | 35 | 7=((43-71)+x) | 7 43 71 - x + = | 7:cupcake 43:cupcake 71:cupcake -:cupcake x:cupcake +:cupcake =:cupcake
EXPR: 0 | POS | INT | 19 | 4 | 35 | 7=(43+(x-71)) | 7 43 x 71 - + = | 7:cupcake 43:cupcake x:cupcake 71:cupcake -:cupcake +:cupcake =:cupcake
EXPR: 0 | POS | INT | 20 | 4 | 3046 | x=((71*43)-7) | x 71 43 * 7 - = | x:package 71:cupcake 43:package *:package 7:package -:package =:package
EXPR: 0 | POS | INT | 20 | 4 | 3060 | x=((71*43)+7) | x 71 43 * 7 + = | x:package 71:cupcake 43:package *:package 7:package +:package =:package
EXPR: 0 | POS | INT | 20 | 4 | 3060 | ((71*43)+7)=x | 71 43 * 7 + x = | 71:package 43:cupcake *:cupcake 7:cupcake +:cupcake x:cupcake =:cupcake
EXPR: 0 | POS | INT | 20 | 4 | 3046 | ((71*43)-7)=x | 71 43 * 7 - x = | 71:package 43:cupcake *:cupcake 7:cupcake -:cupcake x:cupcake =:cupcake
EXPR: 0 | POS | INT | 20 | 4 | 372 | (71+(43*7))=x | 71 43 7 * + x = | 71:cupcake 43:cupcake 7:package *:cupcake +:cupcake x:cupcake =:cupcake
EXPR: 1 | POS | INT | 20 | 4 | 4 | x=((71-43)/7) | x 71 43 - 7 / = | x:cupcake 71:cupcake 43:cupcake -:cupcake 7:package /:cupcake =:cupcake
EXPR: 0 | POS | INT | 20 | 4 | 372 | x=(71+(43*7)) | x 71 43 7 * + = | x:package 71:package 43:cupcake 7:package *:package +:package =:package
EXPR: 1 | POS | INT | 20 | 4 | 4 | ((71-43)/7)=x | 71 43 - 7 / x = | 71:cupcake 43:cupcake -:cupcake 7:package /:cupcake x:cupcake =:cupcake
EXPR: 0 | POS | INT | 22 | 4 | 454 | 71=((x+43)/7) | 71 x 43 + 7 / = | 71:cupcake x:cupcake 43:cupcake +:cupcake 7:package /:cupcake =:cupcake
EXPR: 0 | POS | INT | 22 | 4 | 3354 | 71=((x/43)-7) | 71 x 43 / 7 - = | 71:cupcake x:cupcake 43:package /:cupcake 7:cupcake -:cupcake =:cupcake
EXPR: 0 | POS | INT | 22 | 4 | 540 | 71=((x-43)/7) | 71 x 43 - 7 / = | 71:cupcake x:cupcake 43:cupcake -:cupcake 7:package /:cupcake =:cupcake
EXPR: 0 | POS | INT | 22 | 4 | 196 | 71=(43+(x/7)) | 71 43 x 7 / + = | 71:cupcake 43:cupcake x:cupcake 7:package /:cupcake +:cupcake =:cupcake
EXPR: 0 | POS | INT | 22 | 4 | 230 | 71=((43*7)-x) | 71 43 7 * x - = | 71:cupcake 43:package 7:cupcake *:cupcake x:cupcake -:cupcake =:cupcake
EXPR: 0 | POS | INT | 22 | 4 | 2752 | (71-(x/43))=7 | 71 x 43 / - 7 = | 71:cupcake x:cupcake 43:package /:cupcake -:cupcake 7:cupcake =:cupcake
EXPR: 0 | POS | INT | 22 | 4 | 372 | 71=(x-(43*7)) | 71 x 43 7 * - = | 71:cupcake x:cupcake 43:cupcake 7:package *:cupcake -:cupcake =:cupcake
EXPR: 0 | POS | INT | 22 | 4 | 454 | 71=((43+x)/7) | 71 43 x + 7 / = | 71:cupcake 43:cupcake x:cupcake +:cupcake 7:package /:cupcake =:cupcake
NET 234 unique, non-negative, integer-valued solutions found out of 1000 total solutions
