parameters: n=7 l=3 k=1 p=5 q=2 m=9
TOTAL 1000 solutions found
SOLN: CORRECT | POS/NEG | INT/FRA | OBJ-SCORE | TRUE-ANS | ANS | INFIX | POSTFIX | TYPED-POSTFIX
EXPR: 0 | POS | INT | 0 | 2 | 28 | x=(12+(8*2)) | x 12 8 2 * + = | x:dollar 12:dollar 8:buck 2:dollar *:dollar +:dollar =:dollar
EXPR: 0 | POS | INT | 0 | 2 | 98 | ((12*8)+2)=x | 12 8 * 2 + x = | 12:dollar 8:buck *:dollar 2:dollar +:dollar x:dollar =:dollar
EXPR: 0 | POS | INT | 0 | 2 | 28 | (12+(8*2))=x | 12 8 2 * + x = | 12:dollar 8:buck 2:dollar *:dollar +:dollar x:dollar =:dollar
EXPR: 0 | POS | INT | 0 | 2 | 94 | ((12*8)-2)=x | 12 8 * 2 - x = | 12:dollar 8:buck *:dollar 2:dollar -:dollar x:dollar =:dollar
EXPR: 0 | POS | INT | 0 | 2 | 98 | x=((12*8)+2) | x 12 8 * 2 + = | x:dollar 12:dollar 8:buck *:dollar 2:dollar +:dollar =:dollar
EXPR: 0 | POS | INT | 0 | 2 | 94 | x=((12*8)-2) | x 12 8 * 2 - = | x:dollar 12:dollar 8:buck *:dollar 2:dollar -:dollar =:dollar
EXPR: 0 | POS | INT | 2 | 2 | 80 | ((12-2)*8)=x | 12 2 - 8 * x = | 12:dollar 2:dollar -:dollar 8:buck *:dollar x:dollar =:dollar
EXPR: 0 | POS | INT | 2 | 2 | 80 | 12=((x/8)+2) | 12 x 8 / 2 + = | 12:dollar x:dollar 8:buck /:dollar 2:dollar +:dollar =:dollar
EXPR: 0 | POS | INT | 2 | 2 | 80 | x=((12-2)*8) | x 12 2 - 8 * = | x:dollar 12:dollar 2:dollar -:dollar 8:buck *:dollar =:dollar
EXPR: 0 | POS | INT | 2 | 2 | 112 | (8*(12+2))=x | 8 12 2 + * x = | 8:buck 12:dollar 2:dollar +:dollar *:dollar x:dollar =:dollar
EXPR: 0 | POS | INT | 2 | 2 | 112 | 12=((x/8)-2) | 12 x 8 / 2 - = | 12:dollar x:dollar 8:buck /:dollar 2:dollar -:dollar =:dollar
EXPR: 0 | POS | INT | 2 | 2 | 98 | (x-(12*8))=2 | x 12 8 * - 2 = | x:dollar 12:dollar 8:buck *:dollar -:dollar 2:dollar =:dollar
EXPR: 0 | POS | INT | 2 | 2 | 4 | 12=((8*2)-x) | 12 8 2 * x - = | 12:dollar 8:buck 2:dollar *:dollar x:dollar -:dollar =:dollar
EXPR: 0 | POS | INT | 2 | 2 | 112 | x=((12+2)*8) | x 12 2 + 8 * = | x:dollar 12:dollar 2:dollar +:dollar 8:buck *:dollar =:dollar
EXPR: 0 | POS | INT | 2 | 2 | 112 | x=(8*(12+2)) | x 8 12 2 + * = | x:dollar 8:buck 12:dollar 2:dollar +:dollar *:dollar =:dollar
EXPR: 0 | POS | INT | 2 | 2 | 80 | x=(8*(12-2)) | x 8 12 2 - * = | x:dollar 8:buck 12:dollar 2:dollar -:dollar *:dollar =:dollar
EXPR: 0 | POS | INT | 2 | 2 | 80 | (8*(12-2))=x | 8 12 2 - * x = | 8:buck 12:dollar 2:dollar -:dollar *:dollar x:dollar =:dollar
EXPR: 0 | POS | INT | 2 | 2 | 94 | ((12*8)-x)=2 | 12 8 * x - 2 = | 12:dollar 8:buck *:dollar x:dollar -:dollar 2:dollar =:dollar
EXPR: 0 | POS | INT | 2 | 2 | 80 | (12-(x/8))=2 | 12 x 8 / - 2 = | 12:dollar x:dollar 8:buck /:dollar -:dollar 2:dollar =:dollar
EXPR: 0 | POS | INT | 2 | 2 | 28 | 12=(x-(8*2)) | 12 x 8 2 * - = | 12:dollar x:dollar 8:buck 2:dollar *:dollar -:dollar =:dollar
EXPR: 0 | POS | INT | 2 | 2 | 4 | ((12+x)/8)=2 | 12 x + 8 / 2 = | 12:dollar x:dollar +:dollar 8:buck /:dollar 2:dollar =:dollar
EXPR: 0 | POS | INT | 2 | 2 | 28 | ((x-12)/8)=2 | x 12 - 8 / 2 = | x:dollar 12:dollar -:dollar 8:buck /:dollar 2:dollar =:dollar
EXPR: 0 | POS | INT | 2 | 2 | 4 | ((x+12)/8)=2 | x 12 + 8 / 2 = | x:dollar 12:dollar +:dollar 8:buck /:dollar 2:dollar =:dollar
EXPR: 0 | POS | INT | 2 | 2 | 112 | ((12+2)*8)=x | 12 2 + 8 * x = | 12:dollar 2:dollar +:dollar 8:buck *:dollar x:dollar =:dollar
EXPR: 0 | POS | INT | 4 | 2 | 112 | ((x/8)-12)=2 | x 8 / 12 - 2 = | x:dollar 8:buck /:dollar 12:dollar -:dollar 2:dollar =:dollar
EXPR: 0 | POS | INT | 4 | 2 | 94 | 12=((x+2)/8) | 12 x 2 + 8 / = | 12:dollar x:dollar 2:dollar +:dollar 8:buck /:dollar =:dollar
EXPR: 0 | POS | INT | 4 | 2 | 80 | 12=(2+(x/8)) | 12 2 x 8 / + = | 12:dollar 2:dollar x:dollar 8:buck /:dollar +:dollar =:dollar
EXPR: 0 | POS | INT | 4 | 2 | 98 | 12=((x-2)/8) | 12 x 2 - 8 / = | 12:dollar x:dollar 2:dollar -:dollar 8:buck /:dollar =:dollar
EXPR: 0 | POS | INT | 4 | 2 | 94 | 12=((2+x)/8) | 12 2 x + 8 / = | 12:dollar 2:dollar x:dollar +:dollar 8:buck /:dollar =:dollar
EXPR: 0 | POS | INT | 5 | 2 | 28 | x=((8*2)+12) | x 8 2 * 12 + = | x:dollar 8:buck 2:dollar *:dollar 12:dollar +:dollar =:dollar
EXPR: 0 | POS | INT | 5 | 2 | 4 | x=((8*2)-12) | x 8 2 * 12 - = | x:dollar 8:buck 2:dollar *:dollar 12:dollar -:dollar =:dollar
EXPR: 0 | POS | INT | 5 | 2 | 98 | x=(2+(12*8)) | x 2 12 8 * + = | x:dollar 2:dollar 12:dollar 8:buck *:dollar +:dollar =:dollar
EXPR: 0 | POS | INT | 5 | 2 | 4 | ((8*2)-12)=x | 8 2 * 12 - x = | 8:buck 2:dollar *:dollar 12:dollar -:dollar x:dollar =:dollar
EXPR: 0 | POS | INT | 5 | 2 | 28 | ((8*2)+12)=x | 8 2 * 12 + x = | 8:buck 2:dollar *:dollar 12:dollar +:dollar x:dollar =:dollar
EXPR: 0 | POS | INT | 5 | 2 | 98 | (2+(12*8))=x | 2 12 8 * + x = | 2:dollar 12:dollar 8:buck *:dollar +:dollar x:dollar =:dollar
EXPR: 0 | POS | INT | 7 | 2 | 80 | ((x/8)+2)=12 | x 8 / 2 + 12 = | x:dollar 8:buck /:dollar 2:dollar +:dollar 12:dollar =:dollar
EXPR: 0 | POS | INT | 7 | 2 | 112 | ((x/8)-2)=12 | x 8 / 2 - 12 = | x:dollar 8:buck /:dollar 2:dollar -:dollar 12:dollar =:dollar
EXPR: 0 | POS | INT | 7 | 2 | 4 | 2=((x+12)/8) | 2 x 12 + 8 / = | 2:dollar x:dollar 12:dollar +:dollar 8:buck /:dollar =:dollar
EXPR: 0 | POS | INT | 7 | 2 | 4 | ((8*2)-x)=12 | 8 2 * x - 12 = | 8:buck 2:dollar *:dollar x:dollar -:dollar 12:dollar =:dollar
EXPR: 0 | POS | INT | 7 | 2 | 98 | 2=(x-(12*8)) | 2 x 12 8 * - = | 2:dollar x:dollar 12:dollar 8:buck *:dollar -:dollar =:dollar
EXPR: 0 | POS | INT | 7 | 2 | 28 | 2=((x-12)/8) | 2 x 12 - 8 / = | 2:dollar x:dollar 12:dollar -:dollar 8:buck /:dollar =:dollar
EXPR: 0 | POS | INT | 7 | 2 | 28 | (x-(8*2))=12 | x 8 2 * - 12 = | x:dollar 8:buck 2:dollar *:dollar -:dollar 12:dollar =:dollar
EXPR: 0 | POS | INT | 7 | 2 | 4 | 2=((12+x)/8) | 2 12 x + 8 / = | 2:dollar 12:dollar x:dollar +:dollar 8:buck /:dollar =:dollar
EXPR: 0 | POS | INT | 7 | 2 | 94 | 2=((12*8)-x) | 2 12 8 * x - = | 2:dollar 12:dollar 8:buck *:dollar x:dollar -:dollar =:dollar
EXPR: 0 | POS | INT | 7 | 2 | 80 | 2=(12-(x/8)) | 2 12 x 8 / - = | 2:dollar 12:dollar x:dollar 8:buck /:dollar -:dollar =:dollar
EXPR: 0 | POS | INT | 9 | 2 | 80 | (2+(x/8))=12 | 2 x 8 / + 12 = | 2:dollar x:dollar 8:buck /:dollar +:dollar 12:dollar =:dollar
EXPR: 0 | POS | INT | 9 | 2 | 112 | 2=((x/8)-12) | 2 x 8 / 12 - = | 2:dollar x:dollar 8:buck /:dollar 12:dollar -:dollar =:dollar
EXPR: 0 | POS | INT | 9 | 2 | 94 | ((2+x)/8)=12 | 2 x + 8 / 12 = | 2:dollar x:dollar +:dollar 8:buck /:dollar 12:dollar =:dollar
EXPR: 0 | POS | INT | 9 | 2 | 98 | ((x-2)/8)=12 | x 2 - 8 / 12 = | x:dollar 2:dollar -:dollar 8:buck /:dollar 12:dollar =:dollar
EXPR: 0 | POS | INT | 9 | 2 | 94 | ((x+2)/8)=12 | x 2 + 8 / 12 = | x:dollar 2:dollar +:dollar 8:buck /:dollar 12:dollar =:dollar
EXPR: 0 | POS | INT | 10 | 2 | 120 | (12*(8+2))=x | 12 8 2 + * x = | 12:dollar 8:buck 2:buck +:buck *:dollar x:dollar =:dollar
EXPR: 1 | POS | INT | 10 | 2 | 2 | (12-(8+2))=x | 12 8 2 + - x = | 12:dollar 8:dollar 2:dollar +:dollar -:dollar x:dollar =:dollar
EXPR: 0 | POS | INT | 10 | 2 | 18 | x=(12+(8-2)) | x 12 8 2 - + = | x:dollar 12:dollar 8:dollar 2:dollar -:dollar +:dollar =:dollar
EXPR: 0 | POS | INT | 10 | 2 | 18 | (12+(8-2))=x | 12 8 2 - + x = | 12:dollar 8:dollar 2:dollar -:dollar +:dollar x:dollar =:dollar
EXPR: 0 | POS | INT | 10 | 2 | 8 | x=((12-8)*2) | x 12 8 - 2 * = | x:dollar 12:buck 8:buck -:buck 2:dollar *:dollar =:dollar
EXPR: 0 | POS | INT | 10 | 2 | 120 | x=(12*(8+2)) | x 12 8 2 + * = | x:dollar 12:dollar 8:buck 2:buck +:buck *:dollar =:dollar
EXPR: 1 | POS | INT | 10 | 2 | 2 | x=(12/(8-2)) | x 12 8 2 - / = | x:dollar 12:dollar 8:buck 2:buck -:buck /:dollar =:dollar
EXPR: 0 | POS | INT | 10 | 2 | 8 | ((12-8)*2)=x | 12 8 - 2 * x = | 12:buck 8:buck -:buck 2:dollar *:dollar x:dollar =:dollar
EXPR: 0 | POS | INT | 10 | 2 | 22 | x=(12+(8+2)) | x 12 8 2 + + = | x:dollar 12:dollar 8:dollar 2:dollar +:dollar +:dollar =:dollar
EXPR: 0 | POS | INT | 10 | 2 | 22 | (12+(8+2))=x | 12 8 2 + + x = | 12:dollar 8:dollar 2:dollar +:dollar +:dollar x:dollar =:dollar
EXPR: 0 | POS | INT | 10 | 2 | 22 | x=((12+8)+2) | x 12 8 + 2 + = | x:dollar 12:dollar 8:dollar +:dollar 2:dollar +:dollar =:dollar
EXPR: 0 | POS | INT | 10 | 2 | 40 | x=((12+8)*2) | x 12 8 + 2 * = | x:dollar 12:buck 8:buck +:buck 2:dollar *:dollar =:dollar
EXPR: 0 | POS | INT | 10 | 2 | 72 | (12*(8-2))=x | 12 8 2 - * x = | 12:dollar 8:buck 2:buck -:buck *:dollar x:dollar =:dollar
EXPR: 1 | POS | INT | 10 | 2 | 2 | (12/(8-2))=x | 12 8 2 - / x = | 12:dollar 8:buck 2:buck -:buck /:dollar x:dollar =:dollar
EXPR: 1 | POS | INT | 10 | 2 | 2 | x=(12-(8+2)) | x 12 8 2 + - = | x:dollar 12:dollar 8:dollar 2:dollar +:dollar -:dollar =:dollar
EXPR: 0 | POS | INT | 10 | 2 | 40 | ((12+8)*2)=x | 12 8 + 2 * x = | 12:buck 8:buck +:buck 2:dollar *:dollar x:dollar =:dollar
EXPR: 0 | POS | INT | 10 | 2 | 6 | x=(12-(8-2)) | x 12 8 2 - - = | x:dollar 12:dollar 8:dollar 2:dollar -:dollar -:dollar =:dollar
EXPR: 0 | POS | INT | 10 | 2 | 6 | (12-(8-2))=x | 12 8 2 - - x = | 12:dollar 8:dollar 2:dollar -:dollar -:dollar x:dollar =:dollar
EXPR: 0 | POS | INT | 10 | 2 | 72 | x=(12*(8-2)) | x 12 8 2 - * = | x:dollar 12:dollar 8:buck 2:buck -:buck *:dollar =:dollar
EXPR: 0 | POS | INT | 10 | 2 | 6 | x=((12-8)+2) | x 12 8 - 2 + = | x:dollar 12:dollar 8:dollar -:dollar 2:dollar +:dollar =:dollar
EXPR: 1 | POS | INT | 10 | 2 | 2 | x=((12-8)-2) | x 12 8 - 2 - = | x:dollar 12:dollar 8:dollar -:dollar 2:dollar -:dollar =:dollar
EXPR: 0 | POS | INT | 10 | 2 | 6 | ((12-8)+2)=x | 12 8 - 2 + x = | 12:dollar 8:dollar -:dollar 2:dollar +:dollar x:dollar =:dollar
EXPR: 0 | POS | INT | 10 | 2 | 22 | ((12+8)+2)=x | 12 8 + 2 + x = | 12:dollar 8:dollar +:dollar 2:dollar +:dollar x:dollar =:dollar
EXPR: 1 | POS | INT | 10 | 2 | 2 | ((12-8)-2)=x | 12 8 - 2 - x = | 12:dollar 8:dollar -:dollar 2:dollar -:dollar x:dollar =:dollar
EXPR: 0 | POS | INT | 10 | 2 | 18 | ((12+8)-2)=x | 12 8 + 2 - x = | 12:dollar 8:dollar +:dollar 2:dollar -:dollar x:dollar =:dollar
EXPR: 0 | POS | INT | 10 | 2 | 18 | x=((12+8)-2) | x 12 8 + 2 - = | x:dollar 12:dollar 8:dollar +:dollar 2:dollar -:dollar =:dollar
EXPR: 0 | POS | INT | 12 | 2 | 6 | ((12+2)-8)=x | 12 2 + 8 - x = | 12:dollar 2:dollar +:dollar 8:dollar -:dollar x:dollar =:dollar
EXPR: 0 | POS | INT | 12 | 2 | 22 | (8+(12+2))=x | 8 12 2 + + x = | 8:dollar 12:dollar 2:dollar +:dollar +:dollar x:dollar =:dollar
EXPR: 0 | POS | INT | 12 | 2 | 18 | (8+(12-2))=x | 8 12 2 - + x = | 8:dollar 12:dollar 2:dollar -:dollar +:dollar x:dollar =:dollar
EXPR: 1 | POS | INT | 12 | 2 | 2 | (12-(8+x))=2 | 12 8 x + - 2 = | 12:dollar 8:dollar x:dollar +:dollar -:dollar 2:dollar =:dollar
EXPR: 0 | POS | INT | 12 | 2 | 18 | x=((12-2)+8) | x 12 2 - 8 + = | x:dollar 12:dollar 2:dollar -:dollar 8:dollar +:dollar =:dollar
EXPR: 1 | POS | INT | 12 | 2 | 2 | 12=((8-2)*x) | 12 8 2 - x * = | 12:dollar 8:buck 2:buck -:buck x:dollar *:dollar =:dollar
EXPR: 0 | POS | INT | 12 | 2 | 22 | x=((12+2)+8) | x 12 2 + 8 + = | x:dollar 12:dollar 2:dollar +:dollar 8:dollar +:dollar =:dollar
EXPR: 0 | POS | INT | 12 | 2 | 18 | 12=((x-8)+2) | 12 x 8 - 2 + = | 12:dollar x:dollar 8:dollar -:dollar 2:dollar +:dollar =:dollar
EXPR: 0 | POS | INT | 12 | 2 | 22 | (x-(12+8))=2 | x 12 8 + - 2 = | x:dollar 12:dollar 8:dollar +:dollar -:dollar 2:dollar =:dollar
EXPR: 0 | POS | INT | 12 | 2 | 40 | (x/(12+8))=2 | x 12 8 + / 2 = | x:dollar 12:buck 8:buck +:buck /:dollar 2:dollar =:dollar
EXPR: 1 | POS | INT | 12 | 2 | 2 | (12/(8-x))=2 | 12 8 x - / 2 = | 12:dollar 8:buck x:buck -:buck /:dollar 2:dollar =:dollar
EXPR: 0 | POS | INT | 12 | 2 | 22 | 12=((x-8)-2) | 12 x 8 - 2 - = | 12:dollar x:dollar 8:dollar -:dollar 2:dollar -:dollar =:dollar
EXPR: 0 | POS | INT | 12 | 2 | 6 | (12+(2-8))=x | 12 2 8 - + x = | 12:dollar 2:dollar 8:dollar -:dollar +:dollar x:dollar =:dollar
EXPR: 0 | POS | INT | 12 | 2 | 18 | ((12-2)+8)=x | 12 2 - 8 + x = | 12:dollar 2:dollar -:dollar 8:dollar +:dollar x:dollar =:dollar
EXPR: 1 | POS | INT | 12 | 2 | 2 | 12=((8-x)*2) | 12 8 x - 2 * = | 12:dollar 8:buck x:buck -:buck 2:dollar *:dollar =:dollar
EXPR: 0 | POS | INT | 12 | 2 | 18 | ((12-x)+8)=2 | 12 x - 8 + 2 = | 12:dollar x:dollar -:dollar 8:dollar +:dollar 2:dollar =:dollar
EXPR: 1 | POS | INT | 12 | 2 | 2 | ((12-x)-8)=2 | 12 x - 8 - 2 = | 12:dollar x:dollar -:dollar 8:dollar -:dollar 2:dollar =:dollar
EXPR: 0 | POS | INT | 12 | 2 | 14 | 12=((x-8)*2) | 12 x 8 - 2 * = | 12:dollar x:buck 8:buck -:buck 2:dollar *:dollar =:dollar
EXPR: 0 | POS | INT | 12 | 2 | 6 | 12=((x+8)-2) | 12 x 8 + 2 - = | 12:dollar x:dollar 8:dollar +:dollar 2:dollar -:dollar =:dollar
EXPR: 1 | POS | INT | 12 | 2 | 2 | x=((12-2)-8) | x 12 2 - 8 - = | x:dollar 12:dollar 2:dollar -:dollar 8:dollar -:dollar =:dollar
EXPR: 0 | POS | INT | 12 | 2 | 22 | x=(8+(12+2)) | x 8 12 2 + + = | x:dollar 8:dollar 12:dollar 2:dollar +:dollar +:dollar =:dollar
EXPR: 0 | POS | INT | 12 | 2 | 14 | (12/(x-8))=2 | 12 x 8 - / 2 = | 12:dollar x:buck 8:buck -:buck /:dollar 2:dollar =:dollar
EXPR: 1 | POS | INT | 12 | 2 | 2 | 12=((8+x)+2) | 12 8 x + 2 + = | 12:dollar 8:dollar x:dollar +:dollar 2:dollar +:dollar =:dollar
EXPR: 0 | POS | INT | 12 | 2 | 6 | 12=((8+x)-2) | 12 8 x + 2 - = | 12:dollar 8:dollar x:dollar +:dollar 2:dollar -:dollar =:dollar
EXPR: 0 | POS | INT | 12 | 2 | 6 | (x-(12-8))=2 | x 12 8 - - 2 = | x:dollar 12:dollar 8:dollar -:dollar -:dollar 2:dollar =:dollar
EXPR: 1 | POS | INT | 12 | 2 | 2 | (12-(x+8))=2 | 12 x 8 + - 2 = | 12:dollar x:dollar 8:dollar +:dollar -:dollar 2:dollar =:dollar
EXPR: 0 | POS | INT | 12 | 2 | 94 | (12*8)=(2+x) | 12 8 * 2 x + = | 12:dollar 8:buck *:dollar 2:dollar x:dollar +:dollar =:dollar
EXPR: 0 | POS | INT | 12 | 2 | 18 | x=(8+(12-2)) | x 8 12 2 - + = | x:dollar 8:dollar 12:dollar 2:dollar -:dollar +:dollar =:dollar
EXPR: 0 | POS | INT | 12 | 2 | 18 | (12-(x-8))=2 | 12 x 8 - - 2 = | 12:dollar x:dollar 8:dollar -:dollar -:dollar 2:dollar =:dollar
EXPR: 0 | POS | INT | 12 | 2 | 8 | (x/(12-8))=2 | x 12 8 - / 2 = | x:dollar 12:buck 8:buck -:buck /:dollar 2:dollar =:dollar
EXPR: 0 | POS | INT | 12 | 2 | 6 | 12=((8-2)+x) | 12 8 2 - x + = | 12:dollar 8:dollar 2:dollar -:dollar x:dollar +:dollar =:dollar
EXPR: 0 | POS | INT | 12 | 2 | 6 | x=((12+2)-8) | x 12 2 + 8 - = | x:dollar 12:dollar 2:dollar +:dollar 8:dollar -:dollar =:dollar
EXPR: 0 | POS | INT | 12 | 2 | 6 | 12=(x+(8-2)) | 12 x 8 2 - + = | 12:dollar x:dollar 8:dollar 2:dollar -:dollar +:dollar =:dollar
EXPR: 0 | POS | INT | 12 | 2 | 28 | (x-12)=(8*2) | x 12 - 8 2 * = | x:dollar 12:dollar -:dollar 8:buck 2:dollar *:dollar =:dollar
EXPR: 0 | POS | INT | 12 | 2 | 22 | 12=(x-(8+2)) | 12 x 8 2 + - = | 12:dollar x:dollar 8:dollar 2:dollar +:dollar -:dollar =:dollar
EXPR: 0 | POS | INT | 12 | 2 | 4 | (x+12)=(8*2) | x 12 + 8 2 * = | x:dollar 12:dollar +:dollar 8:buck 2:dollar *:dollar =:dollar
EXPR: 1 | POS | INT | 12 | 2 | 2 | ((12-2)-8)=x | 12 2 - 8 - x = | 12:dollar 2:dollar -:dollar 8:dollar -:dollar x:dollar =:dollar
EXPR: 0 | POS | INT | 12 | 2 | 22 | ((12+2)+8)=x | 12 2 + 8 + x = | 12:dollar 2:dollar +:dollar 8:dollar +:dollar x:dollar =:dollar
EXPR: 0 | POS | INT | 12 | 2 | 94 | (12*8)=(x+2) | 12 8 * x 2 + = | 12:dollar 8:buck *:dollar x:dollar 2:dollar +:dollar =:dollar
EXPR: 0 | POS | INT | 12 | 2 | 6 | x=(12+(2-8)) | x 12 2 8 - + = | x:dollar 12:dollar 2:dollar 8:dollar -:dollar +:dollar =:dollar
EXPR: 1 | POS | INT | 12 | 2 | 2 | 12=((8+2)+x) | 12 8 2 + x + = | 12:dollar 8:dollar 2:dollar +:dollar x:dollar +:dollar =:dollar
EXPR: 0 | POS | INT | 12 | 2 | 120 | 12=(x/(8+2)) | 12 x 8 2 + / = | 12:dollar x:dollar 8:buck 2:buck +:buck /:dollar =:dollar
EXPR: 0 | POS | INT | 12 | 2 | 18 | x=(12-(2-8)) | x 12 2 8 - - = | x:dollar 12:dollar 2:dollar 8:dollar -:dollar -:dollar =:dollar
EXPR: 0 | POS | INT | 12 | 2 | 4 | (12+x)=(8*2) | 12 x + 8 2 * = | 12:dollar x:dollar +:dollar 8:buck 2:dollar *:dollar =:dollar
EXPR: 1 | POS | INT | 12 | 2 | 2 | 12=((x+8)+2) | 12 x 8 + 2 + = | 12:dollar x:dollar 8:dollar +:dollar 2:dollar +:dollar =:dollar
EXPR: 0 | POS | INT | 12 | 2 | 18 | (12-(2-8))=x | 12 2 8 - - x = | 12:dollar 2:dollar 8:dollar -:dollar -:dollar x:dollar =:dollar
EXPR: 1 | POS | INT | 12 | 2 | 2 | 12=(x*(8-2)) | 12 x 8 2 - * = | 12:dollar x:dollar 8:buck 2:buck -:buck *:dollar =:dollar
EXPR: 0 | POS | INT | 12 | 2 | 72 | 12=(x/(8-2)) | 12 x 8 2 - / = | 12:dollar x:dollar 8:buck 2:buck -:buck /:dollar =:dollar
EXPR: 0 | POS | INT | 12 | 2 | 98 | (12*8)=(x-2) | 12 8 * x 2 - = | 12:dollar 8:buck *:dollar x:dollar 2:dollar -:dollar =:dollar
EXPR: 1 | POS | INT | 12 | 2 | 2 | 12=(x+(8+2)) | 12 x 8 2 + + = | 12:dollar x:dollar 8:dollar 2:dollar +:dollar +:dollar =:dollar
EXPR: 0 | POS | INT | 12 | 2 | 18 | (12+(8-x))=2 | 12 8 x - + 2 = | 12:dollar 8:dollar x:dollar -:dollar +:dollar 2:dollar =:dollar
EXPR: 0 | POS | INT | 12 | 2 | 18 | ((12+8)-x)=2 | 12 8 + x - 2 = | 12:dollar 8:dollar +:dollar x:dollar -:dollar 2:dollar =:dollar
EXPR: 0 | POS | INT | 12 | 2 | 18 | 12=(x-(8-2)) | 12 x 8 2 - - = | 12:dollar x:dollar 8:dollar 2:dollar -:dollar -:dollar =:dollar
EXPR: 1 | POS | INT | 12 | 2 | 2 | 12=(8+(x+2)) | 12 8 x 2 + + = | 12:dollar 8:dollar x:dollar 2:dollar +:dollar +:dollar =:dollar
EXPR: 1 | POS | INT | 12 | 2 | 2 | 12=(8+(2+x)) | 12 8 2 x + + = | 12:dollar 8:dollar 2:dollar x:dollar +:dollar +:dollar =:dollar
EXPR: 0 | POS | INT | 12 | 2 | 6 | 12=(8+(x-2)) | 12 8 x 2 - + = | 12:dollar 8:dollar x:dollar 2:dollar -:dollar +:dollar =:dollar
EXPR: 0 | POS | INT | 12 | 2 | 6 | 12=(8-(2-x)) | 12 8 2 x - - = | 12:dollar 8:dollar 2:dollar x:dollar -:dollar -:dollar =:dollar
EXPR: 0 | POS | INT | 12 | 2 | 22 | ((x-12)-8)=2 | x 12 - 8 - 2 = | x:dollar 12:dollar -:dollar 8:dollar -:dollar 2:dollar =:dollar
EXPR: 1 | POS | INT | 12 | 2 | 2 | ((12-8)-x)=2 | 12 8 - x - 2 = | 12:dollar 8:dollar -:dollar x:dollar -:dollar 2:dollar =:dollar
EXPR: 0 | POS | INT | 12 | 2 | 6 | ((x-12)+8)=2 | x 12 - 8 + 2 = | x:dollar 12:dollar -:dollar 8:dollar +:dollar 2:dollar =:dollar
EXPR: 0 | POS | INT | 14 | 2 | 112 | 8=(x/(12+2)) | 8 x 12 2 + / = | 8:buck x:buck 12:dollar 2:dollar +:dollar /:buck =:buck
EXPR: 0 | POS | INT | 14 | 2 | 22 | (x-(12+2))=8 | x 12 2 + - 8 = | x:dollar 12:dollar 2:dollar +:dollar -:dollar 8:dollar =:dollar
EXPR: 0 | POS | INT | 14 | 2 | 112 | (x/(12+2))=8 | x 12 2 + / 8 = | x:buck 12:dollar 2:dollar +:dollar /:buck 8:buck =:buck
EXPR: 0 | POS | INT | 14 | 2 | 80 | 8=(x/(12-2)) | 8 x 12 2 - / = | 8:buck x:buck 12:dollar 2:dollar -:dollar /:buck =:buck
EXPR: 0 | POS | INT | 14 | 2 | 6 | (x+(8-12))=2 | x 8 12 - + 2 = | x:dollar 8:dollar 12:dollar -:dollar +:dollar 2:dollar =:dollar
EXPR: 0 | POS | INT | 14 | 2 | 6 | (8-(12-x))=2 | 8 12 x - - 2 = | 8:dollar 12:dollar x:dollar -:dollar -:dollar 2:dollar =:dollar
EXPR: 0 | POS | INT | 14 | 2 | 6 | ((12-x)+2)=8 | 12 x - 2 + 8 = | 12:dollar x:dollar -:dollar 2:dollar +:dollar 8:dollar =:dollar
EXPR: 0 | POS | INT | 14 | 2 | 8 | 8=((12-x)*2) | 8 12 x - 2 * = | 8:buck 12:dollar x:dollar -:dollar 2:buck *:buck =:buck
EXPR: 0 | POS | INT | 14 | 2 | 6 | (8+(x-12))=2 | 8 x 12 - + 2 = | 8:dollar x:dollar 12:dollar -:dollar +:dollar 2:dollar =:dollar
EXPR: 0 | POS | INT | 14 | 2 | 18 | (8+(12-x))=2 | 8 12 x - + 2 = | 8:dollar 12:dollar x:dollar -:dollar +:dollar 2:dollar =:dollar
EXPR: 0 | POS | INT | 14 | 2 | 6 | 12=((x-2)+8) | 12 x 2 - 8 + = | 12:dollar x:dollar 2:dollar -:dollar 8:dollar +:dollar =:dollar
EXPR: 0 | POS | INT | 14 | 2 | 18 | ((8-x)+12)=2 | 8 x - 12 + 2 = | 8:dollar x:dollar -:dollar 12:dollar +:dollar 2:dollar =:dollar
EXPR: 0 | POS | INT | 14 | 2 | 16 | 8=((x-12)*2) | 8 x 12 - 2 * = | 8:buck x:dollar 12:dollar -:dollar 2:buck *:buck =:buck
EXPR: 0 | POS | INT | 14 | 2 | 18 | (8-(x-12))=2 | 8 x 12 - - 2 = | 8:dollar x:dollar 12:dollar -:dollar -:dollar 2:dollar =:dollar
EXPR: 1 | POS | INT | 14 | 2 | 2 | 12=((x+2)+8) | 12 x 2 + 8 + = | 12:dollar x:dollar 2:dollar +:dollar 8:dollar +:dollar =:dollar
EXPR: 0 | POS | INT | 14 | 2 | 6 | ((8+x)-12)=2 | 8 x + 12 - 2 = | 8:dollar x:dollar +:dollar 12:dollar -:dollar 2:dollar =:dollar
EXPR: 0 | POS | INT | 14 | 2 | 112 | (x/8)=(12+2) | x 8 / 12 2 + = | x:dollar 8:buck /:dollar 12:dollar 2:dollar +:dollar =:dollar
EXPR: 1 | POS | INT | 14 | 2 | 2 | (12-(x+2))=8 | 12 x 2 + - 8 = | 12:dollar x:dollar 2:dollar +:dollar -:dollar 8:dollar =:dollar
EXPR: 0 | POS | INT | 14 | 2 | 18 | (x-(12-2))=8 | x 12 2 - - 8 = | x:dollar 12:dollar 2:dollar -:dollar -:dollar 8:dollar =:dollar
EXPR: 0 | POS | INT | 14 | 2 | 80 | (x/8)=(12-2) | x 8 / 12 2 - = | x:dollar 8:buck /:dollar 12:dollar 2:dollar -:dollar =:dollar
EXPR: 1 | POS | INT | 14 | 2 | 2 | 12=((2+x)+8) | 12 2 x + 8 + = | 12:dollar 2:dollar x:dollar +:dollar 8:dollar +:dollar =:dollar
EXPR: 0 | POS | INT | 14 | 2 | 22 | 12=((x-2)-8) | 12 x 2 - 8 - = | 12:dollar x:dollar 2:dollar -:dollar 8:dollar -:dollar =:dollar
EXPR: 0 | POS | INT | 14 | 2 | 18 | 12=((2+x)-8) | 12 2 x + 8 - = | 12:dollar 2:dollar x:dollar +:dollar 8:dollar -:dollar =:dollar
EXPR: 1 | POS | INT | 14 | 2 | 2 | (12-(2+x))=8 | 12 2 x + - 8 = | 12:dollar 2:dollar x:dollar +:dollar -:dollar 8:dollar =:dollar
EXPR: 0 | POS | INT | 14 | 2 | 80 | (x/(12-2))=8 | x 12 2 - / 8 = | x:buck 12:dollar 2:dollar -:dollar /:buck 8:buck =:buck
EXPR: 1 | POS | INT | 14 | 2 | 2 | ((12-x)-2)=8 | 12 x - 2 - 8 = | 12:dollar x:dollar -:dollar 2:dollar -:dollar 8:dollar =:dollar
EXPR: 0 | POS | INT | 14 | 2 | 6 | (12-(x-2))=8 | 12 x 2 - - 8 = | 12:dollar x:dollar 2:dollar -:dollar -:dollar 8:dollar =:dollar
EXPR: 0 | POS | INT | 14 | 2 | 18 | 12=((x+2)-8) | 12 x 2 + 8 - = | 12:dollar x:dollar 2:dollar +:dollar 8:dollar -:dollar =:dollar
EXPR: 1 | POS | INT | 14 | 2 | 2 | 8=((12-2)-x) | 8 12 2 - x - = | 8:dollar 12:dollar 2:dollar -:dollar x:dollar -:dollar =:dollar
EXPR: 0 | POS | INT | 14 | 2 | 18 | 8=((x-12)+2) | 8 x 12 - 2 + = | 8:dollar x:dollar 12:dollar -:dollar 2:dollar +:dollar =:dollar
EXPR: 1 | POS | INT | 14 | 2 | 2 | ((12-2)-x)=8 | 12 2 - x - 8 = | 12:dollar 2:dollar -:dollar x:dollar -:dollar 8:dollar =:dollar
EXPR: 0 | POS | INT | 14 | 2 | 18 | 12=((2-8)+x) | 12 2 8 - x + = | 12:dollar 2:dollar 8:dollar -:dollar x:dollar +:dollar =:dollar
EXPR: 0 | POS | INT | 14 | 2 | 8 | ((12-x)*2)=8 | 12 x - 2 * 8 = | 12:dollar x:dollar -:dollar 2:buck *:buck 8:buck =:buck
EXPR: 0 | POS | INT | 14 | 2 | 16 | (8/(x-12))=2 | 8 x 12 - / 2 = | 8:buck x:dollar 12:dollar -:dollar /:buck 2:buck =:buck
EXPR: 0 | POS | INT | 14 | 2 | 8 | (8/(12-x))=2 | 8 12 x - / 2 = | 8:buck 12:dollar x:dollar -:dollar /:buck 2:buck =:buck
EXPR: 0 | POS | INT | 14 | 2 | 6 | 8=((12-x)+2) | 8 12 x - 2 + = | 8:dollar 12:dollar x:dollar -:dollar 2:dollar +:dollar =:dollar
EXPR: 0 | POS | INT | 14 | 2 | 18 | 12=(x+(2-8)) | 12 x 2 8 - + = | 12:dollar x:dollar 2:dollar 8:dollar -:dollar +:dollar =:dollar
EXPR: 1 | POS | INT | 14 | 2 | 2 | 12=(2+(8+x)) | 12 2 8 x + + = | 12:dollar 2:dollar 8:dollar x:dollar +:dollar +:dollar =:dollar
EXPR: 0 | POS | INT | 14 | 2 | 18 | 12=(2-(8-x)) | 12 2 8 x - - = | 12:dollar 2:dollar 8:dollar x:dollar -:dollar -:dollar =:dollar
EXPR: 0 | POS | INT | 14 | 2 | 6 | ((12+2)-x)=8 | 12 2 + x - 8 = | 12:dollar 2:dollar +:dollar x:dollar -:dollar 8:dollar =:dollar
EXPR: 0 | POS | INT | 14 | 2 | 80 | (12-2)=(x/8) | 12 2 - x 8 / = | 12:dollar 2:dollar -:dollar x:dollar 8:buck /:dollar =:dollar
EXPR: 0 | POS | INT | 14 | 2 | 6 | (12+(2-x))=8 | 12 2 x - + 8 = | 12:dollar 2:dollar x:dollar -:dollar +:dollar 8:dollar =:dollar
EXPR: 1 | POS | INT | 14 | 2 | 2 | 8=((12-x)-2) | 8 12 x - 2 - = | 8:dollar 12:dollar x:dollar -:dollar 2:dollar -:dollar =:dollar
EXPR: 0 | POS | INT | 14 | 2 | 22 | 8=(x-(12+2)) | 8 x 12 2 + - = | 8:dollar x:dollar 12:dollar 2:dollar +:dollar -:dollar =:dollar
EXPR: 0 | POS | INT | 14 | 2 | 22 | 8=((x-12)-2) | 8 x 12 - 2 - = | 8:dollar x:dollar 12:dollar -:dollar 2:dollar -:dollar =:dollar
EXPR: 0 | POS | INT | 14 | 2 | 112 | (12+2)=(x/8) | 12 2 + x 8 / = | 12:dollar 2:dollar +:dollar x:dollar 8:buck /:dollar =:dollar
EXPR: 1 | POS | INT | 14 | 2 | 2 | 8=(12-(x+2)) | 8 12 x 2 + - = | 8:dollar 12:dollar x:dollar 2:dollar +:dollar -:dollar =:dollar
EXPR: 0 | POS | INT | 14 | 2 | 6 | 8=((12+2)-x) | 8 12 2 + x - = | 8:dollar 12:dollar 2:dollar +:dollar x:dollar -:dollar =:dollar
EXPR: 0 | POS | INT | 14 | 2 | 18 | 8=(x-(12-2)) | 8 x 12 2 - - = | 8:dollar x:dollar 12:dollar 2:dollar -:dollar -:dollar =:dollar
EXPR: 0 | POS | INT | 14 | 2 | 14 | 12=(2*(x-8)) | 12 2 x 8 - * = | 12:dollar 2:dollar x:buck 8:buck -:buck *:dollar =:dollar
EXPR: 0 | POS | INT | 14 | 2 | 6 | 8=(12-(x-2)) | 8 12 x 2 - - = | 8:dollar 12:dollar x:dollar 2:dollar -:dollar -:dollar =:dollar
EXPR: 0 | POS | INT | 14 | 2 | 16 | ((x-12)*2)=8 | x 12 - 2 * 8 = | x:dollar 12:dollar -:dollar 2:buck *:buck 8:buck =:buck
EXPR: 0 | POS | INT | 14 | 2 | 6 | ((8-12)+x)=2 | 8 12 - x + 2 = | 8:dollar 12:dollar -:dollar x:dollar +:dollar 2:dollar =:dollar
EXPR: 0 | POS | INT | 14 | 2 | 6 | 8=(12+(2-x)) | 8 12 2 x - + = | 8:dollar 12:dollar 2:dollar x:dollar -:dollar +:dollar =:dollar
EXPR: 1 | POS | INT | 14 | 2 | 2 | 8=(12-(2+x)) | 8 12 2 x + - = | 8:dollar 12:dollar 2:dollar x:dollar +:dollar -:dollar =:dollar
EXPR: 0 | POS | INT | 14 | 2 | 6 | 12=(x-(2-8)) | 12 x 2 8 - - = | 12:dollar x:dollar 2:dollar 8:dollar -:dollar -:dollar =:dollar
EXPR: 0 | POS | INT | 14 | 2 | 22 | ((x-8)-12)=2 | x 8 - 12 - 2 = | x:dollar 8:dollar -:dollar 12:dollar -:dollar 2:dollar =:dollar
EXPR: 0 | POS | INT | 14 | 2 | 22 | ((x-12)-2)=8 | x 12 - 2 - 8 = | x:dollar 12:dollar -:dollar 2:dollar -:dollar 8:dollar =:dollar
EXPR: 1 | POS | INT | 14 | 2 | 2 | 12=(2*(8-x)) | 12 2 8 x - * = | 12:dollar 2:dollar 8:buck x:buck -:buck *:dollar =:dollar
EXPR: 0 | POS | INT | 14 | 2 | 18 | 12=(2+(x-8)) | 12 2 x 8 - + = | 12:dollar 2:dollar x:dollar 8:dollar -:dollar +:dollar =:dollar
EXPR: 0 | POS | INT | 14 | 2 | 18 | ((x-12)+2)=8 | x 12 - 2 + 8 = | x:dollar 12:dollar -:dollar 2:dollar +:dollar 8:dollar =:dollar
EXPR: 1 | POS | INT | 14 | 2 | 2 | 12=(2+(x+8)) | 12 2 x 8 + + = | 12:dollar 2:dollar x:dollar 8:dollar +:dollar +:dollar =:dollar
EXPR: 0 | POS | INT | 14 | 2 | 6 | ((x+8)-12)=2 | x 8 + 12 - 2 = | x:dollar 8:dollar +:dollar 12:dollar -:dollar 2:dollar =:dollar
EXPR: 0 | POS | INT | 15 | 2 | 18 | x=(8-(2-12)) | x 8 2 12 - - = | x:dollar 8:dollar 2:dollar 12:dollar -:dollar -:dollar =:dollar
EXPR: 0 | POS | INT | 15 | 2 | 40 | (2*(12+8))=x | 2 12 8 + * x = | 2:dollar 12:buck 8:buck +:buck *:dollar x:dollar =:dollar
EXPR: 0 | POS | INT | 15 | 2 | 18 | ((8-2)+12)=x | 8 2 - 12 + x = | 8:dollar 2:dollar -:dollar 12:dollar +:dollar x:dollar =:dollar
EXPR: 0 | POS | INT | 15 | 2 | 6 | (2+(12-8))=x | 2 12 8 - + x = | 2:dollar 12:dollar 8:dollar -:dollar +:dollar x:dollar =:dollar
EXPR: 0 | POS | INT | 15 | 2 | 22 | x=((8+2)+12) | x 8 2 + 12 + = | x:dollar 8:dollar 2:dollar +:dollar 12:dollar +:dollar =:dollar
EXPR: 0 | POS | INT | 15 | 2 | 120 | ((8+2)*12)=x | 8 2 + 12 * x = | 8:buck 2:buck +:buck 12:dollar *:dollar x:dollar =:dollar
EXPR: 0 | POS | INT | 15 | 2 | 72 | ((8-2)*12)=x | 8 2 - 12 * x = | 8:buck 2:buck -:buck 12:dollar *:dollar x:dollar =:dollar
EXPR: 0 | POS | INT | 15 | 2 | 40 | x=(2*(12+8)) | x 2 12 8 + * = | x:dollar 2:dollar 12:buck 8:buck +:buck *:dollar =:dollar
EXPR: 0 | POS | INT | 15 | 2 | 120 | x=((8+2)*12) | x 8 2 + 12 * = | x:dollar 8:buck 2:buck +:buck 12:dollar *:dollar =:dollar
EXPR: 0 | POS | INT | 15 | 2 | 18 | x=((8-2)+12) | x 8 2 - 12 + = | x:dollar 8:dollar 2:dollar -:dollar 12:dollar +:dollar =:dollar
EXPR: 0 | POS | INT | 15 | 2 | 22 | ((8+2)+12)=x | 8 2 + 12 + x = | 8:dollar 2:dollar +:dollar 12:dollar +:dollar x:dollar =:dollar
EXPR: 0 | POS | INT | 15 | 2 | 6 | x=(2+(12-8)) | x 2 12 8 - + = | x:dollar 2:dollar 12:dollar 8:dollar -:dollar +:dollar =:dollar
EXPR: 0 | POS | INT | 15 | 2 | 8 | x=(2*(12-8)) | x 2 12 8 - * = | x:dollar 2:dollar 12:buck 8:buck -:buck *:dollar =:dollar
EXPR: 0 | POS | INT | 15 | 2 | 18 | (8-(2-12))=x | 8 2 12 - - x = | 8:dollar 2:dollar 12:dollar -:dollar -:dollar x:dollar =:dollar
EXPR: 0 | POS | INT | 15 | 2 | 8 | (2*(12-8))=x | 2 12 8 - * x = | 2:dollar 12:buck 8:buck -:buck *:dollar x:dollar =:dollar
EXPR: 0 | POS | INT | 15 | 2 | 22 | x=(2+(12+8)) | x 2 12 8 + + = | x:dollar 2:dollar 12:dollar 8:dollar +:dollar +:dollar =:dollar
EXPR: 0 | POS | INT | 15 | 2 | 72 | x=((8-2)*12) | x 8 2 - 12 * = | x:dollar 8:buck 2:buck -:buck 12:dollar *:dollar =:dollar
EXPR: 0 | POS | INT | 15 | 2 | 22 | (2+(12+8))=x | 2 12 8 + + x = | 2:dollar 12:dollar 8:dollar +:dollar +:dollar x:dollar =:dollar
EXPR: 1 | POS | INT | 17 | 2 | 2 | (8+(x+2))=12 | 8 x 2 + + 12 = | 8:dollar x:dollar 2:dollar +:dollar +:dollar 12:dollar =:dollar
EXPR: 0 | POS | INT | 17 | 2 | 22 | (x-(8+2))=12 | x 8 2 + - 12 = | x:dollar 8:dollar 2:dollar +:dollar -:dollar 12:dollar =:dollar
EXPR: 0 | POS | INT | 17 | 2 | 14 | ((x-8)*2)=12 | x 8 - 2 * 12 = | x:buck 8:buck -:buck 2:dollar *:dollar 12:dollar =:dollar
EXPR: 0 | POS | INT | 17 | 2 | 6 | ((8+x)-2)=12 | 8 x + 2 - 12 = | 8:dollar x:dollar +:dollar 2:dollar -:dollar 12:dollar =:dollar
EXPR: 1 | POS | INT | 17 | 2 | 2 | ((8+x)+2)=12 | 8 x + 2 + 12 = | 8:dollar x:dollar +:dollar 2:dollar +:dollar 12:dollar =:dollar
EXPR: 0 | POS | INT | 17 | 2 | 18 | ((2+x)-12)=8 | 2 x + 12 - 8 = | 2:dollar x:dollar +:dollar 12:dollar -:dollar 8:dollar =:dollar
EXPR: 1 | POS | INT | 17 | 2 | 2 | (x+(8+2))=12 | x 8 2 + + 12 = | x:dollar 8:dollar 2:dollar +:dollar +:dollar 12:dollar =:dollar
EXPR: 1 | POS | INT | 17 | 2 | 2 | (x*(8-2))=12 | x 8 2 - * 12 = | x:dollar 8:buck 2:buck -:buck *:dollar 12:dollar =:dollar
EXPR: 0 | POS | INT | 17 | 2 | 72 | (x/(8-2))=12 | x 8 2 - / 12 = | x:dollar 8:buck 2:buck -:buck /:dollar 12:dollar =:dollar
EXPR: 1 | POS | INT | 17 | 2 | 2 | ((8+2)+x)=12 | 8 2 + x + 12 = | 8:dollar 2:dollar +:dollar x:dollar +:dollar 12:dollar =:dollar
EXPR: 0 | POS | INT | 17 | 2 | 6 | (8+(x-2))=12 | 8 x 2 - + 12 = | 8:dollar x:dollar 2:dollar -:dollar +:dollar 12:dollar =:dollar
EXPR: 1 | POS | INT | 17 | 2 | 2 | ((8-2)*x)=12 | 8 2 - x * 12 = | 8:buck 2:buck -:buck x:dollar *:dollar 12:dollar =:dollar
EXPR: 1 | POS | INT | 17 | 2 | 2 | (8+(2+x))=12 | 8 2 x + + 12 = | 8:dollar 2:dollar x:dollar +:dollar +:dollar 12:dollar =:dollar
EXPR: 0 | POS | INT | 17 | 2 | 18 | 2=((12-x)+8) | 2 12 x - 8 + = | 2:dollar 12:dollar x:dollar -:dollar 8:dollar +:dollar =:dollar
EXPR: 0 | POS | INT | 17 | 2 | 18 | (2+(x-12))=8 | 2 x 12 - + 8 = | 2:dollar x:dollar 12:dollar -:dollar +:dollar 8:dollar =:dollar
EXPR: 0 | POS | INT | 17 | 2 | 6 | (2-(x-12))=8 | 2 x 12 - - 8 = | 2:dollar x:dollar 12:dollar -:dollar -:dollar 8:dollar =:dollar
EXPR: 0 | POS | INT | 17 | 2 | 6 | (x+(8-2))=12 | x 8 2 - + 12 = | x:dollar 8:dollar 2:dollar -:dollar +:dollar 12:dollar =:dollar
EXPR: 0 | POS | INT | 17 | 2 | 6 | x=((2-8)+12) | x 2 8 - 12 + = | x:dollar 2:dollar 8:dollar -:dollar 12:dollar +:dollar =:dollar
EXPR: 0 | POS | INT | 17 | 2 | 6 | ((8-2)+x)=12 | 8 2 - x + 12 = | 8:dollar 2:dollar -:dollar x:dollar +:dollar 12:dollar =:dollar
EXPR: 0 | POS | INT | 17 | 2 | 18 | (x-(8-2))=12 | x 8 2 - - 12 = | x:dollar 8:dollar 2:dollar -:dollar -:dollar 12:dollar =:dollar
EXPR: 0 | POS | INT | 17 | 2 | 22 | 2=((x-12)-8) | 2 x 12 - 8 - = | 2:dollar x:dollar 12:dollar -:dollar 8:dollar -:dollar =:dollar
EXPR: 0 | POS | INT | 17 | 2 | 98 | (x-2)=(12*8) | x 2 - 12 8 * = | x:dollar 2:dollar -:dollar 12:dollar 8:buck *:dollar =:dollar
EXPR: 0 | POS | INT | 17 | 2 | 6 | x=(2-(8-12)) | x 2 8 12 - - = | x:dollar 2:dollar 8:dollar 12:dollar -:dollar -:dollar =:dollar
EXPR: 0 | POS | INT | 17 | 2 | 120 | (x/(8+2))=12 | x 8 2 + / 12 = | x:dollar 8:buck 2:buck +:buck /:dollar 12:dollar =:dollar
EXPR: 0 | POS | INT | 17 | 2 | 22 | ((x-2)-12)=8 | x 2 - 12 - 8 = | x:dollar 2:dollar -:dollar 12:dollar -:dollar 8:dollar =:dollar
EXPR: 0 | POS | INT | 17 | 2 | 94 | (x+2)=(12*8) | x 2 + 12 8 * = | x:dollar 2:dollar +:dollar 12:dollar 8:buck *:dollar =:dollar
EXPR: 1 | POS | INT | 17 | 2 | 2 | ((8-x)*2)=12 | 8 x - 2 * 12 = | 8:buck x:buck -:buck 2:dollar *:dollar 12:dollar =:dollar
EXPR: 0 | POS | INT | 17 | 2 | 18 | 8=((2+x)-12) | 8 2 x + 12 - = | 8:dollar 2:dollar x:dollar +:dollar 12:dollar -:dollar =:dollar
EXPR: 0 | POS | INT | 17 | 2 | 6 | (2+(12-x))=8 | 2 12 x - + 8 = | 2:dollar 12:dollar x:dollar -:dollar +:dollar 8:dollar =:dollar
EXPR: 0 | POS | INT | 17 | 2 | 6 | (2-(8-12))=x | 2 8 12 - - x = | 2:dollar 8:dollar 12:dollar -:dollar -:dollar x:dollar =:dollar
EXPR: 0 | POS | INT | 17 | 2 | 6 | 2=((x-12)+8) | 2 x 12 - 8 + = | 2:dollar x:dollar 12:dollar -:dollar 8:dollar +:dollar =:dollar
EXPR: 0 | POS | INT | 17 | 2 | 18 | 8=(x+(2-12)) | 8 x 2 12 - + = | 8:dollar x:dollar 2:dollar 12:dollar -:dollar +:dollar =:dollar
EXPR: 0 | POS | INT | 17 | 2 | 18 | (x+(2-12))=8 | x 2 12 - + 8 = | x:dollar 2:dollar 12:dollar -:dollar +:dollar 8:dollar =:dollar
EXPR: 0 | POS | INT | 17 | 2 | 18 | 8=((2-12)+x) | 8 2 12 - x + = | 8:dollar 2:dollar 12:dollar -:dollar x:dollar +:dollar =:dollar
EXPR: 0 | POS | INT | 17 | 2 | 94 | (2+x)=(12*8) | 2 x + 12 8 * = | 2:dollar x:dollar +:dollar 12:dollar 8:buck *:dollar =:dollar
EXPR: 0 | POS | INT | 17 | 2 | 6 | 8=(2+(12-x)) | 8 2 12 x - + = | 8:dollar 2:dollar 12:dollar x:dollar -:dollar +:dollar =:dollar
EXPR: 0 | POS | INT | 17 | 2 | 8 | (2*(12-x))=8 | 2 12 x - * 8 = | 2:buck 12:dollar x:dollar -:dollar *:buck 8:buck =:buck
EXPR: 0 | POS | INT | 17 | 2 | 18 | 8=(2-(12-x)) | 8 2 12 x - - = | 8:dollar 2:dollar 12:dollar x:dollar -:dollar -:dollar =:dollar
EXPR: 0 | POS | INT | 17 | 2 | 18 | (2-(12-x))=8 | 2 12 x - - 8 = | 2:dollar 12:dollar x:dollar -:dollar -:dollar 8:dollar =:dollar
EXPR: 0 | POS | INT | 17 | 2 | 40 | 2=(x/(12+8)) | 2 x 12 8 + / = | 2:dollar x:dollar 12:buck 8:buck +:buck /:dollar =:dollar
EXPR: 1 | POS | INT | 17 | 2 | 2 | 2=((12-x)-8) | 2 12 x - 8 - = | 2:dollar 12:dollar x:dollar -:dollar 8:dollar -:dollar =:dollar
EXPR: 0 | POS | INT | 17 | 2 | 18 | ((x+2)-12)=8 | x 2 + 12 - 8 = | x:dollar 2:dollar +:dollar 12:dollar -:dollar 8:dollar =:dollar
EXPR: 0 | POS | INT | 17 | 2 | 6 | 8=((2-x)+12) | 8 2 x - 12 + = | 8:dollar 2:dollar x:dollar -:dollar 12:dollar +:dollar =:dollar
EXPR: 0 | POS | INT | 17 | 2 | 18 | 8=((x+2)-12) | 8 x 2 + 12 - = | 8:dollar x:dollar 2:dollar +:dollar 12:dollar -:dollar =:dollar
EXPR: 0 | POS | INT | 17 | 2 | 16 | (2*(x-12))=8 | 2 x 12 - * 8 = | 2:buck x:dollar 12:dollar -:dollar *:buck 8:buck =:buck
EXPR: 1 | POS | INT | 17 | 2 | 2 | 2=(12-(x+8)) | 2 12 x 8 + - = | 2:dollar 12:dollar x:dollar 8:dollar +:dollar -:dollar =:dollar
EXPR: 0 | POS | INT | 17 | 2 | 4 | (8*2)=(12+x) | 8 2 * 12 x + = | 8:buck 2:dollar *:dollar 12:dollar x:dollar +:dollar =:dollar
EXPR: 0 | POS | INT | 17 | 2 | 6 | (8-(2-x))=12 | 8 2 x - - 12 = | 8:dollar 2:dollar x:dollar -:dollar -:dollar 12:dollar =:dollar
EXPR: 0 | POS | INT | 17 | 2 | 22 | 8=((x-2)-12) | 8 x 2 - 12 - = | 8:dollar x:dollar 2:dollar -:dollar 12:dollar -:dollar =:dollar
EXPR: 1 | POS | INT | 17 | 2 | 2 | 2=((12-8)-x) | 2 12 8 - x - = | 2:dollar 12:dollar 8:dollar -:dollar x:dollar -:dollar =:dollar
EXPR: 0 | POS | INT | 17 | 2 | 8 | 2=(x/(12-8)) | 2 x 12 8 - / = | 2:dollar x:dollar 12:buck 8:buck -:buck /:dollar =:dollar
EXPR: 0 | POS | INT | 17 | 2 | 6 | ((2-x)+12)=8 | 2 x - 12 + 8 = | 2:dollar x:dollar -:dollar 12:dollar +:dollar 8:dollar =:dollar
EXPR: 0 | POS | INT | 17 | 2 | 22 | ((x-8)-2)=12 | x 8 - 2 - 12 = | x:dollar 8:dollar -:dollar 2:dollar -:dollar 12:dollar =:dollar
EXPR: 1 | POS | INT | 17 | 2 | 2 | ((x+8)+2)=12 | x 8 + 2 + 12 = | x:dollar 8:dollar +:dollar 2:dollar +:dollar 12:dollar =:dollar
EXPR: 0 | POS | INT | 17 | 2 | 18 | 2=(12-(x-8)) | 2 12 x 8 - - = | 2:dollar 12:dollar x:dollar 8:dollar -:dollar -:dollar =:dollar
EXPR: 0 | POS | INT | 17 | 2 | 6 | 2=(x-(12-8)) | 2 x 12 8 - - = | 2:dollar x:dollar 12:dollar 8:dollar -:dollar -:dollar =:dollar
EXPR: 0 | POS | INT | 17 | 2 | 22 | 2=(x-(12+8)) | 2 x 12 8 + - = | 2:dollar x:dollar 12:dollar 8:dollar +:dollar -:dollar =:dollar
EXPR: 0 | POS | INT | 17 | 2 | 6 | 8=(2-(x-12)) | 8 2 x 12 - - = | 8:dollar 2:dollar x:dollar 12:dollar -:dollar -:dollar =:dollar
EXPR: 0 | POS | INT | 17 | 2 | 18 | ((x-8)+2)=12 | x 8 - 2 + 12 = | x:dollar 8:dollar -:dollar 2:dollar +:dollar 12:dollar =:dollar
EXPR: 0 | POS | INT | 17 | 2 | 6 | ((2-8)+12)=x | 2 8 - 12 + x = | 2:dollar 8:dollar -:dollar 12:dollar +:dollar x:dollar =:dollar
EXPR: 1 | POS | INT | 17 | 2 | 2 | 2=(12/(8-x)) | 2 12 8 x - / = | 2:dollar 12:dollar 8:buck x:buck -:buck /:dollar =:dollar
EXPR: 0 | POS | INT | 17 | 2 | 4 | (8*2)=(x+12) | 8 2 * x 12 + = | 8:buck 2:dollar *:dollar x:dollar 12:dollar +:dollar =:dollar
EXPR: 0 | POS | INT | 17 | 2 | 28 | (8*2)=(x-12) | 8 2 * x 12 - = | 8:buck 2:dollar *:dollar x:dollar 12:dollar -:dollar =:dollar
EXPR: 0 | POS | INT | 17 | 2 | 6 | ((x+8)-2)=12 | x 8 + 2 - 12 = | x:dollar 8:dollar +:dollar 2:dollar -:dollar 12:dollar =:dollar
EXPR: 0 | POS | INT | 17 | 2 | 18 | 2=(12+(8-x)) | 2 12 8 x - + = | 2:dollar 12:dollar 8:dollar x:dollar -:dollar +:dollar =:dollar
EXPR: 1 | POS | INT | 17 | 2 | 2 | 2=(12-(8+x)) | 2 12 8 x + - = | 2:dollar 12:dollar 8:dollar x:dollar +:dollar -:dollar =:dollar
EXPR: 0 | POS | INT | 17 | 2 | 14 | 2=(12/(x-8)) | 2 12 x 8 - / = | 2:dollar 12:dollar x:buck 8:buck -:buck /:dollar =:dollar
EXPR: 0 | POS | INT | 17 | 2 | 8 | 8=(2*(12-x)) | 8 2 12 x - * = | 8:buck 2:buck 12:dollar x:dollar -:dollar *:buck =:buck
EXPR: 0 | POS | INT | 17 | 2 | 18 | 8=(2+(x-12)) | 8 2 x 12 - + = | 8:dollar 2:dollar x:dollar 12:dollar -:dollar +:dollar =:dollar
EXPR: 0 | POS | INT | 17 | 2 | 18 | ((2-12)+x)=8 | 2 12 - x + 8 = | 2:dollar 12:dollar -:dollar x:dollar +:dollar 8:dollar =:dollar
EXPR: 0 | POS | INT | 17 | 2 | 18 | 2=((12+8)-x) | 2 12 8 + x - = | 2:dollar 12:dollar 8:dollar +:dollar x:dollar -:dollar =:dollar
EXPR: 0 | POS | INT | 17 | 2 | 16 | 8=(2*(x-12)) | 8 2 x 12 - * = | 8:buck 2:buck x:dollar 12:dollar -:dollar *:buck =:buck
EXPR: 1 | POS | INT | 19 | 2 | 2 | (2*(8-x))=12 | 2 8 x - * 12 = | 2:dollar 8:buck x:buck -:buck *:dollar 12:dollar =:dollar
EXPR: 1 | POS | INT | 19 | 2 | 2 | (2+(8+x))=12 | 2 8 x + + 12 = | 2:dollar 8:dollar x:dollar +:dollar +:dollar 12:dollar =:dollar
EXPR: 0 | POS | INT | 19 | 2 | 18 | (2+(x-8))=12 | 2 x 8 - + 12 = | 2:dollar x:dollar 8:dollar -:dollar +:dollar 12:dollar =:dollar
EXPR: 1 | POS | INT | 19 | 2 | 2 | ((x+2)+8)=12 | x 2 + 8 + 12 = | x:dollar 2:dollar +:dollar 8:dollar +:dollar 12:dollar =:dollar
EXPR: 0 | POS | INT | 19 | 2 | 18 | 2=((8-x)+12) | 2 8 x - 12 + = | 2:dollar 8:dollar x:dollar -:dollar 12:dollar +:dollar =:dollar
EXPR: 0 | POS | INT | 19 | 2 | 22 | ((x-2)-8)=12 | x 2 - 8 - 12 = | x:dollar 2:dollar -:dollar 8:dollar -:dollar 12:dollar =:dollar
EXPR: 0 | POS | INT | 19 | 2 | 6 | 2=((x+8)-12) | 2 x 8 + 12 - = | 2:dollar x:dollar 8:dollar +:dollar 12:dollar -:dollar =:dollar
EXPR: 0 | POS | INT | 19 | 2 | 6 | ((x-2)+8)=12 | x 2 - 8 + 12 = | x:dollar 2:dollar -:dollar 8:dollar +:dollar 12:dollar =:dollar
EXPR: 0 | POS | INT | 19 | 2 | 18 | (2-(8-x))=12 | 2 8 x - - 12 = | 2:dollar 8:dollar x:dollar -:dollar -:dollar 12:dollar =:dollar
EXPR: 0 | POS | INT | 19 | 2 | 18 | ((2+x)-8)=12 | 2 x + 8 - 12 = | 2:dollar x:dollar +:dollar 8:dollar -:dollar 12:dollar =:dollar
EXPR: 0 | POS | INT | 19 | 2 | 18 | (x+(2-8))=12 | x 2 8 - + 12 = | x:dollar 2:dollar 8:dollar -:dollar +:dollar 12:dollar =:dollar
EXPR: 0 | POS | INT | 19 | 2 | 6 | (x-(2-8))=12 | x 2 8 - - 12 = | x:dollar 2:dollar 8:dollar -:dollar -:dollar 12:dollar =:dollar
EXPR: 0 | POS | INT | 19 | 2 | 22 | 2=((x-8)-12) | 2 x 8 - 12 - = | 2:dollar x:dollar 8:dollar -:dollar 12:dollar -:dollar =:dollar
EXPR: 1 | POS | INT | 19 | 2 | 2 | ((2+x)+8)=12 | 2 x + 8 + 12 = | 2:dollar x:dollar +:dollar 8:dollar +:dollar 12:dollar =:dollar
EXPR: 1 | POS | INT | 19 | 2 | 2 | (2+(x+8))=12 | 2 x 8 + + 12 = | 2:dollar x:dollar 8:dollar +:dollar +:dollar 12:dollar =:dollar
EXPR: 0 | POS | INT | 19 | 2 | 6 | 2=(x+(8-12)) | 2 x 8 12 - + = | 2:dollar x:dollar 8:dollar 12:dollar -:dollar +:dollar =:dollar
EXPR: 0 | POS | INT | 19 | 2 | 14 | (2*(x-8))=12 | 2 x 8 - * 12 = | 2:dollar x:buck 8:buck -:buck *:dollar 12:dollar =:dollar
EXPR: 0 | POS | INT | 19 | 2 | 18 | ((x+2)-8)=12 | x 2 + 8 - 12 = | x:dollar 2:dollar +:dollar 8:dollar -:dollar 12:dollar =:dollar
EXPR: 0 | POS | INT | 19 | 2 | 16 | 2=(8/(x-12)) | 2 8 x 12 - / = | 2:buck 8:buck x:dollar 12:dollar -:dollar /:buck =:buck
EXPR: 0 | POS | INT | 19 | 2 | 8 | 2=(8/(12-x)) | 2 8 12 x - / = | 2:buck 8:buck 12:dollar x:dollar -:dollar /:buck =:buck
EXPR: 0 | POS | INT | 19 | 2 | 6 | 2=((8-12)+x) | 2 8 12 - x + = | 2:dollar 8:dollar 12:dollar -:dollar x:dollar +:dollar =:dollar
EXPR: 0 | POS | INT | 19 | 2 | 18 | ((2-8)+x)=12 | 2 8 - x + 12 = | 2:dollar 8:dollar -:dollar x:dollar +:dollar 12:dollar =:dollar
EXPR: 0 | POS | INT | 19 | 2 | 18 | 2=(8+(12-x)) | 2 8 12 x - + = | 2:dollar 8:dollar 12:dollar x:dollar -:dollar +:dollar =:dollar
EXPR: 0 | POS | INT | 19 | 2 | 6 | 2=(8-(12-x)) | 2 8 12 x - - = | 2:dollar 8:dollar 12:dollar x:dollar -:dollar -:dollar =:dollar
EXPR: 0 | POS | INT | 19 | 2 | 18 | 2=(8-(x-12)) | 2 8 x 12 - - = | 2:dollar 8:dollar x:dollar 12:dollar -:dollar -:dollar =:dollar
EXPR: 0 | POS | INT | 19 | 2 | 6 | 2=(8+(x-12)) | 2 8 x 12 - + = | 2:dollar 8:dollar x:dollar 12:dollar -:dollar +:dollar =:dollar
EXPR: 0 | POS | INT | 19 | 2 | 6 | 2=((8+x)-12) | 2 8 x + 12 - = | 2:dollar 8:dollar x:dollar +:dollar 12:dollar -:dollar =:dollar
EXPR: 0 | POS | INT | 20 | 2 | 16 | (12+(8/2))=x | 12 8 2 / + x = | 12:dollar 8:dollar 2:buck /:dollar +:dollar x:dollar =:dollar
EXPR: 0 | POS | INT | 20 | 2 | 10 | x=((12+8)/2) | x 12 8 + 2 / = | x:buck 12:buck 8:buck +:buck 2:dollar /:buck =:buck
EXPR: 0 | POS | INT | 20 | 2 | 8 | (12-(8/2))=x | 12 8 2 / - x = | 12:dollar 8:dollar 2:buck /:dollar -:dollar x:dollar =:dollar
NET 319 unique, non-negative, integer-valued solutions found out of 1000 total solutions
