parameters: n=7 l=3 k=1 p=5 q=2 m=9
TOTAL 1000 solutions found
SOLN: CORRECT | POS/NEG | INT/FRA | OBJ-SCORE | TRUE-ANS | ANS | INFIX | POSTFIX | TYPED-POSTFIX
EXPR: 1 | POS | INT | 2 | 3 | 3 | ((54-33)/x)=7 | 54 33 - x / 7 = | 54:piece 33:piece -:piece x:pile /:piece 7:piece =:piece
EXPR: 1 | POS | INT | 2 | 3 | 3 | 54=(33+(x*7)) | 54 33 x 7 * + = | 54:piece 33:piece x:pile 7:piece *:piece +:piece =:piece
EXPR: 1 | POS | INT | 2 | 3 | 3 | 54=(33+(7*x)) | 54 33 7 x * + = | 54:piece 33:piece 7:piece x:pile *:piece +:piece =:piece
EXPR: 1 | POS | INT | 4 | 3 | 3 | (54-(x*7))=33 | 54 x 7 * - 33 = | 54:piece x:pile 7:piece *:piece -:piece 33:piece =:piece
EXPR: 1 | POS | INT | 4 | 3 | 3 | 54=((x*7)+33) | 54 x 7 * 33 + = | 54:piece x:pile 7:piece *:piece 33:piece +:piece =:piece
EXPR: 1 | POS | INT | 4 | 3 | 3 | 54=((7*x)+33) | 54 7 x * 33 + = | 54:piece 7:piece x:pile *:piece 33:piece +:piece =:piece
EXPR: 1 | POS | INT | 4 | 3 | 3 | (54-(7*x))=33 | 54 7 x * - 33 = | 54:piece 7:piece x:pile *:piece -:piece 33:piece =:piece
EXPR: 1 | POS | INT | 7 | 3 | 3 | (33+(7*x))=54 | 33 7 x * + 54 = | 33:piece 7:piece x:pile *:piece +:piece 54:piece =:piece
EXPR: 1 | POS | INT | 7 | 3 | 3 | 7=((54-33)/x) | 7 54 33 - x / = | 7:piece 54:piece 33:piece -:piece x:pile /:piece =:piece
EXPR: 1 | POS | INT | 7 | 3 | 3 | (33+(x*7))=54 | 33 x 7 * + 54 = | 33:piece x:pile 7:piece *:piece +:piece 54:piece =:piece
EXPR: 1 | POS | INT | 9 | 3 | 3 | ((7*x)+33)=54 | 7 x * 33 + 54 = | 7:piece x:pile *:piece 33:piece +:piece 54:piece =:piece
EXPR: 0 | POS | INT | 10 | 3 | 609 | x=((54+33)*7) | x 54 33 + 7 * = | x:pile 54:piece 33:piece +:piece 7:pile *:pile =:pile
EXPR: 0 | POS | INT | 10 | 3 | 2160 | x=(54*(33+7)) | x 54 33 7 + * = | x:pile 54:pile 33:piece 7:piece +:piece *:pile =:pile
EXPR: 0 | POS | INT | 10 | 3 | 1404 | x=(54*(33-7)) | x 54 33 7 - * = | x:pile 54:pile 33:piece 7:piece -:piece *:pile =:pile
EXPR: 0 | POS | INT | 10 | 3 | 147 | ((54-33)*7)=x | 54 33 - 7 * x = | 54:piece 33:piece -:piece 7:pile *:pile x:pile =:pile
EXPR: 0 | POS | INT | 10 | 3 | 80 | ((54+33)-7)=x | 54 33 + 7 - x = | 54:piece 33:piece +:piece 7:piece -:piece x:piece =:piece
EXPR: 0 | POS | INT | 10 | 3 | 14 | ((54-33)-7)=x | 54 33 - 7 - x = | 54:piece 33:piece -:piece 7:piece -:piece x:piece =:piece
EXPR: 0 | POS | INT | 10 | 3 | 28 | (54-(33-7))=x | 54 33 7 - - x = | 54:piece 33:piece 7:piece -:piece -:piece x:piece =:piece
EXPR: 0 | POS | INT | 10 | 3 | 1404 | (54*(33-7))=x | 54 33 7 - * x = | 54:pile 33:piece 7:piece -:piece *:pile x:pile =:pile
EXPR: 0 | POS | INT | 10 | 3 | 28 | ((54-33)+7)=x | 54 33 - 7 + x = | 54:piece 33:piece -:piece 7:piece +:piece x:piece =:piece
EXPR: 0 | POS | INT | 10 | 3 | 80 | x=(54+(33-7)) | x 54 33 7 - + = | x:piece 54:piece 33:piece 7:piece -:piece +:piece =:piece
EXPR: 0 | POS | INT | 10 | 3 | 14 | x=(54-(33+7)) | x 54 33 7 + - = | x:piece 54:piece 33:piece 7:piece +:piece -:piece =:piece
EXPR: 0 | POS | INT | 10 | 3 | 94 | ((54+33)+7)=x | 54 33 + 7 + x = | 54:piece 33:piece +:piece 7:piece +:piece x:piece =:piece
EXPR: 0 | POS | INT | 10 | 3 | 80 | (54+(33-7))=x | 54 33 7 - + x = | 54:piece 33:piece 7:piece -:piece +:piece x:piece =:piece
EXPR: 0 | POS | INT | 10 | 3 | 147 | x=((54-33)*7) | x 54 33 - 7 * = | x:pile 54:piece 33:piece -:piece 7:pile *:pile =:pile
EXPR: 0 | POS | INT | 10 | 3 | 94 | x=(54+(33+7)) | x 54 33 7 + + = | x:piece 54:piece 33:piece 7:piece +:piece +:piece =:piece
EXPR: 0 | POS | INT | 10 | 3 | 609 | ((54+33)*7)=x | 54 33 + 7 * x = | 54:piece 33:piece +:piece 7:pile *:pile x:pile =:pile
EXPR: 0 | POS | INT | 10 | 3 | 94 | (54+(33+7))=x | 54 33 7 + + x = | 54:piece 33:piece 7:piece +:piece +:piece x:piece =:piece
EXPR: 0 | POS | INT | 10 | 3 | 28 | x=(54-(33-7)) | x 54 33 7 - - = | x:piece 54:piece 33:piece 7:piece -:piece -:piece =:piece
EXPR: 0 | POS | INT | 10 | 3 | 2160 | (54*(33+7))=x | 54 33 7 + * x = | 54:pile 33:piece 7:piece +:piece *:pile x:pile =:pile
EXPR: 0 | POS | INT | 10 | 3 | 80 | x=((54+33)-7) | x 54 33 + 7 - = | x:piece 54:piece 33:piece +:piece 7:piece -:piece =:piece
EXPR: 0 | POS | INT | 10 | 3 | 28 | x=((54-33)+7) | x 54 33 - 7 + = | x:piece 54:piece 33:piece -:piece 7:piece +:piece =:piece
EXPR: 0 | POS | INT | 10 | 3 | 14 | x=((54-33)-7) | x 54 33 - 7 - = | x:piece 54:piece 33:piece -:piece 7:piece -:piece =:piece
EXPR: 0 | POS | INT | 10 | 3 | 94 | x=((54+33)+7) | x 54 33 + 7 + = | x:piece 54:piece 33:piece +:piece 7:piece +:piece =:piece
EXPR: 0 | POS | INT | 10 | 3 | 14 | (54-(33+7))=x | 54 33 7 + - x = | 54:piece 33:piece 7:piece +:piece -:piece x:piece =:piece
EXPR: 0 | POS | INT | 12 | 3 | 2160 | 54=(x/(33+7)) | 54 x 33 7 + / = | 54:pile x:pile 33:piece 7:piece +:piece /:pile =:pile
EXPR: 0 | POS | INT | 12 | 3 | 609 | (x/(54+33))=7 | x 54 33 + / 7 = | x:pile 54:piece 33:piece +:piece /:pile 7:pile =:pile
EXPR: 0 | POS | INT | 12 | 3 | 94 | (x-(54+33))=7 | x 54 33 + - 7 = | x:piece 54:piece 33:piece +:piece -:piece 7:piece =:piece
EXPR: 0 | POS | INT | 12 | 3 | 28 | 54=((x+33)-7) | 54 x 33 + 7 - = | 54:piece x:piece 33:piece +:piece 7:piece -:piece =:piece
EXPR: 0 | POS | INT | 12 | 3 | 14 | 54=((33+7)+x) | 54 33 7 + x + = | 54:piece 33:piece 7:piece +:piece x:piece +:piece =:piece
EXPR: 0 | POS | INT | 12 | 3 | 28 | 54=((33-7)+x) | 54 33 7 - x + = | 54:piece 33:piece 7:piece -:piece x:piece +:piece =:piece
EXPR: 0 | POS | INT | 12 | 3 | 2013 | x=(33*(54+7)) | x 33 54 7 + * = | x:pile 33:pile 54:piece 7:piece +:piece *:pile =:pile
EXPR: 0 | POS | INT | 12 | 3 | 80 | ((54-x)+33)=7 | 54 x - 33 + 7 = | 54:piece x:piece -:piece 33:piece +:piece 7:piece =:piece
EXPR: 0 | POS | INT | 12 | 3 | 1404 | 54=(x/(33-7)) | 54 x 33 7 - / = | 54:pile x:pile 33:piece 7:piece -:piece /:pile =:pile
EXPR: 0 | POS | INT | 12 | 3 | 147 | (x/(54-33))=7 | x 54 33 - / 7 = | x:pile 54:piece 33:piece -:piece /:pile 7:pile =:pile
EXPR: 0 | POS | INT | 12 | 3 | 28 | ((54+7)-33)=x | 54 7 + 33 - x = | 54:piece 7:piece +:piece 33:piece -:piece x:piece =:piece
EXPR: 0 | POS | INT | 12 | 3 | 14 | ((54-7)-33)=x | 54 7 - 33 - x = | 54:piece 7:piece -:piece 33:piece -:piece x:piece =:piece
EXPR: 0 | POS | INT | 12 | 3 | 2013 | x=((54+7)*33) | x 54 7 + 33 * = | x:pile 54:piece 7:piece +:piece 33:pile *:pile =:pile
EXPR: 0 | POS | INT | 12 | 3 | 80 | (54-(7-33))=x | 54 7 33 - - x = | 54:piece 7:piece 33:piece -:piece -:piece x:piece =:piece
EXPR: 0 | POS | INT | 12 | 3 | 14 | 54=((x+33)+7) | 54 x 33 + 7 + = | 54:piece x:piece 33:piece +:piece 7:piece +:piece =:piece
EXPR: 0 | POS | INT | 12 | 3 | 94 | ((x-54)-33)=7 | x 54 - 33 - 7 = | x:piece 54:piece -:piece 33:piece -:piece 7:piece =:piece
EXPR: 0 | POS | INT | 12 | 3 | 1551 | x=(33*(54-7)) | x 33 54 7 - * = | x:pile 33:pile 54:piece 7:piece -:piece *:pile =:pile
EXPR: 0 | POS | INT | 12 | 3 | 28 | x=(54+(7-33)) | x 54 7 33 - + = | x:piece 54:piece 7:piece 33:piece -:piece +:piece =:piece
EXPR: 0 | POS | INT | 12 | 3 | 80 | ((54-7)+33)=x | 54 7 - 33 + x = | 54:piece 7:piece -:piece 33:piece +:piece x:piece =:piece
EXPR: 0 | POS | INT | 12 | 3 | 28 | (54+(7-33))=x | 54 7 33 - + x = | 54:piece 7:piece 33:piece -:piece +:piece x:piece =:piece
EXPR: 0 | POS | INT | 12 | 3 | 1551 | ((54-7)*33)=x | 54 7 - 33 * x = | 54:piece 7:piece -:piece 33:pile *:pile x:pile =:pile
EXPR: 0 | POS | INT | 12 | 3 | 80 | (54-(x-33))=7 | 54 x 33 - - 7 = | 54:piece x:piece 33:piece -:piece -:piece 7:piece =:piece
EXPR: 0 | POS | INT | 12 | 3 | 1551 | x=((54-7)*33) | x 54 7 - 33 * = | x:pile 54:piece 7:piece -:piece 33:pile *:pile =:pile
EXPR: 0 | POS | INT | 12 | 3 | 80 | ((54+33)-x)=7 | 54 33 + x - 7 = | 54:piece 33:piece +:piece x:piece -:piece 7:piece =:piece
EXPR: 0 | POS | INT | 12 | 3 | 14 | ((54-33)-x)=7 | 54 33 - x - 7 = | 54:piece 33:piece -:piece x:piece -:piece 7:piece =:piece
EXPR: 0 | POS | INT | 12 | 3 | 80 | x=(33+(54-7)) | x 33 54 7 - + = | x:piece 33:piece 54:piece 7:piece -:piece +:piece =:piece
EXPR: 0 | POS | INT | 12 | 3 | 28 | ((x-54)+33)=7 | x 54 - 33 + 7 = | x:piece 54:piece -:piece 33:piece +:piece 7:piece =:piece
EXPR: 0 | POS | INT | 12 | 3 | 94 | 54=(x-(33+7)) | 54 x 33 7 + - = | 54:piece x:piece 33:piece 7:piece +:piece -:piece =:piece
EXPR: 0 | POS | INT | 12 | 3 | 94 | x=(33+(54+7)) | x 33 54 7 + + = | x:piece 33:piece 54:piece 7:piece +:piece +:piece =:piece
EXPR: 0 | POS | INT | 12 | 3 | 94 | ((54+7)+33)=x | 54 7 + 33 + x = | 54:piece 7:piece +:piece 33:piece +:piece x:piece =:piece
EXPR: 0 | POS | INT | 12 | 3 | 94 | (33+(54+7))=x | 33 54 7 + + x = | 33:piece 54:piece 7:piece +:piece +:piece x:piece =:piece
EXPR: 1 | POS | INT | 12 | 3 | 3 | (54-33)=(x*7) | 54 33 - x 7 * = | 54:piece 33:piece -:piece x:pile 7:piece *:piece =:piece
EXPR: 0 | POS | INT | 12 | 3 | 2013 | (33*(54+7))=x | 33 54 7 + * x = | 33:pile 54:piece 7:piece +:piece *:pile x:pile =:pile
EXPR: 0 | POS | INT | 12 | 3 | 28 | (x-(54-33))=7 | x 54 33 - - 7 = | x:piece 54:piece 33:piece -:piece -:piece 7:piece =:piece
EXPR: 1 | POS | INT | 12 | 3 | 3 | (54-33)=(7*x) | 54 33 - 7 x * = | 54:piece 33:piece -:piece 7:piece x:pile *:piece =:piece
EXPR: 0 | POS | INT | 12 | 3 | 28 | 54=(x+(33-7)) | 54 x 33 7 - + = | 54:piece x:piece 33:piece 7:piece -:piece +:piece =:piece
EXPR: 0 | POS | INT | 12 | 3 | 80 | (33+(54-7))=x | 33 54 7 - + x = | 33:piece 54:piece 7:piece -:piece +:piece x:piece =:piece
EXPR: 0 | POS | INT | 12 | 3 | 14 | 54=((33+x)+7) | 54 33 x + 7 + = | 54:piece 33:piece x:piece +:piece 7:piece +:piece =:piece
EXPR: 0 | POS | INT | 12 | 3 | 14 | (54-(x+33))=7 | 54 x 33 + - 7 = | 54:piece x:piece 33:piece +:piece -:piece 7:piece =:piece
EXPR: 0 | POS | INT | 12 | 3 | 28 | 54=(33+(x-7)) | 54 33 x 7 - + = | 54:piece 33:piece x:piece 7:piece -:piece +:piece =:piece
EXPR: 0 | POS | INT | 12 | 3 | 14 | 54=(33+(x+7)) | 54 33 x 7 + + = | 54:piece 33:piece x:piece 7:piece +:piece +:piece =:piece
EXPR: 0 | POS | INT | 12 | 3 | 28 | 54=(33-(7-x)) | 54 33 7 x - - = | 54:piece 33:piece 7:piece x:piece -:piece -:piece =:piece
EXPR: 0 | POS | INT | 12 | 3 | 14 | 54=(x+(33+7)) | 54 x 33 7 + + = | 54:piece x:piece 33:piece 7:piece +:piece +:piece =:piece
EXPR: 0 | POS | INT | 12 | 3 | 80 | x=((54-7)+33) | x 54 7 - 33 + = | x:piece 54:piece 7:piece -:piece 33:piece +:piece =:piece
EXPR: 0 | POS | INT | 12 | 3 | 80 | 54=((x-33)+7) | 54 x 33 - 7 + = | 54:piece x:piece 33:piece -:piece 7:piece +:piece =:piece
EXPR: 0 | POS | INT | 12 | 3 | 80 | 54=(x-(33-7)) | 54 x 33 7 - - = | 54:piece x:piece 33:piece 7:piece -:piece -:piece =:piece
EXPR: 0 | POS | INT | 12 | 3 | 28 | 54=((33+x)-7) | 54 33 x + 7 - = | 54:piece 33:piece x:piece +:piece 7:piece -:piece =:piece
EXPR: 0 | POS | INT | 12 | 3 | 2013 | ((54+7)*33)=x | 54 7 + 33 * x = | 54:piece 7:piece +:piece 33:pile *:pile x:pile =:pile
EXPR: 0 | POS | INT | 14 | 3 | 80 | 54=((x+7)-33) | 54 x 7 + 33 - = | 54:piece x:piece 7:piece +:piece 33:piece -:piece =:piece
EXPR: 0 | POS | INT | 14 | 3 | 80 | 33=(x-(54-7)) | 33 x 54 7 - - = | 33:piece x:piece 54:piece 7:piece -:piece -:piece =:piece
EXPR: 0 | POS | INT | 14 | 3 | 94 | 33=(x-(54+7)) | 33 x 54 7 + - = | 33:piece x:piece 54:piece 7:piece +:piece -:piece =:piece
EXPR: 0 | POS | INT | 14 | 3 | 2013 | 33=(x/(54+7)) | 33 x 54 7 + / = | 33:pile x:pile 54:piece 7:piece +:piece /:pile =:pile
EXPR: 0 | POS | INT | 14 | 3 | 94 | (x-(54+7))=33 | x 54 7 + - 33 = | x:piece 54:piece 7:piece +:piece -:piece 33:piece =:piece
EXPR: 0 | POS | INT | 14 | 3 | 80 | 54=((7-33)+x) | 54 7 33 - x + = | 54:piece 7:piece 33:piece -:piece x:piece +:piece =:piece
EXPR: 0 | POS | INT | 14 | 3 | 80 | 54=((7+x)-33) | 54 7 x + 33 - = | 54:piece 7:piece x:piece +:piece 33:piece -:piece =:piece
EXPR: 0 | POS | INT | 14 | 3 | 80 | ((33-x)+54)=7 | 33 x - 54 + 7 = | 33:piece x:piece -:piece 54:piece +:piece 7:piece =:piece
EXPR: 0 | POS | INT | 14 | 3 | 80 | 54=(7+(x-33)) | 54 7 x 33 - + = | 54:piece 7:piece x:piece 33:piece -:piece +:piece =:piece
EXPR: 0 | POS | INT | 14 | 3 | 14 | 54=(7+(x+33)) | 54 7 x 33 + + = | 54:piece 7:piece x:piece 33:piece +:piece +:piece =:piece
EXPR: 0 | POS | INT | 14 | 3 | 14 | 54=((x+7)+33) | 54 x 7 + 33 + = | 54:piece x:piece 7:piece +:piece 33:piece +:piece =:piece
EXPR: 0 | POS | INT | 14 | 3 | 94 | ((x-54)-7)=33 | x 54 - 7 - 33 = | x:piece 54:piece -:piece 7:piece -:piece 33:piece =:piece
EXPR: 0 | POS | INT | 14 | 3 | 28 | (54-(x-7))=33 | 54 x 7 - - 33 = | 54:piece x:piece 7:piece -:piece -:piece 33:piece =:piece
EXPR: 0 | POS | INT | 14 | 3 | 28 | ((54-x)+7)=33 | 54 x - 7 + 33 = | 54:piece x:piece -:piece 7:piece +:piece 33:piece =:piece
EXPR: 0 | POS | INT | 14 | 3 | 80 | 33=((x-54)+7) | 33 x 54 - 7 + = | 33:piece x:piece 54:piece -:piece 7:piece +:piece =:piece
EXPR: 0 | POS | INT | 14 | 3 | 28 | (54+(7-x))=33 | 54 7 x - + 33 = | 54:piece 7:piece x:piece -:piece +:piece 33:piece =:piece
EXPR: 0 | POS | INT | 14 | 3 | 80 | (33-(x-54))=7 | 33 x 54 - - 7 = | 33:piece x:piece 54:piece -:piece -:piece 7:piece =:piece
EXPR: 0 | POS | INT | 14 | 3 | 2013 | (x/(54+7))=33 | x 54 7 + / 33 = | x:pile 54:piece 7:piece +:piece /:pile 33:pile =:pile
EXPR: 0 | POS | INT | 14 | 3 | 94 | ((x-33)-54)=7 | x 33 - 54 - 7 = | x:piece 33:piece -:piece 54:piece -:piece 7:piece =:piece
EXPR: 0 | POS | INT | 14 | 3 | 1551 | 33=(x/(54-7)) | 33 x 54 7 - / = | 33:pile x:pile 54:piece 7:piece -:piece /:pile =:pile
EXPR: 0 | POS | INT | 14 | 3 | 1551 | (x/(54-7))=33 | x 54 7 - / 33 = | x:pile 54:piece 7:piece -:piece /:pile 33:pile =:pile
EXPR: 0 | POS | INT | 14 | 3 | 14 | 54=((7+x)+33) | 54 7 x + 33 + = | 54:piece 7:piece x:piece +:piece 33:piece +:piece =:piece
EXPR: 0 | POS | INT | 14 | 3 | 80 | 54=(7-(33-x)) | 54 7 33 x - - = | 54:piece 7:piece 33:piece x:piece -:piece -:piece =:piece
EXPR: 0 | POS | INT | 14 | 3 | 14 | 33=(54-(x+7)) | 33 54 x 7 + - = | 33:piece 54:piece x:piece 7:piece +:piece -:piece =:piece
EXPR: 0 | POS | INT | 14 | 3 | 80 | ((x-54)+7)=33 | x 54 - 7 + 33 = | x:piece 54:piece -:piece 7:piece +:piece 33:piece =:piece
EXPR: 0 | POS | INT | 14 | 3 | 94 | 33=((x-54)-7) | 33 x 54 - 7 - = | 33:piece x:piece 54:piece -:piece 7:piece -:piece =:piece
EXPR: 0 | POS | INT | 14 | 3 | 80 | (x-(54-7))=33 | x 54 7 - - 33 = | x:piece 54:piece 7:piece -:piece -:piece 33:piece =:piece
EXPR: 0 | POS | INT | 14 | 3 | 14 | (54-(7+x))=33 | 54 7 x + - 33 = | 54:piece 7:piece x:piece +:piece -:piece 33:piece =:piece
EXPR: 0 | POS | INT | 14 | 3 | 14 | 54=(7+(33+x)) | 54 7 33 x + + = | 54:piece 7:piece 33:piece x:piece +:piece +:piece =:piece
EXPR: 0 | POS | INT | 14 | 3 | 28 | 33=(54-(x-7)) | 33 54 x 7 - - = | 33:piece 54:piece x:piece 7:piece -:piece -:piece =:piece
EXPR: 0 | POS | INT | 14 | 3 | 28 | (33+(x-54))=7 | 33 x 54 - + 7 = | 33:piece x:piece 54:piece -:piece +:piece 7:piece =:piece
EXPR: 0 | POS | INT | 14 | 3 | 80 | 54=(x+(7-33)) | 54 x 7 33 - + = | 54:piece x:piece 7:piece 33:piece -:piece +:piece =:piece
EXPR: 0 | POS | INT | 14 | 3 | 28 | 54=(x-(7-33)) | 54 x 7 33 - - = | 54:piece x:piece 7:piece 33:piece -:piece -:piece =:piece
EXPR: 0 | POS | INT | 14 | 3 | 28 | 33=(54+(7-x)) | 33 54 7 x - + = | 33:piece 54:piece 7:piece x:piece -:piece +:piece =:piece
EXPR: 0 | POS | INT | 14 | 3 | 28 | ((33+x)-54)=7 | 33 x + 54 - 7 = | 33:piece x:piece +:piece 54:piece -:piece 7:piece =:piece
EXPR: 0 | POS | INT | 14 | 3 | 28 | (x+(33-54))=7 | x 33 54 - + 7 = | x:piece 33:piece 54:piece -:piece +:piece 7:piece =:piece
EXPR: 0 | POS | INT | 14 | 3 | 28 | 54=((x-7)+33) | 54 x 7 - 33 + = | 54:piece x:piece 7:piece -:piece 33:piece +:piece =:piece
EXPR: 0 | POS | INT | 14 | 3 | 14 | 33=(54-(7+x)) | 33 54 7 x + - = | 33:piece 54:piece 7:piece x:piece +:piece -:piece =:piece
EXPR: 0 | POS | INT | 14 | 3 | 28 | ((54+7)-x)=33 | 54 7 + x - 33 = | 54:piece 7:piece +:piece x:piece -:piece 33:piece =:piece
EXPR: 0 | POS | INT | 14 | 3 | 14 | ((54-7)-x)=33 | 54 7 - x - 33 = | 54:piece 7:piece -:piece x:piece -:piece 33:piece =:piece
EXPR: 0 | POS | INT | 15 | 3 | 609 | x=(7*(54+33)) | x 7 54 33 + * = | x:pile 7:pile 54:piece 33:piece +:piece *:pile =:pile
EXPR: 0 | POS | INT | 15 | 3 | 2160 | x=((33+7)*54) | x 33 7 + 54 * = | x:pile 33:piece 7:piece +:piece 54:pile *:pile =:pile
EXPR: 0 | POS | INT | 15 | 3 | 1404 | x=((33-7)*54) | x 33 7 - 54 * = | x:pile 33:piece 7:piece -:piece 54:pile *:pile =:pile
EXPR: 0 | POS | INT | 15 | 3 | 94 | x=((33+7)+54) | x 33 7 + 54 + = | x:piece 33:piece 7:piece +:piece 54:piece +:piece =:piece
EXPR: 0 | POS | INT | 15 | 3 | 147 | x=(7*(54-33)) | x 7 54 33 - * = | x:pile 7:pile 54:piece 33:piece -:piece *:pile =:pile
EXPR: 0 | POS | INT | 15 | 3 | 2160 | ((33+7)*54)=x | 33 7 + 54 * x = | 33:piece 7:piece +:piece 54:pile *:pile x:pile =:pile
EXPR: 0 | POS | INT | 15 | 3 | 28 | x=(7+(54-33)) | x 7 54 33 - + = | x:piece 7:piece 54:piece 33:piece -:piece +:piece =:piece
EXPR: 0 | POS | INT | 15 | 3 | 94 | x=(7+(54+33)) | x 7 54 33 + + = | x:piece 7:piece 54:piece 33:piece +:piece +:piece =:piece
EXPR: 0 | POS | INT | 15 | 3 | 1404 | ((33-7)*54)=x | 33 7 - 54 * x = | 33:piece 7:piece -:piece 54:pile *:pile x:pile =:pile
EXPR: 0 | POS | INT | 15 | 3 | 94 | (7+(54+33))=x | 7 54 33 + + x = | 7:piece 54:piece 33:piece +:piece +:piece x:piece =:piece
EXPR: 0 | POS | INT | 15 | 3 | 28 | (7+(54-33))=x | 7 54 33 - + x = | 7:piece 54:piece 33:piece -:piece +:piece x:piece =:piece
EXPR: 0 | POS | INT | 15 | 3 | 80 | ((33-7)+54)=x | 33 7 - 54 + x = | 33:piece 7:piece -:piece 54:piece +:piece x:piece =:piece
EXPR: 0 | POS | INT | 15 | 3 | 609 | (7*(54+33))=x | 7 54 33 + * x = | 7:pile 54:piece 33:piece +:piece *:pile x:pile =:pile
EXPR: 0 | POS | INT | 15 | 3 | 80 | (33-(7-54))=x | 33 7 54 - - x = | 33:piece 7:piece 54:piece -:piece -:piece x:piece =:piece
EXPR: 0 | POS | INT | 15 | 3 | 94 | ((33+7)+54)=x | 33 7 + 54 + x = | 33:piece 7:piece +:piece 54:piece +:piece x:piece =:piece
EXPR: 0 | POS | INT | 15 | 3 | 80 | x=((33-7)+54) | x 33 7 - 54 + = | x:piece 33:piece 7:piece -:piece 54:piece +:piece =:piece
EXPR: 0 | POS | INT | 17 | 3 | 80 | 33=((x+7)-54) | 33 x 7 + 54 - = | 33:piece x:piece 7:piece +:piece 54:piece -:piece =:piece
EXPR: 0 | POS | INT | 17 | 3 | 28 | 7=(x-(54-33)) | 7 x 54 33 - - = | 7:piece x:piece 54:piece 33:piece -:piece -:piece =:piece
EXPR: 0 | POS | INT | 17 | 3 | 94 | 7=(x-(54+33)) | 7 x 54 33 + - = | 7:piece x:piece 54:piece 33:piece +:piece -:piece =:piece
EXPR: 0 | POS | INT | 17 | 3 | 28 | (7-(x-54))=33 | 7 x 54 - - 33 = | 7:piece x:piece 54:piece -:piece -:piece 33:piece =:piece
EXPR: 0 | POS | INT | 17 | 3 | 80 | (7+(x-54))=33 | 7 x 54 - + 33 = | 7:piece x:piece 54:piece -:piece +:piece 33:piece =:piece
EXPR: 0 | POS | INT | 17 | 3 | 2160 | (x/(33+7))=54 | x 33 7 + / 54 = | x:pile 33:piece 7:piece +:piece /:pile 54:pile =:pile
EXPR: 0 | POS | INT | 17 | 3 | 80 | 33=((7+x)-54) | 33 7 x + 54 - = | 33:piece 7:piece x:piece +:piece 54:piece -:piece =:piece
EXPR: 0 | POS | INT | 17 | 3 | 28 | 33=((7-x)+54) | 33 7 x - 54 + = | 33:piece 7:piece x:piece -:piece 54:piece +:piece =:piece
EXPR: 0 | POS | INT | 17 | 3 | 80 | 33=(x+(7-54)) | 33 x 7 54 - + = | 33:piece x:piece 7:piece 54:piece -:piece +:piece =:piece
EXPR: 0 | POS | INT | 17 | 3 | 80 | ((x+7)-54)=33 | x 7 + 54 - 33 = | x:piece 7:piece +:piece 54:piece -:piece 33:piece =:piece
EXPR: 0 | POS | INT | 17 | 3 | 94 | ((x-7)-54)=33 | x 7 - 54 - 33 = | x:piece 7:piece -:piece 54:piece -:piece 33:piece =:piece
EXPR: 0 | POS | INT | 17 | 3 | 609 | 7=(x/(54+33)) | 7 x 54 33 + / = | 7:pile x:pile 54:piece 33:piece +:piece /:pile =:pile
EXPR: 1 | POS | INT | 17 | 3 | 3 | (x*7)=(54-33) | x 7 * 54 33 - = | x:pile 7:piece *:piece 54:piece 33:piece -:piece =:piece
EXPR: 0 | POS | INT | 17 | 3 | 28 | ((x+33)-7)=54 | x 33 + 7 - 54 = | x:piece 33:piece +:piece 7:piece -:piece 54:piece =:piece
EXPR: 0 | POS | INT | 17 | 3 | 28 | ((33+x)-7)=54 | 33 x + 7 - 54 = | 33:piece x:piece +:piece 7:piece -:piece 54:piece =:piece
EXPR: 0 | POS | INT | 17 | 3 | 14 | ((33+x)+7)=54 | 33 x + 7 + 54 = | 33:piece x:piece +:piece 7:piece +:piece 54:piece =:piece
EXPR: 0 | POS | INT | 17 | 3 | 80 | (x-(33-7))=54 | x 33 7 - - 54 = | x:piece 33:piece 7:piece -:piece -:piece 54:piece =:piece
EXPR: 0 | POS | INT | 17 | 3 | 28 | (x+(33-7))=54 | x 33 7 - + 54 = | x:piece 33:piece 7:piece -:piece +:piece 54:piece =:piece
EXPR: 0 | POS | INT | 17 | 3 | 80 | 33=((7-54)+x) | 33 7 54 - x + = | 33:piece 7:piece 54:piece -:piece x:piece +:piece =:piece
EXPR: 0 | POS | INT | 17 | 3 | 147 | 7=(x/(54-33)) | 7 x 54 33 - / = | 7:pile x:pile 54:piece 33:piece -:piece /:pile =:pile
EXPR: 0 | POS | INT | 17 | 3 | 80 | ((7+x)-54)=33 | 7 x + 54 - 33 = | 7:piece x:piece +:piece 54:piece -:piece 33:piece =:piece
EXPR: 0 | POS | INT | 17 | 3 | 80 | 33=(7+(x-54)) | 33 7 x 54 - + = | 33:piece 7:piece x:piece 54:piece -:piece +:piece =:piece
EXPR: 0 | POS | INT | 17 | 3 | 28 | (33-(7-x))=54 | 33 7 x - - 54 = | 33:piece 7:piece x:piece -:piece -:piece 54:piece =:piece
EXPR: 0 | POS | INT | 17 | 3 | 28 | 7=((x-54)+33) | 7 x 54 - 33 + = | 7:piece x:piece 54:piece -:piece 33:piece +:piece =:piece
EXPR: 0 | POS | INT | 17 | 3 | 28 | (33+(x-7))=54 | 33 x 7 - + 54 = | 33:piece x:piece 7:piece -:piece +:piece 54:piece =:piece
EXPR: 0 | POS | INT | 17 | 3 | 28 | x=(7-(33-54)) | x 7 33 54 - - = | x:piece 7:piece 33:piece 54:piece -:piece -:piece =:piece
EXPR: 0 | POS | INT | 17 | 3 | 80 | (x+(7-54))=33 | x 7 54 - + 33 = | x:piece 7:piece 54:piece -:piece +:piece 33:piece =:piece
EXPR: 0 | POS | INT | 17 | 3 | 14 | (x+(33+7))=54 | x 33 7 + + 54 = | x:piece 33:piece 7:piece +:piece +:piece 54:piece =:piece
EXPR: 0 | POS | INT | 17 | 3 | 28 | 33=(7-(x-54)) | 33 7 x 54 - - = | 33:piece 7:piece x:piece 54:piece -:piece -:piece =:piece
EXPR: 0 | POS | INT | 17 | 3 | 80 | ((x-33)+7)=54 | x 33 - 7 + 54 = | x:piece 33:piece -:piece 7:piece +:piece 54:piece =:piece
EXPR: 0 | POS | INT | 17 | 3 | 14 | (33+(x+7))=54 | 33 x 7 + + 54 = | 33:piece x:piece 7:piece +:piece +:piece 54:piece =:piece
EXPR: 0 | POS | INT | 17 | 3 | 28 | ((7-x)+54)=33 | 7 x - 54 + 33 = | 7:piece x:piece -:piece 54:piece +:piece 33:piece =:piece
EXPR: 0 | POS | INT | 17 | 3 | 14 | (33+(7+x))=54 | 33 7 x + + 54 = | 33:piece 7:piece x:piece +:piece +:piece 54:piece =:piece
EXPR: 0 | POS | INT | 17 | 3 | 94 | (x-(33+7))=54 | x 33 7 + - 54 = | x:piece 33:piece 7:piece +:piece -:piece 54:piece =:piece
EXPR: 0 | POS | INT | 17 | 3 | 28 | ((7-33)+54)=x | 7 33 - 54 + x = | 7:piece 33:piece -:piece 54:piece +:piece x:piece =:piece
EXPR: 0 | POS | INT | 17 | 3 | 28 | ((33-7)+x)=54 | 33 7 - x + 54 = | 33:piece 7:piece -:piece x:piece +:piece 54:piece =:piece
EXPR: 0 | POS | INT | 17 | 3 | 14 | 7=(54-(x+33)) | 7 54 x 33 + - = | 7:piece 54:piece x:piece 33:piece +:piece -:piece =:piece
EXPR: 0 | POS | INT | 17 | 3 | 80 | 7=(54-(x-33)) | 7 54 x 33 - - = | 7:piece 54:piece x:piece 33:piece -:piece -:piece =:piece
EXPR: 0 | POS | INT | 17 | 3 | 94 | 7=((x-54)-33) | 7 x 54 - 33 - = | 7:piece x:piece 54:piece -:piece 33:piece -:piece =:piece
EXPR: 0 | POS | INT | 17 | 3 | 80 | 7=((54+33)-x) | 7 54 33 + x - = | 7:piece 54:piece 33:piece +:piece x:piece -:piece =:piece
EXPR: 0 | POS | INT | 17 | 3 | 14 | ((x+33)+7)=54 | x 33 + 7 + 54 = | x:piece 33:piece +:piece 7:piece +:piece 54:piece =:piece
EXPR: 0 | POS | INT | 17 | 3 | 94 | ((x-33)-7)=54 | x 33 - 7 - 54 = | x:piece 33:piece -:piece 7:piece -:piece 54:piece =:piece
EXPR: 0 | POS | INT | 17 | 3 | 14 | 7=(54-(33+x)) | 7 54 33 x + - = | 7:piece 54:piece 33:piece x:piece +:piece -:piece =:piece
EXPR: 0 | POS | INT | 17 | 3 | 80 | 7=(54+(33-x)) | 7 54 33 x - + = | 7:piece 54:piece 33:piece x:piece -:piece +:piece =:piece
EXPR: 0 | POS | INT | 17 | 3 | 28 | (7-(33-54))=x | 7 33 54 - - x = | 7:piece 33:piece 54:piece -:piece -:piece x:piece =:piece
EXPR: 0 | POS | INT | 17 | 3 | 14 | ((33+7)+x)=54 | 33 7 + x + 54 = | 33:piece 7:piece +:piece x:piece +:piece 54:piece =:piece
EXPR: 0 | POS | INT | 17 | 3 | 14 | 7=((54-33)-x) | 7 54 33 - x - = | 7:piece 54:piece 33:piece -:piece x:piece -:piece =:piece
EXPR: 0 | POS | INT | 17 | 3 | 1404 | (x/(33-7))=54 | x 33 7 - / 54 = | x:pile 33:piece 7:piece -:piece /:pile 54:pile =:pile
EXPR: 0 | POS | INT | 19 | 3 | 28 | 7=((x+33)-54) | 7 x 33 + 54 - = | 7:piece x:piece 33:piece +:piece 54:piece -:piece =:piece
EXPR: 0 | POS | INT | 19 | 3 | 80 | ((x+7)-33)=54 | x 7 + 33 - 54 = | x:piece 7:piece +:piece 33:piece -:piece 54:piece =:piece
EXPR: 0 | POS | INT | 19 | 3 | 14 | ((x+7)+33)=54 | x 7 + 33 + 54 = | x:piece 7:piece +:piece 33:piece +:piece 54:piece =:piece
EXPR: 0 | POS | INT | 19 | 3 | 94 | ((x-7)-33)=54 | x 7 - 33 - 54 = | x:piece 7:piece -:piece 33:piece -:piece 54:piece =:piece
EXPR: 0 | POS | INT | 19 | 3 | 80 | ((7+x)-33)=54 | 7 x + 33 - 54 = | 7:piece x:piece +:piece 33:piece -:piece 54:piece =:piece
EXPR: 0 | POS | INT | 19 | 3 | 14 | ((7+x)+33)=54 | 7 x + 33 + 54 = | 7:piece x:piece +:piece 33:piece +:piece 54:piece =:piece
EXPR: 0 | POS | INT | 19 | 3 | 28 | ((x-7)+33)=54 | x 7 - 33 + 54 = | x:piece 7:piece -:piece 33:piece +:piece 54:piece =:piece
EXPR: 0 | POS | INT | 19 | 3 | 80 | (7-(33-x))=54 | 7 33 x - - 54 = | 7:piece 33:piece x:piece -:piece -:piece 54:piece =:piece
EXPR: 0 | POS | INT | 19 | 3 | 28 | 7=((33+x)-54) | 7 33 x + 54 - = | 7:piece 33:piece x:piece +:piece 54:piece -:piece =:piece
EXPR: 0 | POS | INT | 19 | 3 | 80 | (7+(x-33))=54 | 7 x 33 - + 54 = | 7:piece x:piece 33:piece -:piece +:piece 54:piece =:piece
EXPR: 0 | POS | INT | 19 | 3 | 28 | (x-(7-33))=54 | x 7 33 - - 54 = | x:piece 7:piece 33:piece -:piece -:piece 54:piece =:piece
EXPR: 0 | POS | INT | 19 | 3 | 80 | (x+(7-33))=54 | x 7 33 - + 54 = | x:piece 7:piece 33:piece -:piece +:piece 54:piece =:piece
EXPR: 0 | POS | INT | 19 | 3 | 94 | 7=((x-33)-54) | 7 x 33 - 54 - = | 7:piece x:piece 33:piece -:piece 54:piece -:piece =:piece
EXPR: 0 | POS | INT | 19 | 3 | 80 | 7=(33-(x-54)) | 7 33 x 54 - - = | 7:piece 33:piece x:piece 54:piece -:piece -:piece =:piece
EXPR: 0 | POS | INT | 19 | 3 | 14 | (7+(33+x))=54 | 7 33 x + + 54 = | 7:piece 33:piece x:piece +:piece +:piece 54:piece =:piece
EXPR: 0 | POS | INT | 19 | 3 | 28 | 7=(33+(x-54)) | 7 33 x 54 - + = | 7:piece 33:piece x:piece 54:piece -:piece +:piece =:piece
EXPR: 0 | POS | INT | 19 | 3 | 80 | 7=((33-x)+54) | 7 33 x - 54 + = | 7:piece 33:piece x:piece -:piece 54:piece +:piece =:piece
EXPR: 0 | POS | INT | 19 | 3 | 14 | (7+(x+33))=54 | 7 x 33 + + 54 = | 7:piece x:piece 33:piece +:piece +:piece 54:piece =:piece
EXPR: 0 | POS | INT | 20 | 3 | 1775 | x=((54*33)-7) | x 54 33 * 7 - = | x:pile 54:piece 33:pile *:pile 7:pile -:pile =:pile
EXPR: 0 | POS | INT | 20 | 3 | 1789 | x=((54*33)+7) | x 54 33 * 7 + = | x:pile 54:piece 33:pile *:pile 7:pile +:pile =:pile
EXPR: 0 | POS | INT | 20 | 3 | 1789 | ((54*33)+7)=x | 54 33 * 7 + x = | 54:pile 33:piece *:piece 7:piece +:piece x:piece =:piece
EXPR: 0 | POS | INT | 20 | 3 | 1775 | ((54*33)-7)=x | 54 33 * 7 - x = | 54:pile 33:piece *:piece 7:piece -:piece x:piece =:piece
EXPR: 0 | POS | INT | 20 | 3 | 285 | (54+(33*7))=x | 54 33 7 * + x = | 54:piece 33:piece 7:pile *:piece +:piece x:piece =:piece
EXPR: 1 | POS | INT | 20 | 3 | 3 | x=((54-33)/7) | x 54 33 - 7 / = | x:piece 54:piece 33:piece -:piece 7:pile /:piece =:piece
EXPR: 0 | POS | INT | 20 | 3 | 285 | x=(54+(33*7)) | x 54 33 7 * + = | x:pile 54:pile 33:piece 7:pile *:pile +:pile =:pile
EXPR: 1 | POS | INT | 20 | 3 | 3 | ((54-33)/7)=x | 54 33 - 7 / x = | 54:piece 33:piece -:piece 7:pile /:piece x:piece =:piece
EXPR: 0 | POS | INT | 22 | 3 | 345 | 54=((x+33)/7) | 54 x 33 + 7 / = | 54:piece x:piece 33:piece +:piece 7:pile /:piece =:piece
EXPR: 0 | POS | INT | 22 | 3 | 2013 | 54=((x/33)-7) | 54 x 33 / 7 - = | 54:piece x:piece 33:pile /:piece 7:piece -:piece =:piece
EXPR: 0 | POS | INT | 22 | 3 | 411 | 54=((x-33)/7) | 54 x 33 - 7 / = | 54:piece x:piece 33:piece -:piece 7:pile /:piece =:piece
EXPR: 0 | POS | INT | 22 | 3 | 147 | 54=(33+(x/7)) | 54 33 x 7 / + = | 54:piece 33:piece x:piece 7:pile /:piece +:piece =:piece
EXPR: 0 | POS | INT | 22 | 3 | 177 | 54=((33*7)-x) | 54 33 7 * x - = | 54:piece 33:pile 7:piece *:piece x:piece -:piece =:piece
EXPR: 0 | POS | INT | 22 | 3 | 1551 | (54-(x/33))=7 | 54 x 33 / - 7 = | 54:piece x:piece 33:pile /:piece -:piece 7:piece =:piece
EXPR: 0 | POS | INT | 22 | 3 | 285 | 54=(x-(33*7)) | 54 x 33 7 * - = | 54:piece x:piece 33:piece 7:pile *:piece -:piece =:piece
EXPR: 0 | POS | INT | 22 | 3 | 345 | 54=((33+x)/7) | 54 33 x + 7 / = | 54:piece 33:piece x:piece +:piece 7:pile /:piece =:piece
EXPR: 0 | POS | INT | 22 | 3 | 1775 | ((54*33)-x)=7 | 54 33 * x - 7 = | 54:piece 33:pile *:pile x:pile -:pile 7:pile =:pile
EXPR: 0 | POS | INT | 22 | 3 | 411 | (33+(54*7))=x | 33 54 7 * + x = | 33:piece 54:piece 7:pile *:piece +:piece x:piece =:piece
EXPR: 0 | POS | INT | 22 | 3 | 28 | (54-x)=(33-7) | 54 x - 33 7 - = | 54:piece x:piece -:piece 33:piece 7:piece -:piece =:piece
EXPR: 0 | POS | INT | 22 | 3 | 12474 | (x/54)=(33*7) | x 54 / 33 7 * = | x:pile 54:piece /:pile 33:piece 7:pile *:pile =:pile
NET 225 unique, non-negative, integer-valued solutions found out of 1000 total solutions
