parameters: n=7 l=3 k=1 p=5 q=2 m=9
TOTAL 1000 solutions found
SOLN: CORRECT | POS/NEG | INT/FRA | OBJ-SCORE | TRUE-ANS | ANS | INFIX | POSTFIX | TYPED-POSTFIX
EXPR: 0 | POS | INT | 0 | 9 | 2001 | (69*(24+5))=x | 69 24 5 + * x = | 69:lawn 24:dollar 5:dollar +:dollar *:dollar x:dollar =:dollar
EXPR: 0 | POS | INT | 0 | 9 | 1311 | x=(69*(24-5)) | x 69 24 5 - * = | x:dollar 69:lawn 24:dollar 5:dollar -:dollar *:dollar =:dollar
EXPR: 0 | POS | INT | 0 | 9 | 2001 | x=(69*(24+5)) | x 69 24 5 + * = | x:dollar 69:lawn 24:dollar 5:dollar +:dollar *:dollar =:dollar
EXPR: 0 | POS | INT | 0 | 9 | 1311 | (69*(24-5))=x | 69 24 5 - * x = | 69:lawn 24:dollar 5:dollar -:dollar *:dollar x:dollar =:dollar
EXPR: 0 | POS | INT | 0 | 9 | 1661 | x=((69*24)+5) | x 69 24 * 5 + = | x:dollar 69:lawn 24:dollar *:dollar 5:dollar +:dollar =:dollar
EXPR: 0 | POS | INT | 0 | 9 | 1651 | x=((69*24)-5) | x 69 24 * 5 - = | x:dollar 69:lawn 24:dollar *:dollar 5:dollar -:dollar =:dollar
EXPR: 0 | POS | INT | 0 | 9 | 1661 | ((69*24)+5)=x | 69 24 * 5 + x = | 69:lawn 24:dollar *:dollar 5:dollar +:dollar x:dollar =:dollar
EXPR: 0 | POS | INT | 0 | 9 | 1651 | ((69*24)-5)=x | 69 24 * 5 - x = | 69:lawn 24:dollar *:dollar 5:dollar -:dollar x:dollar =:dollar
EXPR: 0 | POS | INT | 2 | 9 | 369 | x=((69*5)+24) | x 69 5 * 24 + = | x:dollar 69:lawn 5:dollar *:dollar 24:dollar +:dollar =:dollar
EXPR: 0 | POS | INT | 2 | 9 | 321 | x=((69*5)-24) | x 69 5 * 24 - = | x:dollar 69:lawn 5:dollar *:dollar 24:dollar -:dollar =:dollar
EXPR: 0 | POS | INT | 2 | 9 | 1651 | ((69*24)-x)=5 | 69 24 * x - 5 = | 69:lawn 24:dollar *:dollar x:dollar -:dollar 5:dollar =:dollar
EXPR: 0 | POS | INT | 2 | 9 | 369 | x=(24+(69*5)) | x 24 69 5 * + = | x:dollar 24:dollar 69:lawn 5:dollar *:dollar +:dollar =:dollar
EXPR: 0 | POS | INT | 2 | 9 | 2001 | ((x/69)-24)=5 | x 69 / 24 - 5 = | x:dollar 69:lawn /:dollar 24:dollar -:dollar 5:dollar =:dollar
EXPR: 0 | POS | INT | 2 | 9 | 369 | ((69*5)+24)=x | 69 5 * 24 + x = | 69:lawn 5:dollar *:dollar 24:dollar +:dollar x:dollar =:dollar
EXPR: 0 | POS | INT | 2 | 9 | 321 | ((69*5)-24)=x | 69 5 * 24 - x = | 69:lawn 5:dollar *:dollar 24:dollar -:dollar x:dollar =:dollar
EXPR: 0 | POS | INT | 2 | 9 | 369 | (24+(69*5))=x | 24 69 5 * + x = | 24:dollar 69:lawn 5:dollar *:dollar +:dollar x:dollar =:dollar
EXPR: 0 | POS | INT | 2 | 9 | 1661 | (x-(69*24))=5 | x 69 24 * - 5 = | x:dollar 69:lawn 24:dollar *:dollar -:dollar 5:dollar =:dollar
EXPR: 0 | POS | INT | 4 | 9 | 1311 | (24-(x/69))=5 | 24 x 69 / - 5 = | 24:dollar x:dollar 69:lawn /:dollar -:dollar 5:dollar =:dollar
EXPR: 0 | POS | INT | 4 | 9 | 321 | ((69*5)-x)=24 | 69 5 * x - 24 = | 69:lawn 5:dollar *:dollar x:dollar -:dollar 24:dollar =:dollar
EXPR: 0 | POS | INT | 4 | 9 | 1311 | 24=((x/69)+5) | 24 x 69 / 5 + = | 24:dollar x:dollar 69:lawn /:dollar 5:dollar +:dollar =:dollar
EXPR: 0 | POS | INT | 4 | 9 | 321 | ((24+x)/69)=5 | 24 x + 69 / 5 = | 24:dollar x:dollar +:dollar 69:lawn /:dollar 5:dollar =:dollar
EXPR: 0 | POS | INT | 4 | 9 | 369 | ((x-24)/69)=5 | x 24 - 69 / 5 = | x:dollar 24:dollar -:dollar 69:lawn /:dollar 5:dollar =:dollar
EXPR: 0 | POS | INT | 4 | 9 | 1311 | ((x/69)+5)=24 | x 69 / 5 + 24 = | x:dollar 69:lawn /:dollar 5:dollar +:dollar 24:dollar =:dollar
EXPR: 0 | POS | INT | 4 | 9 | 2001 | 24=((x/69)-5) | 24 x 69 / 5 - = | 24:dollar x:dollar 69:lawn /:dollar 5:dollar -:dollar =:dollar
EXPR: 0 | POS | INT | 4 | 9 | 321 | ((x+24)/69)=5 | x 24 + 69 / 5 = | x:dollar 24:dollar +:dollar 69:lawn /:dollar 5:dollar =:dollar
EXPR: 0 | POS | INT | 4 | 9 | 369 | (x-(69*5))=24 | x 69 5 * - 24 = | x:dollar 69:lawn 5:dollar *:dollar -:dollar 24:dollar =:dollar
EXPR: 0 | POS | INT | 4 | 9 | 2001 | ((x/69)-5)=24 | x 69 / 5 - 24 = | x:dollar 69:lawn /:dollar 5:dollar -:dollar 24:dollar =:dollar
EXPR: 0 | POS | INT | 4 | 9 | 321 | 24=((69*5)-x) | 24 69 5 * x - = | 24:dollar 69:lawn 5:dollar *:dollar x:dollar -:dollar =:dollar
EXPR: 0 | POS | INT | 5 | 9 | 1311 | x=((24-5)*69) | x 24 5 - 69 * = | x:dollar 24:dollar 5:dollar -:dollar 69:lawn *:dollar =:dollar
EXPR: 0 | POS | INT | 5 | 9 | 1661 | x=(5+(69*24)) | x 5 69 24 * + = | x:dollar 5:dollar 69:lawn 24:dollar *:dollar +:dollar =:dollar
EXPR: 0 | POS | INT | 5 | 9 | 1311 | ((24-5)*69)=x | 24 5 - 69 * x = | 24:dollar 5:dollar -:dollar 69:lawn *:dollar x:dollar =:dollar
EXPR: 0 | POS | INT | 5 | 9 | 2001 | x=((24+5)*69) | x 24 5 + 69 * = | x:dollar 24:dollar 5:dollar +:dollar 69:lawn *:dollar =:dollar
EXPR: 0 | POS | INT | 5 | 9 | 1661 | (5+(69*24))=x | 5 69 24 * + x = | 5:dollar 69:lawn 24:dollar *:dollar +:dollar x:dollar =:dollar
EXPR: 0 | POS | INT | 5 | 9 | 2001 | ((24+5)*69)=x | 24 5 + 69 * x = | 24:dollar 5:dollar +:dollar 69:lawn *:dollar x:dollar =:dollar
EXPR: 0 | POS | INT | 7 | 9 | 1661 | 5=(x-(69*24)) | 5 x 69 24 * - = | 5:dollar x:dollar 69:lawn 24:dollar *:dollar -:dollar =:dollar
EXPR: 0 | POS | INT | 7 | 9 | 1651 | 24=((5+x)/69) | 24 5 x + 69 / = | 24:dollar 5:dollar x:dollar +:dollar 69:lawn /:dollar =:dollar
EXPR: 0 | POS | INT | 7 | 9 | 1661 | ((x-5)/69)=24 | x 5 - 69 / 24 = | x:dollar 5:dollar -:dollar 69:lawn /:dollar 24:dollar =:dollar
EXPR: 0 | POS | INT | 7 | 9 | 1311 | 24=(5+(x/69)) | 24 5 x 69 / + = | 24:dollar 5:dollar x:dollar 69:lawn /:dollar +:dollar =:dollar
EXPR: 0 | POS | INT | 7 | 9 | 1651 | ((5+x)/69)=24 | 5 x + 69 / 24 = | 5:dollar x:dollar +:dollar 69:lawn /:dollar 24:dollar =:dollar
EXPR: 0 | POS | INT | 7 | 9 | 2001 | 5=((x/69)-24) | 5 x 69 / 24 - = | 5:dollar x:dollar 69:lawn /:dollar 24:dollar -:dollar =:dollar
EXPR: 0 | POS | INT | 7 | 9 | 1311 | (5+(x/69))=24 | 5 x 69 / + 24 = | 5:dollar x:dollar 69:lawn /:dollar +:dollar 24:dollar =:dollar
EXPR: 0 | POS | INT | 7 | 9 | 1661 | 24=((x-5)/69) | 24 x 5 - 69 / = | 24:dollar x:dollar 5:dollar -:dollar 69:lawn /:dollar =:dollar
EXPR: 0 | POS | INT | 7 | 9 | 1651 | ((x+5)/69)=24 | x 5 + 69 / 24 = | x:dollar 5:dollar +:dollar 69:lawn /:dollar 24:dollar =:dollar
EXPR: 0 | POS | INT | 7 | 9 | 1651 | 24=((x+5)/69) | 24 x 5 + 69 / = | 24:dollar x:dollar 5:dollar +:dollar 69:lawn /:dollar =:dollar
EXPR: 0 | POS | INT | 9 | 9 | 321 | 5=((24+x)/69) | 5 24 x + 69 / = | 5:dollar 24:dollar x:dollar +:dollar 69:lawn /:dollar =:dollar
EXPR: 0 | POS | INT | 9 | 9 | 321 | 5=((x+24)/69) | 5 x 24 + 69 / = | 5:dollar x:dollar 24:dollar +:dollar 69:lawn /:dollar =:dollar
EXPR: 0 | POS | INT | 9 | 9 | 1311 | 5=(24-(x/69)) | 5 24 x 69 / - = | 5:dollar 24:dollar x:dollar 69:lawn /:dollar -:dollar =:dollar
EXPR: 0 | POS | INT | 9 | 9 | 369 | 5=((x-24)/69) | 5 x 24 - 69 / = | 5:dollar x:dollar 24:dollar -:dollar 69:lawn /:dollar =:dollar
EXPR: 0 | POS | INT | 10 | 9 | 225 | x=((69-24)*5) | x 69 24 - 5 * = | x:dollar 69:lawn 24:lawn -:lawn 5:dollar *:dollar =:dollar
EXPR: 0 | POS | INT | 10 | 9 | 98 | x=((69+24)+5) | x 69 24 + 5 + = | x:dollar 69:dollar 24:dollar +:dollar 5:dollar +:dollar =:dollar
EXPR: 0 | POS | INT | 10 | 9 | 225 | ((69-24)*5)=x | 69 24 - 5 * x = | 69:lawn 24:lawn -:lawn 5:dollar *:dollar x:dollar =:dollar
EXPR: 0 | POS | INT | 10 | 9 | 88 | x=(69+(24-5)) | x 69 24 5 - + = | x:dollar 69:dollar 24:dollar 5:dollar -:dollar +:dollar =:dollar
EXPR: 0 | POS | INT | 10 | 9 | 98 | x=(69+(24+5)) | x 69 24 5 + + = | x:dollar 69:dollar 24:dollar 5:dollar +:dollar +:dollar =:dollar
EXPR: 0 | POS | INT | 10 | 9 | 40 | (69-(24+5))=x | 69 24 5 + - x = | 69:dollar 24:dollar 5:dollar +:dollar -:dollar x:dollar =:dollar
EXPR: 0 | POS | INT | 10 | 9 | 40 | x=(69-(24+5)) | x 69 24 5 + - = | x:dollar 69:dollar 24:dollar 5:dollar +:dollar -:dollar =:dollar
EXPR: 0 | POS | INT | 10 | 9 | 50 | x=((69-24)+5) | x 69 24 - 5 + = | x:dollar 69:dollar 24:dollar -:dollar 5:dollar +:dollar =:dollar
EXPR: 0 | POS | INT | 10 | 9 | 465 | ((69+24)*5)=x | 69 24 + 5 * x = | 69:lawn 24:lawn +:lawn 5:dollar *:dollar x:dollar =:dollar
EXPR: 0 | POS | INT | 10 | 9 | 88 | x=((69+24)-5) | x 69 24 + 5 - = | x:dollar 69:dollar 24:dollar +:dollar 5:dollar -:dollar =:dollar
EXPR: 0 | POS | INT | 10 | 9 | 50 | ((69-24)+5)=x | 69 24 - 5 + x = | 69:dollar 24:dollar -:dollar 5:dollar +:dollar x:dollar =:dollar
EXPR: 0 | POS | INT | 10 | 9 | 98 | ((69+24)+5)=x | 69 24 + 5 + x = | 69:dollar 24:dollar +:dollar 5:dollar +:dollar x:dollar =:dollar
EXPR: 0 | POS | INT | 10 | 9 | 50 | (69-(24-5))=x | 69 24 5 - - x = | 69:dollar 24:dollar 5:dollar -:dollar -:dollar x:dollar =:dollar
EXPR: 0 | POS | INT | 10 | 9 | 88 | ((69+24)-5)=x | 69 24 + 5 - x = | 69:dollar 24:dollar +:dollar 5:dollar -:dollar x:dollar =:dollar
EXPR: 0 | POS | INT | 10 | 9 | 88 | (69+(24-5))=x | 69 24 5 - + x = | 69:dollar 24:dollar 5:dollar -:dollar +:dollar x:dollar =:dollar
EXPR: 0 | POS | INT | 10 | 9 | 40 | ((69-24)-5)=x | 69 24 - 5 - x = | 69:dollar 24:dollar -:dollar 5:dollar -:dollar x:dollar =:dollar
EXPR: 0 | POS | INT | 10 | 9 | 98 | (69+(24+5))=x | 69 24 5 + + x = | 69:dollar 24:dollar 5:dollar +:dollar +:dollar x:dollar =:dollar
EXPR: 0 | POS | INT | 10 | 9 | 40 | x=((69-24)-5) | x 69 24 - 5 - = | x:dollar 69:dollar 24:dollar -:dollar 5:dollar -:dollar =:dollar
EXPR: 0 | POS | INT | 10 | 9 | 50 | x=(69-(24-5)) | x 69 24 5 - - = | x:dollar 69:dollar 24:dollar 5:dollar -:dollar -:dollar =:dollar
EXPR: 0 | POS | INT | 10 | 9 | 465 | x=((69+24)*5) | x 69 24 + 5 * = | x:dollar 69:lawn 24:lawn +:lawn 5:dollar *:dollar =:dollar
EXPR: 0 | POS | INT | 12 | 9 | 465 | (x/(69+24))=5 | x 69 24 + / 5 = | x:dollar 69:lawn 24:lawn +:lawn /:dollar 5:dollar =:dollar
EXPR: 0 | POS | INT | 12 | 9 | 98 | (x-(69+24))=5 | x 69 24 + - 5 = | x:dollar 69:dollar 24:dollar +:dollar -:dollar 5:dollar =:dollar
EXPR: 0 | POS | INT | 12 | 9 | 88 | (69-(x-24))=5 | 69 x 24 - - 5 = | 69:dollar x:dollar 24:dollar -:dollar -:dollar 5:dollar =:dollar
EXPR: 0 | POS | INT | 12 | 9 | 50 | x=(69+(5-24)) | x 69 5 24 - + = | x:dollar 69:dollar 5:dollar 24:dollar -:dollar +:dollar =:dollar
EXPR: 0 | POS | INT | 12 | 9 | 50 | x=((69+5)-24) | x 69 5 + 24 - = | x:dollar 69:dollar 5:dollar +:dollar 24:dollar -:dollar =:dollar
EXPR: 0 | POS | INT | 12 | 9 | 40 | (69-(x+24))=5 | 69 x 24 + - 5 = | 69:dollar x:dollar 24:dollar +:dollar -:dollar 5:dollar =:dollar
EXPR: 0 | POS | INT | 12 | 9 | 1661 | (69*24)=(x-5) | 69 24 * x 5 - = | 69:lawn 24:dollar *:dollar x:dollar 5:dollar -:dollar =:dollar
EXPR: 0 | POS | INT | 12 | 9 | 1651 | (69*24)=(x+5) | 69 24 * x 5 + = | 69:lawn 24:dollar *:dollar x:dollar 5:dollar +:dollar =:dollar
EXPR: 0 | POS | INT | 12 | 9 | 225 | (x/(69-24))=5 | x 69 24 - / 5 = | x:dollar 69:lawn 24:lawn -:lawn /:dollar 5:dollar =:dollar
EXPR: 0 | POS | INT | 12 | 9 | 88 | x=((69-5)+24) | x 69 5 - 24 + = | x:dollar 69:dollar 5:dollar -:dollar 24:dollar +:dollar =:dollar
EXPR: 0 | POS | INT | 12 | 9 | 98 | x=((69+5)+24) | x 69 5 + 24 + = | x:dollar 69:dollar 5:dollar +:dollar 24:dollar +:dollar =:dollar
EXPR: 0 | POS | INT | 12 | 9 | 98 | (24+(69+5))=x | 24 69 5 + + x = | 24:dollar 69:dollar 5:dollar +:dollar +:dollar x:dollar =:dollar
EXPR: 0 | POS | INT | 12 | 9 | 40 | x=((69-5)-24) | x 69 5 - 24 - = | x:dollar 69:dollar 5:dollar -:dollar 24:dollar -:dollar =:dollar
EXPR: 0 | POS | INT | 12 | 9 | 1651 | (69*24)=(5+x) | 69 24 * 5 x + = | 69:lawn 24:dollar *:dollar 5:dollar x:dollar +:dollar =:dollar
EXPR: 0 | POS | INT | 12 | 9 | 40 | (69-(24+x))=5 | 69 24 x + - 5 = | 69:dollar 24:dollar x:dollar +:dollar -:dollar 5:dollar =:dollar
EXPR: 0 | POS | INT | 12 | 9 | 50 | (69+(5-24))=x | 69 5 24 - + x = | 69:dollar 5:dollar 24:dollar -:dollar +:dollar x:dollar =:dollar
EXPR: 0 | POS | INT | 12 | 9 | 50 | 69=((24+x)-5) | 69 24 x + 5 - = | 69:dollar 24:dollar x:dollar +:dollar 5:dollar -:dollar =:dollar
EXPR: 0 | POS | INT | 12 | 9 | 50 | 69=((x+24)-5) | 69 x 24 + 5 - = | 69:dollar x:dollar 24:dollar +:dollar 5:dollar -:dollar =:dollar
EXPR: 0 | POS | INT | 12 | 9 | 1776 | (24*(69+5))=x | 24 69 5 + * x = | 24:dollar 69:lawn 5:lawn +:lawn *:dollar x:dollar =:dollar
EXPR: 0 | POS | INT | 12 | 9 | 40 | 69=((x+24)+5) | 69 x 24 + 5 + = | 69:dollar x:dollar 24:dollar +:dollar 5:dollar +:dollar =:dollar
EXPR: 0 | POS | INT | 12 | 9 | 40 | ((69-x)-24)=5 | 69 x - 24 - 5 = | 69:dollar x:dollar -:dollar 24:dollar -:dollar 5:dollar =:dollar
EXPR: 0 | POS | INT | 12 | 9 | 1536 | ((69-5)*24)=x | 69 5 - 24 * x = | 69:lawn 5:lawn -:lawn 24:dollar *:dollar x:dollar =:dollar
EXPR: 0 | POS | INT | 12 | 9 | 2001 | 69=(x/(24+5)) | 69 x 24 5 + / = | 69:lawn x:lawn 24:dollar 5:dollar +:dollar /:lawn =:lawn
EXPR: 0 | POS | INT | 12 | 9 | 40 | 69=((24+x)+5) | 69 24 x + 5 + = | 69:dollar 24:dollar x:dollar +:dollar 5:dollar +:dollar =:dollar
EXPR: 0 | POS | INT | 12 | 9 | 1776 | ((69+5)*24)=x | 69 5 + 24 * x = | 69:lawn 5:lawn +:lawn 24:dollar *:dollar x:dollar =:dollar
EXPR: 0 | POS | INT | 12 | 9 | 88 | x=(24+(69-5)) | x 24 69 5 - + = | x:dollar 24:dollar 69:dollar 5:dollar -:dollar +:dollar =:dollar
EXPR: 0 | POS | INT | 12 | 9 | 1311 | 69=(x/(24-5)) | 69 x 24 5 - / = | 69:lawn x:lawn 24:dollar 5:dollar -:dollar /:lawn =:lawn
EXPR: 0 | POS | INT | 12 | 9 | 1536 | x=(24*(69-5)) | x 24 69 5 - * = | x:dollar 24:dollar 69:lawn 5:lawn -:lawn *:dollar =:dollar
EXPR: 0 | POS | INT | 12 | 9 | 40 | 69=(x+(24+5)) | 69 x 24 5 + + = | 69:dollar x:dollar 24:dollar 5:dollar +:dollar +:dollar =:dollar
EXPR: 0 | POS | INT | 12 | 9 | 98 | 69=(x-(24+5)) | 69 x 24 5 + - = | 69:dollar x:dollar 24:dollar 5:dollar +:dollar -:dollar =:dollar
EXPR: 0 | POS | INT | 12 | 9 | 50 | 69=(x+(24-5)) | 69 x 24 5 - + = | 69:dollar x:dollar 24:dollar 5:dollar -:dollar +:dollar =:dollar
EXPR: 0 | POS | INT | 12 | 9 | 88 | ((69-x)+24)=5 | 69 x - 24 + 5 = | 69:dollar x:dollar -:dollar 24:dollar +:dollar 5:dollar =:dollar
EXPR: 0 | POS | INT | 12 | 9 | 88 | 69=(x-(24-5)) | 69 x 24 5 - - = | 69:dollar x:dollar 24:dollar 5:dollar -:dollar -:dollar =:dollar
EXPR: 0 | POS | INT | 12 | 9 | 40 | ((69-24)-x)=5 | 69 24 - x - 5 = | 69:dollar 24:dollar -:dollar x:dollar -:dollar 5:dollar =:dollar
EXPR: 0 | POS | INT | 12 | 9 | 88 | (69-(5-24))=x | 69 5 24 - - x = | 69:dollar 5:dollar 24:dollar -:dollar -:dollar x:dollar =:dollar
EXPR: 0 | POS | INT | 12 | 9 | 88 | (69+(24-x))=5 | 69 24 x - + 5 = | 69:dollar 24:dollar x:dollar -:dollar +:dollar 5:dollar =:dollar
EXPR: 0 | POS | INT | 12 | 9 | 88 | 69=((x-24)+5) | 69 x 24 - 5 + = | 69:dollar x:dollar 24:dollar -:dollar 5:dollar +:dollar =:dollar
EXPR: 0 | POS | INT | 12 | 9 | 98 | 69=((x-24)-5) | 69 x 24 - 5 - = | 69:dollar x:dollar 24:dollar -:dollar 5:dollar -:dollar =:dollar
EXPR: 0 | POS | INT | 12 | 9 | 40 | 69=(24+(x+5)) | 69 24 x 5 + + = | 69:dollar 24:dollar x:dollar 5:dollar +:dollar +:dollar =:dollar
EXPR: 0 | POS | INT | 12 | 9 | 88 | ((69+24)-x)=5 | 69 24 + x - 5 = | 69:dollar 24:dollar +:dollar x:dollar -:dollar 5:dollar =:dollar
EXPR: 0 | POS | INT | 12 | 9 | 1776 | x=(24*(69+5)) | x 24 69 5 + * = | x:dollar 24:dollar 69:lawn 5:lawn +:lawn *:dollar =:dollar
EXPR: 0 | POS | INT | 12 | 9 | 88 | ((69-5)+24)=x | 69 5 - 24 + x = | 69:dollar 5:dollar -:dollar 24:dollar +:dollar x:dollar =:dollar
EXPR: 0 | POS | INT | 12 | 9 | 98 | x=(24+(69+5)) | x 24 69 5 + + = | x:dollar 24:dollar 69:dollar 5:dollar +:dollar +:dollar =:dollar
EXPR: 0 | POS | INT | 12 | 9 | 98 | ((69+5)+24)=x | 69 5 + 24 + x = | 69:dollar 5:dollar +:dollar 24:dollar +:dollar x:dollar =:dollar
EXPR: 0 | POS | INT | 12 | 9 | 40 | 69=(24+(5+x)) | 69 24 5 x + + = | 69:dollar 24:dollar 5:dollar x:dollar +:dollar +:dollar =:dollar
EXPR: 0 | POS | INT | 12 | 9 | 88 | x=(69-(5-24)) | x 69 5 24 - - = | x:dollar 69:dollar 5:dollar 24:dollar -:dollar -:dollar =:dollar
EXPR: 0 | POS | INT | 12 | 9 | 40 | 69=((24+5)+x) | 69 24 5 + x + = | 69:dollar 24:dollar 5:dollar +:dollar x:dollar +:dollar =:dollar
EXPR: 0 | POS | INT | 12 | 9 | 50 | 69=(24+(x-5)) | 69 24 x 5 - + = | 69:dollar 24:dollar x:dollar 5:dollar -:dollar +:dollar =:dollar
EXPR: 0 | POS | INT | 12 | 9 | 88 | (24+(69-5))=x | 24 69 5 - + x = | 24:dollar 69:dollar 5:dollar -:dollar +:dollar x:dollar =:dollar
EXPR: 0 | POS | INT | 12 | 9 | 1536 | x=((69-5)*24) | x 69 5 - 24 * = | x:dollar 69:lawn 5:lawn -:lawn 24:dollar *:dollar =:dollar
EXPR: 0 | POS | INT | 12 | 9 | 50 | 69=(24-(5-x)) | 69 24 5 x - - = | 69:dollar 24:dollar 5:dollar x:dollar -:dollar -:dollar =:dollar
EXPR: 0 | POS | INT | 12 | 9 | 1776 | x=((69+5)*24) | x 69 5 + 24 * = | x:dollar 69:lawn 5:lawn +:lawn 24:dollar *:dollar =:dollar
EXPR: 0 | POS | INT | 12 | 9 | 50 | ((x-69)+24)=5 | x 69 - 24 + 5 = | x:dollar 69:dollar -:dollar 24:dollar +:dollar 5:dollar =:dollar
EXPR: 0 | POS | INT | 12 | 9 | 98 | ((x-69)-24)=5 | x 69 - 24 - 5 = | x:dollar 69:dollar -:dollar 24:dollar -:dollar 5:dollar =:dollar
EXPR: 0 | POS | INT | 12 | 9 | 50 | ((69+5)-24)=x | 69 5 + 24 - x = | 69:dollar 5:dollar +:dollar 24:dollar -:dollar x:dollar =:dollar
EXPR: 0 | POS | INT | 12 | 9 | 40 | ((69-5)-24)=x | 69 5 - 24 - x = | 69:dollar 5:dollar -:dollar 24:dollar -:dollar x:dollar =:dollar
EXPR: 0 | POS | INT | 12 | 9 | 50 | (x-(69-24))=5 | x 69 24 - - 5 = | x:dollar 69:dollar 24:dollar -:dollar -:dollar 5:dollar =:dollar
EXPR: 0 | POS | INT | 12 | 9 | 50 | 69=((24-5)+x) | 69 24 5 - x + = | 69:dollar 24:dollar 5:dollar -:dollar x:dollar +:dollar =:dollar
EXPR: 0 | POS | INT | 14 | 9 | 50 | (69-(x-5))=24 | 69 x 5 - - 24 = | 69:dollar x:dollar 5:dollar -:dollar -:dollar 24:dollar =:dollar
EXPR: 0 | POS | INT | 14 | 9 | 40 | (69-(x+5))=24 | 69 x 5 + - 24 = | 69:dollar x:dollar 5:dollar +:dollar -:dollar 24:dollar =:dollar
EXPR: 0 | POS | INT | 14 | 9 | 40 | (69-(5+x))=24 | 69 5 x + - 24 = | 69:dollar 5:dollar x:dollar +:dollar -:dollar 24:dollar =:dollar
EXPR: 0 | POS | INT | 14 | 9 | 98 | (x-(69+5))=24 | x 69 5 + - 24 = | x:dollar 69:dollar 5:dollar +:dollar -:dollar 24:dollar =:dollar
EXPR: 0 | POS | INT | 14 | 9 | 369 | (x-24)=(69*5) | x 24 - 69 5 * = | x:dollar 24:dollar -:dollar 69:lawn 5:dollar *:dollar =:dollar
EXPR: 0 | POS | INT | 14 | 9 | 88 | 69=((x+5)-24) | 69 x 5 + 24 - = | 69:dollar x:dollar 5:dollar +:dollar 24:dollar -:dollar =:dollar
EXPR: 0 | POS | INT | 14 | 9 | 369 | (69*5)=(x-24) | 69 5 * x 24 - = | 69:lawn 5:dollar *:dollar x:dollar 24:dollar -:dollar =:dollar
EXPR: 0 | POS | INT | 14 | 9 | 321 | (69*5)=(x+24) | 69 5 * x 24 + = | 69:lawn 5:dollar *:dollar x:dollar 24:dollar +:dollar =:dollar
EXPR: 0 | POS | INT | 14 | 9 | 321 | (x+24)=(69*5) | x 24 + 69 5 * = | x:dollar 24:dollar +:dollar 69:lawn 5:dollar *:dollar =:dollar
EXPR: 0 | POS | INT | 14 | 9 | 98 | ((x-69)-5)=24 | x 69 - 5 - 24 = | x:dollar 69:dollar -:dollar 5:dollar -:dollar 24:dollar =:dollar
EXPR: 0 | POS | INT | 14 | 9 | 98 | 24=(x-(69+5)) | 24 x 69 5 + - = | 24:dollar x:dollar 69:dollar 5:dollar +:dollar -:dollar =:dollar
EXPR: 0 | POS | INT | 14 | 9 | 321 | (69*5)=(24+x) | 69 5 * 24 x + = | 69:lawn 5:dollar *:dollar 24:dollar x:dollar +:dollar =:dollar
EXPR: 0 | POS | INT | 14 | 9 | 88 | ((24-x)+69)=5 | 24 x - 69 + 5 = | 24:dollar x:dollar -:dollar 69:dollar +:dollar 5:dollar =:dollar
EXPR: 0 | POS | INT | 14 | 9 | 40 | 69=((x+5)+24) | 69 x 5 + 24 + = | 69:dollar x:dollar 5:dollar +:dollar 24:dollar +:dollar =:dollar
EXPR: 0 | POS | INT | 14 | 9 | 88 | ((x-69)+5)=24 | x 69 - 5 + 24 = | x:dollar 69:dollar -:dollar 5:dollar +:dollar 24:dollar =:dollar
EXPR: 0 | POS | INT | 14 | 9 | 1536 | 24=(x/(69-5)) | 24 x 69 5 - / = | 24:dollar x:dollar 69:lawn 5:lawn -:lawn /:dollar =:dollar
EXPR: 0 | POS | INT | 14 | 9 | 1536 | (x/(69-5))=24 | x 69 5 - / 24 = | x:dollar 69:lawn 5:lawn -:lawn /:dollar 24:dollar =:dollar
EXPR: 0 | POS | INT | 14 | 9 | 50 | 24=(69+(5-x)) | 24 69 5 x - + = | 24:dollar 69:dollar 5:dollar x:dollar -:dollar +:dollar =:dollar
EXPR: 0 | POS | INT | 14 | 9 | 50 | ((24+x)-69)=5 | 24 x + 69 - 5 = | 24:dollar x:dollar +:dollar 69:dollar -:dollar 5:dollar =:dollar
EXPR: 0 | POS | INT | 14 | 9 | 50 | 24=(69-(x-5)) | 24 69 x 5 - - = | 24:dollar 69:dollar x:dollar 5:dollar -:dollar -:dollar =:dollar
EXPR: 0 | POS | INT | 14 | 9 | 88 | (x-(69-5))=24 | x 69 5 - - 24 = | x:dollar 69:dollar 5:dollar -:dollar -:dollar 24:dollar =:dollar
EXPR: 0 | POS | INT | 14 | 9 | 40 | 24=(69-(5+x)) | 24 69 5 x + - = | 24:dollar 69:dollar 5:dollar x:dollar +:dollar -:dollar =:dollar
EXPR: 0 | POS | INT | 14 | 9 | 88 | (24-(x-69))=5 | 24 x 69 - - 5 = | 24:dollar x:dollar 69:dollar -:dollar -:dollar 5:dollar =:dollar
EXPR: 0 | POS | INT | 14 | 9 | 50 | 24=((69-x)+5) | 24 69 x - 5 + = | 24:dollar 69:dollar x:dollar -:dollar 5:dollar +:dollar =:dollar
EXPR: 0 | POS | INT | 14 | 9 | 1776 | 24=(x/(69+5)) | 24 x 69 5 + / = | 24:dollar x:dollar 69:lawn 5:lawn +:lawn /:dollar =:dollar
EXPR: 0 | POS | INT | 14 | 9 | 98 | 24=((x-69)-5) | 24 x 69 - 5 - = | 24:dollar x:dollar 69:dollar -:dollar 5:dollar -:dollar =:dollar
EXPR: 0 | POS | INT | 14 | 9 | 88 | 69=((5+x)-24) | 69 5 x + 24 - = | 69:dollar 5:dollar x:dollar +:dollar 24:dollar -:dollar =:dollar
EXPR: 0 | POS | INT | 14 | 9 | 88 | 69=(x+(5-24)) | 69 x 5 24 - + = | 69:dollar x:dollar 5:dollar 24:dollar -:dollar +:dollar =:dollar
EXPR: 0 | POS | INT | 14 | 9 | 40 | 69=((5+x)+24) | 69 5 x + 24 + = | 69:dollar 5:dollar x:dollar +:dollar 24:dollar +:dollar =:dollar
EXPR: 0 | POS | INT | 14 | 9 | 40 | 69=(5+(24+x)) | 69 5 24 x + + = | 69:dollar 5:dollar 24:dollar x:dollar +:dollar +:dollar =:dollar
EXPR: 0 | POS | INT | 14 | 9 | 88 | 69=(5-(24-x)) | 69 5 24 x - - = | 69:dollar 5:dollar 24:dollar x:dollar -:dollar -:dollar =:dollar
EXPR: 0 | POS | INT | 14 | 9 | 50 | ((69-x)+5)=24 | 69 x - 5 + 24 = | 69:dollar x:dollar -:dollar 5:dollar +:dollar 24:dollar =:dollar
EXPR: 0 | POS | INT | 14 | 9 | 50 | (24+(x-69))=5 | 24 x 69 - + 5 = | 24:dollar x:dollar 69:dollar -:dollar +:dollar 5:dollar =:dollar
EXPR: 0 | POS | INT | 14 | 9 | 40 | 24=((69-x)-5) | 24 69 x - 5 - = | 24:dollar 69:dollar x:dollar -:dollar 5:dollar -:dollar =:dollar
EXPR: 0 | POS | INT | 14 | 9 | 1776 | (x/(69+5))=24 | x 69 5 + / 24 = | x:dollar 69:lawn 5:lawn +:lawn /:dollar 24:dollar =:dollar
EXPR: 0 | POS | INT | 14 | 9 | 40 | 24=(69-(x+5)) | 24 69 x 5 + - = | 24:dollar 69:dollar x:dollar 5:dollar +:dollar -:dollar =:dollar
EXPR: 0 | POS | INT | 14 | 9 | 50 | 69=((x-5)+24) | 69 x 5 - 24 + = | 69:dollar x:dollar 5:dollar -:dollar 24:dollar +:dollar =:dollar
EXPR: 0 | POS | INT | 14 | 9 | 88 | 69=((5-24)+x) | 69 5 24 - x + = | 69:dollar 5:dollar 24:dollar -:dollar x:dollar +:dollar =:dollar
EXPR: 0 | POS | INT | 14 | 9 | 50 | 69=(x-(5-24)) | 69 x 5 24 - - = | 69:dollar x:dollar 5:dollar 24:dollar -:dollar -:dollar =:dollar
EXPR: 0 | POS | INT | 14 | 9 | 98 | 69=((x-5)-24) | 69 x 5 - 24 - = | 69:dollar x:dollar 5:dollar -:dollar 24:dollar -:dollar =:dollar
EXPR: 0 | POS | INT | 14 | 9 | 40 | 69=(5+(x+24)) | 69 5 x 24 + + = | 69:dollar 5:dollar x:dollar 24:dollar +:dollar +:dollar =:dollar
EXPR: 0 | POS | INT | 14 | 9 | 321 | (24+x)=(69*5) | 24 x + 69 5 * = | 24:dollar x:dollar +:dollar 69:lawn 5:dollar *:dollar =:dollar
EXPR: 0 | POS | INT | 14 | 9 | 88 | 24=((x-69)+5) | 24 x 69 - 5 + = | 24:dollar x:dollar 69:dollar -:dollar 5:dollar +:dollar =:dollar
EXPR: 0 | POS | INT | 14 | 9 | 88 | (24+(69-x))=5 | 24 69 x - + 5 = | 24:dollar 69:dollar x:dollar -:dollar +:dollar 5:dollar =:dollar
EXPR: 0 | POS | INT | 14 | 9 | 88 | 69=(5+(x-24)) | 69 5 x 24 - + = | 69:dollar 5:dollar x:dollar 24:dollar -:dollar +:dollar =:dollar
EXPR: 0 | POS | INT | 14 | 9 | 50 | 24=((69+5)-x) | 24 69 5 + x - = | 24:dollar 69:dollar 5:dollar +:dollar x:dollar -:dollar =:dollar
EXPR: 0 | POS | INT | 14 | 9 | 40 | ((69-x)-5)=24 | 69 x - 5 - 24 = | 69:dollar x:dollar -:dollar 5:dollar -:dollar 24:dollar =:dollar
EXPR: 0 | POS | INT | 14 | 9 | 40 | ((69-5)-x)=24 | 69 5 - x - 24 = | 69:dollar 5:dollar -:dollar x:dollar -:dollar 24:dollar =:dollar
EXPR: 0 | POS | INT | 14 | 9 | 40 | 24=((69-5)-x) | 24 69 5 - x - = | 24:dollar 69:dollar 5:dollar -:dollar x:dollar -:dollar =:dollar
EXPR: 0 | POS | INT | 14 | 9 | 50 | (69+(5-x))=24 | 69 5 x - + 24 = | 69:dollar 5:dollar x:dollar -:dollar +:dollar 24:dollar =:dollar
EXPR: 0 | POS | INT | 14 | 9 | 88 | 24=(x-(69-5)) | 24 x 69 5 - - = | 24:dollar x:dollar 69:dollar 5:dollar -:dollar -:dollar =:dollar
EXPR: 0 | POS | INT | 14 | 9 | 50 | ((24-69)+x)=5 | 24 69 - x + 5 = | 24:dollar 69:dollar -:dollar x:dollar +:dollar 5:dollar =:dollar
EXPR: 0 | POS | INT | 14 | 9 | 50 | ((69+5)-x)=24 | 69 5 + x - 24 = | 69:dollar 5:dollar +:dollar x:dollar -:dollar 24:dollar =:dollar
EXPR: 0 | POS | INT | 14 | 9 | 50 | (24-(69-x))=5 | 24 69 x - - 5 = | 24:dollar 69:dollar x:dollar -:dollar -:dollar 5:dollar =:dollar
EXPR: 0 | POS | INT | 14 | 9 | 98 | ((x-24)-69)=5 | x 24 - 69 - 5 = | x:dollar 24:dollar -:dollar 69:dollar -:dollar 5:dollar =:dollar
EXPR: 0 | POS | INT | 14 | 9 | 50 | (x+(24-69))=5 | x 24 69 - + 5 = | x:dollar 24:dollar 69:dollar -:dollar +:dollar 5:dollar =:dollar
EXPR: 0 | POS | INT | 15 | 9 | 88 | (24-(5-69))=x | 24 5 69 - - x = | 24:dollar 5:dollar 69:dollar -:dollar -:dollar x:dollar =:dollar
EXPR: 0 | POS | INT | 15 | 9 | 50 | x=(5+(69-24)) | x 5 69 24 - + = | x:dollar 5:dollar 69:dollar 24:dollar -:dollar +:dollar =:dollar
EXPR: 0 | POS | INT | 15 | 9 | 98 | (5+(69+24))=x | 5 69 24 + + x = | 5:dollar 69:dollar 24:dollar +:dollar +:dollar x:dollar =:dollar
EXPR: 0 | POS | INT | 15 | 9 | 98 | x=((24+5)+69) | x 24 5 + 69 + = | x:dollar 24:dollar 5:dollar +:dollar 69:dollar +:dollar =:dollar
EXPR: 0 | POS | INT | 15 | 9 | 88 | x=(24-(5-69)) | x 24 5 69 - - = | x:dollar 24:dollar 5:dollar 69:dollar -:dollar -:dollar =:dollar
EXPR: 0 | POS | INT | 15 | 9 | 98 | x=(5+(69+24)) | x 5 69 24 + + = | x:dollar 5:dollar 69:dollar 24:dollar +:dollar +:dollar =:dollar
EXPR: 0 | POS | INT | 15 | 9 | 88 | ((24-5)+69)=x | 24 5 - 69 + x = | 24:dollar 5:dollar -:dollar 69:dollar +:dollar x:dollar =:dollar
EXPR: 0 | POS | INT | 15 | 9 | 465 | (5*(69+24))=x | 5 69 24 + * x = | 5:dollar 69:lawn 24:lawn +:lawn *:dollar x:dollar =:dollar
EXPR: 0 | POS | INT | 15 | 9 | 465 | x=(5*(69+24)) | x 5 69 24 + * = | x:dollar 5:dollar 69:lawn 24:lawn +:lawn *:dollar =:dollar
EXPR: 0 | POS | INT | 15 | 9 | 225 | x=(5*(69-24)) | x 5 69 24 - * = | x:dollar 5:dollar 69:lawn 24:lawn -:lawn *:dollar =:dollar
EXPR: 0 | POS | INT | 15 | 9 | 88 | x=((24-5)+69) | x 24 5 - 69 + = | x:dollar 24:dollar 5:dollar -:dollar 69:dollar +:dollar =:dollar
EXPR: 0 | POS | INT | 15 | 9 | 50 | (5+(69-24))=x | 5 69 24 - + x = | 5:dollar 69:dollar 24:dollar -:dollar +:dollar x:dollar =:dollar
EXPR: 0 | POS | INT | 15 | 9 | 98 | ((24+5)+69)=x | 24 5 + 69 + x = | 24:dollar 5:dollar +:dollar 69:dollar +:dollar x:dollar =:dollar
EXPR: 0 | POS | INT | 17 | 9 | 50 | x=((5-24)+69) | x 5 24 - 69 + = | x:dollar 5:dollar 24:dollar -:dollar 69:dollar +:dollar =:dollar
EXPR: 0 | POS | INT | 17 | 9 | 88 | 24=((x+5)-69) | 24 x 5 + 69 - = | 24:dollar x:dollar 5:dollar +:dollar 69:dollar -:dollar =:dollar
EXPR: 0 | POS | INT | 17 | 9 | 2001 | (x/(24+5))=69 | x 24 5 + / 69 = | x:lawn 24:dollar 5:dollar +:dollar /:lawn 69:lawn =:lawn
EXPR: 0 | POS | INT | 17 | 9 | 88 | 5=((69-x)+24) | 5 69 x - 24 + = | 5:dollar 69:dollar x:dollar -:dollar 24:dollar +:dollar =:dollar
EXPR: 0 | POS | INT | 17 | 9 | 88 | 24=((5+x)-69) | 24 5 x + 69 - = | 24:dollar 5:dollar x:dollar +:dollar 69:dollar -:dollar =:dollar
EXPR: 0 | POS | INT | 17 | 9 | 40 | (x+(24+5))=69 | x 24 5 + + 69 = | x:dollar 24:dollar 5:dollar +:dollar +:dollar 69:dollar =:dollar
EXPR: 0 | POS | INT | 17 | 9 | 98 | 5=((x-69)-24) | 5 x 69 - 24 - = | 5:dollar x:dollar 69:dollar -:dollar 24:dollar -:dollar =:dollar
EXPR: 0 | POS | INT | 17 | 9 | 50 | 5=((x-69)+24) | 5 x 69 - 24 + = | 5:dollar x:dollar 69:dollar -:dollar 24:dollar +:dollar =:dollar
EXPR: 0 | POS | INT | 17 | 9 | 1661 | (x-5)=(69*24) | x 5 - 69 24 * = | x:dollar 5:dollar -:dollar 69:lawn 24:dollar *:dollar =:dollar
EXPR: 0 | POS | INT | 17 | 9 | 40 | 5=(69-(x+24)) | 5 69 x 24 + - = | 5:dollar 69:dollar x:dollar 24:dollar +:dollar -:dollar =:dollar
EXPR: 0 | POS | INT | 17 | 9 | 40 | (24+(5+x))=69 | 24 5 x + + 69 = | 24:dollar 5:dollar x:dollar +:dollar +:dollar 69:dollar =:dollar
EXPR: 0 | POS | INT | 17 | 9 | 88 | (5+(x-69))=24 | 5 x 69 - + 24 = | 5:dollar x:dollar 69:dollar -:dollar +:dollar 24:dollar =:dollar
EXPR: 0 | POS | INT | 17 | 9 | 1651 | (x+5)=(69*24) | x 5 + 69 24 * = | x:dollar 5:dollar +:dollar 69:lawn 24:dollar *:dollar =:dollar
EXPR: 0 | POS | INT | 17 | 9 | 40 | 5=((69-x)-24) | 5 69 x - 24 - = | 5:dollar 69:dollar x:dollar -:dollar 24:dollar -:dollar =:dollar
EXPR: 0 | POS | INT | 17 | 9 | 98 | (x-(24+5))=69 | x 24 5 + - 69 = | x:dollar 24:dollar 5:dollar +:dollar -:dollar 69:dollar =:dollar
EXPR: 0 | POS | INT | 17 | 9 | 88 | ((5-69)+x)=24 | 5 69 - x + 24 = | 5:dollar 69:dollar -:dollar x:dollar +:dollar 24:dollar =:dollar
EXPR: 0 | POS | INT | 17 | 9 | 50 | 24=(5-(x-69)) | 24 5 x 69 - - = | 24:dollar 5:dollar x:dollar 69:dollar -:dollar -:dollar =:dollar
EXPR: 0 | POS | INT | 17 | 9 | 50 | 24=((5-x)+69) | 24 5 x - 69 + = | 24:dollar 5:dollar x:dollar -:dollar 69:dollar +:dollar =:dollar
EXPR: 0 | POS | INT | 17 | 9 | 98 | 5=(x-(69+24)) | 5 x 69 24 + - = | 5:dollar x:dollar 69:dollar 24:dollar +:dollar -:dollar =:dollar
EXPR: 0 | POS | INT | 17 | 9 | 225 | 5=(x/(69-24)) | 5 x 69 24 - / = | 5:dollar x:dollar 69:lawn 24:lawn -:lawn /:dollar =:dollar
EXPR: 0 | POS | INT | 17 | 9 | 465 | 5=(x/(69+24)) | 5 x 69 24 + / = | 5:dollar x:dollar 69:lawn 24:lawn +:lawn /:dollar =:dollar
EXPR: 0 | POS | INT | 17 | 9 | 50 | 5=(x-(69-24)) | 5 x 69 24 - - = | 5:dollar x:dollar 69:dollar 24:dollar -:dollar -:dollar =:dollar
EXPR: 0 | POS | INT | 17 | 9 | 88 | 24=(5+(x-69)) | 24 5 x 69 - + = | 24:dollar 5:dollar x:dollar 69:dollar -:dollar +:dollar =:dollar
EXPR: 0 | POS | INT | 17 | 9 | 98 | 24=((x-5)-69) | 24 x 5 - 69 - = | 24:dollar x:dollar 5:dollar -:dollar 69:dollar -:dollar =:dollar
EXPR: 0 | POS | INT | 17 | 9 | 88 | 24=(x+(5-69)) | 24 x 5 69 - + = | 24:dollar x:dollar 5:dollar 69:dollar -:dollar +:dollar =:dollar
EXPR: 0 | POS | INT | 17 | 9 | 50 | ((24-5)+x)=69 | 24 5 - x + 69 = | 24:dollar 5:dollar -:dollar x:dollar +:dollar 69:dollar =:dollar
EXPR: 0 | POS | INT | 17 | 9 | 1311 | (24-5)=(x/69) | 24 5 - x 69 / = | 24:dollar 5:dollar -:dollar x:dollar 69:lawn /:dollar =:dollar
EXPR: 0 | POS | INT | 17 | 9 | 88 | (x-(24-5))=69 | x 24 5 - - 69 = | x:dollar 24:dollar 5:dollar -:dollar -:dollar 69:dollar =:dollar
EXPR: 0 | POS | INT | 17 | 9 | 40 | 5=(69-(24+x)) | 5 69 24 x + - = | 5:dollar 69:dollar 24:dollar x:dollar +:dollar -:dollar =:dollar
EXPR: 0 | POS | INT | 17 | 9 | 88 | 5=(69-(x-24)) | 5 69 x 24 - - = | 5:dollar 69:dollar x:dollar 24:dollar -:dollar -:dollar =:dollar
EXPR: 0 | POS | INT | 17 | 9 | 88 | 5=(69+(24-x)) | 5 69 24 x - + = | 5:dollar 69:dollar 24:dollar x:dollar -:dollar +:dollar =:dollar
EXPR: 0 | POS | INT | 17 | 9 | 50 | 24=(5+(69-x)) | 24 5 69 x - + = | 24:dollar 5:dollar 69:dollar x:dollar -:dollar +:dollar =:dollar
EXPR: 0 | POS | INT | 17 | 9 | 88 | ((x-24)+5)=69 | x 24 - 5 + 69 = | x:dollar 24:dollar -:dollar 5:dollar +:dollar 69:dollar =:dollar
EXPR: 0 | POS | INT | 17 | 9 | 50 | x=(5-(24-69)) | x 5 24 69 - - = | x:dollar 5:dollar 24:dollar 69:dollar -:dollar -:dollar =:dollar
EXPR: 0 | POS | INT | 17 | 9 | 50 | (x+(24-5))=69 | x 24 5 - + 69 = | x:dollar 24:dollar 5:dollar -:dollar +:dollar 69:dollar =:dollar
EXPR: 0 | POS | INT | 17 | 9 | 98 | ((x-24)-5)=69 | x 24 - 5 - 69 = | x:dollar 24:dollar -:dollar 5:dollar -:dollar 69:dollar =:dollar
EXPR: 0 | POS | INT | 17 | 9 | 50 | ((5-x)+69)=24 | 5 x - 69 + 24 = | 5:dollar x:dollar -:dollar 69:dollar +:dollar 24:dollar =:dollar
EXPR: 0 | POS | INT | 17 | 9 | 88 | ((5+x)-69)=24 | 5 x + 69 - 24 = | 5:dollar x:dollar +:dollar 69:dollar -:dollar 24:dollar =:dollar
EXPR: 0 | POS | INT | 17 | 9 | 50 | ((5-24)+69)=x | 5 24 - 69 + x = | 5:dollar 24:dollar -:dollar 69:dollar +:dollar x:dollar =:dollar
EXPR: 0 | POS | INT | 17 | 9 | 40 | ((24+5)+x)=69 | 24 5 + x + 69 = | 24:dollar 5:dollar +:dollar x:dollar +:dollar 69:dollar =:dollar
EXPR: 0 | POS | INT | 17 | 9 | 1651 | (5+x)=(69*24) | 5 x + 69 24 * = | 5:dollar x:dollar +:dollar 69:lawn 24:dollar *:dollar =:dollar
EXPR: 0 | POS | INT | 17 | 9 | 88 | 24=((5-69)+x) | 24 5 69 - x + = | 24:dollar 5:dollar 69:dollar -:dollar x:dollar +:dollar =:dollar
EXPR: 0 | POS | INT | 17 | 9 | 40 | (24+(x+5))=69 | 24 x 5 + + 69 = | 24:dollar x:dollar 5:dollar +:dollar +:dollar 69:dollar =:dollar
EXPR: 0 | POS | INT | 17 | 9 | 50 | ((x+24)-5)=69 | x 24 + 5 - 69 = | x:dollar 24:dollar +:dollar 5:dollar -:dollar 69:dollar =:dollar
EXPR: 0 | POS | INT | 17 | 9 | 50 | (5+(69-x))=24 | 5 69 x - + 24 = | 5:dollar 69:dollar x:dollar -:dollar +:dollar 24:dollar =:dollar
EXPR: 0 | POS | INT | 17 | 9 | 40 | ((x+24)+5)=69 | x 24 + 5 + 69 = | x:dollar 24:dollar +:dollar 5:dollar +:dollar 69:dollar =:dollar
EXPR: 0 | POS | INT | 17 | 9 | 50 | (24+(x-5))=69 | 24 x 5 - + 69 = | 24:dollar x:dollar 5:dollar -:dollar +:dollar 69:dollar =:dollar
EXPR: 0 | POS | INT | 17 | 9 | 88 | 24=(5-(69-x)) | 24 5 69 x - - = | 24:dollar 5:dollar 69:dollar x:dollar -:dollar -:dollar =:dollar
EXPR: 0 | POS | INT | 17 | 9 | 40 | ((24+x)+5)=69 | 24 x + 5 + 69 = | 24:dollar x:dollar +:dollar 5:dollar +:dollar 69:dollar =:dollar
EXPR: 0 | POS | INT | 17 | 9 | 2001 | (24+5)=(x/69) | 24 5 + x 69 / = | 24:dollar 5:dollar +:dollar x:dollar 69:lawn /:dollar =:dollar
EXPR: 0 | POS | INT | 17 | 9 | 50 | (5-(24-69))=x | 5 24 69 - - x = | 5:dollar 24:dollar 69:dollar -:dollar -:dollar x:dollar =:dollar
EXPR: 0 | POS | INT | 17 | 9 | 1311 | (x/(24-5))=69 | x 24 5 - / 69 = | x:lawn 24:dollar 5:dollar -:dollar /:lawn 69:lawn =:lawn
EXPR: 0 | POS | INT | 17 | 9 | 50 | (24-(5-x))=69 | 24 5 x - - 69 = | 24:dollar 5:dollar x:dollar -:dollar -:dollar 69:dollar =:dollar
EXPR: 0 | POS | INT | 17 | 9 | 88 | (5-(69-x))=24 | 5 69 x - - 24 = | 5:dollar 69:dollar x:dollar -:dollar -:dollar 24:dollar =:dollar
EXPR: 0 | POS | INT | 17 | 9 | 40 | 5=((69-24)-x) | 5 69 24 - x - = | 5:dollar 69:dollar 24:dollar -:dollar x:dollar -:dollar =:dollar
EXPR: 0 | POS | INT | 17 | 9 | 50 | ((24+x)-5)=69 | 24 x + 5 - 69 = | 24:dollar x:dollar +:dollar 5:dollar -:dollar 69:dollar =:dollar
EXPR: 0 | POS | INT | 17 | 9 | 88 | (x+(5-69))=24 | x 5 69 - + 24 = | x:dollar 5:dollar 69:dollar -:dollar +:dollar 24:dollar =:dollar
EXPR: 0 | POS | INT | 17 | 9 | 98 | ((x-5)-69)=24 | x 5 - 69 - 24 = | x:dollar 5:dollar -:dollar 69:dollar -:dollar 24:dollar =:dollar
EXPR: 0 | POS | INT | 19 | 9 | 50 | 5=((x+24)-69) | 5 x 24 + 69 - = | 5:dollar x:dollar 24:dollar +:dollar 69:dollar -:dollar =:dollar
EXPR: 0 | POS | INT | 19 | 9 | 98 | ((x-5)-24)=69 | x 5 - 24 - 69 = | x:dollar 5:dollar -:dollar 24:dollar -:dollar 69:dollar =:dollar
EXPR: 0 | POS | INT | 19 | 9 | 40 | (5+(x+24))=69 | 5 x 24 + + 69 = | 5:dollar x:dollar 24:dollar +:dollar +:dollar 69:dollar =:dollar
EXPR: 0 | POS | INT | 19 | 9 | 88 | 5=((24-x)+69) | 5 24 x - 69 + = | 5:dollar 24:dollar x:dollar -:dollar 69:dollar +:dollar =:dollar
EXPR: 0 | POS | INT | 19 | 9 | 88 | ((x+5)-24)=69 | x 5 + 24 - 69 = | x:dollar 5:dollar +:dollar 24:dollar -:dollar 69:dollar =:dollar
EXPR: 0 | POS | INT | 19 | 9 | 40 | (5+(24+x))=69 | 5 24 x + + 69 = | 5:dollar 24:dollar x:dollar +:dollar +:dollar 69:dollar =:dollar
EXPR: 0 | POS | INT | 19 | 9 | 50 | ((x-5)+24)=69 | x 5 - 24 + 69 = | x:dollar 5:dollar -:dollar 24:dollar +:dollar 69:dollar =:dollar
EXPR: 0 | POS | INT | 19 | 9 | 88 | ((5+x)-24)=69 | 5 x + 24 - 69 = | 5:dollar x:dollar +:dollar 24:dollar -:dollar 69:dollar =:dollar
EXPR: 0 | POS | INT | 19 | 9 | 40 | ((5+x)+24)=69 | 5 x + 24 + 69 = | 5:dollar x:dollar +:dollar 24:dollar +:dollar 69:dollar =:dollar
EXPR: 0 | POS | INT | 19 | 9 | 40 | ((x+5)+24)=69 | x 5 + 24 + 69 = | x:dollar 5:dollar +:dollar 24:dollar +:dollar 69:dollar =:dollar
EXPR: 0 | POS | INT | 19 | 9 | 88 | ((5-24)+x)=69 | 5 24 - x + 69 = | 5:dollar 24:dollar -:dollar x:dollar +:dollar 69:dollar =:dollar
EXPR: 0 | POS | INT | 19 | 9 | 98 | 5=((x-24)-69) | 5 x 24 - 69 - = | 5:dollar x:dollar 24:dollar -:dollar 69:dollar -:dollar =:dollar
EXPR: 0 | POS | INT | 19 | 9 | 88 | (x+(5-24))=69 | x 5 24 - + 69 = | x:dollar 5:dollar 24:dollar -:dollar +:dollar 69:dollar =:dollar
EXPR: 0 | POS | INT | 19 | 9 | 50 | 5=(x+(24-69)) | 5 x 24 69 - + = | 5:dollar x:dollar 24:dollar 69:dollar -:dollar +:dollar =:dollar
EXPR: 0 | POS | INT | 19 | 9 | 88 | (5+(x-24))=69 | 5 x 24 - + 69 = | 5:dollar x:dollar 24:dollar -:dollar +:dollar 69:dollar =:dollar
EXPR: 0 | POS | INT | 19 | 9 | 50 | 5=(24-(69-x)) | 5 24 69 x - - = | 5:dollar 24:dollar 69:dollar x:dollar -:dollar -:dollar =:dollar
EXPR: 0 | POS | INT | 19 | 9 | 50 | (x-(5-24))=69 | x 5 24 - - 69 = | x:dollar 5:dollar 24:dollar -:dollar -:dollar 69:dollar =:dollar
EXPR: 0 | POS | INT | 19 | 9 | 50 | 5=((24+x)-69) | 5 24 x + 69 - = | 5:dollar 24:dollar x:dollar +:dollar 69:dollar -:dollar =:dollar
EXPR: 0 | POS | INT | 19 | 9 | 50 | 5=(24+(x-69)) | 5 24 x 69 - + = | 5:dollar 24:dollar x:dollar 69:dollar -:dollar +:dollar =:dollar
EXPR: 0 | POS | INT | 19 | 9 | 88 | 5=(24-(x-69)) | 5 24 x 69 - - = | 5:dollar 24:dollar x:dollar 69:dollar -:dollar -:dollar =:dollar
EXPR: 0 | POS | INT | 19 | 9 | 88 | 5=(24+(69-x)) | 5 24 69 x - + = | 5:dollar 24:dollar 69:dollar x:dollar -:dollar +:dollar =:dollar
EXPR: 0 | POS | INT | 19 | 9 | 50 | 5=((24-69)+x) | 5 24 69 - x + = | 5:dollar 24:dollar 69:dollar -:dollar x:dollar +:dollar =:dollar
EXPR: 0 | POS | INT | 19 | 9 | 88 | (5-(24-x))=69 | 5 24 x - - 69 = | 5:dollar 24:dollar x:dollar -:dollar -:dollar 69:dollar =:dollar
EXPR: 0 | POS | INT | 20 | 9 | 189 | (69+(24*5))=x | 69 24 5 * + x = | 69:lawn 24:lawn 5:dollar *:lawn +:lawn x:lawn =:lawn
EXPR: 0 | POS | INT | 20 | 9 | 189 | x=(69+(24*5)) | x 69 24 5 * + = | x:dollar 69:dollar 24:lawn 5:dollar *:dollar +:dollar =:dollar
EXPR: 1 | POS | INT | 20 | 9 | 9 | ((69-24)/5)=x | 69 24 - 5 / x = | 69:lawn 24:lawn -:lawn 5:dollar /:lawn x:lawn =:lawn
EXPR: 1 | POS | INT | 20 | 9 | 9 | x=((69-24)/5) | x 69 24 - 5 / = | x:dollar 69:dollar 24:dollar -:dollar 5:lawn /:dollar =:dollar
NET 280 unique, non-negative, integer-valued solutions found out of 1000 total solutions
