parameters: n=7 l=3 k=1 p=5 q=2 m=9
TOTAL 1000 solutions found
SOLN: CORRECT | POS/NEG | INT/FRA | OBJ-SCORE | TRUE-ANS | ANS | INFIX | POSTFIX | TYPED-POSTFIX
EXPR: 0 | POS | INT | 0 | 3 | 397 | x=(68+(47*7)) | x 68 47 7 * + = | x:dollar 68:dollar 47:buck 7:dollar *:dollar +:dollar =:dollar
EXPR: 0 | POS | INT | 0 | 3 | 3203 | ((68*47)+7)=x | 68 47 * 7 + x = | 68:dollar 47:buck *:dollar 7:dollar +:dollar x:dollar =:dollar
EXPR: 0 | POS | INT | 0 | 3 | 397 | (68+(47*7))=x | 68 47 7 * + x = | 68:dollar 47:buck 7:dollar *:dollar +:dollar x:dollar =:dollar
EXPR: 0 | POS | INT | 0 | 3 | 3189 | ((68*47)-7)=x | 68 47 * 7 - x = | 68:dollar 47:buck *:dollar 7:dollar -:dollar x:dollar =:dollar
EXPR: 0 | POS | INT | 0 | 3 | 3203 | x=((68*47)+7) | x 68 47 * 7 + = | x:dollar 68:dollar 47:buck *:dollar 7:dollar +:dollar =:dollar
EXPR: 0 | POS | INT | 0 | 3 | 3189 | x=((68*47)-7) | x 68 47 * 7 - = | x:dollar 68:dollar 47:buck *:dollar 7:dollar -:dollar =:dollar
EXPR: 0 | POS | INT | 2 | 3 | 2867 | ((68-7)*47)=x | 68 7 - 47 * x = | 68:dollar 7:dollar -:dollar 47:buck *:dollar x:dollar =:dollar
EXPR: 0 | POS | INT | 2 | 3 | 2867 | 68=((x/47)+7) | 68 x 47 / 7 + = | 68:dollar x:dollar 47:buck /:dollar 7:dollar +:dollar =:dollar
EXPR: 0 | POS | INT | 2 | 3 | 2867 | x=((68-7)*47) | x 68 7 - 47 * = | x:dollar 68:dollar 7:dollar -:dollar 47:buck *:dollar =:dollar
EXPR: 0 | POS | INT | 2 | 3 | 3525 | (47*(68+7))=x | 47 68 7 + * x = | 47:buck 68:dollar 7:dollar +:dollar *:dollar x:dollar =:dollar
EXPR: 0 | POS | INT | 2 | 3 | 3525 | 68=((x/47)-7) | 68 x 47 / 7 - = | 68:dollar x:dollar 47:buck /:dollar 7:dollar -:dollar =:dollar
EXPR: 0 | POS | INT | 2 | 3 | 3203 | (x-(68*47))=7 | x 68 47 * - 7 = | x:dollar 68:dollar 47:buck *:dollar -:dollar 7:dollar =:dollar
EXPR: 0 | POS | INT | 2 | 3 | 261 | 68=((47*7)-x) | 68 47 7 * x - = | 68:dollar 47:buck 7:dollar *:dollar x:dollar -:dollar =:dollar
EXPR: 0 | POS | INT | 2 | 3 | 3525 | x=((68+7)*47) | x 68 7 + 47 * = | x:dollar 68:dollar 7:dollar +:dollar 47:buck *:dollar =:dollar
EXPR: 0 | POS | INT | 2 | 3 | 3525 | x=(47*(68+7)) | x 47 68 7 + * = | x:dollar 47:buck 68:dollar 7:dollar +:dollar *:dollar =:dollar
EXPR: 0 | POS | INT | 2 | 3 | 2867 | x=(47*(68-7)) | x 47 68 7 - * = | x:dollar 47:buck 68:dollar 7:dollar -:dollar *:dollar =:dollar
EXPR: 0 | POS | INT | 2 | 3 | 2867 | (47*(68-7))=x | 47 68 7 - * x = | 47:buck 68:dollar 7:dollar -:dollar *:dollar x:dollar =:dollar
EXPR: 0 | POS | INT | 2 | 3 | 3189 | ((68*47)-x)=7 | 68 47 * x - 7 = | 68:dollar 47:buck *:dollar x:dollar -:dollar 7:dollar =:dollar
EXPR: 0 | POS | INT | 2 | 3 | 2867 | (68-(x/47))=7 | 68 x 47 / - 7 = | 68:dollar x:dollar 47:buck /:dollar -:dollar 7:dollar =:dollar
EXPR: 0 | POS | INT | 2 | 3 | 397 | 68=(x-(47*7)) | 68 x 47 7 * - = | 68:dollar x:dollar 47:buck 7:dollar *:dollar -:dollar =:dollar
EXPR: 0 | POS | INT | 2 | 3 | 261 | ((68+x)/47)=7 | 68 x + 47 / 7 = | 68:dollar x:dollar +:dollar 47:buck /:dollar 7:dollar =:dollar
EXPR: 0 | POS | INT | 2 | 3 | 397 | ((x-68)/47)=7 | x 68 - 47 / 7 = | x:dollar 68:dollar -:dollar 47:buck /:dollar 7:dollar =:dollar
EXPR: 0 | POS | INT | 2 | 3 | 261 | ((x+68)/47)=7 | x 68 + 47 / 7 = | x:dollar 68:dollar +:dollar 47:buck /:dollar 7:dollar =:dollar
EXPR: 0 | POS | INT | 2 | 3 | 3525 | ((68+7)*47)=x | 68 7 + 47 * x = | 68:dollar 7:dollar +:dollar 47:buck *:dollar x:dollar =:dollar
EXPR: 0 | POS | INT | 4 | 3 | 3525 | ((x/47)-68)=7 | x 47 / 68 - 7 = | x:dollar 47:buck /:dollar 68:dollar -:dollar 7:dollar =:dollar
EXPR: 0 | POS | INT | 4 | 3 | 3189 | 68=((x+7)/47) | 68 x 7 + 47 / = | 68:dollar x:dollar 7:dollar +:dollar 47:buck /:dollar =:dollar
EXPR: 0 | POS | INT | 4 | 3 | 2867 | 68=(7+(x/47)) | 68 7 x 47 / + = | 68:dollar 7:dollar x:dollar 47:buck /:dollar +:dollar =:dollar
EXPR: 0 | POS | INT | 4 | 3 | 3203 | 68=((x-7)/47) | 68 x 7 - 47 / = | 68:dollar x:dollar 7:dollar -:dollar 47:buck /:dollar =:dollar
EXPR: 0 | POS | INT | 4 | 3 | 3189 | 68=((7+x)/47) | 68 7 x + 47 / = | 68:dollar 7:dollar x:dollar +:dollar 47:buck /:dollar =:dollar
EXPR: 0 | POS | INT | 5 | 3 | 397 | x=((47*7)+68) | x 47 7 * 68 + = | x:dollar 47:buck 7:dollar *:dollar 68:dollar +:dollar =:dollar
EXPR: 0 | POS | INT | 5 | 3 | 261 | x=((47*7)-68) | x 47 7 * 68 - = | x:dollar 47:buck 7:dollar *:dollar 68:dollar -:dollar =:dollar
EXPR: 0 | POS | INT | 5 | 3 | 3203 | x=(7+(68*47)) | x 7 68 47 * + = | x:dollar 7:dollar 68:dollar 47:buck *:dollar +:dollar =:dollar
EXPR: 0 | POS | INT | 5 | 3 | 261 | ((47*7)-68)=x | 47 7 * 68 - x = | 47:buck 7:dollar *:dollar 68:dollar -:dollar x:dollar =:dollar
EXPR: 0 | POS | INT | 5 | 3 | 397 | ((47*7)+68)=x | 47 7 * 68 + x = | 47:buck 7:dollar *:dollar 68:dollar +:dollar x:dollar =:dollar
EXPR: 0 | POS | INT | 5 | 3 | 3203 | (7+(68*47))=x | 7 68 47 * + x = | 7:dollar 68:dollar 47:buck *:dollar +:dollar x:dollar =:dollar
EXPR: 0 | POS | INT | 7 | 3 | 2867 | ((x/47)+7)=68 | x 47 / 7 + 68 = | x:dollar 47:buck /:dollar 7:dollar +:dollar 68:dollar =:dollar
EXPR: 0 | POS | INT | 7 | 3 | 3525 | ((x/47)-7)=68 | x 47 / 7 - 68 = | x:dollar 47:buck /:dollar 7:dollar -:dollar 68:dollar =:dollar
EXPR: 0 | POS | INT | 7 | 3 | 261 | 7=((x+68)/47) | 7 x 68 + 47 / = | 7:dollar x:dollar 68:dollar +:dollar 47:buck /:dollar =:dollar
EXPR: 0 | POS | INT | 7 | 3 | 261 | ((47*7)-x)=68 | 47 7 * x - 68 = | 47:buck 7:dollar *:dollar x:dollar -:dollar 68:dollar =:dollar
EXPR: 0 | POS | INT | 7 | 3 | 3203 | 7=(x-(68*47)) | 7 x 68 47 * - = | 7:dollar x:dollar 68:dollar 47:buck *:dollar -:dollar =:dollar
EXPR: 0 | POS | INT | 7 | 3 | 397 | 7=((x-68)/47) | 7 x 68 - 47 / = | 7:dollar x:dollar 68:dollar -:dollar 47:buck /:dollar =:dollar
EXPR: 0 | POS | INT | 7 | 3 | 397 | (x-(47*7))=68 | x 47 7 * - 68 = | x:dollar 47:buck 7:dollar *:dollar -:dollar 68:dollar =:dollar
EXPR: 0 | POS | INT | 7 | 3 | 2867 | 7=(68-(x/47)) | 7 68 x 47 / - = | 7:dollar 68:dollar x:dollar 47:buck /:dollar -:dollar =:dollar
EXPR: 0 | POS | INT | 7 | 3 | 261 | 7=((68+x)/47) | 7 68 x + 47 / = | 7:dollar 68:dollar x:dollar +:dollar 47:buck /:dollar =:dollar
EXPR: 0 | POS | INT | 7 | 3 | 3189 | 7=((68*47)-x) | 7 68 47 * x - = | 7:dollar 68:dollar 47:buck *:dollar x:dollar -:dollar =:dollar
EXPR: 0 | POS | INT | 9 | 3 | 2867 | (7+(x/47))=68 | 7 x 47 / + 68 = | 7:dollar x:dollar 47:buck /:dollar +:dollar 68:dollar =:dollar
EXPR: 0 | POS | INT | 9 | 3 | 3525 | 7=((x/47)-68) | 7 x 47 / 68 - = | 7:dollar x:dollar 47:buck /:dollar 68:dollar -:dollar =:dollar
EXPR: 0 | POS | INT | 9 | 3 | 3189 | ((7+x)/47)=68 | 7 x + 47 / 68 = | 7:dollar x:dollar +:dollar 47:buck /:dollar 68:dollar =:dollar
EXPR: 0 | POS | INT | 9 | 3 | 3203 | ((x-7)/47)=68 | x 7 - 47 / 68 = | x:dollar 7:dollar -:dollar 47:buck /:dollar 68:dollar =:dollar
EXPR: 0 | POS | INT | 9 | 3 | 3189 | ((x+7)/47)=68 | x 7 + 47 / 68 = | x:dollar 7:dollar +:dollar 47:buck /:dollar 68:dollar =:dollar
EXPR: 0 | POS | INT | 10 | 3 | 3672 | (68*(47+7))=x | 68 47 7 + * x = | 68:dollar 47:buck 7:buck +:buck *:dollar x:dollar =:dollar
EXPR: 0 | POS | INT | 10 | 3 | 14 | (68-(47+7))=x | 68 47 7 + - x = | 68:dollar 47:dollar 7:dollar +:dollar -:dollar x:dollar =:dollar
EXPR: 0 | POS | INT | 10 | 3 | 108 | x=(68+(47-7)) | x 68 47 7 - + = | x:dollar 68:dollar 47:dollar 7:dollar -:dollar +:dollar =:dollar
EXPR: 0 | POS | INT | 10 | 3 | 108 | (68+(47-7))=x | 68 47 7 - + x = | 68:dollar 47:dollar 7:dollar -:dollar +:dollar x:dollar =:dollar
EXPR: 0 | POS | INT | 10 | 3 | 147 | x=((68-47)*7) | x 68 47 - 7 * = | x:dollar 68:buck 47:buck -:buck 7:dollar *:dollar =:dollar
EXPR: 0 | POS | INT | 10 | 3 | 3672 | x=(68*(47+7)) | x 68 47 7 + * = | x:dollar 68:dollar 47:buck 7:buck +:buck *:dollar =:dollar
EXPR: 0 | POS | INT | 10 | 3 | 147 | ((68-47)*7)=x | 68 47 - 7 * x = | 68:buck 47:buck -:buck 7:dollar *:dollar x:dollar =:dollar
EXPR: 0 | POS | INT | 10 | 3 | 122 | x=(68+(47+7)) | x 68 47 7 + + = | x:dollar 68:dollar 47:dollar 7:dollar +:dollar +:dollar =:dollar
EXPR: 0 | POS | INT | 10 | 3 | 122 | (68+(47+7))=x | 68 47 7 + + x = | 68:dollar 47:dollar 7:dollar +:dollar +:dollar x:dollar =:dollar
EXPR: 0 | POS | INT | 10 | 3 | 122 | x=((68+47)+7) | x 68 47 + 7 + = | x:dollar 68:dollar 47:dollar +:dollar 7:dollar +:dollar =:dollar
EXPR: 0 | POS | INT | 10 | 3 | 805 | x=((68+47)*7) | x 68 47 + 7 * = | x:dollar 68:buck 47:buck +:buck 7:dollar *:dollar =:dollar
EXPR: 0 | POS | INT | 10 | 3 | 2720 | (68*(47-7))=x | 68 47 7 - * x = | 68:dollar 47:buck 7:buck -:buck *:dollar x:dollar =:dollar
EXPR: 0 | POS | INT | 10 | 3 | 14 | x=(68-(47+7)) | x 68 47 7 + - = | x:dollar 68:dollar 47:dollar 7:dollar +:dollar -:dollar =:dollar
EXPR: 0 | POS | INT | 10 | 3 | 805 | ((68+47)*7)=x | 68 47 + 7 * x = | 68:buck 47:buck +:buck 7:dollar *:dollar x:dollar =:dollar
EXPR: 0 | POS | INT | 10 | 3 | 28 | x=(68-(47-7)) | x 68 47 7 - - = | x:dollar 68:dollar 47:dollar 7:dollar -:dollar -:dollar =:dollar
EXPR: 0 | POS | INT | 10 | 3 | 28 | (68-(47-7))=x | 68 47 7 - - x = | 68:dollar 47:dollar 7:dollar -:dollar -:dollar x:dollar =:dollar
EXPR: 0 | POS | INT | 10 | 3 | 2720 | x=(68*(47-7)) | x 68 47 7 - * = | x:dollar 68:dollar 47:buck 7:buck -:buck *:dollar =:dollar
EXPR: 0 | POS | INT | 10 | 3 | 28 | x=((68-47)+7) | x 68 47 - 7 + = | x:dollar 68:dollar 47:dollar -:dollar 7:dollar +:dollar =:dollar
EXPR: 0 | POS | INT | 10 | 3 | 14 | x=((68-47)-7) | x 68 47 - 7 - = | x:dollar 68:dollar 47:dollar -:dollar 7:dollar -:dollar =:dollar
EXPR: 0 | POS | INT | 10 | 3 | 28 | ((68-47)+7)=x | 68 47 - 7 + x = | 68:dollar 47:dollar -:dollar 7:dollar +:dollar x:dollar =:dollar
EXPR: 0 | POS | INT | 10 | 3 | 122 | ((68+47)+7)=x | 68 47 + 7 + x = | 68:dollar 47:dollar +:dollar 7:dollar +:dollar x:dollar =:dollar
EXPR: 0 | POS | INT | 10 | 3 | 14 | ((68-47)-7)=x | 68 47 - 7 - x = | 68:dollar 47:dollar -:dollar 7:dollar -:dollar x:dollar =:dollar
EXPR: 0 | POS | INT | 10 | 3 | 108 | ((68+47)-7)=x | 68 47 + 7 - x = | 68:dollar 47:dollar +:dollar 7:dollar -:dollar x:dollar =:dollar
EXPR: 0 | POS | INT | 10 | 3 | 108 | x=((68+47)-7) | x 68 47 + 7 - = | x:dollar 68:dollar 47:dollar +:dollar 7:dollar -:dollar =:dollar
EXPR: 0 | POS | INT | 12 | 3 | 28 | ((68+7)-47)=x | 68 7 + 47 - x = | 68:dollar 7:dollar +:dollar 47:dollar -:dollar x:dollar =:dollar
EXPR: 0 | POS | INT | 12 | 3 | 122 | (47+(68+7))=x | 47 68 7 + + x = | 47:dollar 68:dollar 7:dollar +:dollar +:dollar x:dollar =:dollar
EXPR: 0 | POS | INT | 12 | 3 | 108 | (47+(68-7))=x | 47 68 7 - + x = | 47:dollar 68:dollar 7:dollar -:dollar +:dollar x:dollar =:dollar
EXPR: 0 | POS | INT | 12 | 3 | 14 | (68-(47+x))=7 | 68 47 x + - 7 = | 68:dollar 47:dollar x:dollar +:dollar -:dollar 7:dollar =:dollar
EXPR: 0 | POS | INT | 12 | 3 | 108 | x=((68-7)+47) | x 68 7 - 47 + = | x:dollar 68:dollar 7:dollar -:dollar 47:dollar +:dollar =:dollar
EXPR: 0 | POS | INT | 12 | 3 | 122 | x=((68+7)+47) | x 68 7 + 47 + = | x:dollar 68:dollar 7:dollar +:dollar 47:dollar +:dollar =:dollar
EXPR: 0 | POS | INT | 12 | 3 | 108 | 68=((x-47)+7) | 68 x 47 - 7 + = | 68:dollar x:dollar 47:dollar -:dollar 7:dollar +:dollar =:dollar
EXPR: 0 | POS | INT | 12 | 3 | 122 | (x-(68+47))=7 | x 68 47 + - 7 = | x:dollar 68:dollar 47:dollar +:dollar -:dollar 7:dollar =:dollar
EXPR: 0 | POS | INT | 12 | 3 | 805 | (x/(68+47))=7 | x 68 47 + / 7 = | x:dollar 68:buck 47:buck +:buck /:dollar 7:dollar =:dollar
EXPR: 0 | POS | INT | 12 | 3 | 122 | 68=((x-47)-7) | 68 x 47 - 7 - = | 68:dollar x:dollar 47:dollar -:dollar 7:dollar -:dollar =:dollar
EXPR: 0 | POS | INT | 12 | 3 | 28 | (68+(7-47))=x | 68 7 47 - + x = | 68:dollar 7:dollar 47:dollar -:dollar +:dollar x:dollar =:dollar
EXPR: 0 | POS | INT | 12 | 3 | 108 | ((68-7)+47)=x | 68 7 - 47 + x = | 68:dollar 7:dollar -:dollar 47:dollar +:dollar x:dollar =:dollar
EXPR: 0 | POS | INT | 12 | 3 | 108 | ((68-x)+47)=7 | 68 x - 47 + 7 = | 68:dollar x:dollar -:dollar 47:dollar +:dollar 7:dollar =:dollar
EXPR: 0 | POS | INT | 12 | 3 | 14 | ((68-x)-47)=7 | 68 x - 47 - 7 = | 68:dollar x:dollar -:dollar 47:dollar -:dollar 7:dollar =:dollar
EXPR: 0 | POS | INT | 12 | 3 | 28 | 68=((x+47)-7) | 68 x 47 + 7 - = | 68:dollar x:dollar 47:dollar +:dollar 7:dollar -:dollar =:dollar
EXPR: 0 | POS | INT | 12 | 3 | 14 | x=((68-7)-47) | x 68 7 - 47 - = | x:dollar 68:dollar 7:dollar -:dollar 47:dollar -:dollar =:dollar
EXPR: 0 | POS | INT | 12 | 3 | 122 | x=(47+(68+7)) | x 47 68 7 + + = | x:dollar 47:dollar 68:dollar 7:dollar +:dollar +:dollar =:dollar
EXPR: 0 | POS | INT | 12 | 3 | 14 | 68=((47+x)+7) | 68 47 x + 7 + = | 68:dollar 47:dollar x:dollar +:dollar 7:dollar +:dollar =:dollar
EXPR: 0 | POS | INT | 12 | 3 | 28 | 68=((47+x)-7) | 68 47 x + 7 - = | 68:dollar 47:dollar x:dollar +:dollar 7:dollar -:dollar =:dollar
EXPR: 0 | POS | INT | 12 | 3 | 28 | (x-(68-47))=7 | x 68 47 - - 7 = | x:dollar 68:dollar 47:dollar -:dollar -:dollar 7:dollar =:dollar
EXPR: 0 | POS | INT | 12 | 3 | 14 | (68-(x+47))=7 | 68 x 47 + - 7 = | 68:dollar x:dollar 47:dollar +:dollar -:dollar 7:dollar =:dollar
EXPR: 0 | POS | INT | 12 | 3 | 3189 | (68*47)=(7+x) | 68 47 * 7 x + = | 68:dollar 47:buck *:dollar 7:dollar x:dollar +:dollar =:dollar
EXPR: 0 | POS | INT | 12 | 3 | 108 | x=(47+(68-7)) | x 47 68 7 - + = | x:dollar 47:dollar 68:dollar 7:dollar -:dollar +:dollar =:dollar
EXPR: 0 | POS | INT | 12 | 3 | 108 | (68-(x-47))=7 | 68 x 47 - - 7 = | 68:dollar x:dollar 47:dollar -:dollar -:dollar 7:dollar =:dollar
EXPR: 0 | POS | INT | 12 | 3 | 147 | (x/(68-47))=7 | x 68 47 - / 7 = | x:dollar 68:buck 47:buck -:buck /:dollar 7:dollar =:dollar
EXPR: 0 | POS | INT | 12 | 3 | 28 | 68=((47-7)+x) | 68 47 7 - x + = | 68:dollar 47:dollar 7:dollar -:dollar x:dollar +:dollar =:dollar
EXPR: 0 | POS | INT | 12 | 3 | 28 | x=((68+7)-47) | x 68 7 + 47 - = | x:dollar 68:dollar 7:dollar +:dollar 47:dollar -:dollar =:dollar
EXPR: 0 | POS | INT | 12 | 3 | 28 | 68=(x+(47-7)) | 68 x 47 7 - + = | 68:dollar x:dollar 47:dollar 7:dollar -:dollar +:dollar =:dollar
EXPR: 0 | POS | INT | 12 | 3 | 397 | (x-68)=(47*7) | x 68 - 47 7 * = | x:dollar 68:dollar -:dollar 47:buck 7:dollar *:dollar =:dollar
EXPR: 0 | POS | INT | 12 | 3 | 122 | 68=(x-(47+7)) | 68 x 47 7 + - = | 68:dollar x:dollar 47:dollar 7:dollar +:dollar -:dollar =:dollar
EXPR: 0 | POS | INT | 12 | 3 | 261 | (x+68)=(47*7) | x 68 + 47 7 * = | x:dollar 68:dollar +:dollar 47:buck 7:dollar *:dollar =:dollar
EXPR: 0 | POS | INT | 12 | 3 | 14 | ((68-7)-47)=x | 68 7 - 47 - x = | 68:dollar 7:dollar -:dollar 47:dollar -:dollar x:dollar =:dollar
EXPR: 0 | POS | INT | 12 | 3 | 122 | ((68+7)+47)=x | 68 7 + 47 + x = | 68:dollar 7:dollar +:dollar 47:dollar +:dollar x:dollar =:dollar
EXPR: 0 | POS | INT | 12 | 3 | 3189 | (68*47)=(x+7) | 68 47 * x 7 + = | 68:dollar 47:buck *:dollar x:dollar 7:dollar +:dollar =:dollar
EXPR: 0 | POS | INT | 12 | 3 | 28 | x=(68+(7-47)) | x 68 7 47 - + = | x:dollar 68:dollar 7:dollar 47:dollar -:dollar +:dollar =:dollar
EXPR: 0 | POS | INT | 12 | 3 | 14 | 68=((47+7)+x) | 68 47 7 + x + = | 68:dollar 47:dollar 7:dollar +:dollar x:dollar +:dollar =:dollar
EXPR: 0 | POS | INT | 12 | 3 | 3672 | 68=(x/(47+7)) | 68 x 47 7 + / = | 68:dollar x:dollar 47:buck 7:buck +:buck /:dollar =:dollar
EXPR: 0 | POS | INT | 12 | 3 | 108 | x=(68-(7-47)) | x 68 7 47 - - = | x:dollar 68:dollar 7:dollar 47:dollar -:dollar -:dollar =:dollar
EXPR: 0 | POS | INT | 12 | 3 | 261 | (68+x)=(47*7) | 68 x + 47 7 * = | 68:dollar x:dollar +:dollar 47:buck 7:dollar *:dollar =:dollar
EXPR: 0 | POS | INT | 12 | 3 | 14 | 68=((x+47)+7) | 68 x 47 + 7 + = | 68:dollar x:dollar 47:dollar +:dollar 7:dollar +:dollar =:dollar
EXPR: 0 | POS | INT | 12 | 3 | 108 | (68-(7-47))=x | 68 7 47 - - x = | 68:dollar 7:dollar 47:dollar -:dollar -:dollar x:dollar =:dollar
EXPR: 0 | POS | INT | 12 | 3 | 2720 | 68=(x/(47-7)) | 68 x 47 7 - / = | 68:dollar x:dollar 47:buck 7:buck -:buck /:dollar =:dollar
EXPR: 0 | POS | INT | 12 | 3 | 3203 | (68*47)=(x-7) | 68 47 * x 7 - = | 68:dollar 47:buck *:dollar x:dollar 7:dollar -:dollar =:dollar
EXPR: 0 | POS | INT | 12 | 3 | 14 | 68=(x+(47+7)) | 68 x 47 7 + + = | 68:dollar x:dollar 47:dollar 7:dollar +:dollar +:dollar =:dollar
EXPR: 0 | POS | INT | 12 | 3 | 108 | (68+(47-x))=7 | 68 47 x - + 7 = | 68:dollar 47:dollar x:dollar -:dollar +:dollar 7:dollar =:dollar
EXPR: 0 | POS | INT | 12 | 3 | 108 | ((68+47)-x)=7 | 68 47 + x - 7 = | 68:dollar 47:dollar +:dollar x:dollar -:dollar 7:dollar =:dollar
EXPR: 0 | POS | INT | 12 | 3 | 108 | 68=(x-(47-7)) | 68 x 47 7 - - = | 68:dollar x:dollar 47:dollar 7:dollar -:dollar -:dollar =:dollar
EXPR: 0 | POS | INT | 12 | 3 | 14 | ((68-47)-x)=7 | 68 47 - x - 7 = | 68:dollar 47:dollar -:dollar x:dollar -:dollar 7:dollar =:dollar
EXPR: 0 | POS | INT | 12 | 3 | 14 | 68=(47+(x+7)) | 68 47 x 7 + + = | 68:dollar 47:dollar x:dollar 7:dollar +:dollar +:dollar =:dollar
EXPR: 0 | POS | INT | 12 | 3 | 122 | ((x-68)-47)=7 | x 68 - 47 - 7 = | x:dollar 68:dollar -:dollar 47:dollar -:dollar 7:dollar =:dollar
EXPR: 0 | POS | INT | 12 | 3 | 28 | ((x-68)+47)=7 | x 68 - 47 + 7 = | x:dollar 68:dollar -:dollar 47:dollar +:dollar 7:dollar =:dollar
EXPR: 0 | POS | INT | 12 | 3 | 28 | 68=(47+(x-7)) | 68 47 x 7 - + = | 68:dollar 47:dollar x:dollar 7:dollar -:dollar +:dollar =:dollar
EXPR: 0 | POS | INT | 12 | 3 | 14 | 68=(47+(7+x)) | 68 47 7 x + + = | 68:dollar 47:dollar 7:dollar x:dollar +:dollar +:dollar =:dollar
EXPR: 0 | POS | INT | 12 | 3 | 28 | 68=(47-(7-x)) | 68 47 7 x - - = | 68:dollar 47:dollar 7:dollar x:dollar -:dollar -:dollar =:dollar
EXPR: 0 | POS | INT | 14 | 3 | 3525 | 47=(x/(68+7)) | 47 x 68 7 + / = | 47:buck x:buck 68:dollar 7:dollar +:dollar /:buck =:buck
EXPR: 0 | POS | INT | 14 | 3 | 122 | (x-(68+7))=47 | x 68 7 + - 47 = | x:dollar 68:dollar 7:dollar +:dollar -:dollar 47:dollar =:dollar
EXPR: 0 | POS | INT | 14 | 3 | 3525 | (x/(68+7))=47 | x 68 7 + / 47 = | x:buck 68:dollar 7:dollar +:dollar /:buck 47:buck =:buck
EXPR: 0 | POS | INT | 14 | 3 | 2867 | 47=(x/(68-7)) | 47 x 68 7 - / = | 47:buck x:buck 68:dollar 7:dollar -:dollar /:buck =:buck
EXPR: 0 | POS | INT | 14 | 3 | 28 | (x+(47-68))=7 | x 47 68 - + 7 = | x:dollar 47:dollar 68:dollar -:dollar +:dollar 7:dollar =:dollar
EXPR: 0 | POS | INT | 14 | 3 | 28 | (47-(68-x))=7 | 47 68 x - - 7 = | 47:dollar 68:dollar x:dollar -:dollar -:dollar 7:dollar =:dollar
EXPR: 0 | POS | INT | 14 | 3 | 28 | ((68-x)+7)=47 | 68 x - 7 + 47 = | 68:dollar x:dollar -:dollar 7:dollar +:dollar 47:dollar =:dollar
EXPR: 0 | POS | INT | 14 | 3 | 28 | (47+(x-68))=7 | 47 x 68 - + 7 = | 47:dollar x:dollar 68:dollar -:dollar +:dollar 7:dollar =:dollar
EXPR: 0 | POS | INT | 14 | 3 | 108 | (47+(68-x))=7 | 47 68 x - + 7 = | 47:dollar 68:dollar x:dollar -:dollar +:dollar 7:dollar =:dollar
EXPR: 0 | POS | INT | 14 | 3 | 28 | 68=((x-7)+47) | 68 x 7 - 47 + = | 68:dollar x:dollar 7:dollar -:dollar 47:dollar +:dollar =:dollar
EXPR: 0 | POS | INT | 14 | 3 | 108 | ((47-x)+68)=7 | 47 x - 68 + 7 = | 47:dollar x:dollar -:dollar 68:dollar +:dollar 7:dollar =:dollar
EXPR: 0 | POS | INT | 14 | 3 | 108 | (47-(x-68))=7 | 47 x 68 - - 7 = | 47:dollar x:dollar 68:dollar -:dollar -:dollar 7:dollar =:dollar
EXPR: 0 | POS | INT | 14 | 3 | 14 | 68=((x+7)+47) | 68 x 7 + 47 + = | 68:dollar x:dollar 7:dollar +:dollar 47:dollar +:dollar =:dollar
EXPR: 0 | POS | INT | 14 | 3 | 28 | ((47+x)-68)=7 | 47 x + 68 - 7 = | 47:dollar x:dollar +:dollar 68:dollar -:dollar 7:dollar =:dollar
EXPR: 0 | POS | INT | 14 | 3 | 3525 | (x/47)=(68+7) | x 47 / 68 7 + = | x:dollar 47:buck /:dollar 68:dollar 7:dollar +:dollar =:dollar
EXPR: 0 | POS | INT | 14 | 3 | 14 | (68-(x+7))=47 | 68 x 7 + - 47 = | 68:dollar x:dollar 7:dollar +:dollar -:dollar 47:dollar =:dollar
EXPR: 0 | POS | INT | 14 | 3 | 108 | (x-(68-7))=47 | x 68 7 - - 47 = | x:dollar 68:dollar 7:dollar -:dollar -:dollar 47:dollar =:dollar
EXPR: 0 | POS | INT | 14 | 3 | 2867 | (x/47)=(68-7) | x 47 / 68 7 - = | x:dollar 47:buck /:dollar 68:dollar 7:dollar -:dollar =:dollar
EXPR: 0 | POS | INT | 14 | 3 | 14 | 68=((7+x)+47) | 68 7 x + 47 + = | 68:dollar 7:dollar x:dollar +:dollar 47:dollar +:dollar =:dollar
EXPR: 0 | POS | INT | 14 | 3 | 122 | 68=((x-7)-47) | 68 x 7 - 47 - = | 68:dollar x:dollar 7:dollar -:dollar 47:dollar -:dollar =:dollar
EXPR: 0 | POS | INT | 14 | 3 | 108 | 68=((7+x)-47) | 68 7 x + 47 - = | 68:dollar 7:dollar x:dollar +:dollar 47:dollar -:dollar =:dollar
EXPR: 0 | POS | INT | 14 | 3 | 14 | (68-(7+x))=47 | 68 7 x + - 47 = | 68:dollar 7:dollar x:dollar +:dollar -:dollar 47:dollar =:dollar
EXPR: 0 | POS | INT | 14 | 3 | 2867 | (x/(68-7))=47 | x 68 7 - / 47 = | x:buck 68:dollar 7:dollar -:dollar /:buck 47:buck =:buck
EXPR: 0 | POS | INT | 14 | 3 | 14 | ((68-x)-7)=47 | 68 x - 7 - 47 = | 68:dollar x:dollar -:dollar 7:dollar -:dollar 47:dollar =:dollar
EXPR: 0 | POS | INT | 14 | 3 | 28 | (68-(x-7))=47 | 68 x 7 - - 47 = | 68:dollar x:dollar 7:dollar -:dollar -:dollar 47:dollar =:dollar
EXPR: 0 | POS | INT | 14 | 3 | 108 | 68=((x+7)-47) | 68 x 7 + 47 - = | 68:dollar x:dollar 7:dollar +:dollar 47:dollar -:dollar =:dollar
EXPR: 0 | POS | INT | 14 | 3 | 14 | 47=((68-7)-x) | 47 68 7 - x - = | 47:dollar 68:dollar 7:dollar -:dollar x:dollar -:dollar =:dollar
EXPR: 0 | POS | INT | 14 | 3 | 108 | 47=((x-68)+7) | 47 x 68 - 7 + = | 47:dollar x:dollar 68:dollar -:dollar 7:dollar +:dollar =:dollar
EXPR: 0 | POS | INT | 14 | 3 | 14 | ((68-7)-x)=47 | 68 7 - x - 47 = | 68:dollar 7:dollar -:dollar x:dollar -:dollar 47:dollar =:dollar
EXPR: 0 | POS | INT | 14 | 3 | 108 | 68=((7-47)+x) | 68 7 47 - x + = | 68:dollar 7:dollar 47:dollar -:dollar x:dollar +:dollar =:dollar
EXPR: 0 | POS | INT | 14 | 3 | 28 | 47=((68-x)+7) | 47 68 x - 7 + = | 47:dollar 68:dollar x:dollar -:dollar 7:dollar +:dollar =:dollar
EXPR: 0 | POS | INT | 14 | 3 | 108 | 68=(x+(7-47)) | 68 x 7 47 - + = | 68:dollar x:dollar 7:dollar 47:dollar -:dollar +:dollar =:dollar
EXPR: 0 | POS | INT | 14 | 3 | 14 | 68=(7+(47+x)) | 68 7 47 x + + = | 68:dollar 7:dollar 47:dollar x:dollar +:dollar +:dollar =:dollar
EXPR: 0 | POS | INT | 14 | 3 | 108 | 68=(7-(47-x)) | 68 7 47 x - - = | 68:dollar 7:dollar 47:dollar x:dollar -:dollar -:dollar =:dollar
EXPR: 0 | POS | INT | 14 | 3 | 28 | ((68+7)-x)=47 | 68 7 + x - 47 = | 68:dollar 7:dollar +:dollar x:dollar -:dollar 47:dollar =:dollar
EXPR: 0 | POS | INT | 14 | 3 | 2867 | (68-7)=(x/47) | 68 7 - x 47 / = | 68:dollar 7:dollar -:dollar x:dollar 47:buck /:dollar =:dollar
EXPR: 0 | POS | INT | 14 | 3 | 28 | (68+(7-x))=47 | 68 7 x - + 47 = | 68:dollar 7:dollar x:dollar -:dollar +:dollar 47:dollar =:dollar
EXPR: 0 | POS | INT | 14 | 3 | 14 | 47=((68-x)-7) | 47 68 x - 7 - = | 47:dollar 68:dollar x:dollar -:dollar 7:dollar -:dollar =:dollar
EXPR: 0 | POS | INT | 14 | 3 | 122 | 47=(x-(68+7)) | 47 x 68 7 + - = | 47:dollar x:dollar 68:dollar 7:dollar +:dollar -:dollar =:dollar
EXPR: 0 | POS | INT | 14 | 3 | 122 | 47=((x-68)-7) | 47 x 68 - 7 - = | 47:dollar x:dollar 68:dollar -:dollar 7:dollar -:dollar =:dollar
EXPR: 0 | POS | INT | 14 | 3 | 3525 | (68+7)=(x/47) | 68 7 + x 47 / = | 68:dollar 7:dollar +:dollar x:dollar 47:buck /:dollar =:dollar
EXPR: 0 | POS | INT | 14 | 3 | 14 | 47=(68-(x+7)) | 47 68 x 7 + - = | 47:dollar 68:dollar x:dollar 7:dollar +:dollar -:dollar =:dollar
EXPR: 0 | POS | INT | 14 | 3 | 28 | 47=((68+7)-x) | 47 68 7 + x - = | 47:dollar 68:dollar 7:dollar +:dollar x:dollar -:dollar =:dollar
EXPR: 0 | POS | INT | 14 | 3 | 108 | 47=(x-(68-7)) | 47 x 68 7 - - = | 47:dollar x:dollar 68:dollar 7:dollar -:dollar -:dollar =:dollar
EXPR: 0 | POS | INT | 14 | 3 | 28 | 47=(68-(x-7)) | 47 68 x 7 - - = | 47:dollar 68:dollar x:dollar 7:dollar -:dollar -:dollar =:dollar
EXPR: 0 | POS | INT | 14 | 3 | 28 | 68=(x-(7-47)) | 68 x 7 47 - - = | 68:dollar x:dollar 7:dollar 47:dollar -:dollar -:dollar =:dollar
EXPR: 0 | POS | INT | 14 | 3 | 122 | ((x-47)-68)=7 | x 47 - 68 - 7 = | x:dollar 47:dollar -:dollar 68:dollar -:dollar 7:dollar =:dollar
EXPR: 0 | POS | INT | 14 | 3 | 14 | 68=(7+(x+47)) | 68 7 x 47 + + = | 68:dollar 7:dollar x:dollar 47:dollar +:dollar +:dollar =:dollar
EXPR: 0 | POS | INT | 14 | 3 | 108 | 68=(7+(x-47)) | 68 7 x 47 - + = | 68:dollar 7:dollar x:dollar 47:dollar -:dollar +:dollar =:dollar
EXPR: 0 | POS | INT | 14 | 3 | 28 | 47=(68+(7-x)) | 47 68 7 x - + = | 47:dollar 68:dollar 7:dollar x:dollar -:dollar +:dollar =:dollar
EXPR: 0 | POS | INT | 14 | 3 | 14 | 47=(68-(7+x)) | 47 68 7 x + - = | 47:dollar 68:dollar 7:dollar x:dollar +:dollar -:dollar =:dollar
EXPR: 0 | POS | INT | 14 | 3 | 28 | ((x+47)-68)=7 | x 47 + 68 - 7 = | x:dollar 47:dollar +:dollar 68:dollar -:dollar 7:dollar =:dollar
EXPR: 0 | POS | INT | 14 | 3 | 28 | ((47-68)+x)=7 | 47 68 - x + 7 = | 47:dollar 68:dollar -:dollar x:dollar +:dollar 7:dollar =:dollar
EXPR: 0 | POS | INT | 14 | 3 | 122 | ((x-68)-7)=47 | x 68 - 7 - 47 = | x:dollar 68:dollar -:dollar 7:dollar -:dollar 47:dollar =:dollar
EXPR: 0 | POS | INT | 14 | 3 | 108 | ((x-68)+7)=47 | x 68 - 7 + 47 = | x:dollar 68:dollar -:dollar 7:dollar +:dollar 47:dollar =:dollar
EXPR: 0 | POS | INT | 15 | 3 | 108 | x=(47-(7-68)) | x 47 7 68 - - = | x:dollar 47:dollar 7:dollar 68:dollar -:dollar -:dollar =:dollar
EXPR: 0 | POS | INT | 15 | 3 | 805 | (7*(68+47))=x | 7 68 47 + * x = | 7:dollar 68:buck 47:buck +:buck *:dollar x:dollar =:dollar
EXPR: 0 | POS | INT | 15 | 3 | 108 | ((47-7)+68)=x | 47 7 - 68 + x = | 47:dollar 7:dollar -:dollar 68:dollar +:dollar x:dollar =:dollar
EXPR: 0 | POS | INT | 15 | 3 | 28 | (7+(68-47))=x | 7 68 47 - + x = | 7:dollar 68:dollar 47:dollar -:dollar +:dollar x:dollar =:dollar
EXPR: 0 | POS | INT | 15 | 3 | 122 | x=((47+7)+68) | x 47 7 + 68 + = | x:dollar 47:dollar 7:dollar +:dollar 68:dollar +:dollar =:dollar
EXPR: 0 | POS | INT | 15 | 3 | 3672 | ((47+7)*68)=x | 47 7 + 68 * x = | 47:buck 7:buck +:buck 68:dollar *:dollar x:dollar =:dollar
EXPR: 0 | POS | INT | 15 | 3 | 2720 | ((47-7)*68)=x | 47 7 - 68 * x = | 47:buck 7:buck -:buck 68:dollar *:dollar x:dollar =:dollar
EXPR: 0 | POS | INT | 15 | 3 | 805 | x=(7*(68+47)) | x 7 68 47 + * = | x:dollar 7:dollar 68:buck 47:buck +:buck *:dollar =:dollar
EXPR: 0 | POS | INT | 15 | 3 | 3672 | x=((47+7)*68) | x 47 7 + 68 * = | x:dollar 47:buck 7:buck +:buck 68:dollar *:dollar =:dollar
EXPR: 0 | POS | INT | 15 | 3 | 108 | x=((47-7)+68) | x 47 7 - 68 + = | x:dollar 47:dollar 7:dollar -:dollar 68:dollar +:dollar =:dollar
EXPR: 0 | POS | INT | 15 | 3 | 122 | ((47+7)+68)=x | 47 7 + 68 + x = | 47:dollar 7:dollar +:dollar 68:dollar +:dollar x:dollar =:dollar
EXPR: 0 | POS | INT | 15 | 3 | 28 | x=(7+(68-47)) | x 7 68 47 - + = | x:dollar 7:dollar 68:dollar 47:dollar -:dollar +:dollar =:dollar
EXPR: 0 | POS | INT | 15 | 3 | 147 | x=(7*(68-47)) | x 7 68 47 - * = | x:dollar 7:dollar 68:buck 47:buck -:buck *:dollar =:dollar
EXPR: 0 | POS | INT | 15 | 3 | 108 | (47-(7-68))=x | 47 7 68 - - x = | 47:dollar 7:dollar 68:dollar -:dollar -:dollar x:dollar =:dollar
EXPR: 0 | POS | INT | 15 | 3 | 147 | (7*(68-47))=x | 7 68 47 - * x = | 7:dollar 68:buck 47:buck -:buck *:dollar x:dollar =:dollar
EXPR: 0 | POS | INT | 15 | 3 | 122 | x=(7+(68+47)) | x 7 68 47 + + = | x:dollar 7:dollar 68:dollar 47:dollar +:dollar +:dollar =:dollar
EXPR: 0 | POS | INT | 15 | 3 | 2720 | x=((47-7)*68) | x 47 7 - 68 * = | x:dollar 47:buck 7:buck -:buck 68:dollar *:dollar =:dollar
EXPR: 0 | POS | INT | 15 | 3 | 122 | (7+(68+47))=x | 7 68 47 + + x = | 7:dollar 68:dollar 47:dollar +:dollar +:dollar x:dollar =:dollar
EXPR: 0 | POS | INT | 17 | 3 | 14 | (47+(x+7))=68 | 47 x 7 + + 68 = | 47:dollar x:dollar 7:dollar +:dollar +:dollar 68:dollar =:dollar
EXPR: 0 | POS | INT | 17 | 3 | 122 | (x-(47+7))=68 | x 47 7 + - 68 = | x:dollar 47:dollar 7:dollar +:dollar -:dollar 68:dollar =:dollar
EXPR: 0 | POS | INT | 17 | 3 | 28 | ((47+x)-7)=68 | 47 x + 7 - 68 = | 47:dollar x:dollar +:dollar 7:dollar -:dollar 68:dollar =:dollar
EXPR: 0 | POS | INT | 17 | 3 | 14 | ((47+x)+7)=68 | 47 x + 7 + 68 = | 47:dollar x:dollar +:dollar 7:dollar +:dollar 68:dollar =:dollar
EXPR: 0 | POS | INT | 17 | 3 | 108 | ((7+x)-68)=47 | 7 x + 68 - 47 = | 7:dollar x:dollar +:dollar 68:dollar -:dollar 47:dollar =:dollar
EXPR: 0 | POS | INT | 17 | 3 | 14 | (x+(47+7))=68 | x 47 7 + + 68 = | x:dollar 47:dollar 7:dollar +:dollar +:dollar 68:dollar =:dollar
EXPR: 0 | POS | INT | 17 | 3 | 2720 | (x/(47-7))=68 | x 47 7 - / 68 = | x:dollar 47:buck 7:buck -:buck /:dollar 68:dollar =:dollar
EXPR: 0 | POS | INT | 17 | 3 | 14 | ((47+7)+x)=68 | 47 7 + x + 68 = | 47:dollar 7:dollar +:dollar x:dollar +:dollar 68:dollar =:dollar
EXPR: 0 | POS | INT | 17 | 3 | 28 | (47+(x-7))=68 | 47 x 7 - + 68 = | 47:dollar x:dollar 7:dollar -:dollar +:dollar 68:dollar =:dollar
EXPR: 0 | POS | INT | 17 | 3 | 14 | (47+(7+x))=68 | 47 7 x + + 68 = | 47:dollar 7:dollar x:dollar +:dollar +:dollar 68:dollar =:dollar
EXPR: 0 | POS | INT | 17 | 3 | 108 | 7=((68-x)+47) | 7 68 x - 47 + = | 7:dollar 68:dollar x:dollar -:dollar 47:dollar +:dollar =:dollar
EXPR: 0 | POS | INT | 17 | 3 | 108 | (7+(x-68))=47 | 7 x 68 - + 47 = | 7:dollar x:dollar 68:dollar -:dollar +:dollar 47:dollar =:dollar
EXPR: 0 | POS | INT | 17 | 3 | 28 | (7-(x-68))=47 | 7 x 68 - - 47 = | 7:dollar x:dollar 68:dollar -:dollar -:dollar 47:dollar =:dollar
EXPR: 0 | POS | INT | 17 | 3 | 28 | (x+(47-7))=68 | x 47 7 - + 68 = | x:dollar 47:dollar 7:dollar -:dollar +:dollar 68:dollar =:dollar
EXPR: 0 | POS | INT | 17 | 3 | 28 | x=((7-47)+68) | x 7 47 - 68 + = | x:dollar 7:dollar 47:dollar -:dollar 68:dollar +:dollar =:dollar
EXPR: 0 | POS | INT | 17 | 3 | 28 | ((47-7)+x)=68 | 47 7 - x + 68 = | 47:dollar 7:dollar -:dollar x:dollar +:dollar 68:dollar =:dollar
EXPR: 0 | POS | INT | 17 | 3 | 108 | (x-(47-7))=68 | x 47 7 - - 68 = | x:dollar 47:dollar 7:dollar -:dollar -:dollar 68:dollar =:dollar
EXPR: 0 | POS | INT | 17 | 3 | 122 | 7=((x-68)-47) | 7 x 68 - 47 - = | 7:dollar x:dollar 68:dollar -:dollar 47:dollar -:dollar =:dollar
EXPR: 0 | POS | INT | 17 | 3 | 3203 | (x-7)=(68*47) | x 7 - 68 47 * = | x:dollar 7:dollar -:dollar 68:dollar 47:buck *:dollar =:dollar
EXPR: 0 | POS | INT | 17 | 3 | 28 | x=(7-(47-68)) | x 7 47 68 - - = | x:dollar 7:dollar 47:dollar 68:dollar -:dollar -:dollar =:dollar
EXPR: 0 | POS | INT | 17 | 3 | 3672 | (x/(47+7))=68 | x 47 7 + / 68 = | x:dollar 47:buck 7:buck +:buck /:dollar 68:dollar =:dollar
EXPR: 0 | POS | INT | 17 | 3 | 122 | ((x-7)-68)=47 | x 7 - 68 - 47 = | x:dollar 7:dollar -:dollar 68:dollar -:dollar 47:dollar =:dollar
EXPR: 0 | POS | INT | 17 | 3 | 3189 | (x+7)=(68*47) | x 7 + 68 47 * = | x:dollar 7:dollar +:dollar 68:dollar 47:buck *:dollar =:dollar
EXPR: 0 | POS | INT | 17 | 3 | 108 | 47=((7+x)-68) | 47 7 x + 68 - = | 47:dollar 7:dollar x:dollar +:dollar 68:dollar -:dollar =:dollar
EXPR: 0 | POS | INT | 17 | 3 | 28 | (7+(68-x))=47 | 7 68 x - + 47 = | 7:dollar 68:dollar x:dollar -:dollar +:dollar 47:dollar =:dollar
EXPR: 0 | POS | INT | 17 | 3 | 28 | (7-(47-68))=x | 7 47 68 - - x = | 7:dollar 47:dollar 68:dollar -:dollar -:dollar x:dollar =:dollar
EXPR: 0 | POS | INT | 17 | 3 | 28 | 7=((x-68)+47) | 7 x 68 - 47 + = | 7:dollar x:dollar 68:dollar -:dollar 47:dollar +:dollar =:dollar
EXPR: 0 | POS | INT | 17 | 3 | 108 | 47=(x+(7-68)) | 47 x 7 68 - + = | 47:dollar x:dollar 7:dollar 68:dollar -:dollar +:dollar =:dollar
EXPR: 0 | POS | INT | 17 | 3 | 108 | (x+(7-68))=47 | x 7 68 - + 47 = | x:dollar 7:dollar 68:dollar -:dollar +:dollar 47:dollar =:dollar
EXPR: 0 | POS | INT | 17 | 3 | 108 | 47=((7-68)+x) | 47 7 68 - x + = | 47:dollar 7:dollar 68:dollar -:dollar x:dollar +:dollar =:dollar
EXPR: 0 | POS | INT | 17 | 3 | 3189 | (7+x)=(68*47) | 7 x + 68 47 * = | 7:dollar x:dollar +:dollar 68:dollar 47:buck *:dollar =:dollar
EXPR: 0 | POS | INT | 17 | 3 | 28 | 47=(7+(68-x)) | 47 7 68 x - + = | 47:dollar 7:dollar 68:dollar x:dollar -:dollar +:dollar =:dollar
EXPR: 0 | POS | INT | 17 | 3 | 108 | 47=(7-(68-x)) | 47 7 68 x - - = | 47:dollar 7:dollar 68:dollar x:dollar -:dollar -:dollar =:dollar
EXPR: 0 | POS | INT | 17 | 3 | 108 | (7-(68-x))=47 | 7 68 x - - 47 = | 7:dollar 68:dollar x:dollar -:dollar -:dollar 47:dollar =:dollar
EXPR: 0 | POS | INT | 17 | 3 | 805 | 7=(x/(68+47)) | 7 x 68 47 + / = | 7:dollar x:dollar 68:buck 47:buck +:buck /:dollar =:dollar
EXPR: 0 | POS | INT | 17 | 3 | 14 | 7=((68-x)-47) | 7 68 x - 47 - = | 7:dollar 68:dollar x:dollar -:dollar 47:dollar -:dollar =:dollar
EXPR: 0 | POS | INT | 17 | 3 | 108 | ((x+7)-68)=47 | x 7 + 68 - 47 = | x:dollar 7:dollar +:dollar 68:dollar -:dollar 47:dollar =:dollar
EXPR: 0 | POS | INT | 17 | 3 | 28 | 47=((7-x)+68) | 47 7 x - 68 + = | 47:dollar 7:dollar x:dollar -:dollar 68:dollar +:dollar =:dollar
EXPR: 0 | POS | INT | 17 | 3 | 108 | 47=((x+7)-68) | 47 x 7 + 68 - = | 47:dollar x:dollar 7:dollar +:dollar 68:dollar -:dollar =:dollar
EXPR: 0 | POS | INT | 17 | 3 | 14 | 7=(68-(x+47)) | 7 68 x 47 + - = | 7:dollar 68:dollar x:dollar 47:dollar +:dollar -:dollar =:dollar
EXPR: 0 | POS | INT | 17 | 3 | 261 | (47*7)=(68+x) | 47 7 * 68 x + = | 47:buck 7:dollar *:dollar 68:dollar x:dollar +:dollar =:dollar
EXPR: 0 | POS | INT | 17 | 3 | 28 | (47-(7-x))=68 | 47 7 x - - 68 = | 47:dollar 7:dollar x:dollar -:dollar -:dollar 68:dollar =:dollar
EXPR: 0 | POS | INT | 17 | 3 | 122 | 47=((x-7)-68) | 47 x 7 - 68 - = | 47:dollar x:dollar 7:dollar -:dollar 68:dollar -:dollar =:dollar
EXPR: 0 | POS | INT | 17 | 3 | 14 | 7=((68-47)-x) | 7 68 47 - x - = | 7:dollar 68:dollar 47:dollar -:dollar x:dollar -:dollar =:dollar
EXPR: 0 | POS | INT | 17 | 3 | 147 | 7=(x/(68-47)) | 7 x 68 47 - / = | 7:dollar x:dollar 68:buck 47:buck -:buck /:dollar =:dollar
EXPR: 0 | POS | INT | 17 | 3 | 28 | ((7-x)+68)=47 | 7 x - 68 + 47 = | 7:dollar x:dollar -:dollar 68:dollar +:dollar 47:dollar =:dollar
EXPR: 0 | POS | INT | 17 | 3 | 122 | ((x-47)-7)=68 | x 47 - 7 - 68 = | x:dollar 47:dollar -:dollar 7:dollar -:dollar 68:dollar =:dollar
EXPR: 0 | POS | INT | 17 | 3 | 14 | ((x+47)+7)=68 | x 47 + 7 + 68 = | x:dollar 47:dollar +:dollar 7:dollar +:dollar 68:dollar =:dollar
EXPR: 0 | POS | INT | 17 | 3 | 108 | 7=(68-(x-47)) | 7 68 x 47 - - = | 7:dollar 68:dollar x:dollar 47:dollar -:dollar -:dollar =:dollar
EXPR: 0 | POS | INT | 17 | 3 | 28 | 7=(x-(68-47)) | 7 x 68 47 - - = | 7:dollar x:dollar 68:dollar 47:dollar -:dollar -:dollar =:dollar
EXPR: 0 | POS | INT | 17 | 3 | 108 | 47=(7+(x-68)) | 47 7 x 68 - + = | 47:dollar 7:dollar x:dollar 68:dollar -:dollar +:dollar =:dollar
EXPR: 0 | POS | INT | 17 | 3 | 28 | ((x+47)-7)=68 | x 47 + 7 - 68 = | x:dollar 47:dollar +:dollar 7:dollar -:dollar 68:dollar =:dollar
EXPR: 0 | POS | INT | 17 | 3 | 108 | ((x-47)+7)=68 | x 47 - 7 + 68 = | x:dollar 47:dollar -:dollar 7:dollar +:dollar 68:dollar =:dollar
EXPR: 0 | POS | INT | 17 | 3 | 108 | ((7-68)+x)=47 | 7 68 - x + 47 = | 7:dollar 68:dollar -:dollar x:dollar +:dollar 47:dollar =:dollar
EXPR: 0 | POS | INT | 17 | 3 | 122 | 7=(x-(68+47)) | 7 x 68 47 + - = | 7:dollar x:dollar 68:dollar 47:dollar +:dollar -:dollar =:dollar
EXPR: 0 | POS | INT | 17 | 3 | 28 | ((7-47)+68)=x | 7 47 - 68 + x = | 7:dollar 47:dollar -:dollar 68:dollar +:dollar x:dollar =:dollar
EXPR: 0 | POS | INT | 17 | 3 | 108 | 7=((68+47)-x) | 7 68 47 + x - = | 7:dollar 68:dollar 47:dollar +:dollar x:dollar -:dollar =:dollar
EXPR: 0 | POS | INT | 17 | 3 | 28 | 47=(7-(x-68)) | 47 7 x 68 - - = | 47:dollar 7:dollar x:dollar 68:dollar -:dollar -:dollar =:dollar
EXPR: 0 | POS | INT | 17 | 3 | 261 | (47*7)=(x+68) | 47 7 * x 68 + = | 47:buck 7:dollar *:dollar x:dollar 68:dollar +:dollar =:dollar
EXPR: 0 | POS | INT | 17 | 3 | 397 | (47*7)=(x-68) | 47 7 * x 68 - = | 47:buck 7:dollar *:dollar x:dollar 68:dollar -:dollar =:dollar
EXPR: 0 | POS | INT | 17 | 3 | 108 | 7=(68+(47-x)) | 7 68 47 x - + = | 7:dollar 68:dollar 47:dollar x:dollar -:dollar +:dollar =:dollar
EXPR: 0 | POS | INT | 17 | 3 | 14 | 7=(68-(47+x)) | 7 68 47 x + - = | 7:dollar 68:dollar 47:dollar x:dollar +:dollar -:dollar =:dollar
EXPR: 0 | POS | INT | 19 | 3 | 14 | (7+(47+x))=68 | 7 47 x + + 68 = | 7:dollar 47:dollar x:dollar +:dollar +:dollar 68:dollar =:dollar
EXPR: 0 | POS | INT | 19 | 3 | 108 | (7+(x-47))=68 | 7 x 47 - + 68 = | 7:dollar x:dollar 47:dollar -:dollar +:dollar 68:dollar =:dollar
EXPR: 0 | POS | INT | 19 | 3 | 14 | ((x+7)+47)=68 | x 7 + 47 + 68 = | x:dollar 7:dollar +:dollar 47:dollar +:dollar 68:dollar =:dollar
EXPR: 0 | POS | INT | 19 | 3 | 108 | 7=((47-x)+68) | 7 47 x - 68 + = | 7:dollar 47:dollar x:dollar -:dollar 68:dollar +:dollar =:dollar
EXPR: 0 | POS | INT | 19 | 3 | 122 | ((x-7)-47)=68 | x 7 - 47 - 68 = | x:dollar 7:dollar -:dollar 47:dollar -:dollar 68:dollar =:dollar
EXPR: 0 | POS | INT | 19 | 3 | 28 | 7=((x+47)-68) | 7 x 47 + 68 - = | 7:dollar x:dollar 47:dollar +:dollar 68:dollar -:dollar =:dollar
EXPR: 0 | POS | INT | 19 | 3 | 28 | ((x-7)+47)=68 | x 7 - 47 + 68 = | x:dollar 7:dollar -:dollar 47:dollar +:dollar 68:dollar =:dollar
EXPR: 0 | POS | INT | 19 | 3 | 108 | (7-(47-x))=68 | 7 47 x - - 68 = | 7:dollar 47:dollar x:dollar -:dollar -:dollar 68:dollar =:dollar
EXPR: 0 | POS | INT | 19 | 3 | 108 | ((7+x)-47)=68 | 7 x + 47 - 68 = | 7:dollar x:dollar +:dollar 47:dollar -:dollar 68:dollar =:dollar
EXPR: 0 | POS | INT | 19 | 3 | 108 | (x+(7-47))=68 | x 7 47 - + 68 = | x:dollar 7:dollar 47:dollar -:dollar +:dollar 68:dollar =:dollar
EXPR: 0 | POS | INT | 19 | 3 | 28 | (x-(7-47))=68 | x 7 47 - - 68 = | x:dollar 7:dollar 47:dollar -:dollar -:dollar 68:dollar =:dollar
EXPR: 0 | POS | INT | 19 | 3 | 122 | 7=((x-47)-68) | 7 x 47 - 68 - = | 7:dollar x:dollar 47:dollar -:dollar 68:dollar -:dollar =:dollar
EXPR: 0 | POS | INT | 19 | 3 | 14 | ((7+x)+47)=68 | 7 x + 47 + 68 = | 7:dollar x:dollar +:dollar 47:dollar +:dollar 68:dollar =:dollar
EXPR: 0 | POS | INT | 19 | 3 | 14 | (7+(x+47))=68 | 7 x 47 + + 68 = | 7:dollar x:dollar 47:dollar +:dollar +:dollar 68:dollar =:dollar
EXPR: 0 | POS | INT | 19 | 3 | 28 | 7=(x+(47-68)) | 7 x 47 68 - + = | 7:dollar x:dollar 47:dollar 68:dollar -:dollar +:dollar =:dollar
EXPR: 0 | POS | INT | 19 | 3 | 108 | ((x+7)-47)=68 | x 7 + 47 - 68 = | x:dollar 7:dollar +:dollar 47:dollar -:dollar 68:dollar =:dollar
EXPR: 0 | POS | INT | 19 | 3 | 28 | 7=((47-68)+x) | 7 47 68 - x + = | 7:dollar 47:dollar 68:dollar -:dollar x:dollar +:dollar =:dollar
EXPR: 0 | POS | INT | 19 | 3 | 108 | 7=(47+(68-x)) | 7 47 68 x - + = | 7:dollar 47:dollar 68:dollar x:dollar -:dollar +:dollar =:dollar
EXPR: 0 | POS | INT | 19 | 3 | 108 | ((7-47)+x)=68 | 7 47 - x + 68 = | 7:dollar 47:dollar -:dollar x:dollar +:dollar 68:dollar =:dollar
EXPR: 0 | POS | INT | 19 | 3 | 28 | 7=(47+(x-68)) | 7 47 x 68 - + = | 7:dollar 47:dollar x:dollar 68:dollar -:dollar +:dollar =:dollar
EXPR: 0 | POS | INT | 19 | 3 | 28 | 7=(47-(68-x)) | 7 47 68 x - - = | 7:dollar 47:dollar 68:dollar x:dollar -:dollar -:dollar =:dollar
EXPR: 0 | POS | INT | 19 | 3 | 28 | 7=((47+x)-68) | 7 47 x + 68 - = | 7:dollar 47:dollar x:dollar +:dollar 68:dollar -:dollar =:dollar
EXPR: 0 | POS | INT | 19 | 3 | 108 | 7=(47-(x-68)) | 7 47 x 68 - - = | 7:dollar 47:dollar x:dollar 68:dollar -:dollar -:dollar =:dollar
NET 286 unique, non-negative, integer-valued solutions found out of 1000 total solutions
