parameters: n=7 l=3 k=1 p=5 q=2 m=9
TOTAL 1000 solutions found
SOLN: CORRECT | POS/NEG | INT/FRA | OBJ-SCORE | TRUE-ANS | ANS | INFIX | POSTFIX | TYPED-POSTFIX
EXPR: 0 | POS | INT | 2 | 3 | 17 | 40=((x*4)-28) | 40 x 4 * 28 - = | 40:ticket x:ride 4:ticket *:ticket 28:ticket -:ticket =:ticket
EXPR: 1 | POS | INT | 2 | 3 | 3 | 40=((x*4)+28) | 40 x 4 * 28 + = | 40:ticket x:ride 4:ticket *:ticket 28:ticket +:ticket =:ticket
EXPR: 1 | POS | INT | 2 | 3 | 3 | (40-(x*4))=28 | 40 x 4 * - 28 = | 40:ticket x:ride 4:ticket *:ticket -:ticket 28:ticket =:ticket
EXPR: 0 | POS | INT | 2 | 3 | 17 | 40=((4*x)-28) | 40 4 x * 28 - = | 40:ticket 4:ticket x:ride *:ticket 28:ticket -:ticket =:ticket
EXPR: 1 | POS | INT | 2 | 3 | 3 | 40=((4*x)+28) | 40 4 x * 28 + = | 40:ticket 4:ticket x:ride *:ticket 28:ticket +:ticket =:ticket
EXPR: 1 | POS | INT | 2 | 3 | 3 | (40-(4*x))=28 | 40 4 x * - 28 = | 40:ticket 4:ticket x:ride *:ticket -:ticket 28:ticket =:ticket
EXPR: 0 | POS | INT | 4 | 3 | 17 | ((x*4)-40)=28 | x 4 * 40 - 28 = | x:ride 4:ticket *:ticket 40:ticket -:ticket 28:ticket =:ticket
EXPR: 0 | POS | INT | 4 | 3 | 17 | ((40+28)/x)=4 | 40 28 + x / 4 = | 40:ticket 28:ticket +:ticket x:ride /:ticket 4:ticket =:ticket
EXPR: 1 | POS | INT | 4 | 3 | 3 | ((40-28)/x)=4 | 40 28 - x / 4 = | 40:ticket 28:ticket -:ticket x:ride /:ticket 4:ticket =:ticket
EXPR: 1 | POS | INT | 4 | 3 | 3 | 40=(28+(4*x)) | 40 28 4 x * + = | 40:ticket 28:ticket 4:ticket x:ride *:ticket +:ticket =:ticket
EXPR: 0 | POS | INT | 4 | 3 | 17 | 4=((40+28)/x) | 4 40 28 + x / = | 4:ticket 40:ticket 28:ticket +:ticket x:ride /:ticket =:ticket
EXPR: 1 | POS | INT | 4 | 3 | 3 | 4=((40-28)/x) | 4 40 28 - x / = | 4:ticket 40:ticket 28:ticket -:ticket x:ride /:ticket =:ticket
EXPR: 1 | POS | INT | 4 | 3 | 3 | 40=(28+(x*4)) | 40 28 x 4 * + = | 40:ticket 28:ticket x:ride 4:ticket *:ticket +:ticket =:ticket
EXPR: 0 | POS | INT | 4 | 3 | 17 | ((4*x)-40)=28 | 4 x * 40 - 28 = | 4:ticket x:ride *:ticket 40:ticket -:ticket 28:ticket =:ticket
EXPR: 0 | POS | INT | 7 | 3 | 17 | ((x*4)-28)=40 | x 4 * 28 - 40 = | x:ride 4:ticket *:ticket 28:ticket -:ticket 40:ticket =:ticket
EXPR: 0 | POS | INT | 7 | 3 | 17 | ((4*x)-28)=40 | 4 x * 28 - 40 = | 4:ticket x:ride *:ticket 28:ticket -:ticket 40:ticket =:ticket
EXPR: 1 | POS | INT | 7 | 3 | 3 | ((4*x)+28)=40 | 4 x * 28 + 40 = | 4:ticket x:ride *:ticket 28:ticket +:ticket 40:ticket =:ticket
EXPR: 1 | POS | INT | 7 | 3 | 3 | ((x*4)+28)=40 | x 4 * 28 + 40 = | x:ride 4:ticket *:ticket 28:ticket +:ticket 40:ticket =:ticket
EXPR: 1 | POS | INT | 7 | 3 | 3 | 28=(40-(x*4)) | 28 40 x 4 * - = | 28:ticket 40:ticket x:ride 4:ticket *:ticket -:ticket =:ticket
EXPR: 1 | POS | INT | 9 | 3 | 3 | (28+(4*x))=40 | 28 4 x * + 40 = | 28:ticket 4:ticket x:ride *:ticket +:ticket 40:ticket =:ticket
EXPR: 0 | POS | INT | 9 | 3 | 17 | 28=((x*4)-40) | 28 x 4 * 40 - = | 28:ticket x:ride 4:ticket *:ticket 40:ticket -:ticket =:ticket
EXPR: 1 | POS | INT | 9 | 3 | 3 | (28+(x*4))=40 | 28 x 4 * + 40 = | 28:ticket x:ride 4:ticket *:ticket +:ticket 40:ticket =:ticket
EXPR: 0 | POS | INT | 10 | 3 | 1232 | x=((40+4)*28) | x 40 4 + 28 * = | x:ride 40:ticket 4:ticket +:ticket 28:ride *:ride =:ride
EXPR: 0 | POS | INT | 10 | 3 | 1280 | x=(40*(4+28)) | x 40 4 28 + * = | x:ride 40:ride 4:ticket 28:ticket +:ticket *:ride =:ride
EXPR: 0 | POS | INT | 10 | 3 | 1008 | ((40-4)*28)=x | 40 4 - 28 * x = | 40:ticket 4:ticket -:ticket 28:ride *:ride x:ride =:ride
EXPR: 0 | POS | INT | 10 | 3 | 16 | ((40+4)-28)=x | 40 4 + 28 - x = | 40:ticket 4:ticket +:ticket 28:ticket -:ticket x:ticket =:ticket
EXPR: 0 | POS | INT | 10 | 3 | 8 | ((40-4)-28)=x | 40 4 - 28 - x = | 40:ticket 4:ticket -:ticket 28:ticket -:ticket x:ticket =:ticket
EXPR: 0 | POS | INT | 10 | 3 | 64 | (40-(4-28))=x | 40 4 28 - - x = | 40:ticket 4:ticket 28:ticket -:ticket -:ticket x:ticket =:ticket
EXPR: 0 | POS | INT | 10 | 3 | 64 | ((40-4)+28)=x | 40 4 - 28 + x = | 40:ticket 4:ticket -:ticket 28:ticket +:ticket x:ticket =:ticket
EXPR: 0 | POS | INT | 10 | 3 | 16 | x=(40+(4-28)) | x 40 4 28 - + = | x:ticket 40:ticket 4:ticket 28:ticket -:ticket +:ticket =:ticket
EXPR: 0 | POS | INT | 10 | 3 | 8 | x=(40-(4+28)) | x 40 4 28 + - = | x:ticket 40:ticket 4:ticket 28:ticket +:ticket -:ticket =:ticket
EXPR: 0 | POS | INT | 10 | 3 | 72 | ((40+4)+28)=x | 40 4 + 28 + x = | 40:ticket 4:ticket +:ticket 28:ticket +:ticket x:ticket =:ticket
EXPR: 0 | POS | INT | 10 | 3 | 16 | (40+(4-28))=x | 40 4 28 - + x = | 40:ticket 4:ticket 28:ticket -:ticket +:ticket x:ticket =:ticket
EXPR: 0 | POS | INT | 10 | 3 | 1008 | x=((40-4)*28) | x 40 4 - 28 * = | x:ride 40:ticket 4:ticket -:ticket 28:ride *:ride =:ride
EXPR: 0 | POS | INT | 10 | 3 | 72 | x=(40+(4+28)) | x 40 4 28 + + = | x:ticket 40:ticket 4:ticket 28:ticket +:ticket +:ticket =:ticket
EXPR: 0 | POS | INT | 10 | 3 | 1232 | ((40+4)*28)=x | 40 4 + 28 * x = | 40:ticket 4:ticket +:ticket 28:ride *:ride x:ride =:ride
EXPR: 0 | POS | INT | 10 | 3 | 72 | (40+(4+28))=x | 40 4 28 + + x = | 40:ticket 4:ticket 28:ticket +:ticket +:ticket x:ticket =:ticket
EXPR: 0 | POS | INT | 10 | 3 | 64 | x=(40-(4-28)) | x 40 4 28 - - = | x:ticket 40:ticket 4:ticket 28:ticket -:ticket -:ticket =:ticket
EXPR: 0 | POS | INT | 10 | 3 | 1280 | (40*(4+28))=x | 40 4 28 + * x = | 40:ride 4:ticket 28:ticket +:ticket *:ride x:ride =:ride
EXPR: 0 | POS | INT | 10 | 3 | 16 | x=((40+4)-28) | x 40 4 + 28 - = | x:ticket 40:ticket 4:ticket +:ticket 28:ticket -:ticket =:ticket
EXPR: 0 | POS | INT | 10 | 3 | 64 | x=((40-4)+28) | x 40 4 - 28 + = | x:ticket 40:ticket 4:ticket -:ticket 28:ticket +:ticket =:ticket
EXPR: 0 | POS | INT | 10 | 3 | 8 | x=((40-4)-28) | x 40 4 - 28 - = | x:ticket 40:ticket 4:ticket -:ticket 28:ticket -:ticket =:ticket
EXPR: 0 | POS | INT | 10 | 3 | 8 | (40-(4+28))=x | 40 4 28 + - x = | 40:ticket 4:ticket 28:ticket +:ticket -:ticket x:ticket =:ticket
EXPR: 0 | POS | INT | 10 | 3 | 72 | x=((40+4)+28) | x 40 4 + 28 + = | x:ticket 40:ticket 4:ticket +:ticket 28:ticket +:ticket =:ticket
EXPR: 0 | POS | INT | 12 | 3 | 1280 | 40=(x/(4+28)) | 40 x 4 28 + / = | 40:ride x:ride 4:ticket 28:ticket +:ticket /:ride =:ride
EXPR: 0 | POS | INT | 12 | 3 | 1232 | (x/(40+4))=28 | x 40 4 + / 28 = | x:ride 40:ticket 4:ticket +:ticket /:ride 28:ride =:ride
EXPR: 0 | POS | INT | 12 | 3 | 38 | 40=(4*(x-28)) | 40 4 x 28 - * = | 40:ticket 4:ticket x:ride 28:ride -:ride *:ticket =:ticket
EXPR: 0 | POS | INT | 12 | 3 | 72 | (x-(40+4))=28 | x 40 4 + - 28 = | x:ticket 40:ticket 4:ticket +:ticket -:ticket 28:ticket =:ticket
EXPR: 0 | POS | INT | 12 | 3 | 64 | 40=((x+4)-28) | 40 x 4 + 28 - = | 40:ticket x:ticket 4:ticket +:ticket 28:ticket -:ticket =:ticket
EXPR: 0 | POS | INT | 12 | 3 | 8 | 40=((4+28)+x) | 40 4 28 + x + = | 40:ticket 4:ticket 28:ticket +:ticket x:ticket +:ticket =:ticket
EXPR: 0 | POS | INT | 12 | 3 | 64 | 40=((4-28)+x) | 40 4 28 - x + = | 40:ticket 4:ticket 28:ticket -:ticket x:ticket +:ticket =:ticket
EXPR: 0 | POS | INT | 12 | 3 | 272 | x=(4*(40+28)) | x 4 40 28 + * = | x:ride 4:ride 40:ticket 28:ticket +:ticket *:ride =:ride
EXPR: 0 | POS | INT | 12 | 3 | 16 | ((40-x)+4)=28 | 40 x - 4 + 28 = | 40:ticket x:ticket -:ticket 4:ticket +:ticket 28:ticket =:ticket
EXPR: 0 | POS | INT | 12 | 3 | 47 | ((x-40)*4)=28 | x 40 - 4 * 28 = | x:ride 40:ride -:ride 4:ticket *:ticket 28:ticket =:ticket
EXPR: 0 | POS | INT | 12 | 3 | 1008 | (x/(40-4))=28 | x 40 4 - / 28 = | x:ride 40:ticket 4:ticket -:ticket /:ride 28:ride =:ride
EXPR: 0 | POS | INT | 12 | 3 | 64 | ((40+28)-4)=x | 40 28 + 4 - x = | 40:ticket 28:ticket +:ticket 4:ticket -:ticket x:ticket =:ticket
EXPR: 0 | POS | INT | 12 | 3 | 8 | ((40-28)-4)=x | 40 28 - 4 - x = | 40:ticket 28:ticket -:ticket 4:ticket -:ticket x:ticket =:ticket
EXPR: 0 | POS | INT | 12 | 3 | 272 | x=((40+28)*4) | x 40 28 + 4 * = | x:ride 40:ticket 28:ticket +:ticket 4:ride *:ride =:ride
EXPR: 0 | POS | INT | 12 | 3 | 16 | (40-(28-4))=x | 40 28 4 - - x = | 40:ticket 28:ticket 4:ticket -:ticket -:ticket x:ticket =:ticket
EXPR: 0 | POS | INT | 12 | 3 | 8 | 40=((x+4)+28) | 40 x 4 + 28 + = | 40:ticket x:ticket 4:ticket +:ticket 28:ticket +:ticket =:ticket
EXPR: 0 | POS | INT | 12 | 3 | 960 | (40*(28-4))=x | 40 28 4 - * x = | 40:ride 28:ticket 4:ticket -:ticket *:ride x:ride =:ride
EXPR: 0 | POS | INT | 12 | 3 | 72 | ((x-40)-4)=28 | x 40 - 4 - 28 = | x:ticket 40:ticket -:ticket 4:ticket -:ticket 28:ticket =:ticket
EXPR: 0 | POS | INT | 12 | 3 | 48 | x=(4*(40-28)) | x 4 40 28 - * = | x:ride 4:ride 40:ticket 28:ticket -:ticket *:ride =:ride
EXPR: 0 | POS | INT | 12 | 3 | 960 | x=(40*(28-4)) | x 40 28 4 - * = | x:ride 40:ride 28:ticket 4:ticket -:ticket *:ride =:ride
EXPR: 0 | POS | INT | 12 | 3 | 64 | x=(40+(28-4)) | x 40 28 4 - + = | x:ticket 40:ticket 28:ticket 4:ticket -:ticket +:ticket =:ticket
EXPR: 0 | POS | INT | 12 | 3 | 16 | ((40-28)+4)=x | 40 28 - 4 + x = | 40:ticket 28:ticket -:ticket 4:ticket +:ticket x:ticket =:ticket
EXPR: 0 | POS | INT | 12 | 3 | 64 | (40+(28-4))=x | 40 28 4 - + x = | 40:ticket 28:ticket 4:ticket -:ticket +:ticket x:ticket =:ticket
EXPR: 0 | POS | INT | 12 | 3 | 48 | ((40-28)*4)=x | 40 28 - 4 * x = | 40:ticket 28:ticket -:ticket 4:ride *:ride x:ride =:ride
EXPR: 0 | POS | INT | 12 | 3 | 16 | (40-(x-4))=28 | 40 x 4 - - 28 = | 40:ticket x:ticket 4:ticket -:ticket -:ticket 28:ticket =:ticket
EXPR: 0 | POS | INT | 12 | 3 | 48 | x=((40-28)*4) | x 40 28 - 4 * = | x:ride 40:ticket 28:ticket -:ticket 4:ride *:ride =:ride
EXPR: 0 | POS | INT | 12 | 3 | 18 | 40=(4*(28-x)) | 40 4 28 x - * = | 40:ticket 4:ticket 28:ride x:ride -:ride *:ticket =:ticket
EXPR: 0 | POS | INT | 12 | 3 | 16 | ((40+4)-x)=28 | 40 4 + x - 28 = | 40:ticket 4:ticket +:ticket x:ticket -:ticket 28:ticket =:ticket
EXPR: 0 | POS | INT | 12 | 3 | 8 | ((40-4)-x)=28 | 40 4 - x - 28 = | 40:ticket 4:ticket -:ticket x:ticket -:ticket 28:ticket =:ticket
EXPR: 0 | POS | INT | 12 | 3 | 16 | x=(4+(40-28)) | x 4 40 28 - + = | x:ticket 4:ticket 40:ticket 28:ticket -:ticket +:ticket =:ticket
EXPR: 0 | POS | INT | 12 | 3 | 64 | ((x-40)+4)=28 | x 40 - 4 + 28 = | x:ticket 40:ticket -:ticket 4:ticket +:ticket 28:ticket =:ticket
EXPR: 0 | POS | INT | 12 | 3 | 72 | 40=(x-(4+28)) | 40 x 4 28 + - = | 40:ticket x:ticket 4:ticket 28:ticket +:ticket -:ticket =:ticket
EXPR: 0 | POS | INT | 12 | 3 | 72 | x=(4+(40+28)) | x 4 40 28 + + = | x:ticket 4:ticket 40:ticket 28:ticket +:ticket +:ticket =:ticket
EXPR: 0 | POS | INT | 12 | 3 | 72 | ((40+28)+4)=x | 40 28 + 4 + x = | 40:ticket 28:ticket +:ticket 4:ticket +:ticket x:ticket =:ticket
EXPR: 0 | POS | INT | 12 | 3 | 72 | (4+(40+28))=x | 4 40 28 + + x = | 4:ticket 40:ticket 28:ticket +:ticket +:ticket x:ticket =:ticket
EXPR: 0 | POS | INT | 12 | 3 | 272 | (4*(40+28))=x | 4 40 28 + * x = | 4:ride 40:ticket 28:ticket +:ticket *:ride x:ride =:ride
EXPR: 0 | POS | INT | 12 | 3 | 64 | (x-(40-4))=28 | x 40 4 - - 28 = | x:ticket 40:ticket 4:ticket -:ticket -:ticket 28:ticket =:ticket
EXPR: 0 | POS | INT | 12 | 3 | 64 | 40=(x+(4-28)) | 40 x 4 28 - + = | 40:ticket x:ticket 4:ticket 28:ticket -:ticket +:ticket =:ticket
EXPR: 0 | POS | INT | 12 | 3 | 16 | (4+(40-28))=x | 4 40 28 - + x = | 4:ticket 40:ticket 28:ticket -:ticket +:ticket x:ticket =:ticket
EXPR: 0 | POS | INT | 12 | 3 | 8 | 40=((4+x)+28) | 40 4 x + 28 + = | 40:ticket 4:ticket x:ticket +:ticket 28:ticket +:ticket =:ticket
EXPR: 0 | POS | INT | 12 | 3 | 8 | (40-(x+4))=28 | 40 x 4 + - 28 = | 40:ticket x:ticket 4:ticket +:ticket -:ticket 28:ticket =:ticket
EXPR: 0 | POS | INT | 12 | 3 | 64 | 40=(4+(x-28)) | 40 4 x 28 - + = | 40:ticket 4:ticket x:ticket 28:ticket -:ticket +:ticket =:ticket
EXPR: 0 | POS | INT | 12 | 3 | 8 | 40=(4+(x+28)) | 40 4 x 28 + + = | 40:ticket 4:ticket x:ticket 28:ticket +:ticket +:ticket =:ticket
EXPR: 0 | POS | INT | 12 | 3 | 64 | 40=(4-(28-x)) | 40 4 28 x - - = | 40:ticket 4:ticket 28:ticket x:ticket -:ticket -:ticket =:ticket
EXPR: 0 | POS | INT | 12 | 3 | 8 | 40=(x+(4+28)) | 40 x 4 28 + + = | 40:ticket x:ticket 4:ticket 28:ticket +:ticket +:ticket =:ticket
EXPR: 0 | POS | INT | 12 | 3 | 16 | x=((40-28)+4) | x 40 28 - 4 + = | x:ticket 40:ticket 28:ticket -:ticket 4:ticket +:ticket =:ticket
EXPR: 0 | POS | INT | 12 | 3 | 16 | x=(40-(28-4)) | x 40 28 4 - - = | x:ticket 40:ticket 28:ticket 4:ticket -:ticket -:ticket =:ticket
EXPR: 0 | POS | INT | 12 | 3 | 64 | 40=((4+x)-28) | 40 4 x + 28 - = | 40:ticket 4:ticket x:ticket +:ticket 28:ticket -:ticket =:ticket
EXPR: 0 | POS | INT | 12 | 3 | 64 | x=((40+28)-4) | x 40 28 + 4 - = | x:ticket 40:ticket 28:ticket +:ticket 4:ticket -:ticket =:ticket
EXPR: 0 | POS | INT | 12 | 3 | 33 | ((40-x)*4)=28 | 40 x - 4 * 28 = | 40:ride x:ride -:ride 4:ticket *:ticket 28:ticket =:ticket
EXPR: 0 | POS | INT | 12 | 3 | 8 | x=((40-28)-4) | x 40 28 - 4 - = | x:ticket 40:ticket 28:ticket -:ticket 4:ticket -:ticket =:ticket
EXPR: 0 | POS | INT | 12 | 3 | 72 | x=((40+28)+4) | x 40 28 + 4 + = | x:ticket 40:ticket 28:ticket +:ticket 4:ticket +:ticket =:ticket
EXPR: 0 | POS | INT | 12 | 3 | 8 | 40=(4+(28+x)) | 40 4 28 x + + = | 40:ticket 4:ticket 28:ticket x:ticket +:ticket +:ticket =:ticket
EXPR: 0 | POS | INT | 12 | 3 | 8 | ((40-x)-4)=28 | 40 x - 4 - 28 = | 40:ticket x:ticket -:ticket 4:ticket -:ticket 28:ticket =:ticket
EXPR: 0 | POS | INT | 12 | 3 | 16 | 40=((x-4)+28) | 40 x 4 - 28 + = | 40:ticket x:ticket 4:ticket -:ticket 28:ticket +:ticket =:ticket
EXPR: 0 | POS | INT | 12 | 3 | 72 | 40=((x-4)-28) | 40 x 4 - 28 - = | 40:ticket x:ticket 4:ticket -:ticket 28:ticket -:ticket =:ticket
EXPR: 0 | POS | INT | 12 | 3 | 8 | (40-(4+x))=28 | 40 4 x + - 28 = | 40:ticket 4:ticket x:ticket +:ticket -:ticket 28:ticket =:ticket
EXPR: 0 | POS | INT | 12 | 3 | 16 | (40+(4-x))=28 | 40 4 x - + 28 = | 40:ticket 4:ticket x:ticket -:ticket +:ticket 28:ticket =:ticket
EXPR: 0 | POS | INT | 12 | 3 | 48 | (4*(40-28))=x | 4 40 28 - * x = | 4:ride 40:ticket 28:ticket -:ticket *:ride x:ride =:ride
EXPR: 0 | POS | INT | 12 | 3 | 16 | 40=(x-(4-28)) | 40 x 4 28 - - = | 40:ticket x:ticket 4:ticket 28:ticket -:ticket -:ticket =:ticket
EXPR: 0 | POS | INT | 12 | 3 | 272 | ((40+28)*4)=x | 40 28 + 4 * x = | 40:ticket 28:ticket +:ticket 4:ride *:ride x:ride =:ride
EXPR: 0 | POS | INT | 14 | 3 | 16 | 40=((x+28)-4) | 40 x 28 + 4 - = | 40:ticket x:ticket 28:ticket +:ticket 4:ticket -:ticket =:ticket
EXPR: 0 | POS | INT | 14 | 3 | 960 | 40=(x/(28-4)) | 40 x 28 4 - / = | 40:ride x:ride 28:ticket 4:ticket -:ticket /:ride =:ride
EXPR: 0 | POS | INT | 14 | 3 | 38 | 4=(40/(x-28)) | 4 40 x 28 - / = | 4:ticket 40:ticket x:ride 28:ride -:ride /:ticket =:ticket
EXPR: 0 | POS | INT | 14 | 3 | 16 | 4=(x-(40-28)) | 4 x 40 28 - - = | 4:ticket x:ticket 40:ticket 28:ticket -:ticket -:ticket =:ticket
EXPR: 0 | POS | INT | 14 | 3 | 72 | 4=(x-(40+28)) | 4 x 40 28 + - = | 4:ticket x:ticket 40:ticket 28:ticket +:ticket -:ticket =:ticket
EXPR: 0 | POS | INT | 14 | 3 | 272 | 4=(x/(40+28)) | 4 x 40 28 + / = | 4:ride x:ride 40:ticket 28:ticket +:ticket /:ride =:ride
EXPR: 0 | POS | INT | 14 | 3 | 17 | (40+28)=(4*x) | 40 28 + 4 x * = | 40:ticket 28:ticket +:ticket 4:ticket x:ride *:ticket =:ticket
EXPR: 0 | POS | INT | 14 | 3 | 72 | (x-(40+28))=4 | x 40 28 + - 4 = | x:ticket 40:ticket 28:ticket +:ticket -:ticket 4:ticket =:ticket
EXPR: 0 | POS | INT | 14 | 3 | 16 | 40=((28-4)+x) | 40 28 4 - x + = | 40:ticket 28:ticket 4:ticket -:ticket x:ticket +:ticket =:ticket
EXPR: 0 | POS | INT | 14 | 3 | 16 | 40=((28+x)-4) | 40 28 x + 4 - = | 40:ticket 28:ticket x:ticket +:ticket 4:ticket -:ticket =:ticket
EXPR: 0 | POS | INT | 14 | 3 | 16 | ((4-x)+40)=28 | 4 x - 40 + 28 = | 4:ticket x:ticket -:ticket 40:ticket +:ticket 28:ticket =:ticket
EXPR: 0 | POS | INT | 14 | 3 | 16 | 40=(28+(x-4)) | 40 28 x 4 - + = | 40:ticket 28:ticket x:ticket 4:ticket -:ticket +:ticket =:ticket
EXPR: 0 | POS | INT | 14 | 3 | 8 | 40=(28+(x+4)) | 40 28 x 4 + + = | 40:ticket 28:ticket x:ticket 4:ticket +:ticket +:ticket =:ticket
EXPR: 0 | POS | INT | 14 | 3 | 18 | 40=((28-x)*4) | 40 28 x - 4 * = | 40:ticket 28:ride x:ride -:ride 4:ticket *:ticket =:ticket
EXPR: 0 | POS | INT | 14 | 3 | 8 | 40=((x+28)+4) | 40 x 28 + 4 + = | 40:ticket x:ticket 28:ticket +:ticket 4:ticket +:ticket =:ticket
EXPR: 0 | POS | INT | 14 | 3 | 38 | (40/(x-28))=4 | 40 x 28 - / 4 = | 40:ticket x:ride 28:ride -:ride /:ticket 4:ticket =:ticket
EXPR: 1 | POS | INT | 14 | 3 | 3 | (x*4)=(40-28) | x 4 * 40 28 - = | x:ride 4:ticket *:ticket 40:ticket 28:ticket -:ticket =:ticket
EXPR: 0 | POS | INT | 14 | 3 | 72 | ((x-40)-28)=4 | x 40 - 28 - 4 = | x:ticket 40:ticket -:ticket 28:ticket -:ticket 4:ticket =:ticket
EXPR: 0 | POS | INT | 14 | 3 | 33 | (4*(40-x))=28 | 4 40 x - * 28 = | 4:ticket 40:ride x:ride -:ride *:ticket 28:ticket =:ticket
EXPR: 0 | POS | INT | 14 | 3 | 64 | (40-(x-28))=4 | 40 x 28 - - 4 = | 40:ticket x:ticket 28:ticket -:ticket -:ticket 4:ticket =:ticket
EXPR: 0 | POS | INT | 14 | 3 | 17 | (x*4)=(40+28) | x 4 * 40 28 + = | x:ride 4:ticket *:ticket 40:ticket 28:ticket +:ticket =:ticket
EXPR: 0 | POS | INT | 14 | 3 | 64 | ((40-x)+28)=4 | 40 x - 28 + 4 = | 40:ticket x:ticket -:ticket 28:ticket +:ticket 4:ticket =:ticket
EXPR: 0 | POS | INT | 14 | 3 | 16 | 4=((x-40)+28) | 4 x 40 - 28 + = | 4:ticket x:ticket 40:ticket -:ticket 28:ticket +:ticket =:ticket
EXPR: 0 | POS | INT | 14 | 3 | 38 | 40=((x-28)*4) | 40 x 28 - 4 * = | 40:ticket x:ride 28:ride -:ride 4:ticket *:ticket =:ticket
EXPR: 0 | POS | INT | 14 | 3 | 18 | 4=(40/(28-x)) | 4 40 28 x - / = | 4:ticket 40:ticket 28:ride x:ride -:ride /:ticket =:ticket
EXPR: 0 | POS | INT | 14 | 3 | 64 | (40+(28-x))=4 | 40 28 x - + 4 = | 40:ticket 28:ticket x:ticket -:ticket +:ticket 4:ticket =:ticket
EXPR: 0 | POS | INT | 14 | 3 | 16 | (4-(x-40))=28 | 4 x 40 - - 28 = | 4:ticket x:ticket 40:ticket -:ticket -:ticket 28:ticket =:ticket
EXPR: 0 | POS | INT | 14 | 3 | 272 | (x/(40+28))=4 | x 40 28 + / 4 = | x:ride 40:ticket 28:ticket +:ticket /:ride 4:ride =:ride
EXPR: 0 | POS | INT | 14 | 3 | 72 | ((x-4)-40)=28 | x 4 - 40 - 28 = | x:ticket 4:ticket -:ticket 40:ticket -:ticket 28:ticket =:ticket
EXPR: 0 | POS | INT | 14 | 3 | 48 | 4=(x/(40-28)) | 4 x 40 28 - / = | 4:ride x:ride 40:ticket 28:ticket -:ticket /:ride =:ride
EXPR: 0 | POS | INT | 14 | 3 | 48 | (x/(40-28))=4 | x 40 28 - / 4 = | x:ride 40:ticket 28:ticket -:ticket /:ride 4:ride =:ride
EXPR: 0 | POS | INT | 14 | 3 | 8 | 40=((28+x)+4) | 40 28 x + 4 + = | 40:ticket 28:ticket x:ticket +:ticket 4:ticket +:ticket =:ticket
EXPR: 0 | POS | INT | 14 | 3 | 16 | 40=(28-(4-x)) | 40 28 4 x - - = | 40:ticket 28:ticket 4:ticket x:ticket -:ticket -:ticket =:ticket
EXPR: 0 | POS | INT | 14 | 3 | 8 | 4=(40-(x+28)) | 4 40 x 28 + - = | 4:ticket 40:ticket x:ticket 28:ticket +:ticket -:ticket =:ticket
EXPR: 0 | POS | INT | 14 | 3 | 16 | ((x-40)+28)=4 | x 40 - 28 + 4 = | x:ticket 40:ticket -:ticket 28:ticket +:ticket 4:ticket =:ticket
EXPR: 0 | POS | INT | 14 | 3 | 72 | 4=((x-40)-28) | 4 x 40 - 28 - = | 4:ticket x:ticket 40:ticket -:ticket 28:ticket -:ticket =:ticket
EXPR: 0 | POS | INT | 14 | 3 | 16 | (x-(40-28))=4 | x 40 28 - - 4 = | x:ticket 40:ticket 28:ticket -:ticket -:ticket 4:ticket =:ticket
EXPR: 0 | POS | INT | 14 | 3 | 8 | (40-(28+x))=4 | 40 28 x + - 4 = | 40:ticket 28:ticket x:ticket +:ticket -:ticket 4:ticket =:ticket
EXPR: 0 | POS | INT | 14 | 3 | 8 | 40=(28+(4+x)) | 40 28 4 x + + = | 40:ticket 28:ticket 4:ticket x:ticket +:ticket +:ticket =:ticket
EXPR: 0 | POS | INT | 14 | 3 | 64 | 4=(40-(x-28)) | 4 40 x 28 - - = | 4:ticket 40:ticket x:ticket 28:ticket -:ticket -:ticket =:ticket
EXPR: 0 | POS | INT | 14 | 3 | 64 | (4+(x-40))=28 | 4 x 40 - + 28 = | 4:ticket x:ticket 40:ticket -:ticket +:ticket 28:ticket =:ticket
EXPR: 0 | POS | INT | 14 | 3 | 16 | 40=(x+(28-4)) | 40 x 28 4 - + = | 40:ticket x:ticket 28:ticket 4:ticket -:ticket +:ticket =:ticket
EXPR: 0 | POS | INT | 14 | 3 | 64 | 40=(x-(28-4)) | 40 x 28 4 - - = | 40:ticket x:ticket 28:ticket 4:ticket -:ticket -:ticket =:ticket
EXPR: 1 | POS | INT | 14 | 3 | 3 | (40-28)=(x*4) | 40 28 - x 4 * = | 40:ticket 28:ticket -:ticket x:ride 4:ticket *:ticket =:ticket
EXPR: 0 | POS | INT | 14 | 3 | 64 | 4=(40+(28-x)) | 4 40 28 x - + = | 4:ticket 40:ticket 28:ticket x:ticket -:ticket +:ticket =:ticket
EXPR: 0 | POS | INT | 14 | 3 | 18 | (40/(28-x))=4 | 40 28 x - / 4 = | 40:ticket 28:ride x:ride -:ride /:ticket 4:ticket =:ticket
EXPR: 0 | POS | INT | 14 | 3 | 64 | ((4+x)-40)=28 | 4 x + 40 - 28 = | 4:ticket x:ticket +:ticket 40:ticket -:ticket 28:ticket =:ticket
EXPR: 0 | POS | INT | 14 | 3 | 64 | (x+(4-40))=28 | x 4 40 - + 28 = | x:ticket 4:ticket 40:ticket -:ticket +:ticket 28:ticket =:ticket
EXPR: 0 | POS | INT | 14 | 3 | 17 | (40+28)=(x*4) | 40 28 + x 4 * = | 40:ticket 28:ticket +:ticket x:ride 4:ticket *:ticket =:ticket
EXPR: 1 | POS | INT | 14 | 3 | 3 | (40-28)=(4*x) | 40 28 - 4 x * = | 40:ticket 28:ticket -:ticket 4:ticket x:ride *:ticket =:ticket
EXPR: 0 | POS | INT | 14 | 3 | 47 | (4*(x-40))=28 | 4 x 40 - * 28 = | 4:ticket x:ride 40:ride -:ride *:ticket 28:ticket =:ticket
EXPR: 0 | POS | INT | 14 | 3 | 8 | 4=(40-(28+x)) | 4 40 28 x + - = | 4:ticket 40:ticket 28:ticket x:ticket +:ticket -:ticket =:ticket
EXPR: 0 | POS | INT | 14 | 3 | 64 | 4=((40+28)-x) | 4 40 28 + x - = | 4:ticket 40:ticket 28:ticket +:ticket x:ticket -:ticket =:ticket
EXPR: 0 | POS | INT | 14 | 3 | 64 | ((4-40)+x)=28 | 4 40 - x + 28 = | 4:ticket 40:ticket -:ticket x:ticket +:ticket 28:ticket =:ticket
EXPR: 0 | POS | INT | 14 | 3 | 8 | 4=((40-28)-x) | 4 40 28 - x - = | 4:ticket 40:ticket 28:ticket -:ticket x:ticket -:ticket =:ticket
EXPR: 0 | POS | INT | 14 | 3 | 8 | ((40-x)-28)=4 | 40 x - 28 - 4 = | 40:ticket x:ticket -:ticket 28:ticket -:ticket 4:ticket =:ticket
EXPR: 0 | POS | INT | 14 | 3 | 64 | ((x+4)-40)=28 | x 4 + 40 - 28 = | x:ticket 4:ticket +:ticket 40:ticket -:ticket 28:ticket =:ticket
EXPR: 0 | POS | INT | 14 | 3 | 64 | 40=((x-28)+4) | 40 x 28 - 4 + = | 40:ticket x:ticket 28:ticket -:ticket 4:ticket +:ticket =:ticket
EXPR: 0 | POS | INT | 14 | 3 | 8 | (40-(x+28))=4 | 40 x 28 + - 4 = | 40:ticket x:ticket 28:ticket +:ticket -:ticket 4:ticket =:ticket
EXPR: 0 | POS | INT | 14 | 3 | 64 | (4-(40-x))=28 | 4 40 x - - 28 = | 4:ticket 40:ticket x:ticket -:ticket -:ticket 28:ticket =:ticket
EXPR: 0 | POS | INT | 14 | 3 | 16 | (4+(40-x))=28 | 4 40 x - + 28 = | 4:ticket 40:ticket x:ticket -:ticket +:ticket 28:ticket =:ticket
EXPR: 1 | POS | INT | 14 | 3 | 3 | (4*x)=(40-28) | 4 x * 40 28 - = | 4:ticket x:ride *:ticket 40:ticket 28:ticket -:ticket =:ticket
EXPR: 0 | POS | INT | 14 | 3 | 64 | ((40+28)-x)=4 | 40 28 + x - 4 = | 40:ticket 28:ticket +:ticket x:ticket -:ticket 4:ticket =:ticket
EXPR: 0 | POS | INT | 14 | 3 | 8 | ((40-28)-x)=4 | 40 28 - x - 4 = | 40:ticket 28:ticket -:ticket x:ticket -:ticket 4:ticket =:ticket
EXPR: 0 | POS | INT | 14 | 3 | 8 | 4=((40-x)-28) | 4 40 x - 28 - = | 4:ticket 40:ticket x:ticket -:ticket 28:ticket -:ticket =:ticket
EXPR: 0 | POS | INT | 14 | 3 | 64 | 4=((40-x)+28) | 4 40 x - 28 + = | 4:ticket 40:ticket x:ticket -:ticket 28:ticket +:ticket =:ticket
EXPR: 0 | POS | INT | 14 | 3 | 72 | 40=((x-28)-4) | 40 x 28 - 4 - = | 40:ticket x:ticket 28:ticket -:ticket 4:ticket -:ticket =:ticket
EXPR: 0 | POS | INT | 15 | 3 | 1232 | x=(28*(40+4)) | x 28 40 4 + * = | x:ride 28:ride 40:ticket 4:ticket +:ticket *:ride =:ride
EXPR: 0 | POS | INT | 15 | 3 | 1280 | x=((4+28)*40) | x 4 28 + 40 * = | x:ride 4:ticket 28:ticket +:ticket 40:ride *:ride =:ride
EXPR: 0 | POS | INT | 15 | 3 | 72 | x=((4+28)+40) | x 4 28 + 40 + = | x:ticket 4:ticket 28:ticket +:ticket 40:ticket +:ticket =:ticket
EXPR: 0 | POS | INT | 15 | 3 | 1008 | x=(28*(40-4)) | x 28 40 4 - * = | x:ride 28:ride 40:ticket 4:ticket -:ticket *:ride =:ride
EXPR: 0 | POS | INT | 15 | 3 | 1280 | ((4+28)*40)=x | 4 28 + 40 * x = | 4:ticket 28:ticket +:ticket 40:ride *:ride x:ride =:ride
EXPR: 0 | POS | INT | 15 | 3 | 64 | x=(28+(40-4)) | x 28 40 4 - + = | x:ticket 28:ticket 40:ticket 4:ticket -:ticket +:ticket =:ticket
EXPR: 0 | POS | INT | 15 | 3 | 72 | x=(28+(40+4)) | x 28 40 4 + + = | x:ticket 28:ticket 40:ticket 4:ticket +:ticket +:ticket =:ticket
EXPR: 0 | POS | INT | 15 | 3 | 72 | (28+(40+4))=x | 28 40 4 + + x = | 28:ticket 40:ticket 4:ticket +:ticket +:ticket x:ticket =:ticket
EXPR: 0 | POS | INT | 15 | 3 | 64 | (28+(40-4))=x | 28 40 4 - + x = | 28:ticket 40:ticket 4:ticket -:ticket +:ticket x:ticket =:ticket
EXPR: 0 | POS | INT | 15 | 3 | 16 | ((4-28)+40)=x | 4 28 - 40 + x = | 4:ticket 28:ticket -:ticket 40:ticket +:ticket x:ticket =:ticket
EXPR: 0 | POS | INT | 15 | 3 | 1232 | (28*(40+4))=x | 28 40 4 + * x = | 28:ride 40:ticket 4:ticket +:ticket *:ride x:ride =:ride
EXPR: 0 | POS | INT | 15 | 3 | 16 | (4-(28-40))=x | 4 28 40 - - x = | 4:ticket 28:ticket 40:ticket -:ticket -:ticket x:ticket =:ticket
EXPR: 0 | POS | INT | 15 | 3 | 72 | ((4+28)+40)=x | 4 28 + 40 + x = | 4:ticket 28:ticket +:ticket 40:ticket +:ticket x:ticket =:ticket
EXPR: 0 | POS | INT | 15 | 3 | 16 | x=(4-(28-40)) | x 4 28 40 - - = | x:ticket 4:ticket 28:ticket 40:ticket -:ticket -:ticket =:ticket
EXPR: 0 | POS | INT | 15 | 3 | 16 | x=((4-28)+40) | x 4 28 - 40 + = | x:ticket 4:ticket 28:ticket -:ticket 40:ticket +:ticket =:ticket
EXPR: 0 | POS | INT | 15 | 3 | 1008 | (28*(40-4))=x | 28 40 4 - * x = | 28:ride 40:ticket 4:ticket -:ticket *:ride x:ride =:ride
EXPR: 0 | POS | INT | 17 | 3 | 16 | 4=((x+28)-40) | 4 x 28 + 40 - = | 4:ticket x:ticket 28:ticket +:ticket 40:ticket -:ticket =:ticket
EXPR: 0 | POS | INT | 17 | 3 | 64 | 28=(x-(40-4)) | 28 x 40 4 - - = | 28:ticket x:ticket 40:ticket 4:ticket -:ticket -:ticket =:ticket
EXPR: 0 | POS | INT | 17 | 3 | 72 | 28=(x-(40+4)) | 28 x 40 4 + - = | 28:ticket x:ticket 40:ticket 4:ticket +:ticket -:ticket =:ticket
EXPR: 0 | POS | INT | 17 | 3 | 960 | ((28-4)*40)=x | 28 4 - 40 * x = | 28:ticket 4:ticket -:ticket 40:ride *:ride x:ride =:ride
EXPR: 0 | POS | INT | 17 | 3 | 18 | (4*(28-x))=40 | 4 28 x - * 40 = | 4:ticket 28:ride x:ride -:ride *:ticket 40:ticket =:ticket
EXPR: 0 | POS | INT | 17 | 3 | 64 | (28-(x-40))=4 | 28 x 40 - - 4 = | 28:ticket x:ticket 40:ticket -:ticket -:ticket 4:ticket =:ticket
EXPR: 0 | POS | INT | 17 | 3 | 16 | (28+(x-40))=4 | 28 x 40 - + 4 = | 28:ticket x:ticket 40:ticket -:ticket +:ticket 4:ticket =:ticket
EXPR: 0 | POS | INT | 17 | 3 | 47 | (28/(x-40))=4 | 28 x 40 - / 4 = | 28:ticket x:ride 40:ride -:ride /:ticket 4:ticket =:ticket
EXPR: 0 | POS | INT | 17 | 3 | 1280 | (x/(4+28))=40 | x 4 28 + / 40 = | x:ride 4:ticket 28:ticket +:ticket /:ride 40:ride =:ride
EXPR: 0 | POS | INT | 17 | 3 | 16 | 4=((28+x)-40) | 4 28 x + 40 - = | 4:ticket 28:ticket x:ticket +:ticket 40:ticket -:ticket =:ticket
EXPR: 0 | POS | INT | 17 | 3 | 64 | 4=((28-x)+40) | 4 28 x - 40 + = | 4:ticket 28:ticket x:ticket -:ticket 40:ticket +:ticket =:ticket
EXPR: 0 | POS | INT | 17 | 3 | 33 | (28/(40-x))=4 | 28 40 x - / 4 = | 28:ticket 40:ride x:ride -:ride /:ticket 4:ticket =:ticket
EXPR: 0 | POS | INT | 17 | 3 | 16 | 4=(x+(28-40)) | 4 x 28 40 - + = | 4:ticket x:ticket 28:ticket 40:ticket -:ticket +:ticket =:ticket
EXPR: 0 | POS | INT | 17 | 3 | 16 | ((x+28)-40)=4 | x 28 + 40 - 4 = | x:ticket 28:ticket +:ticket 40:ticket -:ticket 4:ticket =:ticket
EXPR: 0 | POS | INT | 17 | 3 | 72 | ((x-28)-40)=4 | x 28 - 40 - 4 = | x:ticket 28:ticket -:ticket 40:ticket -:ticket 4:ticket =:ticket
EXPR: 0 | POS | INT | 17 | 3 | 1232 | 28=(x/(40+4)) | 28 x 40 4 + / = | 28:ride x:ride 40:ticket 4:ticket +:ticket /:ride =:ride
EXPR: 0 | POS | INT | 17 | 3 | 38 | (4*(x-28))=40 | 4 x 28 - * 40 = | 4:ticket x:ride 28:ride -:ride *:ticket 40:ticket =:ticket
EXPR: 0 | POS | INT | 17 | 3 | 64 | ((x+4)-28)=40 | x 4 + 28 - 40 = | x:ticket 4:ticket +:ticket 28:ticket -:ticket 40:ticket =:ticket
EXPR: 0 | POS | INT | 17 | 3 | 64 | ((4+x)-28)=40 | 4 x + 28 - 40 = | 4:ticket x:ticket +:ticket 28:ticket -:ticket 40:ticket =:ticket
EXPR: 0 | POS | INT | 17 | 3 | 8 | ((4+x)+28)=40 | 4 x + 28 + 40 = | 4:ticket x:ticket +:ticket 28:ticket +:ticket 40:ticket =:ticket
EXPR: 0 | POS | INT | 17 | 3 | 16 | (x-(4-28))=40 | x 4 28 - - 40 = | x:ticket 4:ticket 28:ticket -:ticket -:ticket 40:ticket =:ticket
EXPR: 0 | POS | INT | 17 | 3 | 64 | (x+(4-28))=40 | x 4 28 - + 40 = | x:ticket 4:ticket 28:ticket -:ticket +:ticket 40:ticket =:ticket
EXPR: 0 | POS | INT | 17 | 3 | 16 | 4=((28-40)+x) | 4 28 40 - x + = | 4:ticket 28:ticket 40:ticket -:ticket x:ticket +:ticket =:ticket
EXPR: 0 | POS | INT | 17 | 3 | 1008 | 28=(x/(40-4)) | 28 x 40 4 - / = | 28:ride x:ride 40:ticket 4:ticket -:ticket /:ride =:ride
EXPR: 0 | POS | INT | 17 | 3 | 16 | ((28+x)-40)=4 | 28 x + 40 - 4 = | 28:ticket x:ticket +:ticket 40:ticket -:ticket 4:ticket =:ticket
EXPR: 0 | POS | INT | 17 | 3 | 16 | 4=(28+(x-40)) | 4 28 x 40 - + = | 4:ticket 28:ticket x:ticket 40:ticket -:ticket +:ticket =:ticket
EXPR: 0 | POS | INT | 17 | 3 | 64 | (4-(28-x))=40 | 4 28 x - - 40 = | 4:ticket 28:ticket x:ticket -:ticket -:ticket 40:ticket =:ticket
EXPR: 0 | POS | INT | 17 | 3 | 64 | 28=((x-40)+4) | 28 x 40 - 4 + = | 28:ticket x:ticket 40:ticket -:ticket 4:ticket +:ticket =:ticket
EXPR: 0 | POS | INT | 17 | 3 | 64 | (4+(x-28))=40 | 4 x 28 - + 40 = | 4:ticket x:ticket 28:ticket -:ticket +:ticket 40:ticket =:ticket
EXPR: 0 | POS | INT | 17 | 3 | 64 | x=(28-(4-40)) | x 28 4 40 - - = | x:ticket 28:ticket 4:ticket 40:ticket -:ticket -:ticket =:ticket
EXPR: 0 | POS | INT | 17 | 3 | 16 | (x+(28-40))=4 | x 28 40 - + 4 = | x:ticket 28:ticket 40:ticket -:ticket +:ticket 4:ticket =:ticket
EXPR: 0 | POS | INT | 17 | 3 | 8 | (x+(4+28))=40 | x 4 28 + + 40 = | x:ticket 4:ticket 28:ticket +:ticket +:ticket 40:ticket =:ticket
EXPR: 0 | POS | INT | 17 | 3 | 64 | 4=(28-(x-40)) | 4 28 x 40 - - = | 4:ticket 28:ticket x:ticket 40:ticket -:ticket -:ticket =:ticket
EXPR: 0 | POS | INT | 17 | 3 | 16 | ((x-4)+28)=40 | x 4 - 28 + 40 = | x:ticket 4:ticket -:ticket 28:ticket +:ticket 40:ticket =:ticket
EXPR: 0 | POS | INT | 17 | 3 | 8 | (4+(x+28))=40 | 4 x 28 + + 40 = | 4:ticket x:ticket 28:ticket +:ticket +:ticket 40:ticket =:ticket
EXPR: 0 | POS | INT | 17 | 3 | 64 | ((28-x)+40)=4 | 28 x - 40 + 4 = | 28:ticket x:ticket -:ticket 40:ticket +:ticket 4:ticket =:ticket
EXPR: 0 | POS | INT | 17 | 3 | 8 | (4+(28+x))=40 | 4 28 x + + 40 = | 4:ticket 28:ticket x:ticket +:ticket +:ticket 40:ticket =:ticket
EXPR: 0 | POS | INT | 17 | 3 | 72 | (x-(4+28))=40 | x 4 28 + - 40 = | x:ticket 4:ticket 28:ticket +:ticket -:ticket 40:ticket =:ticket
EXPR: 0 | POS | INT | 17 | 3 | 64 | ((28-4)+40)=x | 28 4 - 40 + x = | 28:ticket 4:ticket -:ticket 40:ticket +:ticket x:ticket =:ticket
EXPR: 0 | POS | INT | 17 | 3 | 33 | 4=(28/(40-x)) | 4 28 40 x - / = | 4:ticket 28:ticket 40:ride x:ride -:ride /:ticket =:ticket
EXPR: 0 | POS | INT | 17 | 3 | 64 | ((4-28)+x)=40 | 4 28 - x + 40 = | 4:ticket 28:ticket -:ticket x:ticket +:ticket 40:ticket =:ticket
EXPR: 0 | POS | INT | 17 | 3 | 8 | 28=(40-(x+4)) | 28 40 x 4 + - = | 28:ticket 40:ticket x:ticket 4:ticket +:ticket -:ticket =:ticket
EXPR: 0 | POS | INT | 17 | 3 | 16 | 28=(40-(x-4)) | 28 40 x 4 - - = | 28:ticket 40:ticket x:ticket 4:ticket -:ticket -:ticket =:ticket
EXPR: 0 | POS | INT | 17 | 3 | 72 | 28=((x-40)-4) | 28 x 40 - 4 - = | 28:ticket x:ticket 40:ticket -:ticket 4:ticket -:ticket =:ticket
EXPR: 0 | POS | INT | 17 | 3 | 16 | 28=((40+4)-x) | 28 40 4 + x - = | 28:ticket 40:ticket 4:ticket +:ticket x:ticket -:ticket =:ticket
EXPR: 0 | POS | INT | 17 | 3 | 960 | x=((28-4)*40) | x 28 4 - 40 * = | x:ride 28:ticket 4:ticket -:ticket 40:ride *:ride =:ride
EXPR: 0 | POS | INT | 17 | 3 | 8 | ((x+4)+28)=40 | x 4 + 28 + 40 = | x:ticket 4:ticket +:ticket 28:ticket +:ticket 40:ticket =:ticket
EXPR: 0 | POS | INT | 17 | 3 | 72 | ((x-4)-28)=40 | x 4 - 28 - 40 = | x:ticket 4:ticket -:ticket 28:ticket -:ticket 40:ticket =:ticket
EXPR: 0 | POS | INT | 17 | 3 | 33 | 28=((40-x)*4) | 28 40 x - 4 * = | 28:ticket 40:ride x:ride -:ride 4:ticket *:ticket =:ticket
EXPR: 0 | POS | INT | 17 | 3 | 8 | 28=(40-(4+x)) | 28 40 4 x + - = | 28:ticket 40:ticket 4:ticket x:ticket +:ticket -:ticket =:ticket
EXPR: 0 | POS | INT | 17 | 3 | 16 | ((28-40)+x)=4 | 28 40 - x + 4 = | 28:ticket 40:ticket -:ticket x:ticket +:ticket 4:ticket =:ticket
EXPR: 0 | POS | INT | 17 | 3 | 8 | 28=((40-4)-x) | 28 40 4 - x - = | 28:ticket 40:ticket 4:ticket -:ticket x:ticket -:ticket =:ticket
EXPR: 0 | POS | INT | 17 | 3 | 16 | 28=(40+(4-x)) | 28 40 4 x - + = | 28:ticket 40:ticket 4:ticket x:ticket -:ticket +:ticket =:ticket
EXPR: 0 | POS | INT | 17 | 3 | 47 | 4=(28/(x-40)) | 4 28 x 40 - / = | 4:ticket 28:ticket x:ride 40:ride -:ride /:ticket =:ticket
EXPR: 0 | POS | INT | 17 | 3 | 72 | 4=((x-28)-40) | 4 x 28 - 40 - = | 4:ticket x:ticket 28:ticket -:ticket 40:ticket -:ticket =:ticket
EXPR: 0 | POS | INT | 17 | 3 | 64 | (28+(40-x))=4 | 28 40 x - + 4 = | 28:ticket 40:ticket x:ticket -:ticket +:ticket 4:ticket =:ticket
EXPR: 0 | POS | INT | 17 | 3 | 64 | 4=(28+(40-x)) | 4 28 40 x - + = | 4:ticket 28:ticket 40:ticket x:ticket -:ticket +:ticket =:ticket
EXPR: 0 | POS | INT | 17 | 3 | 8 | 28=((40-x)-4) | 28 40 x - 4 - = | 28:ticket 40:ticket x:ticket -:ticket 4:ticket -:ticket =:ticket
EXPR: 0 | POS | INT | 17 | 3 | 16 | 4=(28-(40-x)) | 4 28 40 x - - = | 4:ticket 28:ticket 40:ticket x:ticket -:ticket -:ticket =:ticket
EXPR: 0 | POS | INT | 17 | 3 | 64 | (28-(4-40))=x | 28 4 40 - - x = | 28:ticket 4:ticket 40:ticket -:ticket -:ticket x:ticket =:ticket
EXPR: 0 | POS | INT | 17 | 3 | 64 | x=((28-4)+40) | x 28 4 - 40 + = | x:ticket 28:ticket 4:ticket -:ticket 40:ticket +:ticket =:ticket
EXPR: 0 | POS | INT | 17 | 3 | 16 | (28-(40-x))=4 | 28 40 x - - 4 = | 28:ticket 40:ticket x:ticket -:ticket -:ticket 4:ticket =:ticket
EXPR: 0 | POS | INT | 17 | 3 | 47 | 28=((x-40)*4) | 28 x 40 - 4 * = | 28:ticket x:ride 40:ride -:ride 4:ticket *:ticket =:ticket
EXPR: 0 | POS | INT | 19 | 3 | 64 | 28=((x+4)-40) | 28 x 4 + 40 - = | 28:ticket x:ticket 4:ticket +:ticket 40:ticket -:ticket =:ticket
EXPR: 0 | POS | INT | 19 | 3 | 16 | ((x+28)-4)=40 | x 28 + 4 - 40 = | x:ticket 28:ticket +:ticket 4:ticket -:ticket 40:ticket =:ticket
EXPR: 0 | POS | INT | 19 | 3 | 8 | ((x+28)+4)=40 | x 28 + 4 + 40 = | x:ticket 28:ticket +:ticket 4:ticket +:ticket 40:ticket =:ticket
EXPR: 0 | POS | INT | 19 | 3 | 72 | ((x-28)-4)=40 | x 28 - 4 - 40 = | x:ticket 28:ticket -:ticket 4:ticket -:ticket 40:ticket =:ticket
EXPR: 0 | POS | INT | 19 | 3 | 16 | ((28+x)-4)=40 | 28 x + 4 - 40 = | 28:ticket x:ticket +:ticket 4:ticket -:ticket 40:ticket =:ticket
EXPR: 0 | POS | INT | 19 | 3 | 8 | ((28+x)+4)=40 | 28 x + 4 + 40 = | 28:ticket x:ticket +:ticket 4:ticket +:ticket 40:ticket =:ticket
EXPR: 0 | POS | INT | 19 | 3 | 47 | 28=(4*(x-40)) | 28 4 x 40 - * = | 28:ticket 4:ticket x:ride 40:ride -:ride *:ticket =:ticket
EXPR: 0 | POS | INT | 19 | 3 | 38 | ((x-28)*4)=40 | x 28 - 4 * 40 = | x:ride 28:ride -:ride 4:ticket *:ticket 40:ticket =:ticket
EXPR: 0 | POS | INT | 19 | 3 | 64 | ((x-28)+4)=40 | x 28 - 4 + 40 = | x:ticket 28:ticket -:ticket 4:ticket +:ticket 40:ticket =:ticket
EXPR: 0 | POS | INT | 19 | 3 | 16 | (28-(4-x))=40 | 28 4 x - - 40 = | 28:ticket 4:ticket x:ticket -:ticket -:ticket 40:ticket =:ticket
EXPR: 0 | POS | INT | 19 | 3 | 64 | 28=((4+x)-40) | 28 4 x + 40 - = | 28:ticket 4:ticket x:ticket +:ticket 40:ticket -:ticket =:ticket
EXPR: 0 | POS | INT | 19 | 3 | 16 | (28+(x-4))=40 | 28 x 4 - + 40 = | 28:ticket x:ticket 4:ticket -:ticket +:ticket 40:ticket =:ticket
EXPR: 0 | POS | INT | 19 | 3 | 64 | (x-(28-4))=40 | x 28 4 - - 40 = | x:ticket 28:ticket 4:ticket -:ticket -:ticket 40:ticket =:ticket
EXPR: 0 | POS | INT | 19 | 3 | 16 | (x+(28-4))=40 | x 28 4 - + 40 = | x:ticket 28:ticket 4:ticket -:ticket +:ticket 40:ticket =:ticket
EXPR: 0 | POS | INT | 19 | 3 | 72 | 28=((x-4)-40) | 28 x 4 - 40 - = | 28:ticket x:ticket 4:ticket -:ticket 40:ticket -:ticket =:ticket
EXPR: 0 | POS | INT | 19 | 3 | 16 | 28=(4-(x-40)) | 28 4 x 40 - - = | 28:ticket 4:ticket x:ticket 40:ticket -:ticket -:ticket =:ticket
EXPR: 0 | POS | INT | 19 | 3 | 33 | 28=(4*(40-x)) | 28 4 40 x - * = | 28:ticket 4:ticket 40:ride x:ride -:ride *:ticket =:ticket
EXPR: 0 | POS | INT | 19 | 3 | 8 | (28+(4+x))=40 | 28 4 x + + 40 = | 28:ticket 4:ticket x:ticket +:ticket +:ticket 40:ticket =:ticket
EXPR: 0 | POS | INT | 19 | 3 | 16 | ((28-4)+x)=40 | 28 4 - x + 40 = | 28:ticket 4:ticket -:ticket x:ticket +:ticket 40:ticket =:ticket
EXPR: 0 | POS | INT | 19 | 3 | 8 | (28+(x+4))=40 | 28 x 4 + + 40 = | 28:ticket x:ticket 4:ticket +:ticket +:ticket 40:ticket =:ticket
EXPR: 0 | POS | INT | 19 | 3 | 64 | 28=(4+(x-40)) | 28 4 x 40 - + = | 28:ticket 4:ticket x:ticket 40:ticket -:ticket +:ticket =:ticket
EXPR: 0 | POS | INT | 19 | 3 | 16 | 28=((4-x)+40) | 28 4 x - 40 + = | 28:ticket 4:ticket x:ticket -:ticket 40:ticket +:ticket =:ticket
EXPR: 0 | POS | INT | 19 | 3 | 64 | 28=((4-40)+x) | 28 4 40 - x + = | 28:ticket 4:ticket 40:ticket -:ticket x:ticket +:ticket =:ticket
EXPR: 0 | POS | INT | 19 | 3 | 64 | 28=(x+(4-40)) | 28 x 4 40 - + = | 28:ticket x:ticket 4:ticket 40:ticket -:ticket +:ticket =:ticket
EXPR: 0 | POS | INT | 19 | 3 | 16 | 28=(4+(40-x)) | 28 4 40 x - + = | 28:ticket 4:ticket 40:ticket x:ticket -:ticket +:ticket =:ticket
EXPR: 0 | POS | INT | 19 | 3 | 960 | (x/(28-4))=40 | x 28 4 - / 40 = | x:ride 28:ticket 4:ticket -:ticket /:ride 40:ride =:ride
EXPR: 0 | POS | INT | 20 | 3 | 132 | x=((40*4)-28) | x 40 4 * 28 - = | x:ride 40:ticket 4:ride *:ride 28:ride -:ride =:ride
EXPR: 0 | POS | INT | 20 | 3 | 188 | x=((40*4)+28) | x 40 4 * 28 + = | x:ride 40:ticket 4:ride *:ride 28:ride +:ride =:ride
EXPR: 0 | POS | INT | 20 | 3 | 188 | ((40*4)+28)=x | 40 4 * 28 + x = | 40:ride 4:ticket *:ticket 28:ticket +:ticket x:ticket =:ticket
EXPR: 0 | POS | INT | 20 | 3 | 132 | ((40*4)-28)=x | 40 4 * 28 - x = | 40:ride 4:ticket *:ticket 28:ticket -:ticket x:ticket =:ticket
EXPR: 0 | POS | INT | 20 | 3 | 38 | ((40/4)+28)=x | 40 4 / 28 + x = | 40:ticket 4:ride /:ticket 28:ticket +:ticket x:ticket =:ticket
EXPR: 0 | POS | INT | 20 | 3 | 152 | (40+(4*28))=x | 40 4 28 * + x = | 40:ticket 4:ticket 28:ride *:ticket +:ticket x:ticket =:ticket
EXPR: 0 | POS | INT | 20 | 3 | 38 | x=((40/4)+28) | x 40 4 / 28 + = | x:ride 40:ride 4:ticket /:ride 28:ride +:ride =:ride
EXPR: 0 | POS | INT | 20 | 3 | 152 | x=(40+(4*28)) | x 40 4 28 * + = | x:ride 40:ride 4:ticket 28:ride *:ride +:ride =:ride
NET 285 unique, non-negative, integer-valued solutions found out of 1000 total solutions
