parameters: n=7 l=3 k=1 p=5 q=3 m=9
TOTAL 1000 solutions found
SOLN: CORRECT | POS/NEG | INT/FRA | OBJ-SCORE | TRUE-ANS | ANS | INFIX | POSTFIX | TYPED-POSTFIX
EXPR: 0 | POS | INT | 10 | 2 | 39 | x=((41+37)/2) | x 41 37 + 2 / = | x:picture 41:picture 37:picture +:picture 2:album /:picture =:picture
EXPR: 1 | POS | INT | 10 | 2 | 2 | ((41-37)/2)=x | 41 37 - 2 / x = | 41:picture 37:picture -:picture 2:album /:picture x:picture =:picture
EXPR: 0 | POS | INT | 10 | 2 | 1435 | (41*(37-2))=x | 41 37 2 - * x = | 41:picture 37:album 2:album -:album *:picture x:picture =:picture
EXPR: 0 | POS | INT | 10 | 2 | 1519 | x=((41*37)+2) | x 41 37 * 2 + = | x:picture 41:picture 37:pic *:picture 2:picture +:picture =:picture
EXPR: 0 | POS | INT | 10 | 2 | 1515 | ((41*37)-2)=x | 41 37 * 2 - x = | 41:picture 37:pic *:picture 2:picture -:picture x:picture =:picture
EXPR: 0 | POS | INT | 10 | 2 | 1599 | x=(41*(37+2)) | x 41 37 2 + * = | x:picture 41:picture 37:album 2:album +:album *:picture =:picture
EXPR: 1 | POS | INT | 10 | 2 | 2 | x=((41-37)/2) | x 41 37 - 2 / = | x:picture 41:picture 37:picture -:picture 2:album /:picture =:picture
EXPR: 0 | POS | INT | 10 | 2 | 115 | x=(41+(37*2)) | x 41 37 2 * + = | x:picture 41:picture 37:picture 2:album *:picture +:picture =:picture
EXPR: 0 | POS | INT | 10 | 2 | 1435 | x=(41*(37-2)) | x 41 37 2 - * = | x:picture 41:picture 37:pic 2:pic -:pic *:picture =:picture
EXPR: 0 | POS | INT | 10 | 2 | 156 | ((41+37)*2)=x | 41 37 + 2 * x = | 41:picture 37:picture +:picture 2:album *:picture x:picture =:picture
EXPR: 0 | POS | INT | 10 | 2 | 1519 | ((41*37)+2)=x | 41 37 * 2 + x = | 41:picture 37:pic *:picture 2:picture +:picture x:picture =:picture
EXPR: 0 | POS | INT | 10 | 2 | 8 | ((41-37)*2)=x | 41 37 - 2 * x = | 41:picture 37:picture -:picture 2:album *:picture x:picture =:picture
EXPR: 0 | POS | INT | 10 | 2 | 1599 | (41*(37+2))=x | 41 37 2 + * x = | 41:picture 37:album 2:album +:album *:picture x:picture =:picture
EXPR: 0 | POS | INT | 10 | 2 | 39 | ((41+37)/2)=x | 41 37 + 2 / x = | 41:picture 37:picture +:picture 2:album /:picture x:picture =:picture
EXPR: 0 | POS | INT | 10 | 2 | 115 | (41+(37*2))=x | 41 37 2 * + x = | 41:picture 37:picture 2:album *:picture +:picture x:picture =:picture
EXPR: 0 | POS | INT | 10 | 2 | 156 | x=((41+37)*2) | x 41 37 + 2 * = | x:picture 41:picture 37:picture +:picture 2:album *:picture =:picture
EXPR: 0 | POS | INT | 10 | 2 | 8 | x=((41-37)*2) | x 41 37 - 2 * = | x:picture 41:picture 37:picture -:picture 2:album *:picture =:picture
EXPR: 0 | POS | INT | 10 | 2 | 1515 | x=((41*37)-2) | x 41 37 * 2 - = | x:picture 41:picture 37:pic *:picture 2:picture -:picture =:picture
EXPR: 0 | POS | INT | 12 | 2 | 33 | ((x+41)/37)=2 | x 41 + 37 / 2 = | x:picture 41:picture +:picture 37:pic /:picture 2:picture =:picture
EXPR: 0 | POS | INT | 12 | 2 | 119 | x=(37+(41*2)) | x 37 41 2 * + = | x:picture 37:picture 41:picture 2:album *:picture +:picture =:picture
EXPR: 0 | POS | INT | 12 | 2 | 119 | x=((41*2)+37) | x 41 2 * 37 + = | x:picture 41:picture 2:album *:picture 37:picture +:picture =:picture
EXPR: 0 | POS | INT | 12 | 2 | 45 | x=((41*2)-37) | x 41 2 * 37 - = | x:picture 41:picture 2:album *:picture 37:picture -:picture =:picture
EXPR: 0 | POS | INT | 12 | 2 | 1435 | 41=(x/(37-2)) | 41 x 37 2 - / = | 41:picture x:picture 37:pic 2:pic -:pic /:picture =:picture
EXPR: 0 | POS | INT | 12 | 2 | 1599 | 41=(x/(37+2)) | 41 x 37 2 + / = | 41:picture x:picture 37:pic 2:pic +:pic /:picture =:picture
EXPR: 0 | POS | INT | 12 | 2 | 45 | ((41*2)-37)=x | 41 2 * 37 - x = | 41:picture 2:album *:picture 37:picture -:picture x:picture =:picture
EXPR: 0 | POS | INT | 12 | 2 | 119 | ((41*2)+37)=x | 41 2 * 37 + x = | 41:picture 2:album *:picture 37:picture +:picture x:picture =:picture
EXPR: 0 | POS | INT | 12 | 2 | 45 | 41=((x+37)/2) | 41 x 37 + 2 / = | 41:picture x:picture 37:picture +:picture 2:album /:picture =:picture
EXPR: 0 | POS | INT | 12 | 2 | 119 | 41=((x-37)/2) | 41 x 37 - 2 / = | 41:picture x:picture 37:picture -:picture 2:album /:picture =:picture
EXPR: 0 | POS | INT | 12 | 2 | 115 | 41=(x-(37*2)) | 41 x 37 2 * - = | 41:picture x:picture 37:picture 2:album *:picture -:picture =:picture
EXPR: 0 | POS | INT | 12 | 2 | 1443 | ((41-2)*37)=x | 41 2 - 37 * x = | 41:picture 2:picture -:picture 37:pic *:picture x:picture =:picture
EXPR: 0 | POS | INT | 12 | 2 | 1443 | x=((41-2)*37) | x 41 2 - 37 * = | x:picture 41:picture 2:picture -:picture 37:pic *:picture =:picture
EXPR: 0 | POS | INT | 12 | 2 | 45 | 41=((37+x)/2) | 41 37 x + 2 / = | 41:picture 37:picture x:picture +:picture 2:album /:picture =:picture
EXPR: 0 | POS | INT | 12 | 2 | 1591 | x=((41+2)*37) | x 41 2 + 37 * = | x:picture 41:picture 2:picture +:picture 37:pic *:picture =:picture
EXPR: 0 | POS | INT | 12 | 2 | 1591 | ((41+2)*37)=x | 41 2 + 37 * x = | 41:picture 2:picture +:picture 37:pic *:picture x:picture =:picture
EXPR: 0 | POS | INT | 12 | 2 | 1443 | x=(37*(41-2)) | x 37 41 2 - * = | x:picture 37:pic 41:picture 2:picture -:picture *:picture =:picture
EXPR: 0 | POS | INT | 12 | 2 | 1591 | x=(37*(41+2)) | x 37 41 2 + * = | x:picture 37:pic 41:picture 2:picture +:picture *:picture =:picture
EXPR: 1 | POS | INT | 12 | 2 | 2 | 41=(37+(x*2)) | 41 37 x 2 * + = | 41:picture 37:picture x:picture 2:album *:picture +:picture =:picture
EXPR: 0 | POS | INT | 14 | 2 | 33 | ((x+41)/2)=37 | x 41 + 2 / 37 = | x:picture 41:picture +:picture 2:album /:picture 37:picture =:picture
EXPR: 0 | POS | INT | 14 | 2 | 115 | ((x-41)/2)=37 | x 41 - 2 / 37 = | x:picture 41:picture -:picture 2:album /:picture 37:picture =:picture
EXPR: 1 | POS | INT | 14 | 2 | 2 | 37=(41-(x*2)) | 37 41 x 2 * - = | 37:picture 41:picture x:picture 2:album *:picture -:picture =:picture
EXPR: 0 | POS | INT | 14 | 2 | 33 | ((41+x)/2)=37 | 41 x + 2 / 37 = | 41:picture x:picture +:picture 2:album /:picture 37:picture =:picture
EXPR: 1 | POS | INT | 14 | 2 | 2 | (41-(2*x))=37 | 41 2 x * - 37 = | 41:picture 2:album x:picture *:picture -:picture 37:picture =:picture
EXPR: 0 | POS | INT | 14 | 2 | 119 | 37=(x-(41*2)) | 37 x 41 2 * - = | 37:picture x:picture 41:picture 2:album *:picture -:picture =:picture
EXPR: 0 | POS | INT | 14 | 2 | 8 | 37=(41-(x/2)) | 37 41 x 2 / - = | 37:picture 41:picture x:picture 2:album /:picture -:picture =:picture
EXPR: 0 | POS | INT | 14 | 2 | 1591 | ((x/37)-41)=2 | x 37 / 41 - 2 = | x:picture 37:pic /:picture 41:picture -:picture 2:picture =:picture
EXPR: 0 | POS | INT | 15 | 2 | 1599 | ((37+2)*41)=x | 37 2 + 41 * x = | 37:album 2:album +:album 41:picture *:picture x:picture =:picture
EXPR: 0 | POS | INT | 15 | 2 | 1519 | (2+(41*37))=x | 2 41 37 * + x = | 2:picture 41:picture 37:pic *:picture +:picture x:picture =:picture
EXPR: 0 | POS | INT | 15 | 2 | 1435 | x=((37-2)*41) | x 37 2 - 41 * = | x:picture 37:album 2:album -:album 41:picture *:picture =:picture
EXPR: 0 | POS | INT | 15 | 2 | 1599 | x=((37+2)*41) | x 37 2 + 41 * = | x:picture 37:album 2:album +:album 41:picture *:picture =:picture
EXPR: 0 | POS | INT | 15 | 2 | 1519 | x=(2+(41*37)) | x 2 41 37 * + = | x:picture 2:picture 41:picture 37:pic *:picture +:picture =:picture
EXPR: 0 | POS | INT | 15 | 2 | 33 | ((37*2)-41)=x | 37 2 * 41 - x = | 37:picture 2:album *:picture 41:picture -:picture x:picture =:picture
EXPR: 0 | POS | INT | 15 | 2 | 115 | ((37*2)+41)=x | 37 2 * 41 + x = | 37:picture 2:album *:picture 41:picture +:picture x:picture =:picture
EXPR: 0 | POS | INT | 15 | 2 | 115 | x=((37*2)+41) | x 37 2 * 41 + = | x:picture 37:picture 2:album *:picture 41:picture +:picture =:picture
EXPR: 0 | POS | INT | 15 | 2 | 33 | x=((37*2)-41) | x 37 2 * 41 - = | x:picture 37:picture 2:album *:picture 41:picture -:picture =:picture
EXPR: 0 | POS | INT | 17 | 2 | 1435 | (x/(37-2))=41 | x 37 2 - / 41 = | x:picture 37:pic 2:pic -:pic /:picture 41:picture =:picture
EXPR: 0 | POS | INT | 17 | 2 | 1599 | (x/(37+2))=41 | x 37 2 + / 41 = | x:picture 37:pic 2:pic +:pic /:picture 41:picture =:picture
EXPR: 0 | POS | INT | 17 | 2 | 119 | ((x-37)/2)=41 | x 37 - 2 / 41 = | x:picture 37:picture -:picture 2:album /:picture 41:picture =:picture
EXPR: 0 | POS | INT | 17 | 2 | 45 | ((x+37)/2)=41 | x 37 + 2 / 41 = | x:picture 37:picture +:picture 2:album /:picture 41:picture =:picture
EXPR: 0 | POS | INT | 17 | 2 | 33 | ((37*2)-x)=41 | 37 2 * x - 41 = | 37:pic 2:picture *:picture x:picture -:picture 41:picture =:picture
EXPR: 0 | POS | INT | 17 | 2 | 115 | (x-(37*2))=41 | x 37 2 * - 41 = | x:picture 37:picture 2:album *:picture -:picture 41:picture =:picture
EXPR: 0 | POS | INT | 17 | 2 | 39 | 37=((2*x)-41) | 37 2 x * 41 - = | 37:picture 2:album x:picture *:picture 41:picture -:picture =:picture
EXPR: 0 | POS | INT | 17 | 2 | 1519 | 2=(x-(41*37)) | 2 x 41 37 * - = | 2:picture x:picture 41:picture 37:pic *:picture -:picture =:picture
EXPR: 0 | POS | INT | 17 | 2 | 1591 | ((x/37)-2)=41 | x 37 / 2 - 41 = | x:picture 37:pic /:picture 2:picture -:picture 41:picture =:picture
EXPR: 0 | POS | INT | 17 | 2 | 1443 | ((x/37)+2)=41 | x 37 / 2 + 41 = | x:picture 37:pic /:picture 2:picture +:picture 41:picture =:picture
EXPR: 0 | POS | INT | 19 | 2 | 1515 | ((2+x)/37)=41 | 2 x + 37 / 41 = | 2:picture x:picture +:picture 37:pic /:picture 41:picture =:picture
EXPR: 0 | POS | INT | 19 | 2 | 1515 | ((x+2)/37)=41 | x 2 + 37 / 41 = | x:picture 2:picture +:picture 37:pic /:picture 41:picture =:picture
EXPR: 0 | POS | INT | 19 | 2 | 1519 | ((x-2)/37)=41 | x 2 - 37 / 41 = | x:picture 2:picture -:picture 37:pic /:picture 41:picture =:picture
EXPR: 0 | POS | INT | 19 | 2 | 1443 | (2+(x/37))=41 | 2 x 37 / + 41 = | 2:picture x:picture 37:pic /:picture +:picture 41:picture =:picture
EXPR: 0 | POS | INT | 19 | 2 | 8 | ((x/2)+37)=41 | x 2 / 37 + 41 = | x:picture 2:album /:picture 37:picture +:picture 41:picture =:picture
EXPR: 0 | POS | INT | 19 | 2 | 156 | ((x/2)-37)=41 | x 2 / 37 - 41 = | x:picture 2:album /:picture 37:picture -:picture 41:picture =:picture
EXPR: 1 | POS | INT | 20 | 2 | 2 | ((41-37)-2)=x | 41 37 - 2 - x = | 41:picture 37:picture -:picture 2:picture -:picture x:picture =:picture
EXPR: 0 | POS | INT | 20 | 2 | 6 | ((41-37)+2)=x | 41 37 - 2 + x = | 41:picture 37:picture -:picture 2:picture +:picture x:picture =:picture
EXPR: 0 | POS | INT | 20 | 2 | 6 | x=(41-(37-2)) | x 41 37 2 - - = | x:picture 41:picture 37:picture 2:picture -:picture -:picture =:picture
EXPR: 0 | POS | INT | 22 | 2 | 115 | (x-41)=(37*2) | x 41 - 37 2 * = | x:picture 41:picture -:picture 37:pic 2:picture *:picture =:picture
EXPR: 0 | POS | INT | 22 | 2 | 3034 | (x/41)=(37*2) | x 41 / 37 2 * = | x:album 41:picture /:album 37:pic 2:album *:album =:album
EXPR: 0 | POS | INT | 22 | 2 | 39 | ((41+37)/x)=2 | 41 37 + x / 2 = | 41:album 37:album +:album x:picture /:album 2:album =:album
EXPR: 0 | POS | INT | 22 | 2 | 80 | (x-(41+37))=2 | x 41 37 + - 2 = | x:picture 41:picture 37:picture +:picture -:picture 2:picture =:picture
EXPR: 0 | POS | INT | 22 | 2 | 6 | (x-(41-37))=2 | x 41 37 - - 2 = | x:picture 41:picture 37:picture -:picture -:picture 2:picture =:picture
EXPR: 0 | POS | INT | 22 | 2 | 33 | (41+x)=(37*2) | 41 x + 37 2 * = | 41:picture x:picture +:picture 37:pic 2:picture *:picture =:picture
EXPR: 0 | POS | INT | 22 | 2 | 1443 | (37*(41-2))=x | 37 41 2 - * x = | 37:pic 41:album 2:album -:album *:pic x:pic =:pic
EXPR: 0 | POS | INT | 22 | 2 | 1591 | (37*(41+2))=x | 37 41 2 + * x = | 37:pic 41:album 2:album +:album *:pic x:pic =:pic
EXPR: 0 | POS | INT | 22 | 2 | 3034 | (41*37)=(x/2) | 41 37 * x 2 / = | 41:picture 37:pic *:pic x:pic 2:album /:pic =:pic
EXPR: 0 | POS | INT | 22 | 2 | 1515 | ((41*37)-x)=2 | 41 37 * x - 2 = | 41:picture 37:pic *:pic x:pic -:pic 2:pic =:pic
EXPR: 0 | POS | INT | 22 | 2 | 115 | ((x-41)/37)=2 | x 41 - 37 / 2 = | x:picture 41:picture -:picture 37:album /:picture 2:picture =:picture
EXPR: 0 | POS | INT | 22 | 2 | 33 | ((41+x)/37)=2 | 41 x + 37 / 2 = | 41:picture x:picture +:picture 37:album /:picture 2:picture =:picture
EXPR: 1 | POS | INT | 22 | 2 | 2 | (41-(x+37))=2 | 41 x 37 + - 2 = | 41:picture x:picture 37:picture +:picture -:picture 2:picture =:picture
EXPR: 0 | POS | INT | 22 | 2 | 76 | (41-(x-37))=2 | 41 x 37 - - 2 = | 41:picture x:picture 37:picture -:picture -:picture 2:picture =:picture
EXPR: 0 | POS | INT | 22 | 2 | 8 | (x/(41-37))=2 | x 41 37 - / 2 = | x:album 41:picture 37:picture -:picture /:album 2:album =:album
EXPR: 0 | POS | INT | 22 | 2 | 156 | (x/(41+37))=2 | x 41 37 + / 2 = | x:album 41:picture 37:picture +:picture /:album 2:album =:album
EXPR: 0 | POS | INT | 22 | 2 | 119 | (37+(41*2))=x | 37 41 2 * + x = | 37:pic 41:pic 2:album *:pic +:pic x:pic =:pic
EXPR: 1 | POS | INT | 22 | 2 | 2 | (41-(37+x))=2 | 41 37 x + - 2 = | 41:picture 37:picture x:picture +:picture -:picture 2:picture =:picture
EXPR: 1 | POS | INT | 22 | 2 | 2 | ((41-2)-37)=x | 41 2 - 37 - x = | 41:picture 2:picture -:picture 37:picture -:picture x:picture =:picture
EXPR: 0 | POS | INT | 22 | 2 | 33 | (x+41)=(37*2) | x 41 + 37 2 * = | x:picture 41:picture +:picture 37:pic 2:picture *:picture =:picture
EXPR: 0 | POS | INT | 22 | 2 | 76 | ((41-2)+37)=x | 41 2 - 37 + x = | 41:picture 2:picture -:picture 37:picture +:picture x:picture =:picture
EXPR: 0 | POS | INT | 22 | 2 | 1443 | (41-(x/37))=2 | 41 x 37 / - 2 = | 41:album x:album 37:pic /:album -:album 2:album =:album
EXPR: 0 | POS | INT | 22 | 2 | 6 | 41=((37+x)-2) | 41 37 x + 2 - = | 41:picture 37:picture x:picture +:picture 2:picture -:picture =:picture
EXPR: 1 | POS | INT | 22 | 2 | 2 | 41=(37+(2*x)) | 41 37 2 x * + = | 41:pic 37:pic 2:album x:pic *:pic +:pic =:pic
EXPR: 1 | POS | INT | 22 | 2 | 2 | 41=((37+x)+2) | 41 37 x + 2 + = | 41:picture 37:picture x:picture +:picture 2:picture +:picture =:picture
EXPR: 0 | POS | INT | 24 | 2 | 1443 | 41=(2+(x/37)) | 41 2 x 37 / + = | 41:album 2:album x:album 37:pic /:album +:album =:album
EXPR: 0 | POS | INT | 24 | 2 | 1515 | 41=((x+2)/37) | 41 x 2 + 37 / = | 41:picture x:picture 2:picture +:picture 37:album /:picture =:picture
EXPR: 0 | POS | INT | 24 | 2 | 119 | ((x-37)/41)=2 | x 37 - 41 / 2 = | x:pic 37:pic -:pic 41:picture /:pic 2:pic =:pic
EXPR: 0 | POS | INT | 24 | 2 | 76 | (37-(x-41))=2 | 37 x 41 - - 2 = | 37:picture x:picture 41:picture -:picture -:picture 2:picture =:picture
EXPR: 1 | POS | INT | 24 | 2 | 2 | (41-(x*2))=37 | 41 x 2 * - 37 = | 41:pic x:picture 2:pic *:pic -:pic 37:pic =:pic
EXPR: 0 | POS | INT | 24 | 2 | 45 | 37=((41*2)-x) | 37 41 2 * x - = | 37:pic 41:pic 2:album *:pic x:pic -:pic =:pic
EXPR: 0 | POS | INT | 24 | 2 | 45 | ((x+37)/41)=2 | x 37 + 41 / 2 = | x:album 37:album +:album 41:picture /:album 2:album =:album
EXPR: 1 | POS | INT | 24 | 2 | 2 | (41-(x+2))=37 | 41 x 2 + - 37 = | 41:picture x:picture 2:picture +:picture -:picture 37:picture =:picture
EXPR: 0 | POS | INT | 24 | 2 | 1443 | (x/37)=(41-2) | x 37 / 41 2 - = | x:picture 37:pic /:picture 41:picture 2:picture -:picture =:picture
EXPR: 0 | POS | INT | 24 | 2 | 80 | (x-(41+2))=37 | x 41 2 + - 37 = | x:picture 41:picture 2:picture +:picture -:picture 37:picture =:picture
EXPR: 0 | POS | INT | 24 | 2 | 76 | (x-(41-2))=37 | x 41 2 - - 37 = | x:picture 41:picture 2:picture -:picture -:picture 37:picture =:picture
EXPR: 0 | POS | INT | 24 | 2 | 1443 | (x/(41-2))=37 | x 41 2 - / 37 = | x:pic 41:picture 2:picture -:picture /:pic 37:pic =:pic
EXPR: 0 | POS | INT | 24 | 2 | 1591 | (x/(41+2))=37 | x 41 2 + / 37 = | x:pic 41:picture 2:picture +:picture /:pic 37:pic =:pic
EXPR: 1 | POS | INT | 24 | 2 | 2 | ((41-x)-2)=37 | 41 x - 2 - 37 = | 41:picture x:picture -:picture 2:picture -:picture 37:picture =:picture
EXPR: 0 | POS | INT | 24 | 2 | 1443 | 37=(x/(41-2)) | 37 x 41 2 - / = | 37:pic x:pic 41:picture 2:picture -:picture /:pic =:pic
EXPR: 0 | POS | INT | 24 | 2 | 1591 | 37=(x/(41+2)) | 37 x 41 2 + / = | 37:pic x:pic 41:picture 2:picture +:picture /:pic =:pic
EXPR: 0 | POS | INT | 24 | 2 | 1519 | 41=((x-2)/37) | 41 x 2 - 37 / = | 41:picture x:picture 2:picture -:picture 37:album /:picture =:picture
EXPR: 1 | POS | INT | 24 | 2 | 2 | ((41-2)-x)=37 | 41 2 - x - 37 = | 41:picture 2:picture -:picture x:picture -:picture 37:picture =:picture
EXPR: 0 | POS | INT | 24 | 2 | 45 | ((41*2)-x)=37 | 41 2 * x - 37 = | 41:picture 2:pic *:pic x:pic -:pic 37:pic =:pic
EXPR: 0 | POS | INT | 24 | 2 | 8 | (41-(x/2))=37 | 41 x 2 / - 37 = | 41:pic x:pic 2:album /:pic -:pic 37:pic =:pic
EXPR: 1 | POS | INT | 24 | 2 | 2 | 41=((2*x)+37) | 41 2 x * 37 + = | 41:pic 2:album x:pic *:pic 37:pic +:pic =:pic
EXPR: 0 | POS | INT | 24 | 2 | 1435 | ((x/41)+2)=37 | x 41 / 2 + 37 = | x:album 41:picture /:album 2:album +:album 37:album =:album
EXPR: 0 | POS | INT | 24 | 2 | 1599 | ((x/41)-2)=37 | x 41 / 2 - 37 = | x:album 41:picture /:album 2:album -:album 37:album =:album
EXPR: 0 | POS | INT | 24 | 2 | 76 | 41=((2+x)-37) | 41 2 x + 37 - = | 41:picture 2:picture x:picture +:picture 37:picture -:picture =:picture
EXPR: 0 | POS | INT | 24 | 2 | 6 | ((41+2)-x)=37 | 41 2 + x - 37 = | 41:picture 2:picture +:picture x:picture -:picture 37:picture =:picture
EXPR: 1 | POS | INT | 24 | 2 | 2 | 37=(41-(2*x)) | 37 41 2 x * - = | 37:pic 41:pic 2:pic x:picture *:pic -:pic =:pic
EXPR: 0 | POS | INT | 24 | 2 | 6 | (37+(x-41))=2 | 37 x 41 - + 2 = | 37:picture x:picture 41:picture -:picture +:picture 2:picture =:picture
EXPR: 1 | POS | INT | 24 | 2 | 2 | 41=((2+x)+37) | 41 2 x + 37 + = | 41:picture 2:picture x:picture +:picture 37:picture +:picture =:picture
EXPR: 0 | POS | INT | 24 | 2 | 119 | (x-37)=(41*2) | x 37 - 41 2 * = | x:picture 37:picture -:picture 41:picture 2:album *:picture =:picture
EXPR: 0 | POS | INT | 24 | 2 | 45 | (x+37)=(41*2) | x 37 + 41 2 * = | x:picture 37:picture +:picture 41:picture 2:album *:picture =:picture
EXPR: 0 | POS | INT | 24 | 2 | 80 | ((x-41)-2)=37 | x 41 - 2 - 37 = | x:picture 41:picture -:picture 2:picture -:picture 37:picture =:picture
EXPR: 0 | POS | INT | 24 | 2 | 76 | ((x-41)+2)=37 | x 41 - 2 + 37 = | x:picture 41:picture -:picture 2:picture +:picture 37:picture =:picture
EXPR: 0 | POS | INT | 24 | 2 | 6 | (41-(x-2))=37 | 41 x 2 - - 37 = | 41:picture x:picture 2:picture -:picture -:picture 37:picture =:picture
EXPR: 0 | POS | INT | 24 | 2 | 45 | ((37+x)/41)=2 | 37 x + 41 / 2 = | 37:album x:album +:album 41:picture /:album 2:album =:album
EXPR: 0 | POS | INT | 24 | 2 | 80 | ((x-37)-41)=2 | x 37 - 41 - 2 = | x:picture 37:picture -:picture 41:picture -:picture 2:picture =:picture
EXPR: 0 | POS | INT | 24 | 2 | 76 | ((37-x)+41)=2 | 37 x - 41 + 2 = | 37:picture x:picture -:picture 41:picture +:picture 2:picture =:picture
EXPR: 0 | POS | INT | 25 | 2 | 76 | ((37-2)+41)=x | 37 2 - 41 + x = | 37:picture 2:picture -:picture 41:picture +:picture x:picture =:picture
EXPR: 0 | POS | INT | 25 | 2 | 8 | (2*(41-37))=x | 2 41 37 - * x = | 2:picture 41:pic 37:pic -:pic *:picture x:picture =:picture
EXPR: 0 | POS | INT | 25 | 2 | 8 | x=(2*(41-37)) | x 2 41 37 - * = | x:picture 2:picture 41:pic 37:pic -:pic *:picture =:picture
EXPR: 0 | POS | INT | 25 | 2 | 156 | x=(2*(41+37)) | x 2 41 37 + * = | x:picture 2:picture 41:pic 37:pic +:pic *:picture =:picture
EXPR: 0 | POS | INT | 25 | 2 | 1435 | ((37-2)*41)=x | 37 2 - 41 * x = | 37:pic 2:pic -:pic 41:picture *:pic x:pic =:pic
EXPR: 0 | POS | INT | 25 | 2 | 156 | (2*(41+37))=x | 2 41 37 + * x = | 2:album 41:pic 37:pic +:pic *:album x:album =:album
NET 140 unique, non-negative, integer-valued solutions found out of 1000 total solutions
